[2026-04-16T06:45:07.985+0000] {local_task_job_runner.py:120} INFO - ::group::Pre task execution logs
[2026-04-16T06:45:08.046+0000] {taskinstance.py:2076} INFO - Dependencies all met for dep_context=non-requeueable deps ti=<TaskInstance: weather_etl_pipeline_v2.load_raw manual__2026-04-16T06:45:01.303182+00:00 [queued]>
[2026-04-16T06:45:08.060+0000] {taskinstance.py:2076} INFO - Dependencies all met for dep_context=requeueable deps ti=<TaskInstance: weather_etl_pipeline_v2.load_raw manual__2026-04-16T06:45:01.303182+00:00 [queued]>
[2026-04-16T06:45:08.061+0000] {taskinstance.py:2306} INFO - Starting attempt 1 of 4
[2026-04-16T06:45:08.078+0000] {taskinstance.py:2330} INFO - Executing <Task(PythonOperator): load_raw> on 2026-04-16 06:45:01.303182+00:00
[2026-04-16T06:45:08.087+0000] {logging_mixin.py:188} WARNING - /home/airflow/.local/lib/python3.12/site-packages/airflow/task/task_runner/standard_task_runner.py:62 DeprecationWarning: This process (pid=2102) is multi-threaded, use of fork() may lead to deadlocks in the child.
[2026-04-16T06:45:08.086+0000] {standard_task_runner.py:90} INFO - Running: ['airflow', 'tasks', 'run', 'weather_etl_pipeline_v2', 'load_raw', 'manual__2026-04-16T06:45:01.303182+00:00', '--job-id', '62', '--raw', '--subdir', 'DAGS_FOLDER/weather_etl_dag_v2.py', '--cfg-path', '/tmp/tmp44vgw1fn']
[2026-04-16T06:45:08.089+0000] {standard_task_runner.py:64} INFO - Started process 2103 to run task
[2026-04-16T06:45:08.089+0000] {standard_task_runner.py:91} INFO - Job 62: Subtask load_raw
[2026-04-16T06:45:08.180+0000] {task_command.py:426} INFO - Running <TaskInstance: weather_etl_pipeline_v2.load_raw manual__2026-04-16T06:45:01.303182+00:00 [running]> on host cf9362e38fb8
[2026-04-16T06:45:08.323+0000] {taskinstance.py:2648} INFO - Exporting env vars: AIRFLOW_CTX_DAG_OWNER='weather_etl' AIRFLOW_CTX_DAG_ID='weather_etl_pipeline_v2' AIRFLOW_CTX_TASK_ID='load_raw' AIRFLOW_CTX_EXECUTION_DATE='2026-04-16T06:45:01.303182+00:00' AIRFLOW_CTX_TRY_NUMBER='1' AIRFLOW_CTX_DAG_RUN_ID='manual__2026-04-16T06:45:01.303182+00:00'
[2026-04-16T06:45:08.325+0000] {taskinstance.py:430} INFO - ::endgroup::
[2026-04-16T06:45:08.344+0000] {weather_etl_dag_v2.py:151} INFO - ============================================================
[2026-04-16T06:45:08.346+0000] {weather_etl_dag_v2.py:152} INFO - TASK: LOAD_RAW — Persisting raw API responses to weather_raw
[2026-04-16T06:45:08.347+0000] {weather_etl_dag_v2.py:153} INFO - ============================================================
[2026-04-16T06:45:08.373+0000] {logging_mixin.py:188} WARNING - 2026-04-16 06:45:08 - scripts.load_raw - INFO - Starting raw data load for 8 records
[2026-04-16T06:45:08.372+0000] {load_raw.py:154} INFO - Starting raw data load for 8 records
[2026-04-16T06:45:08.384+0000] {logging_mixin.py:188} WARNING - 2026-04-16 06:45:08 - scripts.load_raw - INFO - Successfully connected to PostgreSQL database
[2026-04-16T06:45:08.383+0000] {load_raw.py:38} INFO - Successfully connected to PostgreSQL database
[2026-04-16T06:45:08.389+0000] {logging_mixin.py:188} WARNING - 2026-04-16 06:45:08 - scripts.load_raw - INFO - Table 'weather_raw' created or already exists
[2026-04-16T06:45:08.388+0000] {load_raw.py:88} INFO - Table 'weather_raw' created or already exists
[2026-04-16T06:45:08.405+0000] {logging_mixin.py:188} WARNING - 2026-04-16 06:45:08 - scripts.load_raw - INFO - Raw data load complete: 8 inserted, 0 skipped (duplicates)
[2026-04-16T06:45:08.404+0000] {load_raw.py:182} INFO - Raw data load complete: 8 inserted, 0 skipped (duplicates)
[2026-04-16T06:45:08.408+0000] {logging_mixin.py:188} WARNING - 2026-04-16 06:45:08 - scripts.load_raw - INFO - Database connection closed
[2026-04-16T06:45:08.407+0000] {load_raw.py:53} INFO - Database connection closed
[2026-04-16T06:45:08.410+0000] {weather_etl_dag_v2.py:165} INFO - ✓ Raw load complete: 8 upserted, 0 skipped (duplicates)
[2026-04-16T06:45:08.412+0000] {python.py:237} INFO - Done. Returned value was: 8
[2026-04-16T06:45:08.414+0000] {taskinstance.py:441} INFO - ::group::Post task execution logs
[2026-04-16T06:45:08.449+0000] {taskinstance.py:1206} INFO - Marking task as SUCCESS. dag_id=weather_etl_pipeline_v2, task_id=load_raw, run_id=manual__2026-04-16T06:45:01.303182+00:00, execution_date=20260416T064501, start_date=20260416T064508, end_date=20260416T064508
[2026-04-16T06:45:08.506+0000] {local_task_job_runner.py:243} INFO - Task exited with return code 0
[2026-04-16T06:45:08.552+0000] {taskinstance.py:3503} INFO - 1 downstream tasks scheduled from follow-on schedule check
[2026-04-16T06:45:08.554+0000] {local_task_job_runner.py:222} INFO - ::endgroup::
