[2026-04-11T11:13:34.604+0000] {local_task_job_runner.py:120} INFO - ::group::Pre task execution logs
[2026-04-11T11:13:34.649+0000] {taskinstance.py:2076} INFO - Dependencies all met for dep_context=non-requeueable deps ti=<TaskInstance: weather_etl_pipeline_v2.load_raw scheduled__2026-04-10T02:00:00+00:00 [queued]>
[2026-04-11T11:13:34.660+0000] {taskinstance.py:2076} INFO - Dependencies all met for dep_context=requeueable deps ti=<TaskInstance: weather_etl_pipeline_v2.load_raw scheduled__2026-04-10T02:00:00+00:00 [queued]>
[2026-04-11T11:13:34.661+0000] {taskinstance.py:2306} INFO - Starting attempt 1 of 3
[2026-04-11T11:13:34.678+0000] {taskinstance.py:2330} INFO - Executing <Task(PythonOperator): load_raw> on 2026-04-10 02:00:00+00:00
[2026-04-11T11:13:34.696+0000] {standard_task_runner.py:90} INFO - Running: ['airflow', 'tasks', 'run', 'weather_etl_pipeline_v2', 'load_raw', 'scheduled__2026-04-10T02:00:00+00:00', '--job-id', '89', '--raw', '--subdir', 'DAGS_FOLDER/weather_etl_dag_v2.py', '--cfg-path', '/tmp/tmpw22y7fgl']
[2026-04-11T11:13:34.705+0000] {standard_task_runner.py:91} INFO - Job 89: Subtask load_raw
[2026-04-11T11:13:34.712+0000] {logging_mixin.py:188} WARNING - /home/airflow/.local/lib/python3.12/site-packages/airflow/task/task_runner/standard_task_runner.py:62 DeprecationWarning: This process (pid=182) is multi-threaded, use of fork() may lead to deadlocks in the child.
[2026-04-11T11:13:34.715+0000] {standard_task_runner.py:64} INFO - Started process 183 to run task
[2026-04-11T11:13:34.782+0000] {task_command.py:426} INFO - Running <TaskInstance: weather_etl_pipeline_v2.load_raw scheduled__2026-04-10T02:00:00+00:00 [running]> on host 0510404e06e7
[2026-04-11T11:13:34.867+0000] {taskinstance.py:2648} INFO - Exporting env vars: AIRFLOW_CTX_DAG_OWNER='weather_etl' AIRFLOW_CTX_DAG_ID='weather_etl_pipeline_v2' AIRFLOW_CTX_TASK_ID='load_raw' AIRFLOW_CTX_EXECUTION_DATE='2026-04-10T02:00:00+00:00' AIRFLOW_CTX_TRY_NUMBER='1' AIRFLOW_CTX_DAG_RUN_ID='scheduled__2026-04-10T02:00:00+00:00'
[2026-04-11T11:13:34.868+0000] {taskinstance.py:430} INFO - ::endgroup::
[2026-04-11T11:13:34.880+0000] {weather_etl_dag_v2.py:94} INFO - ============================================================
[2026-04-11T11:13:34.881+0000] {weather_etl_dag_v2.py:95} INFO - TASK: LOAD_RAW - Storing raw API responses
[2026-04-11T11:13:34.882+0000] {weather_etl_dag_v2.py:96} INFO - ============================================================
[2026-04-11T11:13:34.898+0000] {logging_mixin.py:188} WARNING - 2026-04-11 11:13:34 - scripts.load_raw - INFO - Starting raw data load for 5 records
[2026-04-11T11:13:34.898+0000] {load_raw.py:134} INFO - Starting raw data load for 5 records
[2026-04-11T11:13:34.913+0000] {logging_mixin.py:188} WARNING - 2026-04-11 11:13:34 - scripts.load_raw - INFO - Successfully connected to PostgreSQL database
[2026-04-11T11:13:34.912+0000] {load_raw.py:38} INFO - Successfully connected to PostgreSQL database
[2026-04-11T11:13:34.920+0000] {logging_mixin.py:188} WARNING - 2026-04-11 11:13:34 - scripts.load_raw - INFO - Table 'weather_raw' created or already exists
[2026-04-11T11:13:34.919+0000] {load_raw.py:78} INFO - Table 'weather_raw' created or already exists
[2026-04-11T11:13:34.931+0000] {logging_mixin.py:188} WARNING - 2026-04-11 11:13:34 - scripts.load_raw - INFO - Raw data load complete: 5 inserted, 0 skipped (duplicates)
[2026-04-11T11:13:34.930+0000] {load_raw.py:162} INFO - Raw data load complete: 5 inserted, 0 skipped (duplicates)
[2026-04-11T11:13:34.933+0000] {logging_mixin.py:188} WARNING - 2026-04-11 11:13:34 - scripts.load_raw - INFO - Database connection closed
[2026-04-11T11:13:34.932+0000] {load_raw.py:53} INFO - Database connection closed
[2026-04-11T11:13:34.935+0000] {weather_etl_dag_v2.py:109} INFO - ✓ Raw data load complete: 5 inserted, 0 skipped
[2026-04-11T11:13:34.936+0000] {python.py:237} INFO - Done. Returned value was: 5
[2026-04-11T11:13:34.937+0000] {taskinstance.py:441} INFO - ::group::Post task execution logs
[2026-04-11T11:13:34.960+0000] {taskinstance.py:1206} INFO - Marking task as SUCCESS. dag_id=weather_etl_pipeline_v2, task_id=load_raw, run_id=scheduled__2026-04-10T02:00:00+00:00, execution_date=20260410T020000, start_date=20260411T111334, end_date=20260411T111334
[2026-04-11T11:13:35.012+0000] {local_task_job_runner.py:243} INFO - Task exited with return code 0
[2026-04-11T11:13:35.040+0000] {taskinstance.py:3503} INFO - 1 downstream tasks scheduled from follow-on schedule check
[2026-04-11T11:13:35.043+0000] {local_task_job_runner.py:222} INFO - ::endgroup::
