[2026-04-16T12:01:26.518+0000] {local_task_job_runner.py:120} INFO - ::group::Pre task execution logs
[2026-04-16T12:01:26.561+0000] {taskinstance.py:2076} INFO - Dependencies all met for dep_context=non-requeueable deps ti=<TaskInstance: weather_etl_pipeline_v2.quality_check manual__2026-04-16T12:01:17.862390+00:00 [queued]>
[2026-04-16T12:01:26.569+0000] {taskinstance.py:2076} INFO - Dependencies all met for dep_context=requeueable deps ti=<TaskInstance: weather_etl_pipeline_v2.quality_check manual__2026-04-16T12:01:17.862390+00:00 [queued]>
[2026-04-16T12:01:26.570+0000] {taskinstance.py:2306} INFO - Starting attempt 1 of 3
[2026-04-16T12:01:26.586+0000] {taskinstance.py:2330} INFO - Executing <Task(PythonOperator): quality_check> on 2026-04-16 12:01:17.862390+00:00
[2026-04-16T12:01:26.593+0000] {logging_mixin.py:188} WARNING - /home/airflow/.local/lib/python3.12/site-packages/airflow/task/task_runner/standard_task_runner.py:62 DeprecationWarning: This process (pid=292) is multi-threaded, use of fork() may lead to deadlocks in the child.
[2026-04-16T12:01:26.592+0000] {standard_task_runner.py:90} INFO - Running: ['airflow', 'tasks', 'run', 'weather_etl_pipeline_v2', 'quality_check', 'manual__2026-04-16T12:01:17.862390+00:00', '--job-id', '94', '--raw', '--subdir', 'DAGS_FOLDER/weather_etl_dag_v2.py', '--cfg-path', '/tmp/tmpox8k7p70']
[2026-04-16T12:01:26.594+0000] {standard_task_runner.py:64} INFO - Started process 293 to run task
[2026-04-16T12:01:26.594+0000] {standard_task_runner.py:91} INFO - Job 94: Subtask quality_check
[2026-04-16T12:01:26.644+0000] {task_command.py:426} INFO - Running <TaskInstance: weather_etl_pipeline_v2.quality_check manual__2026-04-16T12:01:17.862390+00:00 [running]> on host 88d0b309bcf7
[2026-04-16T12:01:26.765+0000] {taskinstance.py:2648} INFO - Exporting env vars: AIRFLOW_CTX_DAG_OWNER='weather_etl' AIRFLOW_CTX_DAG_ID='weather_etl_pipeline_v2' AIRFLOW_CTX_TASK_ID='quality_check' AIRFLOW_CTX_EXECUTION_DATE='2026-04-16T12:01:17.862390+00:00' AIRFLOW_CTX_TRY_NUMBER='1' AIRFLOW_CTX_DAG_RUN_ID='manual__2026-04-16T12:01:17.862390+00:00'
[2026-04-16T12:01:26.767+0000] {taskinstance.py:430} INFO - ::endgroup::
[2026-04-16T12:01:26.783+0000] {weather_etl_dag_v2.py:214} INFO - ============================================================
[2026-04-16T12:01:26.785+0000] {weather_etl_dag_v2.py:215} INFO - TASK: QUALITY_CHECK — Validating clean data quality
[2026-04-16T12:01:26.788+0000] {weather_etl_dag_v2.py:216} INFO - ============================================================
[2026-04-16T12:01:26.803+0000] {logging_mixin.py:188} WARNING - 2026-04-16 12:01:26 - scripts.validate - INFO - Starting data quality validation for 46 records
[2026-04-16T12:01:26.802+0000] {validate.py:201} INFO - Starting data quality validation for 46 records
[2026-04-16T12:01:26.805+0000] {logging_mixin.py:188} WARNING - 2026-04-16 12:01:26 - scripts.validate - INFO - Validation complete: 46 valid, 0 invalid (100.0% pass rate)
[2026-04-16T12:01:26.805+0000] {validate.py:228} INFO - Validation complete: 46 valid, 0 invalid (100.0% pass rate)
[2026-04-16T12:01:26.807+0000] {weather_etl_dag_v2.py:261} INFO - ✓ Quality check: 100.0% pass rate (46/46)
[2026-04-16T12:01:26.828+0000] {python.py:237} INFO - Done. Returned value was: 100.0
[2026-04-16T12:01:26.830+0000] {taskinstance.py:441} INFO - ::group::Post task execution logs
[2026-04-16T12:01:26.862+0000] {taskinstance.py:1206} INFO - Marking task as SUCCESS. dag_id=weather_etl_pipeline_v2, task_id=quality_check, run_id=manual__2026-04-16T12:01:17.862390+00:00, execution_date=20260416T120117, start_date=20260416T120126, end_date=20260416T120126
[2026-04-16T12:01:26.930+0000] {local_task_job_runner.py:243} INFO - Task exited with return code 0
[2026-04-16T12:01:26.979+0000] {taskinstance.py:3503} INFO - 1 downstream tasks scheduled from follow-on schedule check
[2026-04-16T12:01:26.983+0000] {local_task_job_runner.py:222} INFO - ::endgroup::
