[2026-04-16T12:00:24.902+0000] {local_task_job_runner.py:120} INFO - ::group::Pre task execution logs
[2026-04-16T12:00:24.945+0000] {taskinstance.py:2076} INFO - Dependencies all met for dep_context=non-requeueable deps ti=<TaskInstance: weather_etl_pipeline_v2.extract manual__2026-04-16T12:00:22.316960+00:00 [queued]>
[2026-04-16T12:00:24.955+0000] {taskinstance.py:2076} INFO - Dependencies all met for dep_context=requeueable deps ti=<TaskInstance: weather_etl_pipeline_v2.extract manual__2026-04-16T12:00:22.316960+00:00 [queued]>
[2026-04-16T12:00:24.958+0000] {taskinstance.py:2306} INFO - Starting attempt 1 of 4
[2026-04-16T12:00:24.973+0000] {taskinstance.py:2330} INFO - Executing <Task(PythonOperator): extract> on 2026-04-16 12:00:22.316960+00:00
[2026-04-16T12:00:24.981+0000] {logging_mixin.py:188} WARNING - /home/airflow/.local/lib/python3.12/site-packages/airflow/task/task_runner/standard_task_runner.py:62 DeprecationWarning: This process (pid=245) is multi-threaded, use of fork() may lead to deadlocks in the child.
[2026-04-16T12:00:24.983+0000] {standard_task_runner.py:64} INFO - Started process 246 to run task
[2026-04-16T12:00:24.981+0000] {standard_task_runner.py:90} INFO - Running: ['airflow', 'tasks', 'run', 'weather_etl_pipeline_v2', 'extract', 'manual__2026-04-16T12:00:22.316960+00:00', '--job-id', '84', '--raw', '--subdir', 'DAGS_FOLDER/weather_etl_dag_v2.py', '--cfg-path', '/tmp/tmpgax2f8n9']
[2026-04-16T12:00:24.984+0000] {standard_task_runner.py:91} INFO - Job 84: Subtask extract
[2026-04-16T12:00:25.045+0000] {task_command.py:426} INFO - Running <TaskInstance: weather_etl_pipeline_v2.extract manual__2026-04-16T12:00:22.316960+00:00 [running]> on host 88d0b309bcf7
[2026-04-16T12:00:25.155+0000] {taskinstance.py:2648} INFO - Exporting env vars: AIRFLOW_CTX_DAG_OWNER='weather_etl' AIRFLOW_CTX_DAG_ID='weather_etl_pipeline_v2' AIRFLOW_CTX_TASK_ID='extract' AIRFLOW_CTX_EXECUTION_DATE='2026-04-16T12:00:22.316960+00:00' AIRFLOW_CTX_TRY_NUMBER='1' AIRFLOW_CTX_DAG_RUN_ID='manual__2026-04-16T12:00:22.316960+00:00'
[2026-04-16T12:00:25.157+0000] {taskinstance.py:430} INFO - ::endgroup::
[2026-04-16T12:00:25.175+0000] {weather_etl_dag_v2.py:88} INFO - ============================================================
[2026-04-16T12:00:25.177+0000] {weather_etl_dag_v2.py:89} INFO - TASK: EXTRACT — Fetching weather data from OpenWeatherMap API
[2026-04-16T12:00:25.178+0000] {weather_etl_dag_v2.py:90} INFO - ============================================================
[2026-04-16T12:00:25.186+0000] {weather_etl_dag_v2.py:109} INFO - Active cities fetched from DB: ['Ahmedabad', 'Bengaluru', 'Chennai', 'Delhi', 'Indore', 'Mumbai', 'New York', 'Palanpur']
[2026-04-16T12:00:25.191+0000] {logging_mixin.py:188} WARNING - 2026-04-16 12:00:25 - scripts.extract - INFO - Starting extraction for cities: Ahmedabad, Bengaluru, Chennai, Delhi, Indore, Mumbai, New York, Palanpur
[2026-04-16T12:00:25.190+0000] {extract.py:127} INFO - Starting extraction for cities: Ahmedabad, Bengaluru, Chennai, Delhi, Indore, Mumbai, New York, Palanpur
[2026-04-16T12:00:25.193+0000] {logging_mixin.py:188} WARNING - 2026-04-16 12:00:25 - scripts.extract - INFO - Starting extraction for 8 cities
[2026-04-16T12:00:25.193+0000] {extract.py:96} INFO - Starting extraction for 8 cities
[2026-04-16T12:00:25.194+0000] {logging_mixin.py:188} WARNING - 2026-04-16 12:00:25 - scripts.extract - INFO - Fetching weather data for Ahmedabad (attempt 1/3)
[2026-04-16T12:00:25.194+0000] {extract.py:47} INFO - Fetching weather data for Ahmedabad (attempt 1/3)
[2026-04-16T12:00:25.482+0000] {logging_mixin.py:188} WARNING - 2026-04-16 12:00:25 - scripts.extract - INFO - Successfully fetched data for Ahmedabad
[2026-04-16T12:00:25.479+0000] {extract.py:53} INFO - Successfully fetched data for Ahmedabad
[2026-04-16T12:00:25.486+0000] {logging_mixin.py:188} WARNING - 2026-04-16 12:00:25 - scripts.extract - INFO - Fetching weather data for Bengaluru (attempt 1/3)
[2026-04-16T12:00:25.485+0000] {extract.py:47} INFO - Fetching weather data for Bengaluru (attempt 1/3)
[2026-04-16T12:00:25.693+0000] {logging_mixin.py:188} WARNING - 2026-04-16 12:00:25 - scripts.extract - INFO - Successfully fetched data for Bengaluru
[2026-04-16T12:00:25.693+0000] {extract.py:53} INFO - Successfully fetched data for Bengaluru
[2026-04-16T12:00:25.697+0000] {logging_mixin.py:188} WARNING - 2026-04-16 12:00:25 - scripts.extract - INFO - Fetching weather data for Chennai (attempt 1/3)
[2026-04-16T12:00:25.696+0000] {extract.py:47} INFO - Fetching weather data for Chennai (attempt 1/3)
[2026-04-16T12:00:25.914+0000] {logging_mixin.py:188} WARNING - 2026-04-16 12:00:25 - scripts.extract - INFO - Successfully fetched data for Chennai
[2026-04-16T12:00:25.914+0000] {extract.py:53} INFO - Successfully fetched data for Chennai
[2026-04-16T12:00:25.916+0000] {logging_mixin.py:188} WARNING - 2026-04-16 12:00:25 - scripts.extract - INFO - Fetching weather data for Delhi (attempt 1/3)
[2026-04-16T12:00:25.916+0000] {extract.py:47} INFO - Fetching weather data for Delhi (attempt 1/3)
[2026-04-16T12:00:26.125+0000] {logging_mixin.py:188} WARNING - 2026-04-16 12:00:26 - scripts.extract - INFO - Successfully fetched data for Delhi
[2026-04-16T12:00:26.124+0000] {extract.py:53} INFO - Successfully fetched data for Delhi
[2026-04-16T12:00:26.129+0000] {logging_mixin.py:188} WARNING - 2026-04-16 12:00:26 - scripts.extract - INFO - Fetching weather data for Indore (attempt 1/3)
[2026-04-16T12:00:26.127+0000] {extract.py:47} INFO - Fetching weather data for Indore (attempt 1/3)
[2026-04-16T12:00:26.351+0000] {logging_mixin.py:188} WARNING - 2026-04-16 12:00:26 - scripts.extract - INFO - Successfully fetched data for Indore
[2026-04-16T12:00:26.350+0000] {extract.py:53} INFO - Successfully fetched data for Indore
[2026-04-16T12:00:26.354+0000] {logging_mixin.py:188} WARNING - 2026-04-16 12:00:26 - scripts.extract - INFO - Fetching weather data for Mumbai (attempt 1/3)
[2026-04-16T12:00:26.353+0000] {extract.py:47} INFO - Fetching weather data for Mumbai (attempt 1/3)
[2026-04-16T12:00:26.583+0000] {logging_mixin.py:188} WARNING - 2026-04-16 12:00:26 - scripts.extract - INFO - Successfully fetched data for Mumbai
[2026-04-16T12:00:26.582+0000] {extract.py:53} INFO - Successfully fetched data for Mumbai
[2026-04-16T12:00:26.585+0000] {logging_mixin.py:188} WARNING - 2026-04-16 12:00:26 - scripts.extract - INFO - Fetching weather data for New York (attempt 1/3)
[2026-04-16T12:00:26.585+0000] {extract.py:47} INFO - Fetching weather data for New York (attempt 1/3)
[2026-04-16T12:00:26.822+0000] {logging_mixin.py:188} WARNING - 2026-04-16 12:00:26 - scripts.extract - INFO - Successfully fetched data for New York
[2026-04-16T12:00:26.818+0000] {extract.py:53} INFO - Successfully fetched data for New York
[2026-04-16T12:00:26.826+0000] {logging_mixin.py:188} WARNING - 2026-04-16 12:00:26 - scripts.extract - INFO - Fetching weather data for Palanpur (attempt 1/3)
[2026-04-16T12:00:26.825+0000] {extract.py:47} INFO - Fetching weather data for Palanpur (attempt 1/3)
[2026-04-16T12:00:27.091+0000] {logging_mixin.py:188} WARNING - 2026-04-16 12:00:27 - scripts.extract - INFO - Successfully fetched data for Palanpur
[2026-04-16T12:00:27.090+0000] {extract.py:53} INFO - Successfully fetched data for Palanpur
[2026-04-16T12:00:27.096+0000] {logging_mixin.py:188} WARNING - 2026-04-16 12:00:27 - scripts.extract - INFO - Extraction complete: 8 successful, 0 failed
[2026-04-16T12:00:27.095+0000] {extract.py:114} INFO - Extraction complete: 8 successful, 0 failed
[2026-04-16T12:00:27.098+0000] {logging_mixin.py:188} WARNING - 2026-04-16 12:00:27 - scripts.extract - INFO - Extracted 8 weather records
[2026-04-16T12:00:27.097+0000] {extract.py:131} INFO - Extracted 8 weather records
[2026-04-16T12:00:27.122+0000] {weather_etl_dag_v2.py:117} INFO - ✓ Extraction complete: 8 records for 8 cities in 1.94s
[2026-04-16T12:00:27.126+0000] {python.py:237} INFO - Done. Returned value was: 8
[2026-04-16T12:00:27.127+0000] {taskinstance.py:441} INFO - ::group::Post task execution logs
[2026-04-16T12:00:27.157+0000] {taskinstance.py:1206} INFO - Marking task as SUCCESS. dag_id=weather_etl_pipeline_v2, task_id=extract, run_id=manual__2026-04-16T12:00:22.316960+00:00, execution_date=20260416T120022, start_date=20260416T120024, end_date=20260416T120027
[2026-04-16T12:00:27.209+0000] {local_task_job_runner.py:243} INFO - Task exited with return code 0
[2026-04-16T12:00:27.246+0000] {taskinstance.py:3503} INFO - 1 downstream tasks scheduled from follow-on schedule check
[2026-04-16T12:00:27.249+0000] {local_task_job_runner.py:222} INFO - ::endgroup::
