[2026-04-17T05:33:28.494+0000] {local_task_job_runner.py:120} INFO - ::group::Pre task execution logs
[2026-04-17T05:33:28.571+0000] {taskinstance.py:2076} INFO - Dependencies all met for dep_context=non-requeueable deps ti=<TaskInstance: weather_etl_pipeline_v2.extract manual__2026-04-17T05:33:25.340887+00:00 [queued]>
[2026-04-17T05:33:28.590+0000] {taskinstance.py:2076} INFO - Dependencies all met for dep_context=requeueable deps ti=<TaskInstance: weather_etl_pipeline_v2.extract manual__2026-04-17T05:33:25.340887+00:00 [queued]>
[2026-04-17T05:33:28.592+0000] {taskinstance.py:2306} INFO - Starting attempt 1 of 4
[2026-04-17T05:33:28.617+0000] {taskinstance.py:2330} INFO - Executing <Task(PythonOperator): extract> on 2026-04-17 05:33:25.340887+00:00
[2026-04-17T05:33:28.631+0000] {logging_mixin.py:188} WARNING - /home/airflow/.local/lib/python3.12/site-packages/airflow/task/task_runner/standard_task_runner.py:62 DeprecationWarning: This process (pid=1231) is multi-threaded, use of fork() may lead to deadlocks in the child.
[2026-04-17T05:33:28.628+0000] {standard_task_runner.py:90} INFO - Running: ['airflow', 'tasks', 'run', 'weather_etl_pipeline_v2', 'extract', 'manual__2026-04-17T05:33:25.340887+00:00', '--job-id', '130', '--raw', '--subdir', 'DAGS_FOLDER/weather_etl_dag_v2.py', '--cfg-path', '/tmp/tmplc34po51']
[2026-04-17T05:33:28.635+0000] {standard_task_runner.py:64} INFO - Started process 1232 to run task
[2026-04-17T05:33:28.635+0000] {standard_task_runner.py:91} INFO - Job 130: Subtask extract
[2026-04-17T05:33:28.715+0000] {task_command.py:426} INFO - Running <TaskInstance: weather_etl_pipeline_v2.extract manual__2026-04-17T05:33:25.340887+00:00 [running]> on host 89e29680acec
[2026-04-17T05:33:28.983+0000] {taskinstance.py:2648} INFO - Exporting env vars: AIRFLOW_CTX_DAG_OWNER='weather_etl' AIRFLOW_CTX_DAG_ID='weather_etl_pipeline_v2' AIRFLOW_CTX_TASK_ID='extract' AIRFLOW_CTX_EXECUTION_DATE='2026-04-17T05:33:25.340887+00:00' AIRFLOW_CTX_TRY_NUMBER='1' AIRFLOW_CTX_DAG_RUN_ID='manual__2026-04-17T05:33:25.340887+00:00'
[2026-04-17T05:33:28.986+0000] {taskinstance.py:430} INFO - ::endgroup::
[2026-04-17T05:33:29.030+0000] {weather_etl_dag_v2.py:88} INFO - ============================================================
[2026-04-17T05:33:29.036+0000] {weather_etl_dag_v2.py:89} INFO - TASK: EXTRACT — Fetching weather data from OpenWeatherMap API
[2026-04-17T05:33:29.044+0000] {weather_etl_dag_v2.py:90} INFO - ============================================================
[2026-04-17T05:33:29.062+0000] {weather_etl_dag_v2.py:109} INFO - Active cities fetched from DB: ['Ahmedabad', 'Bengaluru', 'Chennai', 'Delhi', 'Indore', 'Kolkata', 'Kyiv', 'Manali', 'Mumbai', 'New York', 'Palanpur']
[2026-04-17T05:33:29.083+0000] {logging_mixin.py:188} WARNING - 2026-04-17 05:33:29 - scripts.extract - INFO - Starting extraction for cities: Ahmedabad, Bengaluru, Chennai, Delhi, Indore, Kolkata, Kyiv, Manali, Mumbai, New York, Palanpur
[2026-04-17T05:33:29.075+0000] {extract.py:127} INFO - Starting extraction for cities: Ahmedabad, Bengaluru, Chennai, Delhi, Indore, Kolkata, Kyiv, Manali, Mumbai, New York, Palanpur
[2026-04-17T05:33:29.097+0000] {logging_mixin.py:188} WARNING - 2026-04-17 05:33:29 - scripts.extract - INFO - Starting extraction for 11 cities
[2026-04-17T05:33:29.095+0000] {extract.py:96} INFO - Starting extraction for 11 cities
[2026-04-17T05:33:29.104+0000] {logging_mixin.py:188} WARNING - 2026-04-17 05:33:29 - scripts.extract - INFO - Fetching weather data for Ahmedabad (attempt 1/3)
[2026-04-17T05:33:29.103+0000] {extract.py:47} INFO - Fetching weather data for Ahmedabad (attempt 1/3)
[2026-04-17T05:33:29.349+0000] {logging_mixin.py:188} WARNING - 2026-04-17 05:33:29 - scripts.extract - INFO - Successfully fetched data for Ahmedabad
[2026-04-17T05:33:29.349+0000] {extract.py:53} INFO - Successfully fetched data for Ahmedabad
[2026-04-17T05:33:29.353+0000] {logging_mixin.py:188} WARNING - 2026-04-17 05:33:29 - scripts.extract - INFO - Fetching weather data for Bengaluru (attempt 1/3)
[2026-04-17T05:33:29.352+0000] {extract.py:47} INFO - Fetching weather data for Bengaluru (attempt 1/3)
[2026-04-17T05:33:29.557+0000] {logging_mixin.py:188} WARNING - 2026-04-17 05:33:29 - scripts.extract - INFO - Successfully fetched data for Bengaluru
[2026-04-17T05:33:29.557+0000] {extract.py:53} INFO - Successfully fetched data for Bengaluru
[2026-04-17T05:33:29.561+0000] {logging_mixin.py:188} WARNING - 2026-04-17 05:33:29 - scripts.extract - INFO - Fetching weather data for Chennai (attempt 1/3)
[2026-04-17T05:33:29.560+0000] {extract.py:47} INFO - Fetching weather data for Chennai (attempt 1/3)
[2026-04-17T05:33:29.785+0000] {logging_mixin.py:188} WARNING - 2026-04-17 05:33:29 - scripts.extract - INFO - Successfully fetched data for Chennai
[2026-04-17T05:33:29.785+0000] {extract.py:53} INFO - Successfully fetched data for Chennai
[2026-04-17T05:33:29.789+0000] {logging_mixin.py:188} WARNING - 2026-04-17 05:33:29 - scripts.extract - INFO - Fetching weather data for Delhi (attempt 1/3)
[2026-04-17T05:33:29.789+0000] {extract.py:47} INFO - Fetching weather data for Delhi (attempt 1/3)
[2026-04-17T05:33:30.019+0000] {logging_mixin.py:188} WARNING - 2026-04-17 05:33:30 - scripts.extract - INFO - Successfully fetched data for Delhi
[2026-04-17T05:33:30.018+0000] {extract.py:53} INFO - Successfully fetched data for Delhi
[2026-04-17T05:33:30.022+0000] {logging_mixin.py:188} WARNING - 2026-04-17 05:33:30 - scripts.extract - INFO - Fetching weather data for Indore (attempt 1/3)
[2026-04-17T05:33:30.021+0000] {extract.py:47} INFO - Fetching weather data for Indore (attempt 1/3)
[2026-04-17T05:33:30.229+0000] {logging_mixin.py:188} WARNING - 2026-04-17 05:33:30 - scripts.extract - INFO - Successfully fetched data for Indore
[2026-04-17T05:33:30.228+0000] {extract.py:53} INFO - Successfully fetched data for Indore
[2026-04-17T05:33:30.232+0000] {logging_mixin.py:188} WARNING - 2026-04-17 05:33:30 - scripts.extract - INFO - Fetching weather data for Kolkata (attempt 1/3)
[2026-04-17T05:33:30.231+0000] {extract.py:47} INFO - Fetching weather data for Kolkata (attempt 1/3)
[2026-04-17T05:33:30.438+0000] {logging_mixin.py:188} WARNING - 2026-04-17 05:33:30 - scripts.extract - INFO - Successfully fetched data for Kolkata
[2026-04-17T05:33:30.437+0000] {extract.py:53} INFO - Successfully fetched data for Kolkata
[2026-04-17T05:33:30.442+0000] {logging_mixin.py:188} WARNING - 2026-04-17 05:33:30 - scripts.extract - INFO - Fetching weather data for Kyiv (attempt 1/3)
[2026-04-17T05:33:30.440+0000] {extract.py:47} INFO - Fetching weather data for Kyiv (attempt 1/3)
[2026-04-17T05:33:30.655+0000] {logging_mixin.py:188} WARNING - 2026-04-17 05:33:30 - scripts.extract - INFO - Successfully fetched data for Kyiv
[2026-04-17T05:33:30.654+0000] {extract.py:53} INFO - Successfully fetched data for Kyiv
[2026-04-17T05:33:30.659+0000] {logging_mixin.py:188} WARNING - 2026-04-17 05:33:30 - scripts.extract - INFO - Fetching weather data for Manali (attempt 1/3)
[2026-04-17T05:33:30.657+0000] {extract.py:47} INFO - Fetching weather data for Manali (attempt 1/3)
[2026-04-17T05:33:30.882+0000] {logging_mixin.py:188} WARNING - 2026-04-17 05:33:30 - scripts.extract - INFO - Successfully fetched data for Manali
[2026-04-17T05:33:30.880+0000] {extract.py:53} INFO - Successfully fetched data for Manali
[2026-04-17T05:33:30.890+0000] {logging_mixin.py:188} WARNING - 2026-04-17 05:33:30 - scripts.extract - INFO - Fetching weather data for Mumbai (attempt 1/3)
[2026-04-17T05:33:30.885+0000] {extract.py:47} INFO - Fetching weather data for Mumbai (attempt 1/3)
[2026-04-17T05:33:31.106+0000] {logging_mixin.py:188} WARNING - 2026-04-17 05:33:31 - scripts.extract - INFO - Successfully fetched data for Mumbai
[2026-04-17T05:33:31.105+0000] {extract.py:53} INFO - Successfully fetched data for Mumbai
[2026-04-17T05:33:31.111+0000] {logging_mixin.py:188} WARNING - 2026-04-17 05:33:31 - scripts.extract - INFO - Fetching weather data for New York (attempt 1/3)
[2026-04-17T05:33:31.110+0000] {extract.py:47} INFO - Fetching weather data for New York (attempt 1/3)
[2026-04-17T05:33:31.325+0000] {logging_mixin.py:188} WARNING - 2026-04-17 05:33:31 - scripts.extract - INFO - Successfully fetched data for New York
[2026-04-17T05:33:31.324+0000] {extract.py:53} INFO - Successfully fetched data for New York
[2026-04-17T05:33:31.329+0000] {logging_mixin.py:188} WARNING - 2026-04-17 05:33:31 - scripts.extract - INFO - Fetching weather data for Palanpur (attempt 1/3)
[2026-04-17T05:33:31.327+0000] {extract.py:47} INFO - Fetching weather data for Palanpur (attempt 1/3)
[2026-04-17T05:33:31.543+0000] {logging_mixin.py:188} WARNING - 2026-04-17 05:33:31 - scripts.extract - INFO - Successfully fetched data for Palanpur
[2026-04-17T05:33:31.542+0000] {extract.py:53} INFO - Successfully fetched data for Palanpur
[2026-04-17T05:33:31.545+0000] {logging_mixin.py:188} WARNING - 2026-04-17 05:33:31 - scripts.extract - INFO - Extraction complete: 11 successful, 0 failed
[2026-04-17T05:33:31.545+0000] {extract.py:114} INFO - Extraction complete: 11 successful, 0 failed
[2026-04-17T05:33:31.547+0000] {logging_mixin.py:188} WARNING - 2026-04-17 05:33:31 - scripts.extract - INFO - Extracted 11 weather records
[2026-04-17T05:33:31.547+0000] {extract.py:131} INFO - Extracted 11 weather records
[2026-04-17T05:33:31.567+0000] {weather_etl_dag_v2.py:117} INFO - ✓ Extraction complete: 11 records for 11 cities in 2.52s
[2026-04-17T05:33:31.569+0000] {python.py:237} INFO - Done. Returned value was: 11
[2026-04-17T05:33:31.569+0000] {taskinstance.py:441} INFO - ::group::Post task execution logs
[2026-04-17T05:33:31.596+0000] {taskinstance.py:1206} INFO - Marking task as SUCCESS. dag_id=weather_etl_pipeline_v2, task_id=extract, run_id=manual__2026-04-17T05:33:25.340887+00:00, execution_date=20260417T053325, start_date=20260417T053328, end_date=20260417T053331
[2026-04-17T05:33:31.633+0000] {local_task_job_runner.py:243} INFO - Task exited with return code 0
[2026-04-17T05:33:31.688+0000] {taskinstance.py:3503} INFO - 1 downstream tasks scheduled from follow-on schedule check
[2026-04-17T05:33:31.691+0000] {local_task_job_runner.py:222} INFO - ::endgroup::
