[2026-04-13T06:53:09.675+0000] {local_task_job_runner.py:120} INFO - ::group::Pre task execution logs
[2026-04-13T06:53:09.756+0000] {taskinstance.py:2076} INFO - Dependencies all met for dep_context=non-requeueable deps ti=<TaskInstance: weather_etl_pipeline_v2.transform_clean manual__2026-04-13T06:53:00.994401+00:00 [queued]>
[2026-04-13T06:53:09.771+0000] {taskinstance.py:2076} INFO - Dependencies all met for dep_context=requeueable deps ti=<TaskInstance: weather_etl_pipeline_v2.transform_clean manual__2026-04-13T06:53:00.994401+00:00 [queued]>
[2026-04-13T06:53:09.774+0000] {taskinstance.py:2306} INFO - Starting attempt 1 of 4
[2026-04-13T06:53:09.806+0000] {taskinstance.py:2330} INFO - Executing <Task(PythonOperator): transform_clean> on 2026-04-13 06:53:00.994401+00:00
[2026-04-13T06:53:09.824+0000] {standard_task_runner.py:90} INFO - Running: ['airflow', 'tasks', 'run', 'weather_etl_pipeline_v2', 'transform_clean', 'manual__2026-04-13T06:53:00.994401+00:00', '--job-id', '178', '--raw', '--subdir', 'DAGS_FOLDER/weather_etl_dag_v2.py', '--cfg-path', '/tmp/tmp0j202of6']
[2026-04-13T06:53:09.831+0000] {standard_task_runner.py:91} INFO - Job 178: Subtask transform_clean
[2026-04-13T06:53:09.833+0000] {logging_mixin.py:188} WARNING - /home/airflow/.local/lib/python3.12/site-packages/airflow/task/task_runner/standard_task_runner.py:62 DeprecationWarning: This process (pid=366) is multi-threaded, use of fork() may lead to deadlocks in the child.
[2026-04-13T06:53:09.835+0000] {standard_task_runner.py:64} INFO - Started process 367 to run task
[2026-04-13T06:53:09.922+0000] {task_command.py:426} INFO - Running <TaskInstance: weather_etl_pipeline_v2.transform_clean manual__2026-04-13T06:53:00.994401+00:00 [running]> on host 5aae7c9eda2a
[2026-04-13T06:53:10.062+0000] {taskinstance.py:2648} INFO - Exporting env vars: AIRFLOW_CTX_DAG_OWNER='weather_etl' AIRFLOW_CTX_DAG_ID='weather_etl_pipeline_v2' AIRFLOW_CTX_TASK_ID='transform_clean' AIRFLOW_CTX_EXECUTION_DATE='2026-04-13T06:53:00.994401+00:00' AIRFLOW_CTX_TRY_NUMBER='1' AIRFLOW_CTX_DAG_RUN_ID='manual__2026-04-13T06:53:00.994401+00:00'
[2026-04-13T06:53:10.065+0000] {taskinstance.py:430} INFO - ::endgroup::
[2026-04-13T06:53:10.081+0000] {weather_etl_dag_v2.py:148} INFO - ============================================================
[2026-04-13T06:53:10.084+0000] {weather_etl_dag_v2.py:149} INFO - TASK: TRANSFORM_CLEAN - Transform and load clean data
[2026-04-13T06:53:10.086+0000] {weather_etl_dag_v2.py:150} INFO - ============================================================
[2026-04-13T06:53:10.123+0000] {logging_mixin.py:188} WARNING - 2026-04-13 06:53:10 - scripts.load_raw - INFO - Successfully connected to PostgreSQL database
[2026-04-13T06:53:10.121+0000] {load_raw.py:38} INFO - Successfully connected to PostgreSQL database
[2026-04-13T06:53:10.139+0000] {logging_mixin.py:188} WARNING - 2026-04-13 06:53:10 - scripts.load_raw - INFO - Retrieved 68 unprocessed raw records
[2026-04-13T06:53:10.138+0000] {load_raw.py:206} INFO - Retrieved 68 unprocessed raw records
[2026-04-13T06:53:10.149+0000] {logging_mixin.py:188} WARNING - 2026-04-13 06:53:10 - scripts.load_raw - INFO - Database connection closed
[2026-04-13T06:53:10.146+0000] {load_raw.py:53} INFO - Database connection closed
[2026-04-13T06:53:10.154+0000] {logging_mixin.py:188} WARNING - 2026-04-13 06:53:10 - scripts.load_clean - INFO - Starting transformation and load for 68 raw records
[2026-04-13T06:53:10.153+0000] {load_clean.py:169} INFO - Starting transformation and load for 68 raw records
[2026-04-13T06:53:10.176+0000] {logging_mixin.py:188} WARNING - 2026-04-13 06:53:10 - scripts.load_clean - INFO - Successfully connected to PostgreSQL database
[2026-04-13T06:53:10.174+0000] {load_clean.py:41} INFO - Successfully connected to PostgreSQL database
[2026-04-13T06:53:10.184+0000] {logging_mixin.py:188} WARNING - 2026-04-13 06:53:10 - scripts.load_clean - INFO - Table 'weather_clean' created or already exists
[2026-04-13T06:53:10.182+0000] {load_clean.py:91} INFO - Table 'weather_clean' created or already exists
[2026-04-13T06:53:10.191+0000] {logging_mixin.py:188} WARNING - 2026-04-13 06:53:10 - scripts.load_clean - INFO - Inserted new record for Ahmedabad (deleted old records first)
[2026-04-13T06:53:10.190+0000] {load_clean.py:149} INFO - Inserted new record for Ahmedabad (deleted old records first)
[2026-04-13T06:53:10.196+0000] {logging_mixin.py:188} WARNING - 2026-04-13 06:53:10 - scripts.load_clean - INFO - Inserted new record for Mumbai (deleted old records first)
[2026-04-13T06:53:10.195+0000] {load_clean.py:149} INFO - Inserted new record for Mumbai (deleted old records first)
[2026-04-13T06:53:10.201+0000] {logging_mixin.py:188} WARNING - 2026-04-13 06:53:10 - scripts.load_clean - INFO - Inserted new record for Delhi (deleted old records first)
[2026-04-13T06:53:10.200+0000] {load_clean.py:149} INFO - Inserted new record for Delhi (deleted old records first)
[2026-04-13T06:53:10.205+0000] {logging_mixin.py:188} WARNING - 2026-04-13 06:53:10 - scripts.load_clean - INFO - Inserted new record for Bengaluru (deleted old records first)
[2026-04-13T06:53:10.204+0000] {load_clean.py:149} INFO - Inserted new record for Bengaluru (deleted old records first)
[2026-04-13T06:53:10.209+0000] {logging_mixin.py:188} WARNING - 2026-04-13 06:53:10 - scripts.load_clean - INFO - Inserted new record for Chennai (deleted old records first)
[2026-04-13T06:53:10.208+0000] {load_clean.py:149} INFO - Inserted new record for Chennai (deleted old records first)
[2026-04-13T06:53:10.212+0000] {logging_mixin.py:188} WARNING - 2026-04-13 06:53:10 - scripts.load_clean - INFO - Inserted new record for Ahmedabad (deleted old records first)
[2026-04-13T06:53:10.212+0000] {load_clean.py:149} INFO - Inserted new record for Ahmedabad (deleted old records first)
[2026-04-13T06:53:10.216+0000] {logging_mixin.py:188} WARNING - 2026-04-13 06:53:10 - scripts.load_clean - INFO - Inserted new record for Mumbai (deleted old records first)
[2026-04-13T06:53:10.215+0000] {load_clean.py:149} INFO - Inserted new record for Mumbai (deleted old records first)
[2026-04-13T06:53:10.220+0000] {logging_mixin.py:188} WARNING - 2026-04-13 06:53:10 - scripts.load_clean - INFO - Inserted new record for Delhi (deleted old records first)
[2026-04-13T06:53:10.219+0000] {load_clean.py:149} INFO - Inserted new record for Delhi (deleted old records first)
[2026-04-13T06:53:10.224+0000] {logging_mixin.py:188} WARNING - 2026-04-13 06:53:10 - scripts.load_clean - INFO - Inserted new record for Bengaluru (deleted old records first)
[2026-04-13T06:53:10.223+0000] {load_clean.py:149} INFO - Inserted new record for Bengaluru (deleted old records first)
[2026-04-13T06:53:10.227+0000] {logging_mixin.py:188} WARNING - 2026-04-13 06:53:10 - scripts.load_clean - INFO - Inserted new record for Chennai (deleted old records first)
[2026-04-13T06:53:10.227+0000] {load_clean.py:149} INFO - Inserted new record for Chennai (deleted old records first)
[2026-04-13T06:53:10.231+0000] {logging_mixin.py:188} WARNING - 2026-04-13 06:53:10 - scripts.load_clean - INFO - Inserted new record for Ahmedabad (deleted old records first)
[2026-04-13T06:53:10.230+0000] {load_clean.py:149} INFO - Inserted new record for Ahmedabad (deleted old records first)
[2026-04-13T06:53:10.235+0000] {logging_mixin.py:188} WARNING - 2026-04-13 06:53:10 - scripts.load_clean - INFO - Inserted new record for Mumbai (deleted old records first)
[2026-04-13T06:53:10.235+0000] {load_clean.py:149} INFO - Inserted new record for Mumbai (deleted old records first)
[2026-04-13T06:53:10.240+0000] {logging_mixin.py:188} WARNING - 2026-04-13 06:53:10 - scripts.load_clean - INFO - Inserted new record for Delhi (deleted old records first)
[2026-04-13T06:53:10.239+0000] {load_clean.py:149} INFO - Inserted new record for Delhi (deleted old records first)
[2026-04-13T06:53:10.244+0000] {logging_mixin.py:188} WARNING - 2026-04-13 06:53:10 - scripts.load_clean - INFO - Inserted new record for Bengaluru (deleted old records first)
[2026-04-13T06:53:10.243+0000] {load_clean.py:149} INFO - Inserted new record for Bengaluru (deleted old records first)
[2026-04-13T06:53:10.249+0000] {logging_mixin.py:188} WARNING - 2026-04-13 06:53:10 - scripts.load_clean - INFO - Inserted new record for Chennai (deleted old records first)
[2026-04-13T06:53:10.248+0000] {load_clean.py:149} INFO - Inserted new record for Chennai (deleted old records first)
[2026-04-13T06:53:10.254+0000] {logging_mixin.py:188} WARNING - 2026-04-13 06:53:10 - scripts.load_clean - INFO - Inserted new record for Ahmedabad (deleted old records first)
[2026-04-13T06:53:10.253+0000] {load_clean.py:149} INFO - Inserted new record for Ahmedabad (deleted old records first)
[2026-04-13T06:53:10.259+0000] {logging_mixin.py:188} WARNING - 2026-04-13 06:53:10 - scripts.load_clean - INFO - Inserted new record for Mumbai (deleted old records first)
[2026-04-13T06:53:10.258+0000] {load_clean.py:149} INFO - Inserted new record for Mumbai (deleted old records first)
[2026-04-13T06:53:10.265+0000] {logging_mixin.py:188} WARNING - 2026-04-13 06:53:10 - scripts.load_clean - INFO - Inserted new record for Delhi (deleted old records first)
[2026-04-13T06:53:10.264+0000] {load_clean.py:149} INFO - Inserted new record for Delhi (deleted old records first)
[2026-04-13T06:53:10.270+0000] {logging_mixin.py:188} WARNING - 2026-04-13 06:53:10 - scripts.load_clean - INFO - Inserted new record for Bengaluru (deleted old records first)
[2026-04-13T06:53:10.269+0000] {load_clean.py:149} INFO - Inserted new record for Bengaluru (deleted old records first)
[2026-04-13T06:53:10.275+0000] {logging_mixin.py:188} WARNING - 2026-04-13 06:53:10 - scripts.load_clean - INFO - Inserted new record for Chennai (deleted old records first)
[2026-04-13T06:53:10.274+0000] {load_clean.py:149} INFO - Inserted new record for Chennai (deleted old records first)
[2026-04-13T06:53:10.278+0000] {logging_mixin.py:188} WARNING - 2026-04-13 06:53:10 - scripts.load_clean - INFO - Inserted new record for Ahmedabad (deleted old records first)
[2026-04-13T06:53:10.278+0000] {load_clean.py:149} INFO - Inserted new record for Ahmedabad (deleted old records first)
[2026-04-13T06:53:10.282+0000] {logging_mixin.py:188} WARNING - 2026-04-13 06:53:10 - scripts.load_clean - INFO - Inserted new record for Mumbai (deleted old records first)
[2026-04-13T06:53:10.281+0000] {load_clean.py:149} INFO - Inserted new record for Mumbai (deleted old records first)
[2026-04-13T06:53:10.285+0000] {logging_mixin.py:188} WARNING - 2026-04-13 06:53:10 - scripts.load_clean - INFO - Inserted new record for Delhi (deleted old records first)
[2026-04-13T06:53:10.285+0000] {load_clean.py:149} INFO - Inserted new record for Delhi (deleted old records first)
[2026-04-13T06:53:10.289+0000] {logging_mixin.py:188} WARNING - 2026-04-13 06:53:10 - scripts.load_clean - INFO - Inserted new record for Bengaluru (deleted old records first)
[2026-04-13T06:53:10.288+0000] {load_clean.py:149} INFO - Inserted new record for Bengaluru (deleted old records first)
[2026-04-13T06:53:10.292+0000] {logging_mixin.py:188} WARNING - 2026-04-13 06:53:10 - scripts.load_clean - INFO - Inserted new record for Chennai (deleted old records first)
[2026-04-13T06:53:10.291+0000] {load_clean.py:149} INFO - Inserted new record for Chennai (deleted old records first)
[2026-04-13T06:53:10.297+0000] {logging_mixin.py:188} WARNING - 2026-04-13 06:53:10 - scripts.load_clean - INFO - Inserted new record for Ahmedabad (deleted old records first)
[2026-04-13T06:53:10.296+0000] {load_clean.py:149} INFO - Inserted new record for Ahmedabad (deleted old records first)
[2026-04-13T06:53:10.302+0000] {logging_mixin.py:188} WARNING - 2026-04-13 06:53:10 - scripts.load_clean - INFO - Inserted new record for Mumbai (deleted old records first)
[2026-04-13T06:53:10.301+0000] {load_clean.py:149} INFO - Inserted new record for Mumbai (deleted old records first)
[2026-04-13T06:53:10.307+0000] {logging_mixin.py:188} WARNING - 2026-04-13 06:53:10 - scripts.load_clean - INFO - Inserted new record for Delhi (deleted old records first)
[2026-04-13T06:53:10.306+0000] {load_clean.py:149} INFO - Inserted new record for Delhi (deleted old records first)
[2026-04-13T06:53:10.312+0000] {logging_mixin.py:188} WARNING - 2026-04-13 06:53:10 - scripts.load_clean - INFO - Inserted new record for Bengaluru (deleted old records first)
[2026-04-13T06:53:10.311+0000] {load_clean.py:149} INFO - Inserted new record for Bengaluru (deleted old records first)
[2026-04-13T06:53:10.316+0000] {logging_mixin.py:188} WARNING - 2026-04-13 06:53:10 - scripts.load_clean - INFO - Inserted new record for Chennai (deleted old records first)
[2026-04-13T06:53:10.315+0000] {load_clean.py:149} INFO - Inserted new record for Chennai (deleted old records first)
[2026-04-13T06:53:10.319+0000] {logging_mixin.py:188} WARNING - 2026-04-13 06:53:10 - scripts.load_clean - INFO - Inserted new record for Ahmedabad (deleted old records first)
[2026-04-13T06:53:10.318+0000] {load_clean.py:149} INFO - Inserted new record for Ahmedabad (deleted old records first)
[2026-04-13T06:53:10.322+0000] {logging_mixin.py:188} WARNING - 2026-04-13 06:53:10 - scripts.load_clean - INFO - Inserted new record for Mumbai (deleted old records first)
[2026-04-13T06:53:10.321+0000] {load_clean.py:149} INFO - Inserted new record for Mumbai (deleted old records first)
[2026-04-13T06:53:10.324+0000] {logging_mixin.py:188} WARNING - 2026-04-13 06:53:10 - scripts.load_clean - INFO - Inserted new record for Delhi (deleted old records first)
[2026-04-13T06:53:10.324+0000] {load_clean.py:149} INFO - Inserted new record for Delhi (deleted old records first)
[2026-04-13T06:53:10.327+0000] {logging_mixin.py:188} WARNING - 2026-04-13 06:53:10 - scripts.load_clean - INFO - Inserted new record for Bengaluru (deleted old records first)
[2026-04-13T06:53:10.326+0000] {load_clean.py:149} INFO - Inserted new record for Bengaluru (deleted old records first)
[2026-04-13T06:53:10.331+0000] {logging_mixin.py:188} WARNING - 2026-04-13 06:53:10 - scripts.load_clean - INFO - Inserted new record for Chennai (deleted old records first)
[2026-04-13T06:53:10.330+0000] {load_clean.py:149} INFO - Inserted new record for Chennai (deleted old records first)
[2026-04-13T06:53:10.334+0000] {logging_mixin.py:188} WARNING - 2026-04-13 06:53:10 - scripts.load_clean - INFO - Inserted new record for Ahmedabad (deleted old records first)
[2026-04-13T06:53:10.334+0000] {load_clean.py:149} INFO - Inserted new record for Ahmedabad (deleted old records first)
[2026-04-13T06:53:10.338+0000] {logging_mixin.py:188} WARNING - 2026-04-13 06:53:10 - scripts.load_clean - INFO - Inserted new record for Mumbai (deleted old records first)
[2026-04-13T06:53:10.337+0000] {load_clean.py:149} INFO - Inserted new record for Mumbai (deleted old records first)
[2026-04-13T06:53:10.340+0000] {logging_mixin.py:188} WARNING - 2026-04-13 06:53:10 - scripts.load_clean - INFO - Inserted new record for Delhi (deleted old records first)
[2026-04-13T06:53:10.340+0000] {load_clean.py:149} INFO - Inserted new record for Delhi (deleted old records first)
[2026-04-13T06:53:10.344+0000] {logging_mixin.py:188} WARNING - 2026-04-13 06:53:10 - scripts.load_clean - INFO - Inserted new record for Bengaluru (deleted old records first)
[2026-04-13T06:53:10.343+0000] {load_clean.py:149} INFO - Inserted new record for Bengaluru (deleted old records first)
[2026-04-13T06:53:10.347+0000] {logging_mixin.py:188} WARNING - 2026-04-13 06:53:10 - scripts.load_clean - INFO - Inserted new record for Chennai (deleted old records first)
[2026-04-13T06:53:10.346+0000] {load_clean.py:149} INFO - Inserted new record for Chennai (deleted old records first)
[2026-04-13T06:53:10.350+0000] {logging_mixin.py:188} WARNING - 2026-04-13 06:53:10 - scripts.load_clean - INFO - Inserted new record for Ahmedabad (deleted old records first)
[2026-04-13T06:53:10.350+0000] {load_clean.py:149} INFO - Inserted new record for Ahmedabad (deleted old records first)
[2026-04-13T06:53:10.354+0000] {logging_mixin.py:188} WARNING - 2026-04-13 06:53:10 - scripts.load_clean - INFO - Inserted new record for Ahmedabad (deleted old records first)
[2026-04-13T06:53:10.353+0000] {load_clean.py:149} INFO - Inserted new record for Ahmedabad (deleted old records first)
[2026-04-13T06:53:10.358+0000] {logging_mixin.py:188} WARNING - 2026-04-13 06:53:10 - scripts.load_clean - INFO - Inserted new record for Mumbai (deleted old records first)
[2026-04-13T06:53:10.357+0000] {load_clean.py:149} INFO - Inserted new record for Mumbai (deleted old records first)
[2026-04-13T06:53:10.363+0000] {logging_mixin.py:188} WARNING - 2026-04-13 06:53:10 - scripts.load_clean - INFO - Inserted new record for Delhi (deleted old records first)
[2026-04-13T06:53:10.361+0000] {load_clean.py:149} INFO - Inserted new record for Delhi (deleted old records first)
[2026-04-13T06:53:10.366+0000] {logging_mixin.py:188} WARNING - 2026-04-13 06:53:10 - scripts.load_clean - INFO - Inserted new record for Bengaluru (deleted old records first)
[2026-04-13T06:53:10.366+0000] {load_clean.py:149} INFO - Inserted new record for Bengaluru (deleted old records first)
[2026-04-13T06:53:10.369+0000] {logging_mixin.py:188} WARNING - 2026-04-13 06:53:10 - scripts.load_clean - INFO - Inserted new record for Chennai (deleted old records first)
[2026-04-13T06:53:10.369+0000] {load_clean.py:149} INFO - Inserted new record for Chennai (deleted old records first)
[2026-04-13T06:53:10.374+0000] {logging_mixin.py:188} WARNING - 2026-04-13 06:53:10 - scripts.load_clean - INFO - Inserted new record for Delhi (deleted old records first)
[2026-04-13T06:53:10.374+0000] {load_clean.py:149} INFO - Inserted new record for Delhi (deleted old records first)
[2026-04-13T06:53:10.379+0000] {logging_mixin.py:188} WARNING - 2026-04-13 06:53:10 - scripts.load_clean - INFO - Inserted new record for Bengaluru (deleted old records first)
[2026-04-13T06:53:10.378+0000] {load_clean.py:149} INFO - Inserted new record for Bengaluru (deleted old records first)
[2026-04-13T06:53:10.383+0000] {logging_mixin.py:188} WARNING - 2026-04-13 06:53:10 - scripts.load_clean - INFO - Inserted new record for Chennai (deleted old records first)
[2026-04-13T06:53:10.383+0000] {load_clean.py:149} INFO - Inserted new record for Chennai (deleted old records first)
[2026-04-13T06:53:10.388+0000] {logging_mixin.py:188} WARNING - 2026-04-13 06:53:10 - scripts.load_clean - INFO - Inserted new record for Ahmedabad (deleted old records first)
[2026-04-13T06:53:10.387+0000] {load_clean.py:149} INFO - Inserted new record for Ahmedabad (deleted old records first)
[2026-04-13T06:53:10.392+0000] {logging_mixin.py:188} WARNING - 2026-04-13 06:53:10 - scripts.load_clean - INFO - Inserted new record for Mumbai (deleted old records first)
[2026-04-13T06:53:10.391+0000] {load_clean.py:149} INFO - Inserted new record for Mumbai (deleted old records first)
[2026-04-13T06:53:10.396+0000] {logging_mixin.py:188} WARNING - 2026-04-13 06:53:10 - scripts.load_clean - INFO - Inserted new record for Delhi (deleted old records first)
[2026-04-13T06:53:10.395+0000] {load_clean.py:149} INFO - Inserted new record for Delhi (deleted old records first)
[2026-04-13T06:53:10.402+0000] {logging_mixin.py:188} WARNING - 2026-04-13 06:53:10 - scripts.load_clean - INFO - Inserted new record for Bengaluru (deleted old records first)
[2026-04-13T06:53:10.402+0000] {load_clean.py:149} INFO - Inserted new record for Bengaluru (deleted old records first)
[2026-04-13T06:53:10.407+0000] {logging_mixin.py:188} WARNING - 2026-04-13 06:53:10 - scripts.load_clean - INFO - Inserted new record for Chennai (deleted old records first)
[2026-04-13T06:53:10.406+0000] {load_clean.py:149} INFO - Inserted new record for Chennai (deleted old records first)
[2026-04-13T06:53:10.413+0000] {logging_mixin.py:188} WARNING - 2026-04-13 06:53:10 - scripts.load_clean - INFO - Inserted new record for Ahmedabad (deleted old records first)
[2026-04-13T06:53:10.412+0000] {load_clean.py:149} INFO - Inserted new record for Ahmedabad (deleted old records first)
[2026-04-13T06:53:10.418+0000] {logging_mixin.py:188} WARNING - 2026-04-13 06:53:10 - scripts.load_clean - INFO - Inserted new record for Mumbai (deleted old records first)
[2026-04-13T06:53:10.417+0000] {load_clean.py:149} INFO - Inserted new record for Mumbai (deleted old records first)
[2026-04-13T06:53:10.426+0000] {logging_mixin.py:188} WARNING - 2026-04-13 06:53:10 - scripts.load_clean - INFO - Inserted new record for Delhi (deleted old records first)
[2026-04-13T06:53:10.423+0000] {load_clean.py:149} INFO - Inserted new record for Delhi (deleted old records first)
[2026-04-13T06:53:10.433+0000] {logging_mixin.py:188} WARNING - 2026-04-13 06:53:10 - scripts.load_clean - INFO - Inserted new record for Bengaluru (deleted old records first)
[2026-04-13T06:53:10.431+0000] {load_clean.py:149} INFO - Inserted new record for Bengaluru (deleted old records first)
[2026-04-13T06:53:10.438+0000] {logging_mixin.py:188} WARNING - 2026-04-13 06:53:10 - scripts.load_clean - INFO - Inserted new record for Chennai (deleted old records first)
[2026-04-13T06:53:10.437+0000] {load_clean.py:149} INFO - Inserted new record for Chennai (deleted old records first)
[2026-04-13T06:53:10.446+0000] {logging_mixin.py:188} WARNING - 2026-04-13 06:53:10 - scripts.load_clean - INFO - Inserted new record for Ahmedabad (deleted old records first)
[2026-04-13T06:53:10.444+0000] {load_clean.py:149} INFO - Inserted new record for Ahmedabad (deleted old records first)
[2026-04-13T06:53:10.453+0000] {logging_mixin.py:188} WARNING - 2026-04-13 06:53:10 - scripts.load_clean - INFO - Inserted new record for Bengaluru (deleted old records first)
[2026-04-13T06:53:10.451+0000] {load_clean.py:149} INFO - Inserted new record for Bengaluru (deleted old records first)
[2026-04-13T06:53:10.461+0000] {logging_mixin.py:188} WARNING - 2026-04-13 06:53:10 - scripts.load_clean - INFO - Inserted new record for Chennai (deleted old records first)
[2026-04-13T06:53:10.459+0000] {load_clean.py:149} INFO - Inserted new record for Chennai (deleted old records first)
[2026-04-13T06:53:10.468+0000] {logging_mixin.py:188} WARNING - 2026-04-13 06:53:10 - scripts.load_clean - INFO - Inserted new record for Delhi (deleted old records first)
[2026-04-13T06:53:10.467+0000] {load_clean.py:149} INFO - Inserted new record for Delhi (deleted old records first)
[2026-04-13T06:53:10.475+0000] {logging_mixin.py:188} WARNING - 2026-04-13 06:53:10 - scripts.load_clean - INFO - Inserted new record for Mumbai (deleted old records first)
[2026-04-13T06:53:10.474+0000] {load_clean.py:149} INFO - Inserted new record for Mumbai (deleted old records first)
[2026-04-13T06:53:10.483+0000] {logging_mixin.py:188} WARNING - 2026-04-13 06:53:10 - scripts.load_clean - INFO - Inserted new record for Chennai (deleted old records first)
[2026-04-13T06:53:10.481+0000] {load_clean.py:149} INFO - Inserted new record for Chennai (deleted old records first)
[2026-04-13T06:53:10.490+0000] {logging_mixin.py:188} WARNING - 2026-04-13 06:53:10 - scripts.load_clean - INFO - Inserted new record for Delhi (deleted old records first)
[2026-04-13T06:53:10.489+0000] {load_clean.py:149} INFO - Inserted new record for Delhi (deleted old records first)
[2026-04-13T06:53:10.499+0000] {logging_mixin.py:188} WARNING - 2026-04-13 06:53:10 - scripts.load_clean - INFO - Inserted new record for Islamabad (deleted old records first)
[2026-04-13T06:53:10.497+0000] {load_clean.py:149} INFO - Inserted new record for Islamabad (deleted old records first)
[2026-04-13T06:53:10.506+0000] {logging_mixin.py:188} WARNING - 2026-04-13 06:53:10 - scripts.load_clean - INFO - Inserted new record for Mumbai (deleted old records first)
[2026-04-13T06:53:10.505+0000] {load_clean.py:149} INFO - Inserted new record for Mumbai (deleted old records first)
[2026-04-13T06:53:10.520+0000] {logging_mixin.py:188} WARNING - 2026-04-13 06:53:10 - scripts.load_clean - INFO - Marked 68 raw records as processed
[2026-04-13T06:53:10.519+0000] {load_clean.py:252} INFO - Marked 68 raw records as processed
[2026-04-13T06:53:10.524+0000] {logging_mixin.py:188} WARNING - 2026-04-13 06:53:10 - scripts.load_clean - INFO - Clean data load complete: 68 transformed, 68 validated, 68 loaded, 0 failed
[2026-04-13T06:53:10.523+0000] {load_clean.py:224} INFO - Clean data load complete: 68 transformed, 68 validated, 68 loaded, 0 failed
[2026-04-13T06:53:10.528+0000] {logging_mixin.py:188} WARNING - 2026-04-13 06:53:10 - scripts.load_clean - INFO - Database connection closed
[2026-04-13T06:53:10.527+0000] {load_clean.py:56} INFO - Database connection closed
[2026-04-13T06:53:10.531+0000] {weather_etl_dag_v2.py:166} INFO - ✓ Transform and load complete: 68 loaded, 0 failed
[2026-04-13T06:53:10.569+0000] {python.py:237} INFO - Done. Returned value was: 68
[2026-04-13T06:53:10.570+0000] {taskinstance.py:441} INFO - ::group::Post task execution logs
[2026-04-13T06:53:10.623+0000] {taskinstance.py:1206} INFO - Marking task as SUCCESS. dag_id=weather_etl_pipeline_v2, task_id=transform_clean, run_id=manual__2026-04-13T06:53:00.994401+00:00, execution_date=20260413T065300, start_date=20260413T065309, end_date=20260413T065310
[2026-04-13T06:53:10.698+0000] {local_task_job_runner.py:243} INFO - Task exited with return code 0
[2026-04-13T06:53:10.750+0000] {taskinstance.py:3503} INFO - 1 downstream tasks scheduled from follow-on schedule check
[2026-04-13T06:53:10.754+0000] {local_task_job_runner.py:222} INFO - ::endgroup::
