[2026-04-27T04:52:24.539+0000] {local_task_job_runner.py:120} INFO - ::group::Pre task execution logs
[2026-04-27T04:52:24.571+0000] {taskinstance.py:2076} INFO - Dependencies all met for dep_context=non-requeueable deps ti=<TaskInstance: weather_etl_pipeline_v2.quality_check scheduled__2026-04-26T02:00:00+00:00 [queued]>
[2026-04-27T04:52:24.581+0000] {taskinstance.py:2076} INFO - Dependencies all met for dep_context=requeueable deps ti=<TaskInstance: weather_etl_pipeline_v2.quality_check scheduled__2026-04-26T02:00:00+00:00 [queued]>
[2026-04-27T04:52:24.582+0000] {taskinstance.py:2306} INFO - Starting attempt 1 of 3
[2026-04-27T04:52:24.594+0000] {taskinstance.py:2330} INFO - Executing <Task(PythonOperator): quality_check> on 2026-04-26 02:00:00+00:00
[2026-04-27T04:52:24.601+0000] {logging_mixin.py:188} WARNING - /home/airflow/.local/lib/python3.12/site-packages/airflow/task/task_runner/standard_task_runner.py:62 DeprecationWarning: This process (pid=202) is multi-threaded, use of fork() may lead to deadlocks in the child.
[2026-04-27T04:52:24.602+0000] {standard_task_runner.py:64} INFO - Started process 203 to run task
[2026-04-27T04:52:24.601+0000] {standard_task_runner.py:90} INFO - Running: ['airflow', 'tasks', 'run', 'weather_etl_pipeline_v2', 'quality_check', 'scheduled__2026-04-26T02:00:00+00:00', '--job-id', '202', '--raw', '--subdir', 'DAGS_FOLDER/weather_etl_dag_v2.py', '--cfg-path', '/tmp/tmpcfi8mwum']
[2026-04-27T04:52:24.603+0000] {standard_task_runner.py:91} INFO - Job 202: Subtask quality_check
[2026-04-27T04:52:24.656+0000] {task_command.py:426} INFO - Running <TaskInstance: weather_etl_pipeline_v2.quality_check scheduled__2026-04-26T02:00:00+00:00 [running]> on host c5d9a3d307d7
[2026-04-27T04:52:24.747+0000] {taskinstance.py:2648} INFO - Exporting env vars: AIRFLOW_CTX_DAG_OWNER='weather_etl' AIRFLOW_CTX_DAG_ID='weather_etl_pipeline_v2' AIRFLOW_CTX_TASK_ID='quality_check' AIRFLOW_CTX_EXECUTION_DATE='2026-04-26T02:00:00+00:00' AIRFLOW_CTX_TRY_NUMBER='1' AIRFLOW_CTX_DAG_RUN_ID='scheduled__2026-04-26T02:00:00+00:00'
[2026-04-27T04:52:24.748+0000] {taskinstance.py:430} INFO - ::endgroup::
[2026-04-27T04:52:24.762+0000] {weather_etl_dag_v2.py:214} INFO - ============================================================
[2026-04-27T04:52:24.763+0000] {weather_etl_dag_v2.py:215} INFO - TASK: QUALITY_CHECK — Validating clean data quality
[2026-04-27T04:52:24.764+0000] {weather_etl_dag_v2.py:216} INFO - ============================================================
[2026-04-27T04:52:24.777+0000] {logging_mixin.py:188} WARNING - 2026-04-27 04:52:24 - scripts.validate - INFO - Starting data quality validation for 172 records
[2026-04-27T04:52:24.776+0000] {validate.py:201} INFO - Starting data quality validation for 172 records
[2026-04-27T04:52:24.779+0000] {logging_mixin.py:188} WARNING - 2026-04-27 04:52:24 - scripts.validate - INFO - Validation complete: 172 valid, 0 invalid (100.0% pass rate)
[2026-04-27T04:52:24.778+0000] {validate.py:228} INFO - Validation complete: 172 valid, 0 invalid (100.0% pass rate)
[2026-04-27T04:52:24.780+0000] {weather_etl_dag_v2.py:261} INFO - ✓ Quality check: 100.0% pass rate (172/172)
[2026-04-27T04:52:24.794+0000] {python.py:237} INFO - Done. Returned value was: 100.0
[2026-04-27T04:52:24.795+0000] {taskinstance.py:441} INFO - ::group::Post task execution logs
[2026-04-27T04:52:24.816+0000] {taskinstance.py:1206} INFO - Marking task as SUCCESS. dag_id=weather_etl_pipeline_v2, task_id=quality_check, run_id=scheduled__2026-04-26T02:00:00+00:00, execution_date=20260426T020000, start_date=20260427T045224, end_date=20260427T045224
[2026-04-27T04:52:24.857+0000] {local_task_job_runner.py:243} INFO - Task exited with return code 0
[2026-04-27T04:52:24.883+0000] {taskinstance.py:3503} INFO - 1 downstream tasks scheduled from follow-on schedule check
[2026-04-27T04:52:24.886+0000] {local_task_job_runner.py:222} INFO - ::endgroup::
