[2026-04-09T11:06:45.467+0000] {local_task_job_runner.py:120} INFO - ::group::Pre task execution logs
[2026-04-09T11:06:45.519+0000] {taskinstance.py:2076} INFO - Dependencies all met for dep_context=non-requeueable deps ti=<TaskInstance: weather_etl_pipeline.transform scheduled__2026-04-08T02:00:00+00:00 [queued]>
[2026-04-09T11:06:45.531+0000] {taskinstance.py:2076} INFO - Dependencies all met for dep_context=requeueable deps ti=<TaskInstance: weather_etl_pipeline.transform scheduled__2026-04-08T02:00:00+00:00 [queued]>
[2026-04-09T11:06:45.532+0000] {taskinstance.py:2306} INFO - Starting attempt 1 of 3
[2026-04-09T11:06:45.551+0000] {taskinstance.py:2330} INFO - Executing <Task(PythonOperator): transform> on 2026-04-08 02:00:00+00:00
[2026-04-09T11:06:45.568+0000] {standard_task_runner.py:90} INFO - Running: ['airflow', 'tasks', 'run', 'weather_etl_pipeline', 'transform', 'scheduled__2026-04-08T02:00:00+00:00', '--job-id', '4', '--raw', '--subdir', 'DAGS_FOLDER/weather_etl_dag.py', '--cfg-path', '/tmp/tmpbrvc_a_5']
[2026-04-09T11:06:45.574+0000] {standard_task_runner.py:91} INFO - Job 4: Subtask transform
[2026-04-09T11:06:45.576+0000] {logging_mixin.py:188} WARNING - /home/airflow/.local/lib/python3.12/site-packages/airflow/task/task_runner/standard_task_runner.py:62 DeprecationWarning: This process (pid=213) is multi-threaded, use of fork() may lead to deadlocks in the child.
[2026-04-09T11:06:45.577+0000] {standard_task_runner.py:64} INFO - Started process 214 to run task
[2026-04-09T11:06:45.687+0000] {task_command.py:426} INFO - Running <TaskInstance: weather_etl_pipeline.transform scheduled__2026-04-08T02:00:00+00:00 [running]> on host bbdcd07d63cf
[2026-04-09T11:06:45.849+0000] {taskinstance.py:2648} INFO - Exporting env vars: AIRFLOW_CTX_DAG_OWNER='weather_etl' AIRFLOW_CTX_DAG_ID='weather_etl_pipeline' AIRFLOW_CTX_TASK_ID='transform' AIRFLOW_CTX_EXECUTION_DATE='2026-04-08T02:00:00+00:00' AIRFLOW_CTX_TRY_NUMBER='1' AIRFLOW_CTX_DAG_RUN_ID='scheduled__2026-04-08T02:00:00+00:00'
[2026-04-09T11:06:45.852+0000] {taskinstance.py:430} INFO - ::endgroup::
[2026-04-09T11:06:45.869+0000] {logger.py:59} INFO - ============================================================
[2026-04-09T11:06:45.872+0000] {logger.py:60} INFO - Starting Weather Transformation
[2026-04-09T11:06:45.873+0000] {logger.py:61} INFO - Execution time: 2026-04-09 11:06:45
[2026-04-09T11:06:45.875+0000] {logger.py:62} INFO - ============================================================
[2026-04-09T11:06:45.909+0000] {logging_mixin.py:188} WARNING - 2026-04-09 11:06:45 - scripts.transform - INFO - Starting transformation for 5 records
[2026-04-09T11:06:45.908+0000] {transform.py:118} INFO - Starting transformation for 5 records
[2026-04-09T11:06:45.911+0000] {logging_mixin.py:188} WARNING - 2026-04-09 11:06:45 - scripts.transform - INFO - Transformation complete: 5 successful, 0 failed
[2026-04-09T11:06:45.911+0000] {transform.py:132} INFO - Transformation complete: 5 successful, 0 failed
[2026-04-09T11:06:45.938+0000] {weather_etl_dag.py:109} INFO - Transformed 5 records
[2026-04-09T11:06:45.941+0000] {logger.py:67} INFO - ============================================================
[2026-04-09T11:06:45.944+0000] {logger.py:68} INFO - Finished Weather Transformation
[2026-04-09T11:06:45.946+0000] {logger.py:69} INFO - Status: SUCCESS
[2026-04-09T11:06:45.949+0000] {logger.py:70} INFO - Execution time: 2026-04-09 11:06:45
[2026-04-09T11:06:45.951+0000] {logger.py:71} INFO - ============================================================
[2026-04-09T11:06:45.954+0000] {python.py:237} INFO - Done. Returned value was: 5
[2026-04-09T11:06:45.956+0000] {taskinstance.py:441} INFO - ::group::Post task execution logs
[2026-04-09T11:06:45.999+0000] {taskinstance.py:1206} INFO - Marking task as SUCCESS. dag_id=weather_etl_pipeline, task_id=transform, run_id=scheduled__2026-04-08T02:00:00+00:00, execution_date=20260408T020000, start_date=20260409T110645, end_date=20260409T110645
[2026-04-09T11:06:46.038+0000] {local_task_job_runner.py:243} INFO - Task exited with return code 0
[2026-04-09T11:06:46.114+0000] {taskinstance.py:3503} INFO - 0 downstream tasks scheduled from follow-on schedule check
[2026-04-09T11:06:46.119+0000] {local_task_job_runner.py:222} INFO - ::endgroup::
