[2026-04-16T06:54:37.547+0000] {local_task_job_runner.py:120} INFO - ::group::Pre task execution logs
[2026-04-16T06:54:37.601+0000] {taskinstance.py:2076} INFO - Dependencies all met for dep_context=non-requeueable deps ti=<TaskInstance: weather_etl_pipeline_v2.transform_clean manual__2026-04-16T06:54:30+00:00 [queued]>
[2026-04-16T06:54:37.613+0000] {taskinstance.py:2076} INFO - Dependencies all met for dep_context=requeueable deps ti=<TaskInstance: weather_etl_pipeline_v2.transform_clean manual__2026-04-16T06:54:30+00:00 [queued]>
[2026-04-16T06:54:37.614+0000] {taskinstance.py:2306} INFO - Starting attempt 1 of 3
[2026-04-16T06:54:37.633+0000] {taskinstance.py:2330} INFO - Executing <Task(PythonOperator): transform_clean> on 2026-04-16 06:54:30+00:00
[2026-04-16T06:54:37.644+0000] {standard_task_runner.py:90} INFO - Running: ['airflow', 'tasks', 'run', 'weather_etl_pipeline_v2', 'transform_clean', 'manual__2026-04-16T06:54:30+00:00', '--job-id', '70', '--raw', '--subdir', 'DAGS_FOLDER/weather_etl_dag_v2.py', '--cfg-path', '/tmp/tmpswd1ewok']
[2026-04-16T06:54:37.646+0000] {logging_mixin.py:188} WARNING - /home/airflow/.local/lib/python3.12/site-packages/airflow/task/task_runner/standard_task_runner.py:62 DeprecationWarning: This process (pid=2422) is multi-threaded, use of fork() may lead to deadlocks in the child.
[2026-04-16T06:54:37.647+0000] {standard_task_runner.py:91} INFO - Job 70: Subtask transform_clean
[2026-04-16T06:54:37.648+0000] {standard_task_runner.py:64} INFO - Started process 2423 to run task
[2026-04-16T06:54:37.718+0000] {task_command.py:426} INFO - Running <TaskInstance: weather_etl_pipeline_v2.transform_clean manual__2026-04-16T06:54:30+00:00 [running]> on host cf9362e38fb8
[2026-04-16T06:54:37.850+0000] {taskinstance.py:2648} INFO - Exporting env vars: AIRFLOW_CTX_DAG_OWNER='weather_etl' AIRFLOW_CTX_DAG_ID='weather_etl_pipeline_v2' AIRFLOW_CTX_TASK_ID='transform_clean' AIRFLOW_CTX_EXECUTION_DATE='2026-04-16T06:54:30+00:00' AIRFLOW_CTX_TRY_NUMBER='1' AIRFLOW_CTX_DAG_RUN_ID='manual__2026-04-16T06:54:30+00:00'
[2026-04-16T06:54:37.856+0000] {taskinstance.py:430} INFO - ::endgroup::
[2026-04-16T06:54:37.878+0000] {weather_etl_dag_v2.py:184} INFO - ============================================================
[2026-04-16T06:54:37.880+0000] {weather_etl_dag_v2.py:185} INFO - TASK: TRANSFORM_CLEAN — Transform & load validated data
[2026-04-16T06:54:37.884+0000] {weather_etl_dag_v2.py:186} INFO - ============================================================
[2026-04-16T06:54:37.907+0000] {logging_mixin.py:188} WARNING - 2026-04-16 06:54:37 - scripts.load_raw - INFO - Successfully connected to PostgreSQL database
[2026-04-16T06:54:37.907+0000] {load_raw.py:38} INFO - Successfully connected to PostgreSQL database
[2026-04-16T06:54:37.915+0000] {logging_mixin.py:188} WARNING - 2026-04-16 06:54:37 - scripts.load_raw - INFO - Retrieved 62 unprocessed raw records (active only)
[2026-04-16T06:54:37.915+0000] {load_raw.py:233} INFO - Retrieved 62 unprocessed raw records (active only)
[2026-04-16T06:54:37.917+0000] {logging_mixin.py:188} WARNING - 2026-04-16 06:54:37 - scripts.load_raw - INFO - Database connection closed
[2026-04-16T06:54:37.917+0000] {load_raw.py:53} INFO - Database connection closed
[2026-04-16T06:54:37.919+0000] {logging_mixin.py:188} WARNING - 2026-04-16 06:54:37 - scripts.load_clean - INFO - Starting transformation and load for 62 raw records
[2026-04-16T06:54:37.919+0000] {load_clean.py:210} INFO - Starting transformation and load for 62 raw records
[2026-04-16T06:54:37.929+0000] {logging_mixin.py:188} WARNING - 2026-04-16 06:54:37 - scripts.load_clean - INFO - Successfully connected to PostgreSQL database
[2026-04-16T06:54:37.928+0000] {load_clean.py:41} INFO - Successfully connected to PostgreSQL database
[2026-04-16T06:54:37.933+0000] {logging_mixin.py:188} WARNING - 2026-04-16 06:54:37 - scripts.load_clean - INFO - Table 'weather_clean' created or already exists
[2026-04-16T06:54:37.933+0000] {load_clean.py:109} INFO - Table 'weather_clean' created or already exists
[2026-04-16T06:54:38.002+0000] {logging_mixin.py:188} WARNING - 2026-04-16 06:54:38 - scripts.load_clean - INFO - Marked 62 raw records as processed
[2026-04-16T06:54:38.001+0000] {load_clean.py:293} INFO - Marked 62 raw records as processed
[2026-04-16T06:54:38.004+0000] {logging_mixin.py:188} WARNING - 2026-04-16 06:54:38 - scripts.load_clean - INFO - Clean data load complete: 62 transformed, 62 validated, 62 loaded, 0 failed
[2026-04-16T06:54:38.004+0000] {load_clean.py:265} INFO - Clean data load complete: 62 transformed, 62 validated, 62 loaded, 0 failed
[2026-04-16T06:54:38.006+0000] {logging_mixin.py:188} WARNING - 2026-04-16 06:54:38 - scripts.load_clean - INFO - Database connection closed
[2026-04-16T06:54:38.005+0000] {load_clean.py:56} INFO - Database connection closed
[2026-04-16T06:54:38.029+0000] {weather_etl_dag_v2.py:200} INFO - ✓ Transform complete: 62 loaded, 0 failed (will be checked in quality_check)
[2026-04-16T06:54:38.032+0000] {python.py:237} INFO - Done. Returned value was: 62
[2026-04-16T06:54:38.034+0000] {taskinstance.py:441} INFO - ::group::Post task execution logs
[2026-04-16T06:54:38.080+0000] {taskinstance.py:1206} INFO - Marking task as SUCCESS. dag_id=weather_etl_pipeline_v2, task_id=transform_clean, run_id=manual__2026-04-16T06:54:30+00:00, execution_date=20260416T065430, start_date=20260416T065437, end_date=20260416T065438
[2026-04-16T06:54:38.103+0000] {local_task_job_runner.py:243} INFO - Task exited with return code 0
[2026-04-16T06:54:38.146+0000] {taskinstance.py:3503} INFO - 1 downstream tasks scheduled from follow-on schedule check
[2026-04-16T06:54:38.148+0000] {local_task_job_runner.py:222} INFO - ::endgroup::
