[2026-04-15T08:03:29.869+0000] {local_task_job_runner.py:120} INFO - ::group::Pre task execution logs
[2026-04-15T08:03:29.901+0000] {taskinstance.py:2076} INFO - Dependencies all met for dep_context=non-requeueable deps ti=<TaskInstance: weather_etl_pipeline_v2.transform_clean manual__2026-04-15T08:01:22.286568+00:00 [queued]>
[2026-04-15T08:03:29.911+0000] {taskinstance.py:2076} INFO - Dependencies all met for dep_context=requeueable deps ti=<TaskInstance: weather_etl_pipeline_v2.transform_clean manual__2026-04-15T08:01:22.286568+00:00 [queued]>
[2026-04-15T08:03:29.913+0000] {taskinstance.py:2306} INFO - Starting attempt 1 of 4
[2026-04-15T08:03:29.925+0000] {taskinstance.py:2330} INFO - Executing <Task(PythonOperator): transform_clean> on 2026-04-15 08:01:22.286568+00:00
[2026-04-15T08:03:29.933+0000] {standard_task_runner.py:90} INFO - Running: ['airflow', 'tasks', 'run', 'weather_etl_pipeline_v2', 'transform_clean', 'manual__2026-04-15T08:01:22.286568+00:00', '--job-id', '270', '--raw', '--subdir', 'DAGS_FOLDER/weather_etl_dag_v2.py', '--cfg-path', '/tmp/tmp35k57pk7']
[2026-04-15T08:03:29.935+0000] {standard_task_runner.py:91} INFO - Job 270: Subtask transform_clean
[2026-04-15T08:03:29.935+0000] {logging_mixin.py:188} WARNING - /home/airflow/.local/lib/python3.12/site-packages/airflow/task/task_runner/standard_task_runner.py:62 DeprecationWarning: This process (pid=202) is multi-threaded, use of fork() may lead to deadlocks in the child.
[2026-04-15T08:03:29.937+0000] {standard_task_runner.py:64} INFO - Started process 203 to run task
[2026-04-15T08:03:29.985+0000] {task_command.py:426} INFO - Running <TaskInstance: weather_etl_pipeline_v2.transform_clean manual__2026-04-15T08:01:22.286568+00:00 [running]> on host 5352684ecc2b
[2026-04-15T08:03:30.067+0000] {taskinstance.py:2648} INFO - Exporting env vars: AIRFLOW_CTX_DAG_OWNER='weather_etl' AIRFLOW_CTX_DAG_ID='weather_etl_pipeline_v2' AIRFLOW_CTX_TASK_ID='transform_clean' AIRFLOW_CTX_EXECUTION_DATE='2026-04-15T08:01:22.286568+00:00' AIRFLOW_CTX_TRY_NUMBER='1' AIRFLOW_CTX_DAG_RUN_ID='manual__2026-04-15T08:01:22.286568+00:00'
[2026-04-15T08:03:30.068+0000] {taskinstance.py:430} INFO - ::endgroup::
[2026-04-15T08:03:30.086+0000] {weather_etl_dag_v2.py:148} INFO - ============================================================
[2026-04-15T08:03:30.088+0000] {weather_etl_dag_v2.py:149} INFO - TASK: TRANSFORM_CLEAN - Transform and load clean data
[2026-04-15T08:03:30.089+0000] {weather_etl_dag_v2.py:150} INFO - ============================================================
[2026-04-15T08:03:30.103+0000] {logging_mixin.py:188} WARNING - 2026-04-15 08:03:30 - scripts.load_raw - INFO - Successfully connected to PostgreSQL database
[2026-04-15T08:03:30.102+0000] {load_raw.py:38} INFO - Successfully connected to PostgreSQL database
[2026-04-15T08:03:30.105+0000] {logging_mixin.py:188} WARNING - 2026-04-15 08:03:30 - scripts.load_raw - ERROR - Error fetching unprocessed records: column "processed" does not exist
LINE 4:             WHERE processed = FALSE 
                          ^
[2026-04-15T08:03:30.105+0000] {load_raw.py:219} ERROR - Error fetching unprocessed records: column "processed" does not exist
LINE 4:             WHERE processed = FALSE 
                          ^

[2026-04-15T08:03:30.107+0000] {logging_mixin.py:188} WARNING - 2026-04-15 08:03:30 - scripts.load_raw - INFO - Database connection closed
[2026-04-15T08:03:30.106+0000] {load_raw.py:53} INFO - Database connection closed
[2026-04-15T08:03:30.107+0000] {weather_etl_dag_v2.py:160} INFO - No unprocessed raw records found
[2026-04-15T08:03:30.108+0000] {python.py:237} INFO - Done. Returned value was: 0
[2026-04-15T08:03:30.109+0000] {taskinstance.py:441} INFO - ::group::Post task execution logs
[2026-04-15T08:03:30.128+0000] {taskinstance.py:1206} INFO - Marking task as SUCCESS. dag_id=weather_etl_pipeline_v2, task_id=transform_clean, run_id=manual__2026-04-15T08:01:22.286568+00:00, execution_date=20260415T080122, start_date=20260415T080329, end_date=20260415T080330
[2026-04-15T08:03:30.151+0000] {local_task_job_runner.py:243} INFO - Task exited with return code 0
[2026-04-15T08:03:30.177+0000] {taskinstance.py:3503} INFO - 1 downstream tasks scheduled from follow-on schedule check
[2026-04-15T08:03:30.179+0000] {local_task_job_runner.py:222} INFO - ::endgroup::
