[2026-04-16T06:45:10.833+0000] {local_task_job_runner.py:120} INFO - ::group::Pre task execution logs
[2026-04-16T06:45:10.884+0000] {taskinstance.py:2076} INFO - Dependencies all met for dep_context=non-requeueable deps ti=<TaskInstance: weather_etl_pipeline_v2.quality_check manual__2026-04-16T06:45:01.303182+00:00 [queued]>
[2026-04-16T06:45:10.896+0000] {taskinstance.py:2076} INFO - Dependencies all met for dep_context=requeueable deps ti=<TaskInstance: weather_etl_pipeline_v2.quality_check manual__2026-04-16T06:45:01.303182+00:00 [queued]>
[2026-04-16T06:45:10.898+0000] {taskinstance.py:2306} INFO - Starting attempt 1 of 3
[2026-04-16T06:45:10.915+0000] {taskinstance.py:2330} INFO - Executing <Task(PythonOperator): quality_check> on 2026-04-16 06:45:01.303182+00:00
[2026-04-16T06:45:10.926+0000] {logging_mixin.py:188} WARNING - /home/airflow/.local/lib/python3.12/site-packages/airflow/task/task_runner/standard_task_runner.py:62 DeprecationWarning: This process (pid=2113) is multi-threaded, use of fork() may lead to deadlocks in the child.
[2026-04-16T06:45:10.925+0000] {standard_task_runner.py:90} INFO - Running: ['airflow', 'tasks', 'run', 'weather_etl_pipeline_v2', 'quality_check', 'manual__2026-04-16T06:45:01.303182+00:00', '--job-id', '64', '--raw', '--subdir', 'DAGS_FOLDER/weather_etl_dag_v2.py', '--cfg-path', '/tmp/tmpzbh8ys4i']
[2026-04-16T06:45:10.928+0000] {standard_task_runner.py:64} INFO - Started process 2114 to run task
[2026-04-16T06:45:10.930+0000] {standard_task_runner.py:91} INFO - Job 64: Subtask quality_check
[2026-04-16T06:45:10.999+0000] {task_command.py:426} INFO - Running <TaskInstance: weather_etl_pipeline_v2.quality_check manual__2026-04-16T06:45:01.303182+00:00 [running]> on host cf9362e38fb8
[2026-04-16T06:45:11.109+0000] {taskinstance.py:2648} INFO - Exporting env vars: AIRFLOW_CTX_DAG_OWNER='weather_etl' AIRFLOW_CTX_DAG_ID='weather_etl_pipeline_v2' AIRFLOW_CTX_TASK_ID='quality_check' AIRFLOW_CTX_EXECUTION_DATE='2026-04-16T06:45:01.303182+00:00' AIRFLOW_CTX_TRY_NUMBER='1' AIRFLOW_CTX_DAG_RUN_ID='manual__2026-04-16T06:45:01.303182+00:00'
[2026-04-16T06:45:11.110+0000] {taskinstance.py:430} INFO - ::endgroup::
[2026-04-16T06:45:11.125+0000] {weather_etl_dag_v2.py:224} INFO - ============================================================
[2026-04-16T06:45:11.127+0000] {weather_etl_dag_v2.py:225} INFO - TASK: QUALITY_CHECK — Validating clean data quality
[2026-04-16T06:45:11.129+0000] {weather_etl_dag_v2.py:226} INFO - ============================================================
[2026-04-16T06:45:11.147+0000] {logging_mixin.py:188} WARNING - 2026-04-16 06:45:11 - scripts.validate - INFO - Starting data quality validation for 29 records
[2026-04-16T06:45:11.146+0000] {validate.py:201} INFO - Starting data quality validation for 29 records
[2026-04-16T06:45:11.148+0000] {logging_mixin.py:188} WARNING - 2026-04-16 06:45:11 - scripts.validate - INFO - Validation complete: 29 valid, 0 invalid (100.0% pass rate)
[2026-04-16T06:45:11.148+0000] {validate.py:228} INFO - Validation complete: 29 valid, 0 invalid (100.0% pass rate)
[2026-04-16T06:45:11.149+0000] {weather_etl_dag_v2.py:271} INFO - ✓ Quality check: 100.0% pass rate (29/29)
[2026-04-16T06:45:11.167+0000] {python.py:237} INFO - Done. Returned value was: 100.0
[2026-04-16T06:45:11.169+0000] {taskinstance.py:441} INFO - ::group::Post task execution logs
[2026-04-16T06:45:11.199+0000] {taskinstance.py:1206} INFO - Marking task as SUCCESS. dag_id=weather_etl_pipeline_v2, task_id=quality_check, run_id=manual__2026-04-16T06:45:01.303182+00:00, execution_date=20260416T064501, start_date=20260416T064510, end_date=20260416T064511
[2026-04-16T06:45:11.226+0000] {local_task_job_runner.py:243} INFO - Task exited with return code 0
[2026-04-16T06:45:11.258+0000] {taskinstance.py:3503} INFO - 1 downstream tasks scheduled from follow-on schedule check
[2026-04-16T06:45:11.261+0000] {local_task_job_runner.py:222} INFO - ::endgroup::
