[2026-04-25T05:46:44.087+0000] {local_task_job_runner.py:120} INFO - ::group::Pre task execution logs
[2026-04-25T05:46:44.129+0000] {taskinstance.py:2076} INFO - Dependencies all met for dep_context=non-requeueable deps ti=<TaskInstance: weather_etl_pipeline_v2.update_metadata_success scheduled__2026-04-24T02:00:00+00:00 [queued]>
[2026-04-25T05:46:44.138+0000] {taskinstance.py:2076} INFO - Dependencies all met for dep_context=requeueable deps ti=<TaskInstance: weather_etl_pipeline_v2.update_metadata_success scheduled__2026-04-24T02:00:00+00:00 [queued]>
[2026-04-25T05:46:44.139+0000] {taskinstance.py:2306} INFO - Starting attempt 1 of 4
[2026-04-25T05:46:44.156+0000] {taskinstance.py:2330} INFO - Executing <Task(PythonOperator): update_metadata_success> on 2026-04-24 02:00:00+00:00
[2026-04-25T05:46:44.164+0000] {logging_mixin.py:188} WARNING - /home/airflow/.local/lib/python3.12/site-packages/airflow/task/task_runner/standard_task_runner.py:62 DeprecationWarning: This process (pid=204) is multi-threaded, use of fork() may lead to deadlocks in the child.
[2026-04-25T05:46:44.165+0000] {standard_task_runner.py:64} INFO - Started process 205 to run task
[2026-04-25T05:46:44.164+0000] {standard_task_runner.py:90} INFO - Running: ['airflow', 'tasks', 'run', 'weather_etl_pipeline_v2', 'update_metadata_success', 'scheduled__2026-04-24T02:00:00+00:00', '--job-id', '196', '--raw', '--subdir', 'DAGS_FOLDER/weather_etl_dag_v2.py', '--cfg-path', '/tmp/tmp6n5cku35']
[2026-04-25T05:46:44.167+0000] {standard_task_runner.py:91} INFO - Job 196: Subtask update_metadata_success
[2026-04-25T05:46:44.227+0000] {task_command.py:426} INFO - Running <TaskInstance: weather_etl_pipeline_v2.update_metadata_success scheduled__2026-04-24T02:00:00+00:00 [running]> on host 1d106a615a00
[2026-04-25T05:46:44.345+0000] {taskinstance.py:2648} INFO - Exporting env vars: AIRFLOW_CTX_DAG_OWNER='weather_etl' AIRFLOW_CTX_DAG_ID='weather_etl_pipeline_v2' AIRFLOW_CTX_TASK_ID='update_metadata_success' AIRFLOW_CTX_EXECUTION_DATE='2026-04-24T02:00:00+00:00' AIRFLOW_CTX_TRY_NUMBER='1' AIRFLOW_CTX_DAG_RUN_ID='scheduled__2026-04-24T02:00:00+00:00'
[2026-04-25T05:46:44.347+0000] {taskinstance.py:430} INFO - ::endgroup::
[2026-04-25T05:46:44.363+0000] {weather_etl_dag_v2.py:316} INFO - ============================================================
[2026-04-25T05:46:44.365+0000] {weather_etl_dag_v2.py:317} INFO - TASK: UPDATE_METADATA_SUCCESS — Recording successful pipeline run
[2026-04-25T05:46:44.366+0000] {weather_etl_dag_v2.py:318} INFO - ============================================================
[2026-04-25T05:46:44.436+0000] {logging_mixin.py:188} WARNING - 2026-04-25 05:46:44 - scripts.metadata_manager - INFO - Successfully connected to PostgreSQL database
[2026-04-25T05:46:44.435+0000] {metadata_manager.py:38} INFO - Successfully connected to PostgreSQL database
[2026-04-25T05:46:44.441+0000] {logging_mixin.py:188} WARNING - 2026-04-25 05:46:44 - scripts.metadata_manager - INFO - Table 'pipeline_metadata' created or already exists
[2026-04-25T05:46:44.441+0000] {metadata_manager.py:92} INFO - Table 'pipeline_metadata' created or already exists
[2026-04-25T05:46:44.446+0000] {logging_mixin.py:188} WARNING - 2026-04-25 05:46:44 - scripts.metadata_manager - INFO - Pipeline weather_etl_pipeline_v2 marked as SUCCESS: 14 processed, 229 inserted, 0 failed
[2026-04-25T05:46:44.445+0000] {metadata_manager.py:241} INFO - Pipeline weather_etl_pipeline_v2 marked as SUCCESS: 14 processed, 229 inserted, 0 failed
[2026-04-25T05:46:44.448+0000] {logging_mixin.py:188} WARNING - 2026-04-25 05:46:44 - scripts.metadata_manager - INFO - Database connection closed
[2026-04-25T05:46:44.448+0000] {metadata_manager.py:53} INFO - Database connection closed
[2026-04-25T05:46:44.449+0000] {weather_etl_dag_v2.py:338} INFO - ✓ Pipeline marked as SUCCESS
[2026-04-25T05:46:44.450+0000] {weather_etl_dag_v2.py:339} INFO -   Records extracted  : 14
[2026-04-25T05:46:44.451+0000] {weather_etl_dag_v2.py:340} INFO -   Records inserted   : 229
[2026-04-25T05:46:44.452+0000] {weather_etl_dag_v2.py:341} INFO -   Records failed     : 0
[2026-04-25T05:46:44.453+0000] {weather_etl_dag_v2.py:342} INFO -   Validation rate    : 100.0%
[2026-04-25T05:46:44.454+0000] {weather_etl_dag_v2.py:343} INFO -   Agg rows upserted  : 0
[2026-04-25T05:46:44.455+0000] {python.py:237} INFO - Done. Returned value was: True
[2026-04-25T05:46:44.456+0000] {taskinstance.py:441} INFO - ::group::Post task execution logs
[2026-04-25T05:46:44.490+0000] {taskinstance.py:1206} INFO - Marking task as SUCCESS. dag_id=weather_etl_pipeline_v2, task_id=update_metadata_success, run_id=scheduled__2026-04-24T02:00:00+00:00, execution_date=20260424T020000, start_date=20260425T054644, end_date=20260425T054644
[2026-04-25T05:46:44.542+0000] {local_task_job_runner.py:243} INFO - Task exited with return code 0
[2026-04-25T05:46:44.575+0000] {taskinstance.py:3503} INFO - 0 downstream tasks scheduled from follow-on schedule check
[2026-04-25T05:46:44.580+0000] {local_task_job_runner.py:222} INFO - ::endgroup::
