[2026-04-11T11:45:06.407+0000] {local_task_job_runner.py:120} INFO - ::group::Pre task execution logs
[2026-04-11T11:45:06.500+0000] {taskinstance.py:2076} INFO - Dependencies all met for dep_context=non-requeueable deps ti=<TaskInstance: weather_etl_pipeline_v2.extract manual__2026-04-11T11:45:03.699328+00:00 [queued]>
[2026-04-11T11:45:06.527+0000] {taskinstance.py:2076} INFO - Dependencies all met for dep_context=requeueable deps ti=<TaskInstance: weather_etl_pipeline_v2.extract manual__2026-04-11T11:45:03.699328+00:00 [queued]>
[2026-04-11T11:45:06.531+0000] {taskinstance.py:2306} INFO - Starting attempt 1 of 4
[2026-04-11T11:45:06.561+0000] {taskinstance.py:2330} INFO - Executing <Task(PythonOperator): extract> on 2026-04-11 11:45:03.699328+00:00
[2026-04-11T11:45:06.577+0000] {standard_task_runner.py:90} INFO - Running: ['airflow', 'tasks', 'run', 'weather_etl_pipeline_v2', 'extract', 'manual__2026-04-11T11:45:03.699328+00:00', '--job-id', '136', '--raw', '--subdir', 'DAGS_FOLDER/weather_etl_dag_v2.py', '--cfg-path', '/tmp/tmpynzzbsrf']
[2026-04-11T11:45:06.583+0000] {logging_mixin.py:188} WARNING - /home/airflow/.local/lib/python3.12/site-packages/airflow/task/task_runner/standard_task_runner.py:62 DeprecationWarning: This process (pid=232) is multi-threaded, use of fork() may lead to deadlocks in the child.
[2026-04-11T11:45:06.585+0000] {standard_task_runner.py:91} INFO - Job 136: Subtask extract
[2026-04-11T11:45:06.585+0000] {standard_task_runner.py:64} INFO - Started process 233 to run task
[2026-04-11T11:45:06.725+0000] {task_command.py:426} INFO - Running <TaskInstance: weather_etl_pipeline_v2.extract manual__2026-04-11T11:45:03.699328+00:00 [running]> on host 9514c60f7b76
[2026-04-11T11:45:06.935+0000] {taskinstance.py:2648} INFO - Exporting env vars: AIRFLOW_CTX_DAG_OWNER='weather_etl' AIRFLOW_CTX_DAG_ID='weather_etl_pipeline_v2' AIRFLOW_CTX_TASK_ID='extract' AIRFLOW_CTX_EXECUTION_DATE='2026-04-11T11:45:03.699328+00:00' AIRFLOW_CTX_TRY_NUMBER='1' AIRFLOW_CTX_DAG_RUN_ID='manual__2026-04-11T11:45:03.699328+00:00'
[2026-04-11T11:45:06.937+0000] {taskinstance.py:430} INFO - ::endgroup::
[2026-04-11T11:45:06.954+0000] {weather_etl_dag_v2.py:66} INFO - ============================================================
[2026-04-11T11:45:06.956+0000] {weather_etl_dag_v2.py:67} INFO - TASK: EXTRACT - Fetching weather data from API
[2026-04-11T11:45:06.958+0000] {weather_etl_dag_v2.py:68} INFO - ============================================================
[2026-04-11T11:45:06.969+0000] {logging_mixin.py:188} WARNING - 2026-04-11 11:45:06 - scripts.extract - INFO - Starting extraction for cities: Ahmedabad, Mumbai, Delhi, Bangalore, Chennai
[2026-04-11T11:45:06.968+0000] {extract.py:126} INFO - Starting extraction for cities: Ahmedabad, Mumbai, Delhi, Bangalore, Chennai
[2026-04-11T11:45:06.972+0000] {logging_mixin.py:188} WARNING - 2026-04-11 11:45:06 - scripts.extract - INFO - Starting extraction for 5 cities
[2026-04-11T11:45:06.970+0000] {extract.py:96} INFO - Starting extraction for 5 cities
[2026-04-11T11:45:06.974+0000] {logging_mixin.py:188} WARNING - 2026-04-11 11:45:06 - scripts.extract - INFO - Fetching weather data for Ahmedabad (attempt 1/3)
[2026-04-11T11:45:06.974+0000] {extract.py:47} INFO - Fetching weather data for Ahmedabad (attempt 1/3)
[2026-04-11T11:45:07.316+0000] {logging_mixin.py:188} WARNING - 2026-04-11 11:45:07 - scripts.extract - INFO - Successfully fetched data for Ahmedabad
[2026-04-11T11:45:07.315+0000] {extract.py:53} INFO - Successfully fetched data for Ahmedabad
[2026-04-11T11:45:07.323+0000] {logging_mixin.py:188} WARNING - 2026-04-11 11:45:07 - scripts.extract - INFO - Fetching weather data for Mumbai (attempt 1/3)
[2026-04-11T11:45:07.322+0000] {extract.py:47} INFO - Fetching weather data for Mumbai (attempt 1/3)
[2026-04-11T11:45:07.471+0000] {logging_mixin.py:188} WARNING - 2026-04-11 11:45:07 - scripts.extract - INFO - Successfully fetched data for Mumbai
[2026-04-11T11:45:07.470+0000] {extract.py:53} INFO - Successfully fetched data for Mumbai
[2026-04-11T11:45:07.475+0000] {logging_mixin.py:188} WARNING - 2026-04-11 11:45:07 - scripts.extract - INFO - Fetching weather data for Delhi (attempt 1/3)
[2026-04-11T11:45:07.474+0000] {extract.py:47} INFO - Fetching weather data for Delhi (attempt 1/3)
[2026-04-11T11:45:07.622+0000] {logging_mixin.py:188} WARNING - 2026-04-11 11:45:07 - scripts.extract - INFO - Successfully fetched data for Delhi
[2026-04-11T11:45:07.621+0000] {extract.py:53} INFO - Successfully fetched data for Delhi
[2026-04-11T11:45:07.627+0000] {logging_mixin.py:188} WARNING - 2026-04-11 11:45:07 - scripts.extract - INFO - Fetching weather data for Bangalore (attempt 1/3)
[2026-04-11T11:45:07.626+0000] {extract.py:47} INFO - Fetching weather data for Bangalore (attempt 1/3)
[2026-04-11T11:45:07.788+0000] {logging_mixin.py:188} WARNING - 2026-04-11 11:45:07 - scripts.extract - INFO - Successfully fetched data for Bangalore
[2026-04-11T11:45:07.787+0000] {extract.py:53} INFO - Successfully fetched data for Bangalore
[2026-04-11T11:45:07.791+0000] {logging_mixin.py:188} WARNING - 2026-04-11 11:45:07 - scripts.extract - INFO - Fetching weather data for Chennai (attempt 1/3)
[2026-04-11T11:45:07.790+0000] {extract.py:47} INFO - Fetching weather data for Chennai (attempt 1/3)
[2026-04-11T11:45:07.935+0000] {logging_mixin.py:188} WARNING - 2026-04-11 11:45:07 - scripts.extract - INFO - Successfully fetched data for Chennai
[2026-04-11T11:45:07.934+0000] {extract.py:53} INFO - Successfully fetched data for Chennai
[2026-04-11T11:45:07.942+0000] {logging_mixin.py:188} WARNING - 2026-04-11 11:45:07 - scripts.extract - INFO - Extraction complete: 5 successful, 0 failed
[2026-04-11T11:45:07.939+0000] {extract.py:113} INFO - Extraction complete: 5 successful, 0 failed
[2026-04-11T11:45:07.946+0000] {logging_mixin.py:188} WARNING - 2026-04-11 11:45:07 - scripts.extract - INFO - Extracted 5 weather records
[2026-04-11T11:45:07.945+0000] {extract.py:130} INFO - Extracted 5 weather records
[2026-04-11T11:45:07.992+0000] {weather_etl_dag_v2.py:77} INFO - ✓ Extraction complete: 5 records fetched
[2026-04-11T11:45:07.998+0000] {python.py:237} INFO - Done. Returned value was: 5
[2026-04-11T11:45:08.000+0000] {taskinstance.py:441} INFO - ::group::Post task execution logs
[2026-04-11T11:45:08.046+0000] {taskinstance.py:1206} INFO - Marking task as SUCCESS. dag_id=weather_etl_pipeline_v2, task_id=extract, run_id=manual__2026-04-11T11:45:03.699328+00:00, execution_date=20260411T114503, start_date=20260411T114506, end_date=20260411T114508
[2026-04-11T11:45:08.093+0000] {local_task_job_runner.py:243} INFO - Task exited with return code 0
[2026-04-11T11:45:08.154+0000] {taskinstance.py:3503} INFO - 1 downstream tasks scheduled from follow-on schedule check
[2026-04-11T11:45:08.157+0000] {local_task_job_runner.py:222} INFO - ::endgroup::
