[2026-04-16T06:58:13.484+0000] {local_task_job_runner.py:120} INFO - ::group::Pre task execution logs
[2026-04-16T06:58:13.563+0000] {taskinstance.py:2076} INFO - Dependencies all met for dep_context=non-requeueable deps ti=<TaskInstance: weather_etl_pipeline_v2.extract manual__2026-04-16T06:58:09+00:00 [queued]>
[2026-04-16T06:58:13.584+0000] {taskinstance.py:2076} INFO - Dependencies all met for dep_context=requeueable deps ti=<TaskInstance: weather_etl_pipeline_v2.extract manual__2026-04-16T06:58:09+00:00 [queued]>
[2026-04-16T06:58:13.586+0000] {taskinstance.py:2306} INFO - Starting attempt 1 of 4
[2026-04-16T06:58:13.618+0000] {taskinstance.py:2330} INFO - Executing <Task(PythonOperator): extract> on 2026-04-16 06:58:09+00:00
[2026-04-16T06:58:13.636+0000] {logging_mixin.py:188} WARNING - /home/airflow/.local/lib/python3.12/site-packages/airflow/task/task_runner/standard_task_runner.py:62 DeprecationWarning: This process (pid=2554) is multi-threaded, use of fork() may lead to deadlocks in the child.
[2026-04-16T06:58:13.635+0000] {standard_task_runner.py:90} INFO - Running: ['airflow', 'tasks', 'run', 'weather_etl_pipeline_v2', 'extract', 'manual__2026-04-16T06:58:09+00:00', '--job-id', '75', '--raw', '--subdir', 'DAGS_FOLDER/weather_etl_dag_v2.py', '--cfg-path', '/tmp/tmpjra7mwjy']
[2026-04-16T06:58:13.639+0000] {standard_task_runner.py:64} INFO - Started process 2557 to run task
[2026-04-16T06:58:13.641+0000] {standard_task_runner.py:91} INFO - Job 75: Subtask extract
[2026-04-16T06:58:13.767+0000] {task_command.py:426} INFO - Running <TaskInstance: weather_etl_pipeline_v2.extract manual__2026-04-16T06:58:09+00:00 [running]> on host cf9362e38fb8
[2026-04-16T06:58:14.038+0000] {taskinstance.py:2648} INFO - Exporting env vars: AIRFLOW_CTX_DAG_OWNER='weather_etl' AIRFLOW_CTX_DAG_ID='weather_etl_pipeline_v2' AIRFLOW_CTX_TASK_ID='extract' AIRFLOW_CTX_EXECUTION_DATE='2026-04-16T06:58:09+00:00' AIRFLOW_CTX_TRY_NUMBER='1' AIRFLOW_CTX_DAG_RUN_ID='manual__2026-04-16T06:58:09+00:00'
[2026-04-16T06:58:14.040+0000] {taskinstance.py:430} INFO - ::endgroup::
[2026-04-16T06:58:14.071+0000] {weather_etl_dag_v2.py:98} INFO - ============================================================
[2026-04-16T06:58:14.073+0000] {weather_etl_dag_v2.py:99} INFO - TASK: EXTRACT — Fetching weather data from OpenWeatherMap API
[2026-04-16T06:58:14.075+0000] {weather_etl_dag_v2.py:100} INFO - ============================================================
[2026-04-16T06:58:14.089+0000] {weather_etl_dag_v2.py:119} INFO - Active cities fetched from DB: ['Ahmedabad', 'Bengaluru', 'Chennai', 'Delhi', 'Indore', 'Mumbai', 'New York', 'Palanpur']
[2026-04-16T06:58:14.097+0000] {logging_mixin.py:188} WARNING - 2026-04-16 06:58:14 - scripts.extract - INFO - Starting extraction for cities: Ahmedabad, Bengaluru, Chennai, Delhi, Indore, Mumbai, New York, Palanpur
[2026-04-16T06:58:14.096+0000] {extract.py:127} INFO - Starting extraction for cities: Ahmedabad, Bengaluru, Chennai, Delhi, Indore, Mumbai, New York, Palanpur
[2026-04-16T06:58:14.100+0000] {logging_mixin.py:188} WARNING - 2026-04-16 06:58:14 - scripts.extract - INFO - Starting extraction for 8 cities
[2026-04-16T06:58:14.099+0000] {extract.py:96} INFO - Starting extraction for 8 cities
[2026-04-16T06:58:14.103+0000] {logging_mixin.py:188} WARNING - 2026-04-16 06:58:14 - scripts.extract - INFO - Fetching weather data for Ahmedabad (attempt 1/3)
[2026-04-16T06:58:14.102+0000] {extract.py:47} INFO - Fetching weather data for Ahmedabad (attempt 1/3)
[2026-04-16T06:58:14.321+0000] {logging_mixin.py:188} WARNING - 2026-04-16 06:58:14 - scripts.extract - INFO - Successfully fetched data for Ahmedabad
[2026-04-16T06:58:14.317+0000] {extract.py:53} INFO - Successfully fetched data for Ahmedabad
[2026-04-16T06:58:14.333+0000] {logging_mixin.py:188} WARNING - 2026-04-16 06:58:14 - scripts.extract - INFO - Fetching weather data for Bengaluru (attempt 1/3)
[2026-04-16T06:58:14.329+0000] {extract.py:47} INFO - Fetching weather data for Bengaluru (attempt 1/3)
[2026-04-16T06:58:14.533+0000] {logging_mixin.py:188} WARNING - 2026-04-16 06:58:14 - scripts.extract - INFO - Successfully fetched data for Bengaluru
[2026-04-16T06:58:14.531+0000] {extract.py:53} INFO - Successfully fetched data for Bengaluru
[2026-04-16T06:58:14.537+0000] {logging_mixin.py:188} WARNING - 2026-04-16 06:58:14 - scripts.extract - INFO - Fetching weather data for Chennai (attempt 1/3)
[2026-04-16T06:58:14.536+0000] {extract.py:47} INFO - Fetching weather data for Chennai (attempt 1/3)
[2026-04-16T06:58:14.764+0000] {logging_mixin.py:188} WARNING - 2026-04-16 06:58:14 - scripts.extract - INFO - Successfully fetched data for Chennai
[2026-04-16T06:58:14.762+0000] {extract.py:53} INFO - Successfully fetched data for Chennai
[2026-04-16T06:58:14.772+0000] {logging_mixin.py:188} WARNING - 2026-04-16 06:58:14 - scripts.extract - INFO - Fetching weather data for Delhi (attempt 1/3)
[2026-04-16T06:58:14.770+0000] {extract.py:47} INFO - Fetching weather data for Delhi (attempt 1/3)
[2026-04-16T06:58:14.987+0000] {logging_mixin.py:188} WARNING - 2026-04-16 06:58:14 - scripts.extract - INFO - Successfully fetched data for Delhi
[2026-04-16T06:58:14.985+0000] {extract.py:53} INFO - Successfully fetched data for Delhi
[2026-04-16T06:58:14.993+0000] {logging_mixin.py:188} WARNING - 2026-04-16 06:58:14 - scripts.extract - INFO - Fetching weather data for Indore (attempt 1/3)
[2026-04-16T06:58:14.992+0000] {extract.py:47} INFO - Fetching weather data for Indore (attempt 1/3)
[2026-04-16T06:58:15.220+0000] {logging_mixin.py:188} WARNING - 2026-04-16 06:58:15 - scripts.extract - INFO - Successfully fetched data for Indore
[2026-04-16T06:58:15.218+0000] {extract.py:53} INFO - Successfully fetched data for Indore
[2026-04-16T06:58:15.227+0000] {logging_mixin.py:188} WARNING - 2026-04-16 06:58:15 - scripts.extract - INFO - Fetching weather data for Mumbai (attempt 1/3)
[2026-04-16T06:58:15.225+0000] {extract.py:47} INFO - Fetching weather data for Mumbai (attempt 1/3)
[2026-04-16T06:58:15.432+0000] {logging_mixin.py:188} WARNING - 2026-04-16 06:58:15 - scripts.extract - INFO - Successfully fetched data for Mumbai
[2026-04-16T06:58:15.431+0000] {extract.py:53} INFO - Successfully fetched data for Mumbai
[2026-04-16T06:58:15.437+0000] {logging_mixin.py:188} WARNING - 2026-04-16 06:58:15 - scripts.extract - INFO - Fetching weather data for New York (attempt 1/3)
[2026-04-16T06:58:15.436+0000] {extract.py:47} INFO - Fetching weather data for New York (attempt 1/3)
[2026-04-16T06:58:15.650+0000] {logging_mixin.py:188} WARNING - 2026-04-16 06:58:15 - scripts.extract - INFO - Successfully fetched data for New York
[2026-04-16T06:58:15.649+0000] {extract.py:53} INFO - Successfully fetched data for New York
[2026-04-16T06:58:15.655+0000] {logging_mixin.py:188} WARNING - 2026-04-16 06:58:15 - scripts.extract - INFO - Fetching weather data for Palanpur (attempt 1/3)
[2026-04-16T06:58:15.653+0000] {extract.py:47} INFO - Fetching weather data for Palanpur (attempt 1/3)
[2026-04-16T06:58:15.875+0000] {logging_mixin.py:188} WARNING - 2026-04-16 06:58:15 - scripts.extract - INFO - Successfully fetched data for Palanpur
[2026-04-16T06:58:15.873+0000] {extract.py:53} INFO - Successfully fetched data for Palanpur
[2026-04-16T06:58:15.879+0000] {logging_mixin.py:188} WARNING - 2026-04-16 06:58:15 - scripts.extract - INFO - Extraction complete: 8 successful, 0 failed
[2026-04-16T06:58:15.878+0000] {extract.py:114} INFO - Extraction complete: 8 successful, 0 failed
[2026-04-16T06:58:15.883+0000] {logging_mixin.py:188} WARNING - 2026-04-16 06:58:15 - scripts.extract - INFO - Extracted 8 weather records
[2026-04-16T06:58:15.882+0000] {extract.py:131} INFO - Extracted 8 weather records
[2026-04-16T06:58:15.922+0000] {weather_etl_dag_v2.py:127} INFO - ✓ Extraction complete: 8 records for 8 cities in 1.84s
[2026-04-16T06:58:15.927+0000] {python.py:237} INFO - Done. Returned value was: 8
[2026-04-16T06:58:15.930+0000] {taskinstance.py:441} INFO - ::group::Post task execution logs
[2026-04-16T06:58:15.991+0000] {taskinstance.py:1206} INFO - Marking task as SUCCESS. dag_id=weather_etl_pipeline_v2, task_id=extract, run_id=manual__2026-04-16T06:58:09+00:00, execution_date=20260416T065809, start_date=20260416T065813, end_date=20260416T065815
[2026-04-16T06:58:16.037+0000] {local_task_job_runner.py:243} INFO - Task exited with return code 0
[2026-04-16T06:58:16.099+0000] {taskinstance.py:3503} INFO - 1 downstream tasks scheduled from follow-on schedule check
[2026-04-16T06:58:16.102+0000] {local_task_job_runner.py:222} INFO - ::endgroup::
