[2026-04-11T11:16:23.433+0000] {local_task_job_runner.py:120} INFO - ::group::Pre task execution logs
[2026-04-11T11:16:23.470+0000] {taskinstance.py:2076} INFO - Dependencies all met for dep_context=non-requeueable deps ti=<TaskInstance: weather_etl_pipeline_v2.extract manual__2026-04-11T11:16:21+00:00 [queued]>
[2026-04-11T11:16:23.485+0000] {taskinstance.py:2076} INFO - Dependencies all met for dep_context=requeueable deps ti=<TaskInstance: weather_etl_pipeline_v2.extract manual__2026-04-11T11:16:21+00:00 [queued]>
[2026-04-11T11:16:23.486+0000] {taskinstance.py:2306} INFO - Starting attempt 1 of 4
[2026-04-11T11:16:23.501+0000] {taskinstance.py:2330} INFO - Executing <Task(PythonOperator): extract> on 2026-04-11 11:16:21+00:00
[2026-04-11T11:16:23.512+0000] {standard_task_runner.py:90} INFO - Running: ['airflow', 'tasks', 'run', 'weather_etl_pipeline_v2', 'extract', 'manual__2026-04-11T11:16:21+00:00', '--job-id', '95', '--raw', '--subdir', 'DAGS_FOLDER/weather_etl_dag_v2.py', '--cfg-path', '/tmp/tmp0moo_ymc']
[2026-04-11T11:16:23.518+0000] {standard_task_runner.py:91} INFO - Job 95: Subtask extract
[2026-04-11T11:16:23.525+0000] {logging_mixin.py:188} WARNING - /home/airflow/.local/lib/python3.12/site-packages/airflow/task/task_runner/standard_task_runner.py:62 DeprecationWarning: This process (pid=190) is multi-threaded, use of fork() may lead to deadlocks in the child.
[2026-04-11T11:16:23.527+0000] {standard_task_runner.py:64} INFO - Started process 191 to run task
[2026-04-11T11:16:23.591+0000] {task_command.py:426} INFO - Running <TaskInstance: weather_etl_pipeline_v2.extract manual__2026-04-11T11:16:21+00:00 [running]> on host 9514c60f7b76
[2026-04-11T11:16:23.697+0000] {taskinstance.py:2648} INFO - Exporting env vars: AIRFLOW_CTX_DAG_OWNER='weather_etl' AIRFLOW_CTX_DAG_ID='weather_etl_pipeline_v2' AIRFLOW_CTX_TASK_ID='extract' AIRFLOW_CTX_EXECUTION_DATE='2026-04-11T11:16:21+00:00' AIRFLOW_CTX_TRY_NUMBER='1' AIRFLOW_CTX_DAG_RUN_ID='manual__2026-04-11T11:16:21+00:00'
[2026-04-11T11:16:23.700+0000] {taskinstance.py:430} INFO - ::endgroup::
[2026-04-11T11:16:23.713+0000] {weather_etl_dag_v2.py:66} INFO - ============================================================
[2026-04-11T11:16:23.715+0000] {weather_etl_dag_v2.py:67} INFO - TASK: EXTRACT - Fetching weather data from API
[2026-04-11T11:16:23.716+0000] {weather_etl_dag_v2.py:68} INFO - ============================================================
[2026-04-11T11:16:23.722+0000] {logging_mixin.py:188} WARNING - 2026-04-11 11:16:23 - scripts.extract - INFO - Starting extraction for cities: Ahmedabad, Mumbai, Delhi, Bangalore, Chennai
[2026-04-11T11:16:23.721+0000] {extract.py:126} INFO - Starting extraction for cities: Ahmedabad, Mumbai, Delhi, Bangalore, Chennai
[2026-04-11T11:16:23.723+0000] {logging_mixin.py:188} WARNING - 2026-04-11 11:16:23 - scripts.extract - INFO - Starting extraction for 5 cities
[2026-04-11T11:16:23.723+0000] {extract.py:96} INFO - Starting extraction for 5 cities
[2026-04-11T11:16:23.725+0000] {logging_mixin.py:188} WARNING - 2026-04-11 11:16:23 - scripts.extract - INFO - Fetching weather data for Ahmedabad (attempt 1/3)
[2026-04-11T11:16:23.724+0000] {extract.py:47} INFO - Fetching weather data for Ahmedabad (attempt 1/3)
[2026-04-11T11:16:23.917+0000] {logging_mixin.py:188} WARNING - 2026-04-11 11:16:23 - scripts.extract - INFO - Successfully fetched data for Ahmedabad
[2026-04-11T11:16:23.916+0000] {extract.py:53} INFO - Successfully fetched data for Ahmedabad
[2026-04-11T11:16:23.922+0000] {logging_mixin.py:188} WARNING - 2026-04-11 11:16:23 - scripts.extract - INFO - Fetching weather data for Mumbai (attempt 1/3)
[2026-04-11T11:16:23.921+0000] {extract.py:47} INFO - Fetching weather data for Mumbai (attempt 1/3)
[2026-04-11T11:16:24.067+0000] {logging_mixin.py:188} WARNING - 2026-04-11 11:16:24 - scripts.extract - INFO - Successfully fetched data for Mumbai
[2026-04-11T11:16:24.066+0000] {extract.py:53} INFO - Successfully fetched data for Mumbai
[2026-04-11T11:16:24.069+0000] {logging_mixin.py:188} WARNING - 2026-04-11 11:16:24 - scripts.extract - INFO - Fetching weather data for Delhi (attempt 1/3)
[2026-04-11T11:16:24.068+0000] {extract.py:47} INFO - Fetching weather data for Delhi (attempt 1/3)
[2026-04-11T11:16:24.210+0000] {logging_mixin.py:188} WARNING - 2026-04-11 11:16:24 - scripts.extract - INFO - Successfully fetched data for Delhi
[2026-04-11T11:16:24.209+0000] {extract.py:53} INFO - Successfully fetched data for Delhi
[2026-04-11T11:16:24.213+0000] {logging_mixin.py:188} WARNING - 2026-04-11 11:16:24 - scripts.extract - INFO - Fetching weather data for Bangalore (attempt 1/3)
[2026-04-11T11:16:24.212+0000] {extract.py:47} INFO - Fetching weather data for Bangalore (attempt 1/3)
[2026-04-11T11:16:24.367+0000] {logging_mixin.py:188} WARNING - 2026-04-11 11:16:24 - scripts.extract - INFO - Successfully fetched data for Bangalore
[2026-04-11T11:16:24.366+0000] {extract.py:53} INFO - Successfully fetched data for Bangalore
[2026-04-11T11:16:24.371+0000] {logging_mixin.py:188} WARNING - 2026-04-11 11:16:24 - scripts.extract - INFO - Fetching weather data for Chennai (attempt 1/3)
[2026-04-11T11:16:24.370+0000] {extract.py:47} INFO - Fetching weather data for Chennai (attempt 1/3)
[2026-04-11T11:16:24.524+0000] {logging_mixin.py:188} WARNING - 2026-04-11 11:16:24 - scripts.extract - INFO - Successfully fetched data for Chennai
[2026-04-11T11:16:24.523+0000] {extract.py:53} INFO - Successfully fetched data for Chennai
[2026-04-11T11:16:24.528+0000] {logging_mixin.py:188} WARNING - 2026-04-11 11:16:24 - scripts.extract - INFO - Extraction complete: 5 successful, 0 failed
[2026-04-11T11:16:24.527+0000] {extract.py:113} INFO - Extraction complete: 5 successful, 0 failed
[2026-04-11T11:16:24.531+0000] {logging_mixin.py:188} WARNING - 2026-04-11 11:16:24 - scripts.extract - INFO - Extracted 5 weather records
[2026-04-11T11:16:24.530+0000] {extract.py:130} INFO - Extracted 5 weather records
[2026-04-11T11:16:24.562+0000] {weather_etl_dag_v2.py:77} INFO - ✓ Extraction complete: 5 records fetched
[2026-04-11T11:16:24.565+0000] {python.py:237} INFO - Done. Returned value was: 5
[2026-04-11T11:16:24.566+0000] {taskinstance.py:441} INFO - ::group::Post task execution logs
[2026-04-11T11:16:24.614+0000] {taskinstance.py:1206} INFO - Marking task as SUCCESS. dag_id=weather_etl_pipeline_v2, task_id=extract, run_id=manual__2026-04-11T11:16:21+00:00, execution_date=20260411T111621, start_date=20260411T111623, end_date=20260411T111624
[2026-04-11T11:16:24.670+0000] {local_task_job_runner.py:243} INFO - Task exited with return code 0
[2026-04-11T11:16:24.710+0000] {taskinstance.py:3503} INFO - 1 downstream tasks scheduled from follow-on schedule check
[2026-04-11T11:16:24.716+0000] {local_task_job_runner.py:222} INFO - ::endgroup::
