[2026-04-10T13:14:19.734+0000] {local_task_job_runner.py:120} INFO - ::group::Pre task execution logs
[2026-04-10T13:14:19.791+0000] {taskinstance.py:2076} INFO - Dependencies all met for dep_context=non-requeueable deps ti=<TaskInstance: weather_etl_pipeline_v2.load_raw manual__2026-04-10T13:14:13.352674+00:00 [queued]>
[2026-04-10T13:14:19.804+0000] {taskinstance.py:2076} INFO - Dependencies all met for dep_context=requeueable deps ti=<TaskInstance: weather_etl_pipeline_v2.load_raw manual__2026-04-10T13:14:13.352674+00:00 [queued]>
[2026-04-10T13:14:19.805+0000] {taskinstance.py:2306} INFO - Starting attempt 1 of 3
[2026-04-10T13:14:19.825+0000] {taskinstance.py:2330} INFO - Executing <Task(PythonOperator): load_raw> on 2026-04-10 13:14:13.352674+00:00
[2026-04-10T13:14:19.839+0000] {standard_task_runner.py:90} INFO - Running: ['airflow', 'tasks', 'run', 'weather_etl_pipeline_v2', 'load_raw', 'manual__2026-04-10T13:14:13.352674+00:00', '--job-id', '49', '--raw', '--subdir', 'DAGS_FOLDER/weather_etl_dag_v2.py', '--cfg-path', '/tmp/tmpgzm00ojm']
[2026-04-10T13:14:19.845+0000] {standard_task_runner.py:91} INFO - Job 49: Subtask load_raw
[2026-04-10T13:14:19.848+0000] {logging_mixin.py:188} WARNING - /home/airflow/.local/lib/python3.12/site-packages/airflow/task/task_runner/standard_task_runner.py:62 DeprecationWarning: This process (pid=447) is multi-threaded, use of fork() may lead to deadlocks in the child.
[2026-04-10T13:14:19.849+0000] {standard_task_runner.py:64} INFO - Started process 448 to run task
[2026-04-10T13:14:19.921+0000] {task_command.py:426} INFO - Running <TaskInstance: weather_etl_pipeline_v2.load_raw manual__2026-04-10T13:14:13.352674+00:00 [running]> on host 12571985e2d5
[2026-04-10T13:14:20.070+0000] {taskinstance.py:2648} INFO - Exporting env vars: AIRFLOW_CTX_DAG_OWNER='weather_etl' AIRFLOW_CTX_DAG_ID='weather_etl_pipeline_v2' AIRFLOW_CTX_TASK_ID='load_raw' AIRFLOW_CTX_EXECUTION_DATE='2026-04-10T13:14:13.352674+00:00' AIRFLOW_CTX_TRY_NUMBER='1' AIRFLOW_CTX_DAG_RUN_ID='manual__2026-04-10T13:14:13.352674+00:00'
[2026-04-10T13:14:20.072+0000] {taskinstance.py:430} INFO - ::endgroup::
[2026-04-10T13:14:20.092+0000] {weather_etl_dag_v2.py:94} INFO - ============================================================
[2026-04-10T13:14:20.095+0000] {weather_etl_dag_v2.py:95} INFO - TASK: LOAD_RAW - Storing raw API responses
[2026-04-10T13:14:20.096+0000] {weather_etl_dag_v2.py:96} INFO - ============================================================
[2026-04-10T13:14:20.119+0000] {logging_mixin.py:188} WARNING - 2026-04-10 13:14:20 - scripts.load_raw - INFO - Starting raw data load for 5 records
[2026-04-10T13:14:20.118+0000] {load_raw.py:134} INFO - Starting raw data load for 5 records
[2026-04-10T13:14:20.131+0000] {logging_mixin.py:188} WARNING - 2026-04-10 13:14:20 - scripts.load_raw - INFO - Successfully connected to PostgreSQL database
[2026-04-10T13:14:20.131+0000] {load_raw.py:38} INFO - Successfully connected to PostgreSQL database
[2026-04-10T13:14:20.137+0000] {logging_mixin.py:188} WARNING - 2026-04-10 13:14:20 - scripts.load_raw - INFO - Table 'weather_raw' created or already exists
[2026-04-10T13:14:20.136+0000] {load_raw.py:78} INFO - Table 'weather_raw' created or already exists
[2026-04-10T13:14:20.146+0000] {logging_mixin.py:188} WARNING - 2026-04-10 13:14:20 - scripts.load_raw - INFO - Raw data load complete: 5 inserted, 0 skipped (duplicates)
[2026-04-10T13:14:20.145+0000] {load_raw.py:162} INFO - Raw data load complete: 5 inserted, 0 skipped (duplicates)
[2026-04-10T13:14:20.149+0000] {logging_mixin.py:188} WARNING - 2026-04-10 13:14:20 - scripts.load_raw - INFO - Database connection closed
[2026-04-10T13:14:20.148+0000] {load_raw.py:53} INFO - Database connection closed
[2026-04-10T13:14:20.151+0000] {weather_etl_dag_v2.py:109} INFO - ✓ Raw data load complete: 5 inserted, 0 skipped
[2026-04-10T13:14:20.155+0000] {python.py:237} INFO - Done. Returned value was: 5
[2026-04-10T13:14:20.157+0000] {taskinstance.py:441} INFO - ::group::Post task execution logs
[2026-04-10T13:14:20.196+0000] {taskinstance.py:1206} INFO - Marking task as SUCCESS. dag_id=weather_etl_pipeline_v2, task_id=load_raw, run_id=manual__2026-04-10T13:14:13.352674+00:00, execution_date=20260410T131413, start_date=20260410T131419, end_date=20260410T131420
[2026-04-10T13:14:20.227+0000] {local_task_job_runner.py:243} INFO - Task exited with return code 0
[2026-04-10T13:14:20.282+0000] {taskinstance.py:3503} INFO - 1 downstream tasks scheduled from follow-on schedule check
[2026-04-10T13:14:20.287+0000] {local_task_job_runner.py:222} INFO - ::endgroup::
