[2026-04-27T04:52:23.437+0000] {local_task_job_runner.py:120} INFO - ::group::Pre task execution logs
[2026-04-27T04:52:23.471+0000] {taskinstance.py:2076} INFO - Dependencies all met for dep_context=non-requeueable deps ti=<TaskInstance: weather_etl_pipeline_v2.transform_clean scheduled__2026-04-26T02:00:00+00:00 [queued]>
[2026-04-27T04:52:23.481+0000] {taskinstance.py:2076} INFO - Dependencies all met for dep_context=requeueable deps ti=<TaskInstance: weather_etl_pipeline_v2.transform_clean scheduled__2026-04-26T02:00:00+00:00 [queued]>
[2026-04-27T04:52:23.481+0000] {taskinstance.py:2306} INFO - Starting attempt 1 of 3
[2026-04-27T04:52:23.495+0000] {taskinstance.py:2330} INFO - Executing <Task(PythonOperator): transform_clean> on 2026-04-26 02:00:00+00:00
[2026-04-27T04:52:23.501+0000] {logging_mixin.py:188} WARNING - /home/airflow/.local/lib/python3.12/site-packages/airflow/task/task_runner/standard_task_runner.py:62 DeprecationWarning: This process (pid=200) is multi-threaded, use of fork() may lead to deadlocks in the child.
[2026-04-27T04:52:23.502+0000] {standard_task_runner.py:64} INFO - Started process 201 to run task
[2026-04-27T04:52:23.501+0000] {standard_task_runner.py:90} INFO - Running: ['airflow', 'tasks', 'run', 'weather_etl_pipeline_v2', 'transform_clean', 'scheduled__2026-04-26T02:00:00+00:00', '--job-id', '201', '--raw', '--subdir', 'DAGS_FOLDER/weather_etl_dag_v2.py', '--cfg-path', '/tmp/tmpz4kyyykf']
[2026-04-27T04:52:23.503+0000] {standard_task_runner.py:91} INFO - Job 201: Subtask transform_clean
[2026-04-27T04:52:23.552+0000] {task_command.py:426} INFO - Running <TaskInstance: weather_etl_pipeline_v2.transform_clean scheduled__2026-04-26T02:00:00+00:00 [running]> on host c5d9a3d307d7
[2026-04-27T04:52:23.637+0000] {taskinstance.py:2648} INFO - Exporting env vars: AIRFLOW_CTX_DAG_OWNER='weather_etl' AIRFLOW_CTX_DAG_ID='weather_etl_pipeline_v2' AIRFLOW_CTX_TASK_ID='transform_clean' AIRFLOW_CTX_EXECUTION_DATE='2026-04-26T02:00:00+00:00' AIRFLOW_CTX_TRY_NUMBER='1' AIRFLOW_CTX_DAG_RUN_ID='scheduled__2026-04-26T02:00:00+00:00'
[2026-04-27T04:52:23.638+0000] {taskinstance.py:430} INFO - ::endgroup::
[2026-04-27T04:52:23.652+0000] {weather_etl_dag_v2.py:174} INFO - ============================================================
[2026-04-27T04:52:23.653+0000] {weather_etl_dag_v2.py:175} INFO - TASK: TRANSFORM_CLEAN — Transform & load validated data
[2026-04-27T04:52:23.654+0000] {weather_etl_dag_v2.py:176} INFO - ============================================================
[2026-04-27T04:52:23.668+0000] {logging_mixin.py:188} WARNING - 2026-04-27 04:52:23 - scripts.load_raw - INFO - Successfully connected to PostgreSQL database
[2026-04-27T04:52:23.667+0000] {load_raw.py:38} INFO - Successfully connected to PostgreSQL database
[2026-04-27T04:52:23.679+0000] {logging_mixin.py:188} WARNING - 2026-04-27 04:52:23 - scripts.load_raw - INFO - Retrieved 243 unprocessed raw records (active only)
[2026-04-27T04:52:23.678+0000] {load_raw.py:233} INFO - Retrieved 243 unprocessed raw records (active only)
[2026-04-27T04:52:23.680+0000] {logging_mixin.py:188} WARNING - 2026-04-27 04:52:23 - scripts.load_raw - INFO - Database connection closed
[2026-04-27T04:52:23.680+0000] {load_raw.py:53} INFO - Database connection closed
[2026-04-27T04:52:23.682+0000] {logging_mixin.py:188} WARNING - 2026-04-27 04:52:23 - scripts.load_clean - INFO - Starting transformation and load for 243 raw records
[2026-04-27T04:52:23.681+0000] {load_clean.py:210} INFO - Starting transformation and load for 243 raw records
[2026-04-27T04:52:23.688+0000] {logging_mixin.py:188} WARNING - 2026-04-27 04:52:23 - scripts.load_clean - INFO - Successfully connected to PostgreSQL database
[2026-04-27T04:52:23.687+0000] {load_clean.py:41} INFO - Successfully connected to PostgreSQL database
[2026-04-27T04:52:23.691+0000] {logging_mixin.py:188} WARNING - 2026-04-27 04:52:23 - scripts.load_clean - INFO - Table 'weather_clean' created or already exists
[2026-04-27T04:52:23.691+0000] {load_clean.py:109} INFO - Table 'weather_clean' created or already exists
[2026-04-27T04:52:23.821+0000] {logging_mixin.py:188} WARNING - 2026-04-27 04:52:23 - scripts.load_clean - INFO - Marked 243 raw records as processed
[2026-04-27T04:52:23.820+0000] {load_clean.py:293} INFO - Marked 243 raw records as processed
[2026-04-27T04:52:23.822+0000] {logging_mixin.py:188} WARNING - 2026-04-27 04:52:23 - scripts.load_clean - INFO - Clean data load complete: 243 transformed, 243 validated, 243 loaded, 0 failed
[2026-04-27T04:52:23.822+0000] {load_clean.py:265} INFO - Clean data load complete: 243 transformed, 243 validated, 243 loaded, 0 failed
[2026-04-27T04:52:23.824+0000] {logging_mixin.py:188} WARNING - 2026-04-27 04:52:23 - scripts.load_clean - INFO - Database connection closed
[2026-04-27T04:52:23.824+0000] {load_clean.py:56} INFO - Database connection closed
[2026-04-27T04:52:23.840+0000] {weather_etl_dag_v2.py:190} INFO - ✓ Transform complete: 243 loaded, 0 failed (will be checked in quality_check)
[2026-04-27T04:52:23.842+0000] {python.py:237} INFO - Done. Returned value was: 243
[2026-04-27T04:52:23.843+0000] {taskinstance.py:441} INFO - ::group::Post task execution logs
[2026-04-27T04:52:23.866+0000] {taskinstance.py:1206} INFO - Marking task as SUCCESS. dag_id=weather_etl_pipeline_v2, task_id=transform_clean, run_id=scheduled__2026-04-26T02:00:00+00:00, execution_date=20260426T020000, start_date=20260427T045223, end_date=20260427T045223
[2026-04-27T04:52:23.917+0000] {local_task_job_runner.py:243} INFO - Task exited with return code 0
[2026-04-27T04:52:23.944+0000] {taskinstance.py:3503} INFO - 1 downstream tasks scheduled from follow-on schedule check
[2026-04-27T04:52:23.946+0000] {local_task_job_runner.py:222} INFO - ::endgroup::
