[2026-04-20T06:15:06.303+0000] {local_task_job_runner.py:120} INFO - ::group::Pre task execution logs
[2026-04-20T06:15:06.350+0000] {taskinstance.py:2076} INFO - Dependencies all met for dep_context=non-requeueable deps ti=<TaskInstance: weather_etl_pipeline_v2.extract scheduled__2026-04-19T02:00:00+00:00 [queued]>
[2026-04-20T06:15:06.365+0000] {taskinstance.py:2076} INFO - Dependencies all met for dep_context=requeueable deps ti=<TaskInstance: weather_etl_pipeline_v2.extract scheduled__2026-04-19T02:00:00+00:00 [queued]>
[2026-04-20T06:15:06.367+0000] {taskinstance.py:2306} INFO - Starting attempt 1 of 4
[2026-04-20T06:15:06.393+0000] {taskinstance.py:2330} INFO - Executing <Task(PythonOperator): extract> on 2026-04-19 02:00:00+00:00
[2026-04-20T06:15:06.406+0000] {logging_mixin.py:188} WARNING - /home/airflow/.local/lib/python3.12/site-packages/airflow/task/task_runner/standard_task_runner.py:62 DeprecationWarning: This process (pid=194) is multi-threaded, use of fork() may lead to deadlocks in the child.
[2026-04-20T06:15:06.408+0000] {standard_task_runner.py:64} INFO - Started process 195 to run task
[2026-04-20T06:15:06.406+0000] {standard_task_runner.py:90} INFO - Running: ['airflow', 'tasks', 'run', 'weather_etl_pipeline_v2', 'extract', 'scheduled__2026-04-19T02:00:00+00:00', '--job-id', '153', '--raw', '--subdir', 'DAGS_FOLDER/weather_etl_dag_v2.py', '--cfg-path', '/tmp/tmpfbmbqseh']
[2026-04-20T06:15:06.410+0000] {standard_task_runner.py:91} INFO - Job 153: Subtask extract
[2026-04-20T06:15:06.524+0000] {task_command.py:426} INFO - Running <TaskInstance: weather_etl_pipeline_v2.extract scheduled__2026-04-19T02:00:00+00:00 [running]> on host 0986b561c3e9
[2026-04-20T06:15:06.716+0000] {taskinstance.py:2648} INFO - Exporting env vars: AIRFLOW_CTX_DAG_OWNER='weather_etl' AIRFLOW_CTX_DAG_ID='weather_etl_pipeline_v2' AIRFLOW_CTX_TASK_ID='extract' AIRFLOW_CTX_EXECUTION_DATE='2026-04-19T02:00:00+00:00' AIRFLOW_CTX_TRY_NUMBER='1' AIRFLOW_CTX_DAG_RUN_ID='scheduled__2026-04-19T02:00:00+00:00'
[2026-04-20T06:15:06.719+0000] {taskinstance.py:430} INFO - ::endgroup::
[2026-04-20T06:15:06.749+0000] {weather_etl_dag_v2.py:88} INFO - ============================================================
[2026-04-20T06:15:06.752+0000] {weather_etl_dag_v2.py:89} INFO - TASK: EXTRACT — Fetching weather data from OpenWeatherMap API
[2026-04-20T06:15:06.754+0000] {weather_etl_dag_v2.py:90} INFO - ============================================================
[2026-04-20T06:15:06.775+0000] {weather_etl_dag_v2.py:109} INFO - Active cities fetched from DB: ['Ahmedabad', 'Bengaluru', 'Chennai', 'Delhi', 'Indore', 'Kolkata', 'Kota', 'Kyiv', 'Manali', 'Mumbai', 'New York', 'Palanpur']
[2026-04-20T06:15:06.786+0000] {logging_mixin.py:188} WARNING - 2026-04-20 06:15:06 - scripts.extract - INFO - Starting extraction for cities: Ahmedabad, Bengaluru, Chennai, Delhi, Indore, Kolkata, Kota, Kyiv, Manali, Mumbai, New York, Palanpur
[2026-04-20T06:15:06.785+0000] {extract.py:127} INFO - Starting extraction for cities: Ahmedabad, Bengaluru, Chennai, Delhi, Indore, Kolkata, Kota, Kyiv, Manali, Mumbai, New York, Palanpur
[2026-04-20T06:15:06.791+0000] {logging_mixin.py:188} WARNING - 2026-04-20 06:15:06 - scripts.extract - INFO - Starting extraction for 12 cities
[2026-04-20T06:15:06.789+0000] {extract.py:96} INFO - Starting extraction for 12 cities
[2026-04-20T06:15:06.795+0000] {logging_mixin.py:188} WARNING - 2026-04-20 06:15:06 - scripts.extract - INFO - Fetching weather data for Ahmedabad (attempt 1/3)
[2026-04-20T06:15:06.794+0000] {extract.py:47} INFO - Fetching weather data for Ahmedabad (attempt 1/3)
[2026-04-20T06:15:07.033+0000] {logging_mixin.py:188} WARNING - 2026-04-20 06:15:07 - scripts.extract - INFO - Successfully fetched data for Ahmedabad
[2026-04-20T06:15:07.032+0000] {extract.py:53} INFO - Successfully fetched data for Ahmedabad
[2026-04-20T06:15:07.038+0000] {logging_mixin.py:188} WARNING - 2026-04-20 06:15:07 - scripts.extract - INFO - Fetching weather data for Bengaluru (attempt 1/3)
[2026-04-20T06:15:07.037+0000] {extract.py:47} INFO - Fetching weather data for Bengaluru (attempt 1/3)
[2026-04-20T06:15:07.195+0000] {logging_mixin.py:188} WARNING - 2026-04-20 06:15:07 - scripts.extract - INFO - Successfully fetched data for Bengaluru
[2026-04-20T06:15:07.194+0000] {extract.py:53} INFO - Successfully fetched data for Bengaluru
[2026-04-20T06:15:07.200+0000] {logging_mixin.py:188} WARNING - 2026-04-20 06:15:07 - scripts.extract - INFO - Fetching weather data for Chennai (attempt 1/3)
[2026-04-20T06:15:07.199+0000] {extract.py:47} INFO - Fetching weather data for Chennai (attempt 1/3)
[2026-04-20T06:15:07.388+0000] {logging_mixin.py:188} WARNING - 2026-04-20 06:15:07 - scripts.extract - INFO - Successfully fetched data for Chennai
[2026-04-20T06:15:07.387+0000] {extract.py:53} INFO - Successfully fetched data for Chennai
[2026-04-20T06:15:07.392+0000] {logging_mixin.py:188} WARNING - 2026-04-20 06:15:07 - scripts.extract - INFO - Fetching weather data for Delhi (attempt 1/3)
[2026-04-20T06:15:07.391+0000] {extract.py:47} INFO - Fetching weather data for Delhi (attempt 1/3)
[2026-04-20T06:15:07.548+0000] {logging_mixin.py:188} WARNING - 2026-04-20 06:15:07 - scripts.extract - INFO - Successfully fetched data for Delhi
[2026-04-20T06:15:07.547+0000] {extract.py:53} INFO - Successfully fetched data for Delhi
[2026-04-20T06:15:07.551+0000] {logging_mixin.py:188} WARNING - 2026-04-20 06:15:07 - scripts.extract - INFO - Fetching weather data for Indore (attempt 1/3)
[2026-04-20T06:15:07.551+0000] {extract.py:47} INFO - Fetching weather data for Indore (attempt 1/3)
[2026-04-20T06:15:07.739+0000] {logging_mixin.py:188} WARNING - 2026-04-20 06:15:07 - scripts.extract - INFO - Successfully fetched data for Indore
[2026-04-20T06:15:07.737+0000] {extract.py:53} INFO - Successfully fetched data for Indore
[2026-04-20T06:15:07.742+0000] {logging_mixin.py:188} WARNING - 2026-04-20 06:15:07 - scripts.extract - INFO - Fetching weather data for Kolkata (attempt 1/3)
[2026-04-20T06:15:07.741+0000] {extract.py:47} INFO - Fetching weather data for Kolkata (attempt 1/3)
[2026-04-20T06:15:07.898+0000] {logging_mixin.py:188} WARNING - 2026-04-20 06:15:07 - scripts.extract - INFO - Successfully fetched data for Kolkata
[2026-04-20T06:15:07.897+0000] {extract.py:53} INFO - Successfully fetched data for Kolkata
[2026-04-20T06:15:07.902+0000] {logging_mixin.py:188} WARNING - 2026-04-20 06:15:07 - scripts.extract - INFO - Fetching weather data for Kota (attempt 1/3)
[2026-04-20T06:15:07.901+0000] {extract.py:47} INFO - Fetching weather data for Kota (attempt 1/3)
[2026-04-20T06:15:08.071+0000] {logging_mixin.py:188} WARNING - 2026-04-20 06:15:08 - scripts.extract - INFO - Successfully fetched data for Kota
[2026-04-20T06:15:08.070+0000] {extract.py:53} INFO - Successfully fetched data for Kota
[2026-04-20T06:15:08.074+0000] {logging_mixin.py:188} WARNING - 2026-04-20 06:15:08 - scripts.extract - INFO - Fetching weather data for Kyiv (attempt 1/3)
[2026-04-20T06:15:08.074+0000] {extract.py:47} INFO - Fetching weather data for Kyiv (attempt 1/3)
[2026-04-20T06:15:08.259+0000] {logging_mixin.py:188} WARNING - 2026-04-20 06:15:08 - scripts.extract - INFO - Successfully fetched data for Kyiv
[2026-04-20T06:15:08.256+0000] {extract.py:53} INFO - Successfully fetched data for Kyiv
[2026-04-20T06:15:08.270+0000] {logging_mixin.py:188} WARNING - 2026-04-20 06:15:08 - scripts.extract - INFO - Fetching weather data for Manali (attempt 1/3)
[2026-04-20T06:15:08.263+0000] {extract.py:47} INFO - Fetching weather data for Manali (attempt 1/3)
[2026-04-20T06:15:08.442+0000] {logging_mixin.py:188} WARNING - 2026-04-20 06:15:08 - scripts.extract - INFO - Successfully fetched data for Manali
[2026-04-20T06:15:08.441+0000] {extract.py:53} INFO - Successfully fetched data for Manali
[2026-04-20T06:15:08.445+0000] {logging_mixin.py:188} WARNING - 2026-04-20 06:15:08 - scripts.extract - INFO - Fetching weather data for Mumbai (attempt 1/3)
[2026-04-20T06:15:08.444+0000] {extract.py:47} INFO - Fetching weather data for Mumbai (attempt 1/3)
[2026-04-20T06:15:08.602+0000] {logging_mixin.py:188} WARNING - 2026-04-20 06:15:08 - scripts.extract - INFO - Successfully fetched data for Mumbai
[2026-04-20T06:15:08.601+0000] {extract.py:53} INFO - Successfully fetched data for Mumbai
[2026-04-20T06:15:08.605+0000] {logging_mixin.py:188} WARNING - 2026-04-20 06:15:08 - scripts.extract - INFO - Fetching weather data for New York (attempt 1/3)
[2026-04-20T06:15:08.605+0000] {extract.py:47} INFO - Fetching weather data for New York (attempt 1/3)
[2026-04-20T06:15:08.767+0000] {logging_mixin.py:188} WARNING - 2026-04-20 06:15:08 - scripts.extract - INFO - Successfully fetched data for New York
[2026-04-20T06:15:08.766+0000] {extract.py:53} INFO - Successfully fetched data for New York
[2026-04-20T06:15:08.769+0000] {logging_mixin.py:188} WARNING - 2026-04-20 06:15:08 - scripts.extract - INFO - Fetching weather data for Palanpur (attempt 1/3)
[2026-04-20T06:15:08.769+0000] {extract.py:47} INFO - Fetching weather data for Palanpur (attempt 1/3)
[2026-04-20T06:15:08.938+0000] {logging_mixin.py:188} WARNING - 2026-04-20 06:15:08 - scripts.extract - INFO - Successfully fetched data for Palanpur
[2026-04-20T06:15:08.936+0000] {extract.py:53} INFO - Successfully fetched data for Palanpur
[2026-04-20T06:15:08.942+0000] {logging_mixin.py:188} WARNING - 2026-04-20 06:15:08 - scripts.extract - INFO - Extraction complete: 12 successful, 0 failed
[2026-04-20T06:15:08.942+0000] {extract.py:114} INFO - Extraction complete: 12 successful, 0 failed
[2026-04-20T06:15:08.944+0000] {logging_mixin.py:188} WARNING - 2026-04-20 06:15:08 - scripts.extract - INFO - Extracted 12 weather records
[2026-04-20T06:15:08.944+0000] {extract.py:131} INFO - Extracted 12 weather records
[2026-04-20T06:15:08.970+0000] {weather_etl_dag_v2.py:117} INFO - ✓ Extraction complete: 12 records for 12 cities in 2.21s
[2026-04-20T06:15:08.972+0000] {python.py:237} INFO - Done. Returned value was: 12
[2026-04-20T06:15:08.973+0000] {taskinstance.py:441} INFO - ::group::Post task execution logs
[2026-04-20T06:15:09.003+0000] {taskinstance.py:1206} INFO - Marking task as SUCCESS. dag_id=weather_etl_pipeline_v2, task_id=extract, run_id=scheduled__2026-04-19T02:00:00+00:00, execution_date=20260419T020000, start_date=20260420T061506, end_date=20260420T061509
[2026-04-20T06:15:09.043+0000] {local_task_job_runner.py:243} INFO - Task exited with return code 0
[2026-04-20T06:15:09.057+0000] {local_task_job_runner.py:222} INFO - ::endgroup::
