[2026-04-16T06:05:46.210+0000] {local_task_job_runner.py:120} INFO - ::group::Pre task execution logs
[2026-04-16T06:05:46.271+0000] {taskinstance.py:2076} INFO - Dependencies all met for dep_context=non-requeueable deps ti=<TaskInstance: weather_etl_pipeline_v2.update_metadata_success manual__2026-04-16T06:05:37.432043+00:00 [queued]>
[2026-04-16T06:05:46.290+0000] {taskinstance.py:2076} INFO - Dependencies all met for dep_context=requeueable deps ti=<TaskInstance: weather_etl_pipeline_v2.update_metadata_success manual__2026-04-16T06:05:37.432043+00:00 [queued]>
[2026-04-16T06:05:46.291+0000] {taskinstance.py:2306} INFO - Starting attempt 1 of 4
[2026-04-16T06:05:46.311+0000] {taskinstance.py:2330} INFO - Executing <Task(PythonOperator): update_metadata_success> on 2026-04-16 06:05:37.432043+00:00
[2026-04-16T06:05:46.318+0000] {logging_mixin.py:188} WARNING - /home/airflow/.local/lib/python3.12/site-packages/airflow/task/task_runner/standard_task_runner.py:62 DeprecationWarning: This process (pid=748) is multi-threaded, use of fork() may lead to deadlocks in the child.
[2026-04-16T06:05:46.318+0000] {standard_task_runner.py:90} INFO - Running: ['airflow', 'tasks', 'run', 'weather_etl_pipeline_v2', 'update_metadata_success', 'manual__2026-04-16T06:05:37.432043+00:00', '--job-id', '24', '--raw', '--subdir', 'DAGS_FOLDER/weather_etl_dag_v2.py', '--cfg-path', '/tmp/tmp4643uclc']
[2026-04-16T06:05:46.319+0000] {standard_task_runner.py:64} INFO - Started process 749 to run task
[2026-04-16T06:05:46.320+0000] {standard_task_runner.py:91} INFO - Job 24: Subtask update_metadata_success
[2026-04-16T06:05:46.412+0000] {task_command.py:426} INFO - Running <TaskInstance: weather_etl_pipeline_v2.update_metadata_success manual__2026-04-16T06:05:37.432043+00:00 [running]> on host cf9362e38fb8
[2026-04-16T06:05:46.556+0000] {taskinstance.py:2648} INFO - Exporting env vars: AIRFLOW_CTX_DAG_OWNER='weather_etl' AIRFLOW_CTX_DAG_ID='weather_etl_pipeline_v2' AIRFLOW_CTX_TASK_ID='update_metadata_success' AIRFLOW_CTX_EXECUTION_DATE='2026-04-16T06:05:37.432043+00:00' AIRFLOW_CTX_TRY_NUMBER='1' AIRFLOW_CTX_DAG_RUN_ID='manual__2026-04-16T06:05:37.432043+00:00'
[2026-04-16T06:05:46.558+0000] {taskinstance.py:430} INFO - ::endgroup::
[2026-04-16T06:05:46.578+0000] {weather_etl_dag_v2.py:319} INFO - ============================================================
[2026-04-16T06:05:46.581+0000] {weather_etl_dag_v2.py:320} INFO - TASK: UPDATE_METADATA_SUCCESS — Recording successful pipeline run
[2026-04-16T06:05:46.583+0000] {weather_etl_dag_v2.py:321} INFO - ============================================================
[2026-04-16T06:05:46.689+0000] {logging_mixin.py:188} WARNING - 2026-04-16 06:05:46 - scripts.metadata_manager - INFO - Successfully connected to PostgreSQL database
[2026-04-16T06:05:46.688+0000] {metadata_manager.py:38} INFO - Successfully connected to PostgreSQL database
[2026-04-16T06:05:46.698+0000] {logging_mixin.py:188} WARNING - 2026-04-16 06:05:46 - scripts.metadata_manager - INFO - Table 'pipeline_metadata' created or already exists
[2026-04-16T06:05:46.696+0000] {metadata_manager.py:92} INFO - Table 'pipeline_metadata' created or already exists
[2026-04-16T06:05:46.702+0000] {logging_mixin.py:188} WARNING - 2026-04-16 06:05:46 - scripts.metadata_manager - INFO - Pipeline weather_etl_pipeline_v2 marked as SUCCESS: 5 processed, 15 inserted, 0 failed
[2026-04-16T06:05:46.701+0000] {metadata_manager.py:241} INFO - Pipeline weather_etl_pipeline_v2 marked as SUCCESS: 5 processed, 15 inserted, 0 failed
[2026-04-16T06:05:46.706+0000] {logging_mixin.py:188} WARNING - 2026-04-16 06:05:46 - scripts.metadata_manager - INFO - Database connection closed
[2026-04-16T06:05:46.703+0000] {metadata_manager.py:53} INFO - Database connection closed
[2026-04-16T06:05:46.708+0000] {weather_etl_dag_v2.py:341} INFO - ✓ Pipeline marked as SUCCESS
[2026-04-16T06:05:46.709+0000] {weather_etl_dag_v2.py:342} INFO -   Records extracted  : 5
[2026-04-16T06:05:46.711+0000] {weather_etl_dag_v2.py:343} INFO -   Records inserted   : 15
[2026-04-16T06:05:46.714+0000] {weather_etl_dag_v2.py:344} INFO -   Records failed     : 0
[2026-04-16T06:05:46.716+0000] {weather_etl_dag_v2.py:345} INFO -   Validation rate    : 100.0%
[2026-04-16T06:05:46.719+0000] {weather_etl_dag_v2.py:346} INFO -   Agg rows upserted  : 0
[2026-04-16T06:05:46.721+0000] {python.py:237} INFO - Done. Returned value was: True
[2026-04-16T06:05:46.723+0000] {taskinstance.py:441} INFO - ::group::Post task execution logs
[2026-04-16T06:05:46.762+0000] {taskinstance.py:1206} INFO - Marking task as SUCCESS. dag_id=weather_etl_pipeline_v2, task_id=update_metadata_success, run_id=manual__2026-04-16T06:05:37.432043+00:00, execution_date=20260416T060537, start_date=20260416T060546, end_date=20260416T060546
[2026-04-16T06:05:46.818+0000] {local_task_job_runner.py:243} INFO - Task exited with return code 0
[2026-04-16T06:05:46.859+0000] {taskinstance.py:3503} INFO - 0 downstream tasks scheduled from follow-on schedule check
[2026-04-16T06:05:46.863+0000] {local_task_job_runner.py:222} INFO - ::endgroup::
