[2026-04-13T06:31:29.137+0000] {local_task_job_runner.py:120} INFO - ::group::Pre task execution logs
[2026-04-13T06:31:29.190+0000] {taskinstance.py:2076} INFO - Dependencies all met for dep_context=non-requeueable deps ti=<TaskInstance: weather_etl_pipeline_v2.load_raw scheduled__2026-04-11T02:00:00+00:00 [queued]>
[2026-04-13T06:31:29.204+0000] {taskinstance.py:2076} INFO - Dependencies all met for dep_context=requeueable deps ti=<TaskInstance: weather_etl_pipeline_v2.load_raw scheduled__2026-04-11T02:00:00+00:00 [queued]>
[2026-04-13T06:31:29.206+0000] {taskinstance.py:2306} INFO - Starting attempt 1 of 4
[2026-04-13T06:31:29.223+0000] {taskinstance.py:2330} INFO - Executing <Task(PythonOperator): load_raw> on 2026-04-11 02:00:00+00:00
[2026-04-13T06:31:29.232+0000] {standard_task_runner.py:90} INFO - Running: ['airflow', 'tasks', 'run', 'weather_etl_pipeline_v2', 'load_raw', 'scheduled__2026-04-11T02:00:00+00:00', '--job-id', '146', '--raw', '--subdir', 'DAGS_FOLDER/weather_etl_dag_v2.py', '--cfg-path', '/tmp/tmpk4jyy8zp']
[2026-04-13T06:31:29.236+0000] {standard_task_runner.py:91} INFO - Job 146: Subtask load_raw
[2026-04-13T06:31:29.238+0000] {logging_mixin.py:188} WARNING - /home/airflow/.local/lib/python3.12/site-packages/airflow/task/task_runner/standard_task_runner.py:62 DeprecationWarning: This process (pid=187) is multi-threaded, use of fork() may lead to deadlocks in the child.
[2026-04-13T06:31:29.240+0000] {standard_task_runner.py:64} INFO - Started process 188 to run task
[2026-04-13T06:31:29.314+0000] {task_command.py:426} INFO - Running <TaskInstance: weather_etl_pipeline_v2.load_raw scheduled__2026-04-11T02:00:00+00:00 [running]> on host 9514c60f7b76
[2026-04-13T06:31:29.457+0000] {taskinstance.py:2648} INFO - Exporting env vars: AIRFLOW_CTX_DAG_OWNER='weather_etl' AIRFLOW_CTX_DAG_ID='weather_etl_pipeline_v2' AIRFLOW_CTX_TASK_ID='load_raw' AIRFLOW_CTX_EXECUTION_DATE='2026-04-11T02:00:00+00:00' AIRFLOW_CTX_TRY_NUMBER='1' AIRFLOW_CTX_DAG_RUN_ID='scheduled__2026-04-11T02:00:00+00:00'
[2026-04-13T06:31:29.459+0000] {taskinstance.py:430} INFO - ::endgroup::
[2026-04-13T06:31:29.480+0000] {weather_etl_dag_v2.py:94} INFO - ============================================================
[2026-04-13T06:31:29.481+0000] {weather_etl_dag_v2.py:95} INFO - TASK: LOAD_RAW - Storing raw API responses
[2026-04-13T06:31:29.483+0000] {weather_etl_dag_v2.py:96} INFO - ============================================================
[2026-04-13T06:31:29.508+0000] {logging_mixin.py:188} WARNING - 2026-04-13 06:31:29 - scripts.load_raw - INFO - Starting raw data load for 5 records
[2026-04-13T06:31:29.508+0000] {load_raw.py:134} INFO - Starting raw data load for 5 records
[2026-04-13T06:31:29.519+0000] {logging_mixin.py:188} WARNING - 2026-04-13 06:31:29 - scripts.load_raw - INFO - Successfully connected to PostgreSQL database
[2026-04-13T06:31:29.518+0000] {load_raw.py:38} INFO - Successfully connected to PostgreSQL database
[2026-04-13T06:31:29.530+0000] {logging_mixin.py:188} WARNING - 2026-04-13 06:31:29 - scripts.load_raw - INFO - Table 'weather_raw' created or already exists
[2026-04-13T06:31:29.529+0000] {load_raw.py:78} INFO - Table 'weather_raw' created or already exists
[2026-04-13T06:31:29.556+0000] {logging_mixin.py:188} WARNING - 2026-04-13 06:31:29 - scripts.load_raw - INFO - Raw data load complete: 4 inserted, 1 skipped (duplicates)
[2026-04-13T06:31:29.555+0000] {load_raw.py:162} INFO - Raw data load complete: 4 inserted, 1 skipped (duplicates)
[2026-04-13T06:31:29.558+0000] {logging_mixin.py:188} WARNING - 2026-04-13 06:31:29 - scripts.load_raw - INFO - Database connection closed
[2026-04-13T06:31:29.558+0000] {load_raw.py:53} INFO - Database connection closed
[2026-04-13T06:31:29.560+0000] {weather_etl_dag_v2.py:109} INFO - ✓ Raw data load complete: 4 inserted, 1 skipped
[2026-04-13T06:31:29.562+0000] {python.py:237} INFO - Done. Returned value was: 4
[2026-04-13T06:31:29.563+0000] {taskinstance.py:441} INFO - ::group::Post task execution logs
[2026-04-13T06:31:29.605+0000] {taskinstance.py:1206} INFO - Marking task as SUCCESS. dag_id=weather_etl_pipeline_v2, task_id=load_raw, run_id=scheduled__2026-04-11T02:00:00+00:00, execution_date=20260411T020000, start_date=20260413T063129, end_date=20260413T063129
[2026-04-13T06:31:29.657+0000] {local_task_job_runner.py:243} INFO - Task exited with return code 0
[2026-04-13T06:31:29.709+0000] {taskinstance.py:3503} INFO - 1 downstream tasks scheduled from follow-on schedule check
[2026-04-13T06:31:29.711+0000] {local_task_job_runner.py:222} INFO - ::endgroup::
