[2026-04-17T05:33:26.445+0000] {local_task_job_runner.py:120} INFO - ::group::Pre task execution logs
[2026-04-17T05:33:26.511+0000] {taskinstance.py:2076} INFO - Dependencies all met for dep_context=non-requeueable deps ti=<TaskInstance: weather_etl_pipeline_v2.generate_run_id manual__2026-04-17T05:33:25.340887+00:00 [queued]>
[2026-04-17T05:33:26.528+0000] {taskinstance.py:2076} INFO - Dependencies all met for dep_context=requeueable deps ti=<TaskInstance: weather_etl_pipeline_v2.generate_run_id manual__2026-04-17T05:33:25.340887+00:00 [queued]>
[2026-04-17T05:33:26.529+0000] {taskinstance.py:2306} INFO - Starting attempt 1 of 4
[2026-04-17T05:33:26.553+0000] {taskinstance.py:2330} INFO - Executing <Task(PythonOperator): generate_run_id> on 2026-04-17 05:33:25.340887+00:00
[2026-04-17T05:33:26.565+0000] {logging_mixin.py:188} WARNING - /home/airflow/.local/lib/python3.12/site-packages/airflow/task/task_runner/standard_task_runner.py:62 DeprecationWarning: This process (pid=1229) is multi-threaded, use of fork() may lead to deadlocks in the child.
[2026-04-17T05:33:26.565+0000] {standard_task_runner.py:90} INFO - Running: ['airflow', 'tasks', 'run', 'weather_etl_pipeline_v2', 'generate_run_id', 'manual__2026-04-17T05:33:25.340887+00:00', '--job-id', '129', '--raw', '--subdir', 'DAGS_FOLDER/weather_etl_dag_v2.py', '--cfg-path', '/tmp/tmpzlooi2g_']
[2026-04-17T05:33:26.568+0000] {standard_task_runner.py:64} INFO - Started process 1230 to run task
[2026-04-17T05:33:26.570+0000] {standard_task_runner.py:91} INFO - Job 129: Subtask generate_run_id
[2026-04-17T05:33:26.653+0000] {task_command.py:426} INFO - Running <TaskInstance: weather_etl_pipeline_v2.generate_run_id manual__2026-04-17T05:33:25.340887+00:00 [running]> on host 89e29680acec
[2026-04-17T05:33:26.818+0000] {taskinstance.py:2648} INFO - Exporting env vars: AIRFLOW_CTX_DAG_OWNER='weather_etl' AIRFLOW_CTX_DAG_ID='weather_etl_pipeline_v2' AIRFLOW_CTX_TASK_ID='generate_run_id' AIRFLOW_CTX_EXECUTION_DATE='2026-04-17T05:33:25.340887+00:00' AIRFLOW_CTX_TRY_NUMBER='1' AIRFLOW_CTX_DAG_RUN_ID='manual__2026-04-17T05:33:25.340887+00:00'
[2026-04-17T05:33:26.821+0000] {taskinstance.py:430} INFO - ::endgroup::
[2026-04-17T05:33:26.842+0000] {weather_etl_dag_v2.py:70} INFO - Generated run_id: scheduled_2026-04-17_053326
[2026-04-17T05:33:26.880+0000] {logging_mixin.py:188} WARNING - 2026-04-17 05:33:26 - scripts.metadata_manager - INFO - Successfully connected to PostgreSQL database
[2026-04-17T05:33:26.879+0000] {metadata_manager.py:38} INFO - Successfully connected to PostgreSQL database
[2026-04-17T05:33:26.889+0000] {logging_mixin.py:188} WARNING - 2026-04-17 05:33:26 - scripts.metadata_manager - INFO - Table 'pipeline_metadata' created or already exists
[2026-04-17T05:33:26.888+0000] {metadata_manager.py:92} INFO - Table 'pipeline_metadata' created or already exists
[2026-04-17T05:33:26.894+0000] {logging_mixin.py:188} WARNING - 2026-04-17 05:33:26 - scripts.metadata_manager - INFO - Pipeline weather_etl_pipeline_v2 marked as RUNNING with run_id: scheduled_2026-04-17_053326
[2026-04-17T05:33:26.893+0000] {metadata_manager.py:170} INFO - Pipeline weather_etl_pipeline_v2 marked as RUNNING with run_id: scheduled_2026-04-17_053326
[2026-04-17T05:33:26.897+0000] {logging_mixin.py:188} WARNING - 2026-04-17 05:33:26 - scripts.metadata_manager - INFO - Database connection closed
[2026-04-17T05:33:26.895+0000] {metadata_manager.py:53} INFO - Database connection closed
[2026-04-17T05:33:26.898+0000] {python.py:237} INFO - Done. Returned value was: scheduled_2026-04-17_053326
[2026-04-17T05:33:26.899+0000] {taskinstance.py:441} INFO - ::group::Post task execution logs
[2026-04-17T05:33:26.925+0000] {taskinstance.py:1206} INFO - Marking task as SUCCESS. dag_id=weather_etl_pipeline_v2, task_id=generate_run_id, run_id=manual__2026-04-17T05:33:25.340887+00:00, execution_date=20260417T053325, start_date=20260417T053326, end_date=20260417T053326
[2026-04-17T05:33:26.983+0000] {local_task_job_runner.py:243} INFO - Task exited with return code 0
[2026-04-17T05:33:27.038+0000] {taskinstance.py:3503} INFO - 1 downstream tasks scheduled from follow-on schedule check
[2026-04-17T05:33:27.042+0000] {local_task_job_runner.py:222} INFO - ::endgroup::
