[2026-04-16T06:02:34.130+0000] {local_task_job_runner.py:120} INFO - ::group::Pre task execution logs
[2026-04-16T06:02:34.168+0000] {taskinstance.py:2076} INFO - Dependencies all met for dep_context=non-requeueable deps ti=<TaskInstance: weather_etl_pipeline_v2.update_metadata_success scheduled__2026-04-15T02:00:00+00:00 [queued]>
[2026-04-16T06:02:34.179+0000] {taskinstance.py:2076} INFO - Dependencies all met for dep_context=requeueable deps ti=<TaskInstance: weather_etl_pipeline_v2.update_metadata_success scheduled__2026-04-15T02:00:00+00:00 [queued]>
[2026-04-16T06:02:34.181+0000] {taskinstance.py:2306} INFO - Starting attempt 1 of 4
[2026-04-16T06:02:34.200+0000] {taskinstance.py:2330} INFO - Executing <Task(PythonOperator): update_metadata_success> on 2026-04-15 02:00:00+00:00
[2026-04-16T06:02:34.212+0000] {logging_mixin.py:188} WARNING - /home/airflow/.local/lib/python3.12/site-packages/airflow/task/task_runner/standard_task_runner.py:62 DeprecationWarning: This process (pid=631) is multi-threaded, use of fork() may lead to deadlocks in the child.
[2026-04-16T06:02:34.217+0000] {standard_task_runner.py:64} INFO - Started process 632 to run task
[2026-04-16T06:02:34.212+0000] {standard_task_runner.py:90} INFO - Running: ['airflow', 'tasks', 'run', 'weather_etl_pipeline_v2', 'update_metadata_success', 'scheduled__2026-04-15T02:00:00+00:00', '--job-id', '17', '--raw', '--subdir', 'DAGS_FOLDER/weather_etl_dag_v2.py', '--cfg-path', '/tmp/tmpr5wils34']
[2026-04-16T06:02:34.222+0000] {standard_task_runner.py:91} INFO - Job 17: Subtask update_metadata_success
[2026-04-16T06:02:34.286+0000] {task_command.py:426} INFO - Running <TaskInstance: weather_etl_pipeline_v2.update_metadata_success scheduled__2026-04-15T02:00:00+00:00 [running]> on host cf9362e38fb8
[2026-04-16T06:02:34.377+0000] {taskinstance.py:2648} INFO - Exporting env vars: AIRFLOW_CTX_DAG_OWNER='weather_etl' AIRFLOW_CTX_DAG_ID='weather_etl_pipeline_v2' AIRFLOW_CTX_TASK_ID='update_metadata_success' AIRFLOW_CTX_EXECUTION_DATE='2026-04-15T02:00:00+00:00' AIRFLOW_CTX_TRY_NUMBER='1' AIRFLOW_CTX_DAG_RUN_ID='scheduled__2026-04-15T02:00:00+00:00'
[2026-04-16T06:02:34.379+0000] {taskinstance.py:430} INFO - ::endgroup::
[2026-04-16T06:02:34.393+0000] {weather_etl_dag_v2.py:319} INFO - ============================================================
[2026-04-16T06:02:34.395+0000] {weather_etl_dag_v2.py:320} INFO - TASK: UPDATE_METADATA_SUCCESS — Recording successful pipeline run
[2026-04-16T06:02:34.396+0000] {weather_etl_dag_v2.py:321} INFO - ============================================================
[2026-04-16T06:02:34.461+0000] {logging_mixin.py:188} WARNING - 2026-04-16 06:02:34 - scripts.metadata_manager - INFO - Successfully connected to PostgreSQL database
[2026-04-16T06:02:34.460+0000] {metadata_manager.py:38} INFO - Successfully connected to PostgreSQL database
[2026-04-16T06:02:34.469+0000] {logging_mixin.py:188} WARNING - 2026-04-16 06:02:34 - scripts.metadata_manager - INFO - Table 'pipeline_metadata' created or already exists
[2026-04-16T06:02:34.468+0000] {metadata_manager.py:92} INFO - Table 'pipeline_metadata' created or already exists
[2026-04-16T06:02:34.473+0000] {logging_mixin.py:188} WARNING - 2026-04-16 06:02:34 - scripts.metadata_manager - INFO - Pipeline weather_etl_pipeline_v2 marked as SUCCESS: 5 processed, 10 inserted, 0 failed
[2026-04-16T06:02:34.472+0000] {metadata_manager.py:241} INFO - Pipeline weather_etl_pipeline_v2 marked as SUCCESS: 5 processed, 10 inserted, 0 failed
[2026-04-16T06:02:34.477+0000] {logging_mixin.py:188} WARNING - 2026-04-16 06:02:34 - scripts.metadata_manager - INFO - Database connection closed
[2026-04-16T06:02:34.475+0000] {metadata_manager.py:53} INFO - Database connection closed
[2026-04-16T06:02:34.479+0000] {weather_etl_dag_v2.py:341} INFO - ✓ Pipeline marked as SUCCESS
[2026-04-16T06:02:34.481+0000] {weather_etl_dag_v2.py:342} INFO -   Records extracted  : 5
[2026-04-16T06:02:34.483+0000] {weather_etl_dag_v2.py:343} INFO -   Records inserted   : 10
[2026-04-16T06:02:34.485+0000] {weather_etl_dag_v2.py:344} INFO -   Records failed     : 0
[2026-04-16T06:02:34.487+0000] {weather_etl_dag_v2.py:345} INFO -   Validation rate    : 100.0%
[2026-04-16T06:02:34.489+0000] {weather_etl_dag_v2.py:346} INFO -   Agg rows upserted  : 0
[2026-04-16T06:02:34.491+0000] {python.py:237} INFO - Done. Returned value was: True
[2026-04-16T06:02:34.493+0000] {taskinstance.py:441} INFO - ::group::Post task execution logs
[2026-04-16T06:02:34.532+0000] {taskinstance.py:1206} INFO - Marking task as SUCCESS. dag_id=weather_etl_pipeline_v2, task_id=update_metadata_success, run_id=scheduled__2026-04-15T02:00:00+00:00, execution_date=20260415T020000, start_date=20260416T060234, end_date=20260416T060234
[2026-04-16T06:02:34.557+0000] {local_task_job_runner.py:243} INFO - Task exited with return code 0
[2026-04-16T06:02:34.584+0000] {taskinstance.py:3503} INFO - 0 downstream tasks scheduled from follow-on schedule check
[2026-04-16T06:02:34.588+0000] {local_task_job_runner.py:222} INFO - ::endgroup::
