[2026-04-15T05:36:18.013+0000] {local_task_job_runner.py:120} INFO - ::group::Pre task execution logs
[2026-04-15T05:36:18.068+0000] {taskinstance.py:2076} INFO - Dependencies all met for dep_context=non-requeueable deps ti=<TaskInstance: weather_etl_pipeline_v2.transform_clean manual__2026-04-15T05:36:08.938140+00:00 [queued]>
[2026-04-15T05:36:18.087+0000] {taskinstance.py:2076} INFO - Dependencies all met for dep_context=requeueable deps ti=<TaskInstance: weather_etl_pipeline_v2.transform_clean manual__2026-04-15T05:36:08.938140+00:00 [queued]>
[2026-04-15T05:36:18.090+0000] {taskinstance.py:2306} INFO - Starting attempt 1 of 4
[2026-04-15T05:36:18.112+0000] {taskinstance.py:2330} INFO - Executing <Task(PythonOperator): transform_clean> on 2026-04-15 05:36:08.938140+00:00
[2026-04-15T05:36:18.124+0000] {standard_task_runner.py:90} INFO - Running: ['airflow', 'tasks', 'run', 'weather_etl_pipeline_v2', 'transform_clean', 'manual__2026-04-15T05:36:08.938140+00:00', '--job-id', '227', '--raw', '--subdir', 'DAGS_FOLDER/weather_etl_dag_v2.py', '--cfg-path', '/tmp/tmpymjhbxy2']
[2026-04-15T05:36:18.129+0000] {standard_task_runner.py:91} INFO - Job 227: Subtask transform_clean
[2026-04-15T05:36:18.130+0000] {logging_mixin.py:188} WARNING - /home/airflow/.local/lib/python3.12/site-packages/airflow/task/task_runner/standard_task_runner.py:62 DeprecationWarning: This process (pid=534) is multi-threaded, use of fork() may lead to deadlocks in the child.
[2026-04-15T05:36:18.132+0000] {standard_task_runner.py:64} INFO - Started process 535 to run task
[2026-04-15T05:36:18.242+0000] {task_command.py:426} INFO - Running <TaskInstance: weather_etl_pipeline_v2.transform_clean manual__2026-04-15T05:36:08.938140+00:00 [running]> on host 114aa37da129
[2026-04-15T05:36:18.432+0000] {taskinstance.py:2648} INFO - Exporting env vars: AIRFLOW_CTX_DAG_OWNER='weather_etl' AIRFLOW_CTX_DAG_ID='weather_etl_pipeline_v2' AIRFLOW_CTX_TASK_ID='transform_clean' AIRFLOW_CTX_EXECUTION_DATE='2026-04-15T05:36:08.938140+00:00' AIRFLOW_CTX_TRY_NUMBER='1' AIRFLOW_CTX_DAG_RUN_ID='manual__2026-04-15T05:36:08.938140+00:00'
[2026-04-15T05:36:18.437+0000] {taskinstance.py:430} INFO - ::endgroup::
[2026-04-15T05:36:18.466+0000] {weather_etl_dag_v2.py:148} INFO - ============================================================
[2026-04-15T05:36:18.470+0000] {weather_etl_dag_v2.py:149} INFO - TASK: TRANSFORM_CLEAN - Transform and load clean data
[2026-04-15T05:36:18.473+0000] {weather_etl_dag_v2.py:150} INFO - ============================================================
[2026-04-15T05:36:18.506+0000] {logging_mixin.py:188} WARNING - 2026-04-15 05:36:18 - scripts.load_raw - INFO - Successfully connected to PostgreSQL database
[2026-04-15T05:36:18.505+0000] {load_raw.py:38} INFO - Successfully connected to PostgreSQL database
[2026-04-15T05:36:18.515+0000] {logging_mixin.py:188} WARNING - 2026-04-15 05:36:18 - scripts.load_raw - INFO - Retrieved 9 unprocessed raw records
[2026-04-15T05:36:18.514+0000] {load_raw.py:211} INFO - Retrieved 9 unprocessed raw records
[2026-04-15T05:36:18.524+0000] {logging_mixin.py:188} WARNING - 2026-04-15 05:36:18 - scripts.load_raw - INFO - Database connection closed
[2026-04-15T05:36:18.519+0000] {load_raw.py:53} INFO - Database connection closed
[2026-04-15T05:36:18.528+0000] {logging_mixin.py:188} WARNING - 2026-04-15 05:36:18 - scripts.load_clean - INFO - Starting transformation and load for 9 raw records
[2026-04-15T05:36:18.527+0000] {load_clean.py:169} INFO - Starting transformation and load for 9 raw records
[2026-04-15T05:36:18.537+0000] {logging_mixin.py:188} WARNING - 2026-04-15 05:36:18 - scripts.load_clean - INFO - Successfully connected to PostgreSQL database
[2026-04-15T05:36:18.537+0000] {load_clean.py:41} INFO - Successfully connected to PostgreSQL database
[2026-04-15T05:36:18.543+0000] {logging_mixin.py:188} WARNING - 2026-04-15 05:36:18 - scripts.load_clean - INFO - Table 'weather_clean' created or already exists
[2026-04-15T05:36:18.542+0000] {load_clean.py:91} INFO - Table 'weather_clean' created or already exists
[2026-04-15T05:36:18.555+0000] {logging_mixin.py:188} WARNING - 2026-04-15 05:36:18 - scripts.load_clean - INFO - Inserted new record for New York (deleted old records first)
[2026-04-15T05:36:18.554+0000] {load_clean.py:149} INFO - Inserted new record for New York (deleted old records first)
[2026-04-15T05:36:18.560+0000] {logging_mixin.py:188} WARNING - 2026-04-15 05:36:18 - scripts.load_clean - INFO - Inserted new record for Ahmedabad (deleted old records first)
[2026-04-15T05:36:18.559+0000] {load_clean.py:149} INFO - Inserted new record for Ahmedabad (deleted old records first)
[2026-04-15T05:36:18.565+0000] {logging_mixin.py:188} WARNING - 2026-04-15 05:36:18 - scripts.load_clean - INFO - Inserted new record for Bengaluru (deleted old records first)
[2026-04-15T05:36:18.564+0000] {load_clean.py:149} INFO - Inserted new record for Bengaluru (deleted old records first)
[2026-04-15T05:36:18.570+0000] {logging_mixin.py:188} WARNING - 2026-04-15 05:36:18 - scripts.load_clean - INFO - Inserted new record for Chennai (deleted old records first)
[2026-04-15T05:36:18.569+0000] {load_clean.py:149} INFO - Inserted new record for Chennai (deleted old records first)
[2026-04-15T05:36:18.575+0000] {logging_mixin.py:188} WARNING - 2026-04-15 05:36:18 - scripts.load_clean - INFO - Inserted new record for Chicago (deleted old records first)
[2026-04-15T05:36:18.574+0000] {load_clean.py:149} INFO - Inserted new record for Chicago (deleted old records first)
[2026-04-15T05:36:18.583+0000] {logging_mixin.py:188} WARNING - 2026-04-15 05:36:18 - scripts.load_clean - INFO - Inserted new record for Delhi (deleted old records first)
[2026-04-15T05:36:18.582+0000] {load_clean.py:149} INFO - Inserted new record for Delhi (deleted old records first)
[2026-04-15T05:36:18.588+0000] {logging_mixin.py:188} WARNING - 2026-04-15 05:36:18 - scripts.load_clean - INFO - Inserted new record for Islamabad (deleted old records first)
[2026-04-15T05:36:18.587+0000] {load_clean.py:149} INFO - Inserted new record for Islamabad (deleted old records first)
[2026-04-15T05:36:18.594+0000] {logging_mixin.py:188} WARNING - 2026-04-15 05:36:18 - scripts.load_clean - INFO - Inserted new record for Mumbai (deleted old records first)
[2026-04-15T05:36:18.592+0000] {load_clean.py:149} INFO - Inserted new record for Mumbai (deleted old records first)
[2026-04-15T05:36:18.598+0000] {logging_mixin.py:188} WARNING - 2026-04-15 05:36:18 - scripts.load_clean - INFO - Inserted new record for Pune (deleted old records first)
[2026-04-15T05:36:18.597+0000] {load_clean.py:149} INFO - Inserted new record for Pune (deleted old records first)
[2026-04-15T05:36:18.606+0000] {logging_mixin.py:188} WARNING - 2026-04-15 05:36:18 - scripts.load_clean - INFO - Marked 9 raw records as processed
[2026-04-15T05:36:18.605+0000] {load_clean.py:252} INFO - Marked 9 raw records as processed
[2026-04-15T05:36:18.610+0000] {logging_mixin.py:188} WARNING - 2026-04-15 05:36:18 - scripts.load_clean - INFO - Clean data load complete: 9 transformed, 9 validated, 9 loaded, 0 failed
[2026-04-15T05:36:18.609+0000] {load_clean.py:224} INFO - Clean data load complete: 9 transformed, 9 validated, 9 loaded, 0 failed
[2026-04-15T05:36:18.618+0000] {logging_mixin.py:188} WARNING - 2026-04-15 05:36:18 - scripts.load_clean - INFO - Database connection closed
[2026-04-15T05:36:18.613+0000] {load_clean.py:56} INFO - Database connection closed
[2026-04-15T05:36:18.623+0000] {weather_etl_dag_v2.py:166} INFO - ✓ Transform and load complete: 9 loaded, 0 failed
[2026-04-15T05:36:18.650+0000] {python.py:237} INFO - Done. Returned value was: 9
[2026-04-15T05:36:18.652+0000] {taskinstance.py:441} INFO - ::group::Post task execution logs
[2026-04-15T05:36:18.683+0000] {taskinstance.py:1206} INFO - Marking task as SUCCESS. dag_id=weather_etl_pipeline_v2, task_id=transform_clean, run_id=manual__2026-04-15T05:36:08.938140+00:00, execution_date=20260415T053608, start_date=20260415T053618, end_date=20260415T053618
[2026-04-15T05:36:18.751+0000] {local_task_job_runner.py:243} INFO - Task exited with return code 0
[2026-04-15T05:36:18.815+0000] {taskinstance.py:3503} INFO - 1 downstream tasks scheduled from follow-on schedule check
[2026-04-15T05:36:18.822+0000] {local_task_job_runner.py:222} INFO - ::endgroup::
