[2026-04-16T06:54:33.636+0000] {local_task_job_runner.py:120} INFO - ::group::Pre task execution logs
[2026-04-16T06:54:33.692+0000] {taskinstance.py:2076} INFO - Dependencies all met for dep_context=non-requeueable deps ti=<TaskInstance: weather_etl_pipeline_v2.extract manual__2026-04-16T06:54:30+00:00 [queued]>
[2026-04-16T06:54:33.705+0000] {taskinstance.py:2076} INFO - Dependencies all met for dep_context=requeueable deps ti=<TaskInstance: weather_etl_pipeline_v2.extract manual__2026-04-16T06:54:30+00:00 [queued]>
[2026-04-16T06:54:33.707+0000] {taskinstance.py:2306} INFO - Starting attempt 1 of 4
[2026-04-16T06:54:33.726+0000] {taskinstance.py:2330} INFO - Executing <Task(PythonOperator): extract> on 2026-04-16 06:54:30+00:00
[2026-04-16T06:54:33.738+0000] {logging_mixin.py:188} WARNING - /home/airflow/.local/lib/python3.12/site-packages/airflow/task/task_runner/standard_task_runner.py:62 DeprecationWarning: This process (pid=2418) is multi-threaded, use of fork() may lead to deadlocks in the child.
[2026-04-16T06:54:33.737+0000] {standard_task_runner.py:90} INFO - Running: ['airflow', 'tasks', 'run', 'weather_etl_pipeline_v2', 'extract', 'manual__2026-04-16T06:54:30+00:00', '--job-id', '68', '--raw', '--subdir', 'DAGS_FOLDER/weather_etl_dag_v2.py', '--cfg-path', '/tmp/tmp86j_o3b0']
[2026-04-16T06:54:33.740+0000] {standard_task_runner.py:64} INFO - Started process 2419 to run task
[2026-04-16T06:54:33.740+0000] {standard_task_runner.py:91} INFO - Job 68: Subtask extract
[2026-04-16T06:54:33.814+0000] {task_command.py:426} INFO - Running <TaskInstance: weather_etl_pipeline_v2.extract manual__2026-04-16T06:54:30+00:00 [running]> on host cf9362e38fb8
[2026-04-16T06:54:33.980+0000] {taskinstance.py:2648} INFO - Exporting env vars: AIRFLOW_CTX_DAG_OWNER='weather_etl' AIRFLOW_CTX_DAG_ID='weather_etl_pipeline_v2' AIRFLOW_CTX_TASK_ID='extract' AIRFLOW_CTX_EXECUTION_DATE='2026-04-16T06:54:30+00:00' AIRFLOW_CTX_TRY_NUMBER='1' AIRFLOW_CTX_DAG_RUN_ID='manual__2026-04-16T06:54:30+00:00'
[2026-04-16T06:54:33.982+0000] {taskinstance.py:430} INFO - ::endgroup::
[2026-04-16T06:54:34.002+0000] {weather_etl_dag_v2.py:98} INFO - ============================================================
[2026-04-16T06:54:34.004+0000] {weather_etl_dag_v2.py:99} INFO - TASK: EXTRACT — Fetching weather data from OpenWeatherMap API
[2026-04-16T06:54:34.007+0000] {weather_etl_dag_v2.py:100} INFO - ============================================================
[2026-04-16T06:54:34.019+0000] {weather_etl_dag_v2.py:119} INFO - Active cities fetched from DB: ['Ahmedabad', 'Bengaluru', 'Chennai', 'Delhi', 'Indore', 'Mumbai', 'New York', 'Palanpur']
[2026-04-16T06:54:34.027+0000] {logging_mixin.py:188} WARNING - 2026-04-16 06:54:34 - scripts.extract - INFO - Starting extraction for cities: Ahmedabad, Bengaluru, Chennai, Delhi, Indore, Mumbai, New York, Palanpur
[2026-04-16T06:54:34.026+0000] {extract.py:127} INFO - Starting extraction for cities: Ahmedabad, Bengaluru, Chennai, Delhi, Indore, Mumbai, New York, Palanpur
[2026-04-16T06:54:34.029+0000] {logging_mixin.py:188} WARNING - 2026-04-16 06:54:34 - scripts.extract - INFO - Starting extraction for 8 cities
[2026-04-16T06:54:34.028+0000] {extract.py:96} INFO - Starting extraction for 8 cities
[2026-04-16T06:54:34.031+0000] {logging_mixin.py:188} WARNING - 2026-04-16 06:54:34 - scripts.extract - INFO - Fetching weather data for Ahmedabad (attempt 1/3)
[2026-04-16T06:54:34.030+0000] {extract.py:47} INFO - Fetching weather data for Ahmedabad (attempt 1/3)
[2026-04-16T06:54:34.295+0000] {logging_mixin.py:188} WARNING - 2026-04-16 06:54:34 - scripts.extract - INFO - Successfully fetched data for Ahmedabad
[2026-04-16T06:54:34.294+0000] {extract.py:53} INFO - Successfully fetched data for Ahmedabad
[2026-04-16T06:54:34.297+0000] {logging_mixin.py:188} WARNING - 2026-04-16 06:54:34 - scripts.extract - INFO - Fetching weather data for Bengaluru (attempt 1/3)
[2026-04-16T06:54:34.297+0000] {extract.py:47} INFO - Fetching weather data for Bengaluru (attempt 1/3)
[2026-04-16T06:54:34.469+0000] {logging_mixin.py:188} WARNING - 2026-04-16 06:54:34 - scripts.extract - INFO - Successfully fetched data for Bengaluru
[2026-04-16T06:54:34.468+0000] {extract.py:53} INFO - Successfully fetched data for Bengaluru
[2026-04-16T06:54:34.473+0000] {logging_mixin.py:188} WARNING - 2026-04-16 06:54:34 - scripts.extract - INFO - Fetching weather data for Chennai (attempt 1/3)
[2026-04-16T06:54:34.471+0000] {extract.py:47} INFO - Fetching weather data for Chennai (attempt 1/3)
[2026-04-16T06:54:34.634+0000] {logging_mixin.py:188} WARNING - 2026-04-16 06:54:34 - scripts.extract - INFO - Successfully fetched data for Chennai
[2026-04-16T06:54:34.633+0000] {extract.py:53} INFO - Successfully fetched data for Chennai
[2026-04-16T06:54:34.637+0000] {logging_mixin.py:188} WARNING - 2026-04-16 06:54:34 - scripts.extract - INFO - Fetching weather data for Delhi (attempt 1/3)
[2026-04-16T06:54:34.636+0000] {extract.py:47} INFO - Fetching weather data for Delhi (attempt 1/3)
[2026-04-16T06:54:34.821+0000] {logging_mixin.py:188} WARNING - 2026-04-16 06:54:34 - scripts.extract - INFO - Successfully fetched data for Delhi
[2026-04-16T06:54:34.820+0000] {extract.py:53} INFO - Successfully fetched data for Delhi
[2026-04-16T06:54:34.825+0000] {logging_mixin.py:188} WARNING - 2026-04-16 06:54:34 - scripts.extract - INFO - Fetching weather data for Indore (attempt 1/3)
[2026-04-16T06:54:34.824+0000] {extract.py:47} INFO - Fetching weather data for Indore (attempt 1/3)
[2026-04-16T06:54:35.007+0000] {logging_mixin.py:188} WARNING - 2026-04-16 06:54:35 - scripts.extract - INFO - Successfully fetched data for Indore
[2026-04-16T06:54:35.006+0000] {extract.py:53} INFO - Successfully fetched data for Indore
[2026-04-16T06:54:35.010+0000] {logging_mixin.py:188} WARNING - 2026-04-16 06:54:35 - scripts.extract - INFO - Fetching weather data for Mumbai (attempt 1/3)
[2026-04-16T06:54:35.009+0000] {extract.py:47} INFO - Fetching weather data for Mumbai (attempt 1/3)
[2026-04-16T06:54:35.198+0000] {logging_mixin.py:188} WARNING - 2026-04-16 06:54:35 - scripts.extract - INFO - Successfully fetched data for Mumbai
[2026-04-16T06:54:35.197+0000] {extract.py:53} INFO - Successfully fetched data for Mumbai
[2026-04-16T06:54:35.202+0000] {logging_mixin.py:188} WARNING - 2026-04-16 06:54:35 - scripts.extract - INFO - Fetching weather data for New York (attempt 1/3)
[2026-04-16T06:54:35.201+0000] {extract.py:47} INFO - Fetching weather data for New York (attempt 1/3)
[2026-04-16T06:54:35.383+0000] {logging_mixin.py:188} WARNING - 2026-04-16 06:54:35 - scripts.extract - INFO - Successfully fetched data for New York
[2026-04-16T06:54:35.382+0000] {extract.py:53} INFO - Successfully fetched data for New York
[2026-04-16T06:54:35.386+0000] {logging_mixin.py:188} WARNING - 2026-04-16 06:54:35 - scripts.extract - INFO - Fetching weather data for Palanpur (attempt 1/3)
[2026-04-16T06:54:35.385+0000] {extract.py:47} INFO - Fetching weather data for Palanpur (attempt 1/3)
[2026-04-16T06:54:35.583+0000] {logging_mixin.py:188} WARNING - 2026-04-16 06:54:35 - scripts.extract - INFO - Successfully fetched data for Palanpur
[2026-04-16T06:54:35.582+0000] {extract.py:53} INFO - Successfully fetched data for Palanpur
[2026-04-16T06:54:35.587+0000] {logging_mixin.py:188} WARNING - 2026-04-16 06:54:35 - scripts.extract - INFO - Extraction complete: 8 successful, 0 failed
[2026-04-16T06:54:35.586+0000] {extract.py:114} INFO - Extraction complete: 8 successful, 0 failed
[2026-04-16T06:54:35.590+0000] {logging_mixin.py:188} WARNING - 2026-04-16 06:54:35 - scripts.extract - INFO - Extracted 8 weather records
[2026-04-16T06:54:35.589+0000] {extract.py:131} INFO - Extracted 8 weather records
[2026-04-16T06:54:35.621+0000] {weather_etl_dag_v2.py:127} INFO - ✓ Extraction complete: 8 records for 8 cities in 1.61s
[2026-04-16T06:54:35.626+0000] {python.py:237} INFO - Done. Returned value was: 8
[2026-04-16T06:54:35.627+0000] {taskinstance.py:441} INFO - ::group::Post task execution logs
[2026-04-16T06:54:35.662+0000] {taskinstance.py:1206} INFO - Marking task as SUCCESS. dag_id=weather_etl_pipeline_v2, task_id=extract, run_id=manual__2026-04-16T06:54:30+00:00, execution_date=20260416T065430, start_date=20260416T065433, end_date=20260416T065435
[2026-04-16T06:54:35.691+0000] {local_task_job_runner.py:243} INFO - Task exited with return code 0
[2026-04-16T06:54:35.730+0000] {taskinstance.py:3503} INFO - 1 downstream tasks scheduled from follow-on schedule check
[2026-04-16T06:54:35.734+0000] {local_task_job_runner.py:222} INFO - ::endgroup::
