[2026-04-11T11:31:14.202+0000] {local_task_job_runner.py:120} INFO - ::group::Pre task execution logs
[2026-04-11T11:31:14.257+0000] {taskinstance.py:2076} INFO - Dependencies all met for dep_context=non-requeueable deps ti=<TaskInstance: weather_etl_pipeline_v2.extract manual__2026-04-11T11:31:09+00:00 [queued]>
[2026-04-11T11:31:14.268+0000] {taskinstance.py:2076} INFO - Dependencies all met for dep_context=requeueable deps ti=<TaskInstance: weather_etl_pipeline_v2.extract manual__2026-04-11T11:31:09+00:00 [queued]>
[2026-04-11T11:31:14.269+0000] {taskinstance.py:2306} INFO - Starting attempt 1 of 4
[2026-04-11T11:31:14.283+0000] {taskinstance.py:2330} INFO - Executing <Task(PythonOperator): extract> on 2026-04-11 11:31:09+00:00
[2026-04-11T11:31:14.294+0000] {logging_mixin.py:188} WARNING - /home/airflow/.local/lib/python3.12/site-packages/airflow/task/task_runner/standard_task_runner.py:62 DeprecationWarning: This process (pid=180) is multi-threaded, use of fork() may lead to deadlocks in the child.
[2026-04-11T11:31:14.292+0000] {standard_task_runner.py:90} INFO - Running: ['airflow', 'tasks', 'run', 'weather_etl_pipeline_v2', 'extract', 'manual__2026-04-11T11:31:09+00:00', '--job-id', '117', '--raw', '--subdir', 'DAGS_FOLDER/weather_etl_dag_v2.py', '--cfg-path', '/tmp/tmpr_i1r4og']
[2026-04-11T11:31:14.296+0000] {standard_task_runner.py:64} INFO - Started process 181 to run task
[2026-04-11T11:31:14.296+0000] {standard_task_runner.py:91} INFO - Job 117: Subtask extract
[2026-04-11T11:31:14.353+0000] {task_command.py:426} INFO - Running <TaskInstance: weather_etl_pipeline_v2.extract manual__2026-04-11T11:31:09+00:00 [running]> on host 9514c60f7b76
[2026-04-11T11:31:14.474+0000] {taskinstance.py:2648} INFO - Exporting env vars: AIRFLOW_CTX_DAG_OWNER='weather_etl' AIRFLOW_CTX_DAG_ID='weather_etl_pipeline_v2' AIRFLOW_CTX_TASK_ID='extract' AIRFLOW_CTX_EXECUTION_DATE='2026-04-11T11:31:09+00:00' AIRFLOW_CTX_TRY_NUMBER='1' AIRFLOW_CTX_DAG_RUN_ID='manual__2026-04-11T11:31:09+00:00'
[2026-04-11T11:31:14.475+0000] {taskinstance.py:430} INFO - ::endgroup::
[2026-04-11T11:31:14.490+0000] {weather_etl_dag_v2.py:66} INFO - ============================================================
[2026-04-11T11:31:14.491+0000] {weather_etl_dag_v2.py:67} INFO - TASK: EXTRACT - Fetching weather data from API
[2026-04-11T11:31:14.494+0000] {weather_etl_dag_v2.py:68} INFO - ============================================================
[2026-04-11T11:31:14.500+0000] {logging_mixin.py:188} WARNING - 2026-04-11 11:31:14 - scripts.extract - INFO - Starting extraction for cities: Ahmedabad, Mumbai, Delhi, Bangalore, Chennai
[2026-04-11T11:31:14.499+0000] {extract.py:126} INFO - Starting extraction for cities: Ahmedabad, Mumbai, Delhi, Bangalore, Chennai
[2026-04-11T11:31:14.502+0000] {logging_mixin.py:188} WARNING - 2026-04-11 11:31:14 - scripts.extract - INFO - Starting extraction for 5 cities
[2026-04-11T11:31:14.501+0000] {extract.py:96} INFO - Starting extraction for 5 cities
[2026-04-11T11:31:14.503+0000] {logging_mixin.py:188} WARNING - 2026-04-11 11:31:14 - scripts.extract - INFO - Fetching weather data for Ahmedabad (attempt 1/3)
[2026-04-11T11:31:14.503+0000] {extract.py:47} INFO - Fetching weather data for Ahmedabad (attempt 1/3)
[2026-04-11T11:31:14.713+0000] {logging_mixin.py:188} WARNING - 2026-04-11 11:31:14 - scripts.extract - INFO - Successfully fetched data for Ahmedabad
[2026-04-11T11:31:14.712+0000] {extract.py:53} INFO - Successfully fetched data for Ahmedabad
[2026-04-11T11:31:14.715+0000] {logging_mixin.py:188} WARNING - 2026-04-11 11:31:14 - scripts.extract - INFO - Fetching weather data for Mumbai (attempt 1/3)
[2026-04-11T11:31:14.715+0000] {extract.py:47} INFO - Fetching weather data for Mumbai (attempt 1/3)
[2026-04-11T11:31:14.859+0000] {logging_mixin.py:188} WARNING - 2026-04-11 11:31:14 - scripts.extract - INFO - Successfully fetched data for Mumbai
[2026-04-11T11:31:14.858+0000] {extract.py:53} INFO - Successfully fetched data for Mumbai
[2026-04-11T11:31:14.861+0000] {logging_mixin.py:188} WARNING - 2026-04-11 11:31:14 - scripts.extract - INFO - Fetching weather data for Delhi (attempt 1/3)
[2026-04-11T11:31:14.861+0000] {extract.py:47} INFO - Fetching weather data for Delhi (attempt 1/3)
[2026-04-11T11:31:15.046+0000] {logging_mixin.py:188} WARNING - 2026-04-11 11:31:15 - scripts.extract - INFO - Successfully fetched data for Delhi
[2026-04-11T11:31:15.045+0000] {extract.py:53} INFO - Successfully fetched data for Delhi
[2026-04-11T11:31:15.048+0000] {logging_mixin.py:188} WARNING - 2026-04-11 11:31:15 - scripts.extract - INFO - Fetching weather data for Bangalore (attempt 1/3)
[2026-04-11T11:31:15.048+0000] {extract.py:47} INFO - Fetching weather data for Bangalore (attempt 1/3)
[2026-04-11T11:31:15.200+0000] {logging_mixin.py:188} WARNING - 2026-04-11 11:31:15 - scripts.extract - INFO - Successfully fetched data for Bangalore
[2026-04-11T11:31:15.199+0000] {extract.py:53} INFO - Successfully fetched data for Bangalore
[2026-04-11T11:31:15.202+0000] {logging_mixin.py:188} WARNING - 2026-04-11 11:31:15 - scripts.extract - INFO - Fetching weather data for Chennai (attempt 1/3)
[2026-04-11T11:31:15.201+0000] {extract.py:47} INFO - Fetching weather data for Chennai (attempt 1/3)
[2026-04-11T11:31:15.351+0000] {logging_mixin.py:188} WARNING - 2026-04-11 11:31:15 - scripts.extract - INFO - Successfully fetched data for Chennai
[2026-04-11T11:31:15.350+0000] {extract.py:53} INFO - Successfully fetched data for Chennai
[2026-04-11T11:31:15.353+0000] {logging_mixin.py:188} WARNING - 2026-04-11 11:31:15 - scripts.extract - INFO - Extraction complete: 5 successful, 0 failed
[2026-04-11T11:31:15.352+0000] {extract.py:113} INFO - Extraction complete: 5 successful, 0 failed
[2026-04-11T11:31:15.354+0000] {logging_mixin.py:188} WARNING - 2026-04-11 11:31:15 - scripts.extract - INFO - Extracted 5 weather records
[2026-04-11T11:31:15.354+0000] {extract.py:130} INFO - Extracted 5 weather records
[2026-04-11T11:31:15.374+0000] {weather_etl_dag_v2.py:77} INFO - ✓ Extraction complete: 5 records fetched
[2026-04-11T11:31:15.375+0000] {python.py:237} INFO - Done. Returned value was: 5
[2026-04-11T11:31:15.376+0000] {taskinstance.py:441} INFO - ::group::Post task execution logs
[2026-04-11T11:31:15.402+0000] {taskinstance.py:1206} INFO - Marking task as SUCCESS. dag_id=weather_etl_pipeline_v2, task_id=extract, run_id=manual__2026-04-11T11:31:09+00:00, execution_date=20260411T113109, start_date=20260411T113114, end_date=20260411T113115
[2026-04-11T11:31:15.436+0000] {local_task_job_runner.py:243} INFO - Task exited with return code 0
[2026-04-11T11:31:15.465+0000] {taskinstance.py:3503} INFO - 1 downstream tasks scheduled from follow-on schedule check
[2026-04-11T11:31:15.467+0000] {local_task_job_runner.py:222} INFO - ::endgroup::
