[2026-04-15T06:08:31.818+0000] {local_task_job_runner.py:120} INFO - ::group::Pre task execution logs
[2026-04-15T06:08:31.852+0000] {taskinstance.py:2076} INFO - Dependencies all met for dep_context=non-requeueable deps ti=<TaskInstance: weather_etl_pipeline_v2.quality_check manual__2026-04-15T06:08:23.565014+00:00 [queued]>
[2026-04-15T06:08:31.863+0000] {taskinstance.py:2076} INFO - Dependencies all met for dep_context=requeueable deps ti=<TaskInstance: weather_etl_pipeline_v2.quality_check manual__2026-04-15T06:08:23.565014+00:00 [queued]>
[2026-04-15T06:08:31.865+0000] {taskinstance.py:2306} INFO - Starting attempt 1 of 3
[2026-04-15T06:08:31.880+0000] {taskinstance.py:2330} INFO - Executing <Task(PythonOperator): quality_check> on 2026-04-15 06:08:23.565014+00:00
[2026-04-15T06:08:31.888+0000] {standard_task_runner.py:90} INFO - Running: ['airflow', 'tasks', 'run', 'weather_etl_pipeline_v2', 'quality_check', 'manual__2026-04-15T06:08:23.565014+00:00', '--job-id', '248', '--raw', '--subdir', 'DAGS_FOLDER/weather_etl_dag_v2.py', '--cfg-path', '/tmp/tmp4dz_f2wf']
[2026-04-15T06:08:31.891+0000] {standard_task_runner.py:91} INFO - Job 248: Subtask quality_check
[2026-04-15T06:08:31.895+0000] {logging_mixin.py:188} WARNING - /home/airflow/.local/lib/python3.12/site-packages/airflow/task/task_runner/standard_task_runner.py:62 DeprecationWarning: This process (pid=620) is multi-threaded, use of fork() may lead to deadlocks in the child.
[2026-04-15T06:08:31.896+0000] {standard_task_runner.py:64} INFO - Started process 621 to run task
[2026-04-15T06:08:31.959+0000] {task_command.py:426} INFO - Running <TaskInstance: weather_etl_pipeline_v2.quality_check manual__2026-04-15T06:08:23.565014+00:00 [running]> on host 157a7326b030
[2026-04-15T06:08:32.096+0000] {taskinstance.py:2648} INFO - Exporting env vars: AIRFLOW_CTX_DAG_OWNER='weather_etl' AIRFLOW_CTX_DAG_ID='weather_etl_pipeline_v2' AIRFLOW_CTX_TASK_ID='quality_check' AIRFLOW_CTX_EXECUTION_DATE='2026-04-15T06:08:23.565014+00:00' AIRFLOW_CTX_TRY_NUMBER='1' AIRFLOW_CTX_DAG_RUN_ID='manual__2026-04-15T06:08:23.565014+00:00'
[2026-04-15T06:08:32.097+0000] {taskinstance.py:430} INFO - ::endgroup::
[2026-04-15T06:08:32.120+0000] {weather_etl_dag_v2.py:183} INFO - ============================================================
[2026-04-15T06:08:32.123+0000] {weather_etl_dag_v2.py:184} INFO - TASK: QUALITY_CHECK - Validating data quality
[2026-04-15T06:08:32.125+0000] {weather_etl_dag_v2.py:185} INFO - ============================================================
[2026-04-15T06:08:32.138+0000] {logging_mixin.py:188} WARNING - 2026-04-15 06:08:32 - scripts.validate - INFO - Starting data quality validation for 13 records
[2026-04-15T06:08:32.137+0000] {validate.py:201} INFO - Starting data quality validation for 13 records
[2026-04-15T06:08:32.142+0000] {logging_mixin.py:188} WARNING - 2026-04-15 06:08:32 - scripts.validate - INFO - Validation complete: 13 valid, 0 invalid (100.0% pass rate)
[2026-04-15T06:08:32.141+0000] {validate.py:228} INFO - Validation complete: 13 valid, 0 invalid (100.0% pass rate)
[2026-04-15T06:08:32.144+0000] {weather_etl_dag_v2.py:232} INFO - ✓ Quality check complete: 100.0% pass rate
[2026-04-15T06:08:32.166+0000] {python.py:237} INFO - Done. Returned value was: 100.0
[2026-04-15T06:08:32.168+0000] {taskinstance.py:441} INFO - ::group::Post task execution logs
[2026-04-15T06:08:32.202+0000] {taskinstance.py:1206} INFO - Marking task as SUCCESS. dag_id=weather_etl_pipeline_v2, task_id=quality_check, run_id=manual__2026-04-15T06:08:23.565014+00:00, execution_date=20260415T060823, start_date=20260415T060831, end_date=20260415T060832
[2026-04-15T06:08:32.234+0000] {local_task_job_runner.py:243} INFO - Task exited with return code 0
[2026-04-15T06:08:32.266+0000] {taskinstance.py:3503} INFO - 1 downstream tasks scheduled from follow-on schedule check
[2026-04-15T06:08:32.272+0000] {local_task_job_runner.py:222} INFO - ::endgroup::
