[2026-04-15T08:01:24.955+0000] {local_task_job_runner.py:120} INFO - ::group::Pre task execution logs
[2026-04-15T08:01:25.014+0000] {taskinstance.py:2076} INFO - Dependencies all met for dep_context=non-requeueable deps ti=<TaskInstance: weather_etl_pipeline_v2.extract manual__2026-04-15T08:01:22.286568+00:00 [queued]>
[2026-04-15T08:01:25.026+0000] {taskinstance.py:2076} INFO - Dependencies all met for dep_context=requeueable deps ti=<TaskInstance: weather_etl_pipeline_v2.extract manual__2026-04-15T08:01:22.286568+00:00 [queued]>
[2026-04-15T08:01:25.027+0000] {taskinstance.py:2306} INFO - Starting attempt 1 of 4
[2026-04-15T08:01:25.044+0000] {taskinstance.py:2330} INFO - Executing <Task(PythonOperator): extract> on 2026-04-15 08:01:22.286568+00:00
[2026-04-15T08:01:25.051+0000] {standard_task_runner.py:90} INFO - Running: ['airflow', 'tasks', 'run', 'weather_etl_pipeline_v2', 'extract', 'manual__2026-04-15T08:01:22.286568+00:00', '--job-id', '260', '--raw', '--subdir', 'DAGS_FOLDER/weather_etl_dag_v2.py', '--cfg-path', '/tmp/tmps6bu3puv']
[2026-04-15T08:01:25.055+0000] {standard_task_runner.py:91} INFO - Job 260: Subtask extract
[2026-04-15T08:01:25.055+0000] {logging_mixin.py:188} WARNING - /home/airflow/.local/lib/python3.12/site-packages/airflow/task/task_runner/standard_task_runner.py:62 DeprecationWarning: This process (pid=180) is multi-threaded, use of fork() may lead to deadlocks in the child.
[2026-04-15T08:01:25.058+0000] {standard_task_runner.py:64} INFO - Started process 181 to run task
[2026-04-15T08:01:25.107+0000] {task_command.py:426} INFO - Running <TaskInstance: weather_etl_pipeline_v2.extract manual__2026-04-15T08:01:22.286568+00:00 [running]> on host 5352684ecc2b
[2026-04-15T08:01:25.209+0000] {taskinstance.py:2648} INFO - Exporting env vars: AIRFLOW_CTX_DAG_OWNER='weather_etl' AIRFLOW_CTX_DAG_ID='weather_etl_pipeline_v2' AIRFLOW_CTX_TASK_ID='extract' AIRFLOW_CTX_EXECUTION_DATE='2026-04-15T08:01:22.286568+00:00' AIRFLOW_CTX_TRY_NUMBER='1' AIRFLOW_CTX_DAG_RUN_ID='manual__2026-04-15T08:01:22.286568+00:00'
[2026-04-15T08:01:25.210+0000] {taskinstance.py:430} INFO - ::endgroup::
[2026-04-15T08:01:25.224+0000] {weather_etl_dag_v2.py:66} INFO - ============================================================
[2026-04-15T08:01:25.226+0000] {weather_etl_dag_v2.py:67} INFO - TASK: EXTRACT - Fetching weather data from API
[2026-04-15T08:01:25.230+0000] {weather_etl_dag_v2.py:68} INFO - ============================================================
[2026-04-15T08:01:25.239+0000] {weather_etl_dag_v2.py:91} INFO - Fetched 6 cities from database: ['Ahmedabad', 'Amsterdam', 'Chicago', 'Mumbai', 'New York', 'Surat']
[2026-04-15T08:01:25.247+0000] {logging_mixin.py:188} WARNING - 2026-04-15 08:01:25 - scripts.extract - INFO - Starting extraction for cities: Ahmedabad, Amsterdam, Chicago, Mumbai, New York, Surat
[2026-04-15T08:01:25.245+0000] {extract.py:126} INFO - Starting extraction for cities: Ahmedabad, Amsterdam, Chicago, Mumbai, New York, Surat
[2026-04-15T08:01:25.252+0000] {logging_mixin.py:188} WARNING - 2026-04-15 08:01:25 - scripts.extract - INFO - Starting extraction for 6 cities
[2026-04-15T08:01:25.251+0000] {extract.py:96} INFO - Starting extraction for 6 cities
[2026-04-15T08:01:25.257+0000] {logging_mixin.py:188} WARNING - 2026-04-15 08:01:25 - scripts.extract - INFO - Fetching weather data for Ahmedabad (attempt 1/3)
[2026-04-15T08:01:25.254+0000] {extract.py:47} INFO - Fetching weather data for Ahmedabad (attempt 1/3)
[2026-04-15T08:01:25.425+0000] {logging_mixin.py:188} WARNING - 2026-04-15 08:01:25 - scripts.extract - INFO - Successfully fetched data for Ahmedabad
[2026-04-15T08:01:25.424+0000] {extract.py:53} INFO - Successfully fetched data for Ahmedabad
[2026-04-15T08:01:25.427+0000] {logging_mixin.py:188} WARNING - 2026-04-15 08:01:25 - scripts.extract - INFO - Fetching weather data for Amsterdam (attempt 1/3)
[2026-04-15T08:01:25.426+0000] {extract.py:47} INFO - Fetching weather data for Amsterdam (attempt 1/3)
[2026-04-15T08:01:25.566+0000] {logging_mixin.py:188} WARNING - 2026-04-15 08:01:25 - scripts.extract - INFO - Successfully fetched data for Amsterdam
[2026-04-15T08:01:25.565+0000] {extract.py:53} INFO - Successfully fetched data for Amsterdam
[2026-04-15T08:01:25.569+0000] {logging_mixin.py:188} WARNING - 2026-04-15 08:01:25 - scripts.extract - INFO - Fetching weather data for Chicago (attempt 1/3)
[2026-04-15T08:01:25.568+0000] {extract.py:47} INFO - Fetching weather data for Chicago (attempt 1/3)
[2026-04-15T08:01:25.709+0000] {logging_mixin.py:188} WARNING - 2026-04-15 08:01:25 - scripts.extract - INFO - Successfully fetched data for Chicago
[2026-04-15T08:01:25.708+0000] {extract.py:53} INFO - Successfully fetched data for Chicago
[2026-04-15T08:01:25.713+0000] {logging_mixin.py:188} WARNING - 2026-04-15 08:01:25 - scripts.extract - INFO - Fetching weather data for Mumbai (attempt 1/3)
[2026-04-15T08:01:25.712+0000] {extract.py:47} INFO - Fetching weather data for Mumbai (attempt 1/3)
[2026-04-15T08:01:25.863+0000] {logging_mixin.py:188} WARNING - 2026-04-15 08:01:25 - scripts.extract - INFO - Successfully fetched data for Mumbai
[2026-04-15T08:01:25.862+0000] {extract.py:53} INFO - Successfully fetched data for Mumbai
[2026-04-15T08:01:25.865+0000] {logging_mixin.py:188} WARNING - 2026-04-15 08:01:25 - scripts.extract - INFO - Fetching weather data for New York (attempt 1/3)
[2026-04-15T08:01:25.865+0000] {extract.py:47} INFO - Fetching weather data for New York (attempt 1/3)
[2026-04-15T08:01:26.005+0000] {logging_mixin.py:188} WARNING - 2026-04-15 08:01:26 - scripts.extract - INFO - Successfully fetched data for New York
[2026-04-15T08:01:26.003+0000] {extract.py:53} INFO - Successfully fetched data for New York
[2026-04-15T08:01:26.010+0000] {logging_mixin.py:188} WARNING - 2026-04-15 08:01:26 - scripts.extract - INFO - Fetching weather data for Surat (attempt 1/3)
[2026-04-15T08:01:26.009+0000] {extract.py:47} INFO - Fetching weather data for Surat (attempt 1/3)
[2026-04-15T08:01:26.178+0000] {logging_mixin.py:188} WARNING - 2026-04-15 08:01:26 - scripts.extract - INFO - Successfully fetched data for Surat
[2026-04-15T08:01:26.177+0000] {extract.py:53} INFO - Successfully fetched data for Surat
[2026-04-15T08:01:26.182+0000] {logging_mixin.py:188} WARNING - 2026-04-15 08:01:26 - scripts.extract - INFO - Extraction complete: 6 successful, 0 failed
[2026-04-15T08:01:26.181+0000] {extract.py:113} INFO - Extraction complete: 6 successful, 0 failed
[2026-04-15T08:01:26.184+0000] {logging_mixin.py:188} WARNING - 2026-04-15 08:01:26 - scripts.extract - INFO - Extracted 6 weather records
[2026-04-15T08:01:26.183+0000] {extract.py:130} INFO - Extracted 6 weather records
[2026-04-15T08:01:26.212+0000] {weather_etl_dag_v2.py:102} INFO - ✓ Extraction complete: 6 records fetched
[2026-04-15T08:01:26.220+0000] {python.py:237} INFO - Done. Returned value was: 6
[2026-04-15T08:01:26.222+0000] {taskinstance.py:441} INFO - ::group::Post task execution logs
[2026-04-15T08:01:26.261+0000] {taskinstance.py:1206} INFO - Marking task as SUCCESS. dag_id=weather_etl_pipeline_v2, task_id=extract, run_id=manual__2026-04-15T08:01:22.286568+00:00, execution_date=20260415T080122, start_date=20260415T080125, end_date=20260415T080126
[2026-04-15T08:01:26.319+0000] {local_task_job_runner.py:243} INFO - Task exited with return code 0
[2026-04-15T08:01:26.356+0000] {taskinstance.py:3503} INFO - 1 downstream tasks scheduled from follow-on schedule check
[2026-04-15T08:01:26.360+0000] {local_task_job_runner.py:222} INFO - ::endgroup::
