[2026-04-13T08:33:45.969+0000] {local_task_job_runner.py:120} INFO - ::group::Pre task execution logs
[2026-04-13T08:33:46.039+0000] {taskinstance.py:2076} INFO - Dependencies all met for dep_context=non-requeueable deps ti=<TaskInstance: weather_etl_pipeline_v2.load_raw manual__2026-04-13T08:33:36.622670+00:00 [queued]>
[2026-04-13T08:33:46.063+0000] {taskinstance.py:2076} INFO - Dependencies all met for dep_context=requeueable deps ti=<TaskInstance: weather_etl_pipeline_v2.load_raw manual__2026-04-13T08:33:36.622670+00:00 [queued]>
[2026-04-13T08:33:46.068+0000] {taskinstance.py:2306} INFO - Starting attempt 1 of 4
[2026-04-13T08:33:46.103+0000] {taskinstance.py:2330} INFO - Executing <Task(PythonOperator): load_raw> on 2026-04-13 08:33:36.622670+00:00
[2026-04-13T08:33:46.121+0000] {standard_task_runner.py:90} INFO - Running: ['airflow', 'tasks', 'run', 'weather_etl_pipeline_v2', 'load_raw', 'manual__2026-04-13T08:33:36.622670+00:00', '--job-id', '203', '--raw', '--subdir', 'DAGS_FOLDER/weather_etl_dag_v2.py', '--cfg-path', '/tmp/tmpdl0f0qdg']
[2026-04-13T08:33:46.130+0000] {standard_task_runner.py:91} INFO - Job 203: Subtask load_raw
[2026-04-13T08:33:46.131+0000] {logging_mixin.py:188} WARNING - /home/airflow/.local/lib/python3.12/site-packages/airflow/task/task_runner/standard_task_runner.py:62 DeprecationWarning: This process (pid=1061) is multi-threaded, use of fork() may lead to deadlocks in the child.
[2026-04-13T08:33:46.133+0000] {standard_task_runner.py:64} INFO - Started process 1062 to run task
[2026-04-13T08:33:46.244+0000] {task_command.py:426} INFO - Running <TaskInstance: weather_etl_pipeline_v2.load_raw manual__2026-04-13T08:33:36.622670+00:00 [running]> on host 0e50340581e5
[2026-04-13T08:33:46.443+0000] {taskinstance.py:2648} INFO - Exporting env vars: AIRFLOW_CTX_DAG_OWNER='weather_etl' AIRFLOW_CTX_DAG_ID='weather_etl_pipeline_v2' AIRFLOW_CTX_TASK_ID='load_raw' AIRFLOW_CTX_EXECUTION_DATE='2026-04-13T08:33:36.622670+00:00' AIRFLOW_CTX_TRY_NUMBER='1' AIRFLOW_CTX_DAG_RUN_ID='manual__2026-04-13T08:33:36.622670+00:00'
[2026-04-13T08:33:46.445+0000] {taskinstance.py:430} INFO - ::endgroup::
[2026-04-13T08:33:46.461+0000] {weather_etl_dag_v2.py:119} INFO - ============================================================
[2026-04-13T08:33:46.463+0000] {weather_etl_dag_v2.py:120} INFO - TASK: LOAD_RAW - Storing raw API responses
[2026-04-13T08:33:46.465+0000] {weather_etl_dag_v2.py:121} INFO - ============================================================
[2026-04-13T08:33:46.487+0000] {logging_mixin.py:188} WARNING - 2026-04-13 08:33:46 - scripts.load_raw - INFO - Starting raw data load for 8 records
[2026-04-13T08:33:46.486+0000] {load_raw.py:134} INFO - Starting raw data load for 8 records
[2026-04-13T08:33:46.494+0000] {logging_mixin.py:188} WARNING - 2026-04-13 08:33:46 - scripts.load_raw - INFO - Successfully connected to PostgreSQL database
[2026-04-13T08:33:46.493+0000] {load_raw.py:38} INFO - Successfully connected to PostgreSQL database
[2026-04-13T08:33:46.498+0000] {logging_mixin.py:188} WARNING - 2026-04-13 08:33:46 - scripts.load_raw - INFO - Table 'weather_raw' created or already exists
[2026-04-13T08:33:46.497+0000] {load_raw.py:78} INFO - Table 'weather_raw' created or already exists
[2026-04-13T08:33:46.509+0000] {logging_mixin.py:188} WARNING - 2026-04-13 08:33:46 - scripts.load_raw - INFO - Raw data load complete: 8 inserted, 0 skipped (duplicates)
[2026-04-13T08:33:46.509+0000] {load_raw.py:162} INFO - Raw data load complete: 8 inserted, 0 skipped (duplicates)
[2026-04-13T08:33:46.513+0000] {logging_mixin.py:188} WARNING - 2026-04-13 08:33:46 - scripts.load_raw - INFO - Database connection closed
[2026-04-13T08:33:46.512+0000] {load_raw.py:53} INFO - Database connection closed
[2026-04-13T08:33:46.515+0000] {weather_etl_dag_v2.py:134} INFO - ✓ Raw data load complete: 8 inserted, 0 skipped
[2026-04-13T08:33:46.517+0000] {python.py:237} INFO - Done. Returned value was: 8
[2026-04-13T08:33:46.518+0000] {taskinstance.py:441} INFO - ::group::Post task execution logs
[2026-04-13T08:33:46.554+0000] {taskinstance.py:1206} INFO - Marking task as SUCCESS. dag_id=weather_etl_pipeline_v2, task_id=load_raw, run_id=manual__2026-04-13T08:33:36.622670+00:00, execution_date=20260413T083336, start_date=20260413T083346, end_date=20260413T083346
[2026-04-13T08:33:46.633+0000] {local_task_job_runner.py:243} INFO - Task exited with return code 0
[2026-04-13T08:33:46.691+0000] {taskinstance.py:3503} INFO - 1 downstream tasks scheduled from follow-on schedule check
[2026-04-13T08:33:46.695+0000] {local_task_job_runner.py:222} INFO - ::endgroup::
