[2026-04-16T06:36:33.623+0000] {local_task_job_runner.py:120} INFO - ::group::Pre task execution logs
[2026-04-16T06:36:33.663+0000] {taskinstance.py:2076} INFO - Dependencies all met for dep_context=non-requeueable deps ti=<TaskInstance: weather_etl_pipeline_v2.update_metadata_success manual__2026-04-16T06:36:21+00:00 [queued]>
[2026-04-16T06:36:33.676+0000] {taskinstance.py:2076} INFO - Dependencies all met for dep_context=requeueable deps ti=<TaskInstance: weather_etl_pipeline_v2.update_metadata_success manual__2026-04-16T06:36:21+00:00 [queued]>
[2026-04-16T06:36:33.677+0000] {taskinstance.py:2306} INFO - Starting attempt 1 of 4
[2026-04-16T06:36:33.694+0000] {taskinstance.py:2330} INFO - Executing <Task(PythonOperator): update_metadata_success> on 2026-04-16 06:36:21+00:00
[2026-04-16T06:36:33.702+0000] {logging_mixin.py:188} WARNING - /home/airflow/.local/lib/python3.12/site-packages/airflow/task/task_runner/standard_task_runner.py:62 DeprecationWarning: This process (pid=1792) is multi-threaded, use of fork() may lead to deadlocks in the child.
[2026-04-16T06:36:33.701+0000] {standard_task_runner.py:90} INFO - Running: ['airflow', 'tasks', 'run', 'weather_etl_pipeline_v2', 'update_metadata_success', 'manual__2026-04-16T06:36:21+00:00', '--job-id', '45', '--raw', '--subdir', 'DAGS_FOLDER/weather_etl_dag_v2.py', '--cfg-path', '/tmp/tmp6qlv1b4o']
[2026-04-16T06:36:33.704+0000] {standard_task_runner.py:64} INFO - Started process 1793 to run task
[2026-04-16T06:36:33.704+0000] {standard_task_runner.py:91} INFO - Job 45: Subtask update_metadata_success
[2026-04-16T06:36:33.767+0000] {task_command.py:426} INFO - Running <TaskInstance: weather_etl_pipeline_v2.update_metadata_success manual__2026-04-16T06:36:21+00:00 [running]> on host cf9362e38fb8
[2026-04-16T06:36:33.893+0000] {taskinstance.py:2648} INFO - Exporting env vars: AIRFLOW_CTX_DAG_OWNER='weather_etl' AIRFLOW_CTX_DAG_ID='weather_etl_pipeline_v2' AIRFLOW_CTX_TASK_ID='update_metadata_success' AIRFLOW_CTX_EXECUTION_DATE='2026-04-16T06:36:21+00:00' AIRFLOW_CTX_TRY_NUMBER='1' AIRFLOW_CTX_DAG_RUN_ID='manual__2026-04-16T06:36:21+00:00'
[2026-04-16T06:36:33.894+0000] {taskinstance.py:430} INFO - ::endgroup::
[2026-04-16T06:36:33.911+0000] {weather_etl_dag_v2.py:319} INFO - ============================================================
[2026-04-16T06:36:33.914+0000] {weather_etl_dag_v2.py:320} INFO - TASK: UPDATE_METADATA_SUCCESS — Recording successful pipeline run
[2026-04-16T06:36:33.918+0000] {weather_etl_dag_v2.py:321} INFO - ============================================================
[2026-04-16T06:36:33.995+0000] {logging_mixin.py:188} WARNING - 2026-04-16 06:36:33 - scripts.metadata_manager - INFO - Successfully connected to PostgreSQL database
[2026-04-16T06:36:33.994+0000] {metadata_manager.py:38} INFO - Successfully connected to PostgreSQL database
[2026-04-16T06:36:34.003+0000] {logging_mixin.py:188} WARNING - 2026-04-16 06:36:34 - scripts.metadata_manager - INFO - Table 'pipeline_metadata' created or already exists
[2026-04-16T06:36:34.002+0000] {metadata_manager.py:92} INFO - Table 'pipeline_metadata' created or already exists
[2026-04-16T06:36:34.007+0000] {logging_mixin.py:188} WARNING - 2026-04-16 06:36:34 - scripts.metadata_manager - INFO - Pipeline weather_etl_pipeline_v2 marked as SUCCESS: 6 processed, 34 inserted, 0 failed
[2026-04-16T06:36:34.006+0000] {metadata_manager.py:241} INFO - Pipeline weather_etl_pipeline_v2 marked as SUCCESS: 6 processed, 34 inserted, 0 failed
[2026-04-16T06:36:34.009+0000] {logging_mixin.py:188} WARNING - 2026-04-16 06:36:34 - scripts.metadata_manager - INFO - Database connection closed
[2026-04-16T06:36:34.009+0000] {metadata_manager.py:53} INFO - Database connection closed
[2026-04-16T06:36:34.011+0000] {weather_etl_dag_v2.py:341} INFO - ✓ Pipeline marked as SUCCESS
[2026-04-16T06:36:34.012+0000] {weather_etl_dag_v2.py:342} INFO -   Records extracted  : 6
[2026-04-16T06:36:34.013+0000] {weather_etl_dag_v2.py:343} INFO -   Records inserted   : 34
[2026-04-16T06:36:34.014+0000] {weather_etl_dag_v2.py:344} INFO -   Records failed     : 0
[2026-04-16T06:36:34.016+0000] {weather_etl_dag_v2.py:345} INFO -   Validation rate    : 100.0%
[2026-04-16T06:36:34.017+0000] {weather_etl_dag_v2.py:346} INFO -   Agg rows upserted  : 0
[2026-04-16T06:36:34.018+0000] {python.py:237} INFO - Done. Returned value was: True
[2026-04-16T06:36:34.019+0000] {taskinstance.py:441} INFO - ::group::Post task execution logs
[2026-04-16T06:36:34.047+0000] {taskinstance.py:1206} INFO - Marking task as SUCCESS. dag_id=weather_etl_pipeline_v2, task_id=update_metadata_success, run_id=manual__2026-04-16T06:36:21+00:00, execution_date=20260416T063621, start_date=20260416T063633, end_date=20260416T063634
[2026-04-16T06:36:34.080+0000] {local_task_job_runner.py:243} INFO - Task exited with return code 0
[2026-04-16T06:36:34.106+0000] {taskinstance.py:3503} INFO - 0 downstream tasks scheduled from follow-on schedule check
[2026-04-16T06:36:34.109+0000] {local_task_job_runner.py:222} INFO - ::endgroup::
