[2026-04-11T11:13:38.531+0000] {local_task_job_runner.py:120} INFO - ::group::Pre task execution logs
[2026-04-11T11:13:38.570+0000] {taskinstance.py:2076} INFO - Dependencies all met for dep_context=non-requeueable deps ti=<TaskInstance: weather_etl_pipeline_v2.update_metadata_success scheduled__2026-04-10T02:00:00+00:00 [queued]>
[2026-04-11T11:13:38.582+0000] {taskinstance.py:2076} INFO - Dependencies all met for dep_context=requeueable deps ti=<TaskInstance: weather_etl_pipeline_v2.update_metadata_success scheduled__2026-04-10T02:00:00+00:00 [queued]>
[2026-04-11T11:13:38.583+0000] {taskinstance.py:2306} INFO - Starting attempt 1 of 4
[2026-04-11T11:13:38.592+0000] {taskinstance.py:2330} INFO - Executing <Task(PythonOperator): update_metadata_success> on 2026-04-10 02:00:00+00:00
[2026-04-11T11:13:38.600+0000] {standard_task_runner.py:90} INFO - Running: ['airflow', 'tasks', 'run', 'weather_etl_pipeline_v2', 'update_metadata_success', 'scheduled__2026-04-10T02:00:00+00:00', '--job-id', '92', '--raw', '--subdir', 'DAGS_FOLDER/weather_etl_dag_v2.py', '--cfg-path', '/tmp/tmpd_1w4eew']
[2026-04-11T11:13:38.604+0000] {standard_task_runner.py:91} INFO - Job 92: Subtask update_metadata_success
[2026-04-11T11:13:38.607+0000] {logging_mixin.py:188} WARNING - /home/airflow/.local/lib/python3.12/site-packages/airflow/task/task_runner/standard_task_runner.py:62 DeprecationWarning: This process (pid=188) is multi-threaded, use of fork() may lead to deadlocks in the child.
[2026-04-11T11:13:38.608+0000] {standard_task_runner.py:64} INFO - Started process 189 to run task
[2026-04-11T11:13:38.673+0000] {task_command.py:426} INFO - Running <TaskInstance: weather_etl_pipeline_v2.update_metadata_success scheduled__2026-04-10T02:00:00+00:00 [running]> on host 0510404e06e7
[2026-04-11T11:13:38.795+0000] {taskinstance.py:2648} INFO - Exporting env vars: AIRFLOW_CTX_DAG_OWNER='weather_etl' AIRFLOW_CTX_DAG_ID='weather_etl_pipeline_v2' AIRFLOW_CTX_TASK_ID='update_metadata_success' AIRFLOW_CTX_EXECUTION_DATE='2026-04-10T02:00:00+00:00' AIRFLOW_CTX_TRY_NUMBER='1' AIRFLOW_CTX_DAG_RUN_ID='scheduled__2026-04-10T02:00:00+00:00'
[2026-04-11T11:13:38.797+0000] {taskinstance.py:430} INFO - ::endgroup::
[2026-04-11T11:13:38.810+0000] {weather_etl_dag_v2.py:229} INFO - ============================================================
[2026-04-11T11:13:38.812+0000] {weather_etl_dag_v2.py:230} INFO - TASK: UPDATE_METADATA_SUCCESS - Recording successful run
[2026-04-11T11:13:38.813+0000] {weather_etl_dag_v2.py:231} INFO - ============================================================
[2026-04-11T11:13:38.874+0000] {logging_mixin.py:188} WARNING - 2026-04-11 11:13:38 - scripts.metadata_manager - INFO - Successfully connected to PostgreSQL database
[2026-04-11T11:13:38.873+0000] {metadata_manager.py:38} INFO - Successfully connected to PostgreSQL database
[2026-04-11T11:13:38.887+0000] {logging_mixin.py:188} WARNING - 2026-04-11 11:13:38 - scripts.metadata_manager - INFO - Table 'pipeline_metadata' created or already exists
[2026-04-11T11:13:38.887+0000] {metadata_manager.py:92} INFO - Table 'pipeline_metadata' created or already exists
[2026-04-11T11:13:38.895+0000] {logging_mixin.py:188} WARNING - 2026-04-11 11:13:38 - scripts.metadata_manager - INFO - Pipeline weather_etl_pipeline_v2 marked as SUCCESS: 5 processed, 5 inserted, 0 failed
[2026-04-11T11:13:38.894+0000] {metadata_manager.py:241} INFO - Pipeline weather_etl_pipeline_v2 marked as SUCCESS: 5 processed, 5 inserted, 0 failed
[2026-04-11T11:13:38.899+0000] {logging_mixin.py:188} WARNING - 2026-04-11 11:13:38 - scripts.metadata_manager - INFO - Database connection closed
[2026-04-11T11:13:38.897+0000] {metadata_manager.py:53} INFO - Database connection closed
[2026-04-11T11:13:38.900+0000] {weather_etl_dag_v2.py:253} INFO - ✓ Metadata updated: Pipeline marked as SUCCESS
[2026-04-11T11:13:38.901+0000] {weather_etl_dag_v2.py:254} INFO -   - Records processed: 5
[2026-04-11T11:13:38.902+0000] {weather_etl_dag_v2.py:255} INFO -   - Records inserted: 5
[2026-04-11T11:13:38.903+0000] {weather_etl_dag_v2.py:256} INFO -   - Validation rate: 100.0%
[2026-04-11T11:13:38.904+0000] {python.py:237} INFO - Done. Returned value was: True
[2026-04-11T11:13:38.904+0000] {taskinstance.py:441} INFO - ::group::Post task execution logs
[2026-04-11T11:13:38.931+0000] {taskinstance.py:1206} INFO - Marking task as SUCCESS. dag_id=weather_etl_pipeline_v2, task_id=update_metadata_success, run_id=scheduled__2026-04-10T02:00:00+00:00, execution_date=20260410T020000, start_date=20260411T111338, end_date=20260411T111338
[2026-04-11T11:13:38.984+0000] {local_task_job_runner.py:243} INFO - Task exited with return code 0
[2026-04-11T11:13:39.002+0000] {taskinstance.py:3503} INFO - 0 downstream tasks scheduled from follow-on schedule check
[2026-04-11T11:13:39.005+0000] {local_task_job_runner.py:222} INFO - ::endgroup::
