[2026-04-18T06:14:38.079+0000] {local_task_job_runner.py:120} INFO - ::group::Pre task execution logs
[2026-04-18T06:14:38.184+0000] {taskinstance.py:2076} INFO - Dependencies all met for dep_context=non-requeueable deps ti=<TaskInstance: weather_etl_pipeline_v2.extract manual__2026-04-18T06:14:34.296233+00:00 [queued]>
[2026-04-18T06:14:38.225+0000] {taskinstance.py:2076} INFO - Dependencies all met for dep_context=requeueable deps ti=<TaskInstance: weather_etl_pipeline_v2.extract manual__2026-04-18T06:14:34.296233+00:00 [queued]>
[2026-04-18T06:14:38.232+0000] {taskinstance.py:2306} INFO - Starting attempt 1 of 4
[2026-04-18T06:14:38.287+0000] {taskinstance.py:2330} INFO - Executing <Task(PythonOperator): extract> on 2026-04-18 06:14:34.296233+00:00
[2026-04-18T06:14:38.317+0000] {logging_mixin.py:188} WARNING - /home/airflow/.local/lib/python3.12/site-packages/airflow/task/task_runner/standard_task_runner.py:62 DeprecationWarning: This process (pid=1212) is multi-threaded, use of fork() may lead to deadlocks in the child.
[2026-04-18T06:14:38.316+0000] {standard_task_runner.py:90} INFO - Running: ['airflow', 'tasks', 'run', 'weather_etl_pipeline_v2', 'extract', 'manual__2026-04-18T06:14:34.296233+00:00', '--job-id', '145', '--raw', '--subdir', 'DAGS_FOLDER/weather_etl_dag_v2.py', '--cfg-path', '/tmp/tmp96bhziq0']
[2026-04-18T06:14:38.329+0000] {standard_task_runner.py:64} INFO - Started process 1213 to run task
[2026-04-18T06:14:38.338+0000] {standard_task_runner.py:91} INFO - Job 145: Subtask extract
[2026-04-18T06:14:38.462+0000] {task_command.py:426} INFO - Running <TaskInstance: weather_etl_pipeline_v2.extract manual__2026-04-18T06:14:34.296233+00:00 [running]> on host fe407dbe3293
[2026-04-18T06:14:38.633+0000] {taskinstance.py:2648} INFO - Exporting env vars: AIRFLOW_CTX_DAG_OWNER='weather_etl' AIRFLOW_CTX_DAG_ID='weather_etl_pipeline_v2' AIRFLOW_CTX_TASK_ID='extract' AIRFLOW_CTX_EXECUTION_DATE='2026-04-18T06:14:34.296233+00:00' AIRFLOW_CTX_TRY_NUMBER='1' AIRFLOW_CTX_DAG_RUN_ID='manual__2026-04-18T06:14:34.296233+00:00'
[2026-04-18T06:14:38.635+0000] {taskinstance.py:430} INFO - ::endgroup::
[2026-04-18T06:14:38.667+0000] {weather_etl_dag_v2.py:88} INFO - ============================================================
[2026-04-18T06:14:38.670+0000] {weather_etl_dag_v2.py:89} INFO - TASK: EXTRACT — Fetching weather data from OpenWeatherMap API
[2026-04-18T06:14:38.672+0000] {weather_etl_dag_v2.py:90} INFO - ============================================================
[2026-04-18T06:14:38.688+0000] {weather_etl_dag_v2.py:109} INFO - Active cities fetched from DB: ['Ahmedabad', 'Bengaluru', 'Chennai', 'Delhi', 'Indore', 'Kolkata', 'Kota', 'Kyiv', 'Manali', 'Mumbai', 'New York', 'Palanpur']
[2026-04-18T06:14:38.697+0000] {logging_mixin.py:188} WARNING - 2026-04-18 06:14:38 - scripts.extract - INFO - Starting extraction for cities: Ahmedabad, Bengaluru, Chennai, Delhi, Indore, Kolkata, Kota, Kyiv, Manali, Mumbai, New York, Palanpur
[2026-04-18T06:14:38.696+0000] {extract.py:127} INFO - Starting extraction for cities: Ahmedabad, Bengaluru, Chennai, Delhi, Indore, Kolkata, Kota, Kyiv, Manali, Mumbai, New York, Palanpur
[2026-04-18T06:14:38.701+0000] {logging_mixin.py:188} WARNING - 2026-04-18 06:14:38 - scripts.extract - INFO - Starting extraction for 12 cities
[2026-04-18T06:14:38.701+0000] {extract.py:96} INFO - Starting extraction for 12 cities
[2026-04-18T06:14:38.704+0000] {logging_mixin.py:188} WARNING - 2026-04-18 06:14:38 - scripts.extract - INFO - Fetching weather data for Ahmedabad (attempt 1/3)
[2026-04-18T06:14:38.703+0000] {extract.py:47} INFO - Fetching weather data for Ahmedabad (attempt 1/3)
[2026-04-18T06:14:38.904+0000] {logging_mixin.py:188} WARNING - 2026-04-18 06:14:38 - scripts.extract - INFO - Successfully fetched data for Ahmedabad
[2026-04-18T06:14:38.897+0000] {extract.py:53} INFO - Successfully fetched data for Ahmedabad
[2026-04-18T06:14:38.918+0000] {logging_mixin.py:188} WARNING - 2026-04-18 06:14:38 - scripts.extract - INFO - Fetching weather data for Bengaluru (attempt 1/3)
[2026-04-18T06:14:38.916+0000] {extract.py:47} INFO - Fetching weather data for Bengaluru (attempt 1/3)
[2026-04-18T06:14:39.117+0000] {logging_mixin.py:188} WARNING - 2026-04-18 06:14:39 - scripts.extract - INFO - Successfully fetched data for Bengaluru
[2026-04-18T06:14:39.115+0000] {extract.py:53} INFO - Successfully fetched data for Bengaluru
[2026-04-18T06:14:39.120+0000] {logging_mixin.py:188} WARNING - 2026-04-18 06:14:39 - scripts.extract - INFO - Fetching weather data for Chennai (attempt 1/3)
[2026-04-18T06:14:39.119+0000] {extract.py:47} INFO - Fetching weather data for Chennai (attempt 1/3)
[2026-04-18T06:14:39.259+0000] {logging_mixin.py:188} WARNING - 2026-04-18 06:14:39 - scripts.extract - INFO - Successfully fetched data for Chennai
[2026-04-18T06:14:39.259+0000] {extract.py:53} INFO - Successfully fetched data for Chennai
[2026-04-18T06:14:39.265+0000] {logging_mixin.py:188} WARNING - 2026-04-18 06:14:39 - scripts.extract - INFO - Fetching weather data for Delhi (attempt 1/3)
[2026-04-18T06:14:39.263+0000] {extract.py:47} INFO - Fetching weather data for Delhi (attempt 1/3)
[2026-04-18T06:14:39.416+0000] {logging_mixin.py:188} WARNING - 2026-04-18 06:14:39 - scripts.extract - INFO - Successfully fetched data for Delhi
[2026-04-18T06:14:39.415+0000] {extract.py:53} INFO - Successfully fetched data for Delhi
[2026-04-18T06:14:39.420+0000] {logging_mixin.py:188} WARNING - 2026-04-18 06:14:39 - scripts.extract - INFO - Fetching weather data for Indore (attempt 1/3)
[2026-04-18T06:14:39.418+0000] {extract.py:47} INFO - Fetching weather data for Indore (attempt 1/3)
[2026-04-18T06:14:39.574+0000] {logging_mixin.py:188} WARNING - 2026-04-18 06:14:39 - scripts.extract - INFO - Successfully fetched data for Indore
[2026-04-18T06:14:39.572+0000] {extract.py:53} INFO - Successfully fetched data for Indore
[2026-04-18T06:14:39.577+0000] {logging_mixin.py:188} WARNING - 2026-04-18 06:14:39 - scripts.extract - INFO - Fetching weather data for Kolkata (attempt 1/3)
[2026-04-18T06:14:39.576+0000] {extract.py:47} INFO - Fetching weather data for Kolkata (attempt 1/3)
[2026-04-18T06:14:39.722+0000] {logging_mixin.py:188} WARNING - 2026-04-18 06:14:39 - scripts.extract - INFO - Successfully fetched data for Kolkata
[2026-04-18T06:14:39.721+0000] {extract.py:53} INFO - Successfully fetched data for Kolkata
[2026-04-18T06:14:39.733+0000] {logging_mixin.py:188} WARNING - 2026-04-18 06:14:39 - scripts.extract - INFO - Fetching weather data for Kota (attempt 1/3)
[2026-04-18T06:14:39.731+0000] {extract.py:47} INFO - Fetching weather data for Kota (attempt 1/3)
[2026-04-18T06:14:39.887+0000] {logging_mixin.py:188} WARNING - 2026-04-18 06:14:39 - scripts.extract - INFO - Successfully fetched data for Kota
[2026-04-18T06:14:39.886+0000] {extract.py:53} INFO - Successfully fetched data for Kota
[2026-04-18T06:14:39.890+0000] {logging_mixin.py:188} WARNING - 2026-04-18 06:14:39 - scripts.extract - INFO - Fetching weather data for Kyiv (attempt 1/3)
[2026-04-18T06:14:39.889+0000] {extract.py:47} INFO - Fetching weather data for Kyiv (attempt 1/3)
[2026-04-18T06:14:40.025+0000] {logging_mixin.py:188} WARNING - 2026-04-18 06:14:40 - scripts.extract - INFO - Successfully fetched data for Kyiv
[2026-04-18T06:14:40.024+0000] {extract.py:53} INFO - Successfully fetched data for Kyiv
[2026-04-18T06:14:40.032+0000] {logging_mixin.py:188} WARNING - 2026-04-18 06:14:40 - scripts.extract - INFO - Fetching weather data for Manali (attempt 1/3)
[2026-04-18T06:14:40.029+0000] {extract.py:47} INFO - Fetching weather data for Manali (attempt 1/3)
[2026-04-18T06:14:40.177+0000] {logging_mixin.py:188} WARNING - 2026-04-18 06:14:40 - scripts.extract - INFO - Successfully fetched data for Manali
[2026-04-18T06:14:40.175+0000] {extract.py:53} INFO - Successfully fetched data for Manali
[2026-04-18T06:14:40.182+0000] {logging_mixin.py:188} WARNING - 2026-04-18 06:14:40 - scripts.extract - INFO - Fetching weather data for Mumbai (attempt 1/3)
[2026-04-18T06:14:40.181+0000] {extract.py:47} INFO - Fetching weather data for Mumbai (attempt 1/3)
[2026-04-18T06:14:40.336+0000] {logging_mixin.py:188} WARNING - 2026-04-18 06:14:40 - scripts.extract - INFO - Successfully fetched data for Mumbai
[2026-04-18T06:14:40.328+0000] {extract.py:53} INFO - Successfully fetched data for Mumbai
[2026-04-18T06:14:40.361+0000] {logging_mixin.py:188} WARNING - 2026-04-18 06:14:40 - scripts.extract - INFO - Fetching weather data for New York (attempt 1/3)
[2026-04-18T06:14:40.358+0000] {extract.py:47} INFO - Fetching weather data for New York (attempt 1/3)
[2026-04-18T06:14:40.541+0000] {logging_mixin.py:188} WARNING - 2026-04-18 06:14:40 - scripts.extract - INFO - Successfully fetched data for New York
[2026-04-18T06:14:40.539+0000] {extract.py:53} INFO - Successfully fetched data for New York
[2026-04-18T06:14:40.546+0000] {logging_mixin.py:188} WARNING - 2026-04-18 06:14:40 - scripts.extract - INFO - Fetching weather data for Palanpur (attempt 1/3)
[2026-04-18T06:14:40.545+0000] {extract.py:47} INFO - Fetching weather data for Palanpur (attempt 1/3)
[2026-04-18T06:14:40.693+0000] {logging_mixin.py:188} WARNING - 2026-04-18 06:14:40 - scripts.extract - INFO - Successfully fetched data for Palanpur
[2026-04-18T06:14:40.693+0000] {extract.py:53} INFO - Successfully fetched data for Palanpur
[2026-04-18T06:14:40.698+0000] {logging_mixin.py:188} WARNING - 2026-04-18 06:14:40 - scripts.extract - INFO - Extraction complete: 12 successful, 0 failed
[2026-04-18T06:14:40.697+0000] {extract.py:114} INFO - Extraction complete: 12 successful, 0 failed
[2026-04-18T06:14:40.705+0000] {logging_mixin.py:188} WARNING - 2026-04-18 06:14:40 - scripts.extract - INFO - Extracted 12 weather records
[2026-04-18T06:14:40.701+0000] {extract.py:131} INFO - Extracted 12 weather records
[2026-04-18T06:14:40.745+0000] {weather_etl_dag_v2.py:117} INFO - ✓ Extraction complete: 12 records for 12 cities in 2.07s
[2026-04-18T06:14:40.748+0000] {python.py:237} INFO - Done. Returned value was: 12
[2026-04-18T06:14:40.750+0000] {taskinstance.py:441} INFO - ::group::Post task execution logs
[2026-04-18T06:14:40.801+0000] {taskinstance.py:1206} INFO - Marking task as SUCCESS. dag_id=weather_etl_pipeline_v2, task_id=extract, run_id=manual__2026-04-18T06:14:34.296233+00:00, execution_date=20260418T061434, start_date=20260418T061438, end_date=20260418T061440
[2026-04-18T06:14:40.863+0000] {local_task_job_runner.py:243} INFO - Task exited with return code 0
[2026-04-18T06:14:40.920+0000] {taskinstance.py:3503} INFO - 1 downstream tasks scheduled from follow-on schedule check
[2026-04-18T06:14:40.926+0000] {local_task_job_runner.py:222} INFO - ::endgroup::
