[2026-04-17T05:24:30.497+0000] {local_task_job_runner.py:120} INFO - ::group::Pre task execution logs
[2026-04-17T05:24:30.532+0000] {taskinstance.py:2076} INFO - Dependencies all met for dep_context=non-requeueable deps ti=<TaskInstance: weather_etl_pipeline_v2.extract manual__2026-04-17T05:24:28.533899+00:00 [queued]>
[2026-04-17T05:24:30.542+0000] {taskinstance.py:2076} INFO - Dependencies all met for dep_context=requeueable deps ti=<TaskInstance: weather_etl_pipeline_v2.extract manual__2026-04-17T05:24:28.533899+00:00 [queued]>
[2026-04-17T05:24:30.543+0000] {taskinstance.py:2306} INFO - Starting attempt 1 of 4
[2026-04-17T05:24:30.562+0000] {taskinstance.py:2330} INFO - Executing <Task(PythonOperator): extract> on 2026-04-17 05:24:28.533899+00:00
[2026-04-17T05:24:30.569+0000] {logging_mixin.py:188} WARNING - /home/airflow/.local/lib/python3.12/site-packages/airflow/task/task_runner/standard_task_runner.py:62 DeprecationWarning: This process (pid=927) is multi-threaded, use of fork() may lead to deadlocks in the child.
[2026-04-17T05:24:30.569+0000] {standard_task_runner.py:90} INFO - Running: ['airflow', 'tasks', 'run', 'weather_etl_pipeline_v2', 'extract', 'manual__2026-04-17T05:24:28.533899+00:00', '--job-id', '123', '--raw', '--subdir', 'DAGS_FOLDER/weather_etl_dag_v2.py', '--cfg-path', '/tmp/tmp95yp59a9']
[2026-04-17T05:24:30.571+0000] {standard_task_runner.py:64} INFO - Started process 928 to run task
[2026-04-17T05:24:30.572+0000] {standard_task_runner.py:91} INFO - Job 123: Subtask extract
[2026-04-17T05:24:30.632+0000] {task_command.py:426} INFO - Running <TaskInstance: weather_etl_pipeline_v2.extract manual__2026-04-17T05:24:28.533899+00:00 [running]> on host 89e29680acec
[2026-04-17T05:24:30.738+0000] {taskinstance.py:2648} INFO - Exporting env vars: AIRFLOW_CTX_DAG_OWNER='weather_etl' AIRFLOW_CTX_DAG_ID='weather_etl_pipeline_v2' AIRFLOW_CTX_TASK_ID='extract' AIRFLOW_CTX_EXECUTION_DATE='2026-04-17T05:24:28.533899+00:00' AIRFLOW_CTX_TRY_NUMBER='1' AIRFLOW_CTX_DAG_RUN_ID='manual__2026-04-17T05:24:28.533899+00:00'
[2026-04-17T05:24:30.739+0000] {taskinstance.py:430} INFO - ::endgroup::
[2026-04-17T05:24:30.759+0000] {weather_etl_dag_v2.py:88} INFO - ============================================================
[2026-04-17T05:24:30.761+0000] {weather_etl_dag_v2.py:89} INFO - TASK: EXTRACT — Fetching weather data from OpenWeatherMap API
[2026-04-17T05:24:30.762+0000] {weather_etl_dag_v2.py:90} INFO - ============================================================
[2026-04-17T05:24:30.770+0000] {weather_etl_dag_v2.py:109} INFO - Active cities fetched from DB: ['Ahmedabad', 'Bengaluru', 'Chennai', 'Delhi', 'Gurugram', 'Indore', 'Kolkata', 'Manali', 'Mumbai', 'New York', 'Palanpur']
[2026-04-17T05:24:30.776+0000] {logging_mixin.py:188} WARNING - 2026-04-17 05:24:30 - scripts.extract - INFO - Starting extraction for cities: Ahmedabad, Bengaluru, Chennai, Delhi, Gurugram, Indore, Kolkata, Manali, Mumbai, New York, Palanpur
[2026-04-17T05:24:30.775+0000] {extract.py:127} INFO - Starting extraction for cities: Ahmedabad, Bengaluru, Chennai, Delhi, Gurugram, Indore, Kolkata, Manali, Mumbai, New York, Palanpur
[2026-04-17T05:24:30.777+0000] {logging_mixin.py:188} WARNING - 2026-04-17 05:24:30 - scripts.extract - INFO - Starting extraction for 11 cities
[2026-04-17T05:24:30.777+0000] {extract.py:96} INFO - Starting extraction for 11 cities
[2026-04-17T05:24:30.779+0000] {logging_mixin.py:188} WARNING - 2026-04-17 05:24:30 - scripts.extract - INFO - Fetching weather data for Ahmedabad (attempt 1/3)
[2026-04-17T05:24:30.779+0000] {extract.py:47} INFO - Fetching weather data for Ahmedabad (attempt 1/3)
[2026-04-17T05:24:31.014+0000] {logging_mixin.py:188} WARNING - 2026-04-17 05:24:31 - scripts.extract - INFO - Successfully fetched data for Ahmedabad
[2026-04-17T05:24:31.013+0000] {extract.py:53} INFO - Successfully fetched data for Ahmedabad
[2026-04-17T05:24:31.018+0000] {logging_mixin.py:188} WARNING - 2026-04-17 05:24:31 - scripts.extract - INFO - Fetching weather data for Bengaluru (attempt 1/3)
[2026-04-17T05:24:31.017+0000] {extract.py:47} INFO - Fetching weather data for Bengaluru (attempt 1/3)
[2026-04-17T05:24:31.364+0000] {logging_mixin.py:188} WARNING - 2026-04-17 05:24:31 - scripts.extract - INFO - Successfully fetched data for Bengaluru
[2026-04-17T05:24:31.362+0000] {extract.py:53} INFO - Successfully fetched data for Bengaluru
[2026-04-17T05:24:31.367+0000] {logging_mixin.py:188} WARNING - 2026-04-17 05:24:31 - scripts.extract - INFO - Fetching weather data for Chennai (attempt 1/3)
[2026-04-17T05:24:31.366+0000] {extract.py:47} INFO - Fetching weather data for Chennai (attempt 1/3)
[2026-04-17T05:24:31.590+0000] {logging_mixin.py:188} WARNING - 2026-04-17 05:24:31 - scripts.extract - INFO - Successfully fetched data for Chennai
[2026-04-17T05:24:31.589+0000] {extract.py:53} INFO - Successfully fetched data for Chennai
[2026-04-17T05:24:31.593+0000] {logging_mixin.py:188} WARNING - 2026-04-17 05:24:31 - scripts.extract - INFO - Fetching weather data for Delhi (attempt 1/3)
[2026-04-17T05:24:31.592+0000] {extract.py:47} INFO - Fetching weather data for Delhi (attempt 1/3)
[2026-04-17T05:24:31.821+0000] {logging_mixin.py:188} WARNING - 2026-04-17 05:24:31 - scripts.extract - INFO - Successfully fetched data for Delhi
[2026-04-17T05:24:31.820+0000] {extract.py:53} INFO - Successfully fetched data for Delhi
[2026-04-17T05:24:31.824+0000] {logging_mixin.py:188} WARNING - 2026-04-17 05:24:31 - scripts.extract - INFO - Fetching weather data for Gurugram (attempt 1/3)
[2026-04-17T05:24:31.824+0000] {extract.py:47} INFO - Fetching weather data for Gurugram (attempt 1/3)
[2026-04-17T05:24:32.081+0000] {logging_mixin.py:188} WARNING - 2026-04-17 05:24:32 - scripts.extract - INFO - Successfully fetched data for Gurugram
[2026-04-17T05:24:32.080+0000] {extract.py:53} INFO - Successfully fetched data for Gurugram
[2026-04-17T05:24:32.083+0000] {logging_mixin.py:188} WARNING - 2026-04-17 05:24:32 - scripts.extract - INFO - Fetching weather data for Indore (attempt 1/3)
[2026-04-17T05:24:32.083+0000] {extract.py:47} INFO - Fetching weather data for Indore (attempt 1/3)
[2026-04-17T05:24:32.305+0000] {logging_mixin.py:188} WARNING - 2026-04-17 05:24:32 - scripts.extract - INFO - Successfully fetched data for Indore
[2026-04-17T05:24:32.305+0000] {extract.py:53} INFO - Successfully fetched data for Indore
[2026-04-17T05:24:32.312+0000] {logging_mixin.py:188} WARNING - 2026-04-17 05:24:32 - scripts.extract - INFO - Fetching weather data for Kolkata (attempt 1/3)
[2026-04-17T05:24:32.311+0000] {extract.py:47} INFO - Fetching weather data for Kolkata (attempt 1/3)
[2026-04-17T05:24:32.561+0000] {logging_mixin.py:188} WARNING - 2026-04-17 05:24:32 - scripts.extract - INFO - Successfully fetched data for Kolkata
[2026-04-17T05:24:32.560+0000] {extract.py:53} INFO - Successfully fetched data for Kolkata
[2026-04-17T05:24:32.565+0000] {logging_mixin.py:188} WARNING - 2026-04-17 05:24:32 - scripts.extract - INFO - Fetching weather data for Manali (attempt 1/3)
[2026-04-17T05:24:32.564+0000] {extract.py:47} INFO - Fetching weather data for Manali (attempt 1/3)
[2026-04-17T05:24:32.806+0000] {logging_mixin.py:188} WARNING - 2026-04-17 05:24:32 - scripts.extract - INFO - Successfully fetched data for Manali
[2026-04-17T05:24:32.803+0000] {extract.py:53} INFO - Successfully fetched data for Manali
[2026-04-17T05:24:32.815+0000] {logging_mixin.py:188} WARNING - 2026-04-17 05:24:32 - scripts.extract - INFO - Fetching weather data for Mumbai (attempt 1/3)
[2026-04-17T05:24:32.814+0000] {extract.py:47} INFO - Fetching weather data for Mumbai (attempt 1/3)
[2026-04-17T05:24:33.057+0000] {logging_mixin.py:188} WARNING - 2026-04-17 05:24:33 - scripts.extract - INFO - Successfully fetched data for Mumbai
[2026-04-17T05:24:33.055+0000] {extract.py:53} INFO - Successfully fetched data for Mumbai
[2026-04-17T05:24:33.063+0000] {logging_mixin.py:188} WARNING - 2026-04-17 05:24:33 - scripts.extract - INFO - Fetching weather data for New York (attempt 1/3)
[2026-04-17T05:24:33.062+0000] {extract.py:47} INFO - Fetching weather data for New York (attempt 1/3)
[2026-04-17T05:24:33.307+0000] {logging_mixin.py:188} WARNING - 2026-04-17 05:24:33 - scripts.extract - INFO - Successfully fetched data for New York
[2026-04-17T05:24:33.305+0000] {extract.py:53} INFO - Successfully fetched data for New York
[2026-04-17T05:24:33.312+0000] {logging_mixin.py:188} WARNING - 2026-04-17 05:24:33 - scripts.extract - INFO - Fetching weather data for Palanpur (attempt 1/3)
[2026-04-17T05:24:33.311+0000] {extract.py:47} INFO - Fetching weather data for Palanpur (attempt 1/3)
[2026-04-17T05:24:33.561+0000] {logging_mixin.py:188} WARNING - 2026-04-17 05:24:33 - scripts.extract - INFO - Successfully fetched data for Palanpur
[2026-04-17T05:24:33.559+0000] {extract.py:53} INFO - Successfully fetched data for Palanpur
[2026-04-17T05:24:33.567+0000] {logging_mixin.py:188} WARNING - 2026-04-17 05:24:33 - scripts.extract - INFO - Extraction complete: 11 successful, 0 failed
[2026-04-17T05:24:33.565+0000] {extract.py:114} INFO - Extraction complete: 11 successful, 0 failed
[2026-04-17T05:24:33.571+0000] {logging_mixin.py:188} WARNING - 2026-04-17 05:24:33 - scripts.extract - INFO - Extracted 11 weather records
[2026-04-17T05:24:33.570+0000] {extract.py:131} INFO - Extracted 11 weather records
[2026-04-17T05:24:33.612+0000] {weather_etl_dag_v2.py:117} INFO - ✓ Extraction complete: 11 records for 11 cities in 2.85s
[2026-04-17T05:24:33.614+0000] {python.py:237} INFO - Done. Returned value was: 11
[2026-04-17T05:24:33.615+0000] {taskinstance.py:441} INFO - ::group::Post task execution logs
[2026-04-17T05:24:33.652+0000] {taskinstance.py:1206} INFO - Marking task as SUCCESS. dag_id=weather_etl_pipeline_v2, task_id=extract, run_id=manual__2026-04-17T05:24:28.533899+00:00, execution_date=20260417T052428, start_date=20260417T052430, end_date=20260417T052433
[2026-04-17T05:24:33.687+0000] {local_task_job_runner.py:243} INFO - Task exited with return code 0
[2026-04-17T05:24:33.729+0000] {taskinstance.py:3503} INFO - 1 downstream tasks scheduled from follow-on schedule check
[2026-04-17T05:24:33.732+0000] {local_task_job_runner.py:222} INFO - ::endgroup::
