[2026-04-13T06:46:26.300+0000] {local_task_job_runner.py:120} INFO - ::group::Pre task execution logs
[2026-04-13T06:46:26.350+0000] {taskinstance.py:2076} INFO - Dependencies all met for dep_context=non-requeueable deps ti=<TaskInstance: weather_etl_pipeline_v2.quality_check manual__2026-04-13T06:46:17+00:00 [queued]>
[2026-04-13T06:46:26.365+0000] {taskinstance.py:2076} INFO - Dependencies all met for dep_context=requeueable deps ti=<TaskInstance: weather_etl_pipeline_v2.quality_check manual__2026-04-13T06:46:17+00:00 [queued]>
[2026-04-13T06:46:26.366+0000] {taskinstance.py:2306} INFO - Starting attempt 1 of 3
[2026-04-13T06:46:26.387+0000] {taskinstance.py:2330} INFO - Executing <Task(PythonOperator): quality_check> on 2026-04-13 06:46:17+00:00
[2026-04-13T06:46:26.404+0000] {logging_mixin.py:188} WARNING - /home/airflow/.local/lib/python3.12/site-packages/airflow/task/task_runner/standard_task_runner.py:62 DeprecationWarning: This process (pid=226) is multi-threaded, use of fork() may lead to deadlocks in the child.
[2026-04-13T06:46:26.400+0000] {standard_task_runner.py:90} INFO - Running: ['airflow', 'tasks', 'run', 'weather_etl_pipeline_v2', 'quality_check', 'manual__2026-04-13T06:46:17+00:00', '--job-id', '173', '--raw', '--subdir', 'DAGS_FOLDER/weather_etl_dag_v2.py', '--cfg-path', '/tmp/tmpkf9g9oav']
[2026-04-13T06:46:26.405+0000] {standard_task_runner.py:64} INFO - Started process 227 to run task
[2026-04-13T06:46:26.406+0000] {standard_task_runner.py:91} INFO - Job 173: Subtask quality_check
[2026-04-13T06:46:26.488+0000] {task_command.py:426} INFO - Running <TaskInstance: weather_etl_pipeline_v2.quality_check manual__2026-04-13T06:46:17+00:00 [running]> on host 5aae7c9eda2a
[2026-04-13T06:46:26.620+0000] {taskinstance.py:2648} INFO - Exporting env vars: AIRFLOW_CTX_DAG_OWNER='weather_etl' AIRFLOW_CTX_DAG_ID='weather_etl_pipeline_v2' AIRFLOW_CTX_TASK_ID='quality_check' AIRFLOW_CTX_EXECUTION_DATE='2026-04-13T06:46:17+00:00' AIRFLOW_CTX_TRY_NUMBER='1' AIRFLOW_CTX_DAG_RUN_ID='manual__2026-04-13T06:46:17+00:00'
[2026-04-13T06:46:26.622+0000] {taskinstance.py:430} INFO - ::endgroup::
[2026-04-13T06:46:26.640+0000] {weather_etl_dag_v2.py:183} INFO - ============================================================
[2026-04-13T06:46:26.641+0000] {weather_etl_dag_v2.py:184} INFO - TASK: QUALITY_CHECK - Validating data quality
[2026-04-13T06:46:26.643+0000] {weather_etl_dag_v2.py:185} INFO - ============================================================
[2026-04-13T06:46:26.656+0000] {logging_mixin.py:188} WARNING - 2026-04-13 06:46:26 - scripts.validate - INFO - Starting data quality validation for 5 records
[2026-04-13T06:46:26.655+0000] {validate.py:201} INFO - Starting data quality validation for 5 records
[2026-04-13T06:46:26.658+0000] {logging_mixin.py:188} WARNING - 2026-04-13 06:46:26 - scripts.validate - INFO - Validation complete: 5 valid, 0 invalid (100.0% pass rate)
[2026-04-13T06:46:26.657+0000] {validate.py:228} INFO - Validation complete: 5 valid, 0 invalid (100.0% pass rate)
[2026-04-13T06:46:26.660+0000] {weather_etl_dag_v2.py:232} INFO - ✓ Quality check complete: 100.0% pass rate
[2026-04-13T06:46:26.682+0000] {python.py:237} INFO - Done. Returned value was: 100.0
[2026-04-13T06:46:26.683+0000] {taskinstance.py:441} INFO - ::group::Post task execution logs
[2026-04-13T06:46:26.712+0000] {taskinstance.py:1206} INFO - Marking task as SUCCESS. dag_id=weather_etl_pipeline_v2, task_id=quality_check, run_id=manual__2026-04-13T06:46:17+00:00, execution_date=20260413T064617, start_date=20260413T064626, end_date=20260413T064626
[2026-04-13T06:46:26.743+0000] {local_task_job_runner.py:243} INFO - Task exited with return code 0
[2026-04-13T06:46:26.777+0000] {taskinstance.py:3503} INFO - 1 downstream tasks scheduled from follow-on schedule check
[2026-04-13T06:46:26.784+0000] {local_task_job_runner.py:222} INFO - ::endgroup::
