[2026-04-10T13:04:16.905+0000] {local_task_job_runner.py:120} INFO - ::group::Pre task execution logs
[2026-04-10T13:04:16.945+0000] {taskinstance.py:2076} INFO - Dependencies all met for dep_context=non-requeueable deps ti=<TaskInstance: weather_etl_pipeline_v2.transform_clean manual__2026-04-10T13:04:10.519621+00:00 [queued]>
[2026-04-10T13:04:16.958+0000] {taskinstance.py:2076} INFO - Dependencies all met for dep_context=requeueable deps ti=<TaskInstance: weather_etl_pipeline_v2.transform_clean manual__2026-04-10T13:04:10.519621+00:00 [queued]>
[2026-04-10T13:04:16.959+0000] {taskinstance.py:2306} INFO - Starting attempt 1 of 3
[2026-04-10T13:04:16.973+0000] {taskinstance.py:2330} INFO - Executing <Task(PythonOperator): transform_clean> on 2026-04-10 13:04:10.519621+00:00
[2026-04-10T13:04:16.984+0000] {standard_task_runner.py:90} INFO - Running: ['airflow', 'tasks', 'run', 'weather_etl_pipeline_v2', 'transform_clean', 'manual__2026-04-10T13:04:10.519621+00:00', '--job-id', '41', '--raw', '--subdir', 'DAGS_FOLDER/weather_etl_dag_v2.py', '--cfg-path', '/tmp/tmpggsb4kjc']
[2026-04-10T13:04:16.988+0000] {standard_task_runner.py:91} INFO - Job 41: Subtask transform_clean
[2026-04-10T13:04:16.988+0000] {logging_mixin.py:188} WARNING - /home/airflow/.local/lib/python3.12/site-packages/airflow/task/task_runner/standard_task_runner.py:62 DeprecationWarning: This process (pid=232) is multi-threaded, use of fork() may lead to deadlocks in the child.
[2026-04-10T13:04:16.989+0000] {standard_task_runner.py:64} INFO - Started process 234 to run task
[2026-04-10T13:04:17.052+0000] {task_command.py:426} INFO - Running <TaskInstance: weather_etl_pipeline_v2.transform_clean manual__2026-04-10T13:04:10.519621+00:00 [running]> on host 12571985e2d5
[2026-04-10T13:04:17.157+0000] {taskinstance.py:2648} INFO - Exporting env vars: AIRFLOW_CTX_DAG_OWNER='weather_etl' AIRFLOW_CTX_DAG_ID='weather_etl_pipeline_v2' AIRFLOW_CTX_TASK_ID='transform_clean' AIRFLOW_CTX_EXECUTION_DATE='2026-04-10T13:04:10.519621+00:00' AIRFLOW_CTX_TRY_NUMBER='1' AIRFLOW_CTX_DAG_RUN_ID='manual__2026-04-10T13:04:10.519621+00:00'
[2026-04-10T13:04:17.159+0000] {taskinstance.py:430} INFO - ::endgroup::
[2026-04-10T13:04:17.172+0000] {weather_etl_dag_v2.py:123} INFO - ============================================================
[2026-04-10T13:04:17.174+0000] {weather_etl_dag_v2.py:124} INFO - TASK: TRANSFORM_CLEAN - Transform and load clean data
[2026-04-10T13:04:17.175+0000] {weather_etl_dag_v2.py:125} INFO - ============================================================
[2026-04-10T13:04:17.195+0000] {logging_mixin.py:188} WARNING - 2026-04-10 13:04:17 - scripts.load_raw - INFO - Successfully connected to PostgreSQL database
[2026-04-10T13:04:17.193+0000] {load_raw.py:38} INFO - Successfully connected to PostgreSQL database
[2026-04-10T13:04:17.202+0000] {logging_mixin.py:188} WARNING - 2026-04-10 13:04:17 - scripts.load_raw - INFO - Retrieved 10 unprocessed raw records
[2026-04-10T13:04:17.200+0000] {load_raw.py:206} INFO - Retrieved 10 unprocessed raw records
[2026-04-10T13:04:17.204+0000] {logging_mixin.py:188} WARNING - 2026-04-10 13:04:17 - scripts.load_raw - INFO - Database connection closed
[2026-04-10T13:04:17.204+0000] {load_raw.py:53} INFO - Database connection closed
[2026-04-10T13:04:17.207+0000] {logging_mixin.py:188} WARNING - 2026-04-10 13:04:17 - scripts.load_clean - INFO - Starting transformation and load for 10 raw records
[2026-04-10T13:04:17.206+0000] {load_clean.py:159} INFO - Starting transformation and load for 10 raw records
[2026-04-10T13:04:17.219+0000] {logging_mixin.py:188} WARNING - 2026-04-10 13:04:17 - scripts.load_clean - INFO - Successfully connected to PostgreSQL database
[2026-04-10T13:04:17.219+0000] {load_clean.py:41} INFO - Successfully connected to PostgreSQL database
[2026-04-10T13:04:17.224+0000] {logging_mixin.py:188} WARNING - 2026-04-10 13:04:17 - scripts.load_clean - INFO - Table 'weather_clean' created or already exists
[2026-04-10T13:04:17.224+0000] {load_clean.py:91} INFO - Table 'weather_clean' created or already exists
[2026-04-10T13:04:17.247+0000] {logging_mixin.py:188} WARNING - 2026-04-10 13:04:17 - scripts.load_clean - INFO - Marked 10 raw records as processed
[2026-04-10T13:04:17.246+0000] {load_clean.py:242} INFO - Marked 10 raw records as processed
[2026-04-10T13:04:17.250+0000] {logging_mixin.py:188} WARNING - 2026-04-10 13:04:17 - scripts.load_clean - INFO - Clean data load complete: 10 transformed, 10 validated, 10 loaded, 0 failed
[2026-04-10T13:04:17.249+0000] {load_clean.py:214} INFO - Clean data load complete: 10 transformed, 10 validated, 10 loaded, 0 failed
[2026-04-10T13:04:17.255+0000] {logging_mixin.py:188} WARNING - 2026-04-10 13:04:17 - scripts.load_clean - INFO - Database connection closed
[2026-04-10T13:04:17.254+0000] {load_clean.py:56} INFO - Database connection closed
[2026-04-10T13:04:17.258+0000] {weather_etl_dag_v2.py:141} INFO - ✓ Transform and load complete: 10 loaded, 0 failed
[2026-04-10T13:04:17.289+0000] {python.py:237} INFO - Done. Returned value was: 10
[2026-04-10T13:04:17.290+0000] {taskinstance.py:441} INFO - ::group::Post task execution logs
[2026-04-10T13:04:17.323+0000] {taskinstance.py:1206} INFO - Marking task as SUCCESS. dag_id=weather_etl_pipeline_v2, task_id=transform_clean, run_id=manual__2026-04-10T13:04:10.519621+00:00, execution_date=20260410T130410, start_date=20260410T130416, end_date=20260410T130417
[2026-04-10T13:04:17.365+0000] {local_task_job_runner.py:243} INFO - Task exited with return code 0
[2026-04-10T13:04:17.399+0000] {taskinstance.py:3503} INFO - 1 downstream tasks scheduled from follow-on schedule check
[2026-04-10T13:04:17.401+0000] {local_task_job_runner.py:222} INFO - ::endgroup::
