[2026-04-09T11:06:53.332+0000] {local_task_job_runner.py:120} INFO - ::group::Pre task execution logs
[2026-04-09T11:06:53.406+0000] {taskinstance.py:2076} INFO - Dependencies all met for dep_context=non-requeueable deps ti=<TaskInstance: weather_etl_pipeline.load manual__2026-04-09T11:06:43.710442+00:00 [queued]>
[2026-04-09T11:06:53.423+0000] {taskinstance.py:2076} INFO - Dependencies all met for dep_context=requeueable deps ti=<TaskInstance: weather_etl_pipeline.load manual__2026-04-09T11:06:43.710442+00:00 [queued]>
[2026-04-09T11:06:53.424+0000] {taskinstance.py:2306} INFO - Starting attempt 1 of 3
[2026-04-09T11:06:53.454+0000] {taskinstance.py:2330} INFO - Executing <Task(PythonOperator): load> on 2026-04-09 11:06:43.710442+00:00
[2026-04-09T11:06:53.470+0000] {standard_task_runner.py:90} INFO - Running: ['airflow', 'tasks', 'run', 'weather_etl_pipeline', 'load', 'manual__2026-04-09T11:06:43.710442+00:00', '--job-id', '12', '--raw', '--subdir', 'DAGS_FOLDER/weather_etl_dag.py', '--cfg-path', '/tmp/tmp5ydjiir3']
[2026-04-09T11:06:53.478+0000] {standard_task_runner.py:91} INFO - Job 12: Subtask load
[2026-04-09T11:06:53.486+0000] {logging_mixin.py:188} WARNING - /home/airflow/.local/lib/python3.12/site-packages/airflow/task/task_runner/standard_task_runner.py:62 DeprecationWarning: This process (pid=228) is multi-threaded, use of fork() may lead to deadlocks in the child.
[2026-04-09T11:06:53.489+0000] {standard_task_runner.py:64} INFO - Started process 229 to run task
[2026-04-09T11:06:53.596+0000] {task_command.py:426} INFO - Running <TaskInstance: weather_etl_pipeline.load manual__2026-04-09T11:06:43.710442+00:00 [running]> on host bbdcd07d63cf
[2026-04-09T11:06:53.792+0000] {taskinstance.py:2648} INFO - Exporting env vars: AIRFLOW_CTX_DAG_OWNER='weather_etl' AIRFLOW_CTX_DAG_ID='weather_etl_pipeline' AIRFLOW_CTX_TASK_ID='load' AIRFLOW_CTX_EXECUTION_DATE='2026-04-09T11:06:43.710442+00:00' AIRFLOW_CTX_TRY_NUMBER='1' AIRFLOW_CTX_DAG_RUN_ID='manual__2026-04-09T11:06:43.710442+00:00'
[2026-04-09T11:06:53.793+0000] {taskinstance.py:430} INFO - ::endgroup::
[2026-04-09T11:06:53.810+0000] {logger.py:59} INFO - ============================================================
[2026-04-09T11:06:53.812+0000] {logger.py:60} INFO - Starting Data Loading
[2026-04-09T11:06:53.814+0000] {logger.py:61} INFO - Execution time: 2026-04-09 11:06:53
[2026-04-09T11:06:53.816+0000] {logger.py:62} INFO - ============================================================
[2026-04-09T11:06:53.852+0000] {logging_mixin.py:188} WARNING - 2026-04-09 11:06:53 - scripts.load - INFO - Starting load for 5 records
[2026-04-09T11:06:53.851+0000] {load.py:190} INFO - Starting load for 5 records
[2026-04-09T11:06:53.867+0000] {logging_mixin.py:188} WARNING - 2026-04-09 11:06:53 - scripts.load - INFO - Successfully connected to PostgreSQL database
[2026-04-09T11:06:53.865+0000] {load.py:43} INFO - Successfully connected to PostgreSQL database
[2026-04-09T11:06:53.874+0000] {logging_mixin.py:188} WARNING - 2026-04-09 11:06:53 - scripts.load - INFO - Table 'weather_data' created or already exists
[2026-04-09T11:06:53.872+0000] {load.py:118} INFO - Table 'weather_data' created or already exists
[2026-04-09T11:06:53.883+0000] {logging_mixin.py:188} WARNING - 2026-04-09 11:06:53 - scripts.load - INFO - Load complete: 5 inserted, 0 skipped (duplicates/errors)
[2026-04-09T11:06:53.882+0000] {load.py:218} INFO - Load complete: 5 inserted, 0 skipped (duplicates/errors)
[2026-04-09T11:06:53.887+0000] {logging_mixin.py:188} WARNING - 2026-04-09 11:06:53 - scripts.load - INFO - Database connection closed
[2026-04-09T11:06:53.886+0000] {load.py:59} INFO - Database connection closed
[2026-04-09T11:06:53.890+0000] {weather_etl_dag.py:173} INFO - Load statistics: {'total': 5, 'inserted': 5, 'skipped': 0}
[2026-04-09T11:06:53.892+0000] {logger.py:67} INFO - ============================================================
[2026-04-09T11:06:53.895+0000] {logger.py:68} INFO - Finished Data Loading
[2026-04-09T11:06:53.898+0000] {logger.py:69} INFO - Status: SUCCESS
[2026-04-09T11:06:53.902+0000] {logger.py:70} INFO - Execution time: 2026-04-09 11:06:53
[2026-04-09T11:06:53.905+0000] {logger.py:71} INFO - ============================================================
[2026-04-09T11:06:53.908+0000] {python.py:237} INFO - Done. Returned value was: 5
[2026-04-09T11:06:53.910+0000] {taskinstance.py:441} INFO - ::group::Post task execution logs
[2026-04-09T11:06:53.986+0000] {taskinstance.py:1206} INFO - Marking task as SUCCESS. dag_id=weather_etl_pipeline, task_id=load, run_id=manual__2026-04-09T11:06:43.710442+00:00, execution_date=20260409T110643, start_date=20260409T110653, end_date=20260409T110653
[2026-04-09T11:06:54.031+0000] {local_task_job_runner.py:243} INFO - Task exited with return code 0
[2026-04-09T11:06:54.070+0000] {taskinstance.py:3503} INFO - 1 downstream tasks scheduled from follow-on schedule check
[2026-04-09T11:06:54.074+0000] {local_task_job_runner.py:222} INFO - ::endgroup::
