[2026-04-27T04:52:21.795+0000] {local_task_job_runner.py:120} INFO - ::group::Pre task execution logs
[2026-04-27T04:52:21.830+0000] {taskinstance.py:2076} INFO - Dependencies all met for dep_context=non-requeueable deps ti=<TaskInstance: weather_etl_pipeline_v2.load_raw scheduled__2026-04-26T02:00:00+00:00 [queued]>
[2026-04-27T04:52:21.840+0000] {taskinstance.py:2076} INFO - Dependencies all met for dep_context=requeueable deps ti=<TaskInstance: weather_etl_pipeline_v2.load_raw scheduled__2026-04-26T02:00:00+00:00 [queued]>
[2026-04-27T04:52:21.842+0000] {taskinstance.py:2306} INFO - Starting attempt 1 of 4
[2026-04-27T04:52:21.856+0000] {taskinstance.py:2330} INFO - Executing <Task(PythonOperator): load_raw> on 2026-04-26 02:00:00+00:00
[2026-04-27T04:52:21.863+0000] {logging_mixin.py:188} WARNING - /home/airflow/.local/lib/python3.12/site-packages/airflow/task/task_runner/standard_task_runner.py:62 DeprecationWarning: This process (pid=198) is multi-threaded, use of fork() may lead to deadlocks in the child.
[2026-04-27T04:52:21.864+0000] {standard_task_runner.py:64} INFO - Started process 199 to run task
[2026-04-27T04:52:21.863+0000] {standard_task_runner.py:90} INFO - Running: ['airflow', 'tasks', 'run', 'weather_etl_pipeline_v2', 'load_raw', 'scheduled__2026-04-26T02:00:00+00:00', '--job-id', '200', '--raw', '--subdir', 'DAGS_FOLDER/weather_etl_dag_v2.py', '--cfg-path', '/tmp/tmpuf0mmf11']
[2026-04-27T04:52:21.865+0000] {standard_task_runner.py:91} INFO - Job 200: Subtask load_raw
[2026-04-27T04:52:21.915+0000] {task_command.py:426} INFO - Running <TaskInstance: weather_etl_pipeline_v2.load_raw scheduled__2026-04-26T02:00:00+00:00 [running]> on host c5d9a3d307d7
[2026-04-27T04:52:22.008+0000] {taskinstance.py:2648} INFO - Exporting env vars: AIRFLOW_CTX_DAG_OWNER='weather_etl' AIRFLOW_CTX_DAG_ID='weather_etl_pipeline_v2' AIRFLOW_CTX_TASK_ID='load_raw' AIRFLOW_CTX_EXECUTION_DATE='2026-04-26T02:00:00+00:00' AIRFLOW_CTX_TRY_NUMBER='1' AIRFLOW_CTX_DAG_RUN_ID='scheduled__2026-04-26T02:00:00+00:00'
[2026-04-27T04:52:22.010+0000] {taskinstance.py:430} INFO - ::endgroup::
[2026-04-27T04:52:22.026+0000] {weather_etl_dag_v2.py:141} INFO - ============================================================
[2026-04-27T04:52:22.027+0000] {weather_etl_dag_v2.py:142} INFO - TASK: LOAD_RAW — Persisting raw API responses to weather_raw
[2026-04-27T04:52:22.028+0000] {weather_etl_dag_v2.py:143} INFO - ============================================================
[2026-04-27T04:52:22.044+0000] {logging_mixin.py:188} WARNING - 2026-04-27 04:52:22 - scripts.load_raw - INFO - Starting raw data load for 14 records
[2026-04-27T04:52:22.043+0000] {load_raw.py:154} INFO - Starting raw data load for 14 records
[2026-04-27T04:52:22.052+0000] {logging_mixin.py:188} WARNING - 2026-04-27 04:52:22 - scripts.load_raw - INFO - Successfully connected to PostgreSQL database
[2026-04-27T04:52:22.050+0000] {load_raw.py:38} INFO - Successfully connected to PostgreSQL database
[2026-04-27T04:52:22.055+0000] {logging_mixin.py:188} WARNING - 2026-04-27 04:52:22 - scripts.load_raw - INFO - Table 'weather_raw' created or already exists
[2026-04-27T04:52:22.054+0000] {load_raw.py:88} INFO - Table 'weather_raw' created or already exists
[2026-04-27T04:52:22.075+0000] {logging_mixin.py:188} WARNING - 2026-04-27 04:52:22 - scripts.load_raw - INFO - Raw data load complete: 14 inserted, 0 skipped (duplicates)
[2026-04-27T04:52:22.074+0000] {load_raw.py:183} INFO - Raw data load complete: 14 inserted, 0 skipped (duplicates)
[2026-04-27T04:52:22.076+0000] {logging_mixin.py:188} WARNING - 2026-04-27 04:52:22 - scripts.load_raw - INFO - Database connection closed
[2026-04-27T04:52:22.076+0000] {load_raw.py:53} INFO - Database connection closed
[2026-04-27T04:52:22.077+0000] {weather_etl_dag_v2.py:155} INFO - ✓ Raw load complete: 14 upserted, 0 skipped (duplicates)
[2026-04-27T04:52:22.079+0000] {python.py:237} INFO - Done. Returned value was: 14
[2026-04-27T04:52:22.079+0000] {taskinstance.py:441} INFO - ::group::Post task execution logs
[2026-04-27T04:52:22.101+0000] {taskinstance.py:1206} INFO - Marking task as SUCCESS. dag_id=weather_etl_pipeline_v2, task_id=load_raw, run_id=scheduled__2026-04-26T02:00:00+00:00, execution_date=20260426T020000, start_date=20260427T045221, end_date=20260427T045222
[2026-04-27T04:52:22.118+0000] {local_task_job_runner.py:243} INFO - Task exited with return code 0
[2026-04-27T04:52:22.144+0000] {taskinstance.py:3503} INFO - 1 downstream tasks scheduled from follow-on schedule check
[2026-04-27T04:52:22.145+0000] {local_task_job_runner.py:222} INFO - ::endgroup::
