[2026-04-10T13:42:21.268+0000] {local_task_job_runner.py:120} INFO - ::group::Pre task execution logs
[2026-04-10T13:42:21.321+0000] {taskinstance.py:2076} INFO - Dependencies all met for dep_context=non-requeueable deps ti=<TaskInstance: weather_etl_pipeline_v2.extract manual__2026-04-10T13:42:14+00:00 [queued]>
[2026-04-10T13:42:21.336+0000] {taskinstance.py:2076} INFO - Dependencies all met for dep_context=requeueable deps ti=<TaskInstance: weather_etl_pipeline_v2.extract manual__2026-04-10T13:42:14+00:00 [queued]>
[2026-04-10T13:42:21.337+0000] {taskinstance.py:2306} INFO - Starting attempt 1 of 4
[2026-04-10T13:42:21.358+0000] {taskinstance.py:2330} INFO - Executing <Task(PythonOperator): extract> on 2026-04-10 13:42:14+00:00
[2026-04-10T13:42:21.368+0000] {standard_task_runner.py:90} INFO - Running: ['airflow', 'tasks', 'run', 'weather_etl_pipeline_v2', 'extract', 'manual__2026-04-10T13:42:14+00:00', '--job-id', '74', '--raw', '--subdir', 'DAGS_FOLDER/weather_etl_dag_v2.py', '--cfg-path', '/tmp/tmpo7jui0ms']
[2026-04-10T13:42:21.371+0000] {logging_mixin.py:188} WARNING - /home/airflow/.local/lib/python3.12/site-packages/airflow/task/task_runner/standard_task_runner.py:62 DeprecationWarning: This process (pid=180) is multi-threaded, use of fork() may lead to deadlocks in the child.
[2026-04-10T13:42:21.371+0000] {standard_task_runner.py:91} INFO - Job 74: Subtask extract
[2026-04-10T13:42:21.372+0000] {standard_task_runner.py:64} INFO - Started process 181 to run task
[2026-04-10T13:42:21.441+0000] {task_command.py:426} INFO - Running <TaskInstance: weather_etl_pipeline_v2.extract manual__2026-04-10T13:42:14+00:00 [running]> on host e69da4fb5dc4
[2026-04-10T13:42:21.555+0000] {taskinstance.py:2648} INFO - Exporting env vars: AIRFLOW_CTX_DAG_OWNER='weather_etl' AIRFLOW_CTX_DAG_ID='weather_etl_pipeline_v2' AIRFLOW_CTX_TASK_ID='extract' AIRFLOW_CTX_EXECUTION_DATE='2026-04-10T13:42:14+00:00' AIRFLOW_CTX_TRY_NUMBER='1' AIRFLOW_CTX_DAG_RUN_ID='manual__2026-04-10T13:42:14+00:00'
[2026-04-10T13:42:21.556+0000] {taskinstance.py:430} INFO - ::endgroup::
[2026-04-10T13:42:21.569+0000] {weather_etl_dag_v2.py:66} INFO - ============================================================
[2026-04-10T13:42:21.572+0000] {weather_etl_dag_v2.py:67} INFO - TASK: EXTRACT - Fetching weather data from API
[2026-04-10T13:42:21.573+0000] {weather_etl_dag_v2.py:68} INFO - ============================================================
[2026-04-10T13:42:21.579+0000] {logging_mixin.py:188} WARNING - 2026-04-10 13:42:21 - scripts.extract - INFO - Starting extraction for cities: London, New York, Tokyo, Paris, Sydney
[2026-04-10T13:42:21.578+0000] {extract.py:126} INFO - Starting extraction for cities: London, New York, Tokyo, Paris, Sydney
[2026-04-10T13:42:21.582+0000] {logging_mixin.py:188} WARNING - 2026-04-10 13:42:21 - scripts.extract - INFO - Starting extraction for 5 cities
[2026-04-10T13:42:21.581+0000] {extract.py:96} INFO - Starting extraction for 5 cities
[2026-04-10T13:42:21.584+0000] {logging_mixin.py:188} WARNING - 2026-04-10 13:42:21 - scripts.extract - INFO - Fetching weather data for London (attempt 1/3)
[2026-04-10T13:42:21.583+0000] {extract.py:47} INFO - Fetching weather data for London (attempt 1/3)
[2026-04-10T13:42:21.763+0000] {logging_mixin.py:188} WARNING - 2026-04-10 13:42:21 - scripts.extract - INFO - Successfully fetched data for London
[2026-04-10T13:42:21.762+0000] {extract.py:53} INFO - Successfully fetched data for London
[2026-04-10T13:42:21.766+0000] {logging_mixin.py:188} WARNING - 2026-04-10 13:42:21 - scripts.extract - INFO - Fetching weather data for New York (attempt 1/3)
[2026-04-10T13:42:21.765+0000] {extract.py:47} INFO - Fetching weather data for New York (attempt 1/3)
[2026-04-10T13:42:21.957+0000] {logging_mixin.py:188} WARNING - 2026-04-10 13:42:21 - scripts.extract - INFO - Successfully fetched data for New York
[2026-04-10T13:42:21.956+0000] {extract.py:53} INFO - Successfully fetched data for New York
[2026-04-10T13:42:21.959+0000] {logging_mixin.py:188} WARNING - 2026-04-10 13:42:21 - scripts.extract - INFO - Fetching weather data for Tokyo (attempt 1/3)
[2026-04-10T13:42:21.958+0000] {extract.py:47} INFO - Fetching weather data for Tokyo (attempt 1/3)
[2026-04-10T13:42:22.109+0000] {logging_mixin.py:188} WARNING - 2026-04-10 13:42:22 - scripts.extract - INFO - Successfully fetched data for Tokyo
[2026-04-10T13:42:22.108+0000] {extract.py:53} INFO - Successfully fetched data for Tokyo
[2026-04-10T13:42:22.111+0000] {logging_mixin.py:188} WARNING - 2026-04-10 13:42:22 - scripts.extract - INFO - Fetching weather data for Paris (attempt 1/3)
[2026-04-10T13:42:22.110+0000] {extract.py:47} INFO - Fetching weather data for Paris (attempt 1/3)
[2026-04-10T13:42:22.261+0000] {logging_mixin.py:188} WARNING - 2026-04-10 13:42:22 - scripts.extract - INFO - Successfully fetched data for Paris
[2026-04-10T13:42:22.260+0000] {extract.py:53} INFO - Successfully fetched data for Paris
[2026-04-10T13:42:22.264+0000] {logging_mixin.py:188} WARNING - 2026-04-10 13:42:22 - scripts.extract - INFO - Fetching weather data for Sydney (attempt 1/3)
[2026-04-10T13:42:22.263+0000] {extract.py:47} INFO - Fetching weather data for Sydney (attempt 1/3)
[2026-04-10T13:42:22.434+0000] {logging_mixin.py:188} WARNING - 2026-04-10 13:42:22 - scripts.extract - INFO - Successfully fetched data for Sydney
[2026-04-10T13:42:22.434+0000] {extract.py:53} INFO - Successfully fetched data for Sydney
[2026-04-10T13:42:22.436+0000] {logging_mixin.py:188} WARNING - 2026-04-10 13:42:22 - scripts.extract - INFO - Extraction complete: 5 successful, 0 failed
[2026-04-10T13:42:22.436+0000] {extract.py:113} INFO - Extraction complete: 5 successful, 0 failed
[2026-04-10T13:42:22.438+0000] {logging_mixin.py:188} WARNING - 2026-04-10 13:42:22 - scripts.extract - INFO - Extracted 5 weather records
[2026-04-10T13:42:22.438+0000] {extract.py:130} INFO - Extracted 5 weather records
[2026-04-10T13:42:22.461+0000] {weather_etl_dag_v2.py:77} INFO - ✓ Extraction complete: 5 records fetched
[2026-04-10T13:42:22.462+0000] {python.py:237} INFO - Done. Returned value was: 5
[2026-04-10T13:42:22.463+0000] {taskinstance.py:441} INFO - ::group::Post task execution logs
[2026-04-10T13:42:22.490+0000] {taskinstance.py:1206} INFO - Marking task as SUCCESS. dag_id=weather_etl_pipeline_v2, task_id=extract, run_id=manual__2026-04-10T13:42:14+00:00, execution_date=20260410T134214, start_date=20260410T134221, end_date=20260410T134222
[2026-04-10T13:42:22.551+0000] {local_task_job_runner.py:243} INFO - Task exited with return code 0
[2026-04-10T13:42:22.584+0000] {taskinstance.py:3503} INFO - 1 downstream tasks scheduled from follow-on schedule check
[2026-04-10T13:42:22.587+0000] {local_task_job_runner.py:222} INFO - ::endgroup::
