[2026-04-11T11:13:37.375+0000] {local_task_job_runner.py:120} INFO - ::group::Pre task execution logs
[2026-04-11T11:13:37.416+0000] {taskinstance.py:2076} INFO - Dependencies all met for dep_context=non-requeueable deps ti=<TaskInstance: weather_etl_pipeline_v2.quality_check scheduled__2026-04-10T02:00:00+00:00 [queued]>
[2026-04-11T11:13:37.429+0000] {taskinstance.py:2076} INFO - Dependencies all met for dep_context=requeueable deps ti=<TaskInstance: weather_etl_pipeline_v2.quality_check scheduled__2026-04-10T02:00:00+00:00 [queued]>
[2026-04-11T11:13:37.430+0000] {taskinstance.py:2306} INFO - Starting attempt 1 of 2
[2026-04-11T11:13:37.447+0000] {taskinstance.py:2330} INFO - Executing <Task(PythonOperator): quality_check> on 2026-04-10 02:00:00+00:00
[2026-04-11T11:13:37.459+0000] {standard_task_runner.py:90} INFO - Running: ['airflow', 'tasks', 'run', 'weather_etl_pipeline_v2', 'quality_check', 'scheduled__2026-04-10T02:00:00+00:00', '--job-id', '91', '--raw', '--subdir', 'DAGS_FOLDER/weather_etl_dag_v2.py', '--cfg-path', '/tmp/tmplyjx8utl']
[2026-04-11T11:13:37.463+0000] {standard_task_runner.py:91} INFO - Job 91: Subtask quality_check
[2026-04-11T11:13:37.467+0000] {logging_mixin.py:188} WARNING - /home/airflow/.local/lib/python3.12/site-packages/airflow/task/task_runner/standard_task_runner.py:62 DeprecationWarning: This process (pid=186) is multi-threaded, use of fork() may lead to deadlocks in the child.
[2026-04-11T11:13:37.468+0000] {standard_task_runner.py:64} INFO - Started process 187 to run task
[2026-04-11T11:13:37.523+0000] {task_command.py:426} INFO - Running <TaskInstance: weather_etl_pipeline_v2.quality_check scheduled__2026-04-10T02:00:00+00:00 [running]> on host 0510404e06e7
[2026-04-11T11:13:37.619+0000] {taskinstance.py:2648} INFO - Exporting env vars: AIRFLOW_CTX_DAG_OWNER='weather_etl' AIRFLOW_CTX_DAG_ID='weather_etl_pipeline_v2' AIRFLOW_CTX_TASK_ID='quality_check' AIRFLOW_CTX_EXECUTION_DATE='2026-04-10T02:00:00+00:00' AIRFLOW_CTX_TRY_NUMBER='1' AIRFLOW_CTX_DAG_RUN_ID='scheduled__2026-04-10T02:00:00+00:00'
[2026-04-11T11:13:37.621+0000] {taskinstance.py:430} INFO - ::endgroup::
[2026-04-11T11:13:37.632+0000] {weather_etl_dag_v2.py:158} INFO - ============================================================
[2026-04-11T11:13:37.634+0000] {weather_etl_dag_v2.py:159} INFO - TASK: QUALITY_CHECK - Validating data quality
[2026-04-11T11:13:37.635+0000] {weather_etl_dag_v2.py:160} INFO - ============================================================
[2026-04-11T11:13:37.648+0000] {logging_mixin.py:188} WARNING - 2026-04-11 11:13:37 - scripts.validate - INFO - Starting data quality validation for 10 records
[2026-04-11T11:13:37.647+0000] {validate.py:201} INFO - Starting data quality validation for 10 records
[2026-04-11T11:13:37.650+0000] {logging_mixin.py:188} WARNING - 2026-04-11 11:13:37 - scripts.validate - INFO - Validation complete: 10 valid, 0 invalid (100.0% pass rate)
[2026-04-11T11:13:37.650+0000] {validate.py:228} INFO - Validation complete: 10 valid, 0 invalid (100.0% pass rate)
[2026-04-11T11:13:37.651+0000] {weather_etl_dag_v2.py:207} INFO - ✓ Quality check complete: 100.0% pass rate
[2026-04-11T11:13:37.667+0000] {python.py:237} INFO - Done. Returned value was: 100.0
[2026-04-11T11:13:37.668+0000] {taskinstance.py:441} INFO - ::group::Post task execution logs
[2026-04-11T11:13:37.692+0000] {taskinstance.py:1206} INFO - Marking task as SUCCESS. dag_id=weather_etl_pipeline_v2, task_id=quality_check, run_id=scheduled__2026-04-10T02:00:00+00:00, execution_date=20260410T020000, start_date=20260411T111337, end_date=20260411T111337
[2026-04-11T11:13:37.723+0000] {local_task_job_runner.py:243} INFO - Task exited with return code 0
[2026-04-11T11:13:37.756+0000] {taskinstance.py:3503} INFO - 1 downstream tasks scheduled from follow-on schedule check
[2026-04-11T11:13:37.760+0000] {local_task_job_runner.py:222} INFO - ::endgroup::
