[2026-04-22T07:05:18.497+0000] {local_task_job_runner.py:120} INFO - ::group::Pre task execution logs
[2026-04-22T07:05:18.549+0000] {taskinstance.py:2076} INFO - Dependencies all met for dep_context=non-requeueable deps ti=<TaskInstance: weather_etl_pipeline_v2.quality_check scheduled__2026-04-21T02:00:00+00:00 [queued]>
[2026-04-22T07:05:18.567+0000] {taskinstance.py:2076} INFO - Dependencies all met for dep_context=requeueable deps ti=<TaskInstance: weather_etl_pipeline_v2.quality_check scheduled__2026-04-21T02:00:00+00:00 [queued]>
[2026-04-22T07:05:18.569+0000] {taskinstance.py:2306} INFO - Starting attempt 1 of 3
[2026-04-22T07:05:18.592+0000] {taskinstance.py:2330} INFO - Executing <Task(PythonOperator): quality_check> on 2026-04-21 02:00:00+00:00
[2026-04-22T07:05:18.605+0000] {logging_mixin.py:188} WARNING - /home/airflow/.local/lib/python3.12/site-packages/airflow/task/task_runner/standard_task_runner.py:62 DeprecationWarning: This process (pid=222) is multi-threaded, use of fork() may lead to deadlocks in the child.
[2026-04-22T07:05:18.608+0000] {standard_task_runner.py:64} INFO - Started process 228 to run task
[2026-04-22T07:05:18.606+0000] {standard_task_runner.py:90} INFO - Running: ['airflow', 'tasks', 'run', 'weather_etl_pipeline_v2', 'quality_check', 'scheduled__2026-04-21T02:00:00+00:00', '--job-id', '186', '--raw', '--subdir', 'DAGS_FOLDER/weather_etl_dag_v2.py', '--cfg-path', '/tmp/tmplzj_olvq']
[2026-04-22T07:05:18.610+0000] {standard_task_runner.py:91} INFO - Job 186: Subtask quality_check
[2026-04-22T07:05:18.731+0000] {task_command.py:426} INFO - Running <TaskInstance: weather_etl_pipeline_v2.quality_check scheduled__2026-04-21T02:00:00+00:00 [running]> on host 0986b561c3e9
[2026-04-22T07:05:18.922+0000] {taskinstance.py:2648} INFO - Exporting env vars: AIRFLOW_CTX_DAG_OWNER='weather_etl' AIRFLOW_CTX_DAG_ID='weather_etl_pipeline_v2' AIRFLOW_CTX_TASK_ID='quality_check' AIRFLOW_CTX_EXECUTION_DATE='2026-04-21T02:00:00+00:00' AIRFLOW_CTX_TRY_NUMBER='1' AIRFLOW_CTX_DAG_RUN_ID='scheduled__2026-04-21T02:00:00+00:00'
[2026-04-22T07:05:18.924+0000] {taskinstance.py:430} INFO - ::endgroup::
[2026-04-22T07:05:18.948+0000] {weather_etl_dag_v2.py:214} INFO - ============================================================
[2026-04-22T07:05:18.951+0000] {weather_etl_dag_v2.py:215} INFO - TASK: QUALITY_CHECK — Validating clean data quality
[2026-04-22T07:05:18.952+0000] {weather_etl_dag_v2.py:216} INFO - ============================================================
[2026-04-22T07:05:18.973+0000] {logging_mixin.py:188} WARNING - 2026-04-22 07:05:18 - scripts.validate - INFO - Starting data quality validation for 144 records
[2026-04-22T07:05:18.972+0000] {validate.py:201} INFO - Starting data quality validation for 144 records
[2026-04-22T07:05:18.977+0000] {logging_mixin.py:188} WARNING - 2026-04-22 07:05:18 - scripts.validate - INFO - Validation complete: 144 valid, 0 invalid (100.0% pass rate)
[2026-04-22T07:05:18.976+0000] {validate.py:228} INFO - Validation complete: 144 valid, 0 invalid (100.0% pass rate)
[2026-04-22T07:05:18.979+0000] {weather_etl_dag_v2.py:261} INFO - ✓ Quality check: 100.0% pass rate (144/144)
[2026-04-22T07:05:19.003+0000] {python.py:237} INFO - Done. Returned value was: 100.0
[2026-04-22T07:05:19.004+0000] {taskinstance.py:441} INFO - ::group::Post task execution logs
[2026-04-22T07:05:19.041+0000] {taskinstance.py:1206} INFO - Marking task as SUCCESS. dag_id=weather_etl_pipeline_v2, task_id=quality_check, run_id=scheduled__2026-04-21T02:00:00+00:00, execution_date=20260421T020000, start_date=20260422T070518, end_date=20260422T070519
[2026-04-22T07:05:19.106+0000] {local_task_job_runner.py:243} INFO - Task exited with return code 0
[2026-04-22T07:05:19.156+0000] {taskinstance.py:3503} INFO - 1 downstream tasks scheduled from follow-on schedule check
[2026-04-22T07:05:19.159+0000] {local_task_job_runner.py:222} INFO - ::endgroup::
