[2026-04-20T06:52:55.347+0000] {local_task_job_runner.py:120} INFO - ::group::Pre task execution logs
[2026-04-20T06:52:55.392+0000] {taskinstance.py:2076} INFO - Dependencies all met for dep_context=non-requeueable deps ti=<TaskInstance: weather_etl_pipeline_v2.update_metadata_success manual__2026-04-20T06:52:41.281677+00:00 [queued]>
[2026-04-20T06:52:55.411+0000] {taskinstance.py:2076} INFO - Dependencies all met for dep_context=requeueable deps ti=<TaskInstance: weather_etl_pipeline_v2.update_metadata_success manual__2026-04-20T06:52:41.281677+00:00 [queued]>
[2026-04-20T06:52:55.413+0000] {taskinstance.py:2306} INFO - Starting attempt 1 of 4
[2026-04-20T06:52:55.435+0000] {taskinstance.py:2330} INFO - Executing <Task(PythonOperator): update_metadata_success> on 2026-04-20 06:52:41.281677+00:00
[2026-04-20T06:52:55.446+0000] {logging_mixin.py:188} WARNING - /home/airflow/.local/lib/python3.12/site-packages/airflow/task/task_runner/standard_task_runner.py:62 DeprecationWarning: This process (pid=1447) is multi-threaded, use of fork() may lead to deadlocks in the child.
[2026-04-20T06:52:55.448+0000] {standard_task_runner.py:64} INFO - Started process 1448 to run task
[2026-04-20T06:52:55.447+0000] {standard_task_runner.py:90} INFO - Running: ['airflow', 'tasks', 'run', 'weather_etl_pipeline_v2', 'update_metadata_success', 'manual__2026-04-20T06:52:41.281677+00:00', '--job-id', '172', '--raw', '--subdir', 'DAGS_FOLDER/weather_etl_dag_v2.py', '--cfg-path', '/tmp/tmp29x1acp_']
[2026-04-20T06:52:55.449+0000] {standard_task_runner.py:91} INFO - Job 172: Subtask update_metadata_success
[2026-04-20T06:52:55.538+0000] {task_command.py:426} INFO - Running <TaskInstance: weather_etl_pipeline_v2.update_metadata_success manual__2026-04-20T06:52:41.281677+00:00 [running]> on host 0986b561c3e9
[2026-04-20T06:52:55.690+0000] {taskinstance.py:2648} INFO - Exporting env vars: AIRFLOW_CTX_DAG_OWNER='weather_etl' AIRFLOW_CTX_DAG_ID='weather_etl_pipeline_v2' AIRFLOW_CTX_TASK_ID='update_metadata_success' AIRFLOW_CTX_EXECUTION_DATE='2026-04-20T06:52:41.281677+00:00' AIRFLOW_CTX_TRY_NUMBER='1' AIRFLOW_CTX_DAG_RUN_ID='manual__2026-04-20T06:52:41.281677+00:00'
[2026-04-20T06:52:55.691+0000] {taskinstance.py:430} INFO - ::endgroup::
[2026-04-20T06:52:55.713+0000] {weather_etl_dag_v2.py:316} INFO - ============================================================
[2026-04-20T06:52:55.717+0000] {weather_etl_dag_v2.py:317} INFO - TASK: UPDATE_METADATA_SUCCESS — Recording successful pipeline run
[2026-04-20T06:52:55.722+0000] {weather_etl_dag_v2.py:318} INFO - ============================================================
[2026-04-20T06:52:55.811+0000] {logging_mixin.py:188} WARNING - 2026-04-20 06:52:55 - scripts.metadata_manager - INFO - Successfully connected to PostgreSQL database
[2026-04-20T06:52:55.810+0000] {metadata_manager.py:38} INFO - Successfully connected to PostgreSQL database
[2026-04-20T06:52:55.820+0000] {logging_mixin.py:188} WARNING - 2026-04-20 06:52:55 - scripts.metadata_manager - INFO - Table 'pipeline_metadata' created or already exists
[2026-04-20T06:52:55.819+0000] {metadata_manager.py:92} INFO - Table 'pipeline_metadata' created or already exists
[2026-04-20T06:52:55.826+0000] {logging_mixin.py:188} WARNING - 2026-04-20 06:52:55 - scripts.metadata_manager - INFO - Pipeline weather_etl_pipeline_v2 marked as SUCCESS: 14 processed, 198 inserted, 0 failed
[2026-04-20T06:52:55.825+0000] {metadata_manager.py:241} INFO - Pipeline weather_etl_pipeline_v2 marked as SUCCESS: 14 processed, 198 inserted, 0 failed
[2026-04-20T06:52:55.829+0000] {logging_mixin.py:188} WARNING - 2026-04-20 06:52:55 - scripts.metadata_manager - INFO - Database connection closed
[2026-04-20T06:52:55.829+0000] {metadata_manager.py:53} INFO - Database connection closed
[2026-04-20T06:52:55.831+0000] {weather_etl_dag_v2.py:338} INFO - ✓ Pipeline marked as SUCCESS
[2026-04-20T06:52:55.834+0000] {weather_etl_dag_v2.py:339} INFO -   Records extracted  : 14
[2026-04-20T06:52:55.836+0000] {weather_etl_dag_v2.py:340} INFO -   Records inserted   : 198
[2026-04-20T06:52:55.837+0000] {weather_etl_dag_v2.py:341} INFO -   Records failed     : 0
[2026-04-20T06:52:55.839+0000] {weather_etl_dag_v2.py:342} INFO -   Validation rate    : 100.0%
[2026-04-20T06:52:55.842+0000] {weather_etl_dag_v2.py:343} INFO -   Agg rows upserted  : 0
[2026-04-20T06:52:55.845+0000] {python.py:237} INFO - Done. Returned value was: True
[2026-04-20T06:52:55.848+0000] {taskinstance.py:441} INFO - ::group::Post task execution logs
[2026-04-20T06:52:55.882+0000] {taskinstance.py:1206} INFO - Marking task as SUCCESS. dag_id=weather_etl_pipeline_v2, task_id=update_metadata_success, run_id=manual__2026-04-20T06:52:41.281677+00:00, execution_date=20260420T065241, start_date=20260420T065255, end_date=20260420T065255
[2026-04-20T06:52:55.905+0000] {local_task_job_runner.py:243} INFO - Task exited with return code 0
[2026-04-20T06:52:55.928+0000] {taskinstance.py:3503} INFO - 0 downstream tasks scheduled from follow-on schedule check
[2026-04-20T06:52:55.932+0000] {local_task_job_runner.py:222} INFO - ::endgroup::
