[2026-04-16T12:01:19.792+0000] {local_task_job_runner.py:120} INFO - ::group::Pre task execution logs
[2026-04-16T12:01:19.840+0000] {taskinstance.py:2076} INFO - Dependencies all met for dep_context=non-requeueable deps ti=<TaskInstance: weather_etl_pipeline_v2.extract manual__2026-04-16T12:01:17.862390+00:00 [queued]>
[2026-04-16T12:01:19.855+0000] {taskinstance.py:2076} INFO - Dependencies all met for dep_context=requeueable deps ti=<TaskInstance: weather_etl_pipeline_v2.extract manual__2026-04-16T12:01:17.862390+00:00 [queued]>
[2026-04-16T12:01:19.857+0000] {taskinstance.py:2306} INFO - Starting attempt 1 of 4
[2026-04-16T12:01:19.876+0000] {taskinstance.py:2330} INFO - Executing <Task(PythonOperator): extract> on 2026-04-16 12:01:17.862390+00:00
[2026-04-16T12:01:19.886+0000] {logging_mixin.py:188} WARNING - /home/airflow/.local/lib/python3.12/site-packages/airflow/task/task_runner/standard_task_runner.py:62 DeprecationWarning: This process (pid=286) is multi-threaded, use of fork() may lead to deadlocks in the child.
[2026-04-16T12:01:19.886+0000] {standard_task_runner.py:90} INFO - Running: ['airflow', 'tasks', 'run', 'weather_etl_pipeline_v2', 'extract', 'manual__2026-04-16T12:01:17.862390+00:00', '--job-id', '91', '--raw', '--subdir', 'DAGS_FOLDER/weather_etl_dag_v2.py', '--cfg-path', '/tmp/tmps8plo2we']
[2026-04-16T12:01:19.888+0000] {standard_task_runner.py:64} INFO - Started process 287 to run task
[2026-04-16T12:01:19.889+0000] {standard_task_runner.py:91} INFO - Job 91: Subtask extract
[2026-04-16T12:01:19.967+0000] {task_command.py:426} INFO - Running <TaskInstance: weather_etl_pipeline_v2.extract manual__2026-04-16T12:01:17.862390+00:00 [running]> on host 88d0b309bcf7
[2026-04-16T12:01:20.102+0000] {taskinstance.py:2648} INFO - Exporting env vars: AIRFLOW_CTX_DAG_OWNER='weather_etl' AIRFLOW_CTX_DAG_ID='weather_etl_pipeline_v2' AIRFLOW_CTX_TASK_ID='extract' AIRFLOW_CTX_EXECUTION_DATE='2026-04-16T12:01:17.862390+00:00' AIRFLOW_CTX_TRY_NUMBER='1' AIRFLOW_CTX_DAG_RUN_ID='manual__2026-04-16T12:01:17.862390+00:00'
[2026-04-16T12:01:20.104+0000] {taskinstance.py:430} INFO - ::endgroup::
[2026-04-16T12:01:20.123+0000] {weather_etl_dag_v2.py:88} INFO - ============================================================
[2026-04-16T12:01:20.126+0000] {weather_etl_dag_v2.py:89} INFO - TASK: EXTRACT — Fetching weather data from OpenWeatherMap API
[2026-04-16T12:01:20.129+0000] {weather_etl_dag_v2.py:90} INFO - ============================================================
[2026-04-16T12:01:20.139+0000] {weather_etl_dag_v2.py:109} INFO - Active cities fetched from DB: ['Ahmedabad', 'Bengaluru', 'Chennai', 'Delhi', 'Indore', 'Manali', 'Mumbai', 'New York', 'Palanpur']
[2026-04-16T12:01:20.147+0000] {logging_mixin.py:188} WARNING - 2026-04-16 12:01:20 - scripts.extract - INFO - Starting extraction for cities: Ahmedabad, Bengaluru, Chennai, Delhi, Indore, Manali, Mumbai, New York, Palanpur
[2026-04-16T12:01:20.146+0000] {extract.py:127} INFO - Starting extraction for cities: Ahmedabad, Bengaluru, Chennai, Delhi, Indore, Manali, Mumbai, New York, Palanpur
[2026-04-16T12:01:20.150+0000] {logging_mixin.py:188} WARNING - 2026-04-16 12:01:20 - scripts.extract - INFO - Starting extraction for 9 cities
[2026-04-16T12:01:20.149+0000] {extract.py:96} INFO - Starting extraction for 9 cities
[2026-04-16T12:01:20.152+0000] {logging_mixin.py:188} WARNING - 2026-04-16 12:01:20 - scripts.extract - INFO - Fetching weather data for Ahmedabad (attempt 1/3)
[2026-04-16T12:01:20.151+0000] {extract.py:47} INFO - Fetching weather data for Ahmedabad (attempt 1/3)
[2026-04-16T12:01:20.392+0000] {logging_mixin.py:188} WARNING - 2026-04-16 12:01:20 - scripts.extract - INFO - Successfully fetched data for Ahmedabad
[2026-04-16T12:01:20.391+0000] {extract.py:53} INFO - Successfully fetched data for Ahmedabad
[2026-04-16T12:01:20.396+0000] {logging_mixin.py:188} WARNING - 2026-04-16 12:01:20 - scripts.extract - INFO - Fetching weather data for Bengaluru (attempt 1/3)
[2026-04-16T12:01:20.395+0000] {extract.py:47} INFO - Fetching weather data for Bengaluru (attempt 1/3)
[2026-04-16T12:01:20.601+0000] {logging_mixin.py:188} WARNING - 2026-04-16 12:01:20 - scripts.extract - INFO - Successfully fetched data for Bengaluru
[2026-04-16T12:01:20.600+0000] {extract.py:53} INFO - Successfully fetched data for Bengaluru
[2026-04-16T12:01:20.604+0000] {logging_mixin.py:188} WARNING - 2026-04-16 12:01:20 - scripts.extract - INFO - Fetching weather data for Chennai (attempt 1/3)
[2026-04-16T12:01:20.602+0000] {extract.py:47} INFO - Fetching weather data for Chennai (attempt 1/3)
[2026-04-16T12:01:20.842+0000] {logging_mixin.py:188} WARNING - 2026-04-16 12:01:20 - scripts.extract - INFO - Successfully fetched data for Chennai
[2026-04-16T12:01:20.841+0000] {extract.py:53} INFO - Successfully fetched data for Chennai
[2026-04-16T12:01:20.846+0000] {logging_mixin.py:188} WARNING - 2026-04-16 12:01:20 - scripts.extract - INFO - Fetching weather data for Delhi (attempt 1/3)
[2026-04-16T12:01:20.845+0000] {extract.py:47} INFO - Fetching weather data for Delhi (attempt 1/3)
[2026-04-16T12:01:21.089+0000] {logging_mixin.py:188} WARNING - 2026-04-16 12:01:21 - scripts.extract - INFO - Successfully fetched data for Delhi
[2026-04-16T12:01:21.088+0000] {extract.py:53} INFO - Successfully fetched data for Delhi
[2026-04-16T12:01:21.093+0000] {logging_mixin.py:188} WARNING - 2026-04-16 12:01:21 - scripts.extract - INFO - Fetching weather data for Indore (attempt 1/3)
[2026-04-16T12:01:21.091+0000] {extract.py:47} INFO - Fetching weather data for Indore (attempt 1/3)
[2026-04-16T12:01:21.311+0000] {logging_mixin.py:188} WARNING - 2026-04-16 12:01:21 - scripts.extract - INFO - Successfully fetched data for Indore
[2026-04-16T12:01:21.311+0000] {extract.py:53} INFO - Successfully fetched data for Indore
[2026-04-16T12:01:21.316+0000] {logging_mixin.py:188} WARNING - 2026-04-16 12:01:21 - scripts.extract - INFO - Fetching weather data for Manali (attempt 1/3)
[2026-04-16T12:01:21.315+0000] {extract.py:47} INFO - Fetching weather data for Manali (attempt 1/3)
[2026-04-16T12:01:21.521+0000] {logging_mixin.py:188} WARNING - 2026-04-16 12:01:21 - scripts.extract - INFO - Successfully fetched data for Manali
[2026-04-16T12:01:21.520+0000] {extract.py:53} INFO - Successfully fetched data for Manali
[2026-04-16T12:01:21.525+0000] {logging_mixin.py:188} WARNING - 2026-04-16 12:01:21 - scripts.extract - INFO - Fetching weather data for Mumbai (attempt 1/3)
[2026-04-16T12:01:21.524+0000] {extract.py:47} INFO - Fetching weather data for Mumbai (attempt 1/3)
[2026-04-16T12:01:21.742+0000] {logging_mixin.py:188} WARNING - 2026-04-16 12:01:21 - scripts.extract - INFO - Successfully fetched data for Mumbai
[2026-04-16T12:01:21.741+0000] {extract.py:53} INFO - Successfully fetched data for Mumbai
[2026-04-16T12:01:21.745+0000] {logging_mixin.py:188} WARNING - 2026-04-16 12:01:21 - scripts.extract - INFO - Fetching weather data for New York (attempt 1/3)
[2026-04-16T12:01:21.744+0000] {extract.py:47} INFO - Fetching weather data for New York (attempt 1/3)
[2026-04-16T12:01:21.943+0000] {logging_mixin.py:188} WARNING - 2026-04-16 12:01:21 - scripts.extract - INFO - Successfully fetched data for New York
[2026-04-16T12:01:21.942+0000] {extract.py:53} INFO - Successfully fetched data for New York
[2026-04-16T12:01:21.949+0000] {logging_mixin.py:188} WARNING - 2026-04-16 12:01:21 - scripts.extract - INFO - Fetching weather data for Palanpur (attempt 1/3)
[2026-04-16T12:01:21.947+0000] {extract.py:47} INFO - Fetching weather data for Palanpur (attempt 1/3)
[2026-04-16T12:01:22.172+0000] {logging_mixin.py:188} WARNING - 2026-04-16 12:01:22 - scripts.extract - INFO - Successfully fetched data for Palanpur
[2026-04-16T12:01:22.171+0000] {extract.py:53} INFO - Successfully fetched data for Palanpur
[2026-04-16T12:01:22.177+0000] {logging_mixin.py:188} WARNING - 2026-04-16 12:01:22 - scripts.extract - INFO - Extraction complete: 9 successful, 0 failed
[2026-04-16T12:01:22.175+0000] {extract.py:114} INFO - Extraction complete: 9 successful, 0 failed
[2026-04-16T12:01:22.179+0000] {logging_mixin.py:188} WARNING - 2026-04-16 12:01:22 - scripts.extract - INFO - Extracted 9 weather records
[2026-04-16T12:01:22.178+0000] {extract.py:131} INFO - Extracted 9 weather records
[2026-04-16T12:01:22.202+0000] {weather_etl_dag_v2.py:117} INFO - ✓ Extraction complete: 9 records for 9 cities in 2.07s
[2026-04-16T12:01:22.204+0000] {python.py:237} INFO - Done. Returned value was: 9
[2026-04-16T12:01:22.206+0000] {taskinstance.py:441} INFO - ::group::Post task execution logs
[2026-04-16T12:01:22.246+0000] {taskinstance.py:1206} INFO - Marking task as SUCCESS. dag_id=weather_etl_pipeline_v2, task_id=extract, run_id=manual__2026-04-16T12:01:17.862390+00:00, execution_date=20260416T120117, start_date=20260416T120119, end_date=20260416T120122
[2026-04-16T12:01:22.277+0000] {local_task_job_runner.py:243} INFO - Task exited with return code 0
[2026-04-16T12:01:22.329+0000] {taskinstance.py:3503} INFO - 1 downstream tasks scheduled from follow-on schedule check
[2026-04-16T12:01:22.333+0000] {local_task_job_runner.py:222} INFO - ::endgroup::
