[2026-04-16T12:00:29.042+0000] {local_task_job_runner.py:120} INFO - ::group::Pre task execution logs
[2026-04-16T12:00:29.105+0000] {taskinstance.py:2076} INFO - Dependencies all met for dep_context=non-requeueable deps ti=<TaskInstance: weather_etl_pipeline_v2.transform_clean manual__2026-04-16T12:00:22.316960+00:00 [queued]>
[2026-04-16T12:00:29.122+0000] {taskinstance.py:2076} INFO - Dependencies all met for dep_context=requeueable deps ti=<TaskInstance: weather_etl_pipeline_v2.transform_clean manual__2026-04-16T12:00:22.316960+00:00 [queued]>
[2026-04-16T12:00:29.124+0000] {taskinstance.py:2306} INFO - Starting attempt 1 of 3
[2026-04-16T12:00:29.146+0000] {taskinstance.py:2330} INFO - Executing <Task(PythonOperator): transform_clean> on 2026-04-16 12:00:22.316960+00:00
[2026-04-16T12:00:29.159+0000] {standard_task_runner.py:90} INFO - Running: ['airflow', 'tasks', 'run', 'weather_etl_pipeline_v2', 'transform_clean', 'manual__2026-04-16T12:00:22.316960+00:00', '--job-id', '86', '--raw', '--subdir', 'DAGS_FOLDER/weather_etl_dag_v2.py', '--cfg-path', '/tmp/tmpc47kfp8v']
[2026-04-16T12:00:29.161+0000] {logging_mixin.py:188} WARNING - /home/airflow/.local/lib/python3.12/site-packages/airflow/task/task_runner/standard_task_runner.py:62 DeprecationWarning: This process (pid=249) is multi-threaded, use of fork() may lead to deadlocks in the child.
[2026-04-16T12:00:29.164+0000] {standard_task_runner.py:91} INFO - Job 86: Subtask transform_clean
[2026-04-16T12:00:29.164+0000] {standard_task_runner.py:64} INFO - Started process 250 to run task
[2026-04-16T12:00:29.246+0000] {task_command.py:426} INFO - Running <TaskInstance: weather_etl_pipeline_v2.transform_clean manual__2026-04-16T12:00:22.316960+00:00 [running]> on host 88d0b309bcf7
[2026-04-16T12:00:29.392+0000] {taskinstance.py:2648} INFO - Exporting env vars: AIRFLOW_CTX_DAG_OWNER='weather_etl' AIRFLOW_CTX_DAG_ID='weather_etl_pipeline_v2' AIRFLOW_CTX_TASK_ID='transform_clean' AIRFLOW_CTX_EXECUTION_DATE='2026-04-16T12:00:22.316960+00:00' AIRFLOW_CTX_TRY_NUMBER='1' AIRFLOW_CTX_DAG_RUN_ID='manual__2026-04-16T12:00:22.316960+00:00'
[2026-04-16T12:00:29.393+0000] {taskinstance.py:430} INFO - ::endgroup::
[2026-04-16T12:00:29.412+0000] {weather_etl_dag_v2.py:174} INFO - ============================================================
[2026-04-16T12:00:29.414+0000] {weather_etl_dag_v2.py:175} INFO - TASK: TRANSFORM_CLEAN — Transform & load validated data
[2026-04-16T12:00:29.415+0000] {weather_etl_dag_v2.py:176} INFO - ============================================================
[2026-04-16T12:00:29.433+0000] {logging_mixin.py:188} WARNING - 2026-04-16 12:00:29 - scripts.load_raw - INFO - Successfully connected to PostgreSQL database
[2026-04-16T12:00:29.432+0000] {load_raw.py:38} INFO - Successfully connected to PostgreSQL database
[2026-04-16T12:00:29.442+0000] {logging_mixin.py:188} WARNING - 2026-04-16 12:00:29 - scripts.load_raw - INFO - Retrieved 77 unprocessed raw records (active only)
[2026-04-16T12:00:29.442+0000] {load_raw.py:233} INFO - Retrieved 77 unprocessed raw records (active only)
[2026-04-16T12:00:29.444+0000] {logging_mixin.py:188} WARNING - 2026-04-16 12:00:29 - scripts.load_raw - INFO - Database connection closed
[2026-04-16T12:00:29.444+0000] {load_raw.py:53} INFO - Database connection closed
[2026-04-16T12:00:29.446+0000] {logging_mixin.py:188} WARNING - 2026-04-16 12:00:29 - scripts.load_clean - INFO - Starting transformation and load for 77 raw records
[2026-04-16T12:00:29.446+0000] {load_clean.py:210} INFO - Starting transformation and load for 77 raw records
[2026-04-16T12:00:29.453+0000] {logging_mixin.py:188} WARNING - 2026-04-16 12:00:29 - scripts.load_clean - INFO - Successfully connected to PostgreSQL database
[2026-04-16T12:00:29.452+0000] {load_clean.py:41} INFO - Successfully connected to PostgreSQL database
[2026-04-16T12:00:29.456+0000] {logging_mixin.py:188} WARNING - 2026-04-16 12:00:29 - scripts.load_clean - INFO - Table 'weather_clean' created or already exists
[2026-04-16T12:00:29.455+0000] {load_clean.py:109} INFO - Table 'weather_clean' created or already exists
[2026-04-16T12:00:29.498+0000] {logging_mixin.py:188} WARNING - 2026-04-16 12:00:29 - scripts.load_clean - INFO - Marked 77 raw records as processed
[2026-04-16T12:00:29.497+0000] {load_clean.py:293} INFO - Marked 77 raw records as processed
[2026-04-16T12:00:29.500+0000] {logging_mixin.py:188} WARNING - 2026-04-16 12:00:29 - scripts.load_clean - INFO - Clean data load complete: 77 transformed, 77 validated, 77 loaded, 0 failed
[2026-04-16T12:00:29.500+0000] {load_clean.py:265} INFO - Clean data load complete: 77 transformed, 77 validated, 77 loaded, 0 failed
[2026-04-16T12:00:29.502+0000] {logging_mixin.py:188} WARNING - 2026-04-16 12:00:29 - scripts.load_clean - INFO - Database connection closed
[2026-04-16T12:00:29.502+0000] {load_clean.py:56} INFO - Database connection closed
[2026-04-16T12:00:29.517+0000] {weather_etl_dag_v2.py:190} INFO - ✓ Transform complete: 77 loaded, 0 failed (will be checked in quality_check)
[2026-04-16T12:00:29.519+0000] {python.py:237} INFO - Done. Returned value was: 77
[2026-04-16T12:00:29.521+0000] {taskinstance.py:441} INFO - ::group::Post task execution logs
[2026-04-16T12:00:29.549+0000] {taskinstance.py:1206} INFO - Marking task as SUCCESS. dag_id=weather_etl_pipeline_v2, task_id=transform_clean, run_id=manual__2026-04-16T12:00:22.316960+00:00, execution_date=20260416T120022, start_date=20260416T120029, end_date=20260416T120029
[2026-04-16T12:00:29.582+0000] {local_task_job_runner.py:243} INFO - Task exited with return code 0
[2026-04-16T12:00:29.610+0000] {local_task_job_runner.py:222} INFO - ::endgroup::
