[2026-04-09T11:33:17.849+0000] {local_task_job_runner.py:120} INFO - ::group::Pre task execution logs
[2026-04-09T11:33:17.928+0000] {taskinstance.py:2076} INFO - Dependencies all met for dep_context=non-requeueable deps ti=<TaskInstance: weather_etl_pipeline.extract manual__2026-04-09T11:33:16.841040+00:00 [queued]>
[2026-04-09T11:33:17.949+0000] {taskinstance.py:2076} INFO - Dependencies all met for dep_context=requeueable deps ti=<TaskInstance: weather_etl_pipeline.extract manual__2026-04-09T11:33:16.841040+00:00 [queued]>
[2026-04-09T11:33:17.951+0000] {taskinstance.py:2306} INFO - Starting attempt 1 of 3
[2026-04-09T11:33:17.981+0000] {taskinstance.py:2330} INFO - Executing <Task(PythonOperator): extract> on 2026-04-09 11:33:16.841040+00:00
[2026-04-09T11:33:17.994+0000] {standard_task_runner.py:90} INFO - Running: ['airflow', 'tasks', 'run', 'weather_etl_pipeline', 'extract', 'manual__2026-04-09T11:33:16.841040+00:00', '--job-id', '27', '--raw', '--subdir', 'DAGS_FOLDER/weather_etl_dag.py', '--cfg-path', '/tmp/tmpfeqx7uqi']
[2026-04-09T11:33:18.003+0000] {standard_task_runner.py:91} INFO - Job 27: Subtask extract
[2026-04-09T11:33:18.007+0000] {logging_mixin.py:188} WARNING - /home/airflow/.local/lib/python3.12/site-packages/airflow/task/task_runner/standard_task_runner.py:62 DeprecationWarning: This process (pid=298) is multi-threaded, use of fork() may lead to deadlocks in the child.
[2026-04-09T11:33:18.009+0000] {standard_task_runner.py:64} INFO - Started process 299 to run task
[2026-04-09T11:33:18.129+0000] {task_command.py:426} INFO - Running <TaskInstance: weather_etl_pipeline.extract manual__2026-04-09T11:33:16.841040+00:00 [running]> on host 7f2361d1f94e
[2026-04-09T11:33:18.342+0000] {taskinstance.py:2648} INFO - Exporting env vars: AIRFLOW_CTX_DAG_OWNER='weather_etl' AIRFLOW_CTX_DAG_ID='weather_etl_pipeline' AIRFLOW_CTX_TASK_ID='extract' AIRFLOW_CTX_EXECUTION_DATE='2026-04-09T11:33:16.841040+00:00' AIRFLOW_CTX_TRY_NUMBER='1' AIRFLOW_CTX_DAG_RUN_ID='manual__2026-04-09T11:33:16.841040+00:00'
[2026-04-09T11:33:18.344+0000] {taskinstance.py:430} INFO - ::endgroup::
[2026-04-09T11:33:18.413+0000] {logger.py:59} INFO - ============================================================
[2026-04-09T11:33:18.417+0000] {logger.py:60} INFO - Starting Weather Extraction
[2026-04-09T11:33:18.423+0000] {logger.py:61} INFO - Execution time: 2026-04-09 11:33:18
[2026-04-09T11:33:18.426+0000] {logger.py:62} INFO - ============================================================
[2026-04-09T11:33:18.441+0000] {logging_mixin.py:188} WARNING - 2026-04-09 11:33:18 - scripts.extract - INFO - Starting extraction for cities: London, New York, Tokyo, Paris, Sydney
[2026-04-09T11:33:18.439+0000] {extract.py:126} INFO - Starting extraction for cities: London, New York, Tokyo, Paris, Sydney
[2026-04-09T11:33:18.444+0000] {logging_mixin.py:188} WARNING - 2026-04-09 11:33:18 - scripts.extract - INFO - Starting extraction for 5 cities
[2026-04-09T11:33:18.443+0000] {extract.py:96} INFO - Starting extraction for 5 cities
[2026-04-09T11:33:18.454+0000] {logging_mixin.py:188} WARNING - 2026-04-09 11:33:18 - scripts.extract - INFO - Fetching weather data for London (attempt 1/3)
[2026-04-09T11:33:18.448+0000] {extract.py:47} INFO - Fetching weather data for London (attempt 1/3)
[2026-04-09T11:33:18.737+0000] {logging_mixin.py:188} WARNING - 2026-04-09 11:33:18 - scripts.extract - INFO - Successfully fetched data for London
[2026-04-09T11:33:18.735+0000] {extract.py:53} INFO - Successfully fetched data for London
[2026-04-09T11:33:18.744+0000] {logging_mixin.py:188} WARNING - 2026-04-09 11:33:18 - scripts.extract - INFO - Fetching weather data for New York (attempt 1/3)
[2026-04-09T11:33:18.742+0000] {extract.py:47} INFO - Fetching weather data for New York (attempt 1/3)
[2026-04-09T11:33:18.914+0000] {logging_mixin.py:188} WARNING - 2026-04-09 11:33:18 - scripts.extract - INFO - Successfully fetched data for New York
[2026-04-09T11:33:18.913+0000] {extract.py:53} INFO - Successfully fetched data for New York
[2026-04-09T11:33:18.920+0000] {logging_mixin.py:188} WARNING - 2026-04-09 11:33:18 - scripts.extract - INFO - Fetching weather data for Tokyo (attempt 1/3)
[2026-04-09T11:33:18.918+0000] {extract.py:47} INFO - Fetching weather data for Tokyo (attempt 1/3)
[2026-04-09T11:33:19.080+0000] {logging_mixin.py:188} WARNING - 2026-04-09 11:33:19 - scripts.extract - INFO - Successfully fetched data for Tokyo
[2026-04-09T11:33:19.079+0000] {extract.py:53} INFO - Successfully fetched data for Tokyo
[2026-04-09T11:33:19.085+0000] {logging_mixin.py:188} WARNING - 2026-04-09 11:33:19 - scripts.extract - INFO - Fetching weather data for Paris (attempt 1/3)
[2026-04-09T11:33:19.084+0000] {extract.py:47} INFO - Fetching weather data for Paris (attempt 1/3)
[2026-04-09T11:33:19.253+0000] {logging_mixin.py:188} WARNING - 2026-04-09 11:33:19 - scripts.extract - INFO - Successfully fetched data for Paris
[2026-04-09T11:33:19.251+0000] {extract.py:53} INFO - Successfully fetched data for Paris
[2026-04-09T11:33:19.258+0000] {logging_mixin.py:188} WARNING - 2026-04-09 11:33:19 - scripts.extract - INFO - Fetching weather data for Sydney (attempt 1/3)
[2026-04-09T11:33:19.257+0000] {extract.py:47} INFO - Fetching weather data for Sydney (attempt 1/3)
[2026-04-09T11:33:19.429+0000] {logging_mixin.py:188} WARNING - 2026-04-09 11:33:19 - scripts.extract - INFO - Successfully fetched data for Sydney
[2026-04-09T11:33:19.427+0000] {extract.py:53} INFO - Successfully fetched data for Sydney
[2026-04-09T11:33:19.437+0000] {logging_mixin.py:188} WARNING - 2026-04-09 11:33:19 - scripts.extract - INFO - Extraction complete: 5 successful, 0 failed
[2026-04-09T11:33:19.435+0000] {extract.py:113} INFO - Extraction complete: 5 successful, 0 failed
[2026-04-09T11:33:19.449+0000] {logging_mixin.py:188} WARNING - 2026-04-09 11:33:19 - scripts.extract - INFO - Extracted 5 weather records
[2026-04-09T11:33:19.443+0000] {extract.py:130} INFO - Extracted 5 weather records
[2026-04-09T11:33:19.482+0000] {weather_etl_dag.py:62} INFO - Extracted 5 records
[2026-04-09T11:33:19.485+0000] {logger.py:67} INFO - ============================================================
[2026-04-09T11:33:19.487+0000] {logger.py:68} INFO - Finished Weather Extraction
[2026-04-09T11:33:19.490+0000] {logger.py:69} INFO - Status: SUCCESS
[2026-04-09T11:33:19.493+0000] {logger.py:70} INFO - Execution time: 2026-04-09 11:33:19
[2026-04-09T11:33:19.496+0000] {logger.py:71} INFO - ============================================================
[2026-04-09T11:33:19.498+0000] {python.py:237} INFO - Done. Returned value was: 5
[2026-04-09T11:33:19.499+0000] {taskinstance.py:441} INFO - ::group::Post task execution logs
[2026-04-09T11:33:19.547+0000] {taskinstance.py:1206} INFO - Marking task as SUCCESS. dag_id=weather_etl_pipeline, task_id=extract, run_id=manual__2026-04-09T11:33:16.841040+00:00, execution_date=20260409T113316, start_date=20260409T113317, end_date=20260409T113319
[2026-04-09T11:33:19.600+0000] {local_task_job_runner.py:243} INFO - Task exited with return code 0
[2026-04-09T11:33:19.648+0000] {taskinstance.py:3503} INFO - 1 downstream tasks scheduled from follow-on schedule check
[2026-04-09T11:33:19.654+0000] {local_task_job_runner.py:222} INFO - ::endgroup::
