[2026-04-13T06:53:12.338+0000] {local_task_job_runner.py:120} INFO - ::group::Pre task execution logs
[2026-04-13T06:53:12.400+0000] {taskinstance.py:2076} INFO - Dependencies all met for dep_context=non-requeueable deps ti=<TaskInstance: weather_etl_pipeline_v2.quality_check manual__2026-04-13T06:53:00.994401+00:00 [queued]>
[2026-04-13T06:53:12.418+0000] {taskinstance.py:2076} INFO - Dependencies all met for dep_context=requeueable deps ti=<TaskInstance: weather_etl_pipeline_v2.quality_check manual__2026-04-13T06:53:00.994401+00:00 [queued]>
[2026-04-13T06:53:12.420+0000] {taskinstance.py:2306} INFO - Starting attempt 1 of 3
[2026-04-13T06:53:12.453+0000] {taskinstance.py:2330} INFO - Executing <Task(PythonOperator): quality_check> on 2026-04-13 06:53:00.994401+00:00
[2026-04-13T06:53:12.474+0000] {standard_task_runner.py:90} INFO - Running: ['airflow', 'tasks', 'run', 'weather_etl_pipeline_v2', 'quality_check', 'manual__2026-04-13T06:53:00.994401+00:00', '--job-id', '179', '--raw', '--subdir', 'DAGS_FOLDER/weather_etl_dag_v2.py', '--cfg-path', '/tmp/tmpmh5g6_fj']
[2026-04-13T06:53:12.483+0000] {standard_task_runner.py:91} INFO - Job 179: Subtask quality_check
[2026-04-13T06:53:12.483+0000] {logging_mixin.py:188} WARNING - /home/airflow/.local/lib/python3.12/site-packages/airflow/task/task_runner/standard_task_runner.py:62 DeprecationWarning: This process (pid=368) is multi-threaded, use of fork() may lead to deadlocks in the child.
[2026-04-13T06:53:12.485+0000] {standard_task_runner.py:64} INFO - Started process 369 to run task
[2026-04-13T06:53:12.612+0000] {task_command.py:426} INFO - Running <TaskInstance: weather_etl_pipeline_v2.quality_check manual__2026-04-13T06:53:00.994401+00:00 [running]> on host 5aae7c9eda2a
[2026-04-13T06:53:12.823+0000] {taskinstance.py:2648} INFO - Exporting env vars: AIRFLOW_CTX_DAG_OWNER='weather_etl' AIRFLOW_CTX_DAG_ID='weather_etl_pipeline_v2' AIRFLOW_CTX_TASK_ID='quality_check' AIRFLOW_CTX_EXECUTION_DATE='2026-04-13T06:53:00.994401+00:00' AIRFLOW_CTX_TRY_NUMBER='1' AIRFLOW_CTX_DAG_RUN_ID='manual__2026-04-13T06:53:00.994401+00:00'
[2026-04-13T06:53:12.825+0000] {taskinstance.py:430} INFO - ::endgroup::
[2026-04-13T06:53:12.855+0000] {weather_etl_dag_v2.py:183} INFO - ============================================================
[2026-04-13T06:53:12.858+0000] {weather_etl_dag_v2.py:184} INFO - TASK: QUALITY_CHECK - Validating data quality
[2026-04-13T06:53:12.859+0000] {weather_etl_dag_v2.py:185} INFO - ============================================================
[2026-04-13T06:53:12.886+0000] {logging_mixin.py:188} WARNING - 2026-04-13 06:53:12 - scripts.validate - INFO - Starting data quality validation for 6 records
[2026-04-13T06:53:12.885+0000] {validate.py:201} INFO - Starting data quality validation for 6 records
[2026-04-13T06:53:12.890+0000] {logging_mixin.py:188} WARNING - 2026-04-13 06:53:12 - scripts.validate - INFO - Validation complete: 6 valid, 0 invalid (100.0% pass rate)
[2026-04-13T06:53:12.889+0000] {validate.py:228} INFO - Validation complete: 6 valid, 0 invalid (100.0% pass rate)
[2026-04-13T06:53:12.893+0000] {weather_etl_dag_v2.py:232} INFO - ✓ Quality check complete: 100.0% pass rate
[2026-04-13T06:53:12.934+0000] {python.py:237} INFO - Done. Returned value was: 100.0
[2026-04-13T06:53:12.936+0000] {taskinstance.py:441} INFO - ::group::Post task execution logs
[2026-04-13T06:53:12.982+0000] {taskinstance.py:1206} INFO - Marking task as SUCCESS. dag_id=weather_etl_pipeline_v2, task_id=quality_check, run_id=manual__2026-04-13T06:53:00.994401+00:00, execution_date=20260413T065300, start_date=20260413T065312, end_date=20260413T065312
[2026-04-13T06:53:13.027+0000] {local_task_job_runner.py:243} INFO - Task exited with return code 0
[2026-04-13T06:53:13.091+0000] {taskinstance.py:3503} INFO - 1 downstream tasks scheduled from follow-on schedule check
[2026-04-13T06:53:13.099+0000] {local_task_job_runner.py:222} INFO - ::endgroup::
