[2026-04-11T11:42:59.489+0000] {local_task_job_runner.py:120} INFO - ::group::Pre task execution logs
[2026-04-11T11:42:59.573+0000] {taskinstance.py:2076} INFO - Dependencies all met for dep_context=non-requeueable deps ti=<TaskInstance: weather_etl_pipeline_v2.update_metadata_success manual__2026-04-11T11:42:45+00:00 [queued]>
[2026-04-11T11:42:59.601+0000] {taskinstance.py:2076} INFO - Dependencies all met for dep_context=requeueable deps ti=<TaskInstance: weather_etl_pipeline_v2.update_metadata_success manual__2026-04-11T11:42:45+00:00 [queued]>
[2026-04-11T11:42:59.605+0000] {taskinstance.py:2306} INFO - Starting attempt 1 of 4
[2026-04-11T11:42:59.640+0000] {taskinstance.py:2330} INFO - Executing <Task(PythonOperator): update_metadata_success> on 2026-04-11 11:42:45+00:00
[2026-04-11T11:42:59.660+0000] {standard_task_runner.py:90} INFO - Running: ['airflow', 'tasks', 'run', 'weather_etl_pipeline_v2', 'update_metadata_success', 'manual__2026-04-11T11:42:45+00:00', '--job-id', '134', '--raw', '--subdir', 'DAGS_FOLDER/weather_etl_dag_v2.py', '--cfg-path', '/tmp/tmp6gj7xr6z']
[2026-04-11T11:42:59.668+0000] {standard_task_runner.py:91} INFO - Job 134: Subtask update_metadata_success
[2026-04-11T11:42:59.669+0000] {logging_mixin.py:188} WARNING - /home/airflow/.local/lib/python3.12/site-packages/airflow/task/task_runner/standard_task_runner.py:62 DeprecationWarning: This process (pid=188) is multi-threaded, use of fork() may lead to deadlocks in the child.
[2026-04-11T11:42:59.673+0000] {standard_task_runner.py:64} INFO - Started process 189 to run task
[2026-04-11T11:42:59.796+0000] {task_command.py:426} INFO - Running <TaskInstance: weather_etl_pipeline_v2.update_metadata_success manual__2026-04-11T11:42:45+00:00 [running]> on host 9514c60f7b76
[2026-04-11T11:43:00.014+0000] {taskinstance.py:2648} INFO - Exporting env vars: AIRFLOW_CTX_DAG_OWNER='weather_etl' AIRFLOW_CTX_DAG_ID='weather_etl_pipeline_v2' AIRFLOW_CTX_TASK_ID='update_metadata_success' AIRFLOW_CTX_EXECUTION_DATE='2026-04-11T11:42:45+00:00' AIRFLOW_CTX_TRY_NUMBER='1' AIRFLOW_CTX_DAG_RUN_ID='manual__2026-04-11T11:42:45+00:00'
[2026-04-11T11:43:00.027+0000] {taskinstance.py:430} INFO - ::endgroup::
[2026-04-11T11:43:00.073+0000] {weather_etl_dag_v2.py:229} INFO - ============================================================
[2026-04-11T11:43:00.098+0000] {weather_etl_dag_v2.py:230} INFO - TASK: UPDATE_METADATA_SUCCESS - Recording successful run
[2026-04-11T11:43:00.105+0000] {weather_etl_dag_v2.py:231} INFO - ============================================================
[2026-04-11T11:43:00.224+0000] {logging_mixin.py:188} WARNING - 2026-04-11 11:43:00 - scripts.metadata_manager - INFO - Successfully connected to PostgreSQL database
[2026-04-11T11:43:00.222+0000] {metadata_manager.py:38} INFO - Successfully connected to PostgreSQL database
[2026-04-11T11:43:00.239+0000] {logging_mixin.py:188} WARNING - 2026-04-11 11:43:00 - scripts.metadata_manager - INFO - Table 'pipeline_metadata' created or already exists
[2026-04-11T11:43:00.238+0000] {metadata_manager.py:92} INFO - Table 'pipeline_metadata' created or already exists
[2026-04-11T11:43:00.247+0000] {logging_mixin.py:188} WARNING - 2026-04-11 11:43:00 - scripts.metadata_manager - INFO - Pipeline weather_etl_pipeline_v2 marked as SUCCESS: 5 processed, 35 inserted, 0 failed
[2026-04-11T11:43:00.246+0000] {metadata_manager.py:241} INFO - Pipeline weather_etl_pipeline_v2 marked as SUCCESS: 5 processed, 35 inserted, 0 failed
[2026-04-11T11:43:00.250+0000] {logging_mixin.py:188} WARNING - 2026-04-11 11:43:00 - scripts.metadata_manager - INFO - Database connection closed
[2026-04-11T11:43:00.250+0000] {metadata_manager.py:53} INFO - Database connection closed
[2026-04-11T11:43:00.252+0000] {weather_etl_dag_v2.py:253} INFO - ✓ Metadata updated: Pipeline marked as SUCCESS
[2026-04-11T11:43:00.254+0000] {weather_etl_dag_v2.py:254} INFO -   - Records processed: 5
[2026-04-11T11:43:00.255+0000] {weather_etl_dag_v2.py:255} INFO -   - Records inserted: 35
[2026-04-11T11:43:00.257+0000] {weather_etl_dag_v2.py:256} INFO -   - Validation rate: 100.0%
[2026-04-11T11:43:00.259+0000] {python.py:237} INFO - Done. Returned value was: True
[2026-04-11T11:43:00.260+0000] {taskinstance.py:441} INFO - ::group::Post task execution logs
[2026-04-11T11:43:00.309+0000] {taskinstance.py:1206} INFO - Marking task as SUCCESS. dag_id=weather_etl_pipeline_v2, task_id=update_metadata_success, run_id=manual__2026-04-11T11:42:45+00:00, execution_date=20260411T114245, start_date=20260411T114259, end_date=20260411T114300
[2026-04-11T11:43:00.336+0000] {local_task_job_runner.py:243} INFO - Task exited with return code 0
[2026-04-11T11:43:00.365+0000] {taskinstance.py:3503} INFO - 0 downstream tasks scheduled from follow-on schedule check
[2026-04-11T11:43:00.369+0000] {local_task_job_runner.py:222} INFO - ::endgroup::
