[2026-04-09T11:06:40.601+0000] {local_task_job_runner.py:120} INFO - ::group::Pre task execution logs
[2026-04-09T11:06:40.706+0000] {taskinstance.py:2076} INFO - Dependencies all met for dep_context=non-requeueable deps ti=<TaskInstance: weather_etl_pipeline.extract scheduled__2026-04-08T02:00:00+00:00 [queued]>
[2026-04-09T11:06:40.730+0000] {taskinstance.py:2076} INFO - Dependencies all met for dep_context=requeueable deps ti=<TaskInstance: weather_etl_pipeline.extract scheduled__2026-04-08T02:00:00+00:00 [queued]>
[2026-04-09T11:06:40.732+0000] {taskinstance.py:2306} INFO - Starting attempt 1 of 3
[2026-04-09T11:06:40.761+0000] {taskinstance.py:2330} INFO - Executing <Task(PythonOperator): extract> on 2026-04-08 02:00:00+00:00
[2026-04-09T11:06:40.775+0000] {standard_task_runner.py:90} INFO - Running: ['airflow', 'tasks', 'run', 'weather_etl_pipeline', 'extract', 'scheduled__2026-04-08T02:00:00+00:00', '--job-id', '2', '--raw', '--subdir', 'DAGS_FOLDER/weather_etl_dag.py', '--cfg-path', '/tmp/tmpygczlxgx']
[2026-04-09T11:06:40.780+0000] {logging_mixin.py:188} WARNING - /home/airflow/.local/lib/python3.12/site-packages/airflow/task/task_runner/standard_task_runner.py:62 DeprecationWarning: This process (pid=208) is multi-threaded, use of fork() may lead to deadlocks in the child.
[2026-04-09T11:06:40.781+0000] {standard_task_runner.py:91} INFO - Job 2: Subtask extract
[2026-04-09T11:06:40.782+0000] {standard_task_runner.py:64} INFO - Started process 209 to run task
[2026-04-09T11:06:40.926+0000] {task_command.py:426} INFO - Running <TaskInstance: weather_etl_pipeline.extract scheduled__2026-04-08T02:00:00+00:00 [running]> on host bbdcd07d63cf
[2026-04-09T11:06:41.153+0000] {taskinstance.py:2648} INFO - Exporting env vars: AIRFLOW_CTX_DAG_OWNER='weather_etl' AIRFLOW_CTX_DAG_ID='weather_etl_pipeline' AIRFLOW_CTX_TASK_ID='extract' AIRFLOW_CTX_EXECUTION_DATE='2026-04-08T02:00:00+00:00' AIRFLOW_CTX_TRY_NUMBER='1' AIRFLOW_CTX_DAG_RUN_ID='scheduled__2026-04-08T02:00:00+00:00'
[2026-04-09T11:06:41.156+0000] {taskinstance.py:430} INFO - ::endgroup::
[2026-04-09T11:06:41.200+0000] {logger.py:59} INFO - ============================================================
[2026-04-09T11:06:41.203+0000] {logger.py:60} INFO - Starting Weather Extraction
[2026-04-09T11:06:41.205+0000] {logger.py:61} INFO - Execution time: 2026-04-09 11:06:41
[2026-04-09T11:06:41.208+0000] {logger.py:62} INFO - ============================================================
[2026-04-09T11:06:41.218+0000] {logging_mixin.py:188} WARNING - 2026-04-09 11:06:41 - scripts.extract - INFO - Starting extraction for cities: London, New York, Tokyo, Paris, Sydney
[2026-04-09T11:06:41.217+0000] {extract.py:126} INFO - Starting extraction for cities: London, New York, Tokyo, Paris, Sydney
[2026-04-09T11:06:41.220+0000] {logging_mixin.py:188} WARNING - 2026-04-09 11:06:41 - scripts.extract - INFO - Starting extraction for 5 cities
[2026-04-09T11:06:41.220+0000] {extract.py:96} INFO - Starting extraction for 5 cities
[2026-04-09T11:06:41.223+0000] {logging_mixin.py:188} WARNING - 2026-04-09 11:06:41 - scripts.extract - INFO - Fetching weather data for London (attempt 1/3)
[2026-04-09T11:06:41.222+0000] {extract.py:47} INFO - Fetching weather data for London (attempt 1/3)
[2026-04-09T11:06:41.487+0000] {logging_mixin.py:188} WARNING - 2026-04-09 11:06:41 - scripts.extract - INFO - Successfully fetched data for London
[2026-04-09T11:06:41.485+0000] {extract.py:53} INFO - Successfully fetched data for London
[2026-04-09T11:06:41.493+0000] {logging_mixin.py:188} WARNING - 2026-04-09 11:06:41 - scripts.extract - INFO - Fetching weather data for New York (attempt 1/3)
[2026-04-09T11:06:41.491+0000] {extract.py:47} INFO - Fetching weather data for New York (attempt 1/3)
[2026-04-09T11:06:41.638+0000] {logging_mixin.py:188} WARNING - 2026-04-09 11:06:41 - scripts.extract - INFO - Successfully fetched data for New York
[2026-04-09T11:06:41.637+0000] {extract.py:53} INFO - Successfully fetched data for New York
[2026-04-09T11:06:41.642+0000] {logging_mixin.py:188} WARNING - 2026-04-09 11:06:41 - scripts.extract - INFO - Fetching weather data for Tokyo (attempt 1/3)
[2026-04-09T11:06:41.641+0000] {extract.py:47} INFO - Fetching weather data for Tokyo (attempt 1/3)
[2026-04-09T11:06:41.797+0000] {logging_mixin.py:188} WARNING - 2026-04-09 11:06:41 - scripts.extract - INFO - Successfully fetched data for Tokyo
[2026-04-09T11:06:41.795+0000] {extract.py:53} INFO - Successfully fetched data for Tokyo
[2026-04-09T11:06:41.799+0000] {logging_mixin.py:188} WARNING - 2026-04-09 11:06:41 - scripts.extract - INFO - Fetching weather data for Paris (attempt 1/3)
[2026-04-09T11:06:41.799+0000] {extract.py:47} INFO - Fetching weather data for Paris (attempt 1/3)
[2026-04-09T11:06:41.952+0000] {logging_mixin.py:188} WARNING - 2026-04-09 11:06:41 - scripts.extract - INFO - Successfully fetched data for Paris
[2026-04-09T11:06:41.951+0000] {extract.py:53} INFO - Successfully fetched data for Paris
[2026-04-09T11:06:41.956+0000] {logging_mixin.py:188} WARNING - 2026-04-09 11:06:41 - scripts.extract - INFO - Fetching weather data for Sydney (attempt 1/3)
[2026-04-09T11:06:41.955+0000] {extract.py:47} INFO - Fetching weather data for Sydney (attempt 1/3)
[2026-04-09T11:06:42.096+0000] {logging_mixin.py:188} WARNING - 2026-04-09 11:06:42 - scripts.extract - INFO - Successfully fetched data for Sydney
[2026-04-09T11:06:42.095+0000] {extract.py:53} INFO - Successfully fetched data for Sydney
[2026-04-09T11:06:42.100+0000] {logging_mixin.py:188} WARNING - 2026-04-09 11:06:42 - scripts.extract - INFO - Extraction complete: 5 successful, 0 failed
[2026-04-09T11:06:42.099+0000] {extract.py:113} INFO - Extraction complete: 5 successful, 0 failed
[2026-04-09T11:06:42.104+0000] {logging_mixin.py:188} WARNING - 2026-04-09 11:06:42 - scripts.extract - INFO - Extracted 5 weather records
[2026-04-09T11:06:42.103+0000] {extract.py:130} INFO - Extracted 5 weather records
[2026-04-09T11:06:42.143+0000] {weather_etl_dag.py:62} INFO - Extracted 5 records
[2026-04-09T11:06:42.146+0000] {logger.py:67} INFO - ============================================================
[2026-04-09T11:06:42.148+0000] {logger.py:68} INFO - Finished Weather Extraction
[2026-04-09T11:06:42.152+0000] {logger.py:69} INFO - Status: SUCCESS
[2026-04-09T11:06:42.155+0000] {logger.py:70} INFO - Execution time: 2026-04-09 11:06:42
[2026-04-09T11:06:42.158+0000] {logger.py:71} INFO - ============================================================
[2026-04-09T11:06:42.162+0000] {python.py:237} INFO - Done. Returned value was: 5
[2026-04-09T11:06:42.163+0000] {taskinstance.py:441} INFO - ::group::Post task execution logs
[2026-04-09T11:06:42.212+0000] {taskinstance.py:1206} INFO - Marking task as SUCCESS. dag_id=weather_etl_pipeline, task_id=extract, run_id=scheduled__2026-04-08T02:00:00+00:00, execution_date=20260408T020000, start_date=20260409T110640, end_date=20260409T110642
[2026-04-09T11:06:42.251+0000] {local_task_job_runner.py:243} INFO - Task exited with return code 0
[2026-04-09T11:06:42.310+0000] {taskinstance.py:3503} INFO - 1 downstream tasks scheduled from follow-on schedule check
[2026-04-09T11:06:42.316+0000] {local_task_job_runner.py:222} INFO - ::endgroup::
