[2026-04-16T05:57:59.073+0000] {local_task_job_runner.py:120} INFO - ::group::Pre task execution logs
[2026-04-16T05:57:59.119+0000] {taskinstance.py:2076} INFO - Dependencies all met for dep_context=non-requeueable deps ti=<TaskInstance: weather_etl_pipeline_v2.load_raw manual__2026-04-16T05:57:00+00:00 [queued]>
[2026-04-16T05:57:59.130+0000] {taskinstance.py:2076} INFO - Dependencies all met for dep_context=requeueable deps ti=<TaskInstance: weather_etl_pipeline_v2.load_raw manual__2026-04-16T05:57:00+00:00 [queued]>
[2026-04-16T05:57:59.131+0000] {taskinstance.py:2306} INFO - Starting attempt 1 of 4
[2026-04-16T05:57:59.147+0000] {taskinstance.py:2330} INFO - Executing <Task(PythonOperator): load_raw> on 2026-04-16 05:57:00+00:00
[2026-04-16T05:57:59.155+0000] {logging_mixin.py:188} WARNING - /home/airflow/.local/lib/python3.12/site-packages/airflow/task/task_runner/standard_task_runner.py:62 DeprecationWarning: This process (pid=300) is multi-threaded, use of fork() may lead to deadlocks in the child.
[2026-04-16T05:57:59.157+0000] {standard_task_runner.py:64} INFO - Started process 301 to run task
[2026-04-16T05:57:59.155+0000] {standard_task_runner.py:90} INFO - Running: ['airflow', 'tasks', 'run', 'weather_etl_pipeline_v2', 'load_raw', 'manual__2026-04-16T05:57:00+00:00', '--job-id', '4', '--raw', '--subdir', 'DAGS_FOLDER/weather_etl_dag_v2.py', '--cfg-path', '/tmp/tmpcurqminh']
[2026-04-16T05:57:59.158+0000] {standard_task_runner.py:91} INFO - Job 4: Subtask load_raw
[2026-04-16T05:57:59.226+0000] {task_command.py:426} INFO - Running <TaskInstance: weather_etl_pipeline_v2.load_raw manual__2026-04-16T05:57:00+00:00 [running]> on host cf9362e38fb8
[2026-04-16T05:57:59.321+0000] {taskinstance.py:2648} INFO - Exporting env vars: AIRFLOW_CTX_DAG_OWNER='weather_etl' AIRFLOW_CTX_DAG_ID='weather_etl_pipeline_v2' AIRFLOW_CTX_TASK_ID='load_raw' AIRFLOW_CTX_EXECUTION_DATE='2026-04-16T05:57:00+00:00' AIRFLOW_CTX_TRY_NUMBER='1' AIRFLOW_CTX_DAG_RUN_ID='manual__2026-04-16T05:57:00+00:00'
[2026-04-16T05:57:59.322+0000] {taskinstance.py:430} INFO - ::endgroup::
[2026-04-16T05:57:59.337+0000] {weather_etl_dag_v2.py:144} INFO - ============================================================
[2026-04-16T05:57:59.338+0000] {weather_etl_dag_v2.py:145} INFO - TASK: LOAD_RAW — Persisting raw API responses to weather_raw
[2026-04-16T05:57:59.340+0000] {weather_etl_dag_v2.py:146} INFO - ============================================================
[2026-04-16T05:57:59.364+0000] {logging_mixin.py:188} WARNING - 2026-04-16 05:57:59 - scripts.load_raw - INFO - Starting raw data load for 5 records
[2026-04-16T05:57:59.363+0000] {load_raw.py:166} INFO - Starting raw data load for 5 records
[2026-04-16T05:57:59.373+0000] {logging_mixin.py:188} WARNING - 2026-04-16 05:57:59 - scripts.load_raw - INFO - Successfully connected to PostgreSQL database
[2026-04-16T05:57:59.372+0000] {load_raw.py:38} INFO - Successfully connected to PostgreSQL database
[2026-04-16T05:57:59.377+0000] {logging_mixin.py:188} WARNING - 2026-04-16 05:57:59 - scripts.load_raw - INFO - Table 'weather_raw' created or already exists
[2026-04-16T05:57:59.376+0000] {load_raw.py:88} INFO - Table 'weather_raw' created or already exists
[2026-04-16T05:57:59.382+0000] {logging_mixin.py:188} WARNING - 2026-04-16 05:57:59 - scripts.load_raw - ERROR - Error inserting raw record for Ahmedabad: there is no unique or exclusion constraint matching the ON CONFLICT specification
[2026-04-16T05:57:59.381+0000] {load_raw.py:149} ERROR - Error inserting raw record for Ahmedabad: there is no unique or exclusion constraint matching the ON CONFLICT specification

[2026-04-16T05:57:59.384+0000] {logging_mixin.py:188} WARNING - 2026-04-16 05:57:59 - scripts.load_raw - ERROR - Error inserting raw record for Bengaluru: current transaction is aborted, commands ignored until end of transaction block
[2026-04-16T05:57:59.383+0000] {load_raw.py:149} ERROR - Error inserting raw record for Bengaluru: current transaction is aborted, commands ignored until end of transaction block

[2026-04-16T05:57:59.386+0000] {logging_mixin.py:188} WARNING - 2026-04-16 05:57:59 - scripts.load_raw - ERROR - Error inserting raw record for Chennai: current transaction is aborted, commands ignored until end of transaction block
[2026-04-16T05:57:59.385+0000] {load_raw.py:149} ERROR - Error inserting raw record for Chennai: current transaction is aborted, commands ignored until end of transaction block

[2026-04-16T05:57:59.388+0000] {logging_mixin.py:188} WARNING - 2026-04-16 05:57:59 - scripts.load_raw - ERROR - Error inserting raw record for Delhi: current transaction is aborted, commands ignored until end of transaction block
[2026-04-16T05:57:59.388+0000] {load_raw.py:149} ERROR - Error inserting raw record for Delhi: current transaction is aborted, commands ignored until end of transaction block

[2026-04-16T05:57:59.391+0000] {logging_mixin.py:188} WARNING - 2026-04-16 05:57:59 - scripts.load_raw - ERROR - Error inserting raw record for Mumbai: current transaction is aborted, commands ignored until end of transaction block
[2026-04-16T05:57:59.390+0000] {load_raw.py:149} ERROR - Error inserting raw record for Mumbai: current transaction is aborted, commands ignored until end of transaction block

[2026-04-16T05:57:59.392+0000] {logging_mixin.py:188} WARNING - 2026-04-16 05:57:59 - scripts.load_raw - INFO - Raw data load complete: 0 inserted, 5 skipped (duplicates)
[2026-04-16T05:57:59.392+0000] {load_raw.py:194} INFO - Raw data load complete: 0 inserted, 5 skipped (duplicates)
[2026-04-16T05:57:59.394+0000] {logging_mixin.py:188} WARNING - 2026-04-16 05:57:59 - scripts.load_raw - INFO - Database connection closed
[2026-04-16T05:57:59.394+0000] {load_raw.py:53} INFO - Database connection closed
[2026-04-16T05:57:59.395+0000] {weather_etl_dag_v2.py:158} INFO - ✓ Raw load complete: 0 upserted, 5 skipped (duplicates)
[2026-04-16T05:57:59.396+0000] {python.py:237} INFO - Done. Returned value was: 0
[2026-04-16T05:57:59.397+0000] {taskinstance.py:441} INFO - ::group::Post task execution logs
[2026-04-16T05:57:59.425+0000] {taskinstance.py:1206} INFO - Marking task as SUCCESS. dag_id=weather_etl_pipeline_v2, task_id=load_raw, run_id=manual__2026-04-16T05:57:00+00:00, execution_date=20260416T055700, start_date=20260416T055759, end_date=20260416T055759
[2026-04-16T05:57:59.452+0000] {local_task_job_runner.py:243} INFO - Task exited with return code 0
[2026-04-16T05:57:59.487+0000] {taskinstance.py:3503} INFO - 1 downstream tasks scheduled from follow-on schedule check
[2026-04-16T05:57:59.489+0000] {local_task_job_runner.py:222} INFO - ::endgroup::
