[2026-04-15T06:08:29.135+0000] {local_task_job_runner.py:120} INFO - ::group::Pre task execution logs
[2026-04-15T06:08:29.178+0000] {taskinstance.py:2076} INFO - Dependencies all met for dep_context=non-requeueable deps ti=<TaskInstance: weather_etl_pipeline_v2.load_raw manual__2026-04-15T06:08:23.565014+00:00 [queued]>
[2026-04-15T06:08:29.190+0000] {taskinstance.py:2076} INFO - Dependencies all met for dep_context=requeueable deps ti=<TaskInstance: weather_etl_pipeline_v2.load_raw manual__2026-04-15T06:08:23.565014+00:00 [queued]>
[2026-04-15T06:08:29.191+0000] {taskinstance.py:2306} INFO - Starting attempt 1 of 4
[2026-04-15T06:08:29.210+0000] {taskinstance.py:2330} INFO - Executing <Task(PythonOperator): load_raw> on 2026-04-15 06:08:23.565014+00:00
[2026-04-15T06:08:29.218+0000] {standard_task_runner.py:90} INFO - Running: ['airflow', 'tasks', 'run', 'weather_etl_pipeline_v2', 'load_raw', 'manual__2026-04-15T06:08:23.565014+00:00', '--job-id', '246', '--raw', '--subdir', 'DAGS_FOLDER/weather_etl_dag_v2.py', '--cfg-path', '/tmp/tmpi1ijrtr_']
[2026-04-15T06:08:29.224+0000] {standard_task_runner.py:91} INFO - Job 246: Subtask load_raw
[2026-04-15T06:08:29.229+0000] {logging_mixin.py:188} WARNING - /home/airflow/.local/lib/python3.12/site-packages/airflow/task/task_runner/standard_task_runner.py:62 DeprecationWarning: This process (pid=616) is multi-threaded, use of fork() may lead to deadlocks in the child.
[2026-04-15T06:08:29.231+0000] {standard_task_runner.py:64} INFO - Started process 617 to run task
[2026-04-15T06:08:29.294+0000] {task_command.py:426} INFO - Running <TaskInstance: weather_etl_pipeline_v2.load_raw manual__2026-04-15T06:08:23.565014+00:00 [running]> on host 157a7326b030
[2026-04-15T06:08:29.421+0000] {taskinstance.py:2648} INFO - Exporting env vars: AIRFLOW_CTX_DAG_OWNER='weather_etl' AIRFLOW_CTX_DAG_ID='weather_etl_pipeline_v2' AIRFLOW_CTX_TASK_ID='load_raw' AIRFLOW_CTX_EXECUTION_DATE='2026-04-15T06:08:23.565014+00:00' AIRFLOW_CTX_TRY_NUMBER='1' AIRFLOW_CTX_DAG_RUN_ID='manual__2026-04-15T06:08:23.565014+00:00'
[2026-04-15T06:08:29.425+0000] {taskinstance.py:430} INFO - ::endgroup::
[2026-04-15T06:08:29.448+0000] {weather_etl_dag_v2.py:119} INFO - ============================================================
[2026-04-15T06:08:29.450+0000] {weather_etl_dag_v2.py:120} INFO - TASK: LOAD_RAW - Storing raw API responses
[2026-04-15T06:08:29.453+0000] {weather_etl_dag_v2.py:121} INFO - ============================================================
[2026-04-15T06:08:29.481+0000] {logging_mixin.py:188} WARNING - 2026-04-15 06:08:29 - scripts.load_raw - INFO - Starting raw data load for 6 records
[2026-04-15T06:08:29.479+0000] {load_raw.py:139} INFO - Starting raw data load for 6 records
[2026-04-15T06:08:29.488+0000] {logging_mixin.py:188} WARNING - 2026-04-15 06:08:29 - scripts.load_raw - INFO - Successfully connected to PostgreSQL database
[2026-04-15T06:08:29.487+0000] {load_raw.py:38} INFO - Successfully connected to PostgreSQL database
[2026-04-15T06:08:29.491+0000] {logging_mixin.py:188} WARNING - 2026-04-15 06:08:29 - scripts.load_raw - INFO - Table 'weather_raw' created or already exists
[2026-04-15T06:08:29.490+0000] {load_raw.py:78} INFO - Table 'weather_raw' created or already exists
[2026-04-15T06:08:29.501+0000] {logging_mixin.py:188} WARNING - 2026-04-15 06:08:29 - scripts.load_raw - INFO - Raw data load complete: 6 inserted, 0 skipped (duplicates)
[2026-04-15T06:08:29.500+0000] {load_raw.py:167} INFO - Raw data load complete: 6 inserted, 0 skipped (duplicates)
[2026-04-15T06:08:29.502+0000] {logging_mixin.py:188} WARNING - 2026-04-15 06:08:29 - scripts.load_raw - INFO - Database connection closed
[2026-04-15T06:08:29.502+0000] {load_raw.py:53} INFO - Database connection closed
[2026-04-15T06:08:29.503+0000] {weather_etl_dag_v2.py:134} INFO - ✓ Raw data load complete: 6 inserted, 0 skipped
[2026-04-15T06:08:29.505+0000] {python.py:237} INFO - Done. Returned value was: 6
[2026-04-15T06:08:29.505+0000] {taskinstance.py:441} INFO - ::group::Post task execution logs
[2026-04-15T06:08:29.538+0000] {taskinstance.py:1206} INFO - Marking task as SUCCESS. dag_id=weather_etl_pipeline_v2, task_id=load_raw, run_id=manual__2026-04-15T06:08:23.565014+00:00, execution_date=20260415T060823, start_date=20260415T060829, end_date=20260415T060829
[2026-04-15T06:08:29.569+0000] {local_task_job_runner.py:243} INFO - Task exited with return code 0
[2026-04-15T06:08:29.598+0000] {taskinstance.py:3503} INFO - 1 downstream tasks scheduled from follow-on schedule check
[2026-04-15T06:08:29.601+0000] {local_task_job_runner.py:222} INFO - ::endgroup::
