[2026-04-16T06:02:32.776+0000] {local_task_job_runner.py:120} INFO - ::group::Pre task execution logs
[2026-04-16T06:02:32.826+0000] {taskinstance.py:2076} INFO - Dependencies all met for dep_context=non-requeueable deps ti=<TaskInstance: weather_etl_pipeline_v2.aggregate scheduled__2026-04-15T02:00:00+00:00 [queued]>
[2026-04-16T06:02:32.842+0000] {taskinstance.py:2076} INFO - Dependencies all met for dep_context=requeueable deps ti=<TaskInstance: weather_etl_pipeline_v2.aggregate scheduled__2026-04-15T02:00:00+00:00 [queued]>
[2026-04-16T06:02:32.844+0000] {taskinstance.py:2306} INFO - Starting attempt 2 of 3
[2026-04-16T06:02:32.864+0000] {taskinstance.py:2330} INFO - Executing <Task(PythonOperator): aggregate> on 2026-04-15 02:00:00+00:00
[2026-04-16T06:02:32.876+0000] {logging_mixin.py:188} WARNING - /home/airflow/.local/lib/python3.12/site-packages/airflow/task/task_runner/standard_task_runner.py:62 DeprecationWarning: This process (pid=629) is multi-threaded, use of fork() may lead to deadlocks in the child.
[2026-04-16T06:02:32.879+0000] {standard_task_runner.py:64} INFO - Started process 630 to run task
[2026-04-16T06:02:32.876+0000] {standard_task_runner.py:90} INFO - Running: ['airflow', 'tasks', 'run', 'weather_etl_pipeline_v2', 'aggregate', 'scheduled__2026-04-15T02:00:00+00:00', '--job-id', '16', '--raw', '--subdir', 'DAGS_FOLDER/weather_etl_dag_v2.py', '--cfg-path', '/tmp/tmpy2z2i844']
[2026-04-16T06:02:32.881+0000] {standard_task_runner.py:91} INFO - Job 16: Subtask aggregate
[2026-04-16T06:02:32.972+0000] {task_command.py:426} INFO - Running <TaskInstance: weather_etl_pipeline_v2.aggregate scheduled__2026-04-15T02:00:00+00:00 [running]> on host cf9362e38fb8
[2026-04-16T06:02:33.123+0000] {taskinstance.py:2648} INFO - Exporting env vars: AIRFLOW_CTX_DAG_OWNER='weather_etl' AIRFLOW_CTX_DAG_ID='weather_etl_pipeline_v2' AIRFLOW_CTX_TASK_ID='aggregate' AIRFLOW_CTX_EXECUTION_DATE='2026-04-15T02:00:00+00:00' AIRFLOW_CTX_TRY_NUMBER='2' AIRFLOW_CTX_DAG_RUN_ID='scheduled__2026-04-15T02:00:00+00:00'
[2026-04-16T06:02:33.126+0000] {taskinstance.py:430} INFO - ::endgroup::
[2026-04-16T06:02:33.153+0000] {weather_etl_dag_v2.py:292} INFO - ============================================================
[2026-04-16T06:02:33.155+0000] {weather_etl_dag_v2.py:293} INFO - TASK: AGGREGATE — Computing city-wise daily metrics
[2026-04-16T06:02:33.157+0000] {weather_etl_dag_v2.py:294} INFO - ============================================================
[2026-04-16T06:02:33.175+0000] {logging_mixin.py:188} WARNING - 2026-04-16 06:02:33 - scripts.aggregator - INFO - WeatherAggregator: connected to PostgreSQL
[2026-04-16T06:02:33.173+0000] {aggregator.py:55} INFO - WeatherAggregator: connected to PostgreSQL
[2026-04-16T06:02:33.178+0000] {logging_mixin.py:188} WARNING - 2026-04-16 06:02:33 - scripts.aggregator - INFO - Starting aggregation for date: 2026-04-15
[2026-04-16T06:02:33.177+0000] {aggregator.py:84} INFO - Starting aggregation for date: 2026-04-15
[2026-04-16T06:02:33.190+0000] {logging_mixin.py:188} WARNING - 2026-04-16 06:02:33 - scripts.aggregator - INFO - ✓ Aggregation complete for 2026-04-15: 0 city-day rows upserted
[2026-04-16T06:02:33.188+0000] {aggregator.py:201} INFO - ✓ Aggregation complete for 2026-04-15: 0 city-day rows upserted
[2026-04-16T06:02:33.194+0000] {logging_mixin.py:188} WARNING - 2026-04-16 06:02:33 - scripts.aggregator - INFO - Daily aggregation run complete: 1 day(s), 0 city-day rows upserted
[2026-04-16T06:02:33.193+0000] {aggregator.py:247} INFO - Daily aggregation run complete: 1 day(s), 0 city-day rows upserted
[2026-04-16T06:02:33.202+0000] {logging_mixin.py:188} WARNING - 2026-04-16 06:02:33 - scripts.aggregator - INFO - WeatherAggregator: DB connection closed
[2026-04-16T06:02:33.198+0000] {aggregator.py:67} INFO - WeatherAggregator: DB connection closed
[2026-04-16T06:02:33.234+0000] {weather_etl_dag_v2.py:301} INFO - ✓ Aggregation complete: 0 city-day rows upserted for 1 day(s)
[2026-04-16T06:02:33.239+0000] {python.py:237} INFO - Done. Returned value was: 0
[2026-04-16T06:02:33.241+0000] {taskinstance.py:441} INFO - ::group::Post task execution logs
[2026-04-16T06:02:33.283+0000] {taskinstance.py:1206} INFO - Marking task as SUCCESS. dag_id=weather_etl_pipeline_v2, task_id=aggregate, run_id=scheduled__2026-04-15T02:00:00+00:00, execution_date=20260415T020000, start_date=20260416T060232, end_date=20260416T060233
[2026-04-16T06:02:33.340+0000] {local_task_job_runner.py:243} INFO - Task exited with return code 0
[2026-04-16T06:02:33.372+0000] {taskinstance.py:3503} INFO - 1 downstream tasks scheduled from follow-on schedule check
[2026-04-16T06:02:33.377+0000] {local_task_job_runner.py:222} INFO - ::endgroup::
