[2026-04-16T06:00:31.000+0000] {local_task_job_runner.py:120} INFO - ::group::Pre task execution logs
[2026-04-16T06:00:31.077+0000] {taskinstance.py:2076} INFO - Dependencies all met for dep_context=non-requeueable deps ti=<TaskInstance: weather_etl_pipeline_v2.aggregate scheduled__2026-04-15T02:00:00+00:00 [queued]>
[2026-04-16T06:00:31.097+0000] {taskinstance.py:2076} INFO - Dependencies all met for dep_context=requeueable deps ti=<TaskInstance: weather_etl_pipeline_v2.aggregate scheduled__2026-04-15T02:00:00+00:00 [queued]>
[2026-04-16T06:00:31.099+0000] {taskinstance.py:2306} INFO - Starting attempt 1 of 3
[2026-04-16T06:00:31.126+0000] {taskinstance.py:2330} INFO - Executing <Task(PythonOperator): aggregate> on 2026-04-15 02:00:00+00:00
[2026-04-16T06:00:31.134+0000] {logging_mixin.py:188} WARNING - /home/airflow/.local/lib/python3.12/site-packages/airflow/task/task_runner/standard_task_runner.py:62 DeprecationWarning: This process (pid=474) is multi-threaded, use of fork() may lead to deadlocks in the child.
[2026-04-16T06:00:31.135+0000] {standard_task_runner.py:64} INFO - Started process 475 to run task
[2026-04-16T06:00:31.134+0000] {standard_task_runner.py:90} INFO - Running: ['airflow', 'tasks', 'run', 'weather_etl_pipeline_v2', 'aggregate', 'scheduled__2026-04-15T02:00:00+00:00', '--job-id', '15', '--raw', '--subdir', 'DAGS_FOLDER/weather_etl_dag_v2.py', '--cfg-path', '/tmp/tmpljzezt3v']
[2026-04-16T06:00:31.136+0000] {standard_task_runner.py:91} INFO - Job 15: Subtask aggregate
[2026-04-16T06:00:31.213+0000] {task_command.py:426} INFO - Running <TaskInstance: weather_etl_pipeline_v2.aggregate scheduled__2026-04-15T02:00:00+00:00 [running]> on host cf9362e38fb8
[2026-04-16T06:00:31.311+0000] {taskinstance.py:2648} INFO - Exporting env vars: AIRFLOW_CTX_DAG_OWNER='weather_etl' AIRFLOW_CTX_DAG_ID='weather_etl_pipeline_v2' AIRFLOW_CTX_TASK_ID='aggregate' AIRFLOW_CTX_EXECUTION_DATE='2026-04-15T02:00:00+00:00' AIRFLOW_CTX_TRY_NUMBER='1' AIRFLOW_CTX_DAG_RUN_ID='scheduled__2026-04-15T02:00:00+00:00'
[2026-04-16T06:00:31.313+0000] {taskinstance.py:430} INFO - ::endgroup::
[2026-04-16T06:00:31.336+0000] {weather_etl_dag_v2.py:292} INFO - ============================================================
[2026-04-16T06:00:31.338+0000] {weather_etl_dag_v2.py:293} INFO - TASK: AGGREGATE — Computing city-wise daily metrics
[2026-04-16T06:00:31.339+0000] {weather_etl_dag_v2.py:294} INFO - ============================================================
[2026-04-16T06:00:31.352+0000] {logging_mixin.py:188} WARNING - 2026-04-16 06:00:31 - scripts.aggregator - INFO - WeatherAggregator: connected to PostgreSQL
[2026-04-16T06:00:31.351+0000] {aggregator.py:55} INFO - WeatherAggregator: connected to PostgreSQL
[2026-04-16T06:00:31.354+0000] {logging_mixin.py:188} WARNING - 2026-04-16 06:00:31 - scripts.aggregator - INFO - Starting aggregation for date: 2026-04-15
[2026-04-16T06:00:31.354+0000] {aggregator.py:84} INFO - Starting aggregation for date: 2026-04-15
[2026-04-16T06:00:31.380+0000] {logging_mixin.py:188} WARNING - 2026-04-16 06:00:31 - scripts.aggregator - ERROR - ✗ Aggregation failed for 2026-04-15: subquery uses ungrouped column "wc.recorded_at" from outer query
LINE 60: ...                AND  DATE(sub.recorded_at) = DATE(wc.recorde...
                                                              ^
Traceback (most recent call last):
  File "/opt/airflow/scripts/aggregator.py", line 197, in aggregate_for_date
    self.cursor.execute(upsert_query, (target_date,))
  File "/home/airflow/.local/lib/python3.12/site-packages/psycopg2/extras.py", line 236, in execute
    return super().execute(query, vars)
           ^^^^^^^^^^^^^^^^^^^^^^^^^^^^
psycopg2.errors.GroupingError: subquery uses ungrouped column "wc.recorded_at" from outer query
LINE 60: ...                AND  DATE(sub.recorded_at) = DATE(wc.recorde...
                                                              ^
[2026-04-16T06:00:31.359+0000] {aggregator.py:213} ERROR - ✗ Aggregation failed for 2026-04-15: subquery uses ungrouped column "wc.recorded_at" from outer query
LINE 60: ...                AND  DATE(sub.recorded_at) = DATE(wc.recorde...
                                                              ^
Traceback (most recent call last):
  File "/opt/airflow/scripts/aggregator.py", line 197, in aggregate_for_date
    self.cursor.execute(upsert_query, (target_date,))
  File "/home/airflow/.local/lib/python3.12/site-packages/psycopg2/extras.py", line 236, in execute
    return super().execute(query, vars)
           ^^^^^^^^^^^^^^^^^^^^^^^^^^^^
psycopg2.errors.GroupingError: subquery uses ungrouped column "wc.recorded_at" from outer query
LINE 60: ...                AND  DATE(sub.recorded_at) = DATE(wc.recorde...
                                                              ^

[2026-04-16T06:00:31.384+0000] {logging_mixin.py:188} WARNING - 2026-04-16 06:00:31 - scripts.aggregator - INFO - WeatherAggregator: DB connection closed
[2026-04-16T06:00:31.382+0000] {aggregator.py:67} INFO - WeatherAggregator: DB connection closed
[2026-04-16T06:00:31.386+0000] {weather_etl_dag_v2.py:308} ERROR - ✗ Aggregation failed: subquery uses ungrouped column "wc.recorded_at" from outer query
LINE 60: ...                AND  DATE(sub.recorded_at) = DATE(wc.recorde...
                                                              ^
Traceback (most recent call last):
  File "/opt/airflow/dags/weather_etl_dag_v2.py", line 298, in aggregate_task
    summary = aggregator.run_daily_aggregation(days_back=1)
              ^^^^^^^^^^^^^^^^^^^^^^^^^^^^^^^^^^^^^^^^^^^^^
  File "/opt/airflow/scripts/aggregator.py", line 236, in run_daily_aggregation
    result = self.aggregate_for_date(target_date)
             ^^^^^^^^^^^^^^^^^^^^^^^^^^^^^^^^^^^^
  File "/opt/airflow/scripts/aggregator.py", line 197, in aggregate_for_date
    self.cursor.execute(upsert_query, (target_date,))
  File "/home/airflow/.local/lib/python3.12/site-packages/psycopg2/extras.py", line 236, in execute
    return super().execute(query, vars)
           ^^^^^^^^^^^^^^^^^^^^^^^^^^^^
psycopg2.errors.GroupingError: subquery uses ungrouped column "wc.recorded_at" from outer query
LINE 60: ...                AND  DATE(sub.recorded_at) = DATE(wc.recorde...
                                                              ^

[2026-04-16T06:00:31.400+0000] {taskinstance.py:441} INFO - ::group::Post task execution logs
[2026-04-16T06:00:31.401+0000] {taskinstance.py:2905} ERROR - Task failed with exception
Traceback (most recent call last):
  File "/home/airflow/.local/lib/python3.12/site-packages/airflow/models/taskinstance.py", line 465, in _execute_task
    result = _execute_callable(context=context, **execute_callable_kwargs)
             ^^^^^^^^^^^^^^^^^^^^^^^^^^^^^^^^^^^^^^^^^^^^^^^^^^^^^^^^^^^^^
  File "/home/airflow/.local/lib/python3.12/site-packages/airflow/models/taskinstance.py", line 432, in _execute_callable
    return execute_callable(context=context, **execute_callable_kwargs)
           ^^^^^^^^^^^^^^^^^^^^^^^^^^^^^^^^^^^^^^^^^^^^^^^^^^^^^^^^^^^^
  File "/home/airflow/.local/lib/python3.12/site-packages/airflow/models/baseoperator.py", line 401, in wrapper
    return func(self, *args, **kwargs)
           ^^^^^^^^^^^^^^^^^^^^^^^^^^^
  File "/home/airflow/.local/lib/python3.12/site-packages/airflow/operators/python.py", line 235, in execute
    return_value = self.execute_callable()
                   ^^^^^^^^^^^^^^^^^^^^^^^
  File "/home/airflow/.local/lib/python3.12/site-packages/airflow/operators/python.py", line 252, in execute_callable
    return self.python_callable(*self.op_args, **self.op_kwargs)
           ^^^^^^^^^^^^^^^^^^^^^^^^^^^^^^^^^^^^^^^^^^^^^^^^^^^^^
  File "/opt/airflow/dags/weather_etl_dag_v2.py", line 298, in aggregate_task
    summary = aggregator.run_daily_aggregation(days_back=1)
              ^^^^^^^^^^^^^^^^^^^^^^^^^^^^^^^^^^^^^^^^^^^^^
  File "/opt/airflow/scripts/aggregator.py", line 236, in run_daily_aggregation
    result = self.aggregate_for_date(target_date)
             ^^^^^^^^^^^^^^^^^^^^^^^^^^^^^^^^^^^^
  File "/opt/airflow/scripts/aggregator.py", line 197, in aggregate_for_date
    self.cursor.execute(upsert_query, (target_date,))
  File "/home/airflow/.local/lib/python3.12/site-packages/psycopg2/extras.py", line 236, in execute
    return super().execute(query, vars)
           ^^^^^^^^^^^^^^^^^^^^^^^^^^^^
psycopg2.errors.GroupingError: subquery uses ungrouped column "wc.recorded_at" from outer query
LINE 60: ...                AND  DATE(sub.recorded_at) = DATE(wc.recorde...
                                                              ^

[2026-04-16T06:00:31.425+0000] {taskinstance.py:1206} INFO - Marking task as UP_FOR_RETRY. dag_id=weather_etl_pipeline_v2, task_id=aggregate, run_id=scheduled__2026-04-15T02:00:00+00:00, execution_date=20260415T020000, start_date=20260416T060031, end_date=20260416T060031
[2026-04-16T06:00:31.442+0000] {standard_task_runner.py:110} ERROR - Failed to execute job 15 for task aggregate (subquery uses ungrouped column "wc.recorded_at" from outer query
LINE 60: ...                AND  DATE(sub.recorded_at) = DATE(wc.recorde...
                                                              ^
; 475)
[2026-04-16T06:00:31.472+0000] {local_task_job_runner.py:243} INFO - Task exited with return code 1
[2026-04-16T06:00:31.504+0000] {taskinstance.py:3503} INFO - 0 downstream tasks scheduled from follow-on schedule check
[2026-04-16T06:00:31.506+0000] {local_task_job_runner.py:222} INFO - ::endgroup::
