[2026-04-16T06:41:28.797+0000] {local_task_job_runner.py:120} INFO - ::group::Pre task execution logs
[2026-04-16T06:41:28.847+0000] {taskinstance.py:2076} INFO - Dependencies all met for dep_context=non-requeueable deps ti=<TaskInstance: weather_etl_pipeline_v2.transform_clean manual__2026-04-16T06:41:22.965731+00:00 [queued]>
[2026-04-16T06:41:28.862+0000] {taskinstance.py:2076} INFO - Dependencies all met for dep_context=requeueable deps ti=<TaskInstance: weather_etl_pipeline_v2.transform_clean manual__2026-04-16T06:41:22.965731+00:00 [queued]>
[2026-04-16T06:41:28.863+0000] {taskinstance.py:2306} INFO - Starting attempt 1 of 3
[2026-04-16T06:41:28.884+0000] {taskinstance.py:2330} INFO - Executing <Task(PythonOperator): transform_clean> on 2026-04-16 06:41:22.965731+00:00
[2026-04-16T06:41:28.901+0000] {logging_mixin.py:188} WARNING - /home/airflow/.local/lib/python3.12/site-packages/airflow/task/task_runner/standard_task_runner.py:62 DeprecationWarning: This process (pid=1978) is multi-threaded, use of fork() may lead to deadlocks in the child.
[2026-04-16T06:41:28.899+0000] {standard_task_runner.py:90} INFO - Running: ['airflow', 'tasks', 'run', 'weather_etl_pipeline_v2', 'transform_clean', 'manual__2026-04-16T06:41:22.965731+00:00', '--job-id', '56', '--raw', '--subdir', 'DAGS_FOLDER/weather_etl_dag_v2.py', '--cfg-path', '/tmp/tmpj7d_gd__']
[2026-04-16T06:41:28.904+0000] {standard_task_runner.py:64} INFO - Started process 1979 to run task
[2026-04-16T06:41:28.904+0000] {standard_task_runner.py:91} INFO - Job 56: Subtask transform_clean
[2026-04-16T06:41:28.989+0000] {task_command.py:426} INFO - Running <TaskInstance: weather_etl_pipeline_v2.transform_clean manual__2026-04-16T06:41:22.965731+00:00 [running]> on host cf9362e38fb8
[2026-04-16T06:41:29.126+0000] {taskinstance.py:2648} INFO - Exporting env vars: AIRFLOW_CTX_DAG_OWNER='weather_etl' AIRFLOW_CTX_DAG_ID='weather_etl_pipeline_v2' AIRFLOW_CTX_TASK_ID='transform_clean' AIRFLOW_CTX_EXECUTION_DATE='2026-04-16T06:41:22.965731+00:00' AIRFLOW_CTX_TRY_NUMBER='1' AIRFLOW_CTX_DAG_RUN_ID='manual__2026-04-16T06:41:22.965731+00:00'
[2026-04-16T06:41:29.127+0000] {taskinstance.py:430} INFO - ::endgroup::
[2026-04-16T06:41:29.149+0000] {weather_etl_dag_v2.py:184} INFO - ============================================================
[2026-04-16T06:41:29.153+0000] {weather_etl_dag_v2.py:185} INFO - TASK: TRANSFORM_CLEAN — Transform & load validated data
[2026-04-16T06:41:29.155+0000] {weather_etl_dag_v2.py:186} INFO - ============================================================
[2026-04-16T06:41:29.183+0000] {logging_mixin.py:188} WARNING - 2026-04-16 06:41:29 - scripts.load_raw - INFO - Successfully connected to PostgreSQL database
[2026-04-16T06:41:29.182+0000] {load_raw.py:38} INFO - Successfully connected to PostgreSQL database
[2026-04-16T06:41:29.192+0000] {logging_mixin.py:188} WARNING - 2026-04-16 06:41:29 - scripts.load_raw - INFO - Retrieved 47 unprocessed raw records (active only)
[2026-04-16T06:41:29.191+0000] {load_raw.py:232} INFO - Retrieved 47 unprocessed raw records (active only)
[2026-04-16T06:41:29.194+0000] {logging_mixin.py:188} WARNING - 2026-04-16 06:41:29 - scripts.load_raw - INFO - Database connection closed
[2026-04-16T06:41:29.194+0000] {load_raw.py:53} INFO - Database connection closed
[2026-04-16T06:41:29.198+0000] {logging_mixin.py:188} WARNING - 2026-04-16 06:41:29 - scripts.load_clean - INFO - Starting transformation and load for 47 raw records
[2026-04-16T06:41:29.197+0000] {load_clean.py:210} INFO - Starting transformation and load for 47 raw records
[2026-04-16T06:41:29.209+0000] {logging_mixin.py:188} WARNING - 2026-04-16 06:41:29 - scripts.load_clean - INFO - Successfully connected to PostgreSQL database
[2026-04-16T06:41:29.208+0000] {load_clean.py:41} INFO - Successfully connected to PostgreSQL database
[2026-04-16T06:41:29.215+0000] {logging_mixin.py:188} WARNING - 2026-04-16 06:41:29 - scripts.load_clean - INFO - Table 'weather_clean' created or already exists
[2026-04-16T06:41:29.214+0000] {load_clean.py:109} INFO - Table 'weather_clean' created or already exists
[2026-04-16T06:41:29.285+0000] {logging_mixin.py:188} WARNING - 2026-04-16 06:41:29 - scripts.load_clean - INFO - Marked 47 raw records as processed
[2026-04-16T06:41:29.284+0000] {load_clean.py:293} INFO - Marked 47 raw records as processed
[2026-04-16T06:41:29.287+0000] {logging_mixin.py:188} WARNING - 2026-04-16 06:41:29 - scripts.load_clean - INFO - Clean data load complete: 47 transformed, 47 validated, 47 loaded, 0 failed
[2026-04-16T06:41:29.286+0000] {load_clean.py:265} INFO - Clean data load complete: 47 transformed, 47 validated, 47 loaded, 0 failed
[2026-04-16T06:41:29.290+0000] {logging_mixin.py:188} WARNING - 2026-04-16 06:41:29 - scripts.load_clean - INFO - Database connection closed
[2026-04-16T06:41:29.289+0000] {load_clean.py:56} INFO - Database connection closed
[2026-04-16T06:41:29.315+0000] {weather_etl_dag_v2.py:200} INFO - ✓ Transform complete: 47 loaded, 0 failed (will be checked in quality_check)
[2026-04-16T06:41:29.319+0000] {python.py:237} INFO - Done. Returned value was: 47
[2026-04-16T06:41:29.321+0000] {taskinstance.py:441} INFO - ::group::Post task execution logs
[2026-04-16T06:41:29.355+0000] {taskinstance.py:1206} INFO - Marking task as SUCCESS. dag_id=weather_etl_pipeline_v2, task_id=transform_clean, run_id=manual__2026-04-16T06:41:22.965731+00:00, execution_date=20260416T064122, start_date=20260416T064128, end_date=20260416T064129
[2026-04-16T06:41:29.402+0000] {local_task_job_runner.py:243} INFO - Task exited with return code 0
[2026-04-16T06:41:29.448+0000] {taskinstance.py:3503} INFO - 1 downstream tasks scheduled from follow-on schedule check
[2026-04-16T06:41:29.451+0000] {local_task_job_runner.py:222} INFO - ::endgroup::
