[2026-04-13T06:31:33.714+0000] {local_task_job_runner.py:120} INFO - ::group::Pre task execution logs
[2026-04-13T06:31:33.754+0000] {taskinstance.py:2076} INFO - Dependencies all met for dep_context=non-requeueable deps ti=<TaskInstance: weather_etl_pipeline_v2.update_metadata_success scheduled__2026-04-11T02:00:00+00:00 [queued]>
[2026-04-13T06:31:33.768+0000] {taskinstance.py:2076} INFO - Dependencies all met for dep_context=requeueable deps ti=<TaskInstance: weather_etl_pipeline_v2.update_metadata_success scheduled__2026-04-11T02:00:00+00:00 [queued]>
[2026-04-13T06:31:33.770+0000] {taskinstance.py:2306} INFO - Starting attempt 1 of 4
[2026-04-13T06:31:33.785+0000] {taskinstance.py:2330} INFO - Executing <Task(PythonOperator): update_metadata_success> on 2026-04-11 02:00:00+00:00
[2026-04-13T06:31:33.795+0000] {logging_mixin.py:188} WARNING - /home/airflow/.local/lib/python3.12/site-packages/airflow/task/task_runner/standard_task_runner.py:62 DeprecationWarning: This process (pid=199) is multi-threaded, use of fork() may lead to deadlocks in the child.
[2026-04-13T06:31:33.793+0000] {standard_task_runner.py:90} INFO - Running: ['airflow', 'tasks', 'run', 'weather_etl_pipeline_v2', 'update_metadata_success', 'scheduled__2026-04-11T02:00:00+00:00', '--job-id', '153', '--raw', '--subdir', 'DAGS_FOLDER/weather_etl_dag_v2.py', '--cfg-path', '/tmp/tmprz0ulesg']
[2026-04-13T06:31:33.797+0000] {standard_task_runner.py:64} INFO - Started process 200 to run task
[2026-04-13T06:31:33.797+0000] {standard_task_runner.py:91} INFO - Job 153: Subtask update_metadata_success
[2026-04-13T06:31:33.858+0000] {task_command.py:426} INFO - Running <TaskInstance: weather_etl_pipeline_v2.update_metadata_success scheduled__2026-04-11T02:00:00+00:00 [running]> on host 9514c60f7b76
[2026-04-13T06:31:33.966+0000] {taskinstance.py:2648} INFO - Exporting env vars: AIRFLOW_CTX_DAG_OWNER='weather_etl' AIRFLOW_CTX_DAG_ID='weather_etl_pipeline_v2' AIRFLOW_CTX_TASK_ID='update_metadata_success' AIRFLOW_CTX_EXECUTION_DATE='2026-04-11T02:00:00+00:00' AIRFLOW_CTX_TRY_NUMBER='1' AIRFLOW_CTX_DAG_RUN_ID='scheduled__2026-04-11T02:00:00+00:00'
[2026-04-13T06:31:33.968+0000] {taskinstance.py:430} INFO - ::endgroup::
[2026-04-13T06:31:33.982+0000] {weather_etl_dag_v2.py:229} INFO - ============================================================
[2026-04-13T06:31:33.984+0000] {weather_etl_dag_v2.py:230} INFO - TASK: UPDATE_METADATA_SUCCESS - Recording successful run
[2026-04-13T06:31:33.987+0000] {weather_etl_dag_v2.py:231} INFO - ============================================================
[2026-04-13T06:31:34.054+0000] {logging_mixin.py:188} WARNING - 2026-04-13 06:31:34 - scripts.metadata_manager - INFO - Successfully connected to PostgreSQL database
[2026-04-13T06:31:34.051+0000] {metadata_manager.py:38} INFO - Successfully connected to PostgreSQL database
[2026-04-13T06:31:35.068+0000] {logging_mixin.py:188} WARNING - 2026-04-13 06:31:35 - scripts.metadata_manager - INFO - Table 'pipeline_metadata' created or already exists
[2026-04-13T06:31:35.066+0000] {metadata_manager.py:92} INFO - Table 'pipeline_metadata' created or already exists
[2026-04-13T06:31:35.082+0000] {logging_mixin.py:188} WARNING - 2026-04-13 06:31:35 - scripts.metadata_manager - INFO - Pipeline weather_etl_pipeline_v2 marked as SUCCESS: 5 processed, 0 inserted, 49 failed
[2026-04-13T06:31:35.080+0000] {metadata_manager.py:241} INFO - Pipeline weather_etl_pipeline_v2 marked as SUCCESS: 5 processed, 0 inserted, 49 failed
[2026-04-13T06:31:35.087+0000] {logging_mixin.py:188} WARNING - 2026-04-13 06:31:35 - scripts.metadata_manager - INFO - Database connection closed
[2026-04-13T06:31:35.086+0000] {metadata_manager.py:53} INFO - Database connection closed
[2026-04-13T06:31:35.090+0000] {weather_etl_dag_v2.py:253} INFO - ✓ Metadata updated: Pipeline marked as SUCCESS
[2026-04-13T06:31:35.094+0000] {weather_etl_dag_v2.py:254} INFO -   - Records processed: 5
[2026-04-13T06:31:35.097+0000] {weather_etl_dag_v2.py:255} INFO -   - Records inserted: 0
[2026-04-13T06:31:35.099+0000] {weather_etl_dag_v2.py:256} INFO -   - Validation rate: 100.0%
[2026-04-13T06:31:35.102+0000] {python.py:237} INFO - Done. Returned value was: True
[2026-04-13T06:31:35.104+0000] {taskinstance.py:441} INFO - ::group::Post task execution logs
[2026-04-13T06:31:35.165+0000] {taskinstance.py:1206} INFO - Marking task as SUCCESS. dag_id=weather_etl_pipeline_v2, task_id=update_metadata_success, run_id=scheduled__2026-04-11T02:00:00+00:00, execution_date=20260411T020000, start_date=20260413T063133, end_date=20260413T063135
[2026-04-13T06:31:35.220+0000] {local_task_job_runner.py:243} INFO - Task exited with return code 0
[2026-04-13T06:31:35.251+0000] {taskinstance.py:3503} INFO - 0 downstream tasks scheduled from follow-on schedule check
[2026-04-13T06:31:35.254+0000] {local_task_job_runner.py:222} INFO - ::endgroup::
