[2026-04-13T08:18:58.051+0000] {local_task_job_runner.py:120} INFO - ::group::Pre task execution logs
[2026-04-13T08:18:58.117+0000] {taskinstance.py:2076} INFO - Dependencies all met for dep_context=non-requeueable deps ti=<TaskInstance: weather_etl_pipeline_v2.transform_clean manual__2026-04-13T08:18:50+00:00 [queued]>
[2026-04-13T08:18:58.140+0000] {taskinstance.py:2076} INFO - Dependencies all met for dep_context=requeueable deps ti=<TaskInstance: weather_etl_pipeline_v2.transform_clean manual__2026-04-13T08:18:50+00:00 [queued]>
[2026-04-13T08:18:58.144+0000] {taskinstance.py:2306} INFO - Starting attempt 1 of 4
[2026-04-13T08:18:58.190+0000] {taskinstance.py:2330} INFO - Executing <Task(PythonOperator): transform_clean> on 2026-04-13 08:18:50+00:00
[2026-04-13T08:18:58.212+0000] {standard_task_runner.py:90} INFO - Running: ['airflow', 'tasks', 'run', 'weather_etl_pipeline_v2', 'transform_clean', 'manual__2026-04-13T08:18:50+00:00', '--job-id', '198', '--raw', '--subdir', 'DAGS_FOLDER/weather_etl_dag_v2.py', '--cfg-path', '/tmp/tmpmho5og8y']
[2026-04-13T08:18:58.220+0000] {standard_task_runner.py:91} INFO - Job 198: Subtask transform_clean
[2026-04-13T08:18:58.221+0000] {logging_mixin.py:188} WARNING - /home/airflow/.local/lib/python3.12/site-packages/airflow/task/task_runner/standard_task_runner.py:62 DeprecationWarning: This process (pid=761) is multi-threaded, use of fork() may lead to deadlocks in the child.
[2026-04-13T08:18:58.223+0000] {standard_task_runner.py:64} INFO - Started process 762 to run task
[2026-04-13T08:18:58.298+0000] {task_command.py:426} INFO - Running <TaskInstance: weather_etl_pipeline_v2.transform_clean manual__2026-04-13T08:18:50+00:00 [running]> on host 0e50340581e5
[2026-04-13T08:18:58.419+0000] {taskinstance.py:2648} INFO - Exporting env vars: AIRFLOW_CTX_DAG_OWNER='weather_etl' AIRFLOW_CTX_DAG_ID='weather_etl_pipeline_v2' AIRFLOW_CTX_TASK_ID='transform_clean' AIRFLOW_CTX_EXECUTION_DATE='2026-04-13T08:18:50+00:00' AIRFLOW_CTX_TRY_NUMBER='1' AIRFLOW_CTX_DAG_RUN_ID='manual__2026-04-13T08:18:50+00:00'
[2026-04-13T08:18:58.421+0000] {taskinstance.py:430} INFO - ::endgroup::
[2026-04-13T08:18:58.441+0000] {weather_etl_dag_v2.py:148} INFO - ============================================================
[2026-04-13T08:18:58.443+0000] {weather_etl_dag_v2.py:149} INFO - TASK: TRANSFORM_CLEAN - Transform and load clean data
[2026-04-13T08:18:58.445+0000] {weather_etl_dag_v2.py:150} INFO - ============================================================
[2026-04-13T08:18:58.476+0000] {logging_mixin.py:188} WARNING - 2026-04-13 08:18:58 - scripts.load_raw - INFO - Successfully connected to PostgreSQL database
[2026-04-13T08:18:58.474+0000] {load_raw.py:38} INFO - Successfully connected to PostgreSQL database
[2026-04-13T08:18:58.489+0000] {logging_mixin.py:188} WARNING - 2026-04-13 08:18:58 - scripts.load_raw - INFO - Retrieved 88 unprocessed raw records
[2026-04-13T08:18:58.487+0000] {load_raw.py:206} INFO - Retrieved 88 unprocessed raw records
[2026-04-13T08:18:58.493+0000] {logging_mixin.py:188} WARNING - 2026-04-13 08:18:58 - scripts.load_raw - INFO - Database connection closed
[2026-04-13T08:18:58.492+0000] {load_raw.py:53} INFO - Database connection closed
[2026-04-13T08:18:58.498+0000] {logging_mixin.py:188} WARNING - 2026-04-13 08:18:58 - scripts.load_clean - INFO - Starting transformation and load for 88 raw records
[2026-04-13T08:18:58.496+0000] {load_clean.py:169} INFO - Starting transformation and load for 88 raw records
[2026-04-13T08:18:58.509+0000] {logging_mixin.py:188} WARNING - 2026-04-13 08:18:58 - scripts.load_clean - INFO - Successfully connected to PostgreSQL database
[2026-04-13T08:18:58.508+0000] {load_clean.py:41} INFO - Successfully connected to PostgreSQL database
[2026-04-13T08:18:58.517+0000] {logging_mixin.py:188} WARNING - 2026-04-13 08:18:58 - scripts.load_clean - INFO - Table 'weather_clean' created or already exists
[2026-04-13T08:18:58.516+0000] {load_clean.py:91} INFO - Table 'weather_clean' created or already exists
[2026-04-13T08:18:58.527+0000] {logging_mixin.py:188} WARNING - 2026-04-13 08:18:58 - scripts.load_clean - INFO - Inserted new record for Ahmedabad (deleted old records first)
[2026-04-13T08:18:58.526+0000] {load_clean.py:149} INFO - Inserted new record for Ahmedabad (deleted old records first)
[2026-04-13T08:18:58.534+0000] {logging_mixin.py:188} WARNING - 2026-04-13 08:18:58 - scripts.load_clean - INFO - Inserted new record for Mumbai (deleted old records first)
[2026-04-13T08:18:58.533+0000] {load_clean.py:149} INFO - Inserted new record for Mumbai (deleted old records first)
[2026-04-13T08:18:58.540+0000] {logging_mixin.py:188} WARNING - 2026-04-13 08:18:58 - scripts.load_clean - INFO - Inserted new record for Delhi (deleted old records first)
[2026-04-13T08:18:58.539+0000] {load_clean.py:149} INFO - Inserted new record for Delhi (deleted old records first)
[2026-04-13T08:18:58.547+0000] {logging_mixin.py:188} WARNING - 2026-04-13 08:18:58 - scripts.load_clean - INFO - Inserted new record for Bengaluru (deleted old records first)
[2026-04-13T08:18:58.546+0000] {load_clean.py:149} INFO - Inserted new record for Bengaluru (deleted old records first)
[2026-04-13T08:18:58.553+0000] {logging_mixin.py:188} WARNING - 2026-04-13 08:18:58 - scripts.load_clean - INFO - Inserted new record for Chennai (deleted old records first)
[2026-04-13T08:18:58.552+0000] {load_clean.py:149} INFO - Inserted new record for Chennai (deleted old records first)
[2026-04-13T08:18:58.560+0000] {logging_mixin.py:188} WARNING - 2026-04-13 08:18:58 - scripts.load_clean - INFO - Inserted new record for Ahmedabad (deleted old records first)
[2026-04-13T08:18:58.559+0000] {load_clean.py:149} INFO - Inserted new record for Ahmedabad (deleted old records first)
[2026-04-13T08:18:58.566+0000] {logging_mixin.py:188} WARNING - 2026-04-13 08:18:58 - scripts.load_clean - INFO - Inserted new record for Mumbai (deleted old records first)
[2026-04-13T08:18:58.565+0000] {load_clean.py:149} INFO - Inserted new record for Mumbai (deleted old records first)
[2026-04-13T08:18:58.572+0000] {logging_mixin.py:188} WARNING - 2026-04-13 08:18:58 - scripts.load_clean - INFO - Inserted new record for Delhi (deleted old records first)
[2026-04-13T08:18:58.571+0000] {load_clean.py:149} INFO - Inserted new record for Delhi (deleted old records first)
[2026-04-13T08:18:58.578+0000] {logging_mixin.py:188} WARNING - 2026-04-13 08:18:58 - scripts.load_clean - INFO - Inserted new record for Bengaluru (deleted old records first)
[2026-04-13T08:18:58.577+0000] {load_clean.py:149} INFO - Inserted new record for Bengaluru (deleted old records first)
[2026-04-13T08:18:58.584+0000] {logging_mixin.py:188} WARNING - 2026-04-13 08:18:58 - scripts.load_clean - INFO - Inserted new record for Chennai (deleted old records first)
[2026-04-13T08:18:58.583+0000] {load_clean.py:149} INFO - Inserted new record for Chennai (deleted old records first)
[2026-04-13T08:18:58.589+0000] {logging_mixin.py:188} WARNING - 2026-04-13 08:18:58 - scripts.load_clean - INFO - Inserted new record for Ahmedabad (deleted old records first)
[2026-04-13T08:18:58.588+0000] {load_clean.py:149} INFO - Inserted new record for Ahmedabad (deleted old records first)
[2026-04-13T08:18:58.595+0000] {logging_mixin.py:188} WARNING - 2026-04-13 08:18:58 - scripts.load_clean - INFO - Inserted new record for Mumbai (deleted old records first)
[2026-04-13T08:18:58.594+0000] {load_clean.py:149} INFO - Inserted new record for Mumbai (deleted old records first)
[2026-04-13T08:18:58.601+0000] {logging_mixin.py:188} WARNING - 2026-04-13 08:18:58 - scripts.load_clean - INFO - Inserted new record for Delhi (deleted old records first)
[2026-04-13T08:18:58.599+0000] {load_clean.py:149} INFO - Inserted new record for Delhi (deleted old records first)
[2026-04-13T08:18:58.606+0000] {logging_mixin.py:188} WARNING - 2026-04-13 08:18:58 - scripts.load_clean - INFO - Inserted new record for Bengaluru (deleted old records first)
[2026-04-13T08:18:58.605+0000] {load_clean.py:149} INFO - Inserted new record for Bengaluru (deleted old records first)
[2026-04-13T08:18:58.612+0000] {logging_mixin.py:188} WARNING - 2026-04-13 08:18:58 - scripts.load_clean - INFO - Inserted new record for Chennai (deleted old records first)
[2026-04-13T08:18:58.611+0000] {load_clean.py:149} INFO - Inserted new record for Chennai (deleted old records first)
[2026-04-13T08:18:58.618+0000] {logging_mixin.py:188} WARNING - 2026-04-13 08:18:58 - scripts.load_clean - INFO - Inserted new record for Ahmedabad (deleted old records first)
[2026-04-13T08:18:58.617+0000] {load_clean.py:149} INFO - Inserted new record for Ahmedabad (deleted old records first)
[2026-04-13T08:18:58.626+0000] {logging_mixin.py:188} WARNING - 2026-04-13 08:18:58 - scripts.load_clean - INFO - Inserted new record for Mumbai (deleted old records first)
[2026-04-13T08:18:58.625+0000] {load_clean.py:149} INFO - Inserted new record for Mumbai (deleted old records first)
[2026-04-13T08:18:58.633+0000] {logging_mixin.py:188} WARNING - 2026-04-13 08:18:58 - scripts.load_clean - INFO - Inserted new record for Delhi (deleted old records first)
[2026-04-13T08:18:58.631+0000] {load_clean.py:149} INFO - Inserted new record for Delhi (deleted old records first)
[2026-04-13T08:18:58.646+0000] {logging_mixin.py:188} WARNING - 2026-04-13 08:18:58 - scripts.load_clean - INFO - Inserted new record for Bengaluru (deleted old records first)
[2026-04-13T08:18:58.644+0000] {load_clean.py:149} INFO - Inserted new record for Bengaluru (deleted old records first)
[2026-04-13T08:18:58.654+0000] {logging_mixin.py:188} WARNING - 2026-04-13 08:18:58 - scripts.load_clean - INFO - Inserted new record for Chennai (deleted old records first)
[2026-04-13T08:18:58.652+0000] {load_clean.py:149} INFO - Inserted new record for Chennai (deleted old records first)
[2026-04-13T08:18:58.662+0000] {logging_mixin.py:188} WARNING - 2026-04-13 08:18:58 - scripts.load_clean - INFO - Inserted new record for Ahmedabad (deleted old records first)
[2026-04-13T08:18:58.661+0000] {load_clean.py:149} INFO - Inserted new record for Ahmedabad (deleted old records first)
[2026-04-13T08:18:58.672+0000] {logging_mixin.py:188} WARNING - 2026-04-13 08:18:58 - scripts.load_clean - INFO - Inserted new record for Mumbai (deleted old records first)
[2026-04-13T08:18:58.668+0000] {load_clean.py:149} INFO - Inserted new record for Mumbai (deleted old records first)
[2026-04-13T08:18:58.679+0000] {logging_mixin.py:188} WARNING - 2026-04-13 08:18:58 - scripts.load_clean - INFO - Inserted new record for Delhi (deleted old records first)
[2026-04-13T08:18:58.678+0000] {load_clean.py:149} INFO - Inserted new record for Delhi (deleted old records first)
[2026-04-13T08:18:58.690+0000] {logging_mixin.py:188} WARNING - 2026-04-13 08:18:58 - scripts.load_clean - INFO - Inserted new record for Bengaluru (deleted old records first)
[2026-04-13T08:18:58.687+0000] {load_clean.py:149} INFO - Inserted new record for Bengaluru (deleted old records first)
[2026-04-13T08:18:58.697+0000] {logging_mixin.py:188} WARNING - 2026-04-13 08:18:58 - scripts.load_clean - INFO - Inserted new record for Chennai (deleted old records first)
[2026-04-13T08:18:58.696+0000] {load_clean.py:149} INFO - Inserted new record for Chennai (deleted old records first)
[2026-04-13T08:18:58.707+0000] {logging_mixin.py:188} WARNING - 2026-04-13 08:18:58 - scripts.load_clean - INFO - Inserted new record for Ahmedabad (deleted old records first)
[2026-04-13T08:18:58.705+0000] {load_clean.py:149} INFO - Inserted new record for Ahmedabad (deleted old records first)
[2026-04-13T08:18:58.714+0000] {logging_mixin.py:188} WARNING - 2026-04-13 08:18:58 - scripts.load_clean - INFO - Inserted new record for Mumbai (deleted old records first)
[2026-04-13T08:18:58.712+0000] {load_clean.py:149} INFO - Inserted new record for Mumbai (deleted old records first)
[2026-04-13T08:18:58.720+0000] {logging_mixin.py:188} WARNING - 2026-04-13 08:18:58 - scripts.load_clean - INFO - Inserted new record for Delhi (deleted old records first)
[2026-04-13T08:18:58.719+0000] {load_clean.py:149} INFO - Inserted new record for Delhi (deleted old records first)
[2026-04-13T08:18:58.727+0000] {logging_mixin.py:188} WARNING - 2026-04-13 08:18:58 - scripts.load_clean - INFO - Inserted new record for Bengaluru (deleted old records first)
[2026-04-13T08:18:58.725+0000] {load_clean.py:149} INFO - Inserted new record for Bengaluru (deleted old records first)
[2026-04-13T08:18:58.735+0000] {logging_mixin.py:188} WARNING - 2026-04-13 08:18:58 - scripts.load_clean - INFO - Inserted new record for Chennai (deleted old records first)
[2026-04-13T08:18:58.733+0000] {load_clean.py:149} INFO - Inserted new record for Chennai (deleted old records first)
[2026-04-13T08:18:58.743+0000] {logging_mixin.py:188} WARNING - 2026-04-13 08:18:58 - scripts.load_clean - INFO - Inserted new record for Ahmedabad (deleted old records first)
[2026-04-13T08:18:58.742+0000] {load_clean.py:149} INFO - Inserted new record for Ahmedabad (deleted old records first)
[2026-04-13T08:18:58.749+0000] {logging_mixin.py:188} WARNING - 2026-04-13 08:18:58 - scripts.load_clean - INFO - Inserted new record for Mumbai (deleted old records first)
[2026-04-13T08:18:58.748+0000] {load_clean.py:149} INFO - Inserted new record for Mumbai (deleted old records first)
[2026-04-13T08:18:58.753+0000] {logging_mixin.py:188} WARNING - 2026-04-13 08:18:58 - scripts.load_clean - INFO - Inserted new record for Delhi (deleted old records first)
[2026-04-13T08:18:58.752+0000] {load_clean.py:149} INFO - Inserted new record for Delhi (deleted old records first)
[2026-04-13T08:18:58.759+0000] {logging_mixin.py:188} WARNING - 2026-04-13 08:18:58 - scripts.load_clean - INFO - Inserted new record for Bengaluru (deleted old records first)
[2026-04-13T08:18:58.758+0000] {load_clean.py:149} INFO - Inserted new record for Bengaluru (deleted old records first)
[2026-04-13T08:18:58.763+0000] {logging_mixin.py:188} WARNING - 2026-04-13 08:18:58 - scripts.load_clean - INFO - Inserted new record for Chennai (deleted old records first)
[2026-04-13T08:18:58.762+0000] {load_clean.py:149} INFO - Inserted new record for Chennai (deleted old records first)
[2026-04-13T08:18:58.766+0000] {logging_mixin.py:188} WARNING - 2026-04-13 08:18:58 - scripts.load_clean - INFO - Inserted new record for Ahmedabad (deleted old records first)
[2026-04-13T08:18:58.766+0000] {load_clean.py:149} INFO - Inserted new record for Ahmedabad (deleted old records first)
[2026-04-13T08:18:58.771+0000] {logging_mixin.py:188} WARNING - 2026-04-13 08:18:58 - scripts.load_clean - INFO - Inserted new record for Mumbai (deleted old records first)
[2026-04-13T08:18:58.770+0000] {load_clean.py:149} INFO - Inserted new record for Mumbai (deleted old records first)
[2026-04-13T08:18:58.776+0000] {logging_mixin.py:188} WARNING - 2026-04-13 08:18:58 - scripts.load_clean - INFO - Inserted new record for Delhi (deleted old records first)
[2026-04-13T08:18:58.775+0000] {load_clean.py:149} INFO - Inserted new record for Delhi (deleted old records first)
[2026-04-13T08:18:58.777+0000] {logging_mixin.py:188} WARNING - 2026-04-13 08:18:58 - scripts.load_clean - INFO - Inserted new record for Bengaluru (deleted old records first)
[2026-04-13T08:18:58.777+0000] {load_clean.py:149} INFO - Inserted new record for Bengaluru (deleted old records first)
[2026-04-13T08:18:58.781+0000] {logging_mixin.py:188} WARNING - 2026-04-13 08:18:58 - scripts.load_clean - INFO - Inserted new record for Chennai (deleted old records first)
[2026-04-13T08:18:58.780+0000] {load_clean.py:149} INFO - Inserted new record for Chennai (deleted old records first)
[2026-04-13T08:18:58.785+0000] {logging_mixin.py:188} WARNING - 2026-04-13 08:18:58 - scripts.load_clean - INFO - Inserted new record for Ahmedabad (deleted old records first)
[2026-04-13T08:18:58.784+0000] {load_clean.py:149} INFO - Inserted new record for Ahmedabad (deleted old records first)
[2026-04-13T08:18:58.789+0000] {logging_mixin.py:188} WARNING - 2026-04-13 08:18:58 - scripts.load_clean - INFO - Inserted new record for Ahmedabad (deleted old records first)
[2026-04-13T08:18:58.788+0000] {load_clean.py:149} INFO - Inserted new record for Ahmedabad (deleted old records first)
[2026-04-13T08:18:58.793+0000] {logging_mixin.py:188} WARNING - 2026-04-13 08:18:58 - scripts.load_clean - INFO - Inserted new record for Mumbai (deleted old records first)
[2026-04-13T08:18:58.792+0000] {load_clean.py:149} INFO - Inserted new record for Mumbai (deleted old records first)
[2026-04-13T08:18:58.796+0000] {logging_mixin.py:188} WARNING - 2026-04-13 08:18:58 - scripts.load_clean - INFO - Inserted new record for Delhi (deleted old records first)
[2026-04-13T08:18:58.796+0000] {load_clean.py:149} INFO - Inserted new record for Delhi (deleted old records first)
[2026-04-13T08:18:58.800+0000] {logging_mixin.py:188} WARNING - 2026-04-13 08:18:58 - scripts.load_clean - INFO - Inserted new record for Bengaluru (deleted old records first)
[2026-04-13T08:18:58.799+0000] {load_clean.py:149} INFO - Inserted new record for Bengaluru (deleted old records first)
[2026-04-13T08:18:58.804+0000] {logging_mixin.py:188} WARNING - 2026-04-13 08:18:58 - scripts.load_clean - INFO - Inserted new record for Chennai (deleted old records first)
[2026-04-13T08:18:58.804+0000] {load_clean.py:149} INFO - Inserted new record for Chennai (deleted old records first)
[2026-04-13T08:18:58.808+0000] {logging_mixin.py:188} WARNING - 2026-04-13 08:18:58 - scripts.load_clean - INFO - Inserted new record for Delhi (deleted old records first)
[2026-04-13T08:18:58.807+0000] {load_clean.py:149} INFO - Inserted new record for Delhi (deleted old records first)
[2026-04-13T08:18:58.812+0000] {logging_mixin.py:188} WARNING - 2026-04-13 08:18:58 - scripts.load_clean - INFO - Inserted new record for Bengaluru (deleted old records first)
[2026-04-13T08:18:58.811+0000] {load_clean.py:149} INFO - Inserted new record for Bengaluru (deleted old records first)
[2026-04-13T08:18:58.816+0000] {logging_mixin.py:188} WARNING - 2026-04-13 08:18:58 - scripts.load_clean - INFO - Inserted new record for Chennai (deleted old records first)
[2026-04-13T08:18:58.815+0000] {load_clean.py:149} INFO - Inserted new record for Chennai (deleted old records first)
[2026-04-13T08:18:58.820+0000] {logging_mixin.py:188} WARNING - 2026-04-13 08:18:58 - scripts.load_clean - INFO - Inserted new record for Ahmedabad (deleted old records first)
[2026-04-13T08:18:58.819+0000] {load_clean.py:149} INFO - Inserted new record for Ahmedabad (deleted old records first)
[2026-04-13T08:18:58.824+0000] {logging_mixin.py:188} WARNING - 2026-04-13 08:18:58 - scripts.load_clean - INFO - Inserted new record for Mumbai (deleted old records first)
[2026-04-13T08:18:58.823+0000] {load_clean.py:149} INFO - Inserted new record for Mumbai (deleted old records first)
[2026-04-13T08:18:58.827+0000] {logging_mixin.py:188} WARNING - 2026-04-13 08:18:58 - scripts.load_clean - INFO - Inserted new record for Delhi (deleted old records first)
[2026-04-13T08:18:58.827+0000] {load_clean.py:149} INFO - Inserted new record for Delhi (deleted old records first)
[2026-04-13T08:18:58.831+0000] {logging_mixin.py:188} WARNING - 2026-04-13 08:18:58 - scripts.load_clean - INFO - Inserted new record for Bengaluru (deleted old records first)
[2026-04-13T08:18:58.830+0000] {load_clean.py:149} INFO - Inserted new record for Bengaluru (deleted old records first)
[2026-04-13T08:18:58.836+0000] {logging_mixin.py:188} WARNING - 2026-04-13 08:18:58 - scripts.load_clean - INFO - Inserted new record for Chennai (deleted old records first)
[2026-04-13T08:18:58.836+0000] {load_clean.py:149} INFO - Inserted new record for Chennai (deleted old records first)
[2026-04-13T08:18:58.840+0000] {logging_mixin.py:188} WARNING - 2026-04-13 08:18:58 - scripts.load_clean - INFO - Inserted new record for Ahmedabad (deleted old records first)
[2026-04-13T08:18:58.839+0000] {load_clean.py:149} INFO - Inserted new record for Ahmedabad (deleted old records first)
[2026-04-13T08:18:58.844+0000] {logging_mixin.py:188} WARNING - 2026-04-13 08:18:58 - scripts.load_clean - INFO - Inserted new record for Mumbai (deleted old records first)
[2026-04-13T08:18:58.843+0000] {load_clean.py:149} INFO - Inserted new record for Mumbai (deleted old records first)
[2026-04-13T08:18:58.849+0000] {logging_mixin.py:188} WARNING - 2026-04-13 08:18:58 - scripts.load_clean - INFO - Inserted new record for Delhi (deleted old records first)
[2026-04-13T08:18:58.848+0000] {load_clean.py:149} INFO - Inserted new record for Delhi (deleted old records first)
[2026-04-13T08:18:58.852+0000] {logging_mixin.py:188} WARNING - 2026-04-13 08:18:58 - scripts.load_clean - INFO - Inserted new record for Bengaluru (deleted old records first)
[2026-04-13T08:18:58.851+0000] {load_clean.py:149} INFO - Inserted new record for Bengaluru (deleted old records first)
[2026-04-13T08:18:58.857+0000] {logging_mixin.py:188} WARNING - 2026-04-13 08:18:58 - scripts.load_clean - INFO - Inserted new record for Chennai (deleted old records first)
[2026-04-13T08:18:58.856+0000] {load_clean.py:149} INFO - Inserted new record for Chennai (deleted old records first)
[2026-04-13T08:18:58.860+0000] {logging_mixin.py:188} WARNING - 2026-04-13 08:18:58 - scripts.load_clean - INFO - Inserted new record for Ahmedabad (deleted old records first)
[2026-04-13T08:18:58.859+0000] {load_clean.py:149} INFO - Inserted new record for Ahmedabad (deleted old records first)
[2026-04-13T08:18:58.863+0000] {logging_mixin.py:188} WARNING - 2026-04-13 08:18:58 - scripts.load_clean - INFO - Inserted new record for Bengaluru (deleted old records first)
[2026-04-13T08:18:58.863+0000] {load_clean.py:149} INFO - Inserted new record for Bengaluru (deleted old records first)
[2026-04-13T08:18:58.867+0000] {logging_mixin.py:188} WARNING - 2026-04-13 08:18:58 - scripts.load_clean - INFO - Inserted new record for Chennai (deleted old records first)
[2026-04-13T08:18:58.866+0000] {load_clean.py:149} INFO - Inserted new record for Chennai (deleted old records first)
[2026-04-13T08:18:58.870+0000] {logging_mixin.py:188} WARNING - 2026-04-13 08:18:58 - scripts.load_clean - INFO - Inserted new record for Delhi (deleted old records first)
[2026-04-13T08:18:58.870+0000] {load_clean.py:149} INFO - Inserted new record for Delhi (deleted old records first)
[2026-04-13T08:18:58.873+0000] {logging_mixin.py:188} WARNING - 2026-04-13 08:18:58 - scripts.load_clean - INFO - Inserted new record for Mumbai (deleted old records first)
[2026-04-13T08:18:58.873+0000] {load_clean.py:149} INFO - Inserted new record for Mumbai (deleted old records first)
[2026-04-13T08:18:58.878+0000] {logging_mixin.py:188} WARNING - 2026-04-13 08:18:58 - scripts.load_clean - INFO - Inserted new record for Chennai (deleted old records first)
[2026-04-13T08:18:58.876+0000] {load_clean.py:149} INFO - Inserted new record for Chennai (deleted old records first)
[2026-04-13T08:18:58.881+0000] {logging_mixin.py:188} WARNING - 2026-04-13 08:18:58 - scripts.load_clean - INFO - Inserted new record for Delhi (deleted old records first)
[2026-04-13T08:18:58.881+0000] {load_clean.py:149} INFO - Inserted new record for Delhi (deleted old records first)
[2026-04-13T08:18:58.884+0000] {logging_mixin.py:188} WARNING - 2026-04-13 08:18:58 - scripts.load_clean - INFO - Inserted new record for Islamabad (deleted old records first)
[2026-04-13T08:18:58.884+0000] {load_clean.py:149} INFO - Inserted new record for Islamabad (deleted old records first)
[2026-04-13T08:18:58.887+0000] {logging_mixin.py:188} WARNING - 2026-04-13 08:18:58 - scripts.load_clean - INFO - Inserted new record for Mumbai (deleted old records first)
[2026-04-13T08:18:58.887+0000] {load_clean.py:149} INFO - Inserted new record for Mumbai (deleted old records first)
[2026-04-13T08:18:58.890+0000] {logging_mixin.py:188} WARNING - 2026-04-13 08:18:58 - scripts.load_clean - INFO - Inserted new record for Ahmedabad (deleted old records first)
[2026-04-13T08:18:58.889+0000] {load_clean.py:149} INFO - Inserted new record for Ahmedabad (deleted old records first)
[2026-04-13T08:18:58.893+0000] {logging_mixin.py:188} WARNING - 2026-04-13 08:18:58 - scripts.load_clean - INFO - Inserted new record for Bengaluru (deleted old records first)
[2026-04-13T08:18:58.892+0000] {load_clean.py:149} INFO - Inserted new record for Bengaluru (deleted old records first)
[2026-04-13T08:18:58.895+0000] {logging_mixin.py:188} WARNING - 2026-04-13 08:18:58 - scripts.load_clean - INFO - Inserted new record for Chennai (deleted old records first)
[2026-04-13T08:18:58.895+0000] {load_clean.py:149} INFO - Inserted new record for Chennai (deleted old records first)
[2026-04-13T08:18:58.898+0000] {logging_mixin.py:188} WARNING - 2026-04-13 08:18:58 - scripts.load_clean - INFO - Inserted new record for Delhi (deleted old records first)
[2026-04-13T08:18:58.897+0000] {load_clean.py:149} INFO - Inserted new record for Delhi (deleted old records first)
[2026-04-13T08:18:58.901+0000] {logging_mixin.py:188} WARNING - 2026-04-13 08:18:58 - scripts.load_clean - INFO - Inserted new record for Islamabad (deleted old records first)
[2026-04-13T08:18:58.900+0000] {load_clean.py:149} INFO - Inserted new record for Islamabad (deleted old records first)
[2026-04-13T08:18:58.903+0000] {logging_mixin.py:188} WARNING - 2026-04-13 08:18:58 - scripts.load_clean - INFO - Inserted new record for Mumbai (deleted old records first)
[2026-04-13T08:18:58.903+0000] {load_clean.py:149} INFO - Inserted new record for Mumbai (deleted old records first)
[2026-04-13T08:18:58.906+0000] {logging_mixin.py:188} WARNING - 2026-04-13 08:18:58 - scripts.load_clean - INFO - Inserted new record for Ahmedabad (deleted old records first)
[2026-04-13T08:18:58.905+0000] {load_clean.py:149} INFO - Inserted new record for Ahmedabad (deleted old records first)
[2026-04-13T08:18:58.909+0000] {logging_mixin.py:188} WARNING - 2026-04-13 08:18:58 - scripts.load_clean - INFO - Inserted new record for Bengaluru (deleted old records first)
[2026-04-13T08:18:58.908+0000] {load_clean.py:149} INFO - Inserted new record for Bengaluru (deleted old records first)
[2026-04-13T08:18:58.913+0000] {logging_mixin.py:188} WARNING - 2026-04-13 08:18:58 - scripts.load_clean - INFO - Inserted new record for Chennai (deleted old records first)
[2026-04-13T08:18:58.912+0000] {load_clean.py:149} INFO - Inserted new record for Chennai (deleted old records first)
[2026-04-13T08:18:58.916+0000] {logging_mixin.py:188} WARNING - 2026-04-13 08:18:58 - scripts.load_clean - INFO - Inserted new record for Delhi (deleted old records first)
[2026-04-13T08:18:58.915+0000] {load_clean.py:149} INFO - Inserted new record for Delhi (deleted old records first)
[2026-04-13T08:18:58.919+0000] {logging_mixin.py:188} WARNING - 2026-04-13 08:18:58 - scripts.load_clean - INFO - Inserted new record for Islamabad (deleted old records first)
[2026-04-13T08:18:58.919+0000] {load_clean.py:149} INFO - Inserted new record for Islamabad (deleted old records first)
[2026-04-13T08:18:58.923+0000] {logging_mixin.py:188} WARNING - 2026-04-13 08:18:58 - scripts.load_clean - INFO - Inserted new record for Mumbai (deleted old records first)
[2026-04-13T08:18:58.922+0000] {load_clean.py:149} INFO - Inserted new record for Mumbai (deleted old records first)
[2026-04-13T08:18:58.926+0000] {logging_mixin.py:188} WARNING - 2026-04-13 08:18:58 - scripts.load_clean - INFO - Inserted new record for Pune (deleted old records first)
[2026-04-13T08:18:58.926+0000] {load_clean.py:149} INFO - Inserted new record for Pune (deleted old records first)
[2026-04-13T08:18:58.930+0000] {logging_mixin.py:188} WARNING - 2026-04-13 08:18:58 - scripts.load_clean - INFO - Inserted new record for Ahmedabad (deleted old records first)
[2026-04-13T08:18:58.929+0000] {load_clean.py:149} INFO - Inserted new record for Ahmedabad (deleted old records first)
[2026-04-13T08:18:58.933+0000] {logging_mixin.py:188} WARNING - 2026-04-13 08:18:58 - scripts.load_clean - INFO - Inserted new record for Bengaluru (deleted old records first)
[2026-04-13T08:18:58.932+0000] {load_clean.py:149} INFO - Inserted new record for Bengaluru (deleted old records first)
[2026-04-13T08:18:58.935+0000] {logging_mixin.py:188} WARNING - 2026-04-13 08:18:58 - scripts.load_clean - INFO - Inserted new record for Chennai (deleted old records first)
[2026-04-13T08:18:58.935+0000] {load_clean.py:149} INFO - Inserted new record for Chennai (deleted old records first)
[2026-04-13T08:18:58.939+0000] {logging_mixin.py:188} WARNING - 2026-04-13 08:18:58 - scripts.load_clean - INFO - Inserted new record for Delhi (deleted old records first)
[2026-04-13T08:18:58.938+0000] {load_clean.py:149} INFO - Inserted new record for Delhi (deleted old records first)
[2026-04-13T08:18:58.942+0000] {logging_mixin.py:188} WARNING - 2026-04-13 08:18:58 - scripts.load_clean - INFO - Inserted new record for Islamabad (deleted old records first)
[2026-04-13T08:18:58.942+0000] {load_clean.py:149} INFO - Inserted new record for Islamabad (deleted old records first)
[2026-04-13T08:18:58.945+0000] {logging_mixin.py:188} WARNING - 2026-04-13 08:18:58 - scripts.load_clean - INFO - Inserted new record for Mumbai (deleted old records first)
[2026-04-13T08:18:58.945+0000] {load_clean.py:149} INFO - Inserted new record for Mumbai (deleted old records first)
[2026-04-13T08:18:58.948+0000] {logging_mixin.py:188} WARNING - 2026-04-13 08:18:58 - scripts.load_clean - INFO - Inserted new record for Pune (deleted old records first)
[2026-04-13T08:18:58.948+0000] {load_clean.py:149} INFO - Inserted new record for Pune (deleted old records first)
[2026-04-13T08:18:58.959+0000] {logging_mixin.py:188} WARNING - 2026-04-13 08:18:58 - scripts.load_clean - INFO - Marked 88 raw records as processed
[2026-04-13T08:18:58.959+0000] {load_clean.py:252} INFO - Marked 88 raw records as processed
[2026-04-13T08:18:58.962+0000] {logging_mixin.py:188} WARNING - 2026-04-13 08:18:58 - scripts.load_clean - INFO - Clean data load complete: 88 transformed, 88 validated, 88 loaded, 0 failed
[2026-04-13T08:18:58.961+0000] {load_clean.py:224} INFO - Clean data load complete: 88 transformed, 88 validated, 88 loaded, 0 failed
[2026-04-13T08:18:58.964+0000] {logging_mixin.py:188} WARNING - 2026-04-13 08:18:58 - scripts.load_clean - INFO - Database connection closed
[2026-04-13T08:18:58.963+0000] {load_clean.py:56} INFO - Database connection closed
[2026-04-13T08:18:58.966+0000] {weather_etl_dag_v2.py:166} INFO - ✓ Transform and load complete: 88 loaded, 0 failed
[2026-04-13T08:18:58.986+0000] {python.py:237} INFO - Done. Returned value was: 88
[2026-04-13T08:18:58.987+0000] {taskinstance.py:441} INFO - ::group::Post task execution logs
[2026-04-13T08:18:59.011+0000] {taskinstance.py:1206} INFO - Marking task as SUCCESS. dag_id=weather_etl_pipeline_v2, task_id=transform_clean, run_id=manual__2026-04-13T08:18:50+00:00, execution_date=20260413T081850, start_date=20260413T081858, end_date=20260413T081859
[2026-04-13T08:18:59.044+0000] {local_task_job_runner.py:243} INFO - Task exited with return code 0
[2026-04-13T08:18:59.087+0000] {taskinstance.py:3503} INFO - 1 downstream tasks scheduled from follow-on schedule check
[2026-04-13T08:18:59.090+0000] {local_task_job_runner.py:222} INFO - ::endgroup::
