[2026-04-16T06:41:33.787+0000] {local_task_job_runner.py:120} INFO - ::group::Pre task execution logs
[2026-04-16T06:41:33.830+0000] {taskinstance.py:2076} INFO - Dependencies all met for dep_context=non-requeueable deps ti=<TaskInstance: weather_etl_pipeline_v2.update_metadata_success manual__2026-04-16T06:41:22.965731+00:00 [queued]>
[2026-04-16T06:41:33.842+0000] {taskinstance.py:2076} INFO - Dependencies all met for dep_context=requeueable deps ti=<TaskInstance: weather_etl_pipeline_v2.update_metadata_success manual__2026-04-16T06:41:22.965731+00:00 [queued]>
[2026-04-16T06:41:33.843+0000] {taskinstance.py:2306} INFO - Starting attempt 1 of 4
[2026-04-16T06:41:33.864+0000] {taskinstance.py:2330} INFO - Executing <Task(PythonOperator): update_metadata_success> on 2026-04-16 06:41:22.965731+00:00
[2026-04-16T06:41:33.873+0000] {logging_mixin.py:188} WARNING - /home/airflow/.local/lib/python3.12/site-packages/airflow/task/task_runner/standard_task_runner.py:62 DeprecationWarning: This process (pid=1984) is multi-threaded, use of fork() may lead to deadlocks in the child.
[2026-04-16T06:41:33.873+0000] {standard_task_runner.py:90} INFO - Running: ['airflow', 'tasks', 'run', 'weather_etl_pipeline_v2', 'update_metadata_success', 'manual__2026-04-16T06:41:22.965731+00:00', '--job-id', '59', '--raw', '--subdir', 'DAGS_FOLDER/weather_etl_dag_v2.py', '--cfg-path', '/tmp/tmp46qq57bl']
[2026-04-16T06:41:33.876+0000] {standard_task_runner.py:64} INFO - Started process 1985 to run task
[2026-04-16T06:41:33.877+0000] {standard_task_runner.py:91} INFO - Job 59: Subtask update_metadata_success
[2026-04-16T06:41:33.964+0000] {task_command.py:426} INFO - Running <TaskInstance: weather_etl_pipeline_v2.update_metadata_success manual__2026-04-16T06:41:22.965731+00:00 [running]> on host cf9362e38fb8
[2026-04-16T06:41:34.082+0000] {taskinstance.py:2648} INFO - Exporting env vars: AIRFLOW_CTX_DAG_OWNER='weather_etl' AIRFLOW_CTX_DAG_ID='weather_etl_pipeline_v2' AIRFLOW_CTX_TASK_ID='update_metadata_success' AIRFLOW_CTX_EXECUTION_DATE='2026-04-16T06:41:22.965731+00:00' AIRFLOW_CTX_TRY_NUMBER='1' AIRFLOW_CTX_DAG_RUN_ID='manual__2026-04-16T06:41:22.965731+00:00'
[2026-04-16T06:41:34.084+0000] {taskinstance.py:430} INFO - ::endgroup::
[2026-04-16T06:41:34.102+0000] {weather_etl_dag_v2.py:326} INFO - ============================================================
[2026-04-16T06:41:34.104+0000] {weather_etl_dag_v2.py:327} INFO - TASK: UPDATE_METADATA_SUCCESS — Recording successful pipeline run
[2026-04-16T06:41:34.105+0000] {weather_etl_dag_v2.py:328} INFO - ============================================================
[2026-04-16T06:41:34.171+0000] {logging_mixin.py:188} WARNING - 2026-04-16 06:41:34 - scripts.metadata_manager - INFO - Successfully connected to PostgreSQL database
[2026-04-16T06:41:34.170+0000] {metadata_manager.py:38} INFO - Successfully connected to PostgreSQL database
[2026-04-16T06:41:34.177+0000] {logging_mixin.py:188} WARNING - 2026-04-16 06:41:34 - scripts.metadata_manager - INFO - Table 'pipeline_metadata' created or already exists
[2026-04-16T06:41:34.176+0000] {metadata_manager.py:92} INFO - Table 'pipeline_metadata' created or already exists
[2026-04-16T06:41:34.181+0000] {logging_mixin.py:188} WARNING - 2026-04-16 06:41:34 - scripts.metadata_manager - INFO - Pipeline weather_etl_pipeline_v2 marked as SUCCESS: 7 processed, 47 inserted, 0 failed
[2026-04-16T06:41:34.181+0000] {metadata_manager.py:241} INFO - Pipeline weather_etl_pipeline_v2 marked as SUCCESS: 7 processed, 47 inserted, 0 failed
[2026-04-16T06:41:34.183+0000] {logging_mixin.py:188} WARNING - 2026-04-16 06:41:34 - scripts.metadata_manager - INFO - Database connection closed
[2026-04-16T06:41:34.183+0000] {metadata_manager.py:53} INFO - Database connection closed
[2026-04-16T06:41:34.184+0000] {weather_etl_dag_v2.py:348} INFO - ✓ Pipeline marked as SUCCESS
[2026-04-16T06:41:34.185+0000] {weather_etl_dag_v2.py:349} INFO -   Records extracted  : 7
[2026-04-16T06:41:34.186+0000] {weather_etl_dag_v2.py:350} INFO -   Records inserted   : 47
[2026-04-16T06:41:34.188+0000] {weather_etl_dag_v2.py:351} INFO -   Records failed     : 0
[2026-04-16T06:41:34.189+0000] {weather_etl_dag_v2.py:352} INFO -   Validation rate    : 100.0%
[2026-04-16T06:41:34.191+0000] {weather_etl_dag_v2.py:353} INFO -   Agg rows upserted  : 0
[2026-04-16T06:41:34.192+0000] {python.py:237} INFO - Done. Returned value was: True
[2026-04-16T06:41:34.193+0000] {taskinstance.py:441} INFO - ::group::Post task execution logs
[2026-04-16T06:41:34.220+0000] {taskinstance.py:1206} INFO - Marking task as SUCCESS. dag_id=weather_etl_pipeline_v2, task_id=update_metadata_success, run_id=manual__2026-04-16T06:41:22.965731+00:00, execution_date=20260416T064122, start_date=20260416T064133, end_date=20260416T064134
[2026-04-16T06:41:34.252+0000] {local_task_job_runner.py:243} INFO - Task exited with return code 0
[2026-04-16T06:41:34.275+0000] {taskinstance.py:3503} INFO - 0 downstream tasks scheduled from follow-on schedule check
[2026-04-16T06:41:34.278+0000] {local_task_job_runner.py:222} INFO - ::endgroup::
