[2026-04-16T06:58:21.922+0000] {local_task_job_runner.py:120} INFO - ::group::Pre task execution logs
[2026-04-16T06:58:21.969+0000] {taskinstance.py:2076} INFO - Dependencies all met for dep_context=non-requeueable deps ti=<TaskInstance: weather_etl_pipeline_v2.quality_check manual__2026-04-16T06:58:09+00:00 [queued]>
[2026-04-16T06:58:21.983+0000] {taskinstance.py:2076} INFO - Dependencies all met for dep_context=requeueable deps ti=<TaskInstance: weather_etl_pipeline_v2.quality_check manual__2026-04-16T06:58:09+00:00 [queued]>
[2026-04-16T06:58:21.985+0000] {taskinstance.py:2306} INFO - Starting attempt 1 of 3
[2026-04-16T06:58:22.005+0000] {taskinstance.py:2330} INFO - Executing <Task(PythonOperator): quality_check> on 2026-04-16 06:58:09+00:00
[2026-04-16T06:58:22.015+0000] {logging_mixin.py:188} WARNING - /home/airflow/.local/lib/python3.12/site-packages/airflow/task/task_runner/standard_task_runner.py:62 DeprecationWarning: This process (pid=2562) is multi-threaded, use of fork() may lead to deadlocks in the child.
[2026-04-16T06:58:22.016+0000] {standard_task_runner.py:64} INFO - Started process 2563 to run task
[2026-04-16T06:58:22.015+0000] {standard_task_runner.py:90} INFO - Running: ['airflow', 'tasks', 'run', 'weather_etl_pipeline_v2', 'quality_check', 'manual__2026-04-16T06:58:09+00:00', '--job-id', '78', '--raw', '--subdir', 'DAGS_FOLDER/weather_etl_dag_v2.py', '--cfg-path', '/tmp/tmpwz61225b']
[2026-04-16T06:58:22.018+0000] {standard_task_runner.py:91} INFO - Job 78: Subtask quality_check
[2026-04-16T06:58:22.127+0000] {task_command.py:426} INFO - Running <TaskInstance: weather_etl_pipeline_v2.quality_check manual__2026-04-16T06:58:09+00:00 [running]> on host cf9362e38fb8
[2026-04-16T06:58:22.345+0000] {taskinstance.py:2648} INFO - Exporting env vars: AIRFLOW_CTX_DAG_OWNER='weather_etl' AIRFLOW_CTX_DAG_ID='weather_etl_pipeline_v2' AIRFLOW_CTX_TASK_ID='quality_check' AIRFLOW_CTX_EXECUTION_DATE='2026-04-16T06:58:09+00:00' AIRFLOW_CTX_TRY_NUMBER='1' AIRFLOW_CTX_DAG_RUN_ID='manual__2026-04-16T06:58:09+00:00'
[2026-04-16T06:58:22.348+0000] {taskinstance.py:430} INFO - ::endgroup::
[2026-04-16T06:58:22.377+0000] {weather_etl_dag_v2.py:224} INFO - ============================================================
[2026-04-16T06:58:22.380+0000] {weather_etl_dag_v2.py:225} INFO - TASK: QUALITY_CHECK — Validating clean data quality
[2026-04-16T06:58:22.383+0000] {weather_etl_dag_v2.py:226} INFO - ============================================================
[2026-04-16T06:58:22.429+0000] {logging_mixin.py:188} WARNING - 2026-04-16 06:58:22 - scripts.validate - INFO - Starting data quality validation for 37 records
[2026-04-16T06:58:22.424+0000] {validate.py:201} INFO - Starting data quality validation for 37 records
[2026-04-16T06:58:22.437+0000] {logging_mixin.py:188} WARNING - 2026-04-16 06:58:22 - scripts.validate - INFO - Validation complete: 37 valid, 0 invalid (100.0% pass rate)
[2026-04-16T06:58:22.435+0000] {validate.py:228} INFO - Validation complete: 37 valid, 0 invalid (100.0% pass rate)
[2026-04-16T06:58:22.441+0000] {weather_etl_dag_v2.py:271} INFO - ✓ Quality check: 100.0% pass rate (37/37)
[2026-04-16T06:58:22.481+0000] {python.py:237} INFO - Done. Returned value was: 100.0
[2026-04-16T06:58:22.483+0000] {taskinstance.py:441} INFO - ::group::Post task execution logs
[2026-04-16T06:58:22.524+0000] {taskinstance.py:1206} INFO - Marking task as SUCCESS. dag_id=weather_etl_pipeline_v2, task_id=quality_check, run_id=manual__2026-04-16T06:58:09+00:00, execution_date=20260416T065809, start_date=20260416T065821, end_date=20260416T065822
[2026-04-16T06:58:22.596+0000] {local_task_job_runner.py:243} INFO - Task exited with return code 0
[2026-04-16T06:58:22.660+0000] {taskinstance.py:3503} INFO - 1 downstream tasks scheduled from follow-on schedule check
[2026-04-16T06:58:22.666+0000] {local_task_job_runner.py:222} INFO - ::endgroup::
