[2026-04-11T11:16:26.701+0000] {local_task_job_runner.py:120} INFO - ::group::Pre task execution logs
[2026-04-11T11:16:26.753+0000] {taskinstance.py:2076} INFO - Dependencies all met for dep_context=non-requeueable deps ti=<TaskInstance: weather_etl_pipeline_v2.transform_clean manual__2026-04-11T11:16:21+00:00 [queued]>
[2026-04-11T11:16:26.762+0000] {taskinstance.py:2076} INFO - Dependencies all met for dep_context=requeueable deps ti=<TaskInstance: weather_etl_pipeline_v2.transform_clean manual__2026-04-11T11:16:21+00:00 [queued]>
[2026-04-11T11:16:26.764+0000] {taskinstance.py:2306} INFO - Starting attempt 1 of 3
[2026-04-11T11:16:26.778+0000] {taskinstance.py:2330} INFO - Executing <Task(PythonOperator): transform_clean> on 2026-04-11 11:16:21+00:00
[2026-04-11T11:16:26.790+0000] {standard_task_runner.py:90} INFO - Running: ['airflow', 'tasks', 'run', 'weather_etl_pipeline_v2', 'transform_clean', 'manual__2026-04-11T11:16:21+00:00', '--job-id', '97', '--raw', '--subdir', 'DAGS_FOLDER/weather_etl_dag_v2.py', '--cfg-path', '/tmp/tmp7w3dtc6z']
[2026-04-11T11:16:26.795+0000] {standard_task_runner.py:91} INFO - Job 97: Subtask transform_clean
[2026-04-11T11:16:26.798+0000] {logging_mixin.py:188} WARNING - /home/airflow/.local/lib/python3.12/site-packages/airflow/task/task_runner/standard_task_runner.py:62 DeprecationWarning: This process (pid=194) is multi-threaded, use of fork() may lead to deadlocks in the child.
[2026-04-11T11:16:26.800+0000] {standard_task_runner.py:64} INFO - Started process 195 to run task
[2026-04-11T11:16:26.862+0000] {task_command.py:426} INFO - Running <TaskInstance: weather_etl_pipeline_v2.transform_clean manual__2026-04-11T11:16:21+00:00 [running]> on host 9514c60f7b76
[2026-04-11T11:16:26.974+0000] {taskinstance.py:2648} INFO - Exporting env vars: AIRFLOW_CTX_DAG_OWNER='weather_etl' AIRFLOW_CTX_DAG_ID='weather_etl_pipeline_v2' AIRFLOW_CTX_TASK_ID='transform_clean' AIRFLOW_CTX_EXECUTION_DATE='2026-04-11T11:16:21+00:00' AIRFLOW_CTX_TRY_NUMBER='1' AIRFLOW_CTX_DAG_RUN_ID='manual__2026-04-11T11:16:21+00:00'
[2026-04-11T11:16:26.977+0000] {taskinstance.py:430} INFO - ::endgroup::
[2026-04-11T11:16:26.994+0000] {weather_etl_dag_v2.py:123} INFO - ============================================================
[2026-04-11T11:16:26.996+0000] {weather_etl_dag_v2.py:124} INFO - TASK: TRANSFORM_CLEAN - Transform and load clean data
[2026-04-11T11:16:26.997+0000] {weather_etl_dag_v2.py:125} INFO - ============================================================
[2026-04-11T11:16:27.025+0000] {logging_mixin.py:188} WARNING - 2026-04-11 11:16:27 - scripts.load_raw - INFO - Successfully connected to PostgreSQL database
[2026-04-11T11:16:27.024+0000] {load_raw.py:38} INFO - Successfully connected to PostgreSQL database
[2026-04-11T11:16:27.031+0000] {logging_mixin.py:188} WARNING - 2026-04-11 11:16:27 - scripts.load_raw - INFO - Retrieved 10 unprocessed raw records
[2026-04-11T11:16:27.030+0000] {load_raw.py:206} INFO - Retrieved 10 unprocessed raw records
[2026-04-11T11:16:27.034+0000] {logging_mixin.py:188} WARNING - 2026-04-11 11:16:27 - scripts.load_raw - INFO - Database connection closed
[2026-04-11T11:16:27.033+0000] {load_raw.py:53} INFO - Database connection closed
[2026-04-11T11:16:27.038+0000] {logging_mixin.py:188} WARNING - 2026-04-11 11:16:27 - scripts.load_clean - INFO - Starting transformation and load for 10 raw records
[2026-04-11T11:16:27.037+0000] {load_clean.py:159} INFO - Starting transformation and load for 10 raw records
[2026-04-11T11:16:27.050+0000] {logging_mixin.py:188} WARNING - 2026-04-11 11:16:27 - scripts.load_clean - INFO - Successfully connected to PostgreSQL database
[2026-04-11T11:16:27.050+0000] {load_clean.py:41} INFO - Successfully connected to PostgreSQL database
[2026-04-11T11:16:27.054+0000] {logging_mixin.py:188} WARNING - 2026-04-11 11:16:27 - scripts.load_clean - INFO - Table 'weather_clean' created or already exists
[2026-04-11T11:16:27.053+0000] {load_clean.py:91} INFO - Table 'weather_clean' created or already exists
[2026-04-11T11:16:27.067+0000] {logging_mixin.py:188} WARNING - 2026-04-11 11:16:27 - scripts.load_clean - INFO - Marked 10 raw records as processed
[2026-04-11T11:16:27.066+0000] {load_clean.py:242} INFO - Marked 10 raw records as processed
[2026-04-11T11:16:27.069+0000] {logging_mixin.py:188} WARNING - 2026-04-11 11:16:27 - scripts.load_clean - INFO - Clean data load complete: 10 transformed, 10 validated, 10 loaded, 0 failed
[2026-04-11T11:16:27.068+0000] {load_clean.py:214} INFO - Clean data load complete: 10 transformed, 10 validated, 10 loaded, 0 failed
[2026-04-11T11:16:27.071+0000] {logging_mixin.py:188} WARNING - 2026-04-11 11:16:27 - scripts.load_clean - INFO - Database connection closed
[2026-04-11T11:16:27.070+0000] {load_clean.py:56} INFO - Database connection closed
[2026-04-11T11:16:27.073+0000] {weather_etl_dag_v2.py:141} INFO - ✓ Transform and load complete: 10 loaded, 0 failed
[2026-04-11T11:16:27.091+0000] {python.py:237} INFO - Done. Returned value was: 10
[2026-04-11T11:16:27.093+0000] {taskinstance.py:441} INFO - ::group::Post task execution logs
[2026-04-11T11:16:27.117+0000] {taskinstance.py:1206} INFO - Marking task as SUCCESS. dag_id=weather_etl_pipeline_v2, task_id=transform_clean, run_id=manual__2026-04-11T11:16:21+00:00, execution_date=20260411T111621, start_date=20260411T111626, end_date=20260411T111627
[2026-04-11T11:16:27.176+0000] {local_task_job_runner.py:243} INFO - Task exited with return code 0
[2026-04-11T11:16:27.213+0000] {taskinstance.py:3503} INFO - 1 downstream tasks scheduled from follow-on schedule check
[2026-04-11T11:16:27.217+0000] {local_task_job_runner.py:222} INFO - ::endgroup::
