[2026-04-13T06:57:19.479+0000] {local_task_job_runner.py:120} INFO - ::group::Pre task execution logs
[2026-04-13T06:57:19.543+0000] {taskinstance.py:2076} INFO - Dependencies all met for dep_context=non-requeueable deps ti=<TaskInstance: weather_etl_pipeline_v2.load_raw manual__2026-04-13T06:57:12.159091+00:00 [queued]>
[2026-04-13T06:57:19.564+0000] {taskinstance.py:2076} INFO - Dependencies all met for dep_context=requeueable deps ti=<TaskInstance: weather_etl_pipeline_v2.load_raw manual__2026-04-13T06:57:12.159091+00:00 [queued]>
[2026-04-13T06:57:19.566+0000] {taskinstance.py:2306} INFO - Starting attempt 1 of 4
[2026-04-13T06:57:19.598+0000] {taskinstance.py:2330} INFO - Executing <Task(PythonOperator): load_raw> on 2026-04-13 06:57:12.159091+00:00
[2026-04-13T06:57:19.614+0000] {standard_task_runner.py:90} INFO - Running: ['airflow', 'tasks', 'run', 'weather_etl_pipeline_v2', 'load_raw', 'manual__2026-04-13T06:57:12.159091+00:00', '--job-id', '183', '--raw', '--subdir', 'DAGS_FOLDER/weather_etl_dag_v2.py', '--cfg-path', '/tmp/tmpzcx8w_x_']
[2026-04-13T06:57:19.620+0000] {logging_mixin.py:188} WARNING - /home/airflow/.local/lib/python3.12/site-packages/airflow/task/task_runner/standard_task_runner.py:62 DeprecationWarning: This process (pid=456) is multi-threaded, use of fork() may lead to deadlocks in the child.
[2026-04-13T06:57:19.620+0000] {standard_task_runner.py:91} INFO - Job 183: Subtask load_raw
[2026-04-13T06:57:19.621+0000] {standard_task_runner.py:64} INFO - Started process 457 to run task
[2026-04-13T06:57:19.709+0000] {task_command.py:426} INFO - Running <TaskInstance: weather_etl_pipeline_v2.load_raw manual__2026-04-13T06:57:12.159091+00:00 [running]> on host 5aae7c9eda2a
[2026-04-13T06:57:19.867+0000] {taskinstance.py:2648} INFO - Exporting env vars: AIRFLOW_CTX_DAG_OWNER='weather_etl' AIRFLOW_CTX_DAG_ID='weather_etl_pipeline_v2' AIRFLOW_CTX_TASK_ID='load_raw' AIRFLOW_CTX_EXECUTION_DATE='2026-04-13T06:57:12.159091+00:00' AIRFLOW_CTX_TRY_NUMBER='1' AIRFLOW_CTX_DAG_RUN_ID='manual__2026-04-13T06:57:12.159091+00:00'
[2026-04-13T06:57:19.869+0000] {taskinstance.py:430} INFO - ::endgroup::
[2026-04-13T06:57:19.889+0000] {weather_etl_dag_v2.py:119} INFO - ============================================================
[2026-04-13T06:57:19.891+0000] {weather_etl_dag_v2.py:120} INFO - TASK: LOAD_RAW - Storing raw API responses
[2026-04-13T06:57:19.894+0000] {weather_etl_dag_v2.py:121} INFO - ============================================================
[2026-04-13T06:57:19.923+0000] {logging_mixin.py:188} WARNING - 2026-04-13 06:57:19 - scripts.load_raw - INFO - Starting raw data load for 6 records
[2026-04-13T06:57:19.922+0000] {load_raw.py:134} INFO - Starting raw data load for 6 records
[2026-04-13T06:57:19.935+0000] {logging_mixin.py:188} WARNING - 2026-04-13 06:57:19 - scripts.load_raw - INFO - Successfully connected to PostgreSQL database
[2026-04-13T06:57:19.934+0000] {load_raw.py:38} INFO - Successfully connected to PostgreSQL database
[2026-04-13T06:57:19.941+0000] {logging_mixin.py:188} WARNING - 2026-04-13 06:57:19 - scripts.load_raw - INFO - Table 'weather_raw' created or already exists
[2026-04-13T06:57:19.940+0000] {load_raw.py:78} INFO - Table 'weather_raw' created or already exists
[2026-04-13T06:57:19.958+0000] {logging_mixin.py:188} WARNING - 2026-04-13 06:57:19 - scripts.load_raw - INFO - Raw data load complete: 6 inserted, 0 skipped (duplicates)
[2026-04-13T06:57:19.957+0000] {load_raw.py:162} INFO - Raw data load complete: 6 inserted, 0 skipped (duplicates)
[2026-04-13T06:57:19.962+0000] {logging_mixin.py:188} WARNING - 2026-04-13 06:57:19 - scripts.load_raw - INFO - Database connection closed
[2026-04-13T06:57:19.961+0000] {load_raw.py:53} INFO - Database connection closed
[2026-04-13T06:57:19.965+0000] {weather_etl_dag_v2.py:134} INFO - ✓ Raw data load complete: 6 inserted, 0 skipped
[2026-04-13T06:57:19.967+0000] {python.py:237} INFO - Done. Returned value was: 6
[2026-04-13T06:57:19.968+0000] {taskinstance.py:441} INFO - ::group::Post task execution logs
[2026-04-13T06:57:20.032+0000] {taskinstance.py:1206} INFO - Marking task as SUCCESS. dag_id=weather_etl_pipeline_v2, task_id=load_raw, run_id=manual__2026-04-13T06:57:12.159091+00:00, execution_date=20260413T065712, start_date=20260413T065719, end_date=20260413T065720
[2026-04-13T06:57:20.082+0000] {local_task_job_runner.py:243} INFO - Task exited with return code 0
[2026-04-13T06:57:20.137+0000] {taskinstance.py:3503} INFO - 1 downstream tasks scheduled from follow-on schedule check
[2026-04-13T06:57:20.141+0000] {local_task_job_runner.py:222} INFO - ::endgroup::
