[2026-04-15T04:06:50.233+0000] {local_task_job_runner.py:120} INFO - ::group::Pre task execution logs
[2026-04-15T04:06:50.276+0000] {taskinstance.py:2076} INFO - Dependencies all met for dep_context=non-requeueable deps ti=<TaskInstance: weather_etl_pipeline_v2.transform_clean scheduled__2026-04-13T02:00:00+00:00 [queued]>
[2026-04-15T04:06:50.286+0000] {taskinstance.py:2076} INFO - Dependencies all met for dep_context=requeueable deps ti=<TaskInstance: weather_etl_pipeline_v2.transform_clean scheduled__2026-04-13T02:00:00+00:00 [queued]>
[2026-04-15T04:06:50.287+0000] {taskinstance.py:2306} INFO - Starting attempt 1 of 4
[2026-04-15T04:06:50.301+0000] {taskinstance.py:2330} INFO - Executing <Task(PythonOperator): transform_clean> on 2026-04-13 02:00:00+00:00
[2026-04-15T04:06:50.309+0000] {standard_task_runner.py:90} INFO - Running: ['airflow', 'tasks', 'run', 'weather_etl_pipeline_v2', 'transform_clean', 'scheduled__2026-04-13T02:00:00+00:00', '--job-id', '215', '--raw', '--subdir', 'DAGS_FOLDER/weather_etl_dag_v2.py', '--cfg-path', '/tmp/tmp1ysz0_j4']
[2026-04-15T04:06:50.314+0000] {standard_task_runner.py:91} INFO - Job 215: Subtask transform_clean
[2026-04-15T04:06:50.317+0000] {logging_mixin.py:188} WARNING - /home/airflow/.local/lib/python3.12/site-packages/airflow/task/task_runner/standard_task_runner.py:62 DeprecationWarning: This process (pid=211) is multi-threaded, use of fork() may lead to deadlocks in the child.
[2026-04-15T04:06:50.319+0000] {standard_task_runner.py:64} INFO - Started process 212 to run task
[2026-04-15T04:06:50.383+0000] {task_command.py:426} INFO - Running <TaskInstance: weather_etl_pipeline_v2.transform_clean scheduled__2026-04-13T02:00:00+00:00 [running]> on host 02fa0425b6f9
[2026-04-15T04:06:50.479+0000] {taskinstance.py:2648} INFO - Exporting env vars: AIRFLOW_CTX_DAG_OWNER='weather_etl' AIRFLOW_CTX_DAG_ID='weather_etl_pipeline_v2' AIRFLOW_CTX_TASK_ID='transform_clean' AIRFLOW_CTX_EXECUTION_DATE='2026-04-13T02:00:00+00:00' AIRFLOW_CTX_TRY_NUMBER='1' AIRFLOW_CTX_DAG_RUN_ID='scheduled__2026-04-13T02:00:00+00:00'
[2026-04-15T04:06:50.483+0000] {taskinstance.py:430} INFO - ::endgroup::
[2026-04-15T04:06:50.500+0000] {weather_etl_dag_v2.py:148} INFO - ============================================================
[2026-04-15T04:06:50.503+0000] {weather_etl_dag_v2.py:149} INFO - TASK: TRANSFORM_CLEAN - Transform and load clean data
[2026-04-15T04:06:50.505+0000] {weather_etl_dag_v2.py:150} INFO - ============================================================
[2026-04-15T04:06:50.526+0000] {logging_mixin.py:188} WARNING - 2026-04-15 04:06:50 - scripts.load_raw - INFO - Successfully connected to PostgreSQL database
[2026-04-15T04:06:50.525+0000] {load_raw.py:38} INFO - Successfully connected to PostgreSQL database
[2026-04-15T04:06:50.535+0000] {logging_mixin.py:188} WARNING - 2026-04-15 04:06:50 - scripts.load_raw - INFO - Retrieved 110 unprocessed raw records
[2026-04-15T04:06:50.535+0000] {load_raw.py:206} INFO - Retrieved 110 unprocessed raw records
[2026-04-15T04:06:50.540+0000] {logging_mixin.py:188} WARNING - 2026-04-15 04:06:50 - scripts.load_raw - INFO - Database connection closed
[2026-04-15T04:06:50.537+0000] {load_raw.py:53} INFO - Database connection closed
[2026-04-15T04:06:50.544+0000] {logging_mixin.py:188} WARNING - 2026-04-15 04:06:50 - scripts.load_clean - INFO - Starting transformation and load for 110 raw records
[2026-04-15T04:06:50.544+0000] {load_clean.py:169} INFO - Starting transformation and load for 110 raw records
[2026-04-15T04:06:50.549+0000] {logging_mixin.py:188} WARNING - 2026-04-15 04:06:50 - scripts.load_clean - INFO - Successfully connected to PostgreSQL database
[2026-04-15T04:06:50.549+0000] {load_clean.py:41} INFO - Successfully connected to PostgreSQL database
[2026-04-15T04:06:50.554+0000] {logging_mixin.py:188} WARNING - 2026-04-15 04:06:50 - scripts.load_clean - INFO - Table 'weather_clean' created or already exists
[2026-04-15T04:06:50.554+0000] {load_clean.py:91} INFO - Table 'weather_clean' created or already exists
[2026-04-15T04:06:50.812+0000] {logging_mixin.py:188} WARNING - 2026-04-15 04:06:50 - scripts.load_clean - INFO - Inserted new record for Ahmedabad (deleted old records first)
[2026-04-15T04:06:50.812+0000] {load_clean.py:149} INFO - Inserted new record for Ahmedabad (deleted old records first)
[2026-04-15T04:06:50.814+0000] {logging_mixin.py:188} WARNING - 2026-04-15 04:06:50 - scripts.load_clean - INFO - Inserted new record for Mumbai (deleted old records first)
[2026-04-15T04:06:50.814+0000] {load_clean.py:149} INFO - Inserted new record for Mumbai (deleted old records first)
[2026-04-15T04:06:50.817+0000] {logging_mixin.py:188} WARNING - 2026-04-15 04:06:50 - scripts.load_clean - INFO - Inserted new record for Delhi (deleted old records first)
[2026-04-15T04:06:50.816+0000] {load_clean.py:149} INFO - Inserted new record for Delhi (deleted old records first)
[2026-04-15T04:06:50.820+0000] {logging_mixin.py:188} WARNING - 2026-04-15 04:06:50 - scripts.load_clean - INFO - Inserted new record for Bengaluru (deleted old records first)
[2026-04-15T04:06:50.818+0000] {load_clean.py:149} INFO - Inserted new record for Bengaluru (deleted old records first)
[2026-04-15T04:06:50.822+0000] {logging_mixin.py:188} WARNING - 2026-04-15 04:06:50 - scripts.load_clean - INFO - Inserted new record for Chennai (deleted old records first)
[2026-04-15T04:06:50.822+0000] {load_clean.py:149} INFO - Inserted new record for Chennai (deleted old records first)
[2026-04-15T04:06:50.825+0000] {logging_mixin.py:188} WARNING - 2026-04-15 04:06:50 - scripts.load_clean - INFO - Inserted new record for Ahmedabad (deleted old records first)
[2026-04-15T04:06:50.825+0000] {load_clean.py:149} INFO - Inserted new record for Ahmedabad (deleted old records first)
[2026-04-15T04:06:50.830+0000] {logging_mixin.py:188} WARNING - 2026-04-15 04:06:50 - scripts.load_clean - INFO - Inserted new record for Mumbai (deleted old records first)
[2026-04-15T04:06:50.828+0000] {load_clean.py:149} INFO - Inserted new record for Mumbai (deleted old records first)
[2026-04-15T04:06:50.834+0000] {logging_mixin.py:188} WARNING - 2026-04-15 04:06:50 - scripts.load_clean - INFO - Inserted new record for Delhi (deleted old records first)
[2026-04-15T04:06:50.833+0000] {load_clean.py:149} INFO - Inserted new record for Delhi (deleted old records first)
[2026-04-15T04:06:50.837+0000] {logging_mixin.py:188} WARNING - 2026-04-15 04:06:50 - scripts.load_clean - INFO - Inserted new record for Bengaluru (deleted old records first)
[2026-04-15T04:06:50.837+0000] {load_clean.py:149} INFO - Inserted new record for Bengaluru (deleted old records first)
[2026-04-15T04:06:50.840+0000] {logging_mixin.py:188} WARNING - 2026-04-15 04:06:50 - scripts.load_clean - INFO - Inserted new record for Chennai (deleted old records first)
[2026-04-15T04:06:50.839+0000] {load_clean.py:149} INFO - Inserted new record for Chennai (deleted old records first)
[2026-04-15T04:06:50.842+0000] {logging_mixin.py:188} WARNING - 2026-04-15 04:06:50 - scripts.load_clean - INFO - Inserted new record for Ahmedabad (deleted old records first)
[2026-04-15T04:06:50.841+0000] {load_clean.py:149} INFO - Inserted new record for Ahmedabad (deleted old records first)
[2026-04-15T04:06:50.846+0000] {logging_mixin.py:188} WARNING - 2026-04-15 04:06:50 - scripts.load_clean - INFO - Inserted new record for Mumbai (deleted old records first)
[2026-04-15T04:06:50.845+0000] {load_clean.py:149} INFO - Inserted new record for Mumbai (deleted old records first)
[2026-04-15T04:06:50.849+0000] {logging_mixin.py:188} WARNING - 2026-04-15 04:06:50 - scripts.load_clean - INFO - Inserted new record for Delhi (deleted old records first)
[2026-04-15T04:06:50.848+0000] {load_clean.py:149} INFO - Inserted new record for Delhi (deleted old records first)
[2026-04-15T04:06:50.852+0000] {logging_mixin.py:188} WARNING - 2026-04-15 04:06:50 - scripts.load_clean - INFO - Inserted new record for Bengaluru (deleted old records first)
[2026-04-15T04:06:50.851+0000] {load_clean.py:149} INFO - Inserted new record for Bengaluru (deleted old records first)
[2026-04-15T04:06:50.855+0000] {logging_mixin.py:188} WARNING - 2026-04-15 04:06:50 - scripts.load_clean - INFO - Inserted new record for Chennai (deleted old records first)
[2026-04-15T04:06:50.854+0000] {load_clean.py:149} INFO - Inserted new record for Chennai (deleted old records first)
[2026-04-15T04:06:50.857+0000] {logging_mixin.py:188} WARNING - 2026-04-15 04:06:50 - scripts.load_clean - INFO - Inserted new record for Ahmedabad (deleted old records first)
[2026-04-15T04:06:50.857+0000] {load_clean.py:149} INFO - Inserted new record for Ahmedabad (deleted old records first)
[2026-04-15T04:06:50.859+0000] {logging_mixin.py:188} WARNING - 2026-04-15 04:06:50 - scripts.load_clean - INFO - Inserted new record for Mumbai (deleted old records first)
[2026-04-15T04:06:50.859+0000] {load_clean.py:149} INFO - Inserted new record for Mumbai (deleted old records first)
[2026-04-15T04:06:50.862+0000] {logging_mixin.py:188} WARNING - 2026-04-15 04:06:50 - scripts.load_clean - INFO - Inserted new record for Delhi (deleted old records first)
[2026-04-15T04:06:50.861+0000] {load_clean.py:149} INFO - Inserted new record for Delhi (deleted old records first)
[2026-04-15T04:06:50.864+0000] {logging_mixin.py:188} WARNING - 2026-04-15 04:06:50 - scripts.load_clean - INFO - Inserted new record for Bengaluru (deleted old records first)
[2026-04-15T04:06:50.863+0000] {load_clean.py:149} INFO - Inserted new record for Bengaluru (deleted old records first)
[2026-04-15T04:06:50.868+0000] {logging_mixin.py:188} WARNING - 2026-04-15 04:06:50 - scripts.load_clean - INFO - Inserted new record for Chennai (deleted old records first)
[2026-04-15T04:06:50.867+0000] {load_clean.py:149} INFO - Inserted new record for Chennai (deleted old records first)
[2026-04-15T04:06:50.871+0000] {logging_mixin.py:188} WARNING - 2026-04-15 04:06:50 - scripts.load_clean - INFO - Inserted new record for Ahmedabad (deleted old records first)
[2026-04-15T04:06:50.870+0000] {load_clean.py:149} INFO - Inserted new record for Ahmedabad (deleted old records first)
[2026-04-15T04:06:50.873+0000] {logging_mixin.py:188} WARNING - 2026-04-15 04:06:50 - scripts.load_clean - INFO - Inserted new record for Mumbai (deleted old records first)
[2026-04-15T04:06:50.873+0000] {load_clean.py:149} INFO - Inserted new record for Mumbai (deleted old records first)
[2026-04-15T04:06:50.877+0000] {logging_mixin.py:188} WARNING - 2026-04-15 04:06:50 - scripts.load_clean - INFO - Inserted new record for Delhi (deleted old records first)
[2026-04-15T04:06:50.877+0000] {load_clean.py:149} INFO - Inserted new record for Delhi (deleted old records first)
[2026-04-15T04:06:50.880+0000] {logging_mixin.py:188} WARNING - 2026-04-15 04:06:50 - scripts.load_clean - INFO - Inserted new record for Bengaluru (deleted old records first)
[2026-04-15T04:06:50.879+0000] {load_clean.py:149} INFO - Inserted new record for Bengaluru (deleted old records first)
[2026-04-15T04:06:50.882+0000] {logging_mixin.py:188} WARNING - 2026-04-15 04:06:50 - scripts.load_clean - INFO - Inserted new record for Chennai (deleted old records first)
[2026-04-15T04:06:50.882+0000] {load_clean.py:149} INFO - Inserted new record for Chennai (deleted old records first)
[2026-04-15T04:06:50.884+0000] {logging_mixin.py:188} WARNING - 2026-04-15 04:06:50 - scripts.load_clean - INFO - Inserted new record for Ahmedabad (deleted old records first)
[2026-04-15T04:06:50.884+0000] {load_clean.py:149} INFO - Inserted new record for Ahmedabad (deleted old records first)
[2026-04-15T04:06:50.886+0000] {logging_mixin.py:188} WARNING - 2026-04-15 04:06:50 - scripts.load_clean - INFO - Inserted new record for Mumbai (deleted old records first)
[2026-04-15T04:06:50.886+0000] {load_clean.py:149} INFO - Inserted new record for Mumbai (deleted old records first)
[2026-04-15T04:06:50.888+0000] {logging_mixin.py:188} WARNING - 2026-04-15 04:06:50 - scripts.load_clean - INFO - Inserted new record for Delhi (deleted old records first)
[2026-04-15T04:06:50.888+0000] {load_clean.py:149} INFO - Inserted new record for Delhi (deleted old records first)
[2026-04-15T04:06:50.890+0000] {logging_mixin.py:188} WARNING - 2026-04-15 04:06:50 - scripts.load_clean - INFO - Inserted new record for Bengaluru (deleted old records first)
[2026-04-15T04:06:50.889+0000] {load_clean.py:149} INFO - Inserted new record for Bengaluru (deleted old records first)
[2026-04-15T04:06:50.891+0000] {logging_mixin.py:188} WARNING - 2026-04-15 04:06:50 - scripts.load_clean - INFO - Inserted new record for Chennai (deleted old records first)
[2026-04-15T04:06:50.891+0000] {load_clean.py:149} INFO - Inserted new record for Chennai (deleted old records first)
[2026-04-15T04:06:50.893+0000] {logging_mixin.py:188} WARNING - 2026-04-15 04:06:50 - scripts.load_clean - INFO - Inserted new record for Ahmedabad (deleted old records first)
[2026-04-15T04:06:50.893+0000] {load_clean.py:149} INFO - Inserted new record for Ahmedabad (deleted old records first)
[2026-04-15T04:06:50.896+0000] {logging_mixin.py:188} WARNING - 2026-04-15 04:06:50 - scripts.load_clean - INFO - Inserted new record for Mumbai (deleted old records first)
[2026-04-15T04:06:50.895+0000] {load_clean.py:149} INFO - Inserted new record for Mumbai (deleted old records first)
[2026-04-15T04:06:50.898+0000] {logging_mixin.py:188} WARNING - 2026-04-15 04:06:50 - scripts.load_clean - INFO - Inserted new record for Delhi (deleted old records first)
[2026-04-15T04:06:50.897+0000] {load_clean.py:149} INFO - Inserted new record for Delhi (deleted old records first)
[2026-04-15T04:06:50.900+0000] {logging_mixin.py:188} WARNING - 2026-04-15 04:06:50 - scripts.load_clean - INFO - Inserted new record for Bengaluru (deleted old records first)
[2026-04-15T04:06:50.900+0000] {load_clean.py:149} INFO - Inserted new record for Bengaluru (deleted old records first)
[2026-04-15T04:06:50.902+0000] {logging_mixin.py:188} WARNING - 2026-04-15 04:06:50 - scripts.load_clean - INFO - Inserted new record for Chennai (deleted old records first)
[2026-04-15T04:06:50.902+0000] {load_clean.py:149} INFO - Inserted new record for Chennai (deleted old records first)
[2026-04-15T04:06:50.904+0000] {logging_mixin.py:188} WARNING - 2026-04-15 04:06:50 - scripts.load_clean - INFO - Inserted new record for Ahmedabad (deleted old records first)
[2026-04-15T04:06:50.903+0000] {load_clean.py:149} INFO - Inserted new record for Ahmedabad (deleted old records first)
[2026-04-15T04:06:50.906+0000] {logging_mixin.py:188} WARNING - 2026-04-15 04:06:50 - scripts.load_clean - INFO - Inserted new record for Mumbai (deleted old records first)
[2026-04-15T04:06:50.905+0000] {load_clean.py:149} INFO - Inserted new record for Mumbai (deleted old records first)
[2026-04-15T04:06:50.907+0000] {logging_mixin.py:188} WARNING - 2026-04-15 04:06:50 - scripts.load_clean - INFO - Inserted new record for Delhi (deleted old records first)
[2026-04-15T04:06:50.907+0000] {load_clean.py:149} INFO - Inserted new record for Delhi (deleted old records first)
[2026-04-15T04:06:50.909+0000] {logging_mixin.py:188} WARNING - 2026-04-15 04:06:50 - scripts.load_clean - INFO - Inserted new record for Bengaluru (deleted old records first)
[2026-04-15T04:06:50.908+0000] {load_clean.py:149} INFO - Inserted new record for Bengaluru (deleted old records first)
[2026-04-15T04:06:50.911+0000] {logging_mixin.py:188} WARNING - 2026-04-15 04:06:50 - scripts.load_clean - INFO - Inserted new record for Chennai (deleted old records first)
[2026-04-15T04:06:50.910+0000] {load_clean.py:149} INFO - Inserted new record for Chennai (deleted old records first)
[2026-04-15T04:06:50.913+0000] {logging_mixin.py:188} WARNING - 2026-04-15 04:06:50 - scripts.load_clean - INFO - Inserted new record for Ahmedabad (deleted old records first)
[2026-04-15T04:06:50.912+0000] {load_clean.py:149} INFO - Inserted new record for Ahmedabad (deleted old records first)
[2026-04-15T04:06:50.915+0000] {logging_mixin.py:188} WARNING - 2026-04-15 04:06:50 - scripts.load_clean - INFO - Inserted new record for Ahmedabad (deleted old records first)
[2026-04-15T04:06:50.915+0000] {load_clean.py:149} INFO - Inserted new record for Ahmedabad (deleted old records first)
[2026-04-15T04:06:50.918+0000] {logging_mixin.py:188} WARNING - 2026-04-15 04:06:50 - scripts.load_clean - INFO - Inserted new record for Mumbai (deleted old records first)
[2026-04-15T04:06:50.917+0000] {load_clean.py:149} INFO - Inserted new record for Mumbai (deleted old records first)
[2026-04-15T04:06:50.920+0000] {logging_mixin.py:188} WARNING - 2026-04-15 04:06:50 - scripts.load_clean - INFO - Inserted new record for Delhi (deleted old records first)
[2026-04-15T04:06:50.920+0000] {load_clean.py:149} INFO - Inserted new record for Delhi (deleted old records first)
[2026-04-15T04:06:50.922+0000] {logging_mixin.py:188} WARNING - 2026-04-15 04:06:50 - scripts.load_clean - INFO - Inserted new record for Bengaluru (deleted old records first)
[2026-04-15T04:06:50.922+0000] {load_clean.py:149} INFO - Inserted new record for Bengaluru (deleted old records first)
[2026-04-15T04:06:50.925+0000] {logging_mixin.py:188} WARNING - 2026-04-15 04:06:50 - scripts.load_clean - INFO - Inserted new record for Chennai (deleted old records first)
[2026-04-15T04:06:50.925+0000] {load_clean.py:149} INFO - Inserted new record for Chennai (deleted old records first)
[2026-04-15T04:06:50.928+0000] {logging_mixin.py:188} WARNING - 2026-04-15 04:06:50 - scripts.load_clean - INFO - Inserted new record for Delhi (deleted old records first)
[2026-04-15T04:06:50.927+0000] {load_clean.py:149} INFO - Inserted new record for Delhi (deleted old records first)
[2026-04-15T04:06:50.931+0000] {logging_mixin.py:188} WARNING - 2026-04-15 04:06:50 - scripts.load_clean - INFO - Inserted new record for Bengaluru (deleted old records first)
[2026-04-15T04:06:50.930+0000] {load_clean.py:149} INFO - Inserted new record for Bengaluru (deleted old records first)
[2026-04-15T04:06:50.934+0000] {logging_mixin.py:188} WARNING - 2026-04-15 04:06:50 - scripts.load_clean - INFO - Inserted new record for Chennai (deleted old records first)
[2026-04-15T04:06:50.933+0000] {load_clean.py:149} INFO - Inserted new record for Chennai (deleted old records first)
[2026-04-15T04:06:50.937+0000] {logging_mixin.py:188} WARNING - 2026-04-15 04:06:50 - scripts.load_clean - INFO - Inserted new record for Ahmedabad (deleted old records first)
[2026-04-15T04:06:50.937+0000] {load_clean.py:149} INFO - Inserted new record for Ahmedabad (deleted old records first)
[2026-04-15T04:06:50.941+0000] {logging_mixin.py:188} WARNING - 2026-04-15 04:06:50 - scripts.load_clean - INFO - Inserted new record for Mumbai (deleted old records first)
[2026-04-15T04:06:50.940+0000] {load_clean.py:149} INFO - Inserted new record for Mumbai (deleted old records first)
[2026-04-15T04:06:50.944+0000] {logging_mixin.py:188} WARNING - 2026-04-15 04:06:50 - scripts.load_clean - INFO - Inserted new record for Delhi (deleted old records first)
[2026-04-15T04:06:50.943+0000] {load_clean.py:149} INFO - Inserted new record for Delhi (deleted old records first)
[2026-04-15T04:06:50.947+0000] {logging_mixin.py:188} WARNING - 2026-04-15 04:06:50 - scripts.load_clean - INFO - Inserted new record for Bengaluru (deleted old records first)
[2026-04-15T04:06:50.947+0000] {load_clean.py:149} INFO - Inserted new record for Bengaluru (deleted old records first)
[2026-04-15T04:06:50.950+0000] {logging_mixin.py:188} WARNING - 2026-04-15 04:06:50 - scripts.load_clean - INFO - Inserted new record for Chennai (deleted old records first)
[2026-04-15T04:06:50.949+0000] {load_clean.py:149} INFO - Inserted new record for Chennai (deleted old records first)
[2026-04-15T04:06:50.953+0000] {logging_mixin.py:188} WARNING - 2026-04-15 04:06:50 - scripts.load_clean - INFO - Inserted new record for Ahmedabad (deleted old records first)
[2026-04-15T04:06:50.952+0000] {load_clean.py:149} INFO - Inserted new record for Ahmedabad (deleted old records first)
[2026-04-15T04:06:50.955+0000] {logging_mixin.py:188} WARNING - 2026-04-15 04:06:50 - scripts.load_clean - INFO - Inserted new record for Mumbai (deleted old records first)
[2026-04-15T04:06:50.954+0000] {load_clean.py:149} INFO - Inserted new record for Mumbai (deleted old records first)
[2026-04-15T04:06:50.957+0000] {logging_mixin.py:188} WARNING - 2026-04-15 04:06:50 - scripts.load_clean - INFO - Inserted new record for Delhi (deleted old records first)
[2026-04-15T04:06:50.957+0000] {load_clean.py:149} INFO - Inserted new record for Delhi (deleted old records first)
[2026-04-15T04:06:50.960+0000] {logging_mixin.py:188} WARNING - 2026-04-15 04:06:50 - scripts.load_clean - INFO - Inserted new record for Bengaluru (deleted old records first)
[2026-04-15T04:06:50.960+0000] {load_clean.py:149} INFO - Inserted new record for Bengaluru (deleted old records first)
[2026-04-15T04:06:50.963+0000] {logging_mixin.py:188} WARNING - 2026-04-15 04:06:50 - scripts.load_clean - INFO - Inserted new record for Chennai (deleted old records first)
[2026-04-15T04:06:50.962+0000] {load_clean.py:149} INFO - Inserted new record for Chennai (deleted old records first)
[2026-04-15T04:06:50.965+0000] {logging_mixin.py:188} WARNING - 2026-04-15 04:06:50 - scripts.load_clean - INFO - Inserted new record for Ahmedabad (deleted old records first)
[2026-04-15T04:06:50.965+0000] {load_clean.py:149} INFO - Inserted new record for Ahmedabad (deleted old records first)
[2026-04-15T04:06:50.968+0000] {logging_mixin.py:188} WARNING - 2026-04-15 04:06:50 - scripts.load_clean - INFO - Inserted new record for Bengaluru (deleted old records first)
[2026-04-15T04:06:50.967+0000] {load_clean.py:149} INFO - Inserted new record for Bengaluru (deleted old records first)
[2026-04-15T04:06:50.971+0000] {logging_mixin.py:188} WARNING - 2026-04-15 04:06:50 - scripts.load_clean - INFO - Inserted new record for Chennai (deleted old records first)
[2026-04-15T04:06:50.970+0000] {load_clean.py:149} INFO - Inserted new record for Chennai (deleted old records first)
[2026-04-15T04:06:50.974+0000] {logging_mixin.py:188} WARNING - 2026-04-15 04:06:50 - scripts.load_clean - INFO - Inserted new record for Delhi (deleted old records first)
[2026-04-15T04:06:50.973+0000] {load_clean.py:149} INFO - Inserted new record for Delhi (deleted old records first)
[2026-04-15T04:06:50.977+0000] {logging_mixin.py:188} WARNING - 2026-04-15 04:06:50 - scripts.load_clean - INFO - Inserted new record for Mumbai (deleted old records first)
[2026-04-15T04:06:50.976+0000] {load_clean.py:149} INFO - Inserted new record for Mumbai (deleted old records first)
[2026-04-15T04:06:50.980+0000] {logging_mixin.py:188} WARNING - 2026-04-15 04:06:50 - scripts.load_clean - INFO - Inserted new record for Chennai (deleted old records first)
[2026-04-15T04:06:50.979+0000] {load_clean.py:149} INFO - Inserted new record for Chennai (deleted old records first)
[2026-04-15T04:06:50.984+0000] {logging_mixin.py:188} WARNING - 2026-04-15 04:06:50 - scripts.load_clean - INFO - Inserted new record for Delhi (deleted old records first)
[2026-04-15T04:06:50.983+0000] {load_clean.py:149} INFO - Inserted new record for Delhi (deleted old records first)
[2026-04-15T04:06:50.987+0000] {logging_mixin.py:188} WARNING - 2026-04-15 04:06:50 - scripts.load_clean - INFO - Inserted new record for Islamabad (deleted old records first)
[2026-04-15T04:06:50.986+0000] {load_clean.py:149} INFO - Inserted new record for Islamabad (deleted old records first)
[2026-04-15T04:06:50.990+0000] {logging_mixin.py:188} WARNING - 2026-04-15 04:06:50 - scripts.load_clean - INFO - Inserted new record for Mumbai (deleted old records first)
[2026-04-15T04:06:50.989+0000] {load_clean.py:149} INFO - Inserted new record for Mumbai (deleted old records first)
[2026-04-15T04:06:50.993+0000] {logging_mixin.py:188} WARNING - 2026-04-15 04:06:50 - scripts.load_clean - INFO - Inserted new record for Ahmedabad (deleted old records first)
[2026-04-15T04:06:50.993+0000] {load_clean.py:149} INFO - Inserted new record for Ahmedabad (deleted old records first)
[2026-04-15T04:06:50.996+0000] {logging_mixin.py:188} WARNING - 2026-04-15 04:06:50 - scripts.load_clean - INFO - Inserted new record for Bengaluru (deleted old records first)
[2026-04-15T04:06:50.995+0000] {load_clean.py:149} INFO - Inserted new record for Bengaluru (deleted old records first)
[2026-04-15T04:06:50.999+0000] {logging_mixin.py:188} WARNING - 2026-04-15 04:06:50 - scripts.load_clean - INFO - Inserted new record for Chennai (deleted old records first)
[2026-04-15T04:06:50.998+0000] {load_clean.py:149} INFO - Inserted new record for Chennai (deleted old records first)
[2026-04-15T04:06:51.002+0000] {logging_mixin.py:188} WARNING - 2026-04-15 04:06:51 - scripts.load_clean - INFO - Inserted new record for Delhi (deleted old records first)
[2026-04-15T04:06:51.001+0000] {load_clean.py:149} INFO - Inserted new record for Delhi (deleted old records first)
[2026-04-15T04:06:51.005+0000] {logging_mixin.py:188} WARNING - 2026-04-15 04:06:51 - scripts.load_clean - INFO - Inserted new record for Islamabad (deleted old records first)
[2026-04-15T04:06:51.004+0000] {load_clean.py:149} INFO - Inserted new record for Islamabad (deleted old records first)
[2026-04-15T04:06:51.009+0000] {logging_mixin.py:188} WARNING - 2026-04-15 04:06:51 - scripts.load_clean - INFO - Inserted new record for Mumbai (deleted old records first)
[2026-04-15T04:06:51.008+0000] {load_clean.py:149} INFO - Inserted new record for Mumbai (deleted old records first)
[2026-04-15T04:06:51.012+0000] {logging_mixin.py:188} WARNING - 2026-04-15 04:06:51 - scripts.load_clean - INFO - Inserted new record for Ahmedabad (deleted old records first)
[2026-04-15T04:06:51.011+0000] {load_clean.py:149} INFO - Inserted new record for Ahmedabad (deleted old records first)
[2026-04-15T04:06:51.016+0000] {logging_mixin.py:188} WARNING - 2026-04-15 04:06:51 - scripts.load_clean - INFO - Inserted new record for Bengaluru (deleted old records first)
[2026-04-15T04:06:51.015+0000] {load_clean.py:149} INFO - Inserted new record for Bengaluru (deleted old records first)
[2026-04-15T04:06:51.020+0000] {logging_mixin.py:188} WARNING - 2026-04-15 04:06:51 - scripts.load_clean - INFO - Inserted new record for Chennai (deleted old records first)
[2026-04-15T04:06:51.019+0000] {load_clean.py:149} INFO - Inserted new record for Chennai (deleted old records first)
[2026-04-15T04:06:51.024+0000] {logging_mixin.py:188} WARNING - 2026-04-15 04:06:51 - scripts.load_clean - INFO - Inserted new record for Delhi (deleted old records first)
[2026-04-15T04:06:51.023+0000] {load_clean.py:149} INFO - Inserted new record for Delhi (deleted old records first)
[2026-04-15T04:06:51.028+0000] {logging_mixin.py:188} WARNING - 2026-04-15 04:06:51 - scripts.load_clean - INFO - Inserted new record for Islamabad (deleted old records first)
[2026-04-15T04:06:51.027+0000] {load_clean.py:149} INFO - Inserted new record for Islamabad (deleted old records first)
[2026-04-15T04:06:51.033+0000] {logging_mixin.py:188} WARNING - 2026-04-15 04:06:51 - scripts.load_clean - INFO - Inserted new record for Mumbai (deleted old records first)
[2026-04-15T04:06:51.032+0000] {load_clean.py:149} INFO - Inserted new record for Mumbai (deleted old records first)
[2026-04-15T04:06:51.038+0000] {logging_mixin.py:188} WARNING - 2026-04-15 04:06:51 - scripts.load_clean - INFO - Inserted new record for Pune (deleted old records first)
[2026-04-15T04:06:51.037+0000] {load_clean.py:149} INFO - Inserted new record for Pune (deleted old records first)
[2026-04-15T04:06:51.043+0000] {logging_mixin.py:188} WARNING - 2026-04-15 04:06:51 - scripts.load_clean - INFO - Inserted new record for Ahmedabad (deleted old records first)
[2026-04-15T04:06:51.042+0000] {load_clean.py:149} INFO - Inserted new record for Ahmedabad (deleted old records first)
[2026-04-15T04:06:51.047+0000] {logging_mixin.py:188} WARNING - 2026-04-15 04:06:51 - scripts.load_clean - INFO - Inserted new record for Bengaluru (deleted old records first)
[2026-04-15T04:06:51.046+0000] {load_clean.py:149} INFO - Inserted new record for Bengaluru (deleted old records first)
[2026-04-15T04:06:51.051+0000] {logging_mixin.py:188} WARNING - 2026-04-15 04:06:51 - scripts.load_clean - INFO - Inserted new record for Chennai (deleted old records first)
[2026-04-15T04:06:51.050+0000] {load_clean.py:149} INFO - Inserted new record for Chennai (deleted old records first)
[2026-04-15T04:06:51.056+0000] {logging_mixin.py:188} WARNING - 2026-04-15 04:06:51 - scripts.load_clean - INFO - Inserted new record for Delhi (deleted old records first)
[2026-04-15T04:06:51.053+0000] {load_clean.py:149} INFO - Inserted new record for Delhi (deleted old records first)
[2026-04-15T04:06:51.058+0000] {logging_mixin.py:188} WARNING - 2026-04-15 04:06:51 - scripts.load_clean - INFO - Inserted new record for Islamabad (deleted old records first)
[2026-04-15T04:06:51.058+0000] {load_clean.py:149} INFO - Inserted new record for Islamabad (deleted old records first)
[2026-04-15T04:06:51.063+0000] {logging_mixin.py:188} WARNING - 2026-04-15 04:06:51 - scripts.load_clean - INFO - Inserted new record for Mumbai (deleted old records first)
[2026-04-15T04:06:51.062+0000] {load_clean.py:149} INFO - Inserted new record for Mumbai (deleted old records first)
[2026-04-15T04:06:51.071+0000] {logging_mixin.py:188} WARNING - 2026-04-15 04:06:51 - scripts.load_clean - INFO - Inserted new record for Pune (deleted old records first)
[2026-04-15T04:06:51.069+0000] {load_clean.py:149} INFO - Inserted new record for Pune (deleted old records first)
[2026-04-15T04:06:51.077+0000] {logging_mixin.py:188} WARNING - 2026-04-15 04:06:51 - scripts.load_clean - INFO - Inserted new record for Ahmedabad (deleted old records first)
[2026-04-15T04:06:51.076+0000] {load_clean.py:149} INFO - Inserted new record for Ahmedabad (deleted old records first)
[2026-04-15T04:06:51.081+0000] {logging_mixin.py:188} WARNING - 2026-04-15 04:06:51 - scripts.load_clean - INFO - Inserted new record for Bengaluru (deleted old records first)
[2026-04-15T04:06:51.080+0000] {load_clean.py:149} INFO - Inserted new record for Bengaluru (deleted old records first)
[2026-04-15T04:06:51.084+0000] {logging_mixin.py:188} WARNING - 2026-04-15 04:06:51 - scripts.load_clean - INFO - Inserted new record for Chennai (deleted old records first)
[2026-04-15T04:06:51.083+0000] {load_clean.py:149} INFO - Inserted new record for Chennai (deleted old records first)
[2026-04-15T04:06:51.088+0000] {logging_mixin.py:188} WARNING - 2026-04-15 04:06:51 - scripts.load_clean - INFO - Inserted new record for Delhi (deleted old records first)
[2026-04-15T04:06:51.087+0000] {load_clean.py:149} INFO - Inserted new record for Delhi (deleted old records first)
[2026-04-15T04:06:51.091+0000] {logging_mixin.py:188} WARNING - 2026-04-15 04:06:51 - scripts.load_clean - INFO - Inserted new record for Islamabad (deleted old records first)
[2026-04-15T04:06:51.090+0000] {load_clean.py:149} INFO - Inserted new record for Islamabad (deleted old records first)
[2026-04-15T04:06:51.094+0000] {logging_mixin.py:188} WARNING - 2026-04-15 04:06:51 - scripts.load_clean - INFO - Inserted new record for Mumbai (deleted old records first)
[2026-04-15T04:06:51.093+0000] {load_clean.py:149} INFO - Inserted new record for Mumbai (deleted old records first)
[2026-04-15T04:06:51.097+0000] {logging_mixin.py:188} WARNING - 2026-04-15 04:06:51 - scripts.load_clean - INFO - Inserted new record for New York (deleted old records first)
[2026-04-15T04:06:51.096+0000] {load_clean.py:149} INFO - Inserted new record for New York (deleted old records first)
[2026-04-15T04:06:51.104+0000] {logging_mixin.py:188} WARNING - 2026-04-15 04:06:51 - scripts.load_clean - INFO - Inserted new record for Pune (deleted old records first)
[2026-04-15T04:06:51.103+0000] {load_clean.py:149} INFO - Inserted new record for Pune (deleted old records first)
[2026-04-15T04:06:51.108+0000] {logging_mixin.py:188} WARNING - 2026-04-15 04:06:51 - scripts.load_clean - INFO - Inserted new record for Ahmedabad (deleted old records first)
[2026-04-15T04:06:51.107+0000] {load_clean.py:149} INFO - Inserted new record for Ahmedabad (deleted old records first)
[2026-04-15T04:06:51.111+0000] {logging_mixin.py:188} WARNING - 2026-04-15 04:06:51 - scripts.load_clean - INFO - Inserted new record for Ahmedabad (deleted old records first)
[2026-04-15T04:06:51.110+0000] {load_clean.py:149} INFO - Inserted new record for Ahmedabad (deleted old records first)
[2026-04-15T04:06:51.115+0000] {logging_mixin.py:188} WARNING - 2026-04-15 04:06:51 - scripts.load_clean - INFO - Inserted new record for Bengaluru (deleted old records first)
[2026-04-15T04:06:51.114+0000] {load_clean.py:149} INFO - Inserted new record for Bengaluru (deleted old records first)
[2026-04-15T04:06:51.119+0000] {logging_mixin.py:188} WARNING - 2026-04-15 04:06:51 - scripts.load_clean - INFO - Inserted new record for Bengaluru (deleted old records first)
[2026-04-15T04:06:51.118+0000] {load_clean.py:149} INFO - Inserted new record for Bengaluru (deleted old records first)
[2026-04-15T04:06:51.123+0000] {logging_mixin.py:188} WARNING - 2026-04-15 04:06:51 - scripts.load_clean - INFO - Inserted new record for Chennai (deleted old records first)
[2026-04-15T04:06:51.122+0000] {load_clean.py:149} INFO - Inserted new record for Chennai (deleted old records first)
[2026-04-15T04:06:51.126+0000] {logging_mixin.py:188} WARNING - 2026-04-15 04:06:51 - scripts.load_clean - INFO - Inserted new record for Chennai (deleted old records first)
[2026-04-15T04:06:51.125+0000] {load_clean.py:149} INFO - Inserted new record for Chennai (deleted old records first)
[2026-04-15T04:06:51.131+0000] {logging_mixin.py:188} WARNING - 2026-04-15 04:06:51 - scripts.load_clean - INFO - Inserted new record for Delhi (deleted old records first)
[2026-04-15T04:06:51.129+0000] {load_clean.py:149} INFO - Inserted new record for Delhi (deleted old records first)
[2026-04-15T04:06:51.135+0000] {logging_mixin.py:188} WARNING - 2026-04-15 04:06:51 - scripts.load_clean - INFO - Inserted new record for Delhi (deleted old records first)
[2026-04-15T04:06:51.134+0000] {load_clean.py:149} INFO - Inserted new record for Delhi (deleted old records first)
[2026-04-15T04:06:51.140+0000] {logging_mixin.py:188} WARNING - 2026-04-15 04:06:51 - scripts.load_clean - INFO - Inserted new record for Islamabad (deleted old records first)
[2026-04-15T04:06:51.139+0000] {load_clean.py:149} INFO - Inserted new record for Islamabad (deleted old records first)
[2026-04-15T04:06:51.148+0000] {logging_mixin.py:188} WARNING - 2026-04-15 04:06:51 - scripts.load_clean - INFO - Inserted new record for Mumbai (deleted old records first)
[2026-04-15T04:06:51.146+0000] {load_clean.py:149} INFO - Inserted new record for Mumbai (deleted old records first)
[2026-04-15T04:06:51.154+0000] {logging_mixin.py:188} WARNING - 2026-04-15 04:06:51 - scripts.load_clean - INFO - Inserted new record for Islamabad (deleted old records first)
[2026-04-15T04:06:51.152+0000] {load_clean.py:149} INFO - Inserted new record for Islamabad (deleted old records first)
[2026-04-15T04:06:51.162+0000] {logging_mixin.py:188} WARNING - 2026-04-15 04:06:51 - scripts.load_clean - INFO - Inserted new record for Pune (deleted old records first)
[2026-04-15T04:06:51.160+0000] {load_clean.py:149} INFO - Inserted new record for Pune (deleted old records first)
[2026-04-15T04:06:51.169+0000] {logging_mixin.py:188} WARNING - 2026-04-15 04:06:51 - scripts.load_clean - INFO - Inserted new record for Mumbai (deleted old records first)
[2026-04-15T04:06:51.168+0000] {load_clean.py:149} INFO - Inserted new record for Mumbai (deleted old records first)
[2026-04-15T04:06:51.174+0000] {logging_mixin.py:188} WARNING - 2026-04-15 04:06:51 - scripts.load_clean - INFO - Inserted new record for Pune (deleted old records first)
[2026-04-15T04:06:51.172+0000] {load_clean.py:149} INFO - Inserted new record for Pune (deleted old records first)
[2026-04-15T04:06:51.185+0000] {logging_mixin.py:188} WARNING - 2026-04-15 04:06:51 - scripts.load_clean - INFO - Marked 110 raw records as processed
[2026-04-15T04:06:51.184+0000] {load_clean.py:252} INFO - Marked 110 raw records as processed
[2026-04-15T04:06:51.187+0000] {logging_mixin.py:188} WARNING - 2026-04-15 04:06:51 - scripts.load_clean - INFO - Clean data load complete: 110 transformed, 110 validated, 110 loaded, 0 failed
[2026-04-15T04:06:51.186+0000] {load_clean.py:224} INFO - Clean data load complete: 110 transformed, 110 validated, 110 loaded, 0 failed
[2026-04-15T04:06:51.189+0000] {logging_mixin.py:188} WARNING - 2026-04-15 04:06:51 - scripts.load_clean - INFO - Database connection closed
[2026-04-15T04:06:51.188+0000] {load_clean.py:56} INFO - Database connection closed
[2026-04-15T04:06:51.192+0000] {weather_etl_dag_v2.py:166} INFO - ✓ Transform and load complete: 110 loaded, 0 failed
[2026-04-15T04:06:51.213+0000] {python.py:237} INFO - Done. Returned value was: 110
[2026-04-15T04:06:51.214+0000] {taskinstance.py:441} INFO - ::group::Post task execution logs
[2026-04-15T04:06:51.233+0000] {taskinstance.py:1206} INFO - Marking task as SUCCESS. dag_id=weather_etl_pipeline_v2, task_id=transform_clean, run_id=scheduled__2026-04-13T02:00:00+00:00, execution_date=20260413T020000, start_date=20260415T040650, end_date=20260415T040651
[2026-04-15T04:06:51.257+0000] {local_task_job_runner.py:243} INFO - Task exited with return code 0
[2026-04-15T04:06:51.294+0000] {taskinstance.py:3503} INFO - 1 downstream tasks scheduled from follow-on schedule check
[2026-04-15T04:06:51.298+0000] {local_task_job_runner.py:222} INFO - ::endgroup::
