[2026-04-10T13:35:31.728+0000] {local_task_job_runner.py:120} INFO - ::group::Pre task execution logs
[2026-04-10T13:35:31.781+0000] {taskinstance.py:2076} INFO - Dependencies all met for dep_context=non-requeueable deps ti=<TaskInstance: weather_etl_pipeline_v2.update_metadata_success manual__2026-04-10T13:35:22.874361+00:00 [queued]>
[2026-04-10T13:35:31.795+0000] {taskinstance.py:2076} INFO - Dependencies all met for dep_context=requeueable deps ti=<TaskInstance: weather_etl_pipeline_v2.update_metadata_success manual__2026-04-10T13:35:22.874361+00:00 [queued]>
[2026-04-10T13:35:31.797+0000] {taskinstance.py:2306} INFO - Starting attempt 1 of 4
[2026-04-10T13:35:31.812+0000] {taskinstance.py:2330} INFO - Executing <Task(PythonOperator): update_metadata_success> on 2026-04-10 13:35:22.874361+00:00
[2026-04-10T13:35:31.821+0000] {standard_task_runner.py:90} INFO - Running: ['airflow', 'tasks', 'run', 'weather_etl_pipeline_v2', 'update_metadata_success', 'manual__2026-04-10T13:35:22.874361+00:00', '--job-id', '65', '--raw', '--subdir', 'DAGS_FOLDER/weather_etl_dag_v2.py', '--cfg-path', '/tmp/tmpg4bf8iv5']
[2026-04-10T13:35:31.824+0000] {standard_task_runner.py:91} INFO - Job 65: Subtask update_metadata_success
[2026-04-10T13:35:31.828+0000] {logging_mixin.py:188} WARNING - /home/airflow/.local/lib/python3.12/site-packages/airflow/task/task_runner/standard_task_runner.py:62 DeprecationWarning: This process (pid=319) is multi-threaded, use of fork() may lead to deadlocks in the child.
[2026-04-10T13:35:31.828+0000] {standard_task_runner.py:64} INFO - Started process 322 to run task
[2026-04-10T13:35:31.893+0000] {task_command.py:426} INFO - Running <TaskInstance: weather_etl_pipeline_v2.update_metadata_success manual__2026-04-10T13:35:22.874361+00:00 [running]> on host e69da4fb5dc4
[2026-04-10T13:35:32.011+0000] {taskinstance.py:2648} INFO - Exporting env vars: AIRFLOW_CTX_DAG_OWNER='weather_etl' AIRFLOW_CTX_DAG_ID='weather_etl_pipeline_v2' AIRFLOW_CTX_TASK_ID='update_metadata_success' AIRFLOW_CTX_EXECUTION_DATE='2026-04-10T13:35:22.874361+00:00' AIRFLOW_CTX_TRY_NUMBER='1' AIRFLOW_CTX_DAG_RUN_ID='manual__2026-04-10T13:35:22.874361+00:00'
[2026-04-10T13:35:32.013+0000] {taskinstance.py:430} INFO - ::endgroup::
[2026-04-10T13:35:32.029+0000] {weather_etl_dag_v2.py:229} INFO - ============================================================
[2026-04-10T13:35:32.031+0000] {weather_etl_dag_v2.py:230} INFO - TASK: UPDATE_METADATA_SUCCESS - Recording successful run
[2026-04-10T13:35:32.033+0000] {weather_etl_dag_v2.py:231} INFO - ============================================================
[2026-04-10T13:35:32.122+0000] {logging_mixin.py:188} WARNING - 2026-04-10 13:35:32 - scripts.metadata_manager - INFO - Successfully connected to PostgreSQL database
[2026-04-10T13:35:32.121+0000] {metadata_manager.py:38} INFO - Successfully connected to PostgreSQL database
[2026-04-10T13:35:32.132+0000] {logging_mixin.py:188} WARNING - 2026-04-10 13:35:32 - scripts.metadata_manager - INFO - Table 'pipeline_metadata' created or already exists
[2026-04-10T13:35:32.131+0000] {metadata_manager.py:92} INFO - Table 'pipeline_metadata' created or already exists
[2026-04-10T13:35:32.137+0000] {logging_mixin.py:188} WARNING - 2026-04-10 13:35:32 - scripts.metadata_manager - INFO - Pipeline weather_etl_pipeline_v2 marked as SUCCESS: 5 processed, 25 inserted, 0 failed
[2026-04-10T13:35:32.136+0000] {metadata_manager.py:241} INFO - Pipeline weather_etl_pipeline_v2 marked as SUCCESS: 5 processed, 25 inserted, 0 failed
[2026-04-10T13:35:32.140+0000] {logging_mixin.py:188} WARNING - 2026-04-10 13:35:32 - scripts.metadata_manager - INFO - Database connection closed
[2026-04-10T13:35:32.139+0000] {metadata_manager.py:53} INFO - Database connection closed
[2026-04-10T13:35:32.141+0000] {weather_etl_dag_v2.py:253} INFO - ✓ Metadata updated: Pipeline marked as SUCCESS
[2026-04-10T13:35:32.142+0000] {weather_etl_dag_v2.py:254} INFO -   - Records processed: 5
[2026-04-10T13:35:32.145+0000] {weather_etl_dag_v2.py:255} INFO -   - Records inserted: 25
[2026-04-10T13:35:32.146+0000] {weather_etl_dag_v2.py:256} INFO -   - Validation rate: 100.0%
[2026-04-10T13:35:32.147+0000] {python.py:237} INFO - Done. Returned value was: True
[2026-04-10T13:35:32.147+0000] {taskinstance.py:441} INFO - ::group::Post task execution logs
[2026-04-10T13:35:32.177+0000] {taskinstance.py:1206} INFO - Marking task as SUCCESS. dag_id=weather_etl_pipeline_v2, task_id=update_metadata_success, run_id=manual__2026-04-10T13:35:22.874361+00:00, execution_date=20260410T133522, start_date=20260410T133531, end_date=20260410T133532
[2026-04-10T13:35:32.204+0000] {local_task_job_runner.py:243} INFO - Task exited with return code 0
[2026-04-10T13:35:32.228+0000] {taskinstance.py:3503} INFO - 0 downstream tasks scheduled from follow-on schedule check
[2026-04-10T13:35:32.231+0000] {local_task_job_runner.py:222} INFO - ::endgroup::
