[2026-04-15T07:42:48.752+0000] {local_task_job_runner.py:120} INFO - ::group::Pre task execution logs
[2026-04-15T07:42:48.821+0000] {taskinstance.py:2076} INFO - Dependencies all met for dep_context=non-requeueable deps ti=<TaskInstance: weather_etl_pipeline_v2.extract manual__2026-04-15T07:42:45.897213+00:00 [queued]>
[2026-04-15T07:42:48.845+0000] {taskinstance.py:2076} INFO - Dependencies all met for dep_context=requeueable deps ti=<TaskInstance: weather_etl_pipeline_v2.extract manual__2026-04-15T07:42:45.897213+00:00 [queued]>
[2026-04-15T07:42:48.848+0000] {taskinstance.py:2306} INFO - Starting attempt 1 of 4
[2026-04-15T07:42:48.870+0000] {taskinstance.py:2330} INFO - Executing <Task(PythonOperator): extract> on 2026-04-15 07:42:45.897213+00:00
[2026-04-15T07:42:48.882+0000] {standard_task_runner.py:90} INFO - Running: ['airflow', 'tasks', 'run', 'weather_etl_pipeline_v2', 'extract', 'manual__2026-04-15T07:42:45.897213+00:00', '--job-id', '252', '--raw', '--subdir', 'DAGS_FOLDER/weather_etl_dag_v2.py', '--cfg-path', '/tmp/tmpco7giqhj']
[2026-04-15T07:42:48.887+0000] {standard_task_runner.py:91} INFO - Job 252: Subtask extract
[2026-04-15T07:42:48.891+0000] {logging_mixin.py:188} WARNING - /home/airflow/.local/lib/python3.12/site-packages/airflow/task/task_runner/standard_task_runner.py:62 DeprecationWarning: This process (pid=325) is multi-threaded, use of fork() may lead to deadlocks in the child.
[2026-04-15T07:42:48.892+0000] {standard_task_runner.py:64} INFO - Started process 329 to run task
[2026-04-15T07:42:48.971+0000] {task_command.py:426} INFO - Running <TaskInstance: weather_etl_pipeline_v2.extract manual__2026-04-15T07:42:45.897213+00:00 [running]> on host 5352684ecc2b
[2026-04-15T07:42:49.157+0000] {taskinstance.py:2648} INFO - Exporting env vars: AIRFLOW_CTX_DAG_OWNER='weather_etl' AIRFLOW_CTX_DAG_ID='weather_etl_pipeline_v2' AIRFLOW_CTX_TASK_ID='extract' AIRFLOW_CTX_EXECUTION_DATE='2026-04-15T07:42:45.897213+00:00' AIRFLOW_CTX_TRY_NUMBER='1' AIRFLOW_CTX_DAG_RUN_ID='manual__2026-04-15T07:42:45.897213+00:00'
[2026-04-15T07:42:49.160+0000] {taskinstance.py:430} INFO - ::endgroup::
[2026-04-15T07:42:49.188+0000] {weather_etl_dag_v2.py:66} INFO - ============================================================
[2026-04-15T07:42:49.190+0000] {weather_etl_dag_v2.py:67} INFO - TASK: EXTRACT - Fetching weather data from API
[2026-04-15T07:42:49.192+0000] {weather_etl_dag_v2.py:68} INFO - ============================================================
[2026-04-15T07:42:49.201+0000] {weather_etl_dag_v2.py:91} INFO - Fetched 6 cities from database: ['Ahmedabad', 'Amsterdam', 'Chicago', 'Mumbai', 'New York', 'Surat']
[2026-04-15T07:42:49.211+0000] {logging_mixin.py:188} WARNING - 2026-04-15 07:42:49 - scripts.extract - INFO - Starting extraction for cities: Ahmedabad, Amsterdam, Chicago, Mumbai, New York, Surat
[2026-04-15T07:42:49.210+0000] {extract.py:126} INFO - Starting extraction for cities: Ahmedabad, Amsterdam, Chicago, Mumbai, New York, Surat
[2026-04-15T07:42:49.214+0000] {logging_mixin.py:188} WARNING - 2026-04-15 07:42:49 - scripts.extract - INFO - Starting extraction for 6 cities
[2026-04-15T07:42:49.214+0000] {extract.py:96} INFO - Starting extraction for 6 cities
[2026-04-15T07:42:49.218+0000] {logging_mixin.py:188} WARNING - 2026-04-15 07:42:49 - scripts.extract - INFO - Fetching weather data for Ahmedabad (attempt 1/3)
[2026-04-15T07:42:49.217+0000] {extract.py:47} INFO - Fetching weather data for Ahmedabad (attempt 1/3)
[2026-04-15T07:42:49.647+0000] {logging_mixin.py:188} WARNING - 2026-04-15 07:42:49 - scripts.extract - INFO - Successfully fetched data for Ahmedabad
[2026-04-15T07:42:49.646+0000] {extract.py:53} INFO - Successfully fetched data for Ahmedabad
[2026-04-15T07:42:49.652+0000] {logging_mixin.py:188} WARNING - 2026-04-15 07:42:49 - scripts.extract - INFO - Fetching weather data for Amsterdam (attempt 1/3)
[2026-04-15T07:42:49.651+0000] {extract.py:47} INFO - Fetching weather data for Amsterdam (attempt 1/3)
[2026-04-15T07:42:49.855+0000] {logging_mixin.py:188} WARNING - 2026-04-15 07:42:49 - scripts.extract - INFO - Successfully fetched data for Amsterdam
[2026-04-15T07:42:49.852+0000] {extract.py:53} INFO - Successfully fetched data for Amsterdam
[2026-04-15T07:42:49.867+0000] {logging_mixin.py:188} WARNING - 2026-04-15 07:42:49 - scripts.extract - INFO - Fetching weather data for Chicago (attempt 1/3)
[2026-04-15T07:42:49.864+0000] {extract.py:47} INFO - Fetching weather data for Chicago (attempt 1/3)
[2026-04-15T07:42:50.127+0000] {logging_mixin.py:188} WARNING - 2026-04-15 07:42:50 - scripts.extract - INFO - Successfully fetched data for Chicago
[2026-04-15T07:42:50.126+0000] {extract.py:53} INFO - Successfully fetched data for Chicago
[2026-04-15T07:42:50.134+0000] {logging_mixin.py:188} WARNING - 2026-04-15 07:42:50 - scripts.extract - INFO - Fetching weather data for Mumbai (attempt 1/3)
[2026-04-15T07:42:50.133+0000] {extract.py:47} INFO - Fetching weather data for Mumbai (attempt 1/3)
[2026-04-15T07:42:50.402+0000] {logging_mixin.py:188} WARNING - 2026-04-15 07:42:50 - scripts.extract - INFO - Successfully fetched data for Mumbai
[2026-04-15T07:42:50.400+0000] {extract.py:53} INFO - Successfully fetched data for Mumbai
[2026-04-15T07:42:50.409+0000] {logging_mixin.py:188} WARNING - 2026-04-15 07:42:50 - scripts.extract - INFO - Fetching weather data for New York (attempt 1/3)
[2026-04-15T07:42:50.407+0000] {extract.py:47} INFO - Fetching weather data for New York (attempt 1/3)
[2026-04-15T07:42:50.674+0000] {logging_mixin.py:188} WARNING - 2026-04-15 07:42:50 - scripts.extract - INFO - Successfully fetched data for New York
[2026-04-15T07:42:50.674+0000] {extract.py:53} INFO - Successfully fetched data for New York
[2026-04-15T07:42:50.679+0000] {logging_mixin.py:188} WARNING - 2026-04-15 07:42:50 - scripts.extract - INFO - Fetching weather data for Surat (attempt 1/3)
[2026-04-15T07:42:50.677+0000] {extract.py:47} INFO - Fetching weather data for Surat (attempt 1/3)
[2026-04-15T07:42:50.876+0000] {logging_mixin.py:188} WARNING - 2026-04-15 07:42:50 - scripts.extract - INFO - Successfully fetched data for Surat
[2026-04-15T07:42:50.874+0000] {extract.py:53} INFO - Successfully fetched data for Surat
[2026-04-15T07:42:50.880+0000] {logging_mixin.py:188} WARNING - 2026-04-15 07:42:50 - scripts.extract - INFO - Extraction complete: 6 successful, 0 failed
[2026-04-15T07:42:50.879+0000] {extract.py:113} INFO - Extraction complete: 6 successful, 0 failed
[2026-04-15T07:42:50.884+0000] {logging_mixin.py:188} WARNING - 2026-04-15 07:42:50 - scripts.extract - INFO - Extracted 6 weather records
[2026-04-15T07:42:50.884+0000] {extract.py:130} INFO - Extracted 6 weather records
[2026-04-15T07:42:50.909+0000] {weather_etl_dag_v2.py:102} INFO - ✓ Extraction complete: 6 records fetched
[2026-04-15T07:42:50.914+0000] {python.py:237} INFO - Done. Returned value was: 6
[2026-04-15T07:42:50.916+0000] {taskinstance.py:441} INFO - ::group::Post task execution logs
[2026-04-15T07:42:50.962+0000] {taskinstance.py:1206} INFO - Marking task as SUCCESS. dag_id=weather_etl_pipeline_v2, task_id=extract, run_id=manual__2026-04-15T07:42:45.897213+00:00, execution_date=20260415T074245, start_date=20260415T074248, end_date=20260415T074250
[2026-04-15T07:42:51.003+0000] {local_task_job_runner.py:243} INFO - Task exited with return code 0
[2026-04-15T07:42:51.055+0000] {taskinstance.py:3503} INFO - 1 downstream tasks scheduled from follow-on schedule check
[2026-04-15T07:42:51.060+0000] {local_task_job_runner.py:222} INFO - ::endgroup::
