[2026-04-11T11:13:32.576+0000] {local_task_job_runner.py:120} INFO - ::group::Pre task execution logs
[2026-04-11T11:13:32.632+0000] {taskinstance.py:2076} INFO - Dependencies all met for dep_context=non-requeueable deps ti=<TaskInstance: weather_etl_pipeline_v2.extract scheduled__2026-04-10T02:00:00+00:00 [queued]>
[2026-04-11T11:13:32.648+0000] {taskinstance.py:2076} INFO - Dependencies all met for dep_context=requeueable deps ti=<TaskInstance: weather_etl_pipeline_v2.extract scheduled__2026-04-10T02:00:00+00:00 [queued]>
[2026-04-11T11:13:32.649+0000] {taskinstance.py:2306} INFO - Starting attempt 1 of 4
[2026-04-11T11:13:32.660+0000] {taskinstance.py:2330} INFO - Executing <Task(PythonOperator): extract> on 2026-04-10 02:00:00+00:00
[2026-04-11T11:13:32.669+0000] {standard_task_runner.py:90} INFO - Running: ['airflow', 'tasks', 'run', 'weather_etl_pipeline_v2', 'extract', 'scheduled__2026-04-10T02:00:00+00:00', '--job-id', '88', '--raw', '--subdir', 'DAGS_FOLDER/weather_etl_dag_v2.py', '--cfg-path', '/tmp/tmp9zv7bd9p']
[2026-04-11T11:13:32.673+0000] {standard_task_runner.py:91} INFO - Job 88: Subtask extract
[2026-04-11T11:13:32.677+0000] {logging_mixin.py:188} WARNING - /home/airflow/.local/lib/python3.12/site-packages/airflow/task/task_runner/standard_task_runner.py:62 DeprecationWarning: This process (pid=180) is multi-threaded, use of fork() may lead to deadlocks in the child.
[2026-04-11T11:13:32.678+0000] {standard_task_runner.py:64} INFO - Started process 181 to run task
[2026-04-11T11:13:32.738+0000] {task_command.py:426} INFO - Running <TaskInstance: weather_etl_pipeline_v2.extract scheduled__2026-04-10T02:00:00+00:00 [running]> on host 0510404e06e7
[2026-04-11T11:13:32.846+0000] {taskinstance.py:2648} INFO - Exporting env vars: AIRFLOW_CTX_DAG_OWNER='weather_etl' AIRFLOW_CTX_DAG_ID='weather_etl_pipeline_v2' AIRFLOW_CTX_TASK_ID='extract' AIRFLOW_CTX_EXECUTION_DATE='2026-04-10T02:00:00+00:00' AIRFLOW_CTX_TRY_NUMBER='1' AIRFLOW_CTX_DAG_RUN_ID='scheduled__2026-04-10T02:00:00+00:00'
[2026-04-11T11:13:32.848+0000] {taskinstance.py:430} INFO - ::endgroup::
[2026-04-11T11:13:32.863+0000] {weather_etl_dag_v2.py:66} INFO - ============================================================
[2026-04-11T11:13:32.864+0000] {weather_etl_dag_v2.py:67} INFO - TASK: EXTRACT - Fetching weather data from API
[2026-04-11T11:13:32.866+0000] {weather_etl_dag_v2.py:68} INFO - ============================================================
[2026-04-11T11:13:32.871+0000] {logging_mixin.py:188} WARNING - 2026-04-11 11:13:32 - scripts.extract - INFO - Starting extraction for cities: Ahmedabad, Mumbai, Delhi, Bangalore, Chennai
[2026-04-11T11:13:32.871+0000] {extract.py:126} INFO - Starting extraction for cities: Ahmedabad, Mumbai, Delhi, Bangalore, Chennai
[2026-04-11T11:13:32.873+0000] {logging_mixin.py:188} WARNING - 2026-04-11 11:13:32 - scripts.extract - INFO - Starting extraction for 5 cities
[2026-04-11T11:13:32.873+0000] {extract.py:96} INFO - Starting extraction for 5 cities
[2026-04-11T11:13:32.875+0000] {logging_mixin.py:188} WARNING - 2026-04-11 11:13:32 - scripts.extract - INFO - Fetching weather data for Ahmedabad (attempt 1/3)
[2026-04-11T11:13:32.874+0000] {extract.py:47} INFO - Fetching weather data for Ahmedabad (attempt 1/3)
[2026-04-11T11:13:33.082+0000] {logging_mixin.py:188} WARNING - 2026-04-11 11:13:33 - scripts.extract - INFO - Successfully fetched data for Ahmedabad
[2026-04-11T11:13:33.081+0000] {extract.py:53} INFO - Successfully fetched data for Ahmedabad
[2026-04-11T11:13:33.085+0000] {logging_mixin.py:188} WARNING - 2026-04-11 11:13:33 - scripts.extract - INFO - Fetching weather data for Mumbai (attempt 1/3)
[2026-04-11T11:13:33.084+0000] {extract.py:47} INFO - Fetching weather data for Mumbai (attempt 1/3)
[2026-04-11T11:13:33.210+0000] {logging_mixin.py:188} WARNING - 2026-04-11 11:13:33 - scripts.extract - INFO - Successfully fetched data for Mumbai
[2026-04-11T11:13:33.209+0000] {extract.py:53} INFO - Successfully fetched data for Mumbai
[2026-04-11T11:13:33.212+0000] {logging_mixin.py:188} WARNING - 2026-04-11 11:13:33 - scripts.extract - INFO - Fetching weather data for Delhi (attempt 1/3)
[2026-04-11T11:13:33.212+0000] {extract.py:47} INFO - Fetching weather data for Delhi (attempt 1/3)
[2026-04-11T11:13:33.351+0000] {logging_mixin.py:188} WARNING - 2026-04-11 11:13:33 - scripts.extract - INFO - Successfully fetched data for Delhi
[2026-04-11T11:13:33.350+0000] {extract.py:53} INFO - Successfully fetched data for Delhi
[2026-04-11T11:13:33.352+0000] {logging_mixin.py:188} WARNING - 2026-04-11 11:13:33 - scripts.extract - INFO - Fetching weather data for Bangalore (attempt 1/3)
[2026-04-11T11:13:33.352+0000] {extract.py:47} INFO - Fetching weather data for Bangalore (attempt 1/3)
[2026-04-11T11:13:33.486+0000] {logging_mixin.py:188} WARNING - 2026-04-11 11:13:33 - scripts.extract - INFO - Successfully fetched data for Bangalore
[2026-04-11T11:13:33.485+0000] {extract.py:53} INFO - Successfully fetched data for Bangalore
[2026-04-11T11:13:33.488+0000] {logging_mixin.py:188} WARNING - 2026-04-11 11:13:33 - scripts.extract - INFO - Fetching weather data for Chennai (attempt 1/3)
[2026-04-11T11:13:33.487+0000] {extract.py:47} INFO - Fetching weather data for Chennai (attempt 1/3)
[2026-04-11T11:13:33.642+0000] {logging_mixin.py:188} WARNING - 2026-04-11 11:13:33 - scripts.extract - INFO - Successfully fetched data for Chennai
[2026-04-11T11:13:33.636+0000] {extract.py:53} INFO - Successfully fetched data for Chennai
[2026-04-11T11:13:33.644+0000] {logging_mixin.py:188} WARNING - 2026-04-11 11:13:33 - scripts.extract - INFO - Extraction complete: 5 successful, 0 failed
[2026-04-11T11:13:33.643+0000] {extract.py:113} INFO - Extraction complete: 5 successful, 0 failed
[2026-04-11T11:13:33.646+0000] {logging_mixin.py:188} WARNING - 2026-04-11 11:13:33 - scripts.extract - INFO - Extracted 5 weather records
[2026-04-11T11:13:33.646+0000] {extract.py:130} INFO - Extracted 5 weather records
[2026-04-11T11:13:33.663+0000] {weather_etl_dag_v2.py:77} INFO - ✓ Extraction complete: 5 records fetched
[2026-04-11T11:13:33.665+0000] {python.py:237} INFO - Done. Returned value was: 5
[2026-04-11T11:13:33.668+0000] {taskinstance.py:441} INFO - ::group::Post task execution logs
[2026-04-11T11:13:33.691+0000] {taskinstance.py:1206} INFO - Marking task as SUCCESS. dag_id=weather_etl_pipeline_v2, task_id=extract, run_id=scheduled__2026-04-10T02:00:00+00:00, execution_date=20260410T020000, start_date=20260411T111332, end_date=20260411T111333
[2026-04-11T11:13:33.737+0000] {local_task_job_runner.py:243} INFO - Task exited with return code 0
[2026-04-11T11:13:33.764+0000] {taskinstance.py:3503} INFO - 1 downstream tasks scheduled from follow-on schedule check
[2026-04-11T11:13:33.767+0000] {local_task_job_runner.py:222} INFO - ::endgroup::
