[2026-04-13T08:33:47.679+0000] {local_task_job_runner.py:120} INFO - ::group::Pre task execution logs
[2026-04-13T08:33:47.754+0000] {taskinstance.py:2076} INFO - Dependencies all met for dep_context=non-requeueable deps ti=<TaskInstance: weather_etl_pipeline_v2.transform_clean manual__2026-04-13T08:33:36.622670+00:00 [queued]>
[2026-04-13T08:33:47.777+0000] {taskinstance.py:2076} INFO - Dependencies all met for dep_context=requeueable deps ti=<TaskInstance: weather_etl_pipeline_v2.transform_clean manual__2026-04-13T08:33:36.622670+00:00 [queued]>
[2026-04-13T08:33:47.780+0000] {taskinstance.py:2306} INFO - Starting attempt 1 of 4
[2026-04-13T08:33:47.812+0000] {taskinstance.py:2330} INFO - Executing <Task(PythonOperator): transform_clean> on 2026-04-13 08:33:36.622670+00:00
[2026-04-13T08:33:47.827+0000] {standard_task_runner.py:90} INFO - Running: ['airflow', 'tasks', 'run', 'weather_etl_pipeline_v2', 'transform_clean', 'manual__2026-04-13T08:33:36.622670+00:00', '--job-id', '204', '--raw', '--subdir', 'DAGS_FOLDER/weather_etl_dag_v2.py', '--cfg-path', '/tmp/tmphe2pcirt']
[2026-04-13T08:33:47.833+0000] {standard_task_runner.py:91} INFO - Job 204: Subtask transform_clean
[2026-04-13T08:33:47.833+0000] {logging_mixin.py:188} WARNING - /home/airflow/.local/lib/python3.12/site-packages/airflow/task/task_runner/standard_task_runner.py:62 DeprecationWarning: This process (pid=1063) is multi-threaded, use of fork() may lead to deadlocks in the child.
[2026-04-13T08:33:47.835+0000] {standard_task_runner.py:64} INFO - Started process 1064 to run task
[2026-04-13T08:33:47.933+0000] {task_command.py:426} INFO - Running <TaskInstance: weather_etl_pipeline_v2.transform_clean manual__2026-04-13T08:33:36.622670+00:00 [running]> on host 0e50340581e5
[2026-04-13T08:33:48.154+0000] {taskinstance.py:2648} INFO - Exporting env vars: AIRFLOW_CTX_DAG_OWNER='weather_etl' AIRFLOW_CTX_DAG_ID='weather_etl_pipeline_v2' AIRFLOW_CTX_TASK_ID='transform_clean' AIRFLOW_CTX_EXECUTION_DATE='2026-04-13T08:33:36.622670+00:00' AIRFLOW_CTX_TRY_NUMBER='1' AIRFLOW_CTX_DAG_RUN_ID='manual__2026-04-13T08:33:36.622670+00:00'
[2026-04-13T08:33:48.157+0000] {taskinstance.py:430} INFO - ::endgroup::
[2026-04-13T08:33:48.177+0000] {weather_etl_dag_v2.py:148} INFO - ============================================================
[2026-04-13T08:33:48.179+0000] {weather_etl_dag_v2.py:149} INFO - TASK: TRANSFORM_CLEAN - Transform and load clean data
[2026-04-13T08:33:48.181+0000] {weather_etl_dag_v2.py:150} INFO - ============================================================
[2026-04-13T08:33:48.205+0000] {logging_mixin.py:188} WARNING - 2026-04-13 08:33:48 - scripts.load_raw - INFO - Successfully connected to PostgreSQL database
[2026-04-13T08:33:48.204+0000] {load_raw.py:38} INFO - Successfully connected to PostgreSQL database
[2026-04-13T08:33:48.218+0000] {logging_mixin.py:188} WARNING - 2026-04-13 08:33:48 - scripts.load_raw - INFO - Retrieved 96 unprocessed raw records
[2026-04-13T08:33:48.217+0000] {load_raw.py:206} INFO - Retrieved 96 unprocessed raw records
[2026-04-13T08:33:48.222+0000] {logging_mixin.py:188} WARNING - 2026-04-13 08:33:48 - scripts.load_raw - INFO - Database connection closed
[2026-04-13T08:33:48.221+0000] {load_raw.py:53} INFO - Database connection closed
[2026-04-13T08:33:48.226+0000] {logging_mixin.py:188} WARNING - 2026-04-13 08:33:48 - scripts.load_clean - INFO - Starting transformation and load for 96 raw records
[2026-04-13T08:33:48.225+0000] {load_clean.py:169} INFO - Starting transformation and load for 96 raw records
[2026-04-13T08:33:48.237+0000] {logging_mixin.py:188} WARNING - 2026-04-13 08:33:48 - scripts.load_clean - INFO - Successfully connected to PostgreSQL database
[2026-04-13T08:33:48.236+0000] {load_clean.py:41} INFO - Successfully connected to PostgreSQL database
[2026-04-13T08:33:48.245+0000] {logging_mixin.py:188} WARNING - 2026-04-13 08:33:48 - scripts.load_clean - INFO - Table 'weather_clean' created or already exists
[2026-04-13T08:33:48.243+0000] {load_clean.py:91} INFO - Table 'weather_clean' created or already exists
[2026-04-13T08:33:48.255+0000] {logging_mixin.py:188} WARNING - 2026-04-13 08:33:48 - scripts.load_clean - INFO - Inserted new record for Ahmedabad (deleted old records first)
[2026-04-13T08:33:48.254+0000] {load_clean.py:149} INFO - Inserted new record for Ahmedabad (deleted old records first)
[2026-04-13T08:33:48.262+0000] {logging_mixin.py:188} WARNING - 2026-04-13 08:33:48 - scripts.load_clean - INFO - Inserted new record for Mumbai (deleted old records first)
[2026-04-13T08:33:48.260+0000] {load_clean.py:149} INFO - Inserted new record for Mumbai (deleted old records first)
[2026-04-13T08:33:48.267+0000] {logging_mixin.py:188} WARNING - 2026-04-13 08:33:48 - scripts.load_clean - INFO - Inserted new record for Delhi (deleted old records first)
[2026-04-13T08:33:48.266+0000] {load_clean.py:149} INFO - Inserted new record for Delhi (deleted old records first)
[2026-04-13T08:33:48.273+0000] {logging_mixin.py:188} WARNING - 2026-04-13 08:33:48 - scripts.load_clean - INFO - Inserted new record for Bengaluru (deleted old records first)
[2026-04-13T08:33:48.272+0000] {load_clean.py:149} INFO - Inserted new record for Bengaluru (deleted old records first)
[2026-04-13T08:33:48.279+0000] {logging_mixin.py:188} WARNING - 2026-04-13 08:33:48 - scripts.load_clean - INFO - Inserted new record for Chennai (deleted old records first)
[2026-04-13T08:33:48.278+0000] {load_clean.py:149} INFO - Inserted new record for Chennai (deleted old records first)
[2026-04-13T08:33:48.285+0000] {logging_mixin.py:188} WARNING - 2026-04-13 08:33:48 - scripts.load_clean - INFO - Inserted new record for Ahmedabad (deleted old records first)
[2026-04-13T08:33:48.284+0000] {load_clean.py:149} INFO - Inserted new record for Ahmedabad (deleted old records first)
[2026-04-13T08:33:48.292+0000] {logging_mixin.py:188} WARNING - 2026-04-13 08:33:48 - scripts.load_clean - INFO - Inserted new record for Mumbai (deleted old records first)
[2026-04-13T08:33:48.291+0000] {load_clean.py:149} INFO - Inserted new record for Mumbai (deleted old records first)
[2026-04-13T08:33:48.298+0000] {logging_mixin.py:188} WARNING - 2026-04-13 08:33:48 - scripts.load_clean - INFO - Inserted new record for Delhi (deleted old records first)
[2026-04-13T08:33:48.297+0000] {load_clean.py:149} INFO - Inserted new record for Delhi (deleted old records first)
[2026-04-13T08:33:48.305+0000] {logging_mixin.py:188} WARNING - 2026-04-13 08:33:48 - scripts.load_clean - INFO - Inserted new record for Bengaluru (deleted old records first)
[2026-04-13T08:33:48.303+0000] {load_clean.py:149} INFO - Inserted new record for Bengaluru (deleted old records first)
[2026-04-13T08:33:48.311+0000] {logging_mixin.py:188} WARNING - 2026-04-13 08:33:48 - scripts.load_clean - INFO - Inserted new record for Chennai (deleted old records first)
[2026-04-13T08:33:48.309+0000] {load_clean.py:149} INFO - Inserted new record for Chennai (deleted old records first)
[2026-04-13T08:33:48.317+0000] {logging_mixin.py:188} WARNING - 2026-04-13 08:33:48 - scripts.load_clean - INFO - Inserted new record for Ahmedabad (deleted old records first)
[2026-04-13T08:33:48.316+0000] {load_clean.py:149} INFO - Inserted new record for Ahmedabad (deleted old records first)
[2026-04-13T08:33:48.324+0000] {logging_mixin.py:188} WARNING - 2026-04-13 08:33:48 - scripts.load_clean - INFO - Inserted new record for Mumbai (deleted old records first)
[2026-04-13T08:33:48.323+0000] {load_clean.py:149} INFO - Inserted new record for Mumbai (deleted old records first)
[2026-04-13T08:33:48.330+0000] {logging_mixin.py:188} WARNING - 2026-04-13 08:33:48 - scripts.load_clean - INFO - Inserted new record for Delhi (deleted old records first)
[2026-04-13T08:33:48.329+0000] {load_clean.py:149} INFO - Inserted new record for Delhi (deleted old records first)
[2026-04-13T08:33:48.339+0000] {logging_mixin.py:188} WARNING - 2026-04-13 08:33:48 - scripts.load_clean - INFO - Inserted new record for Bengaluru (deleted old records first)
[2026-04-13T08:33:48.338+0000] {load_clean.py:149} INFO - Inserted new record for Bengaluru (deleted old records first)
[2026-04-13T08:33:48.343+0000] {logging_mixin.py:188} WARNING - 2026-04-13 08:33:48 - scripts.load_clean - INFO - Inserted new record for Chennai (deleted old records first)
[2026-04-13T08:33:48.342+0000] {load_clean.py:149} INFO - Inserted new record for Chennai (deleted old records first)
[2026-04-13T08:33:48.348+0000] {logging_mixin.py:188} WARNING - 2026-04-13 08:33:48 - scripts.load_clean - INFO - Inserted new record for Ahmedabad (deleted old records first)
[2026-04-13T08:33:48.347+0000] {load_clean.py:149} INFO - Inserted new record for Ahmedabad (deleted old records first)
[2026-04-13T08:33:48.353+0000] {logging_mixin.py:188} WARNING - 2026-04-13 08:33:48 - scripts.load_clean - INFO - Inserted new record for Mumbai (deleted old records first)
[2026-04-13T08:33:48.352+0000] {load_clean.py:149} INFO - Inserted new record for Mumbai (deleted old records first)
[2026-04-13T08:33:48.359+0000] {logging_mixin.py:188} WARNING - 2026-04-13 08:33:48 - scripts.load_clean - INFO - Inserted new record for Delhi (deleted old records first)
[2026-04-13T08:33:48.358+0000] {load_clean.py:149} INFO - Inserted new record for Delhi (deleted old records first)
[2026-04-13T08:33:48.364+0000] {logging_mixin.py:188} WARNING - 2026-04-13 08:33:48 - scripts.load_clean - INFO - Inserted new record for Bengaluru (deleted old records first)
[2026-04-13T08:33:48.363+0000] {load_clean.py:149} INFO - Inserted new record for Bengaluru (deleted old records first)
[2026-04-13T08:33:48.369+0000] {logging_mixin.py:188} WARNING - 2026-04-13 08:33:48 - scripts.load_clean - INFO - Inserted new record for Chennai (deleted old records first)
[2026-04-13T08:33:48.368+0000] {load_clean.py:149} INFO - Inserted new record for Chennai (deleted old records first)
[2026-04-13T08:33:48.375+0000] {logging_mixin.py:188} WARNING - 2026-04-13 08:33:48 - scripts.load_clean - INFO - Inserted new record for Ahmedabad (deleted old records first)
[2026-04-13T08:33:48.374+0000] {load_clean.py:149} INFO - Inserted new record for Ahmedabad (deleted old records first)
[2026-04-13T08:33:48.382+0000] {logging_mixin.py:188} WARNING - 2026-04-13 08:33:48 - scripts.load_clean - INFO - Inserted new record for Mumbai (deleted old records first)
[2026-04-13T08:33:48.380+0000] {load_clean.py:149} INFO - Inserted new record for Mumbai (deleted old records first)
[2026-04-13T08:33:48.389+0000] {logging_mixin.py:188} WARNING - 2026-04-13 08:33:48 - scripts.load_clean - INFO - Inserted new record for Delhi (deleted old records first)
[2026-04-13T08:33:48.387+0000] {load_clean.py:149} INFO - Inserted new record for Delhi (deleted old records first)
[2026-04-13T08:33:48.395+0000] {logging_mixin.py:188} WARNING - 2026-04-13 08:33:48 - scripts.load_clean - INFO - Inserted new record for Bengaluru (deleted old records first)
[2026-04-13T08:33:48.393+0000] {load_clean.py:149} INFO - Inserted new record for Bengaluru (deleted old records first)
[2026-04-13T08:33:48.402+0000] {logging_mixin.py:188} WARNING - 2026-04-13 08:33:48 - scripts.load_clean - INFO - Inserted new record for Chennai (deleted old records first)
[2026-04-13T08:33:48.401+0000] {load_clean.py:149} INFO - Inserted new record for Chennai (deleted old records first)
[2026-04-13T08:33:48.408+0000] {logging_mixin.py:188} WARNING - 2026-04-13 08:33:48 - scripts.load_clean - INFO - Inserted new record for Ahmedabad (deleted old records first)
[2026-04-13T08:33:48.407+0000] {load_clean.py:149} INFO - Inserted new record for Ahmedabad (deleted old records first)
[2026-04-13T08:33:48.414+0000] {logging_mixin.py:188} WARNING - 2026-04-13 08:33:48 - scripts.load_clean - INFO - Inserted new record for Mumbai (deleted old records first)
[2026-04-13T08:33:48.413+0000] {load_clean.py:149} INFO - Inserted new record for Mumbai (deleted old records first)
[2026-04-13T08:33:48.420+0000] {logging_mixin.py:188} WARNING - 2026-04-13 08:33:48 - scripts.load_clean - INFO - Inserted new record for Delhi (deleted old records first)
[2026-04-13T08:33:48.419+0000] {load_clean.py:149} INFO - Inserted new record for Delhi (deleted old records first)
[2026-04-13T08:33:48.426+0000] {logging_mixin.py:188} WARNING - 2026-04-13 08:33:48 - scripts.load_clean - INFO - Inserted new record for Bengaluru (deleted old records first)
[2026-04-13T08:33:48.425+0000] {load_clean.py:149} INFO - Inserted new record for Bengaluru (deleted old records first)
[2026-04-13T08:33:48.433+0000] {logging_mixin.py:188} WARNING - 2026-04-13 08:33:48 - scripts.load_clean - INFO - Inserted new record for Chennai (deleted old records first)
[2026-04-13T08:33:48.432+0000] {load_clean.py:149} INFO - Inserted new record for Chennai (deleted old records first)
[2026-04-13T08:33:48.439+0000] {logging_mixin.py:188} WARNING - 2026-04-13 08:33:48 - scripts.load_clean - INFO - Inserted new record for Ahmedabad (deleted old records first)
[2026-04-13T08:33:48.437+0000] {load_clean.py:149} INFO - Inserted new record for Ahmedabad (deleted old records first)
[2026-04-13T08:33:48.446+0000] {logging_mixin.py:188} WARNING - 2026-04-13 08:33:48 - scripts.load_clean - INFO - Inserted new record for Mumbai (deleted old records first)
[2026-04-13T08:33:48.445+0000] {load_clean.py:149} INFO - Inserted new record for Mumbai (deleted old records first)
[2026-04-13T08:33:48.453+0000] {logging_mixin.py:188} WARNING - 2026-04-13 08:33:48 - scripts.load_clean - INFO - Inserted new record for Delhi (deleted old records first)
[2026-04-13T08:33:48.451+0000] {load_clean.py:149} INFO - Inserted new record for Delhi (deleted old records first)
[2026-04-13T08:33:48.459+0000] {logging_mixin.py:188} WARNING - 2026-04-13 08:33:48 - scripts.load_clean - INFO - Inserted new record for Bengaluru (deleted old records first)
[2026-04-13T08:33:48.458+0000] {load_clean.py:149} INFO - Inserted new record for Bengaluru (deleted old records first)
[2026-04-13T08:33:48.466+0000] {logging_mixin.py:188} WARNING - 2026-04-13 08:33:48 - scripts.load_clean - INFO - Inserted new record for Chennai (deleted old records first)
[2026-04-13T08:33:48.465+0000] {load_clean.py:149} INFO - Inserted new record for Chennai (deleted old records first)
[2026-04-13T08:33:48.473+0000] {logging_mixin.py:188} WARNING - 2026-04-13 08:33:48 - scripts.load_clean - INFO - Inserted new record for Ahmedabad (deleted old records first)
[2026-04-13T08:33:48.472+0000] {load_clean.py:149} INFO - Inserted new record for Ahmedabad (deleted old records first)
[2026-04-13T08:33:48.480+0000] {logging_mixin.py:188} WARNING - 2026-04-13 08:33:48 - scripts.load_clean - INFO - Inserted new record for Mumbai (deleted old records first)
[2026-04-13T08:33:48.479+0000] {load_clean.py:149} INFO - Inserted new record for Mumbai (deleted old records first)
[2026-04-13T08:33:48.487+0000] {logging_mixin.py:188} WARNING - 2026-04-13 08:33:48 - scripts.load_clean - INFO - Inserted new record for Delhi (deleted old records first)
[2026-04-13T08:33:48.485+0000] {load_clean.py:149} INFO - Inserted new record for Delhi (deleted old records first)
[2026-04-13T08:33:48.493+0000] {logging_mixin.py:188} WARNING - 2026-04-13 08:33:48 - scripts.load_clean - INFO - Inserted new record for Bengaluru (deleted old records first)
[2026-04-13T08:33:48.492+0000] {load_clean.py:149} INFO - Inserted new record for Bengaluru (deleted old records first)
[2026-04-13T08:33:48.500+0000] {logging_mixin.py:188} WARNING - 2026-04-13 08:33:48 - scripts.load_clean - INFO - Inserted new record for Chennai (deleted old records first)
[2026-04-13T08:33:48.499+0000] {load_clean.py:149} INFO - Inserted new record for Chennai (deleted old records first)
[2026-04-13T08:33:48.507+0000] {logging_mixin.py:188} WARNING - 2026-04-13 08:33:48 - scripts.load_clean - INFO - Inserted new record for Ahmedabad (deleted old records first)
[2026-04-13T08:33:48.505+0000] {load_clean.py:149} INFO - Inserted new record for Ahmedabad (deleted old records first)
[2026-04-13T08:33:48.513+0000] {logging_mixin.py:188} WARNING - 2026-04-13 08:33:48 - scripts.load_clean - INFO - Inserted new record for Ahmedabad (deleted old records first)
[2026-04-13T08:33:48.512+0000] {load_clean.py:149} INFO - Inserted new record for Ahmedabad (deleted old records first)
[2026-04-13T08:33:48.520+0000] {logging_mixin.py:188} WARNING - 2026-04-13 08:33:48 - scripts.load_clean - INFO - Inserted new record for Mumbai (deleted old records first)
[2026-04-13T08:33:48.518+0000] {load_clean.py:149} INFO - Inserted new record for Mumbai (deleted old records first)
[2026-04-13T08:33:48.527+0000] {logging_mixin.py:188} WARNING - 2026-04-13 08:33:48 - scripts.load_clean - INFO - Inserted new record for Delhi (deleted old records first)
[2026-04-13T08:33:48.526+0000] {load_clean.py:149} INFO - Inserted new record for Delhi (deleted old records first)
[2026-04-13T08:33:48.534+0000] {logging_mixin.py:188} WARNING - 2026-04-13 08:33:48 - scripts.load_clean - INFO - Inserted new record for Bengaluru (deleted old records first)
[2026-04-13T08:33:48.532+0000] {load_clean.py:149} INFO - Inserted new record for Bengaluru (deleted old records first)
[2026-04-13T08:33:48.540+0000] {logging_mixin.py:188} WARNING - 2026-04-13 08:33:48 - scripts.load_clean - INFO - Inserted new record for Chennai (deleted old records first)
[2026-04-13T08:33:48.539+0000] {load_clean.py:149} INFO - Inserted new record for Chennai (deleted old records first)
[2026-04-13T08:33:48.548+0000] {logging_mixin.py:188} WARNING - 2026-04-13 08:33:48 - scripts.load_clean - INFO - Inserted new record for Delhi (deleted old records first)
[2026-04-13T08:33:48.546+0000] {load_clean.py:149} INFO - Inserted new record for Delhi (deleted old records first)
[2026-04-13T08:33:48.556+0000] {logging_mixin.py:188} WARNING - 2026-04-13 08:33:48 - scripts.load_clean - INFO - Inserted new record for Bengaluru (deleted old records first)
[2026-04-13T08:33:48.555+0000] {load_clean.py:149} INFO - Inserted new record for Bengaluru (deleted old records first)
[2026-04-13T08:33:48.564+0000] {logging_mixin.py:188} WARNING - 2026-04-13 08:33:48 - scripts.load_clean - INFO - Inserted new record for Chennai (deleted old records first)
[2026-04-13T08:33:48.563+0000] {load_clean.py:149} INFO - Inserted new record for Chennai (deleted old records first)
[2026-04-13T08:33:48.571+0000] {logging_mixin.py:188} WARNING - 2026-04-13 08:33:48 - scripts.load_clean - INFO - Inserted new record for Ahmedabad (deleted old records first)
[2026-04-13T08:33:48.570+0000] {load_clean.py:149} INFO - Inserted new record for Ahmedabad (deleted old records first)
[2026-04-13T08:33:48.577+0000] {logging_mixin.py:188} WARNING - 2026-04-13 08:33:48 - scripts.load_clean - INFO - Inserted new record for Mumbai (deleted old records first)
[2026-04-13T08:33:48.576+0000] {load_clean.py:149} INFO - Inserted new record for Mumbai (deleted old records first)
[2026-04-13T08:33:48.583+0000] {logging_mixin.py:188} WARNING - 2026-04-13 08:33:48 - scripts.load_clean - INFO - Inserted new record for Delhi (deleted old records first)
[2026-04-13T08:33:48.582+0000] {load_clean.py:149} INFO - Inserted new record for Delhi (deleted old records first)
[2026-04-13T08:33:48.590+0000] {logging_mixin.py:188} WARNING - 2026-04-13 08:33:48 - scripts.load_clean - INFO - Inserted new record for Bengaluru (deleted old records first)
[2026-04-13T08:33:48.588+0000] {load_clean.py:149} INFO - Inserted new record for Bengaluru (deleted old records first)
[2026-04-13T08:33:48.596+0000] {logging_mixin.py:188} WARNING - 2026-04-13 08:33:48 - scripts.load_clean - INFO - Inserted new record for Chennai (deleted old records first)
[2026-04-13T08:33:48.594+0000] {load_clean.py:149} INFO - Inserted new record for Chennai (deleted old records first)
[2026-04-13T08:33:48.602+0000] {logging_mixin.py:188} WARNING - 2026-04-13 08:33:48 - scripts.load_clean - INFO - Inserted new record for Ahmedabad (deleted old records first)
[2026-04-13T08:33:48.600+0000] {load_clean.py:149} INFO - Inserted new record for Ahmedabad (deleted old records first)
[2026-04-13T08:33:48.609+0000] {logging_mixin.py:188} WARNING - 2026-04-13 08:33:48 - scripts.load_clean - INFO - Inserted new record for Mumbai (deleted old records first)
[2026-04-13T08:33:48.607+0000] {load_clean.py:149} INFO - Inserted new record for Mumbai (deleted old records first)
[2026-04-13T08:33:48.614+0000] {logging_mixin.py:188} WARNING - 2026-04-13 08:33:48 - scripts.load_clean - INFO - Inserted new record for Delhi (deleted old records first)
[2026-04-13T08:33:48.613+0000] {load_clean.py:149} INFO - Inserted new record for Delhi (deleted old records first)
[2026-04-13T08:33:48.621+0000] {logging_mixin.py:188} WARNING - 2026-04-13 08:33:48 - scripts.load_clean - INFO - Inserted new record for Bengaluru (deleted old records first)
[2026-04-13T08:33:48.620+0000] {load_clean.py:149} INFO - Inserted new record for Bengaluru (deleted old records first)
[2026-04-13T08:33:48.627+0000] {logging_mixin.py:188} WARNING - 2026-04-13 08:33:48 - scripts.load_clean - INFO - Inserted new record for Chennai (deleted old records first)
[2026-04-13T08:33:48.625+0000] {load_clean.py:149} INFO - Inserted new record for Chennai (deleted old records first)
[2026-04-13T08:33:48.634+0000] {logging_mixin.py:188} WARNING - 2026-04-13 08:33:48 - scripts.load_clean - INFO - Inserted new record for Ahmedabad (deleted old records first)
[2026-04-13T08:33:48.632+0000] {load_clean.py:149} INFO - Inserted new record for Ahmedabad (deleted old records first)
[2026-04-13T08:33:48.640+0000] {logging_mixin.py:188} WARNING - 2026-04-13 08:33:48 - scripts.load_clean - INFO - Inserted new record for Bengaluru (deleted old records first)
[2026-04-13T08:33:48.639+0000] {load_clean.py:149} INFO - Inserted new record for Bengaluru (deleted old records first)
[2026-04-13T08:33:48.647+0000] {logging_mixin.py:188} WARNING - 2026-04-13 08:33:48 - scripts.load_clean - INFO - Inserted new record for Chennai (deleted old records first)
[2026-04-13T08:33:48.645+0000] {load_clean.py:149} INFO - Inserted new record for Chennai (deleted old records first)
[2026-04-13T08:33:48.653+0000] {logging_mixin.py:188} WARNING - 2026-04-13 08:33:48 - scripts.load_clean - INFO - Inserted new record for Delhi (deleted old records first)
[2026-04-13T08:33:48.651+0000] {load_clean.py:149} INFO - Inserted new record for Delhi (deleted old records first)
[2026-04-13T08:33:48.658+0000] {logging_mixin.py:188} WARNING - 2026-04-13 08:33:48 - scripts.load_clean - INFO - Inserted new record for Mumbai (deleted old records first)
[2026-04-13T08:33:48.657+0000] {load_clean.py:149} INFO - Inserted new record for Mumbai (deleted old records first)
[2026-04-13T08:33:48.665+0000] {logging_mixin.py:188} WARNING - 2026-04-13 08:33:48 - scripts.load_clean - INFO - Inserted new record for Chennai (deleted old records first)
[2026-04-13T08:33:48.663+0000] {load_clean.py:149} INFO - Inserted new record for Chennai (deleted old records first)
[2026-04-13T08:33:48.671+0000] {logging_mixin.py:188} WARNING - 2026-04-13 08:33:48 - scripts.load_clean - INFO - Inserted new record for Delhi (deleted old records first)
[2026-04-13T08:33:48.670+0000] {load_clean.py:149} INFO - Inserted new record for Delhi (deleted old records first)
[2026-04-13T08:33:48.678+0000] {logging_mixin.py:188} WARNING - 2026-04-13 08:33:48 - scripts.load_clean - INFO - Inserted new record for Islamabad (deleted old records first)
[2026-04-13T08:33:48.676+0000] {load_clean.py:149} INFO - Inserted new record for Islamabad (deleted old records first)
[2026-04-13T08:33:48.685+0000] {logging_mixin.py:188} WARNING - 2026-04-13 08:33:48 - scripts.load_clean - INFO - Inserted new record for Mumbai (deleted old records first)
[2026-04-13T08:33:48.684+0000] {load_clean.py:149} INFO - Inserted new record for Mumbai (deleted old records first)
[2026-04-13T08:33:48.691+0000] {logging_mixin.py:188} WARNING - 2026-04-13 08:33:48 - scripts.load_clean - INFO - Inserted new record for Ahmedabad (deleted old records first)
[2026-04-13T08:33:48.690+0000] {load_clean.py:149} INFO - Inserted new record for Ahmedabad (deleted old records first)
[2026-04-13T08:33:48.700+0000] {logging_mixin.py:188} WARNING - 2026-04-13 08:33:48 - scripts.load_clean - INFO - Inserted new record for Bengaluru (deleted old records first)
[2026-04-13T08:33:48.697+0000] {load_clean.py:149} INFO - Inserted new record for Bengaluru (deleted old records first)
[2026-04-13T08:33:48.709+0000] {logging_mixin.py:188} WARNING - 2026-04-13 08:33:48 - scripts.load_clean - INFO - Inserted new record for Chennai (deleted old records first)
[2026-04-13T08:33:48.707+0000] {load_clean.py:149} INFO - Inserted new record for Chennai (deleted old records first)
[2026-04-13T08:33:48.717+0000] {logging_mixin.py:188} WARNING - 2026-04-13 08:33:48 - scripts.load_clean - INFO - Inserted new record for Delhi (deleted old records first)
[2026-04-13T08:33:48.715+0000] {load_clean.py:149} INFO - Inserted new record for Delhi (deleted old records first)
[2026-04-13T08:33:48.723+0000] {logging_mixin.py:188} WARNING - 2026-04-13 08:33:48 - scripts.load_clean - INFO - Inserted new record for Islamabad (deleted old records first)
[2026-04-13T08:33:48.722+0000] {load_clean.py:149} INFO - Inserted new record for Islamabad (deleted old records first)
[2026-04-13T08:33:48.731+0000] {logging_mixin.py:188} WARNING - 2026-04-13 08:33:48 - scripts.load_clean - INFO - Inserted new record for Mumbai (deleted old records first)
[2026-04-13T08:33:48.730+0000] {load_clean.py:149} INFO - Inserted new record for Mumbai (deleted old records first)
[2026-04-13T08:33:48.738+0000] {logging_mixin.py:188} WARNING - 2026-04-13 08:33:48 - scripts.load_clean - INFO - Inserted new record for Ahmedabad (deleted old records first)
[2026-04-13T08:33:48.736+0000] {load_clean.py:149} INFO - Inserted new record for Ahmedabad (deleted old records first)
[2026-04-13T08:33:48.744+0000] {logging_mixin.py:188} WARNING - 2026-04-13 08:33:48 - scripts.load_clean - INFO - Inserted new record for Bengaluru (deleted old records first)
[2026-04-13T08:33:48.743+0000] {load_clean.py:149} INFO - Inserted new record for Bengaluru (deleted old records first)
[2026-04-13T08:33:48.751+0000] {logging_mixin.py:188} WARNING - 2026-04-13 08:33:48 - scripts.load_clean - INFO - Inserted new record for Chennai (deleted old records first)
[2026-04-13T08:33:48.750+0000] {load_clean.py:149} INFO - Inserted new record for Chennai (deleted old records first)
[2026-04-13T08:33:48.758+0000] {logging_mixin.py:188} WARNING - 2026-04-13 08:33:48 - scripts.load_clean - INFO - Inserted new record for Delhi (deleted old records first)
[2026-04-13T08:33:48.756+0000] {load_clean.py:149} INFO - Inserted new record for Delhi (deleted old records first)
[2026-04-13T08:33:48.764+0000] {logging_mixin.py:188} WARNING - 2026-04-13 08:33:48 - scripts.load_clean - INFO - Inserted new record for Islamabad (deleted old records first)
[2026-04-13T08:33:48.763+0000] {load_clean.py:149} INFO - Inserted new record for Islamabad (deleted old records first)
[2026-04-13T08:33:48.771+0000] {logging_mixin.py:188} WARNING - 2026-04-13 08:33:48 - scripts.load_clean - INFO - Inserted new record for Mumbai (deleted old records first)
[2026-04-13T08:33:48.770+0000] {load_clean.py:149} INFO - Inserted new record for Mumbai (deleted old records first)
[2026-04-13T08:33:48.778+0000] {logging_mixin.py:188} WARNING - 2026-04-13 08:33:48 - scripts.load_clean - INFO - Inserted new record for Pune (deleted old records first)
[2026-04-13T08:33:48.777+0000] {load_clean.py:149} INFO - Inserted new record for Pune (deleted old records first)
[2026-04-13T08:33:48.784+0000] {logging_mixin.py:188} WARNING - 2026-04-13 08:33:48 - scripts.load_clean - INFO - Inserted new record for Ahmedabad (deleted old records first)
[2026-04-13T08:33:48.783+0000] {load_clean.py:149} INFO - Inserted new record for Ahmedabad (deleted old records first)
[2026-04-13T08:33:48.792+0000] {logging_mixin.py:188} WARNING - 2026-04-13 08:33:48 - scripts.load_clean - INFO - Inserted new record for Bengaluru (deleted old records first)
[2026-04-13T08:33:48.790+0000] {load_clean.py:149} INFO - Inserted new record for Bengaluru (deleted old records first)
[2026-04-13T08:33:48.798+0000] {logging_mixin.py:188} WARNING - 2026-04-13 08:33:48 - scripts.load_clean - INFO - Inserted new record for Chennai (deleted old records first)
[2026-04-13T08:33:48.797+0000] {load_clean.py:149} INFO - Inserted new record for Chennai (deleted old records first)
[2026-04-13T08:33:48.805+0000] {logging_mixin.py:188} WARNING - 2026-04-13 08:33:48 - scripts.load_clean - INFO - Inserted new record for Delhi (deleted old records first)
[2026-04-13T08:33:48.803+0000] {load_clean.py:149} INFO - Inserted new record for Delhi (deleted old records first)
[2026-04-13T08:33:48.811+0000] {logging_mixin.py:188} WARNING - 2026-04-13 08:33:48 - scripts.load_clean - INFO - Inserted new record for Islamabad (deleted old records first)
[2026-04-13T08:33:48.810+0000] {load_clean.py:149} INFO - Inserted new record for Islamabad (deleted old records first)
[2026-04-13T08:33:48.818+0000] {logging_mixin.py:188} WARNING - 2026-04-13 08:33:48 - scripts.load_clean - INFO - Inserted new record for Mumbai (deleted old records first)
[2026-04-13T08:33:48.816+0000] {load_clean.py:149} INFO - Inserted new record for Mumbai (deleted old records first)
[2026-04-13T08:33:48.825+0000] {logging_mixin.py:188} WARNING - 2026-04-13 08:33:48 - scripts.load_clean - INFO - Inserted new record for Pune (deleted old records first)
[2026-04-13T08:33:48.824+0000] {load_clean.py:149} INFO - Inserted new record for Pune (deleted old records first)
[2026-04-13T08:33:48.832+0000] {logging_mixin.py:188} WARNING - 2026-04-13 08:33:48 - scripts.load_clean - INFO - Inserted new record for Ahmedabad (deleted old records first)
[2026-04-13T08:33:48.830+0000] {load_clean.py:149} INFO - Inserted new record for Ahmedabad (deleted old records first)
[2026-04-13T08:33:48.839+0000] {logging_mixin.py:188} WARNING - 2026-04-13 08:33:48 - scripts.load_clean - INFO - Inserted new record for Bengaluru (deleted old records first)
[2026-04-13T08:33:48.837+0000] {load_clean.py:149} INFO - Inserted new record for Bengaluru (deleted old records first)
[2026-04-13T08:33:48.846+0000] {logging_mixin.py:188} WARNING - 2026-04-13 08:33:48 - scripts.load_clean - INFO - Inserted new record for Chennai (deleted old records first)
[2026-04-13T08:33:48.844+0000] {load_clean.py:149} INFO - Inserted new record for Chennai (deleted old records first)
[2026-04-13T08:33:48.853+0000] {logging_mixin.py:188} WARNING - 2026-04-13 08:33:48 - scripts.load_clean - INFO - Inserted new record for Delhi (deleted old records first)
[2026-04-13T08:33:48.851+0000] {load_clean.py:149} INFO - Inserted new record for Delhi (deleted old records first)
[2026-04-13T08:33:48.859+0000] {logging_mixin.py:188} WARNING - 2026-04-13 08:33:48 - scripts.load_clean - INFO - Inserted new record for Islamabad (deleted old records first)
[2026-04-13T08:33:48.858+0000] {load_clean.py:149} INFO - Inserted new record for Islamabad (deleted old records first)
[2026-04-13T08:33:48.866+0000] {logging_mixin.py:188} WARNING - 2026-04-13 08:33:48 - scripts.load_clean - INFO - Inserted new record for Mumbai (deleted old records first)
[2026-04-13T08:33:48.865+0000] {load_clean.py:149} INFO - Inserted new record for Mumbai (deleted old records first)
[2026-04-13T08:33:48.872+0000] {logging_mixin.py:188} WARNING - 2026-04-13 08:33:48 - scripts.load_clean - INFO - Inserted new record for New York (deleted old records first)
[2026-04-13T08:33:48.871+0000] {load_clean.py:149} INFO - Inserted new record for New York (deleted old records first)
[2026-04-13T08:33:48.878+0000] {logging_mixin.py:188} WARNING - 2026-04-13 08:33:48 - scripts.load_clean - INFO - Inserted new record for Pune (deleted old records first)
[2026-04-13T08:33:48.877+0000] {load_clean.py:149} INFO - Inserted new record for Pune (deleted old records first)
[2026-04-13T08:33:48.902+0000] {logging_mixin.py:188} WARNING - 2026-04-13 08:33:48 - scripts.load_clean - INFO - Marked 96 raw records as processed
[2026-04-13T08:33:48.900+0000] {load_clean.py:252} INFO - Marked 96 raw records as processed
[2026-04-13T08:33:48.906+0000] {logging_mixin.py:188} WARNING - 2026-04-13 08:33:48 - scripts.load_clean - INFO - Clean data load complete: 96 transformed, 96 validated, 96 loaded, 0 failed
[2026-04-13T08:33:48.905+0000] {load_clean.py:224} INFO - Clean data load complete: 96 transformed, 96 validated, 96 loaded, 0 failed
[2026-04-13T08:33:48.910+0000] {logging_mixin.py:188} WARNING - 2026-04-13 08:33:48 - scripts.load_clean - INFO - Database connection closed
[2026-04-13T08:33:48.909+0000] {load_clean.py:56} INFO - Database connection closed
[2026-04-13T08:33:48.913+0000] {weather_etl_dag_v2.py:166} INFO - ✓ Transform and load complete: 96 loaded, 0 failed
[2026-04-13T08:33:48.948+0000] {python.py:237} INFO - Done. Returned value was: 96
[2026-04-13T08:33:48.949+0000] {taskinstance.py:441} INFO - ::group::Post task execution logs
[2026-04-13T08:33:48.995+0000] {taskinstance.py:1206} INFO - Marking task as SUCCESS. dag_id=weather_etl_pipeline_v2, task_id=transform_clean, run_id=manual__2026-04-13T08:33:36.622670+00:00, execution_date=20260413T083336, start_date=20260413T083347, end_date=20260413T083348
[2026-04-13T08:33:49.062+0000] {local_task_job_runner.py:243} INFO - Task exited with return code 0
[2026-04-13T08:33:49.118+0000] {taskinstance.py:3503} INFO - 1 downstream tasks scheduled from follow-on schedule check
[2026-04-13T08:33:49.124+0000] {local_task_job_runner.py:222} INFO - ::endgroup::
