[2026-04-11T11:29:28.750+0000] {local_task_job_runner.py:120} INFO - ::group::Pre task execution logs
[2026-04-11T11:29:28.797+0000] {taskinstance.py:2076} INFO - Dependencies all met for dep_context=non-requeueable deps ti=<TaskInstance: weather_etl_pipeline_v2.transform_clean manual__2026-04-11T11:29:20+00:00 [queued]>
[2026-04-11T11:29:28.808+0000] {taskinstance.py:2076} INFO - Dependencies all met for dep_context=requeueable deps ti=<TaskInstance: weather_etl_pipeline_v2.transform_clean manual__2026-04-11T11:29:20+00:00 [queued]>
[2026-04-11T11:29:28.810+0000] {taskinstance.py:2306} INFO - Starting attempt 1 of 4
[2026-04-11T11:29:28.824+0000] {taskinstance.py:2330} INFO - Executing <Task(PythonOperator): transform_clean> on 2026-04-11 11:29:20+00:00
[2026-04-11T11:29:28.832+0000] {standard_task_runner.py:90} INFO - Running: ['airflow', 'tasks', 'run', 'weather_etl_pipeline_v2', 'transform_clean', 'manual__2026-04-11T11:29:20+00:00', '--job-id', '112', '--raw', '--subdir', 'DAGS_FOLDER/weather_etl_dag_v2.py', '--cfg-path', '/tmp/tmpdivwc5sq']
[2026-04-11T11:29:28.835+0000] {standard_task_runner.py:91} INFO - Job 112: Subtask transform_clean
[2026-04-11T11:29:28.837+0000] {logging_mixin.py:188} WARNING - /home/airflow/.local/lib/python3.12/site-packages/airflow/task/task_runner/standard_task_runner.py:62 DeprecationWarning: This process (pid=184) is multi-threaded, use of fork() may lead to deadlocks in the child.
[2026-04-11T11:29:28.838+0000] {standard_task_runner.py:64} INFO - Started process 185 to run task
[2026-04-11T11:29:28.913+0000] {task_command.py:426} INFO - Running <TaskInstance: weather_etl_pipeline_v2.transform_clean manual__2026-04-11T11:29:20+00:00 [running]> on host 9514c60f7b76
[2026-04-11T11:29:29.040+0000] {taskinstance.py:2648} INFO - Exporting env vars: AIRFLOW_CTX_DAG_OWNER='weather_etl' AIRFLOW_CTX_DAG_ID='weather_etl_pipeline_v2' AIRFLOW_CTX_TASK_ID='transform_clean' AIRFLOW_CTX_EXECUTION_DATE='2026-04-11T11:29:20+00:00' AIRFLOW_CTX_TRY_NUMBER='1' AIRFLOW_CTX_DAG_RUN_ID='manual__2026-04-11T11:29:20+00:00'
[2026-04-11T11:29:29.041+0000] {taskinstance.py:430} INFO - ::endgroup::
[2026-04-11T11:29:29.059+0000] {weather_etl_dag_v2.py:123} INFO - ============================================================
[2026-04-11T11:29:29.061+0000] {weather_etl_dag_v2.py:124} INFO - TASK: TRANSFORM_CLEAN - Transform and load clean data
[2026-04-11T11:29:29.063+0000] {weather_etl_dag_v2.py:125} INFO - ============================================================
[2026-04-11T11:29:29.084+0000] {logging_mixin.py:188} WARNING - 2026-04-11 11:29:29 - scripts.load_raw - INFO - Successfully connected to PostgreSQL database
[2026-04-11T11:29:29.083+0000] {load_raw.py:38} INFO - Successfully connected to PostgreSQL database
[2026-04-11T11:29:29.089+0000] {logging_mixin.py:188} WARNING - 2026-04-11 11:29:29 - scripts.load_raw - INFO - Retrieved 20 unprocessed raw records
[2026-04-11T11:29:29.088+0000] {load_raw.py:206} INFO - Retrieved 20 unprocessed raw records
[2026-04-11T11:29:29.091+0000] {logging_mixin.py:188} WARNING - 2026-04-11 11:29:29 - scripts.load_raw - INFO - Database connection closed
[2026-04-11T11:29:29.091+0000] {load_raw.py:53} INFO - Database connection closed
[2026-04-11T11:29:29.094+0000] {logging_mixin.py:188} WARNING - 2026-04-11 11:29:29 - scripts.load_clean - INFO - Starting transformation and load for 20 raw records
[2026-04-11T11:29:29.093+0000] {load_clean.py:167} INFO - Starting transformation and load for 20 raw records
[2026-04-11T11:29:29.104+0000] {logging_mixin.py:188} WARNING - 2026-04-11 11:29:29 - scripts.load_clean - INFO - Successfully connected to PostgreSQL database
[2026-04-11T11:29:29.103+0000] {load_clean.py:41} INFO - Successfully connected to PostgreSQL database
[2026-04-11T11:29:29.109+0000] {logging_mixin.py:188} WARNING - 2026-04-11 11:29:29 - scripts.load_clean - INFO - Table 'weather_clean' created or already exists
[2026-04-11T11:29:29.109+0000] {load_clean.py:91} INFO - Table 'weather_clean' created or already exists
[2026-04-11T11:29:29.133+0000] {logging_mixin.py:188} WARNING - 2026-04-11 11:29:29 - scripts.load_clean - INFO - Marked 20 raw records as processed
[2026-04-11T11:29:29.132+0000] {load_clean.py:250} INFO - Marked 20 raw records as processed
[2026-04-11T11:29:29.136+0000] {logging_mixin.py:188} WARNING - 2026-04-11 11:29:29 - scripts.load_clean - INFO - Clean data load complete: 20 transformed, 20 validated, 20 loaded, 0 failed
[2026-04-11T11:29:29.135+0000] {load_clean.py:222} INFO - Clean data load complete: 20 transformed, 20 validated, 20 loaded, 0 failed
[2026-04-11T11:29:29.140+0000] {logging_mixin.py:188} WARNING - 2026-04-11 11:29:29 - scripts.load_clean - INFO - Database connection closed
[2026-04-11T11:29:29.137+0000] {load_clean.py:56} INFO - Database connection closed
[2026-04-11T11:29:29.142+0000] {weather_etl_dag_v2.py:141} INFO - ✓ Transform and load complete: 20 loaded, 0 failed
[2026-04-11T11:29:29.165+0000] {python.py:237} INFO - Done. Returned value was: 20
[2026-04-11T11:29:29.166+0000] {taskinstance.py:441} INFO - ::group::Post task execution logs
[2026-04-11T11:29:29.197+0000] {taskinstance.py:1206} INFO - Marking task as SUCCESS. dag_id=weather_etl_pipeline_v2, task_id=transform_clean, run_id=manual__2026-04-11T11:29:20+00:00, execution_date=20260411T112920, start_date=20260411T112928, end_date=20260411T112929
[2026-04-11T11:29:29.254+0000] {local_task_job_runner.py:243} INFO - Task exited with return code 0
[2026-04-11T11:29:29.282+0000] {taskinstance.py:3503} INFO - 1 downstream tasks scheduled from follow-on schedule check
[2026-04-11T11:29:29.285+0000] {local_task_job_runner.py:222} INFO - ::endgroup::
