[2026-04-13T08:33:40.697+0000] {local_task_job_runner.py:120} INFO - ::group::Pre task execution logs
[2026-04-13T08:33:40.765+0000] {taskinstance.py:2076} INFO - Dependencies all met for dep_context=non-requeueable deps ti=<TaskInstance: weather_etl_pipeline_v2.extract manual__2026-04-13T08:33:36.622670+00:00 [queued]>
[2026-04-13T08:33:40.786+0000] {taskinstance.py:2076} INFO - Dependencies all met for dep_context=requeueable deps ti=<TaskInstance: weather_etl_pipeline_v2.extract manual__2026-04-13T08:33:36.622670+00:00 [queued]>
[2026-04-13T08:33:40.788+0000] {taskinstance.py:2306} INFO - Starting attempt 1 of 4
[2026-04-13T08:33:40.815+0000] {taskinstance.py:2330} INFO - Executing <Task(PythonOperator): extract> on 2026-04-13 08:33:36.622670+00:00
[2026-04-13T08:33:40.829+0000] {standard_task_runner.py:90} INFO - Running: ['airflow', 'tasks', 'run', 'weather_etl_pipeline_v2', 'extract', 'manual__2026-04-13T08:33:36.622670+00:00', '--job-id', '202', '--raw', '--subdir', 'DAGS_FOLDER/weather_etl_dag_v2.py', '--cfg-path', '/tmp/tmpp8wo4_ae']
[2026-04-13T08:33:40.839+0000] {standard_task_runner.py:91} INFO - Job 202: Subtask extract
[2026-04-13T08:33:40.839+0000] {logging_mixin.py:188} WARNING - /home/airflow/.local/lib/python3.12/site-packages/airflow/task/task_runner/standard_task_runner.py:62 DeprecationWarning: This process (pid=1054) is multi-threaded, use of fork() may lead to deadlocks in the child.
[2026-04-13T08:33:40.842+0000] {standard_task_runner.py:64} INFO - Started process 1055 to run task
[2026-04-13T08:33:40.942+0000] {task_command.py:426} INFO - Running <TaskInstance: weather_etl_pipeline_v2.extract manual__2026-04-13T08:33:36.622670+00:00 [running]> on host 0e50340581e5
[2026-04-13T08:33:41.131+0000] {taskinstance.py:2648} INFO - Exporting env vars: AIRFLOW_CTX_DAG_OWNER='weather_etl' AIRFLOW_CTX_DAG_ID='weather_etl_pipeline_v2' AIRFLOW_CTX_TASK_ID='extract' AIRFLOW_CTX_EXECUTION_DATE='2026-04-13T08:33:36.622670+00:00' AIRFLOW_CTX_TRY_NUMBER='1' AIRFLOW_CTX_DAG_RUN_ID='manual__2026-04-13T08:33:36.622670+00:00'
[2026-04-13T08:33:41.133+0000] {taskinstance.py:430} INFO - ::endgroup::
[2026-04-13T08:33:41.175+0000] {weather_etl_dag_v2.py:66} INFO - ============================================================
[2026-04-13T08:33:41.179+0000] {weather_etl_dag_v2.py:67} INFO - TASK: EXTRACT - Fetching weather data from API
[2026-04-13T08:33:41.182+0000] {weather_etl_dag_v2.py:68} INFO - ============================================================
[2026-04-13T08:33:41.200+0000] {weather_etl_dag_v2.py:91} INFO - Fetched 8 cities from database: ['ahmedabad', 'bengaluru', 'chennai', 'Delhi', 'islamabad', 'Mumbai', 'new york', 'pune']
[2026-04-13T08:33:41.210+0000] {logging_mixin.py:188} WARNING - 2026-04-13 08:33:41 - scripts.extract - INFO - Starting extraction for cities: ahmedabad, bengaluru, chennai, Delhi, islamabad, Mumbai, new york, pune
[2026-04-13T08:33:41.209+0000] {extract.py:126} INFO - Starting extraction for cities: ahmedabad, bengaluru, chennai, Delhi, islamabad, Mumbai, new york, pune
[2026-04-13T08:33:41.213+0000] {logging_mixin.py:188} WARNING - 2026-04-13 08:33:41 - scripts.extract - INFO - Starting extraction for 8 cities
[2026-04-13T08:33:41.213+0000] {extract.py:96} INFO - Starting extraction for 8 cities
[2026-04-13T08:33:41.217+0000] {logging_mixin.py:188} WARNING - 2026-04-13 08:33:41 - scripts.extract - INFO - Fetching weather data for ahmedabad (attempt 1/3)
[2026-04-13T08:33:41.216+0000] {extract.py:47} INFO - Fetching weather data for ahmedabad (attempt 1/3)
[2026-04-13T08:33:41.669+0000] {logging_mixin.py:188} WARNING - 2026-04-13 08:33:41 - scripts.extract - INFO - Successfully fetched data for ahmedabad
[2026-04-13T08:33:41.667+0000] {extract.py:53} INFO - Successfully fetched data for ahmedabad
[2026-04-13T08:33:41.675+0000] {logging_mixin.py:188} WARNING - 2026-04-13 08:33:41 - scripts.extract - INFO - Fetching weather data for bengaluru (attempt 1/3)
[2026-04-13T08:33:41.673+0000] {extract.py:47} INFO - Fetching weather data for bengaluru (attempt 1/3)
[2026-04-13T08:33:42.009+0000] {logging_mixin.py:188} WARNING - 2026-04-13 08:33:42 - scripts.extract - INFO - Successfully fetched data for bengaluru
[2026-04-13T08:33:42.008+0000] {extract.py:53} INFO - Successfully fetched data for bengaluru
[2026-04-13T08:33:42.015+0000] {logging_mixin.py:188} WARNING - 2026-04-13 08:33:42 - scripts.extract - INFO - Fetching weather data for chennai (attempt 1/3)
[2026-04-13T08:33:42.014+0000] {extract.py:47} INFO - Fetching weather data for chennai (attempt 1/3)
[2026-04-13T08:33:42.319+0000] {logging_mixin.py:188} WARNING - 2026-04-13 08:33:42 - scripts.extract - INFO - Successfully fetched data for chennai
[2026-04-13T08:33:42.318+0000] {extract.py:53} INFO - Successfully fetched data for chennai
[2026-04-13T08:33:42.325+0000] {logging_mixin.py:188} WARNING - 2026-04-13 08:33:42 - scripts.extract - INFO - Fetching weather data for Delhi (attempt 1/3)
[2026-04-13T08:33:42.324+0000] {extract.py:47} INFO - Fetching weather data for Delhi (attempt 1/3)
[2026-04-13T08:33:42.636+0000] {logging_mixin.py:188} WARNING - 2026-04-13 08:33:42 - scripts.extract - INFO - Successfully fetched data for Delhi
[2026-04-13T08:33:42.635+0000] {extract.py:53} INFO - Successfully fetched data for Delhi
[2026-04-13T08:33:42.643+0000] {logging_mixin.py:188} WARNING - 2026-04-13 08:33:42 - scripts.extract - INFO - Fetching weather data for islamabad (attempt 1/3)
[2026-04-13T08:33:42.640+0000] {extract.py:47} INFO - Fetching weather data for islamabad (attempt 1/3)
[2026-04-13T08:33:42.958+0000] {logging_mixin.py:188} WARNING - 2026-04-13 08:33:42 - scripts.extract - INFO - Successfully fetched data for islamabad
[2026-04-13T08:33:42.957+0000] {extract.py:53} INFO - Successfully fetched data for islamabad
[2026-04-13T08:33:42.963+0000] {logging_mixin.py:188} WARNING - 2026-04-13 08:33:42 - scripts.extract - INFO - Fetching weather data for Mumbai (attempt 1/3)
[2026-04-13T08:33:42.962+0000] {extract.py:47} INFO - Fetching weather data for Mumbai (attempt 1/3)
[2026-04-13T08:33:43.282+0000] {logging_mixin.py:188} WARNING - 2026-04-13 08:33:43 - scripts.extract - INFO - Successfully fetched data for Mumbai
[2026-04-13T08:33:43.281+0000] {extract.py:53} INFO - Successfully fetched data for Mumbai
[2026-04-13T08:33:43.285+0000] {logging_mixin.py:188} WARNING - 2026-04-13 08:33:43 - scripts.extract - INFO - Fetching weather data for new york (attempt 1/3)
[2026-04-13T08:33:43.284+0000] {extract.py:47} INFO - Fetching weather data for new york (attempt 1/3)
[2026-04-13T08:33:43.587+0000] {logging_mixin.py:188} WARNING - 2026-04-13 08:33:43 - scripts.extract - INFO - Successfully fetched data for new york
[2026-04-13T08:33:43.586+0000] {extract.py:53} INFO - Successfully fetched data for new york
[2026-04-13T08:33:43.593+0000] {logging_mixin.py:188} WARNING - 2026-04-13 08:33:43 - scripts.extract - INFO - Fetching weather data for pune (attempt 1/3)
[2026-04-13T08:33:43.591+0000] {extract.py:47} INFO - Fetching weather data for pune (attempt 1/3)
[2026-04-13T08:33:43.922+0000] {logging_mixin.py:188} WARNING - 2026-04-13 08:33:43 - scripts.extract - INFO - Successfully fetched data for pune
[2026-04-13T08:33:43.921+0000] {extract.py:53} INFO - Successfully fetched data for pune
[2026-04-13T08:33:43.927+0000] {logging_mixin.py:188} WARNING - 2026-04-13 08:33:43 - scripts.extract - INFO - Extraction complete: 8 successful, 0 failed
[2026-04-13T08:33:43.926+0000] {extract.py:113} INFO - Extraction complete: 8 successful, 0 failed
[2026-04-13T08:33:43.932+0000] {logging_mixin.py:188} WARNING - 2026-04-13 08:33:43 - scripts.extract - INFO - Extracted 8 weather records
[2026-04-13T08:33:43.930+0000] {extract.py:130} INFO - Extracted 8 weather records
[2026-04-13T08:33:43.981+0000] {weather_etl_dag_v2.py:102} INFO - ✓ Extraction complete: 8 records fetched
[2026-04-13T08:33:43.984+0000] {python.py:237} INFO - Done. Returned value was: 8
[2026-04-13T08:33:43.986+0000] {taskinstance.py:441} INFO - ::group::Post task execution logs
[2026-04-13T08:33:44.039+0000] {taskinstance.py:1206} INFO - Marking task as SUCCESS. dag_id=weather_etl_pipeline_v2, task_id=extract, run_id=manual__2026-04-13T08:33:36.622670+00:00, execution_date=20260413T083336, start_date=20260413T083340, end_date=20260413T083344
[2026-04-13T08:33:44.087+0000] {local_task_job_runner.py:243} INFO - Task exited with return code 0
[2026-04-13T08:33:44.154+0000] {taskinstance.py:3503} INFO - 1 downstream tasks scheduled from follow-on schedule check
[2026-04-13T08:33:44.161+0000] {local_task_job_runner.py:222} INFO - ::endgroup::
