[2026-04-16T06:00:29.226+0000] {local_task_job_runner.py:120} INFO - ::group::Pre task execution logs
[2026-04-16T06:00:29.269+0000] {taskinstance.py:2076} INFO - Dependencies all met for dep_context=non-requeueable deps ti=<TaskInstance: weather_etl_pipeline_v2.quality_check scheduled__2026-04-15T02:00:00+00:00 [queued]>
[2026-04-16T06:00:29.279+0000] {taskinstance.py:2076} INFO - Dependencies all met for dep_context=requeueable deps ti=<TaskInstance: weather_etl_pipeline_v2.quality_check scheduled__2026-04-15T02:00:00+00:00 [queued]>
[2026-04-16T06:00:29.280+0000] {taskinstance.py:2306} INFO - Starting attempt 1 of 3
[2026-04-16T06:00:29.293+0000] {taskinstance.py:2330} INFO - Executing <Task(PythonOperator): quality_check> on 2026-04-15 02:00:00+00:00
[2026-04-16T06:00:29.300+0000] {logging_mixin.py:188} WARNING - /home/airflow/.local/lib/python3.12/site-packages/airflow/task/task_runner/standard_task_runner.py:62 DeprecationWarning: This process (pid=472) is multi-threaded, use of fork() may lead to deadlocks in the child.
[2026-04-16T06:00:29.300+0000] {standard_task_runner.py:90} INFO - Running: ['airflow', 'tasks', 'run', 'weather_etl_pipeline_v2', 'quality_check', 'scheduled__2026-04-15T02:00:00+00:00', '--job-id', '14', '--raw', '--subdir', 'DAGS_FOLDER/weather_etl_dag_v2.py', '--cfg-path', '/tmp/tmp2s1_z92z']
[2026-04-16T06:00:29.302+0000] {standard_task_runner.py:64} INFO - Started process 473 to run task
[2026-04-16T06:00:29.302+0000] {standard_task_runner.py:91} INFO - Job 14: Subtask quality_check
[2026-04-16T06:00:29.358+0000] {task_command.py:426} INFO - Running <TaskInstance: weather_etl_pipeline_v2.quality_check scheduled__2026-04-15T02:00:00+00:00 [running]> on host cf9362e38fb8
[2026-04-16T06:00:29.440+0000] {taskinstance.py:2648} INFO - Exporting env vars: AIRFLOW_CTX_DAG_OWNER='weather_etl' AIRFLOW_CTX_DAG_ID='weather_etl_pipeline_v2' AIRFLOW_CTX_TASK_ID='quality_check' AIRFLOW_CTX_EXECUTION_DATE='2026-04-15T02:00:00+00:00' AIRFLOW_CTX_TRY_NUMBER='1' AIRFLOW_CTX_DAG_RUN_ID='scheduled__2026-04-15T02:00:00+00:00'
[2026-04-16T06:00:29.441+0000] {taskinstance.py:430} INFO - ::endgroup::
[2026-04-16T06:00:29.458+0000] {weather_etl_dag_v2.py:217} INFO - ============================================================
[2026-04-16T06:00:29.459+0000] {weather_etl_dag_v2.py:218} INFO - TASK: QUALITY_CHECK — Validating clean data quality
[2026-04-16T06:00:29.464+0000] {weather_etl_dag_v2.py:219} INFO - ============================================================
[2026-04-16T06:00:29.478+0000] {logging_mixin.py:188} WARNING - 2026-04-16 06:00:29 - scripts.validate - INFO - Starting data quality validation for 5 records
[2026-04-16T06:00:29.477+0000] {validate.py:201} INFO - Starting data quality validation for 5 records
[2026-04-16T06:00:29.480+0000] {logging_mixin.py:188} WARNING - 2026-04-16 06:00:29 - scripts.validate - INFO - Validation complete: 5 valid, 0 invalid (100.0% pass rate)
[2026-04-16T06:00:29.479+0000] {validate.py:228} INFO - Validation complete: 5 valid, 0 invalid (100.0% pass rate)
[2026-04-16T06:00:29.481+0000] {weather_etl_dag_v2.py:264} INFO - ✓ Quality check: 100.0% pass rate (5/5)
[2026-04-16T06:00:29.504+0000] {python.py:237} INFO - Done. Returned value was: 100.0
[2026-04-16T06:00:29.506+0000] {taskinstance.py:441} INFO - ::group::Post task execution logs
[2026-04-16T06:00:29.530+0000] {taskinstance.py:1206} INFO - Marking task as SUCCESS. dag_id=weather_etl_pipeline_v2, task_id=quality_check, run_id=scheduled__2026-04-15T02:00:00+00:00, execution_date=20260415T020000, start_date=20260416T060029, end_date=20260416T060029
[2026-04-16T06:00:29.557+0000] {local_task_job_runner.py:243} INFO - Task exited with return code 0
[2026-04-16T06:00:29.582+0000] {taskinstance.py:3503} INFO - 1 downstream tasks scheduled from follow-on schedule check
[2026-04-16T06:00:29.585+0000] {local_task_job_runner.py:222} INFO - ::endgroup::
