[2026-04-25T05:46:40.838+0000] {local_task_job_runner.py:120} INFO - ::group::Pre task execution logs
[2026-04-25T05:46:40.877+0000] {taskinstance.py:2076} INFO - Dependencies all met for dep_context=non-requeueable deps ti=<TaskInstance: weather_etl_pipeline_v2.transform_clean scheduled__2026-04-24T02:00:00+00:00 [queued]>
[2026-04-25T05:46:40.888+0000] {taskinstance.py:2076} INFO - Dependencies all met for dep_context=requeueable deps ti=<TaskInstance: weather_etl_pipeline_v2.transform_clean scheduled__2026-04-24T02:00:00+00:00 [queued]>
[2026-04-25T05:46:40.890+0000] {taskinstance.py:2306} INFO - Starting attempt 1 of 3
[2026-04-25T05:46:40.907+0000] {taskinstance.py:2330} INFO - Executing <Task(PythonOperator): transform_clean> on 2026-04-24 02:00:00+00:00
[2026-04-25T05:46:40.917+0000] {logging_mixin.py:188} WARNING - /home/airflow/.local/lib/python3.12/site-packages/airflow/task/task_runner/standard_task_runner.py:62 DeprecationWarning: This process (pid=198) is multi-threaded, use of fork() may lead to deadlocks in the child.
[2026-04-25T05:46:40.918+0000] {standard_task_runner.py:90} INFO - Running: ['airflow', 'tasks', 'run', 'weather_etl_pipeline_v2', 'transform_clean', 'scheduled__2026-04-24T02:00:00+00:00', '--job-id', '193', '--raw', '--subdir', 'DAGS_FOLDER/weather_etl_dag_v2.py', '--cfg-path', '/tmp/tmpegppar00']
[2026-04-25T05:46:40.921+0000] {standard_task_runner.py:64} INFO - Started process 199 to run task
[2026-04-25T05:46:40.922+0000] {standard_task_runner.py:91} INFO - Job 193: Subtask transform_clean
[2026-04-25T05:46:40.993+0000] {task_command.py:426} INFO - Running <TaskInstance: weather_etl_pipeline_v2.transform_clean scheduled__2026-04-24T02:00:00+00:00 [running]> on host 1d106a615a00
[2026-04-25T05:46:41.090+0000] {taskinstance.py:2648} INFO - Exporting env vars: AIRFLOW_CTX_DAG_OWNER='weather_etl' AIRFLOW_CTX_DAG_ID='weather_etl_pipeline_v2' AIRFLOW_CTX_TASK_ID='transform_clean' AIRFLOW_CTX_EXECUTION_DATE='2026-04-24T02:00:00+00:00' AIRFLOW_CTX_TRY_NUMBER='1' AIRFLOW_CTX_DAG_RUN_ID='scheduled__2026-04-24T02:00:00+00:00'
[2026-04-25T05:46:41.092+0000] {taskinstance.py:430} INFO - ::endgroup::
[2026-04-25T05:46:41.106+0000] {weather_etl_dag_v2.py:174} INFO - ============================================================
[2026-04-25T05:46:41.108+0000] {weather_etl_dag_v2.py:175} INFO - TASK: TRANSFORM_CLEAN — Transform & load validated data
[2026-04-25T05:46:41.109+0000] {weather_etl_dag_v2.py:176} INFO - ============================================================
[2026-04-25T05:46:41.126+0000] {logging_mixin.py:188} WARNING - 2026-04-25 05:46:41 - scripts.load_raw - INFO - Successfully connected to PostgreSQL database
[2026-04-25T05:46:41.125+0000] {load_raw.py:38} INFO - Successfully connected to PostgreSQL database
[2026-04-25T05:46:41.140+0000] {logging_mixin.py:188} WARNING - 2026-04-25 05:46:41 - scripts.load_raw - INFO - Retrieved 229 unprocessed raw records (active only)
[2026-04-25T05:46:41.139+0000] {load_raw.py:233} INFO - Retrieved 229 unprocessed raw records (active only)
[2026-04-25T05:46:41.142+0000] {logging_mixin.py:188} WARNING - 2026-04-25 05:46:41 - scripts.load_raw - INFO - Database connection closed
[2026-04-25T05:46:41.142+0000] {load_raw.py:53} INFO - Database connection closed
[2026-04-25T05:46:41.144+0000] {logging_mixin.py:188} WARNING - 2026-04-25 05:46:41 - scripts.load_clean - INFO - Starting transformation and load for 229 raw records
[2026-04-25T05:46:41.143+0000] {load_clean.py:210} INFO - Starting transformation and load for 229 raw records
[2026-04-25T05:46:41.151+0000] {logging_mixin.py:188} WARNING - 2026-04-25 05:46:41 - scripts.load_clean - INFO - Successfully connected to PostgreSQL database
[2026-04-25T05:46:41.150+0000] {load_clean.py:41} INFO - Successfully connected to PostgreSQL database
[2026-04-25T05:46:41.154+0000] {logging_mixin.py:188} WARNING - 2026-04-25 05:46:41 - scripts.load_clean - INFO - Table 'weather_clean' created or already exists
[2026-04-25T05:46:41.153+0000] {load_clean.py:109} INFO - Table 'weather_clean' created or already exists
[2026-04-25T05:46:41.275+0000] {logging_mixin.py:188} WARNING - 2026-04-25 05:46:41 - scripts.load_clean - INFO - Marked 229 raw records as processed
[2026-04-25T05:46:41.274+0000] {load_clean.py:293} INFO - Marked 229 raw records as processed
[2026-04-25T05:46:41.276+0000] {logging_mixin.py:188} WARNING - 2026-04-25 05:46:41 - scripts.load_clean - INFO - Clean data load complete: 229 transformed, 229 validated, 229 loaded, 0 failed
[2026-04-25T05:46:41.276+0000] {load_clean.py:265} INFO - Clean data load complete: 229 transformed, 229 validated, 229 loaded, 0 failed
[2026-04-25T05:46:41.278+0000] {logging_mixin.py:188} WARNING - 2026-04-25 05:46:41 - scripts.load_clean - INFO - Database connection closed
[2026-04-25T05:46:41.278+0000] {load_clean.py:56} INFO - Database connection closed
[2026-04-25T05:46:41.297+0000] {weather_etl_dag_v2.py:190} INFO - ✓ Transform complete: 229 loaded, 0 failed (will be checked in quality_check)
[2026-04-25T05:46:41.299+0000] {python.py:237} INFO - Done. Returned value was: 229
[2026-04-25T05:46:41.300+0000] {taskinstance.py:441} INFO - ::group::Post task execution logs
[2026-04-25T05:46:41.321+0000] {taskinstance.py:1206} INFO - Marking task as SUCCESS. dag_id=weather_etl_pipeline_v2, task_id=transform_clean, run_id=scheduled__2026-04-24T02:00:00+00:00, execution_date=20260424T020000, start_date=20260425T054640, end_date=20260425T054641
[2026-04-25T05:46:41.339+0000] {local_task_job_runner.py:243} INFO - Task exited with return code 0
[2026-04-25T05:46:41.368+0000] {taskinstance.py:3503} INFO - 1 downstream tasks scheduled from follow-on schedule check
[2026-04-25T05:46:41.371+0000] {local_task_job_runner.py:222} INFO - ::endgroup::
