[2026-04-16T12:01:18.408+0000] {local_task_job_runner.py:120} INFO - ::group::Pre task execution logs
[2026-04-16T12:01:18.445+0000] {taskinstance.py:2076} INFO - Dependencies all met for dep_context=non-requeueable deps ti=<TaskInstance: weather_etl_pipeline_v2.generate_run_id manual__2026-04-16T12:01:17.862390+00:00 [queued]>
[2026-04-16T12:01:18.454+0000] {taskinstance.py:2076} INFO - Dependencies all met for dep_context=requeueable deps ti=<TaskInstance: weather_etl_pipeline_v2.generate_run_id manual__2026-04-16T12:01:17.862390+00:00 [queued]>
[2026-04-16T12:01:18.456+0000] {taskinstance.py:2306} INFO - Starting attempt 1 of 4
[2026-04-16T12:01:18.471+0000] {taskinstance.py:2330} INFO - Executing <Task(PythonOperator): generate_run_id> on 2026-04-16 12:01:17.862390+00:00
[2026-04-16T12:01:18.478+0000] {standard_task_runner.py:90} INFO - Running: ['airflow', 'tasks', 'run', 'weather_etl_pipeline_v2', 'generate_run_id', 'manual__2026-04-16T12:01:17.862390+00:00', '--job-id', '90', '--raw', '--subdir', 'DAGS_FOLDER/weather_etl_dag_v2.py', '--cfg-path', '/tmp/tmp9_gx3jgt']
[2026-04-16T12:01:18.479+0000] {logging_mixin.py:188} WARNING - /home/airflow/.local/lib/python3.12/site-packages/airflow/task/task_runner/standard_task_runner.py:62 DeprecationWarning: This process (pid=274) is multi-threaded, use of fork() may lead to deadlocks in the child.
[2026-04-16T12:01:18.480+0000] {standard_task_runner.py:91} INFO - Job 90: Subtask generate_run_id
[2026-04-16T12:01:18.481+0000] {standard_task_runner.py:64} INFO - Started process 285 to run task
[2026-04-16T12:01:18.532+0000] {task_command.py:426} INFO - Running <TaskInstance: weather_etl_pipeline_v2.generate_run_id manual__2026-04-16T12:01:17.862390+00:00 [running]> on host 88d0b309bcf7
[2026-04-16T12:01:18.646+0000] {taskinstance.py:2648} INFO - Exporting env vars: AIRFLOW_CTX_DAG_OWNER='weather_etl' AIRFLOW_CTX_DAG_ID='weather_etl_pipeline_v2' AIRFLOW_CTX_TASK_ID='generate_run_id' AIRFLOW_CTX_EXECUTION_DATE='2026-04-16T12:01:17.862390+00:00' AIRFLOW_CTX_TRY_NUMBER='1' AIRFLOW_CTX_DAG_RUN_ID='manual__2026-04-16T12:01:17.862390+00:00'
[2026-04-16T12:01:18.649+0000] {taskinstance.py:430} INFO - ::endgroup::
[2026-04-16T12:01:18.664+0000] {weather_etl_dag_v2.py:70} INFO - Generated run_id: scheduled_2026-04-16_120118
[2026-04-16T12:01:18.690+0000] {logging_mixin.py:188} WARNING - 2026-04-16 12:01:18 - scripts.metadata_manager - INFO - Successfully connected to PostgreSQL database
[2026-04-16T12:01:18.690+0000] {metadata_manager.py:38} INFO - Successfully connected to PostgreSQL database
[2026-04-16T12:01:18.696+0000] {logging_mixin.py:188} WARNING - 2026-04-16 12:01:18 - scripts.metadata_manager - INFO - Table 'pipeline_metadata' created or already exists
[2026-04-16T12:01:18.695+0000] {metadata_manager.py:92} INFO - Table 'pipeline_metadata' created or already exists
[2026-04-16T12:01:18.700+0000] {logging_mixin.py:188} WARNING - 2026-04-16 12:01:18 - scripts.metadata_manager - INFO - Pipeline weather_etl_pipeline_v2 marked as RUNNING with run_id: scheduled_2026-04-16_120118
[2026-04-16T12:01:18.699+0000] {metadata_manager.py:170} INFO - Pipeline weather_etl_pipeline_v2 marked as RUNNING with run_id: scheduled_2026-04-16_120118
[2026-04-16T12:01:18.703+0000] {logging_mixin.py:188} WARNING - 2026-04-16 12:01:18 - scripts.metadata_manager - INFO - Database connection closed
[2026-04-16T12:01:18.701+0000] {metadata_manager.py:53} INFO - Database connection closed
[2026-04-16T12:01:18.704+0000] {python.py:237} INFO - Done. Returned value was: scheduled_2026-04-16_120118
[2026-04-16T12:01:18.705+0000] {taskinstance.py:441} INFO - ::group::Post task execution logs
[2026-04-16T12:01:18.731+0000] {taskinstance.py:1206} INFO - Marking task as SUCCESS. dag_id=weather_etl_pipeline_v2, task_id=generate_run_id, run_id=manual__2026-04-16T12:01:17.862390+00:00, execution_date=20260416T120117, start_date=20260416T120118, end_date=20260416T120118
[2026-04-16T12:01:18.776+0000] {local_task_job_runner.py:243} INFO - Task exited with return code 0
[2026-04-16T12:01:18.832+0000] {taskinstance.py:3503} INFO - 1 downstream tasks scheduled from follow-on schedule check
[2026-04-16T12:01:18.836+0000] {local_task_job_runner.py:222} INFO - ::endgroup::
