[2026-04-16T06:05:38.775+0000] {local_task_job_runner.py:120} INFO - ::group::Pre task execution logs
[2026-04-16T06:05:38.814+0000] {taskinstance.py:2076} INFO - Dependencies all met for dep_context=non-requeueable deps ti=<TaskInstance: weather_etl_pipeline_v2.extract manual__2026-04-16T06:05:37.432043+00:00 [queued]>
[2026-04-16T06:05:38.831+0000] {taskinstance.py:2076} INFO - Dependencies all met for dep_context=requeueable deps ti=<TaskInstance: weather_etl_pipeline_v2.extract manual__2026-04-16T06:05:37.432043+00:00 [queued]>
[2026-04-16T06:05:38.833+0000] {taskinstance.py:2306} INFO - Starting attempt 1 of 4
[2026-04-16T06:05:38.852+0000] {taskinstance.py:2330} INFO - Executing <Task(PythonOperator): extract> on 2026-04-16 06:05:37.432043+00:00
[2026-04-16T06:05:38.863+0000] {logging_mixin.py:188} WARNING - /home/airflow/.local/lib/python3.12/site-packages/airflow/task/task_runner/standard_task_runner.py:62 DeprecationWarning: This process (pid=738) is multi-threaded, use of fork() may lead to deadlocks in the child.
[2026-04-16T06:05:38.863+0000] {standard_task_runner.py:90} INFO - Running: ['airflow', 'tasks', 'run', 'weather_etl_pipeline_v2', 'extract', 'manual__2026-04-16T06:05:37.432043+00:00', '--job-id', '19', '--raw', '--subdir', 'DAGS_FOLDER/weather_etl_dag_v2.py', '--cfg-path', '/tmp/tmpvafmmtvr']
[2026-04-16T06:05:38.865+0000] {standard_task_runner.py:64} INFO - Started process 739 to run task
[2026-04-16T06:05:38.867+0000] {standard_task_runner.py:91} INFO - Job 19: Subtask extract
[2026-04-16T06:05:38.931+0000] {task_command.py:426} INFO - Running <TaskInstance: weather_etl_pipeline_v2.extract manual__2026-04-16T06:05:37.432043+00:00 [running]> on host cf9362e38fb8
[2026-04-16T06:05:39.039+0000] {taskinstance.py:2648} INFO - Exporting env vars: AIRFLOW_CTX_DAG_OWNER='weather_etl' AIRFLOW_CTX_DAG_ID='weather_etl_pipeline_v2' AIRFLOW_CTX_TASK_ID='extract' AIRFLOW_CTX_EXECUTION_DATE='2026-04-16T06:05:37.432043+00:00' AIRFLOW_CTX_TRY_NUMBER='1' AIRFLOW_CTX_DAG_RUN_ID='manual__2026-04-16T06:05:37.432043+00:00'
[2026-04-16T06:05:39.041+0000] {taskinstance.py:430} INFO - ::endgroup::
[2026-04-16T06:05:39.056+0000] {weather_etl_dag_v2.py:91} INFO - ============================================================
[2026-04-16T06:05:39.057+0000] {weather_etl_dag_v2.py:92} INFO - TASK: EXTRACT — Fetching weather data from OpenWeatherMap API
[2026-04-16T06:05:39.058+0000] {weather_etl_dag_v2.py:93} INFO - ============================================================
[2026-04-16T06:05:39.068+0000] {weather_etl_dag_v2.py:112} INFO - Active cities fetched from DB: ['Ahmedabad', 'Bengaluru', 'Chennai', 'Delhi', 'Mumbai']
[2026-04-16T06:05:39.075+0000] {logging_mixin.py:188} WARNING - 2026-04-16 06:05:39 - scripts.extract - INFO - Starting extraction for cities: Ahmedabad, Bengaluru, Chennai, Delhi, Mumbai
[2026-04-16T06:05:39.074+0000] {extract.py:126} INFO - Starting extraction for cities: Ahmedabad, Bengaluru, Chennai, Delhi, Mumbai
[2026-04-16T06:05:39.077+0000] {logging_mixin.py:188} WARNING - 2026-04-16 06:05:39 - scripts.extract - INFO - Starting extraction for 5 cities
[2026-04-16T06:05:39.077+0000] {extract.py:96} INFO - Starting extraction for 5 cities
[2026-04-16T06:05:39.079+0000] {logging_mixin.py:188} WARNING - 2026-04-16 06:05:39 - scripts.extract - INFO - Fetching weather data for Ahmedabad (attempt 1/3)
[2026-04-16T06:05:39.078+0000] {extract.py:47} INFO - Fetching weather data for Ahmedabad (attempt 1/3)
[2026-04-16T06:05:39.293+0000] {logging_mixin.py:188} WARNING - 2026-04-16 06:05:39 - scripts.extract - INFO - Successfully fetched data for Ahmedabad
[2026-04-16T06:05:39.292+0000] {extract.py:53} INFO - Successfully fetched data for Ahmedabad
[2026-04-16T06:05:39.295+0000] {logging_mixin.py:188} WARNING - 2026-04-16 06:05:39 - scripts.extract - INFO - Fetching weather data for Bengaluru (attempt 1/3)
[2026-04-16T06:05:39.294+0000] {extract.py:47} INFO - Fetching weather data for Bengaluru (attempt 1/3)
[2026-04-16T06:05:39.491+0000] {logging_mixin.py:188} WARNING - 2026-04-16 06:05:39 - scripts.extract - INFO - Successfully fetched data for Bengaluru
[2026-04-16T06:05:39.489+0000] {extract.py:53} INFO - Successfully fetched data for Bengaluru
[2026-04-16T06:05:39.493+0000] {logging_mixin.py:188} WARNING - 2026-04-16 06:05:39 - scripts.extract - INFO - Fetching weather data for Chennai (attempt 1/3)
[2026-04-16T06:05:39.493+0000] {extract.py:47} INFO - Fetching weather data for Chennai (attempt 1/3)
[2026-04-16T06:05:39.695+0000] {logging_mixin.py:188} WARNING - 2026-04-16 06:05:39 - scripts.extract - INFO - Successfully fetched data for Chennai
[2026-04-16T06:05:39.694+0000] {extract.py:53} INFO - Successfully fetched data for Chennai
[2026-04-16T06:05:39.698+0000] {logging_mixin.py:188} WARNING - 2026-04-16 06:05:39 - scripts.extract - INFO - Fetching weather data for Delhi (attempt 1/3)
[2026-04-16T06:05:39.697+0000] {extract.py:47} INFO - Fetching weather data for Delhi (attempt 1/3)
[2026-04-16T06:05:39.902+0000] {logging_mixin.py:188} WARNING - 2026-04-16 06:05:39 - scripts.extract - INFO - Successfully fetched data for Delhi
[2026-04-16T06:05:39.901+0000] {extract.py:53} INFO - Successfully fetched data for Delhi
[2026-04-16T06:05:39.907+0000] {logging_mixin.py:188} WARNING - 2026-04-16 06:05:39 - scripts.extract - INFO - Fetching weather data for Mumbai (attempt 1/3)
[2026-04-16T06:05:39.906+0000] {extract.py:47} INFO - Fetching weather data for Mumbai (attempt 1/3)
[2026-04-16T06:05:40.178+0000] {logging_mixin.py:188} WARNING - 2026-04-16 06:05:40 - scripts.extract - INFO - Successfully fetched data for Mumbai
[2026-04-16T06:05:40.177+0000] {extract.py:53} INFO - Successfully fetched data for Mumbai
[2026-04-16T06:05:40.181+0000] {logging_mixin.py:188} WARNING - 2026-04-16 06:05:40 - scripts.extract - INFO - Extraction complete: 5 successful, 0 failed
[2026-04-16T06:05:40.180+0000] {extract.py:113} INFO - Extraction complete: 5 successful, 0 failed
[2026-04-16T06:05:40.184+0000] {logging_mixin.py:188} WARNING - 2026-04-16 06:05:40 - scripts.extract - INFO - Extracted 5 weather records
[2026-04-16T06:05:40.182+0000] {extract.py:130} INFO - Extracted 5 weather records
[2026-04-16T06:05:40.205+0000] {weather_etl_dag_v2.py:120} INFO - ✓ Extraction complete: 5 records for 5 cities in 1.15s
[2026-04-16T06:05:40.207+0000] {python.py:237} INFO - Done. Returned value was: 5
[2026-04-16T06:05:40.209+0000] {taskinstance.py:441} INFO - ::group::Post task execution logs
[2026-04-16T06:05:40.244+0000] {taskinstance.py:1206} INFO - Marking task as SUCCESS. dag_id=weather_etl_pipeline_v2, task_id=extract, run_id=manual__2026-04-16T06:05:37.432043+00:00, execution_date=20260416T060537, start_date=20260416T060538, end_date=20260416T060540
[2026-04-16T06:05:40.288+0000] {local_task_job_runner.py:243} INFO - Task exited with return code 0
[2026-04-16T06:05:40.317+0000] {taskinstance.py:3503} INFO - 1 downstream tasks scheduled from follow-on schedule check
[2026-04-16T06:05:40.319+0000] {local_task_job_runner.py:222} INFO - ::endgroup::
