[2026-04-20T06:15:17.275+0000] {local_task_job_runner.py:120} INFO - ::group::Pre task execution logs
[2026-04-20T06:15:17.329+0000] {taskinstance.py:2076} INFO - Dependencies all met for dep_context=non-requeueable deps ti=<TaskInstance: weather_etl_pipeline_v2.aggregate scheduled__2026-04-19T02:00:00+00:00 [queued]>
[2026-04-20T06:15:17.344+0000] {taskinstance.py:2076} INFO - Dependencies all met for dep_context=requeueable deps ti=<TaskInstance: weather_etl_pipeline_v2.aggregate scheduled__2026-04-19T02:00:00+00:00 [queued]>
[2026-04-20T06:15:17.346+0000] {taskinstance.py:2306} INFO - Starting attempt 1 of 3
[2026-04-20T06:15:17.363+0000] {taskinstance.py:2330} INFO - Executing <Task(PythonOperator): aggregate> on 2026-04-19 02:00:00+00:00
[2026-04-20T06:15:17.373+0000] {logging_mixin.py:188} WARNING - /home/airflow/.local/lib/python3.12/site-packages/airflow/task/task_runner/standard_task_runner.py:62 DeprecationWarning: This process (pid=209) is multi-threaded, use of fork() may lead to deadlocks in the child.
[2026-04-20T06:15:17.375+0000] {standard_task_runner.py:64} INFO - Started process 210 to run task
[2026-04-20T06:15:17.373+0000] {standard_task_runner.py:90} INFO - Running: ['airflow', 'tasks', 'run', 'weather_etl_pipeline_v2', 'aggregate', 'scheduled__2026-04-19T02:00:00+00:00', '--job-id', '157', '--raw', '--subdir', 'DAGS_FOLDER/weather_etl_dag_v2.py', '--cfg-path', '/tmp/tmprzasmq4j']
[2026-04-20T06:15:17.376+0000] {standard_task_runner.py:91} INFO - Job 157: Subtask aggregate
[2026-04-20T06:15:17.448+0000] {task_command.py:426} INFO - Running <TaskInstance: weather_etl_pipeline_v2.aggregate scheduled__2026-04-19T02:00:00+00:00 [running]> on host 0986b561c3e9
[2026-04-20T06:15:17.626+0000] {taskinstance.py:2648} INFO - Exporting env vars: AIRFLOW_CTX_DAG_OWNER='weather_etl' AIRFLOW_CTX_DAG_ID='weather_etl_pipeline_v2' AIRFLOW_CTX_TASK_ID='aggregate' AIRFLOW_CTX_EXECUTION_DATE='2026-04-19T02:00:00+00:00' AIRFLOW_CTX_TRY_NUMBER='1' AIRFLOW_CTX_DAG_RUN_ID='scheduled__2026-04-19T02:00:00+00:00'
[2026-04-20T06:15:17.629+0000] {taskinstance.py:430} INFO - ::endgroup::
[2026-04-20T06:15:17.665+0000] {weather_etl_dag_v2.py:289} INFO - ============================================================
[2026-04-20T06:15:17.668+0000] {weather_etl_dag_v2.py:290} INFO - TASK: AGGREGATE — Computing city-wise daily metrics
[2026-04-20T06:15:17.670+0000] {weather_etl_dag_v2.py:291} INFO - ============================================================
[2026-04-20T06:15:17.696+0000] {logging_mixin.py:188} WARNING - 2026-04-20 06:15:17 - scripts.aggregator - INFO - WeatherAggregator: connected to PostgreSQL
[2026-04-20T06:15:17.694+0000] {aggregator.py:48} INFO - WeatherAggregator: connected to PostgreSQL
[2026-04-20T06:15:17.700+0000] {logging_mixin.py:188} WARNING - 2026-04-20 06:15:17 - scripts.aggregator - INFO - Starting aggregation for date: 2026-04-19
[2026-04-20T06:15:17.699+0000] {aggregator.py:77} INFO - Starting aggregation for date: 2026-04-19
[2026-04-20T06:15:17.737+0000] {logging_mixin.py:188} WARNING - 2026-04-20 06:15:17 - scripts.aggregator - INFO - ✓ Aggregation complete for 2026-04-19: 0 city-day rows upserted
[2026-04-20T06:15:17.736+0000] {aggregator.py:194} INFO - ✓ Aggregation complete for 2026-04-19: 0 city-day rows upserted
[2026-04-20T06:15:17.742+0000] {logging_mixin.py:188} WARNING - 2026-04-20 06:15:17 - scripts.aggregator - INFO - Daily aggregation run complete: 1 day(s), 0 city-day rows upserted
[2026-04-20T06:15:17.741+0000] {aggregator.py:240} INFO - Daily aggregation run complete: 1 day(s), 0 city-day rows upserted
[2026-04-20T06:15:17.747+0000] {logging_mixin.py:188} WARNING - 2026-04-20 06:15:17 - scripts.aggregator - INFO - WeatherAggregator: DB connection closed
[2026-04-20T06:15:17.745+0000] {aggregator.py:60} INFO - WeatherAggregator: DB connection closed
[2026-04-20T06:15:17.780+0000] {weather_etl_dag_v2.py:298} INFO - ✓ Aggregation complete: 0 city-day rows upserted for 1 day(s)
[2026-04-20T06:15:17.783+0000] {python.py:237} INFO - Done. Returned value was: 0
[2026-04-20T06:15:17.786+0000] {taskinstance.py:441} INFO - ::group::Post task execution logs
[2026-04-20T06:15:17.836+0000] {taskinstance.py:1206} INFO - Marking task as SUCCESS. dag_id=weather_etl_pipeline_v2, task_id=aggregate, run_id=scheduled__2026-04-19T02:00:00+00:00, execution_date=20260419T020000, start_date=20260420T061517, end_date=20260420T061517
[2026-04-20T06:15:17.874+0000] {local_task_job_runner.py:243} INFO - Task exited with return code 0
[2026-04-20T06:15:17.925+0000] {taskinstance.py:3503} INFO - 1 downstream tasks scheduled from follow-on schedule check
[2026-04-20T06:15:17.932+0000] {local_task_job_runner.py:222} INFO - ::endgroup::
