[2026-04-13T06:53:07.774+0000] {local_task_job_runner.py:120} INFO - ::group::Pre task execution logs
[2026-04-13T06:53:07.831+0000] {taskinstance.py:2076} INFO - Dependencies all met for dep_context=non-requeueable deps ti=<TaskInstance: weather_etl_pipeline_v2.load_raw manual__2026-04-13T06:53:00.994401+00:00 [queued]>
[2026-04-13T06:53:07.854+0000] {taskinstance.py:2076} INFO - Dependencies all met for dep_context=requeueable deps ti=<TaskInstance: weather_etl_pipeline_v2.load_raw manual__2026-04-13T06:53:00.994401+00:00 [queued]>
[2026-04-13T06:53:07.857+0000] {taskinstance.py:2306} INFO - Starting attempt 1 of 4
[2026-04-13T06:53:07.891+0000] {taskinstance.py:2330} INFO - Executing <Task(PythonOperator): load_raw> on 2026-04-13 06:53:00.994401+00:00
[2026-04-13T06:53:07.905+0000] {standard_task_runner.py:90} INFO - Running: ['airflow', 'tasks', 'run', 'weather_etl_pipeline_v2', 'load_raw', 'manual__2026-04-13T06:53:00.994401+00:00', '--job-id', '177', '--raw', '--subdir', 'DAGS_FOLDER/weather_etl_dag_v2.py', '--cfg-path', '/tmp/tmpu215b28u']
[2026-04-13T06:53:07.911+0000] {standard_task_runner.py:91} INFO - Job 177: Subtask load_raw
[2026-04-13T06:53:07.913+0000] {logging_mixin.py:188} WARNING - /home/airflow/.local/lib/python3.12/site-packages/airflow/task/task_runner/standard_task_runner.py:62 DeprecationWarning: This process (pid=364) is multi-threaded, use of fork() may lead to deadlocks in the child.
[2026-04-13T06:53:07.915+0000] {standard_task_runner.py:64} INFO - Started process 365 to run task
[2026-04-13T06:53:08.020+0000] {task_command.py:426} INFO - Running <TaskInstance: weather_etl_pipeline_v2.load_raw manual__2026-04-13T06:53:00.994401+00:00 [running]> on host 5aae7c9eda2a
[2026-04-13T06:53:08.212+0000] {taskinstance.py:2648} INFO - Exporting env vars: AIRFLOW_CTX_DAG_OWNER='weather_etl' AIRFLOW_CTX_DAG_ID='weather_etl_pipeline_v2' AIRFLOW_CTX_TASK_ID='load_raw' AIRFLOW_CTX_EXECUTION_DATE='2026-04-13T06:53:00.994401+00:00' AIRFLOW_CTX_TRY_NUMBER='1' AIRFLOW_CTX_DAG_RUN_ID='manual__2026-04-13T06:53:00.994401+00:00'
[2026-04-13T06:53:08.215+0000] {taskinstance.py:430} INFO - ::endgroup::
[2026-04-13T06:53:08.236+0000] {weather_etl_dag_v2.py:119} INFO - ============================================================
[2026-04-13T06:53:08.238+0000] {weather_etl_dag_v2.py:120} INFO - TASK: LOAD_RAW - Storing raw API responses
[2026-04-13T06:53:08.240+0000] {weather_etl_dag_v2.py:121} INFO - ============================================================
[2026-04-13T06:53:08.268+0000] {logging_mixin.py:188} WARNING - 2026-04-13 06:53:08 - scripts.load_raw - INFO - Starting raw data load for 4 records
[2026-04-13T06:53:08.266+0000] {load_raw.py:134} INFO - Starting raw data load for 4 records
[2026-04-13T06:53:08.281+0000] {logging_mixin.py:188} WARNING - 2026-04-13 06:53:08 - scripts.load_raw - INFO - Successfully connected to PostgreSQL database
[2026-04-13T06:53:08.279+0000] {load_raw.py:38} INFO - Successfully connected to PostgreSQL database
[2026-04-13T06:53:08.286+0000] {logging_mixin.py:188} WARNING - 2026-04-13 06:53:08 - scripts.load_raw - INFO - Table 'weather_raw' created or already exists
[2026-04-13T06:53:08.285+0000] {load_raw.py:78} INFO - Table 'weather_raw' created or already exists
[2026-04-13T06:53:08.298+0000] {logging_mixin.py:188} WARNING - 2026-04-13 06:53:08 - scripts.load_raw - INFO - Raw data load complete: 4 inserted, 0 skipped (duplicates)
[2026-04-13T06:53:08.297+0000] {load_raw.py:162} INFO - Raw data load complete: 4 inserted, 0 skipped (duplicates)
[2026-04-13T06:53:08.302+0000] {logging_mixin.py:188} WARNING - 2026-04-13 06:53:08 - scripts.load_raw - INFO - Database connection closed
[2026-04-13T06:53:08.301+0000] {load_raw.py:53} INFO - Database connection closed
[2026-04-13T06:53:08.305+0000] {weather_etl_dag_v2.py:134} INFO - ✓ Raw data load complete: 4 inserted, 0 skipped
[2026-04-13T06:53:08.308+0000] {python.py:237} INFO - Done. Returned value was: 4
[2026-04-13T06:53:08.310+0000] {taskinstance.py:441} INFO - ::group::Post task execution logs
[2026-04-13T06:53:08.375+0000] {taskinstance.py:1206} INFO - Marking task as SUCCESS. dag_id=weather_etl_pipeline_v2, task_id=load_raw, run_id=manual__2026-04-13T06:53:00.994401+00:00, execution_date=20260413T065300, start_date=20260413T065307, end_date=20260413T065308
[2026-04-13T06:53:08.455+0000] {local_task_job_runner.py:243} INFO - Task exited with return code 0
[2026-04-13T06:53:08.505+0000] {taskinstance.py:3503} INFO - 1 downstream tasks scheduled from follow-on schedule check
[2026-04-13T06:53:08.509+0000] {local_task_job_runner.py:222} INFO - ::endgroup::
