[2026-04-15T04:05:40.676+0000] {local_task_job_runner.py:120} INFO - ::group::Pre task execution logs
[2026-04-15T04:05:40.709+0000] {taskinstance.py:2076} INFO - Dependencies all met for dep_context=non-requeueable deps ti=<TaskInstance: weather_etl_pipeline_v2.extract scheduled__2026-04-14T02:00:00+00:00 [queued]>
[2026-04-15T04:05:40.719+0000] {taskinstance.py:2076} INFO - Dependencies all met for dep_context=requeueable deps ti=<TaskInstance: weather_etl_pipeline_v2.extract scheduled__2026-04-14T02:00:00+00:00 [queued]>
[2026-04-15T04:05:40.720+0000] {taskinstance.py:2306} INFO - Starting attempt 1 of 4
[2026-04-15T04:05:40.733+0000] {taskinstance.py:2330} INFO - Executing <Task(PythonOperator): extract> on 2026-04-14 02:00:00+00:00
[2026-04-15T04:05:40.741+0000] {standard_task_runner.py:90} INFO - Running: ['airflow', 'tasks', 'run', 'weather_etl_pipeline_v2', 'extract', 'scheduled__2026-04-14T02:00:00+00:00', '--job-id', '211', '--raw', '--subdir', 'DAGS_FOLDER/weather_etl_dag_v2.py', '--cfg-path', '/tmp/tmpo5trzvk8']
[2026-04-15T04:05:40.745+0000] {standard_task_runner.py:91} INFO - Job 211: Subtask extract
[2026-04-15T04:05:40.747+0000] {logging_mixin.py:188} WARNING - /home/airflow/.local/lib/python3.12/site-packages/airflow/task/task_runner/standard_task_runner.py:62 DeprecationWarning: This process (pid=182) is multi-threaded, use of fork() may lead to deadlocks in the child.
[2026-04-15T04:05:40.749+0000] {standard_task_runner.py:64} INFO - Started process 184 to run task
[2026-04-15T04:05:40.818+0000] {task_command.py:426} INFO - Running <TaskInstance: weather_etl_pipeline_v2.extract scheduled__2026-04-14T02:00:00+00:00 [running]> on host 02fa0425b6f9
[2026-04-15T04:05:40.918+0000] {taskinstance.py:2648} INFO - Exporting env vars: AIRFLOW_CTX_DAG_OWNER='weather_etl' AIRFLOW_CTX_DAG_ID='weather_etl_pipeline_v2' AIRFLOW_CTX_TASK_ID='extract' AIRFLOW_CTX_EXECUTION_DATE='2026-04-14T02:00:00+00:00' AIRFLOW_CTX_TRY_NUMBER='1' AIRFLOW_CTX_DAG_RUN_ID='scheduled__2026-04-14T02:00:00+00:00'
[2026-04-15T04:05:40.919+0000] {taskinstance.py:430} INFO - ::endgroup::
[2026-04-15T04:05:40.934+0000] {weather_etl_dag_v2.py:66} INFO - ============================================================
[2026-04-15T04:05:40.935+0000] {weather_etl_dag_v2.py:67} INFO - TASK: EXTRACT - Fetching weather data from API
[2026-04-15T04:05:40.936+0000] {weather_etl_dag_v2.py:68} INFO - ============================================================
[2026-04-15T04:05:40.967+0000] {weather_etl_dag_v2.py:91} INFO - Fetched 7 cities from database: ['ahmedabad', 'bengaluru', 'chennai', 'Delhi', 'islamabad', 'Mumbai', 'pune']
[2026-04-15T04:05:40.971+0000] {logging_mixin.py:188} WARNING - 2026-04-15 04:05:40 - scripts.extract - INFO - Starting extraction for cities: ahmedabad, bengaluru, chennai, Delhi, islamabad, Mumbai, pune
[2026-04-15T04:05:40.971+0000] {extract.py:126} INFO - Starting extraction for cities: ahmedabad, bengaluru, chennai, Delhi, islamabad, Mumbai, pune
[2026-04-15T04:05:40.973+0000] {logging_mixin.py:188} WARNING - 2026-04-15 04:05:40 - scripts.extract - INFO - Starting extraction for 7 cities
[2026-04-15T04:05:40.972+0000] {extract.py:96} INFO - Starting extraction for 7 cities
[2026-04-15T04:05:40.974+0000] {logging_mixin.py:188} WARNING - 2026-04-15 04:05:40 - scripts.extract - INFO - Fetching weather data for ahmedabad (attempt 1/3)
[2026-04-15T04:05:40.974+0000] {extract.py:47} INFO - Fetching weather data for ahmedabad (attempt 1/3)
[2026-04-15T04:05:44.117+0000] {logging_mixin.py:188} WARNING - 2026-04-15 04:05:44 - scripts.extract - INFO - Successfully fetched data for ahmedabad
[2026-04-15T04:05:44.116+0000] {extract.py:53} INFO - Successfully fetched data for ahmedabad
[2026-04-15T04:05:44.120+0000] {logging_mixin.py:188} WARNING - 2026-04-15 04:05:44 - scripts.extract - INFO - Fetching weather data for bengaluru (attempt 1/3)
[2026-04-15T04:05:44.119+0000] {extract.py:47} INFO - Fetching weather data for bengaluru (attempt 1/3)
[2026-04-15T04:06:03.914+0000] {logging_mixin.py:188} WARNING - 2026-04-15 04:06:03 - scripts.extract - ERROR - Request error for bengaluru: HTTPSConnectionPool(host='api.openweathermap.org', port=443): Read timed out. (read timeout=10)
[2026-04-15T04:06:03.913+0000] {extract.py:73} ERROR - Request error for bengaluru: HTTPSConnectionPool(host='api.openweathermap.org', port=443): Read timed out. (read timeout=10)
[2026-04-15T04:06:05.914+0000] {logging_mixin.py:188} WARNING - 2026-04-15 04:06:05 - scripts.extract - INFO - Fetching weather data for bengaluru (attempt 2/3)
[2026-04-15T04:06:05.913+0000] {extract.py:47} INFO - Fetching weather data for bengaluru (attempt 2/3)
[2026-04-15T04:06:18.595+0000] {logging_mixin.py:188} WARNING - 2026-04-15 04:06:18 - scripts.extract - ERROR - Request error for bengaluru: HTTPSConnectionPool(host='api.openweathermap.org', port=443): Read timed out. (read timeout=10)
[2026-04-15T04:06:18.593+0000] {extract.py:73} ERROR - Request error for bengaluru: HTTPSConnectionPool(host='api.openweathermap.org', port=443): Read timed out. (read timeout=10)
[2026-04-15T04:06:20.600+0000] {logging_mixin.py:188} WARNING - 2026-04-15 04:06:20 - scripts.extract - INFO - Fetching weather data for bengaluru (attempt 3/3)
[2026-04-15T04:06:20.598+0000] {extract.py:47} INFO - Fetching weather data for bengaluru (attempt 3/3)
[2026-04-15T04:06:22.404+0000] {logging_mixin.py:188} WARNING - 2026-04-15 04:06:22 - scripts.extract - INFO - Successfully fetched data for bengaluru
[2026-04-15T04:06:22.403+0000] {extract.py:53} INFO - Successfully fetched data for bengaluru
[2026-04-15T04:06:22.406+0000] {logging_mixin.py:188} WARNING - 2026-04-15 04:06:22 - scripts.extract - INFO - Fetching weather data for chennai (attempt 1/3)
[2026-04-15T04:06:22.406+0000] {extract.py:47} INFO - Fetching weather data for chennai (attempt 1/3)
[2026-04-15T04:06:23.739+0000] {logging_mixin.py:188} WARNING - 2026-04-15 04:06:23 - scripts.extract - INFO - Successfully fetched data for chennai
[2026-04-15T04:06:23.738+0000] {extract.py:53} INFO - Successfully fetched data for chennai
[2026-04-15T04:06:23.742+0000] {logging_mixin.py:188} WARNING - 2026-04-15 04:06:23 - scripts.extract - INFO - Fetching weather data for Delhi (attempt 1/3)
[2026-04-15T04:06:23.742+0000] {extract.py:47} INFO - Fetching weather data for Delhi (attempt 1/3)
[2026-04-15T04:06:28.208+0000] {logging_mixin.py:188} WARNING - 2026-04-15 04:06:28 - scripts.extract - INFO - Successfully fetched data for Delhi
[2026-04-15T04:06:28.207+0000] {extract.py:53} INFO - Successfully fetched data for Delhi
[2026-04-15T04:06:28.213+0000] {logging_mixin.py:188} WARNING - 2026-04-15 04:06:28 - scripts.extract - INFO - Fetching weather data for islamabad (attempt 1/3)
[2026-04-15T04:06:28.212+0000] {extract.py:47} INFO - Fetching weather data for islamabad (attempt 1/3)
[2026-04-15T04:06:34.356+0000] {logging_mixin.py:188} WARNING - 2026-04-15 04:06:34 - scripts.extract - INFO - Successfully fetched data for islamabad
[2026-04-15T04:06:34.355+0000] {extract.py:53} INFO - Successfully fetched data for islamabad
[2026-04-15T04:06:34.358+0000] {logging_mixin.py:188} WARNING - 2026-04-15 04:06:34 - scripts.extract - INFO - Fetching weather data for Mumbai (attempt 1/3)
[2026-04-15T04:06:34.357+0000] {extract.py:47} INFO - Fetching weather data for Mumbai (attempt 1/3)
[2026-04-15T04:06:47.171+0000] {logging_mixin.py:188} WARNING - 2026-04-15 04:06:47 - scripts.extract - INFO - Successfully fetched data for Mumbai
[2026-04-15T04:06:47.170+0000] {extract.py:53} INFO - Successfully fetched data for Mumbai
[2026-04-15T04:06:47.175+0000] {logging_mixin.py:188} WARNING - 2026-04-15 04:06:47 - scripts.extract - INFO - Fetching weather data for pune (attempt 1/3)
[2026-04-15T04:06:47.174+0000] {extract.py:47} INFO - Fetching weather data for pune (attempt 1/3)
[2026-04-15T04:06:48.276+0000] {logging_mixin.py:188} WARNING - 2026-04-15 04:06:48 - scripts.extract - INFO - Successfully fetched data for pune
[2026-04-15T04:06:48.275+0000] {extract.py:53} INFO - Successfully fetched data for pune
[2026-04-15T04:06:48.279+0000] {logging_mixin.py:188} WARNING - 2026-04-15 04:06:48 - scripts.extract - INFO - Extraction complete: 7 successful, 0 failed
[2026-04-15T04:06:48.278+0000] {extract.py:113} INFO - Extraction complete: 7 successful, 0 failed
[2026-04-15T04:06:48.281+0000] {logging_mixin.py:188} WARNING - 2026-04-15 04:06:48 - scripts.extract - INFO - Extracted 7 weather records
[2026-04-15T04:06:48.280+0000] {extract.py:130} INFO - Extracted 7 weather records
[2026-04-15T04:06:48.303+0000] {weather_etl_dag_v2.py:102} INFO - ✓ Extraction complete: 7 records fetched
[2026-04-15T04:06:48.304+0000] {python.py:237} INFO - Done. Returned value was: 7
[2026-04-15T04:06:48.305+0000] {taskinstance.py:441} INFO - ::group::Post task execution logs
[2026-04-15T04:06:48.325+0000] {taskinstance.py:1206} INFO - Marking task as SUCCESS. dag_id=weather_etl_pipeline_v2, task_id=extract, run_id=scheduled__2026-04-14T02:00:00+00:00, execution_date=20260414T020000, start_date=20260415T040540, end_date=20260415T040648
[2026-04-15T04:06:48.388+0000] {local_task_job_runner.py:243} INFO - Task exited with return code 0
[2026-04-15T04:06:48.424+0000] {taskinstance.py:3503} INFO - 1 downstream tasks scheduled from follow-on schedule check
[2026-04-15T04:06:48.426+0000] {local_task_job_runner.py:222} INFO - ::endgroup::
