[2026-04-15T07:46:55.546+0000] {local_task_job_runner.py:120} INFO - ::group::Pre task execution logs
[2026-04-15T07:46:55.637+0000] {taskinstance.py:2076} INFO - Dependencies all met for dep_context=non-requeueable deps ti=<TaskInstance: weather_etl_pipeline_v2.load_raw manual__2026-04-15T07:42:45.897213+00:00 [queued]>
[2026-04-15T07:46:55.673+0000] {taskinstance.py:2076} INFO - Dependencies all met for dep_context=requeueable deps ti=<TaskInstance: weather_etl_pipeline_v2.load_raw manual__2026-04-15T07:42:45.897213+00:00 [queued]>
[2026-04-15T07:46:55.675+0000] {taskinstance.py:2306} INFO - Starting attempt 3 of 4
[2026-04-15T07:46:55.702+0000] {taskinstance.py:2330} INFO - Executing <Task(PythonOperator): load_raw> on 2026-04-15 07:42:45.897213+00:00
[2026-04-15T07:46:55.718+0000] {standard_task_runner.py:90} INFO - Running: ['airflow', 'tasks', 'run', 'weather_etl_pipeline_v2', 'load_raw', 'manual__2026-04-15T07:42:45.897213+00:00', '--job-id', '255', '--raw', '--subdir', 'DAGS_FOLDER/weather_etl_dag_v2.py', '--cfg-path', '/tmp/tmpm7h1hr5a']
[2026-04-15T07:46:55.727+0000] {standard_task_runner.py:91} INFO - Job 255: Subtask load_raw
[2026-04-15T07:46:55.737+0000] {logging_mixin.py:188} WARNING - /home/airflow/.local/lib/python3.12/site-packages/airflow/task/task_runner/standard_task_runner.py:62 DeprecationWarning: This process (pid=414) is multi-threaded, use of fork() may lead to deadlocks in the child.
[2026-04-15T07:46:55.748+0000] {standard_task_runner.py:64} INFO - Started process 417 to run task
[2026-04-15T07:46:55.866+0000] {task_command.py:426} INFO - Running <TaskInstance: weather_etl_pipeline_v2.load_raw manual__2026-04-15T07:42:45.897213+00:00 [running]> on host 5352684ecc2b
[2026-04-15T07:46:55.982+0000] {taskinstance.py:2648} INFO - Exporting env vars: AIRFLOW_CTX_DAG_OWNER='weather_etl' AIRFLOW_CTX_DAG_ID='weather_etl_pipeline_v2' AIRFLOW_CTX_TASK_ID='load_raw' AIRFLOW_CTX_EXECUTION_DATE='2026-04-15T07:42:45.897213+00:00' AIRFLOW_CTX_TRY_NUMBER='3' AIRFLOW_CTX_DAG_RUN_ID='manual__2026-04-15T07:42:45.897213+00:00'
[2026-04-15T07:46:55.985+0000] {taskinstance.py:430} INFO - ::endgroup::
[2026-04-15T07:46:56.009+0000] {weather_etl_dag_v2.py:119} INFO - ============================================================
[2026-04-15T07:46:56.013+0000] {weather_etl_dag_v2.py:120} INFO - TASK: LOAD_RAW - Storing raw API responses
[2026-04-15T07:46:56.017+0000] {weather_etl_dag_v2.py:121} INFO - ============================================================
[2026-04-15T07:46:56.051+0000] {logging_mixin.py:188} WARNING - 2026-04-15 07:46:56 - scripts.load_raw - INFO - Starting raw data load for 6 records
[2026-04-15T07:46:56.050+0000] {load_raw.py:142} INFO - Starting raw data load for 6 records
[2026-04-15T07:46:56.058+0000] {logging_mixin.py:188} WARNING - 2026-04-15 07:46:56 - scripts.load_raw - INFO - Successfully connected to PostgreSQL database
[2026-04-15T07:46:56.058+0000] {load_raw.py:38} INFO - Successfully connected to PostgreSQL database
[2026-04-15T07:46:56.064+0000] {logging_mixin.py:188} WARNING - 2026-04-15 07:46:56 - scripts.load_raw - ERROR - Error creating table: column "processed" does not exist
[2026-04-15T07:46:56.063+0000] {load_raw.py:81} ERROR - Error creating table: column "processed" does not exist

[2026-04-15T07:46:56.068+0000] {logging_mixin.py:188} WARNING - 2026-04-15 07:46:56 - scripts.load_raw - ERROR - Error during raw data load: column "processed" does not exist
[2026-04-15T07:46:56.067+0000] {load_raw.py:179} ERROR - Error during raw data load: column "processed" does not exist

[2026-04-15T07:46:56.071+0000] {logging_mixin.py:188} WARNING - 2026-04-15 07:46:56 - scripts.load_raw - INFO - Database connection closed
[2026-04-15T07:46:56.070+0000] {load_raw.py:53} INFO - Database connection closed
[2026-04-15T07:46:56.074+0000] {weather_etl_dag_v2.py:139} ERROR - ✗ Raw data load failed: column "processed" does not exist
Traceback (most recent call last):
  File "/opt/airflow/dags/weather_etl_dag_v2.py", line 132, in load_raw_task
    stats = loader.load_raw_data(raw_data)
            ^^^^^^^^^^^^^^^^^^^^^^^^^^^^^^
  File "/opt/airflow/scripts/load_raw.py", line 148, in load_raw_data
    self.create_raw_table_if_not_exists()
  File "/opt/airflow/scripts/load_raw.py", line 76, in create_raw_table_if_not_exists
    self.cursor.execute(create_table_query)
psycopg2.errors.UndefinedColumn: column "processed" does not exist

[2026-04-15T07:46:56.101+0000] {taskinstance.py:441} INFO - ::group::Post task execution logs
[2026-04-15T07:46:56.103+0000] {taskinstance.py:2905} ERROR - Task failed with exception
Traceback (most recent call last):
  File "/home/airflow/.local/lib/python3.12/site-packages/airflow/models/taskinstance.py", line 465, in _execute_task
    result = _execute_callable(context=context, **execute_callable_kwargs)
             ^^^^^^^^^^^^^^^^^^^^^^^^^^^^^^^^^^^^^^^^^^^^^^^^^^^^^^^^^^^^^
  File "/home/airflow/.local/lib/python3.12/site-packages/airflow/models/taskinstance.py", line 432, in _execute_callable
    return execute_callable(context=context, **execute_callable_kwargs)
           ^^^^^^^^^^^^^^^^^^^^^^^^^^^^^^^^^^^^^^^^^^^^^^^^^^^^^^^^^^^^
  File "/home/airflow/.local/lib/python3.12/site-packages/airflow/models/baseoperator.py", line 401, in wrapper
    return func(self, *args, **kwargs)
           ^^^^^^^^^^^^^^^^^^^^^^^^^^^
  File "/home/airflow/.local/lib/python3.12/site-packages/airflow/operators/python.py", line 235, in execute
    return_value = self.execute_callable()
                   ^^^^^^^^^^^^^^^^^^^^^^^
  File "/home/airflow/.local/lib/python3.12/site-packages/airflow/operators/python.py", line 252, in execute_callable
    return self.python_callable(*self.op_args, **self.op_kwargs)
           ^^^^^^^^^^^^^^^^^^^^^^^^^^^^^^^^^^^^^^^^^^^^^^^^^^^^^
  File "/opt/airflow/dags/weather_etl_dag_v2.py", line 132, in load_raw_task
    stats = loader.load_raw_data(raw_data)
            ^^^^^^^^^^^^^^^^^^^^^^^^^^^^^^
  File "/opt/airflow/scripts/load_raw.py", line 148, in load_raw_data
    self.create_raw_table_if_not_exists()
  File "/opt/airflow/scripts/load_raw.py", line 76, in create_raw_table_if_not_exists
    self.cursor.execute(create_table_query)
psycopg2.errors.UndefinedColumn: column "processed" does not exist

[2026-04-15T07:46:56.125+0000] {taskinstance.py:1206} INFO - Marking task as UP_FOR_RETRY. dag_id=weather_etl_pipeline_v2, task_id=load_raw, run_id=manual__2026-04-15T07:42:45.897213+00:00, execution_date=20260415T074245, start_date=20260415T074655, end_date=20260415T074656
[2026-04-15T07:46:56.142+0000] {standard_task_runner.py:110} ERROR - Failed to execute job 255 for task load_raw (column "processed" does not exist
; 417)
[2026-04-15T07:46:56.168+0000] {local_task_job_runner.py:243} INFO - Task exited with return code 1
[2026-04-15T07:46:56.198+0000] {taskinstance.py:3503} INFO - 0 downstream tasks scheduled from follow-on schedule check
[2026-04-15T07:46:56.201+0000] {local_task_job_runner.py:222} INFO - ::endgroup::
