[2026-04-15T05:49:42.865+0000] {local_task_job_runner.py:120} INFO - ::group::Pre task execution logs
[2026-04-15T05:49:42.910+0000] {taskinstance.py:2076} INFO - Dependencies all met for dep_context=non-requeueable deps ti=<TaskInstance: weather_etl_pipeline_v2.transform_clean manual__2026-04-15T05:49:32.853970+00:00 [queued]>
[2026-04-15T05:49:42.924+0000] {taskinstance.py:2076} INFO - Dependencies all met for dep_context=requeueable deps ti=<TaskInstance: weather_etl_pipeline_v2.transform_clean manual__2026-04-15T05:49:32.853970+00:00 [queued]>
[2026-04-15T05:49:42.927+0000] {taskinstance.py:2306} INFO - Starting attempt 1 of 4
[2026-04-15T05:49:42.948+0000] {taskinstance.py:2330} INFO - Executing <Task(PythonOperator): transform_clean> on 2026-04-15 05:49:32.853970+00:00
[2026-04-15T05:49:42.959+0000] {standard_task_runner.py:90} INFO - Running: ['airflow', 'tasks', 'run', 'weather_etl_pipeline_v2', 'transform_clean', 'manual__2026-04-15T05:49:32.853970+00:00', '--job-id', '235', '--raw', '--subdir', 'DAGS_FOLDER/weather_etl_dag_v2.py', '--cfg-path', '/tmp/tmp3hv8ma4y']
[2026-04-15T05:49:42.964+0000] {standard_task_runner.py:91} INFO - Job 235: Subtask transform_clean
[2026-04-15T05:49:42.968+0000] {logging_mixin.py:188} WARNING - /home/airflow/.local/lib/python3.12/site-packages/airflow/task/task_runner/standard_task_runner.py:62 DeprecationWarning: This process (pid=224) is multi-threaded, use of fork() may lead to deadlocks in the child.
[2026-04-15T05:49:42.970+0000] {standard_task_runner.py:64} INFO - Started process 225 to run task
[2026-04-15T05:49:43.061+0000] {task_command.py:426} INFO - Running <TaskInstance: weather_etl_pipeline_v2.transform_clean manual__2026-04-15T05:49:32.853970+00:00 [running]> on host 157a7326b030
[2026-04-15T05:49:43.261+0000] {taskinstance.py:2648} INFO - Exporting env vars: AIRFLOW_CTX_DAG_OWNER='weather_etl' AIRFLOW_CTX_DAG_ID='weather_etl_pipeline_v2' AIRFLOW_CTX_TASK_ID='transform_clean' AIRFLOW_CTX_EXECUTION_DATE='2026-04-15T05:49:32.853970+00:00' AIRFLOW_CTX_TRY_NUMBER='1' AIRFLOW_CTX_DAG_RUN_ID='manual__2026-04-15T05:49:32.853970+00:00'
[2026-04-15T05:49:43.263+0000] {taskinstance.py:430} INFO - ::endgroup::
[2026-04-15T05:49:43.294+0000] {weather_etl_dag_v2.py:148} INFO - ============================================================
[2026-04-15T05:49:43.297+0000] {weather_etl_dag_v2.py:149} INFO - TASK: TRANSFORM_CLEAN - Transform and load clean data
[2026-04-15T05:49:43.300+0000] {weather_etl_dag_v2.py:150} INFO - ============================================================
[2026-04-15T05:49:43.337+0000] {logging_mixin.py:188} WARNING - 2026-04-15 05:49:43 - scripts.load_raw - INFO - Successfully connected to PostgreSQL database
[2026-04-15T05:49:43.336+0000] {load_raw.py:38} INFO - Successfully connected to PostgreSQL database
[2026-04-15T05:49:43.347+0000] {logging_mixin.py:188} WARNING - 2026-04-15 05:49:43 - scripts.load_raw - INFO - Retrieved 11 unprocessed raw records
[2026-04-15T05:49:43.346+0000] {load_raw.py:211} INFO - Retrieved 11 unprocessed raw records
[2026-04-15T05:49:43.352+0000] {logging_mixin.py:188} WARNING - 2026-04-15 05:49:43 - scripts.load_raw - INFO - Database connection closed
[2026-04-15T05:49:43.351+0000] {load_raw.py:53} INFO - Database connection closed
[2026-04-15T05:49:43.358+0000] {logging_mixin.py:188} WARNING - 2026-04-15 05:49:43 - scripts.load_clean - INFO - Starting transformation and load for 11 raw records
[2026-04-15T05:49:43.356+0000] {load_clean.py:169} INFO - Starting transformation and load for 11 raw records
[2026-04-15T05:49:43.373+0000] {logging_mixin.py:188} WARNING - 2026-04-15 05:49:43 - scripts.load_clean - INFO - Successfully connected to PostgreSQL database
[2026-04-15T05:49:43.371+0000] {load_clean.py:41} INFO - Successfully connected to PostgreSQL database
[2026-04-15T05:49:43.383+0000] {logging_mixin.py:188} WARNING - 2026-04-15 05:49:43 - scripts.load_clean - INFO - Table 'weather_clean' created or already exists
[2026-04-15T05:49:43.381+0000] {load_clean.py:91} INFO - Table 'weather_clean' created or already exists
[2026-04-15T05:49:43.398+0000] {logging_mixin.py:188} WARNING - 2026-04-15 05:49:43 - scripts.load_clean - INFO - Inserted new record for Chicago (deleted old records first)
[2026-04-15T05:49:43.396+0000] {load_clean.py:149} INFO - Inserted new record for Chicago (deleted old records first)
[2026-04-15T05:49:43.407+0000] {logging_mixin.py:188} WARNING - 2026-04-15 05:49:43 - scripts.load_clean - INFO - Inserted new record for Ahmedabad (deleted old records first)
[2026-04-15T05:49:43.406+0000] {load_clean.py:149} INFO - Inserted new record for Ahmedabad (deleted old records first)
[2026-04-15T05:49:43.415+0000] {logging_mixin.py:188} WARNING - 2026-04-15 05:49:43 - scripts.load_clean - INFO - Inserted new record for Bengaluru (deleted old records first)
[2026-04-15T05:49:43.414+0000] {load_clean.py:149} INFO - Inserted new record for Bengaluru (deleted old records first)
[2026-04-15T05:49:43.421+0000] {logging_mixin.py:188} WARNING - 2026-04-15 05:49:43 - scripts.load_clean - INFO - Inserted new record for Chennai (deleted old records first)
[2026-04-15T05:49:43.420+0000] {load_clean.py:149} INFO - Inserted new record for Chennai (deleted old records first)
[2026-04-15T05:49:43.427+0000] {logging_mixin.py:188} WARNING - 2026-04-15 05:49:43 - scripts.load_clean - INFO - Inserted new record for Delhi (deleted old records first)
[2026-04-15T05:49:43.427+0000] {load_clean.py:149} INFO - Inserted new record for Delhi (deleted old records first)
[2026-04-15T05:49:43.432+0000] {logging_mixin.py:188} WARNING - 2026-04-15 05:49:43 - scripts.load_clean - INFO - Inserted new record for Islamabad (deleted old records first)
[2026-04-15T05:49:43.431+0000] {load_clean.py:149} INFO - Inserted new record for Islamabad (deleted old records first)
[2026-04-15T05:49:43.437+0000] {logging_mixin.py:188} WARNING - 2026-04-15 05:49:43 - scripts.load_clean - INFO - Inserted new record for Jaipur (deleted old records first)
[2026-04-15T05:49:43.436+0000] {load_clean.py:149} INFO - Inserted new record for Jaipur (deleted old records first)
[2026-04-15T05:49:43.442+0000] {logging_mixin.py:188} WARNING - 2026-04-15 05:49:43 - scripts.load_clean - INFO - Inserted new record for Mumbai (deleted old records first)
[2026-04-15T05:49:43.442+0000] {load_clean.py:149} INFO - Inserted new record for Mumbai (deleted old records first)
[2026-04-15T05:49:43.446+0000] {logging_mixin.py:188} WARNING - 2026-04-15 05:49:43 - scripts.load_clean - INFO - Inserted new record for New York (deleted old records first)
[2026-04-15T05:49:43.445+0000] {load_clean.py:149} INFO - Inserted new record for New York (deleted old records first)
[2026-04-15T05:49:43.450+0000] {logging_mixin.py:188} WARNING - 2026-04-15 05:49:43 - scripts.load_clean - INFO - Inserted new record for Pune (deleted old records first)
[2026-04-15T05:49:43.450+0000] {load_clean.py:149} INFO - Inserted new record for Pune (deleted old records first)
[2026-04-15T05:49:43.454+0000] {logging_mixin.py:188} WARNING - 2026-04-15 05:49:43 - scripts.load_clean - INFO - Inserted new record for Udaipur (deleted old records first)
[2026-04-15T05:49:43.453+0000] {load_clean.py:149} INFO - Inserted new record for Udaipur (deleted old records first)
[2026-04-15T05:49:43.460+0000] {logging_mixin.py:188} WARNING - 2026-04-15 05:49:43 - scripts.load_clean - INFO - Marked 11 raw records as processed
[2026-04-15T05:49:43.459+0000] {load_clean.py:252} INFO - Marked 11 raw records as processed
[2026-04-15T05:49:43.463+0000] {logging_mixin.py:188} WARNING - 2026-04-15 05:49:43 - scripts.load_clean - INFO - Clean data load complete: 11 transformed, 11 validated, 11 loaded, 0 failed
[2026-04-15T05:49:43.462+0000] {load_clean.py:224} INFO - Clean data load complete: 11 transformed, 11 validated, 11 loaded, 0 failed
[2026-04-15T05:49:43.466+0000] {logging_mixin.py:188} WARNING - 2026-04-15 05:49:43 - scripts.load_clean - INFO - Database connection closed
[2026-04-15T05:49:43.465+0000] {load_clean.py:56} INFO - Database connection closed
[2026-04-15T05:49:43.467+0000] {weather_etl_dag_v2.py:166} INFO - ✓ Transform and load complete: 11 loaded, 0 failed
[2026-04-15T05:49:43.488+0000] {python.py:237} INFO - Done. Returned value was: 11
[2026-04-15T05:49:43.489+0000] {taskinstance.py:441} INFO - ::group::Post task execution logs
[2026-04-15T05:49:43.537+0000] {taskinstance.py:1206} INFO - Marking task as SUCCESS. dag_id=weather_etl_pipeline_v2, task_id=transform_clean, run_id=manual__2026-04-15T05:49:32.853970+00:00, execution_date=20260415T054932, start_date=20260415T054942, end_date=20260415T054943
[2026-04-15T05:49:43.589+0000] {local_task_job_runner.py:243} INFO - Task exited with return code 0
[2026-04-15T05:49:43.643+0000] {taskinstance.py:3503} INFO - 1 downstream tasks scheduled from follow-on schedule check
[2026-04-15T05:49:43.648+0000] {local_task_job_runner.py:222} INFO - ::endgroup::
