[2026-04-16T06:15:58.322+0000] {local_task_job_runner.py:120} INFO - ::group::Pre task execution logs
[2026-04-16T06:15:58.364+0000] {taskinstance.py:2076} INFO - Dependencies all met for dep_context=non-requeueable deps ti=<TaskInstance: weather_etl_pipeline_v2.update_metadata_success manual__2026-04-16T06:15:47.666486+00:00 [queued]>
[2026-04-16T06:15:58.377+0000] {taskinstance.py:2076} INFO - Dependencies all met for dep_context=requeueable deps ti=<TaskInstance: weather_etl_pipeline_v2.update_metadata_success manual__2026-04-16T06:15:47.666486+00:00 [queued]>
[2026-04-16T06:15:58.379+0000] {taskinstance.py:2306} INFO - Starting attempt 1 of 4
[2026-04-16T06:15:58.399+0000] {taskinstance.py:2330} INFO - Executing <Task(PythonOperator): update_metadata_success> on 2026-04-16 06:15:47.666486+00:00
[2026-04-16T06:15:58.410+0000] {logging_mixin.py:188} WARNING - /home/airflow/.local/lib/python3.12/site-packages/airflow/task/task_runner/standard_task_runner.py:62 DeprecationWarning: This process (pid=1090) is multi-threaded, use of fork() may lead to deadlocks in the child.
[2026-04-16T06:15:58.409+0000] {standard_task_runner.py:90} INFO - Running: ['airflow', 'tasks', 'run', 'weather_etl_pipeline_v2', 'update_metadata_success', 'manual__2026-04-16T06:15:47.666486+00:00', '--job-id', '31', '--raw', '--subdir', 'DAGS_FOLDER/weather_etl_dag_v2.py', '--cfg-path', '/tmp/tmpbqexagee']
[2026-04-16T06:15:58.412+0000] {standard_task_runner.py:64} INFO - Started process 1091 to run task
[2026-04-16T06:15:58.412+0000] {standard_task_runner.py:91} INFO - Job 31: Subtask update_metadata_success
[2026-04-16T06:15:58.498+0000] {task_command.py:426} INFO - Running <TaskInstance: weather_etl_pipeline_v2.update_metadata_success manual__2026-04-16T06:15:47.666486+00:00 [running]> on host cf9362e38fb8
[2026-04-16T06:15:58.614+0000] {taskinstance.py:2648} INFO - Exporting env vars: AIRFLOW_CTX_DAG_OWNER='weather_etl' AIRFLOW_CTX_DAG_ID='weather_etl_pipeline_v2' AIRFLOW_CTX_TASK_ID='update_metadata_success' AIRFLOW_CTX_EXECUTION_DATE='2026-04-16T06:15:47.666486+00:00' AIRFLOW_CTX_TRY_NUMBER='1' AIRFLOW_CTX_DAG_RUN_ID='manual__2026-04-16T06:15:47.666486+00:00'
[2026-04-16T06:15:58.616+0000] {taskinstance.py:430} INFO - ::endgroup::
[2026-04-16T06:15:58.637+0000] {weather_etl_dag_v2.py:319} INFO - ============================================================
[2026-04-16T06:15:58.639+0000] {weather_etl_dag_v2.py:320} INFO - TASK: UPDATE_METADATA_SUCCESS — Recording successful pipeline run
[2026-04-16T06:15:58.641+0000] {weather_etl_dag_v2.py:321} INFO - ============================================================
[2026-04-16T06:15:58.739+0000] {logging_mixin.py:188} WARNING - 2026-04-16 06:15:58 - scripts.metadata_manager - INFO - Successfully connected to PostgreSQL database
[2026-04-16T06:15:58.737+0000] {metadata_manager.py:38} INFO - Successfully connected to PostgreSQL database
[2026-04-16T06:15:58.751+0000] {logging_mixin.py:188} WARNING - 2026-04-16 06:15:58 - scripts.metadata_manager - INFO - Table 'pipeline_metadata' created or already exists
[2026-04-16T06:15:58.749+0000] {metadata_manager.py:92} INFO - Table 'pipeline_metadata' created or already exists
[2026-04-16T06:15:58.756+0000] {logging_mixin.py:188} WARNING - 2026-04-16 06:15:58 - scripts.metadata_manager - INFO - Pipeline weather_etl_pipeline_v2 marked as SUCCESS: 6 processed, 21 inserted, 0 failed
[2026-04-16T06:15:58.755+0000] {metadata_manager.py:241} INFO - Pipeline weather_etl_pipeline_v2 marked as SUCCESS: 6 processed, 21 inserted, 0 failed
[2026-04-16T06:15:58.761+0000] {logging_mixin.py:188} WARNING - 2026-04-16 06:15:58 - scripts.metadata_manager - INFO - Database connection closed
[2026-04-16T06:15:58.759+0000] {metadata_manager.py:53} INFO - Database connection closed
[2026-04-16T06:15:58.764+0000] {weather_etl_dag_v2.py:341} INFO - ✓ Pipeline marked as SUCCESS
[2026-04-16T06:15:58.766+0000] {weather_etl_dag_v2.py:342} INFO -   Records extracted  : 6
[2026-04-16T06:15:58.769+0000] {weather_etl_dag_v2.py:343} INFO -   Records inserted   : 21
[2026-04-16T06:15:58.772+0000] {weather_etl_dag_v2.py:344} INFO -   Records failed     : 0
[2026-04-16T06:15:58.775+0000] {weather_etl_dag_v2.py:345} INFO -   Validation rate    : 100.0%
[2026-04-16T06:15:58.777+0000] {weather_etl_dag_v2.py:346} INFO -   Agg rows upserted  : 0
[2026-04-16T06:15:58.780+0000] {python.py:237} INFO - Done. Returned value was: True
[2026-04-16T06:15:58.782+0000] {taskinstance.py:441} INFO - ::group::Post task execution logs
[2026-04-16T06:15:58.827+0000] {taskinstance.py:1206} INFO - Marking task as SUCCESS. dag_id=weather_etl_pipeline_v2, task_id=update_metadata_success, run_id=manual__2026-04-16T06:15:47.666486+00:00, execution_date=20260416T061547, start_date=20260416T061558, end_date=20260416T061558
[2026-04-16T06:15:58.869+0000] {local_task_job_runner.py:243} INFO - Task exited with return code 0
[2026-04-16T06:15:58.896+0000] {taskinstance.py:3503} INFO - 0 downstream tasks scheduled from follow-on schedule check
[2026-04-16T06:15:58.901+0000] {local_task_job_runner.py:222} INFO - ::endgroup::
