[2026-04-10T13:31:03.947+0000] {local_task_job_runner.py:120} INFO - ::group::Pre task execution logs
[2026-04-10T13:31:03.994+0000] {taskinstance.py:2076} INFO - Dependencies all met for dep_context=non-requeueable deps ti=<TaskInstance: weather_etl_pipeline_v2.transform_clean manual__2026-04-10T13:30:57.870118+00:00 [queued]>
[2026-04-10T13:31:04.010+0000] {taskinstance.py:2076} INFO - Dependencies all met for dep_context=requeueable deps ti=<TaskInstance: weather_etl_pipeline_v2.transform_clean manual__2026-04-10T13:30:57.870118+00:00 [queued]>
[2026-04-10T13:31:04.011+0000] {taskinstance.py:2306} INFO - Starting attempt 1 of 3
[2026-04-10T13:31:04.031+0000] {taskinstance.py:2330} INFO - Executing <Task(PythonOperator): transform_clean> on 2026-04-10 13:30:57.870118+00:00
[2026-04-10T13:31:04.040+0000] {standard_task_runner.py:90} INFO - Running: ['airflow', 'tasks', 'run', 'weather_etl_pipeline_v2', 'transform_clean', 'manual__2026-04-10T13:30:57.870118+00:00', '--job-id', '57', '--raw', '--subdir', 'DAGS_FOLDER/weather_etl_dag_v2.py', '--cfg-path', '/tmp/tmp3_fe1mbh']
[2026-04-10T13:31:04.048+0000] {standard_task_runner.py:91} INFO - Job 57: Subtask transform_clean
[2026-04-10T13:31:04.053+0000] {logging_mixin.py:188} WARNING - /home/airflow/.local/lib/python3.12/site-packages/airflow/task/task_runner/standard_task_runner.py:62 DeprecationWarning: This process (pid=215) is multi-threaded, use of fork() may lead to deadlocks in the child.
[2026-04-10T13:31:04.054+0000] {standard_task_runner.py:64} INFO - Started process 216 to run task
[2026-04-10T13:31:04.129+0000] {task_command.py:426} INFO - Running <TaskInstance: weather_etl_pipeline_v2.transform_clean manual__2026-04-10T13:30:57.870118+00:00 [running]> on host e69da4fb5dc4
[2026-04-10T13:31:04.262+0000] {taskinstance.py:2648} INFO - Exporting env vars: AIRFLOW_CTX_DAG_OWNER='weather_etl' AIRFLOW_CTX_DAG_ID='weather_etl_pipeline_v2' AIRFLOW_CTX_TASK_ID='transform_clean' AIRFLOW_CTX_EXECUTION_DATE='2026-04-10T13:30:57.870118+00:00' AIRFLOW_CTX_TRY_NUMBER='1' AIRFLOW_CTX_DAG_RUN_ID='manual__2026-04-10T13:30:57.870118+00:00'
[2026-04-10T13:31:04.265+0000] {taskinstance.py:430} INFO - ::endgroup::
[2026-04-10T13:31:04.283+0000] {weather_etl_dag_v2.py:123} INFO - ============================================================
[2026-04-10T13:31:04.286+0000] {weather_etl_dag_v2.py:124} INFO - TASK: TRANSFORM_CLEAN - Transform and load clean data
[2026-04-10T13:31:04.287+0000] {weather_etl_dag_v2.py:125} INFO - ============================================================
[2026-04-10T13:31:04.321+0000] {logging_mixin.py:188} WARNING - 2026-04-10 13:31:04 - scripts.load_raw - INFO - Successfully connected to PostgreSQL database
[2026-04-10T13:31:04.321+0000] {load_raw.py:38} INFO - Successfully connected to PostgreSQL database
[2026-04-10T13:31:04.329+0000] {logging_mixin.py:188} WARNING - 2026-04-10 13:31:04 - scripts.load_raw - INFO - Retrieved 20 unprocessed raw records
[2026-04-10T13:31:04.328+0000] {load_raw.py:206} INFO - Retrieved 20 unprocessed raw records
[2026-04-10T13:31:04.331+0000] {logging_mixin.py:188} WARNING - 2026-04-10 13:31:04 - scripts.load_raw - INFO - Database connection closed
[2026-04-10T13:31:04.330+0000] {load_raw.py:53} INFO - Database connection closed
[2026-04-10T13:31:04.334+0000] {logging_mixin.py:188} WARNING - 2026-04-10 13:31:04 - scripts.load_clean - INFO - Starting transformation and load for 20 raw records
[2026-04-10T13:31:04.333+0000] {load_clean.py:159} INFO - Starting transformation and load for 20 raw records
[2026-04-10T13:31:04.343+0000] {logging_mixin.py:188} WARNING - 2026-04-10 13:31:04 - scripts.load_clean - INFO - Successfully connected to PostgreSQL database
[2026-04-10T13:31:04.342+0000] {load_clean.py:41} INFO - Successfully connected to PostgreSQL database
[2026-04-10T13:31:04.348+0000] {logging_mixin.py:188} WARNING - 2026-04-10 13:31:04 - scripts.load_clean - INFO - Table 'weather_clean' created or already exists
[2026-04-10T13:31:04.346+0000] {load_clean.py:91} INFO - Table 'weather_clean' created or already exists
[2026-04-10T13:31:04.366+0000] {logging_mixin.py:188} WARNING - 2026-04-10 13:31:04 - scripts.load_clean - INFO - Marked 20 raw records as processed
[2026-04-10T13:31:04.366+0000] {load_clean.py:242} INFO - Marked 20 raw records as processed
[2026-04-10T13:31:04.368+0000] {logging_mixin.py:188} WARNING - 2026-04-10 13:31:04 - scripts.load_clean - INFO - Clean data load complete: 20 transformed, 20 validated, 20 loaded, 0 failed
[2026-04-10T13:31:04.368+0000] {load_clean.py:214} INFO - Clean data load complete: 20 transformed, 20 validated, 20 loaded, 0 failed
[2026-04-10T13:31:04.370+0000] {logging_mixin.py:188} WARNING - 2026-04-10 13:31:04 - scripts.load_clean - INFO - Database connection closed
[2026-04-10T13:31:04.369+0000] {load_clean.py:56} INFO - Database connection closed
[2026-04-10T13:31:04.372+0000] {weather_etl_dag_v2.py:141} INFO - ✓ Transform and load complete: 20 loaded, 0 failed
[2026-04-10T13:31:04.392+0000] {python.py:237} INFO - Done. Returned value was: 20
[2026-04-10T13:31:04.393+0000] {taskinstance.py:441} INFO - ::group::Post task execution logs
[2026-04-10T13:31:04.423+0000] {taskinstance.py:1206} INFO - Marking task as SUCCESS. dag_id=weather_etl_pipeline_v2, task_id=transform_clean, run_id=manual__2026-04-10T13:30:57.870118+00:00, execution_date=20260410T133057, start_date=20260410T133103, end_date=20260410T133104
[2026-04-10T13:31:04.471+0000] {local_task_job_runner.py:243} INFO - Task exited with return code 0
[2026-04-10T13:31:04.487+0000] {local_task_job_runner.py:222} INFO - ::endgroup::
