[2026-04-17T05:24:34.558+0000] {local_task_job_runner.py:120} INFO - ::group::Pre task execution logs
[2026-04-17T05:24:34.615+0000] {taskinstance.py:2076} INFO - Dependencies all met for dep_context=non-requeueable deps ti=<TaskInstance: weather_etl_pipeline_v2.load_raw manual__2026-04-17T05:24:28.533899+00:00 [queued]>
[2026-04-17T05:24:34.630+0000] {taskinstance.py:2076} INFO - Dependencies all met for dep_context=requeueable deps ti=<TaskInstance: weather_etl_pipeline_v2.load_raw manual__2026-04-17T05:24:28.533899+00:00 [queued]>
[2026-04-17T05:24:34.632+0000] {taskinstance.py:2306} INFO - Starting attempt 1 of 4
[2026-04-17T05:24:34.658+0000] {taskinstance.py:2330} INFO - Executing <Task(PythonOperator): load_raw> on 2026-04-17 05:24:28.533899+00:00
[2026-04-17T05:24:34.673+0000] {standard_task_runner.py:90} INFO - Running: ['airflow', 'tasks', 'run', 'weather_etl_pipeline_v2', 'load_raw', 'manual__2026-04-17T05:24:28.533899+00:00', '--job-id', '124', '--raw', '--subdir', 'DAGS_FOLDER/weather_etl_dag_v2.py', '--cfg-path', '/tmp/tmpcioq58gb']
[2026-04-17T05:24:34.677+0000] {logging_mixin.py:188} WARNING - /home/airflow/.local/lib/python3.12/site-packages/airflow/task/task_runner/standard_task_runner.py:62 DeprecationWarning: This process (pid=934) is multi-threaded, use of fork() may lead to deadlocks in the child.
[2026-04-17T05:24:34.678+0000] {standard_task_runner.py:91} INFO - Job 124: Subtask load_raw
[2026-04-17T05:24:34.679+0000] {standard_task_runner.py:64} INFO - Started process 935 to run task
[2026-04-17T05:24:34.763+0000] {task_command.py:426} INFO - Running <TaskInstance: weather_etl_pipeline_v2.load_raw manual__2026-04-17T05:24:28.533899+00:00 [running]> on host 89e29680acec
[2026-04-17T05:24:34.892+0000] {taskinstance.py:2648} INFO - Exporting env vars: AIRFLOW_CTX_DAG_OWNER='weather_etl' AIRFLOW_CTX_DAG_ID='weather_etl_pipeline_v2' AIRFLOW_CTX_TASK_ID='load_raw' AIRFLOW_CTX_EXECUTION_DATE='2026-04-17T05:24:28.533899+00:00' AIRFLOW_CTX_TRY_NUMBER='1' AIRFLOW_CTX_DAG_RUN_ID='manual__2026-04-17T05:24:28.533899+00:00'
[2026-04-17T05:24:34.893+0000] {taskinstance.py:430} INFO - ::endgroup::
[2026-04-17T05:24:34.912+0000] {weather_etl_dag_v2.py:141} INFO - ============================================================
[2026-04-17T05:24:34.914+0000] {weather_etl_dag_v2.py:142} INFO - TASK: LOAD_RAW — Persisting raw API responses to weather_raw
[2026-04-17T05:24:34.916+0000] {weather_etl_dag_v2.py:143} INFO - ============================================================
[2026-04-17T05:24:34.941+0000] {logging_mixin.py:188} WARNING - 2026-04-17 05:24:34 - scripts.load_raw - INFO - Starting raw data load for 11 records
[2026-04-17T05:24:34.940+0000] {load_raw.py:154} INFO - Starting raw data load for 11 records
[2026-04-17T05:24:34.951+0000] {logging_mixin.py:188} WARNING - 2026-04-17 05:24:34 - scripts.load_raw - INFO - Successfully connected to PostgreSQL database
[2026-04-17T05:24:34.950+0000] {load_raw.py:38} INFO - Successfully connected to PostgreSQL database
[2026-04-17T05:24:34.955+0000] {logging_mixin.py:188} WARNING - 2026-04-17 05:24:34 - scripts.load_raw - INFO - Table 'weather_raw' created or already exists
[2026-04-17T05:24:34.954+0000] {load_raw.py:88} INFO - Table 'weather_raw' created or already exists
[2026-04-17T05:24:34.975+0000] {logging_mixin.py:188} WARNING - 2026-04-17 05:24:34 - scripts.load_raw - INFO - Raw data load complete: 11 inserted, 0 skipped (duplicates)
[2026-04-17T05:24:34.974+0000] {load_raw.py:183} INFO - Raw data load complete: 11 inserted, 0 skipped (duplicates)
[2026-04-17T05:24:34.978+0000] {logging_mixin.py:188} WARNING - 2026-04-17 05:24:34 - scripts.load_raw - INFO - Database connection closed
[2026-04-17T05:24:34.977+0000] {load_raw.py:53} INFO - Database connection closed
[2026-04-17T05:24:34.980+0000] {weather_etl_dag_v2.py:155} INFO - ✓ Raw load complete: 11 upserted, 0 skipped (duplicates)
[2026-04-17T05:24:34.981+0000] {python.py:237} INFO - Done. Returned value was: 11
[2026-04-17T05:24:34.981+0000] {taskinstance.py:441} INFO - ::group::Post task execution logs
[2026-04-17T05:24:35.015+0000] {taskinstance.py:1206} INFO - Marking task as SUCCESS. dag_id=weather_etl_pipeline_v2, task_id=load_raw, run_id=manual__2026-04-17T05:24:28.533899+00:00, execution_date=20260417T052428, start_date=20260417T052434, end_date=20260417T052435
[2026-04-17T05:24:35.056+0000] {local_task_job_runner.py:243} INFO - Task exited with return code 0
[2026-04-17T05:24:35.101+0000] {taskinstance.py:3503} INFO - 1 downstream tasks scheduled from follow-on schedule check
[2026-04-17T05:24:35.105+0000] {local_task_job_runner.py:222} INFO - ::endgroup::
