[2026-04-13T06:36:16.425+0000] {local_task_job_runner.py:120} INFO - ::group::Pre task execution logs
[2026-04-13T06:36:16.520+0000] {taskinstance.py:2076} INFO - Dependencies all met for dep_context=non-requeueable deps ti=<TaskInstance: weather_etl_pipeline_v2.extract manual__2026-04-13T06:36:13+00:00 [queued]>
[2026-04-13T06:36:16.539+0000] {taskinstance.py:2076} INFO - Dependencies all met for dep_context=requeueable deps ti=<TaskInstance: weather_etl_pipeline_v2.extract manual__2026-04-13T06:36:13+00:00 [queued]>
[2026-04-13T06:36:16.541+0000] {taskinstance.py:2306} INFO - Starting attempt 1 of 4
[2026-04-13T06:36:16.572+0000] {taskinstance.py:2330} INFO - Executing <Task(PythonOperator): extract> on 2026-04-13 06:36:13+00:00
[2026-04-13T06:36:16.589+0000] {standard_task_runner.py:90} INFO - Running: ['airflow', 'tasks', 'run', 'weather_etl_pipeline_v2', 'extract', 'manual__2026-04-13T06:36:13+00:00', '--job-id', '156', '--raw', '--subdir', 'DAGS_FOLDER/weather_etl_dag_v2.py', '--cfg-path', '/tmp/tmpfby4dtdm']
[2026-04-13T06:36:16.598+0000] {standard_task_runner.py:91} INFO - Job 156: Subtask extract
[2026-04-13T06:36:16.607+0000] {logging_mixin.py:188} WARNING - /home/airflow/.local/lib/python3.12/site-packages/airflow/task/task_runner/standard_task_runner.py:62 DeprecationWarning: This process (pid=190) is multi-threaded, use of fork() may lead to deadlocks in the child.
[2026-04-13T06:36:16.608+0000] {standard_task_runner.py:64} INFO - Started process 191 to run task
[2026-04-13T06:36:16.708+0000] {task_command.py:426} INFO - Running <TaskInstance: weather_etl_pipeline_v2.extract manual__2026-04-13T06:36:13+00:00 [running]> on host 5aae7c9eda2a
[2026-04-13T06:36:16.890+0000] {taskinstance.py:2648} INFO - Exporting env vars: AIRFLOW_CTX_DAG_OWNER='weather_etl' AIRFLOW_CTX_DAG_ID='weather_etl_pipeline_v2' AIRFLOW_CTX_TASK_ID='extract' AIRFLOW_CTX_EXECUTION_DATE='2026-04-13T06:36:13+00:00' AIRFLOW_CTX_TRY_NUMBER='1' AIRFLOW_CTX_DAG_RUN_ID='manual__2026-04-13T06:36:13+00:00'
[2026-04-13T06:36:16.894+0000] {taskinstance.py:430} INFO - ::endgroup::
[2026-04-13T06:36:16.943+0000] {weather_etl_dag_v2.py:66} INFO - ============================================================
[2026-04-13T06:36:16.947+0000] {weather_etl_dag_v2.py:67} INFO - TASK: EXTRACT - Fetching weather data from API
[2026-04-13T06:36:16.950+0000] {weather_etl_dag_v2.py:68} INFO - ============================================================
[2026-04-13T06:36:16.958+0000] {logging_mixin.py:188} WARNING - 2026-04-13 06:36:16 - scripts.extract - INFO - Starting extraction for cities: Ahmedabad, Mumbai, Delhi, Bangalore, Chennai
[2026-04-13T06:36:16.958+0000] {extract.py:126} INFO - Starting extraction for cities: Ahmedabad, Mumbai, Delhi, Bangalore, Chennai
[2026-04-13T06:36:16.962+0000] {logging_mixin.py:188} WARNING - 2026-04-13 06:36:16 - scripts.extract - INFO - Starting extraction for 5 cities
[2026-04-13T06:36:16.961+0000] {extract.py:96} INFO - Starting extraction for 5 cities
[2026-04-13T06:36:16.964+0000] {logging_mixin.py:188} WARNING - 2026-04-13 06:36:16 - scripts.extract - INFO - Fetching weather data for Ahmedabad (attempt 1/3)
[2026-04-13T06:36:16.964+0000] {extract.py:47} INFO - Fetching weather data for Ahmedabad (attempt 1/3)
[2026-04-13T06:36:17.408+0000] {logging_mixin.py:188} WARNING - 2026-04-13 06:36:17 - scripts.extract - INFO - Successfully fetched data for Ahmedabad
[2026-04-13T06:36:17.407+0000] {extract.py:53} INFO - Successfully fetched data for Ahmedabad
[2026-04-13T06:36:17.414+0000] {logging_mixin.py:188} WARNING - 2026-04-13 06:36:17 - scripts.extract - INFO - Fetching weather data for Mumbai (attempt 1/3)
[2026-04-13T06:36:17.413+0000] {extract.py:47} INFO - Fetching weather data for Mumbai (attempt 1/3)
[2026-04-13T06:36:17.730+0000] {logging_mixin.py:188} WARNING - 2026-04-13 06:36:17 - scripts.extract - INFO - Successfully fetched data for Mumbai
[2026-04-13T06:36:17.729+0000] {extract.py:53} INFO - Successfully fetched data for Mumbai
[2026-04-13T06:36:17.735+0000] {logging_mixin.py:188} WARNING - 2026-04-13 06:36:17 - scripts.extract - INFO - Fetching weather data for Delhi (attempt 1/3)
[2026-04-13T06:36:17.734+0000] {extract.py:47} INFO - Fetching weather data for Delhi (attempt 1/3)
[2026-04-13T06:36:18.050+0000] {logging_mixin.py:188} WARNING - 2026-04-13 06:36:18 - scripts.extract - INFO - Successfully fetched data for Delhi
[2026-04-13T06:36:18.048+0000] {extract.py:53} INFO - Successfully fetched data for Delhi
[2026-04-13T06:36:18.054+0000] {logging_mixin.py:188} WARNING - 2026-04-13 06:36:18 - scripts.extract - INFO - Fetching weather data for Bangalore (attempt 1/3)
[2026-04-13T06:36:18.053+0000] {extract.py:47} INFO - Fetching weather data for Bangalore (attempt 1/3)
[2026-04-13T06:36:18.366+0000] {logging_mixin.py:188} WARNING - 2026-04-13 06:36:18 - scripts.extract - INFO - Successfully fetched data for Bangalore
[2026-04-13T06:36:18.365+0000] {extract.py:53} INFO - Successfully fetched data for Bangalore
[2026-04-13T06:36:18.372+0000] {logging_mixin.py:188} WARNING - 2026-04-13 06:36:18 - scripts.extract - INFO - Fetching weather data for Chennai (attempt 1/3)
[2026-04-13T06:36:18.370+0000] {extract.py:47} INFO - Fetching weather data for Chennai (attempt 1/3)
[2026-04-13T06:36:18.691+0000] {logging_mixin.py:188} WARNING - 2026-04-13 06:36:18 - scripts.extract - INFO - Successfully fetched data for Chennai
[2026-04-13T06:36:18.689+0000] {extract.py:53} INFO - Successfully fetched data for Chennai
[2026-04-13T06:36:18.695+0000] {logging_mixin.py:188} WARNING - 2026-04-13 06:36:18 - scripts.extract - INFO - Extraction complete: 5 successful, 0 failed
[2026-04-13T06:36:18.694+0000] {extract.py:113} INFO - Extraction complete: 5 successful, 0 failed
[2026-04-13T06:36:18.701+0000] {logging_mixin.py:188} WARNING - 2026-04-13 06:36:18 - scripts.extract - INFO - Extracted 5 weather records
[2026-04-13T06:36:18.699+0000] {extract.py:130} INFO - Extracted 5 weather records
[2026-04-13T06:36:18.742+0000] {weather_etl_dag_v2.py:77} INFO - ✓ Extraction complete: 5 records fetched
[2026-04-13T06:36:18.745+0000] {python.py:237} INFO - Done. Returned value was: 5
[2026-04-13T06:36:18.746+0000] {taskinstance.py:441} INFO - ::group::Post task execution logs
[2026-04-13T06:36:18.789+0000] {taskinstance.py:1206} INFO - Marking task as SUCCESS. dag_id=weather_etl_pipeline_v2, task_id=extract, run_id=manual__2026-04-13T06:36:13+00:00, execution_date=20260413T063613, start_date=20260413T063616, end_date=20260413T063618
[2026-04-13T06:36:18.842+0000] {local_task_job_runner.py:243} INFO - Task exited with return code 0
[2026-04-13T06:36:18.913+0000] {taskinstance.py:3503} INFO - 1 downstream tasks scheduled from follow-on schedule check
[2026-04-13T06:36:18.918+0000] {local_task_job_runner.py:222} INFO - ::endgroup::
