[2026-04-20T06:52:43.674+0000] {local_task_job_runner.py:120} INFO - ::group::Pre task execution logs
[2026-04-20T06:52:43.728+0000] {taskinstance.py:2076} INFO - Dependencies all met for dep_context=non-requeueable deps ti=<TaskInstance: weather_etl_pipeline_v2.extract manual__2026-04-20T06:52:41.281677+00:00 [queued]>
[2026-04-20T06:52:43.743+0000] {taskinstance.py:2076} INFO - Dependencies all met for dep_context=requeueable deps ti=<TaskInstance: weather_etl_pipeline_v2.extract manual__2026-04-20T06:52:41.281677+00:00 [queued]>
[2026-04-20T06:52:43.744+0000] {taskinstance.py:2306} INFO - Starting attempt 1 of 4
[2026-04-20T06:52:43.760+0000] {taskinstance.py:2330} INFO - Executing <Task(PythonOperator): extract> on 2026-04-20 06:52:41.281677+00:00
[2026-04-20T06:52:43.768+0000] {logging_mixin.py:188} WARNING - /home/airflow/.local/lib/python3.12/site-packages/airflow/task/task_runner/standard_task_runner.py:62 DeprecationWarning: This process (pid=1432) is multi-threaded, use of fork() may lead to deadlocks in the child.
[2026-04-20T06:52:43.768+0000] {standard_task_runner.py:90} INFO - Running: ['airflow', 'tasks', 'run', 'weather_etl_pipeline_v2', 'extract', 'manual__2026-04-20T06:52:41.281677+00:00', '--job-id', '167', '--raw', '--subdir', 'DAGS_FOLDER/weather_etl_dag_v2.py', '--cfg-path', '/tmp/tmpyf3g_9m8']
[2026-04-20T06:52:43.770+0000] {standard_task_runner.py:64} INFO - Started process 1433 to run task
[2026-04-20T06:52:43.771+0000] {standard_task_runner.py:91} INFO - Job 167: Subtask extract
[2026-04-20T06:52:43.839+0000] {task_command.py:426} INFO - Running <TaskInstance: weather_etl_pipeline_v2.extract manual__2026-04-20T06:52:41.281677+00:00 [running]> on host 0986b561c3e9
[2026-04-20T06:52:43.948+0000] {taskinstance.py:2648} INFO - Exporting env vars: AIRFLOW_CTX_DAG_OWNER='weather_etl' AIRFLOW_CTX_DAG_ID='weather_etl_pipeline_v2' AIRFLOW_CTX_TASK_ID='extract' AIRFLOW_CTX_EXECUTION_DATE='2026-04-20T06:52:41.281677+00:00' AIRFLOW_CTX_TRY_NUMBER='1' AIRFLOW_CTX_DAG_RUN_ID='manual__2026-04-20T06:52:41.281677+00:00'
[2026-04-20T06:52:43.950+0000] {taskinstance.py:430} INFO - ::endgroup::
[2026-04-20T06:52:43.969+0000] {weather_etl_dag_v2.py:88} INFO - ============================================================
[2026-04-20T06:52:43.973+0000] {weather_etl_dag_v2.py:89} INFO - TASK: EXTRACT — Fetching weather data from OpenWeatherMap API
[2026-04-20T06:52:43.974+0000] {weather_etl_dag_v2.py:90} INFO - ============================================================
[2026-04-20T06:52:43.984+0000] {weather_etl_dag_v2.py:109} INFO - Active cities fetched from DB: ['Ahmedabad', 'Bengaluru', 'Chennai', 'Delhi', 'Indore', 'Kolkata', 'Kota', 'Kyiv', 'Los Angeles', 'Manali', 'Moscow', 'Mumbai', 'New York', 'Palanpur']
[2026-04-20T06:52:43.990+0000] {logging_mixin.py:188} WARNING - 2026-04-20 06:52:43 - scripts.extract - INFO - Starting extraction for cities: Ahmedabad, Bengaluru, Chennai, Delhi, Indore, Kolkata, Kota, Kyiv, Los Angeles, Manali, Moscow, Mumbai, New York, Palanpur
[2026-04-20T06:52:43.989+0000] {extract.py:127} INFO - Starting extraction for cities: Ahmedabad, Bengaluru, Chennai, Delhi, Indore, Kolkata, Kota, Kyiv, Los Angeles, Manali, Moscow, Mumbai, New York, Palanpur
[2026-04-20T06:52:43.992+0000] {logging_mixin.py:188} WARNING - 2026-04-20 06:52:43 - scripts.extract - INFO - Starting extraction for 14 cities
[2026-04-20T06:52:43.991+0000] {extract.py:96} INFO - Starting extraction for 14 cities
[2026-04-20T06:52:43.993+0000] {logging_mixin.py:188} WARNING - 2026-04-20 06:52:43 - scripts.extract - INFO - Fetching weather data for Ahmedabad (attempt 1/3)
[2026-04-20T06:52:43.993+0000] {extract.py:47} INFO - Fetching weather data for Ahmedabad (attempt 1/3)
[2026-04-20T06:52:44.155+0000] {logging_mixin.py:188} WARNING - 2026-04-20 06:52:44 - scripts.extract - INFO - Successfully fetched data for Ahmedabad
[2026-04-20T06:52:44.154+0000] {extract.py:53} INFO - Successfully fetched data for Ahmedabad
[2026-04-20T06:52:44.159+0000] {logging_mixin.py:188} WARNING - 2026-04-20 06:52:44 - scripts.extract - INFO - Fetching weather data for Bengaluru (attempt 1/3)
[2026-04-20T06:52:44.158+0000] {extract.py:47} INFO - Fetching weather data for Bengaluru (attempt 1/3)
[2026-04-20T06:52:44.306+0000] {logging_mixin.py:188} WARNING - 2026-04-20 06:52:44 - scripts.extract - INFO - Successfully fetched data for Bengaluru
[2026-04-20T06:52:44.305+0000] {extract.py:53} INFO - Successfully fetched data for Bengaluru
[2026-04-20T06:52:44.310+0000] {logging_mixin.py:188} WARNING - 2026-04-20 06:52:44 - scripts.extract - INFO - Fetching weather data for Chennai (attempt 1/3)
[2026-04-20T06:52:44.309+0000] {extract.py:47} INFO - Fetching weather data for Chennai (attempt 1/3)
[2026-04-20T06:52:44.447+0000] {logging_mixin.py:188} WARNING - 2026-04-20 06:52:44 - scripts.extract - INFO - Successfully fetched data for Chennai
[2026-04-20T06:52:44.447+0000] {extract.py:53} INFO - Successfully fetched data for Chennai
[2026-04-20T06:52:44.452+0000] {logging_mixin.py:188} WARNING - 2026-04-20 06:52:44 - scripts.extract - INFO - Fetching weather data for Delhi (attempt 1/3)
[2026-04-20T06:52:44.450+0000] {extract.py:47} INFO - Fetching weather data for Delhi (attempt 1/3)
[2026-04-20T06:52:44.605+0000] {logging_mixin.py:188} WARNING - 2026-04-20 06:52:44 - scripts.extract - INFO - Successfully fetched data for Delhi
[2026-04-20T06:52:44.605+0000] {extract.py:53} INFO - Successfully fetched data for Delhi
[2026-04-20T06:52:44.609+0000] {logging_mixin.py:188} WARNING - 2026-04-20 06:52:44 - scripts.extract - INFO - Fetching weather data for Indore (attempt 1/3)
[2026-04-20T06:52:44.608+0000] {extract.py:47} INFO - Fetching weather data for Indore (attempt 1/3)
[2026-04-20T06:52:44.755+0000] {logging_mixin.py:188} WARNING - 2026-04-20 06:52:44 - scripts.extract - INFO - Successfully fetched data for Indore
[2026-04-20T06:52:44.755+0000] {extract.py:53} INFO - Successfully fetched data for Indore
[2026-04-20T06:52:44.758+0000] {logging_mixin.py:188} WARNING - 2026-04-20 06:52:44 - scripts.extract - INFO - Fetching weather data for Kolkata (attempt 1/3)
[2026-04-20T06:52:44.757+0000] {extract.py:47} INFO - Fetching weather data for Kolkata (attempt 1/3)
[2026-04-20T06:52:44.910+0000] {logging_mixin.py:188} WARNING - 2026-04-20 06:52:44 - scripts.extract - INFO - Successfully fetched data for Kolkata
[2026-04-20T06:52:44.909+0000] {extract.py:53} INFO - Successfully fetched data for Kolkata
[2026-04-20T06:52:44.912+0000] {logging_mixin.py:188} WARNING - 2026-04-20 06:52:44 - scripts.extract - INFO - Fetching weather data for Kota (attempt 1/3)
[2026-04-20T06:52:44.912+0000] {extract.py:47} INFO - Fetching weather data for Kota (attempt 1/3)
[2026-04-20T06:52:45.084+0000] {logging_mixin.py:188} WARNING - 2026-04-20 06:52:45 - scripts.extract - INFO - Successfully fetched data for Kota
[2026-04-20T06:52:45.083+0000] {extract.py:53} INFO - Successfully fetched data for Kota
[2026-04-20T06:52:45.091+0000] {logging_mixin.py:188} WARNING - 2026-04-20 06:52:45 - scripts.extract - INFO - Fetching weather data for Kyiv (attempt 1/3)
[2026-04-20T06:52:45.090+0000] {extract.py:47} INFO - Fetching weather data for Kyiv (attempt 1/3)
[2026-04-20T06:52:45.283+0000] {logging_mixin.py:188} WARNING - 2026-04-20 06:52:45 - scripts.extract - INFO - Successfully fetched data for Kyiv
[2026-04-20T06:52:45.282+0000] {extract.py:53} INFO - Successfully fetched data for Kyiv
[2026-04-20T06:52:45.287+0000] {logging_mixin.py:188} WARNING - 2026-04-20 06:52:45 - scripts.extract - INFO - Fetching weather data for Los Angeles (attempt 1/3)
[2026-04-20T06:52:45.285+0000] {extract.py:47} INFO - Fetching weather data for Los Angeles (attempt 1/3)
[2026-04-20T06:52:45.447+0000] {logging_mixin.py:188} WARNING - 2026-04-20 06:52:45 - scripts.extract - INFO - Successfully fetched data for Los Angeles
[2026-04-20T06:52:45.446+0000] {extract.py:53} INFO - Successfully fetched data for Los Angeles
[2026-04-20T06:52:45.451+0000] {logging_mixin.py:188} WARNING - 2026-04-20 06:52:45 - scripts.extract - INFO - Fetching weather data for Manali (attempt 1/3)
[2026-04-20T06:52:45.449+0000] {extract.py:47} INFO - Fetching weather data for Manali (attempt 1/3)
[2026-04-20T06:52:45.600+0000] {logging_mixin.py:188} WARNING - 2026-04-20 06:52:45 - scripts.extract - INFO - Successfully fetched data for Manali
[2026-04-20T06:52:45.598+0000] {extract.py:53} INFO - Successfully fetched data for Manali
[2026-04-20T06:52:45.607+0000] {logging_mixin.py:188} WARNING - 2026-04-20 06:52:45 - scripts.extract - INFO - Fetching weather data for Moscow (attempt 1/3)
[2026-04-20T06:52:45.605+0000] {extract.py:47} INFO - Fetching weather data for Moscow (attempt 1/3)
[2026-04-20T06:52:45.779+0000] {logging_mixin.py:188} WARNING - 2026-04-20 06:52:45 - scripts.extract - INFO - Successfully fetched data for Moscow
[2026-04-20T06:52:45.778+0000] {extract.py:53} INFO - Successfully fetched data for Moscow
[2026-04-20T06:52:45.783+0000] {logging_mixin.py:188} WARNING - 2026-04-20 06:52:45 - scripts.extract - INFO - Fetching weather data for Mumbai (attempt 1/3)
[2026-04-20T06:52:45.782+0000] {extract.py:47} INFO - Fetching weather data for Mumbai (attempt 1/3)
[2026-04-20T06:52:45.925+0000] {logging_mixin.py:188} WARNING - 2026-04-20 06:52:45 - scripts.extract - INFO - Successfully fetched data for Mumbai
[2026-04-20T06:52:45.924+0000] {extract.py:53} INFO - Successfully fetched data for Mumbai
[2026-04-20T06:52:45.930+0000] {logging_mixin.py:188} WARNING - 2026-04-20 06:52:45 - scripts.extract - INFO - Fetching weather data for New York (attempt 1/3)
[2026-04-20T06:52:45.929+0000] {extract.py:47} INFO - Fetching weather data for New York (attempt 1/3)
[2026-04-20T06:52:46.099+0000] {logging_mixin.py:188} WARNING - 2026-04-20 06:52:46 - scripts.extract - INFO - Successfully fetched data for New York
[2026-04-20T06:52:46.098+0000] {extract.py:53} INFO - Successfully fetched data for New York
[2026-04-20T06:52:46.104+0000] {logging_mixin.py:188} WARNING - 2026-04-20 06:52:46 - scripts.extract - INFO - Fetching weather data for Palanpur (attempt 1/3)
[2026-04-20T06:52:46.103+0000] {extract.py:47} INFO - Fetching weather data for Palanpur (attempt 1/3)
[2026-04-20T06:52:46.255+0000] {logging_mixin.py:188} WARNING - 2026-04-20 06:52:46 - scripts.extract - INFO - Successfully fetched data for Palanpur
[2026-04-20T06:52:46.253+0000] {extract.py:53} INFO - Successfully fetched data for Palanpur
[2026-04-20T06:52:46.261+0000] {logging_mixin.py:188} WARNING - 2026-04-20 06:52:46 - scripts.extract - INFO - Extraction complete: 14 successful, 0 failed
[2026-04-20T06:52:46.258+0000] {extract.py:114} INFO - Extraction complete: 14 successful, 0 failed
[2026-04-20T06:52:46.265+0000] {logging_mixin.py:188} WARNING - 2026-04-20 06:52:46 - scripts.extract - INFO - Extracted 14 weather records
[2026-04-20T06:52:46.264+0000] {extract.py:131} INFO - Extracted 14 weather records
[2026-04-20T06:52:46.305+0000] {weather_etl_dag_v2.py:117} INFO - ✓ Extraction complete: 14 records for 14 cities in 2.33s
[2026-04-20T06:52:46.309+0000] {python.py:237} INFO - Done. Returned value was: 14
[2026-04-20T06:52:46.310+0000] {taskinstance.py:441} INFO - ::group::Post task execution logs
[2026-04-20T06:52:46.361+0000] {taskinstance.py:1206} INFO - Marking task as SUCCESS. dag_id=weather_etl_pipeline_v2, task_id=extract, run_id=manual__2026-04-20T06:52:41.281677+00:00, execution_date=20260420T065241, start_date=20260420T065243, end_date=20260420T065246
[2026-04-20T06:52:46.400+0000] {local_task_job_runner.py:243} INFO - Task exited with return code 0
[2026-04-20T06:52:46.449+0000] {taskinstance.py:3503} INFO - 1 downstream tasks scheduled from follow-on schedule check
[2026-04-20T06:52:46.452+0000] {local_task_job_runner.py:222} INFO - ::endgroup::
