[2026-04-20T06:15:18.944+0000] {local_task_job_runner.py:120} INFO - ::group::Pre task execution logs
[2026-04-20T06:15:18.995+0000] {taskinstance.py:2076} INFO - Dependencies all met for dep_context=non-requeueable deps ti=<TaskInstance: weather_etl_pipeline_v2.update_metadata_success scheduled__2026-04-19T02:00:00+00:00 [queued]>
[2026-04-20T06:15:19.014+0000] {taskinstance.py:2076} INFO - Dependencies all met for dep_context=requeueable deps ti=<TaskInstance: weather_etl_pipeline_v2.update_metadata_success scheduled__2026-04-19T02:00:00+00:00 [queued]>
[2026-04-20T06:15:19.016+0000] {taskinstance.py:2306} INFO - Starting attempt 1 of 4
[2026-04-20T06:15:19.035+0000] {taskinstance.py:2330} INFO - Executing <Task(PythonOperator): update_metadata_success> on 2026-04-19 02:00:00+00:00
[2026-04-20T06:15:19.044+0000] {logging_mixin.py:188} WARNING - /home/airflow/.local/lib/python3.12/site-packages/airflow/task/task_runner/standard_task_runner.py:62 DeprecationWarning: This process (pid=211) is multi-threaded, use of fork() may lead to deadlocks in the child.
[2026-04-20T06:15:19.045+0000] {standard_task_runner.py:64} INFO - Started process 212 to run task
[2026-04-20T06:15:19.044+0000] {standard_task_runner.py:90} INFO - Running: ['airflow', 'tasks', 'run', 'weather_etl_pipeline_v2', 'update_metadata_success', 'scheduled__2026-04-19T02:00:00+00:00', '--job-id', '158', '--raw', '--subdir', 'DAGS_FOLDER/weather_etl_dag_v2.py', '--cfg-path', '/tmp/tmpqqmf124e']
[2026-04-20T06:15:19.047+0000] {standard_task_runner.py:91} INFO - Job 158: Subtask update_metadata_success
[2026-04-20T06:15:19.139+0000] {task_command.py:426} INFO - Running <TaskInstance: weather_etl_pipeline_v2.update_metadata_success scheduled__2026-04-19T02:00:00+00:00 [running]> on host 0986b561c3e9
[2026-04-20T06:15:19.347+0000] {taskinstance.py:2648} INFO - Exporting env vars: AIRFLOW_CTX_DAG_OWNER='weather_etl' AIRFLOW_CTX_DAG_ID='weather_etl_pipeline_v2' AIRFLOW_CTX_TASK_ID='update_metadata_success' AIRFLOW_CTX_EXECUTION_DATE='2026-04-19T02:00:00+00:00' AIRFLOW_CTX_TRY_NUMBER='1' AIRFLOW_CTX_DAG_RUN_ID='scheduled__2026-04-19T02:00:00+00:00'
[2026-04-20T06:15:19.350+0000] {taskinstance.py:430} INFO - ::endgroup::
[2026-04-20T06:15:19.384+0000] {weather_etl_dag_v2.py:316} INFO - ============================================================
[2026-04-20T06:15:19.387+0000] {weather_etl_dag_v2.py:317} INFO - TASK: UPDATE_METADATA_SUCCESS — Recording successful pipeline run
[2026-04-20T06:15:19.390+0000] {weather_etl_dag_v2.py:318} INFO - ============================================================
[2026-04-20T06:15:19.513+0000] {logging_mixin.py:188} WARNING - 2026-04-20 06:15:19 - scripts.metadata_manager - INFO - Successfully connected to PostgreSQL database
[2026-04-20T06:15:19.512+0000] {metadata_manager.py:38} INFO - Successfully connected to PostgreSQL database
[2026-04-20T06:15:19.525+0000] {logging_mixin.py:188} WARNING - 2026-04-20 06:15:19 - scripts.metadata_manager - INFO - Table 'pipeline_metadata' created or already exists
[2026-04-20T06:15:19.524+0000] {metadata_manager.py:92} INFO - Table 'pipeline_metadata' created or already exists
[2026-04-20T06:15:19.537+0000] {logging_mixin.py:188} WARNING - 2026-04-20 06:15:19 - scripts.metadata_manager - INFO - Pipeline weather_etl_pipeline_v2 marked as SUCCESS: 12 processed, 171 inserted, 0 failed
[2026-04-20T06:15:19.536+0000] {metadata_manager.py:241} INFO - Pipeline weather_etl_pipeline_v2 marked as SUCCESS: 12 processed, 171 inserted, 0 failed
[2026-04-20T06:15:19.541+0000] {logging_mixin.py:188} WARNING - 2026-04-20 06:15:19 - scripts.metadata_manager - INFO - Database connection closed
[2026-04-20T06:15:19.540+0000] {metadata_manager.py:53} INFO - Database connection closed
[2026-04-20T06:15:19.544+0000] {weather_etl_dag_v2.py:338} INFO - ✓ Pipeline marked as SUCCESS
[2026-04-20T06:15:19.547+0000] {weather_etl_dag_v2.py:339} INFO -   Records extracted  : 12
[2026-04-20T06:15:19.551+0000] {weather_etl_dag_v2.py:340} INFO -   Records inserted   : 171
[2026-04-20T06:15:19.554+0000] {weather_etl_dag_v2.py:341} INFO -   Records failed     : 0
[2026-04-20T06:15:19.557+0000] {weather_etl_dag_v2.py:342} INFO -   Validation rate    : 100.0%
[2026-04-20T06:15:19.560+0000] {weather_etl_dag_v2.py:343} INFO -   Agg rows upserted  : 0
[2026-04-20T06:15:19.563+0000] {python.py:237} INFO - Done. Returned value was: True
[2026-04-20T06:15:19.565+0000] {taskinstance.py:441} INFO - ::group::Post task execution logs
[2026-04-20T06:15:19.619+0000] {taskinstance.py:1206} INFO - Marking task as SUCCESS. dag_id=weather_etl_pipeline_v2, task_id=update_metadata_success, run_id=scheduled__2026-04-19T02:00:00+00:00, execution_date=20260419T020000, start_date=20260420T061518, end_date=20260420T061519
[2026-04-20T06:15:19.665+0000] {local_task_job_runner.py:243} INFO - Task exited with return code 0
[2026-04-20T06:15:19.697+0000] {taskinstance.py:3503} INFO - 0 downstream tasks scheduled from follow-on schedule check
[2026-04-20T06:15:19.702+0000] {local_task_job_runner.py:222} INFO - ::endgroup::
