[2026-04-10T13:30:59.973+0000] {local_task_job_runner.py:120} INFO - ::group::Pre task execution logs
[2026-04-10T13:31:00.023+0000] {taskinstance.py:2076} INFO - Dependencies all met for dep_context=non-requeueable deps ti=<TaskInstance: weather_etl_pipeline_v2.extract manual__2026-04-10T13:30:57.870118+00:00 [queued]>
[2026-04-10T13:31:00.040+0000] {taskinstance.py:2076} INFO - Dependencies all met for dep_context=requeueable deps ti=<TaskInstance: weather_etl_pipeline_v2.extract manual__2026-04-10T13:30:57.870118+00:00 [queued]>
[2026-04-10T13:31:00.042+0000] {taskinstance.py:2306} INFO - Starting attempt 1 of 4
[2026-04-10T13:31:00.059+0000] {taskinstance.py:2330} INFO - Executing <Task(PythonOperator): extract> on 2026-04-10 13:30:57.870118+00:00
[2026-04-10T13:31:00.067+0000] {standard_task_runner.py:90} INFO - Running: ['airflow', 'tasks', 'run', 'weather_etl_pipeline_v2', 'extract', 'manual__2026-04-10T13:30:57.870118+00:00', '--job-id', '55', '--raw', '--subdir', 'DAGS_FOLDER/weather_etl_dag_v2.py', '--cfg-path', '/tmp/tmpep262q7l']
[2026-04-10T13:31:00.070+0000] {standard_task_runner.py:91} INFO - Job 55: Subtask extract
[2026-04-10T13:31:00.074+0000] {logging_mixin.py:188} WARNING - /home/airflow/.local/lib/python3.12/site-packages/airflow/task/task_runner/standard_task_runner.py:62 DeprecationWarning: This process (pid=211) is multi-threaded, use of fork() may lead to deadlocks in the child.
[2026-04-10T13:31:00.075+0000] {standard_task_runner.py:64} INFO - Started process 212 to run task
[2026-04-10T13:31:00.150+0000] {task_command.py:426} INFO - Running <TaskInstance: weather_etl_pipeline_v2.extract manual__2026-04-10T13:30:57.870118+00:00 [running]> on host e69da4fb5dc4
[2026-04-10T13:31:00.251+0000] {taskinstance.py:2648} INFO - Exporting env vars: AIRFLOW_CTX_DAG_OWNER='weather_etl' AIRFLOW_CTX_DAG_ID='weather_etl_pipeline_v2' AIRFLOW_CTX_TASK_ID='extract' AIRFLOW_CTX_EXECUTION_DATE='2026-04-10T13:30:57.870118+00:00' AIRFLOW_CTX_TRY_NUMBER='1' AIRFLOW_CTX_DAG_RUN_ID='manual__2026-04-10T13:30:57.870118+00:00'
[2026-04-10T13:31:00.253+0000] {taskinstance.py:430} INFO - ::endgroup::
[2026-04-10T13:31:00.269+0000] {weather_etl_dag_v2.py:66} INFO - ============================================================
[2026-04-10T13:31:00.271+0000] {weather_etl_dag_v2.py:67} INFO - TASK: EXTRACT - Fetching weather data from API
[2026-04-10T13:31:00.274+0000] {weather_etl_dag_v2.py:68} INFO - ============================================================
[2026-04-10T13:31:00.281+0000] {logging_mixin.py:188} WARNING - 2026-04-10 13:31:00 - scripts.extract - INFO - Starting extraction for cities: London, New York, Tokyo, Paris, Sydney
[2026-04-10T13:31:00.280+0000] {extract.py:126} INFO - Starting extraction for cities: London, New York, Tokyo, Paris, Sydney
[2026-04-10T13:31:00.283+0000] {logging_mixin.py:188} WARNING - 2026-04-10 13:31:00 - scripts.extract - INFO - Starting extraction for 5 cities
[2026-04-10T13:31:00.282+0000] {extract.py:96} INFO - Starting extraction for 5 cities
[2026-04-10T13:31:00.289+0000] {logging_mixin.py:188} WARNING - 2026-04-10 13:31:00 - scripts.extract - INFO - Fetching weather data for London (attempt 1/3)
[2026-04-10T13:31:00.288+0000] {extract.py:47} INFO - Fetching weather data for London (attempt 1/3)
[2026-04-10T13:31:00.521+0000] {logging_mixin.py:188} WARNING - 2026-04-10 13:31:00 - scripts.extract - INFO - Successfully fetched data for London
[2026-04-10T13:31:00.517+0000] {extract.py:53} INFO - Successfully fetched data for London
[2026-04-10T13:31:00.526+0000] {logging_mixin.py:188} WARNING - 2026-04-10 13:31:00 - scripts.extract - INFO - Fetching weather data for New York (attempt 1/3)
[2026-04-10T13:31:00.525+0000] {extract.py:47} INFO - Fetching weather data for New York (attempt 1/3)
[2026-04-10T13:31:00.699+0000] {logging_mixin.py:188} WARNING - 2026-04-10 13:31:00 - scripts.extract - INFO - Successfully fetched data for New York
[2026-04-10T13:31:00.699+0000] {extract.py:53} INFO - Successfully fetched data for New York
[2026-04-10T13:31:00.701+0000] {logging_mixin.py:188} WARNING - 2026-04-10 13:31:00 - scripts.extract - INFO - Fetching weather data for Tokyo (attempt 1/3)
[2026-04-10T13:31:00.701+0000] {extract.py:47} INFO - Fetching weather data for Tokyo (attempt 1/3)
[2026-04-10T13:31:00.867+0000] {logging_mixin.py:188} WARNING - 2026-04-10 13:31:00 - scripts.extract - INFO - Successfully fetched data for Tokyo
[2026-04-10T13:31:00.866+0000] {extract.py:53} INFO - Successfully fetched data for Tokyo
[2026-04-10T13:31:00.870+0000] {logging_mixin.py:188} WARNING - 2026-04-10 13:31:00 - scripts.extract - INFO - Fetching weather data for Paris (attempt 1/3)
[2026-04-10T13:31:00.869+0000] {extract.py:47} INFO - Fetching weather data for Paris (attempt 1/3)
[2026-04-10T13:31:01.034+0000] {logging_mixin.py:188} WARNING - 2026-04-10 13:31:01 - scripts.extract - INFO - Successfully fetched data for Paris
[2026-04-10T13:31:01.033+0000] {extract.py:53} INFO - Successfully fetched data for Paris
[2026-04-10T13:31:01.036+0000] {logging_mixin.py:188} WARNING - 2026-04-10 13:31:01 - scripts.extract - INFO - Fetching weather data for Sydney (attempt 1/3)
[2026-04-10T13:31:01.035+0000] {extract.py:47} INFO - Fetching weather data for Sydney (attempt 1/3)
[2026-04-10T13:31:01.190+0000] {logging_mixin.py:188} WARNING - 2026-04-10 13:31:01 - scripts.extract - INFO - Successfully fetched data for Sydney
[2026-04-10T13:31:01.190+0000] {extract.py:53} INFO - Successfully fetched data for Sydney
[2026-04-10T13:31:01.192+0000] {logging_mixin.py:188} WARNING - 2026-04-10 13:31:01 - scripts.extract - INFO - Extraction complete: 5 successful, 0 failed
[2026-04-10T13:31:01.192+0000] {extract.py:113} INFO - Extraction complete: 5 successful, 0 failed
[2026-04-10T13:31:01.194+0000] {logging_mixin.py:188} WARNING - 2026-04-10 13:31:01 - scripts.extract - INFO - Extracted 5 weather records
[2026-04-10T13:31:01.194+0000] {extract.py:130} INFO - Extracted 5 weather records
[2026-04-10T13:31:01.215+0000] {weather_etl_dag_v2.py:77} INFO - ✓ Extraction complete: 5 records fetched
[2026-04-10T13:31:01.218+0000] {python.py:237} INFO - Done. Returned value was: 5
[2026-04-10T13:31:01.219+0000] {taskinstance.py:441} INFO - ::group::Post task execution logs
[2026-04-10T13:31:01.247+0000] {taskinstance.py:1206} INFO - Marking task as SUCCESS. dag_id=weather_etl_pipeline_v2, task_id=extract, run_id=manual__2026-04-10T13:30:57.870118+00:00, execution_date=20260410T133057, start_date=20260410T133100, end_date=20260410T133101
[2026-04-10T13:31:01.298+0000] {local_task_job_runner.py:243} INFO - Task exited with return code 0
[2026-04-10T13:31:01.330+0000] {taskinstance.py:3503} INFO - 1 downstream tasks scheduled from follow-on schedule check
[2026-04-10T13:31:01.332+0000] {local_task_job_runner.py:222} INFO - ::endgroup::
