[2026-04-11T11:31:17.474+0000] {local_task_job_runner.py:120} INFO - ::group::Pre task execution logs
[2026-04-11T11:31:17.518+0000] {taskinstance.py:2076} INFO - Dependencies all met for dep_context=non-requeueable deps ti=<TaskInstance: weather_etl_pipeline_v2.transform_clean manual__2026-04-11T11:31:09+00:00 [queued]>
[2026-04-11T11:31:17.530+0000] {taskinstance.py:2076} INFO - Dependencies all met for dep_context=requeueable deps ti=<TaskInstance: weather_etl_pipeline_v2.transform_clean manual__2026-04-11T11:31:09+00:00 [queued]>
[2026-04-11T11:31:17.531+0000] {taskinstance.py:2306} INFO - Starting attempt 1 of 4
[2026-04-11T11:31:17.547+0000] {taskinstance.py:2330} INFO - Executing <Task(PythonOperator): transform_clean> on 2026-04-11 11:31:09+00:00
[2026-04-11T11:31:17.562+0000] {logging_mixin.py:188} WARNING - /home/airflow/.local/lib/python3.12/site-packages/airflow/task/task_runner/standard_task_runner.py:62 DeprecationWarning: This process (pid=184) is multi-threaded, use of fork() may lead to deadlocks in the child.
[2026-04-11T11:31:17.558+0000] {standard_task_runner.py:90} INFO - Running: ['airflow', 'tasks', 'run', 'weather_etl_pipeline_v2', 'transform_clean', 'manual__2026-04-11T11:31:09+00:00', '--job-id', '119', '--raw', '--subdir', 'DAGS_FOLDER/weather_etl_dag_v2.py', '--cfg-path', '/tmp/tmp1bacbglr']
[2026-04-11T11:31:17.564+0000] {standard_task_runner.py:64} INFO - Started process 185 to run task
[2026-04-11T11:31:17.564+0000] {standard_task_runner.py:91} INFO - Job 119: Subtask transform_clean
[2026-04-11T11:31:17.643+0000] {task_command.py:426} INFO - Running <TaskInstance: weather_etl_pipeline_v2.transform_clean manual__2026-04-11T11:31:09+00:00 [running]> on host 9514c60f7b76
[2026-04-11T11:31:17.756+0000] {taskinstance.py:2648} INFO - Exporting env vars: AIRFLOW_CTX_DAG_OWNER='weather_etl' AIRFLOW_CTX_DAG_ID='weather_etl_pipeline_v2' AIRFLOW_CTX_TASK_ID='transform_clean' AIRFLOW_CTX_EXECUTION_DATE='2026-04-11T11:31:09+00:00' AIRFLOW_CTX_TRY_NUMBER='1' AIRFLOW_CTX_DAG_RUN_ID='manual__2026-04-11T11:31:09+00:00'
[2026-04-11T11:31:17.758+0000] {taskinstance.py:430} INFO - ::endgroup::
[2026-04-11T11:31:17.771+0000] {weather_etl_dag_v2.py:123} INFO - ============================================================
[2026-04-11T11:31:17.774+0000] {weather_etl_dag_v2.py:124} INFO - TASK: TRANSFORM_CLEAN - Transform and load clean data
[2026-04-11T11:31:17.776+0000] {weather_etl_dag_v2.py:125} INFO - ============================================================
[2026-04-11T11:31:17.796+0000] {logging_mixin.py:188} WARNING - 2026-04-11 11:31:17 - scripts.load_raw - INFO - Successfully connected to PostgreSQL database
[2026-04-11T11:31:17.796+0000] {load_raw.py:38} INFO - Successfully connected to PostgreSQL database
[2026-04-11T11:31:17.802+0000] {logging_mixin.py:188} WARNING - 2026-04-11 11:31:17 - scripts.load_raw - INFO - Retrieved 25 unprocessed raw records
[2026-04-11T11:31:17.802+0000] {load_raw.py:206} INFO - Retrieved 25 unprocessed raw records
[2026-04-11T11:31:17.804+0000] {logging_mixin.py:188} WARNING - 2026-04-11 11:31:17 - scripts.load_raw - INFO - Database connection closed
[2026-04-11T11:31:17.803+0000] {load_raw.py:53} INFO - Database connection closed
[2026-04-11T11:31:17.806+0000] {logging_mixin.py:188} WARNING - 2026-04-11 11:31:17 - scripts.load_clean - INFO - Starting transformation and load for 25 raw records
[2026-04-11T11:31:17.805+0000] {load_clean.py:214} INFO - Starting transformation and load for 25 raw records
[2026-04-11T11:31:17.814+0000] {logging_mixin.py:188} WARNING - 2026-04-11 11:31:17 - scripts.load_clean - INFO - Successfully connected to PostgreSQL database
[2026-04-11T11:31:17.813+0000] {load_clean.py:41} INFO - Successfully connected to PostgreSQL database
[2026-04-11T11:31:17.817+0000] {logging_mixin.py:188} WARNING - 2026-04-11 11:31:17 - scripts.load_clean - INFO - Table 'weather_clean' created or already exists
[2026-04-11T11:31:17.817+0000] {load_clean.py:91} INFO - Table 'weather_clean' created or already exists
[2026-04-11T11:31:17.822+0000] {logging_mixin.py:188} WARNING - 2026-04-11 11:31:17 - scripts.load_clean - INFO - Updated existing record for Ahmedabad
[2026-04-11T11:31:17.822+0000] {load_clean.py:158} INFO - Updated existing record for Ahmedabad
[2026-04-11T11:31:17.825+0000] {logging_mixin.py:188} WARNING - 2026-04-11 11:31:17 - scripts.load_clean - INFO - Updated existing record for Mumbai
[2026-04-11T11:31:17.824+0000] {load_clean.py:158} INFO - Updated existing record for Mumbai
[2026-04-11T11:31:17.828+0000] {logging_mixin.py:188} WARNING - 2026-04-11 11:31:17 - scripts.load_clean - INFO - Updated existing record for Delhi
[2026-04-11T11:31:17.827+0000] {load_clean.py:158} INFO - Updated existing record for Delhi
[2026-04-11T11:31:17.830+0000] {logging_mixin.py:188} WARNING - 2026-04-11 11:31:17 - scripts.load_clean - INFO - Updated existing record for Bengaluru
[2026-04-11T11:31:17.830+0000] {load_clean.py:158} INFO - Updated existing record for Bengaluru
[2026-04-11T11:31:17.833+0000] {logging_mixin.py:188} WARNING - 2026-04-11 11:31:17 - scripts.load_clean - INFO - Updated existing record for Chennai
[2026-04-11T11:31:17.832+0000] {load_clean.py:158} INFO - Updated existing record for Chennai
[2026-04-11T11:31:17.836+0000] {logging_mixin.py:188} WARNING - 2026-04-11 11:31:17 - scripts.load_clean - INFO - Updated existing record for Ahmedabad
[2026-04-11T11:31:17.835+0000] {load_clean.py:158} INFO - Updated existing record for Ahmedabad
[2026-04-11T11:31:17.838+0000] {logging_mixin.py:188} WARNING - 2026-04-11 11:31:17 - scripts.load_clean - INFO - Updated existing record for Mumbai
[2026-04-11T11:31:17.838+0000] {load_clean.py:158} INFO - Updated existing record for Mumbai
[2026-04-11T11:31:17.840+0000] {logging_mixin.py:188} WARNING - 2026-04-11 11:31:17 - scripts.load_clean - INFO - Updated existing record for Delhi
[2026-04-11T11:31:17.840+0000] {load_clean.py:158} INFO - Updated existing record for Delhi
[2026-04-11T11:31:17.843+0000] {logging_mixin.py:188} WARNING - 2026-04-11 11:31:17 - scripts.load_clean - INFO - Updated existing record for Bengaluru
[2026-04-11T11:31:17.842+0000] {load_clean.py:158} INFO - Updated existing record for Bengaluru
[2026-04-11T11:31:17.845+0000] {logging_mixin.py:188} WARNING - 2026-04-11 11:31:17 - scripts.load_clean - INFO - Updated existing record for Chennai
[2026-04-11T11:31:17.845+0000] {load_clean.py:158} INFO - Updated existing record for Chennai
[2026-04-11T11:31:17.848+0000] {logging_mixin.py:188} WARNING - 2026-04-11 11:31:17 - scripts.load_clean - INFO - Updated existing record for Ahmedabad
[2026-04-11T11:31:17.847+0000] {load_clean.py:158} INFO - Updated existing record for Ahmedabad
[2026-04-11T11:31:17.852+0000] {logging_mixin.py:188} WARNING - 2026-04-11 11:31:17 - scripts.load_clean - INFO - Updated existing record for Mumbai
[2026-04-11T11:31:17.851+0000] {load_clean.py:158} INFO - Updated existing record for Mumbai
[2026-04-11T11:31:17.854+0000] {logging_mixin.py:188} WARNING - 2026-04-11 11:31:17 - scripts.load_clean - INFO - Updated existing record for Delhi
[2026-04-11T11:31:17.854+0000] {load_clean.py:158} INFO - Updated existing record for Delhi
[2026-04-11T11:31:17.858+0000] {logging_mixin.py:188} WARNING - 2026-04-11 11:31:17 - scripts.load_clean - INFO - Updated existing record for Bengaluru
[2026-04-11T11:31:17.857+0000] {load_clean.py:158} INFO - Updated existing record for Bengaluru
[2026-04-11T11:31:17.860+0000] {logging_mixin.py:188} WARNING - 2026-04-11 11:31:17 - scripts.load_clean - INFO - Updated existing record for Chennai
[2026-04-11T11:31:17.859+0000] {load_clean.py:158} INFO - Updated existing record for Chennai
[2026-04-11T11:31:17.862+0000] {logging_mixin.py:188} WARNING - 2026-04-11 11:31:17 - scripts.load_clean - INFO - Updated existing record for Ahmedabad
[2026-04-11T11:31:17.862+0000] {load_clean.py:158} INFO - Updated existing record for Ahmedabad
[2026-04-11T11:31:17.866+0000] {logging_mixin.py:188} WARNING - 2026-04-11 11:31:17 - scripts.load_clean - INFO - Updated existing record for Mumbai
[2026-04-11T11:31:17.865+0000] {load_clean.py:158} INFO - Updated existing record for Mumbai
[2026-04-11T11:31:17.868+0000] {logging_mixin.py:188} WARNING - 2026-04-11 11:31:17 - scripts.load_clean - INFO - Updated existing record for Delhi
[2026-04-11T11:31:17.868+0000] {load_clean.py:158} INFO - Updated existing record for Delhi
[2026-04-11T11:31:17.871+0000] {logging_mixin.py:188} WARNING - 2026-04-11 11:31:17 - scripts.load_clean - INFO - Updated existing record for Bengaluru
[2026-04-11T11:31:17.870+0000] {load_clean.py:158} INFO - Updated existing record for Bengaluru
[2026-04-11T11:31:17.874+0000] {logging_mixin.py:188} WARNING - 2026-04-11 11:31:17 - scripts.load_clean - INFO - Updated existing record for Chennai
[2026-04-11T11:31:17.873+0000] {load_clean.py:158} INFO - Updated existing record for Chennai
[2026-04-11T11:31:17.877+0000] {logging_mixin.py:188} WARNING - 2026-04-11 11:31:17 - scripts.load_clean - INFO - Updated existing record for Ahmedabad
[2026-04-11T11:31:17.876+0000] {load_clean.py:158} INFO - Updated existing record for Ahmedabad
[2026-04-11T11:31:17.879+0000] {logging_mixin.py:188} WARNING - 2026-04-11 11:31:17 - scripts.load_clean - INFO - Updated existing record for Mumbai
[2026-04-11T11:31:17.879+0000] {load_clean.py:158} INFO - Updated existing record for Mumbai
[2026-04-11T11:31:17.882+0000] {logging_mixin.py:188} WARNING - 2026-04-11 11:31:17 - scripts.load_clean - INFO - Updated existing record for Delhi
[2026-04-11T11:31:17.881+0000] {load_clean.py:158} INFO - Updated existing record for Delhi
[2026-04-11T11:31:17.885+0000] {logging_mixin.py:188} WARNING - 2026-04-11 11:31:17 - scripts.load_clean - INFO - Updated existing record for Bengaluru
[2026-04-11T11:31:17.884+0000] {load_clean.py:158} INFO - Updated existing record for Bengaluru
[2026-04-11T11:31:17.887+0000] {logging_mixin.py:188} WARNING - 2026-04-11 11:31:17 - scripts.load_clean - INFO - Updated existing record for Chennai
[2026-04-11T11:31:17.886+0000] {load_clean.py:158} INFO - Updated existing record for Chennai
[2026-04-11T11:31:17.892+0000] {logging_mixin.py:188} WARNING - 2026-04-11 11:31:17 - scripts.load_clean - INFO - Marked 25 raw records as processed
[2026-04-11T11:31:17.891+0000] {load_clean.py:297} INFO - Marked 25 raw records as processed
[2026-04-11T11:31:17.894+0000] {logging_mixin.py:188} WARNING - 2026-04-11 11:31:17 - scripts.load_clean - INFO - Clean data load complete: 25 transformed, 25 validated, 25 loaded, 0 failed
[2026-04-11T11:31:17.893+0000] {load_clean.py:269} INFO - Clean data load complete: 25 transformed, 25 validated, 25 loaded, 0 failed
[2026-04-11T11:31:17.895+0000] {logging_mixin.py:188} WARNING - 2026-04-11 11:31:17 - scripts.load_clean - INFO - Database connection closed
[2026-04-11T11:31:17.895+0000] {load_clean.py:56} INFO - Database connection closed
[2026-04-11T11:31:17.896+0000] {weather_etl_dag_v2.py:141} INFO - ✓ Transform and load complete: 25 loaded, 0 failed
[2026-04-11T11:31:17.914+0000] {python.py:237} INFO - Done. Returned value was: 25
[2026-04-11T11:31:17.915+0000] {taskinstance.py:441} INFO - ::group::Post task execution logs
[2026-04-11T11:31:17.939+0000] {taskinstance.py:1206} INFO - Marking task as SUCCESS. dag_id=weather_etl_pipeline_v2, task_id=transform_clean, run_id=manual__2026-04-11T11:31:09+00:00, execution_date=20260411T113109, start_date=20260411T113117, end_date=20260411T113117
[2026-04-11T11:31:17.980+0000] {local_task_job_runner.py:243} INFO - Task exited with return code 0
[2026-04-11T11:31:18.010+0000] {taskinstance.py:3503} INFO - 1 downstream tasks scheduled from follow-on schedule check
[2026-04-11T11:31:18.012+0000] {local_task_job_runner.py:222} INFO - ::endgroup::
