[2026-04-10T13:42:47.729+0000] {local_task_job_runner.py:120} INFO - ::group::Pre task execution logs
[2026-04-10T13:42:47.777+0000] {taskinstance.py:2076} INFO - Dependencies all met for dep_context=non-requeueable deps ti=<TaskInstance: weather_etl_pipeline_v2.extract manual__2026-04-10T13:42:45+00:00 [queued]>
[2026-04-10T13:42:47.791+0000] {taskinstance.py:2076} INFO - Dependencies all met for dep_context=requeueable deps ti=<TaskInstance: weather_etl_pipeline_v2.extract manual__2026-04-10T13:42:45+00:00 [queued]>
[2026-04-10T13:42:47.792+0000] {taskinstance.py:2306} INFO - Starting attempt 1 of 4
[2026-04-10T13:42:47.814+0000] {taskinstance.py:2330} INFO - Executing <Task(PythonOperator): extract> on 2026-04-10 13:42:45+00:00
[2026-04-10T13:42:47.825+0000] {standard_task_runner.py:90} INFO - Running: ['airflow', 'tasks', 'run', 'weather_etl_pipeline_v2', 'extract', 'manual__2026-04-10T13:42:45+00:00', '--job-id', '81', '--raw', '--subdir', 'DAGS_FOLDER/weather_etl_dag_v2.py', '--cfg-path', '/tmp/tmprcnanyo2']
[2026-04-10T13:42:47.830+0000] {standard_task_runner.py:91} INFO - Job 81: Subtask extract
[2026-04-10T13:42:47.830+0000] {logging_mixin.py:188} WARNING - /home/airflow/.local/lib/python3.12/site-packages/airflow/task/task_runner/standard_task_runner.py:62 DeprecationWarning: This process (pid=180) is multi-threaded, use of fork() may lead to deadlocks in the child.
[2026-04-10T13:42:47.832+0000] {standard_task_runner.py:64} INFO - Started process 181 to run task
[2026-04-10T13:42:47.897+0000] {task_command.py:426} INFO - Running <TaskInstance: weather_etl_pipeline_v2.extract manual__2026-04-10T13:42:45+00:00 [running]> on host e69da4fb5dc4
[2026-04-10T13:42:48.015+0000] {taskinstance.py:2648} INFO - Exporting env vars: AIRFLOW_CTX_DAG_OWNER='weather_etl' AIRFLOW_CTX_DAG_ID='weather_etl_pipeline_v2' AIRFLOW_CTX_TASK_ID='extract' AIRFLOW_CTX_EXECUTION_DATE='2026-04-10T13:42:45+00:00' AIRFLOW_CTX_TRY_NUMBER='1' AIRFLOW_CTX_DAG_RUN_ID='manual__2026-04-10T13:42:45+00:00'
[2026-04-10T13:42:48.016+0000] {taskinstance.py:430} INFO - ::endgroup::
[2026-04-10T13:42:48.030+0000] {weather_etl_dag_v2.py:66} INFO - ============================================================
[2026-04-10T13:42:48.032+0000] {weather_etl_dag_v2.py:67} INFO - TASK: EXTRACT - Fetching weather data from API
[2026-04-10T13:42:48.033+0000] {weather_etl_dag_v2.py:68} INFO - ============================================================
[2026-04-10T13:42:48.039+0000] {logging_mixin.py:188} WARNING - 2026-04-10 13:42:48 - scripts.extract - INFO - Starting extraction for cities: London, New York, Tokyo, Paris, Sydney
[2026-04-10T13:42:48.038+0000] {extract.py:126} INFO - Starting extraction for cities: London, New York, Tokyo, Paris, Sydney
[2026-04-10T13:42:48.041+0000] {logging_mixin.py:188} WARNING - 2026-04-10 13:42:48 - scripts.extract - INFO - Starting extraction for 5 cities
[2026-04-10T13:42:48.040+0000] {extract.py:96} INFO - Starting extraction for 5 cities
[2026-04-10T13:42:48.044+0000] {logging_mixin.py:188} WARNING - 2026-04-10 13:42:48 - scripts.extract - INFO - Fetching weather data for London (attempt 1/3)
[2026-04-10T13:42:48.043+0000] {extract.py:47} INFO - Fetching weather data for London (attempt 1/3)
[2026-04-10T13:42:48.221+0000] {logging_mixin.py:188} WARNING - 2026-04-10 13:42:48 - scripts.extract - INFO - Successfully fetched data for London
[2026-04-10T13:42:48.220+0000] {extract.py:53} INFO - Successfully fetched data for London
[2026-04-10T13:42:48.224+0000] {logging_mixin.py:188} WARNING - 2026-04-10 13:42:48 - scripts.extract - INFO - Fetching weather data for New York (attempt 1/3)
[2026-04-10T13:42:48.223+0000] {extract.py:47} INFO - Fetching weather data for New York (attempt 1/3)
[2026-04-10T13:42:48.374+0000] {logging_mixin.py:188} WARNING - 2026-04-10 13:42:48 - scripts.extract - INFO - Successfully fetched data for New York
[2026-04-10T13:42:48.373+0000] {extract.py:53} INFO - Successfully fetched data for New York
[2026-04-10T13:42:48.377+0000] {logging_mixin.py:188} WARNING - 2026-04-10 13:42:48 - scripts.extract - INFO - Fetching weather data for Tokyo (attempt 1/3)
[2026-04-10T13:42:48.376+0000] {extract.py:47} INFO - Fetching weather data for Tokyo (attempt 1/3)
[2026-04-10T13:42:48.525+0000] {logging_mixin.py:188} WARNING - 2026-04-10 13:42:48 - scripts.extract - INFO - Successfully fetched data for Tokyo
[2026-04-10T13:42:48.525+0000] {extract.py:53} INFO - Successfully fetched data for Tokyo
[2026-04-10T13:42:48.528+0000] {logging_mixin.py:188} WARNING - 2026-04-10 13:42:48 - scripts.extract - INFO - Fetching weather data for Paris (attempt 1/3)
[2026-04-10T13:42:48.527+0000] {extract.py:47} INFO - Fetching weather data for Paris (attempt 1/3)
[2026-04-10T13:42:48.683+0000] {logging_mixin.py:188} WARNING - 2026-04-10 13:42:48 - scripts.extract - INFO - Successfully fetched data for Paris
[2026-04-10T13:42:48.682+0000] {extract.py:53} INFO - Successfully fetched data for Paris
[2026-04-10T13:42:48.685+0000] {logging_mixin.py:188} WARNING - 2026-04-10 13:42:48 - scripts.extract - INFO - Fetching weather data for Sydney (attempt 1/3)
[2026-04-10T13:42:48.685+0000] {extract.py:47} INFO - Fetching weather data for Sydney (attempt 1/3)
[2026-04-10T13:42:48.844+0000] {logging_mixin.py:188} WARNING - 2026-04-10 13:42:48 - scripts.extract - INFO - Successfully fetched data for Sydney
[2026-04-10T13:42:48.844+0000] {extract.py:53} INFO - Successfully fetched data for Sydney
[2026-04-10T13:42:48.848+0000] {logging_mixin.py:188} WARNING - 2026-04-10 13:42:48 - scripts.extract - INFO - Extraction complete: 5 successful, 0 failed
[2026-04-10T13:42:48.846+0000] {extract.py:113} INFO - Extraction complete: 5 successful, 0 failed
[2026-04-10T13:42:48.851+0000] {logging_mixin.py:188} WARNING - 2026-04-10 13:42:48 - scripts.extract - INFO - Extracted 5 weather records
[2026-04-10T13:42:48.850+0000] {extract.py:130} INFO - Extracted 5 weather records
[2026-04-10T13:42:48.882+0000] {weather_etl_dag_v2.py:77} INFO - ✓ Extraction complete: 5 records fetched
[2026-04-10T13:42:48.884+0000] {python.py:237} INFO - Done. Returned value was: 5
[2026-04-10T13:42:48.884+0000] {taskinstance.py:441} INFO - ::group::Post task execution logs
[2026-04-10T13:42:48.911+0000] {taskinstance.py:1206} INFO - Marking task as SUCCESS. dag_id=weather_etl_pipeline_v2, task_id=extract, run_id=manual__2026-04-10T13:42:45+00:00, execution_date=20260410T134245, start_date=20260410T134247, end_date=20260410T134248
[2026-04-10T13:42:48.932+0000] {local_task_job_runner.py:243} INFO - Task exited with return code 0
[2026-04-10T13:42:48.962+0000] {taskinstance.py:3503} INFO - 1 downstream tasks scheduled from follow-on schedule check
[2026-04-10T13:42:48.965+0000] {local_task_job_runner.py:222} INFO - ::endgroup::
