[2026-04-17T05:02:31.980+0000] {local_task_job_runner.py:120} INFO - ::group::Pre task execution logs
[2026-04-17T05:02:32.027+0000] {taskinstance.py:2076} INFO - Dependencies all met for dep_context=non-requeueable deps ti=<TaskInstance: weather_etl_pipeline_v2.quality_check scheduled__2026-04-16T02:00:00+00:00 [queued]>
[2026-04-17T05:02:32.040+0000] {taskinstance.py:2076} INFO - Dependencies all met for dep_context=requeueable deps ti=<TaskInstance: weather_etl_pipeline_v2.quality_check scheduled__2026-04-16T02:00:00+00:00 [queued]>
[2026-04-17T05:02:32.041+0000] {taskinstance.py:2306} INFO - Starting attempt 1 of 3
[2026-04-17T05:02:32.059+0000] {taskinstance.py:2330} INFO - Executing <Task(PythonOperator): quality_check> on 2026-04-16 02:00:00+00:00
[2026-04-17T05:02:32.067+0000] {logging_mixin.py:188} WARNING - /home/airflow/.local/lib/python3.12/site-packages/airflow/task/task_runner/standard_task_runner.py:62 DeprecationWarning: This process (pid=207) is multi-threaded, use of fork() may lead to deadlocks in the child.
[2026-04-17T05:02:32.069+0000] {standard_task_runner.py:64} INFO - Started process 208 to run task
[2026-04-17T05:02:32.067+0000] {standard_task_runner.py:90} INFO - Running: ['airflow', 'tasks', 'run', 'weather_etl_pipeline_v2', 'quality_check', 'scheduled__2026-04-16T02:00:00+00:00', '--job-id', '112', '--raw', '--subdir', 'DAGS_FOLDER/weather_etl_dag_v2.py', '--cfg-path', '/tmp/tmpecwq57ud']
[2026-04-17T05:02:32.070+0000] {standard_task_runner.py:91} INFO - Job 112: Subtask quality_check
[2026-04-17T05:02:32.144+0000] {task_command.py:426} INFO - Running <TaskInstance: weather_etl_pipeline_v2.quality_check scheduled__2026-04-16T02:00:00+00:00 [running]> on host 89e29680acec
[2026-04-17T05:02:32.269+0000] {taskinstance.py:2648} INFO - Exporting env vars: AIRFLOW_CTX_DAG_OWNER='weather_etl' AIRFLOW_CTX_DAG_ID='weather_etl_pipeline_v2' AIRFLOW_CTX_TASK_ID='quality_check' AIRFLOW_CTX_EXECUTION_DATE='2026-04-16T02:00:00+00:00' AIRFLOW_CTX_TRY_NUMBER='1' AIRFLOW_CTX_DAG_RUN_ID='scheduled__2026-04-16T02:00:00+00:00'
[2026-04-17T05:02:32.271+0000] {taskinstance.py:430} INFO - ::endgroup::
[2026-04-17T05:02:32.287+0000] {weather_etl_dag_v2.py:214} INFO - ============================================================
[2026-04-17T05:02:32.290+0000] {weather_etl_dag_v2.py:215} INFO - TASK: QUALITY_CHECK — Validating clean data quality
[2026-04-17T05:02:32.291+0000] {weather_etl_dag_v2.py:216} INFO - ============================================================
[2026-04-17T05:02:32.307+0000] {logging_mixin.py:188} WARNING - 2026-04-17 05:02:32 - scripts.validate - INFO - Starting data quality validation for 56 records
[2026-04-17T05:02:32.306+0000] {validate.py:201} INFO - Starting data quality validation for 56 records
[2026-04-17T05:02:32.309+0000] {logging_mixin.py:188} WARNING - 2026-04-17 05:02:32 - scripts.validate - INFO - Validation complete: 56 valid, 0 invalid (100.0% pass rate)
[2026-04-17T05:02:32.309+0000] {validate.py:228} INFO - Validation complete: 56 valid, 0 invalid (100.0% pass rate)
[2026-04-17T05:02:32.310+0000] {weather_etl_dag_v2.py:261} INFO - ✓ Quality check: 100.0% pass rate (56/56)
[2026-04-17T05:02:32.329+0000] {python.py:237} INFO - Done. Returned value was: 100.0
[2026-04-17T05:02:32.330+0000] {taskinstance.py:441} INFO - ::group::Post task execution logs
[2026-04-17T05:02:32.357+0000] {taskinstance.py:1206} INFO - Marking task as SUCCESS. dag_id=weather_etl_pipeline_v2, task_id=quality_check, run_id=scheduled__2026-04-16T02:00:00+00:00, execution_date=20260416T020000, start_date=20260417T050232, end_date=20260417T050232
[2026-04-17T05:02:32.405+0000] {local_task_job_runner.py:243} INFO - Task exited with return code 0
[2026-04-17T05:02:32.436+0000] {taskinstance.py:3503} INFO - 1 downstream tasks scheduled from follow-on schedule check
[2026-04-17T05:02:32.439+0000] {local_task_job_runner.py:222} INFO - ::endgroup::
