[2026-04-09T11:06:48.218+0000] {local_task_job_runner.py:120} INFO - ::group::Pre task execution logs
[2026-04-09T11:06:48.280+0000] {taskinstance.py:2076} INFO - Dependencies all met for dep_context=non-requeueable deps ti=<TaskInstance: weather_etl_pipeline.load scheduled__2026-04-08T02:00:00+00:00 [queued]>
[2026-04-09T11:06:48.295+0000] {taskinstance.py:2076} INFO - Dependencies all met for dep_context=requeueable deps ti=<TaskInstance: weather_etl_pipeline.load scheduled__2026-04-08T02:00:00+00:00 [queued]>
[2026-04-09T11:06:48.296+0000] {taskinstance.py:2306} INFO - Starting attempt 1 of 3
[2026-04-09T11:06:48.318+0000] {taskinstance.py:2330} INFO - Executing <Task(PythonOperator): load> on 2026-04-08 02:00:00+00:00
[2026-04-09T11:06:48.332+0000] {standard_task_runner.py:90} INFO - Running: ['airflow', 'tasks', 'run', 'weather_etl_pipeline', 'load', 'scheduled__2026-04-08T02:00:00+00:00', '--job-id', '8', '--raw', '--subdir', 'DAGS_FOLDER/weather_etl_dag.py', '--cfg-path', '/tmp/tmpyon9i4uk']
[2026-04-09T11:06:48.337+0000] {standard_task_runner.py:91} INFO - Job 8: Subtask load
[2026-04-09T11:06:48.343+0000] {logging_mixin.py:188} WARNING - /home/airflow/.local/lib/python3.12/site-packages/airflow/task/task_runner/standard_task_runner.py:62 DeprecationWarning: This process (pid=219) is multi-threaded, use of fork() may lead to deadlocks in the child.
[2026-04-09T11:06:48.344+0000] {standard_task_runner.py:64} INFO - Started process 221 to run task
[2026-04-09T11:06:48.451+0000] {task_command.py:426} INFO - Running <TaskInstance: weather_etl_pipeline.load scheduled__2026-04-08T02:00:00+00:00 [running]> on host bbdcd07d63cf
[2026-04-09T11:06:48.647+0000] {taskinstance.py:2648} INFO - Exporting env vars: AIRFLOW_CTX_DAG_OWNER='weather_etl' AIRFLOW_CTX_DAG_ID='weather_etl_pipeline' AIRFLOW_CTX_TASK_ID='load' AIRFLOW_CTX_EXECUTION_DATE='2026-04-08T02:00:00+00:00' AIRFLOW_CTX_TRY_NUMBER='1' AIRFLOW_CTX_DAG_RUN_ID='scheduled__2026-04-08T02:00:00+00:00'
[2026-04-09T11:06:48.650+0000] {taskinstance.py:430} INFO - ::endgroup::
[2026-04-09T11:06:48.675+0000] {logger.py:59} INFO - ============================================================
[2026-04-09T11:06:48.677+0000] {logger.py:60} INFO - Starting Data Loading
[2026-04-09T11:06:48.678+0000] {logger.py:61} INFO - Execution time: 2026-04-09 11:06:48
[2026-04-09T11:06:48.680+0000] {logger.py:62} INFO - ============================================================
[2026-04-09T11:06:48.710+0000] {logging_mixin.py:188} WARNING - 2026-04-09 11:06:48 - scripts.load - INFO - Starting load for 5 records
[2026-04-09T11:06:48.708+0000] {load.py:190} INFO - Starting load for 5 records
[2026-04-09T11:06:48.721+0000] {logging_mixin.py:188} WARNING - 2026-04-09 11:06:48 - scripts.load - INFO - Successfully connected to PostgreSQL database
[2026-04-09T11:06:48.720+0000] {load.py:43} INFO - Successfully connected to PostgreSQL database
[2026-04-09T11:06:48.754+0000] {logging_mixin.py:188} WARNING - 2026-04-09 11:06:48 - scripts.load - INFO - Table 'weather_data' created or already exists
[2026-04-09T11:06:48.753+0000] {load.py:118} INFO - Table 'weather_data' created or already exists
[2026-04-09T11:06:48.767+0000] {logging_mixin.py:188} WARNING - 2026-04-09 11:06:48 - scripts.load - INFO - Load complete: 5 inserted, 0 skipped (duplicates/errors)
[2026-04-09T11:06:48.766+0000] {load.py:218} INFO - Load complete: 5 inserted, 0 skipped (duplicates/errors)
[2026-04-09T11:06:48.775+0000] {logging_mixin.py:188} WARNING - 2026-04-09 11:06:48 - scripts.load - INFO - Database connection closed
[2026-04-09T11:06:48.774+0000] {load.py:59} INFO - Database connection closed
[2026-04-09T11:06:48.778+0000] {weather_etl_dag.py:173} INFO - Load statistics: {'total': 5, 'inserted': 5, 'skipped': 0}
[2026-04-09T11:06:48.780+0000] {logger.py:67} INFO - ============================================================
[2026-04-09T11:06:48.782+0000] {logger.py:68} INFO - Finished Data Loading
[2026-04-09T11:06:48.784+0000] {logger.py:69} INFO - Status: SUCCESS
[2026-04-09T11:06:48.786+0000] {logger.py:70} INFO - Execution time: 2026-04-09 11:06:48
[2026-04-09T11:06:48.788+0000] {logger.py:71} INFO - ============================================================
[2026-04-09T11:06:48.790+0000] {python.py:237} INFO - Done. Returned value was: 5
[2026-04-09T11:06:48.791+0000] {taskinstance.py:441} INFO - ::group::Post task execution logs
[2026-04-09T11:06:48.828+0000] {taskinstance.py:1206} INFO - Marking task as SUCCESS. dag_id=weather_etl_pipeline, task_id=load, run_id=scheduled__2026-04-08T02:00:00+00:00, execution_date=20260408T020000, start_date=20260409T110648, end_date=20260409T110648
[2026-04-09T11:06:48.885+0000] {local_task_job_runner.py:243} INFO - Task exited with return code 0
[2026-04-09T11:06:48.911+0000] {taskinstance.py:3503} INFO - 0 downstream tasks scheduled from follow-on schedule check
[2026-04-09T11:06:48.916+0000] {local_task_job_runner.py:222} INFO - ::endgroup::
