[2026-04-11T11:13:35.774+0000] {local_task_job_runner.py:120} INFO - ::group::Pre task execution logs
[2026-04-11T11:13:35.821+0000] {taskinstance.py:2076} INFO - Dependencies all met for dep_context=non-requeueable deps ti=<TaskInstance: weather_etl_pipeline_v2.transform_clean scheduled__2026-04-10T02:00:00+00:00 [queued]>
[2026-04-11T11:13:35.834+0000] {taskinstance.py:2076} INFO - Dependencies all met for dep_context=requeueable deps ti=<TaskInstance: weather_etl_pipeline_v2.transform_clean scheduled__2026-04-10T02:00:00+00:00 [queued]>
[2026-04-11T11:13:35.835+0000] {taskinstance.py:2306} INFO - Starting attempt 1 of 3
[2026-04-11T11:13:35.848+0000] {taskinstance.py:2330} INFO - Executing <Task(PythonOperator): transform_clean> on 2026-04-10 02:00:00+00:00
[2026-04-11T11:13:35.857+0000] {standard_task_runner.py:90} INFO - Running: ['airflow', 'tasks', 'run', 'weather_etl_pipeline_v2', 'transform_clean', 'scheduled__2026-04-10T02:00:00+00:00', '--job-id', '90', '--raw', '--subdir', 'DAGS_FOLDER/weather_etl_dag_v2.py', '--cfg-path', '/tmp/tmpzlgb242k']
[2026-04-11T11:13:35.860+0000] {standard_task_runner.py:91} INFO - Job 90: Subtask transform_clean
[2026-04-11T11:13:35.863+0000] {logging_mixin.py:188} WARNING - /home/airflow/.local/lib/python3.12/site-packages/airflow/task/task_runner/standard_task_runner.py:62 DeprecationWarning: This process (pid=184) is multi-threaded, use of fork() may lead to deadlocks in the child.
[2026-04-11T11:13:35.864+0000] {standard_task_runner.py:64} INFO - Started process 185 to run task
[2026-04-11T11:13:35.927+0000] {task_command.py:426} INFO - Running <TaskInstance: weather_etl_pipeline_v2.transform_clean scheduled__2026-04-10T02:00:00+00:00 [running]> on host 0510404e06e7
[2026-04-11T11:13:36.027+0000] {taskinstance.py:2648} INFO - Exporting env vars: AIRFLOW_CTX_DAG_OWNER='weather_etl' AIRFLOW_CTX_DAG_ID='weather_etl_pipeline_v2' AIRFLOW_CTX_TASK_ID='transform_clean' AIRFLOW_CTX_EXECUTION_DATE='2026-04-10T02:00:00+00:00' AIRFLOW_CTX_TRY_NUMBER='1' AIRFLOW_CTX_DAG_RUN_ID='scheduled__2026-04-10T02:00:00+00:00'
[2026-04-11T11:13:36.029+0000] {taskinstance.py:430} INFO - ::endgroup::
[2026-04-11T11:13:36.043+0000] {weather_etl_dag_v2.py:123} INFO - ============================================================
[2026-04-11T11:13:36.045+0000] {weather_etl_dag_v2.py:124} INFO - TASK: TRANSFORM_CLEAN - Transform and load clean data
[2026-04-11T11:13:36.046+0000] {weather_etl_dag_v2.py:125} INFO - ============================================================
[2026-04-11T11:13:36.066+0000] {logging_mixin.py:188} WARNING - 2026-04-11 11:13:36 - scripts.load_raw - INFO - Successfully connected to PostgreSQL database
[2026-04-11T11:13:36.065+0000] {load_raw.py:38} INFO - Successfully connected to PostgreSQL database
[2026-04-11T11:13:36.075+0000] {logging_mixin.py:188} WARNING - 2026-04-11 11:13:36 - scripts.load_raw - INFO - Retrieved 5 unprocessed raw records
[2026-04-11T11:13:36.075+0000] {load_raw.py:206} INFO - Retrieved 5 unprocessed raw records
[2026-04-11T11:13:36.077+0000] {logging_mixin.py:188} WARNING - 2026-04-11 11:13:36 - scripts.load_raw - INFO - Database connection closed
[2026-04-11T11:13:36.076+0000] {load_raw.py:53} INFO - Database connection closed
[2026-04-11T11:13:36.079+0000] {logging_mixin.py:188} WARNING - 2026-04-11 11:13:36 - scripts.load_clean - INFO - Starting transformation and load for 5 raw records
[2026-04-11T11:13:36.078+0000] {load_clean.py:159} INFO - Starting transformation and load for 5 raw records
[2026-04-11T11:13:36.089+0000] {logging_mixin.py:188} WARNING - 2026-04-11 11:13:36 - scripts.load_clean - INFO - Successfully connected to PostgreSQL database
[2026-04-11T11:13:36.089+0000] {load_clean.py:41} INFO - Successfully connected to PostgreSQL database
[2026-04-11T11:13:36.093+0000] {logging_mixin.py:188} WARNING - 2026-04-11 11:13:36 - scripts.load_clean - INFO - Table 'weather_clean' created or already exists
[2026-04-11T11:13:36.093+0000] {load_clean.py:91} INFO - Table 'weather_clean' created or already exists
[2026-04-11T11:13:36.105+0000] {logging_mixin.py:188} WARNING - 2026-04-11 11:13:36 - scripts.load_clean - INFO - Marked 5 raw records as processed
[2026-04-11T11:13:36.104+0000] {load_clean.py:242} INFO - Marked 5 raw records as processed
[2026-04-11T11:13:36.107+0000] {logging_mixin.py:188} WARNING - 2026-04-11 11:13:36 - scripts.load_clean - INFO - Clean data load complete: 5 transformed, 5 validated, 5 loaded, 0 failed
[2026-04-11T11:13:36.106+0000] {load_clean.py:214} INFO - Clean data load complete: 5 transformed, 5 validated, 5 loaded, 0 failed
[2026-04-11T11:13:36.108+0000] {logging_mixin.py:188} WARNING - 2026-04-11 11:13:36 - scripts.load_clean - INFO - Database connection closed
[2026-04-11T11:13:36.108+0000] {load_clean.py:56} INFO - Database connection closed
[2026-04-11T11:13:36.109+0000] {weather_etl_dag_v2.py:141} INFO - ✓ Transform and load complete: 5 loaded, 0 failed
[2026-04-11T11:13:36.124+0000] {python.py:237} INFO - Done. Returned value was: 5
[2026-04-11T11:13:36.125+0000] {taskinstance.py:441} INFO - ::group::Post task execution logs
[2026-04-11T11:13:36.152+0000] {taskinstance.py:1206} INFO - Marking task as SUCCESS. dag_id=weather_etl_pipeline_v2, task_id=transform_clean, run_id=scheduled__2026-04-10T02:00:00+00:00, execution_date=20260410T020000, start_date=20260411T111335, end_date=20260411T111336
[2026-04-11T11:13:36.200+0000] {local_task_job_runner.py:243} INFO - Task exited with return code 0
[2026-04-11T11:13:36.231+0000] {taskinstance.py:3503} INFO - 1 downstream tasks scheduled from follow-on schedule check
[2026-04-11T11:13:36.233+0000] {local_task_job_runner.py:222} INFO - ::endgroup::
