[2026-04-16T12:01:28.922+0000] {local_task_job_runner.py:120} INFO - ::group::Pre task execution logs
[2026-04-16T12:01:28.962+0000] {taskinstance.py:2076} INFO - Dependencies all met for dep_context=non-requeueable deps ti=<TaskInstance: weather_etl_pipeline_v2.update_metadata_success manual__2026-04-16T12:01:17.862390+00:00 [queued]>
[2026-04-16T12:01:28.971+0000] {taskinstance.py:2076} INFO - Dependencies all met for dep_context=requeueable deps ti=<TaskInstance: weather_etl_pipeline_v2.update_metadata_success manual__2026-04-16T12:01:17.862390+00:00 [queued]>
[2026-04-16T12:01:28.972+0000] {taskinstance.py:2306} INFO - Starting attempt 1 of 4
[2026-04-16T12:01:28.986+0000] {taskinstance.py:2330} INFO - Executing <Task(PythonOperator): update_metadata_success> on 2026-04-16 12:01:17.862390+00:00
[2026-04-16T12:01:28.992+0000] {logging_mixin.py:188} WARNING - /home/airflow/.local/lib/python3.12/site-packages/airflow/task/task_runner/standard_task_runner.py:62 DeprecationWarning: This process (pid=296) is multi-threaded, use of fork() may lead to deadlocks in the child.
[2026-04-16T12:01:28.992+0000] {standard_task_runner.py:90} INFO - Running: ['airflow', 'tasks', 'run', 'weather_etl_pipeline_v2', 'update_metadata_success', 'manual__2026-04-16T12:01:17.862390+00:00', '--job-id', '96', '--raw', '--subdir', 'DAGS_FOLDER/weather_etl_dag_v2.py', '--cfg-path', '/tmp/tmp6uw1pi1i']
[2026-04-16T12:01:28.994+0000] {standard_task_runner.py:64} INFO - Started process 297 to run task
[2026-04-16T12:01:28.995+0000] {standard_task_runner.py:91} INFO - Job 96: Subtask update_metadata_success
[2026-04-16T12:01:29.066+0000] {task_command.py:426} INFO - Running <TaskInstance: weather_etl_pipeline_v2.update_metadata_success manual__2026-04-16T12:01:17.862390+00:00 [running]> on host 88d0b309bcf7
[2026-04-16T12:01:29.178+0000] {taskinstance.py:2648} INFO - Exporting env vars: AIRFLOW_CTX_DAG_OWNER='weather_etl' AIRFLOW_CTX_DAG_ID='weather_etl_pipeline_v2' AIRFLOW_CTX_TASK_ID='update_metadata_success' AIRFLOW_CTX_EXECUTION_DATE='2026-04-16T12:01:17.862390+00:00' AIRFLOW_CTX_TRY_NUMBER='1' AIRFLOW_CTX_DAG_RUN_ID='manual__2026-04-16T12:01:17.862390+00:00'
[2026-04-16T12:01:29.179+0000] {taskinstance.py:430} INFO - ::endgroup::
[2026-04-16T12:01:29.193+0000] {weather_etl_dag_v2.py:316} INFO - ============================================================
[2026-04-16T12:01:29.195+0000] {weather_etl_dag_v2.py:317} INFO - TASK: UPDATE_METADATA_SUCCESS — Recording successful pipeline run
[2026-04-16T12:01:29.196+0000] {weather_etl_dag_v2.py:318} INFO - ============================================================
[2026-04-16T12:01:29.256+0000] {logging_mixin.py:188} WARNING - 2026-04-16 12:01:29 - scripts.metadata_manager - INFO - Successfully connected to PostgreSQL database
[2026-04-16T12:01:29.255+0000] {metadata_manager.py:38} INFO - Successfully connected to PostgreSQL database
[2026-04-16T12:01:29.261+0000] {logging_mixin.py:188} WARNING - 2026-04-16 12:01:29 - scripts.metadata_manager - INFO - Table 'pipeline_metadata' created or already exists
[2026-04-16T12:01:29.261+0000] {metadata_manager.py:92} INFO - Table 'pipeline_metadata' created or already exists
[2026-04-16T12:01:29.266+0000] {logging_mixin.py:188} WARNING - 2026-04-16 12:01:29 - scripts.metadata_manager - INFO - Pipeline weather_etl_pipeline_v2 marked as SUCCESS: 9 processed, 86 inserted, 0 failed
[2026-04-16T12:01:29.266+0000] {metadata_manager.py:241} INFO - Pipeline weather_etl_pipeline_v2 marked as SUCCESS: 9 processed, 86 inserted, 0 failed
[2026-04-16T12:01:29.268+0000] {logging_mixin.py:188} WARNING - 2026-04-16 12:01:29 - scripts.metadata_manager - INFO - Database connection closed
[2026-04-16T12:01:29.268+0000] {metadata_manager.py:53} INFO - Database connection closed
[2026-04-16T12:01:29.270+0000] {weather_etl_dag_v2.py:338} INFO - ✓ Pipeline marked as SUCCESS
[2026-04-16T12:01:29.272+0000] {weather_etl_dag_v2.py:339} INFO -   Records extracted  : 9
[2026-04-16T12:01:29.273+0000] {weather_etl_dag_v2.py:340} INFO -   Records inserted   : 86
[2026-04-16T12:01:29.274+0000] {weather_etl_dag_v2.py:341} INFO -   Records failed     : 0
[2026-04-16T12:01:29.275+0000] {weather_etl_dag_v2.py:342} INFO -   Validation rate    : 100.0%
[2026-04-16T12:01:29.276+0000] {weather_etl_dag_v2.py:343} INFO -   Agg rows upserted  : 0
[2026-04-16T12:01:29.276+0000] {python.py:237} INFO - Done. Returned value was: True
[2026-04-16T12:01:29.277+0000] {taskinstance.py:441} INFO - ::group::Post task execution logs
[2026-04-16T12:01:29.301+0000] {taskinstance.py:1206} INFO - Marking task as SUCCESS. dag_id=weather_etl_pipeline_v2, task_id=update_metadata_success, run_id=manual__2026-04-16T12:01:17.862390+00:00, execution_date=20260416T120117, start_date=20260416T120128, end_date=20260416T120129
[2026-04-16T12:01:29.331+0000] {local_task_job_runner.py:243} INFO - Task exited with return code 0
[2026-04-16T12:01:29.363+0000] {taskinstance.py:3503} INFO - 0 downstream tasks scheduled from follow-on schedule check
[2026-04-16T12:01:29.368+0000] {local_task_job_runner.py:222} INFO - ::endgroup::
