[2026-04-22T07:04:14.869+0000] {processor.py:161} INFO - Started process (PID=186) to work on /opt/airflow/dags/__init__.py
[2026-04-22T07:04:14.871+0000] {processor.py:830} INFO - Processing file /opt/airflow/dags/__init__.py for tasks to queue
[2026-04-22T07:04:14.875+0000] {logging_mixin.py:188} INFO - [2026-04-22T07:04:14.874+0000] {dagbag.py:545} INFO - Filling up the DagBag from /opt/airflow/dags/__init__.py
[2026-04-22T07:04:14.906+0000] {processor.py:842} WARNING - No viable dags retrieved from /opt/airflow/dags/__init__.py
[2026-04-22T07:04:14.933+0000] {processor.py:183} INFO - Processing /opt/airflow/dags/__init__.py took 0.074 seconds
[2026-04-22T07:04:46.256+0000] {processor.py:161} INFO - Started process (PID=196) to work on /opt/airflow/dags/__init__.py
[2026-04-22T07:04:46.262+0000] {processor.py:830} INFO - Processing file /opt/airflow/dags/__init__.py for tasks to queue
[2026-04-22T07:04:46.277+0000] {logging_mixin.py:188} INFO - [2026-04-22T07:04:46.276+0000] {dagbag.py:545} INFO - Filling up the DagBag from /opt/airflow/dags/__init__.py
[2026-04-22T07:04:46.676+0000] {processor.py:842} WARNING - No viable dags retrieved from /opt/airflow/dags/__init__.py
[2026-04-22T07:04:46.719+0000] {processor.py:183} INFO - Processing /opt/airflow/dags/__init__.py took 0.481 seconds
[2026-04-22T07:05:17.049+0000] {processor.py:161} INFO - Started process (PID=217) to work on /opt/airflow/dags/__init__.py
[2026-04-22T07:05:17.053+0000] {processor.py:830} INFO - Processing file /opt/airflow/dags/__init__.py for tasks to queue
[2026-04-22T07:05:17.062+0000] {logging_mixin.py:188} INFO - [2026-04-22T07:05:17.061+0000] {dagbag.py:545} INFO - Filling up the DagBag from /opt/airflow/dags/__init__.py
[2026-04-22T07:05:17.118+0000] {processor.py:842} WARNING - No viable dags retrieved from /opt/airflow/dags/__init__.py
[2026-04-22T07:05:17.149+0000] {processor.py:183} INFO - Processing /opt/airflow/dags/__init__.py took 0.114 seconds
[2026-04-22T07:05:47.674+0000] {processor.py:161} INFO - Started process (PID=240) to work on /opt/airflow/dags/__init__.py
[2026-04-22T07:05:47.677+0000] {processor.py:830} INFO - Processing file /opt/airflow/dags/__init__.py for tasks to queue
[2026-04-22T07:05:47.682+0000] {logging_mixin.py:188} INFO - [2026-04-22T07:05:47.681+0000] {dagbag.py:545} INFO - Filling up the DagBag from /opt/airflow/dags/__init__.py
[2026-04-22T07:05:47.728+0000] {processor.py:842} WARNING - No viable dags retrieved from /opt/airflow/dags/__init__.py
[2026-04-22T07:05:47.765+0000] {processor.py:183} INFO - Processing /opt/airflow/dags/__init__.py took 0.107 seconds
[2026-04-22T07:06:18.329+0000] {processor.py:161} INFO - Started process (PID=257) to work on /opt/airflow/dags/__init__.py
[2026-04-22T07:06:18.332+0000] {processor.py:830} INFO - Processing file /opt/airflow/dags/__init__.py for tasks to queue
[2026-04-22T07:06:18.339+0000] {logging_mixin.py:188} INFO - [2026-04-22T07:06:18.337+0000] {dagbag.py:545} INFO - Filling up the DagBag from /opt/airflow/dags/__init__.py
[2026-04-22T07:06:18.381+0000] {processor.py:842} WARNING - No viable dags retrieved from /opt/airflow/dags/__init__.py
[2026-04-22T07:06:18.423+0000] {processor.py:183} INFO - Processing /opt/airflow/dags/__init__.py took 0.109 seconds
[2026-04-22T07:06:49.409+0000] {processor.py:161} INFO - Started process (PID=274) to work on /opt/airflow/dags/__init__.py
[2026-04-22T07:06:49.424+0000] {processor.py:830} INFO - Processing file /opt/airflow/dags/__init__.py for tasks to queue
[2026-04-22T07:06:49.445+0000] {logging_mixin.py:188} INFO - [2026-04-22T07:06:49.444+0000] {dagbag.py:545} INFO - Filling up the DagBag from /opt/airflow/dags/__init__.py
[2026-04-22T07:06:49.814+0000] {processor.py:842} WARNING - No viable dags retrieved from /opt/airflow/dags/__init__.py
[2026-04-22T07:06:49.850+0000] {processor.py:183} INFO - Processing /opt/airflow/dags/__init__.py took 0.452 seconds
[2026-04-22T07:07:20.184+0000] {processor.py:161} INFO - Started process (PID=291) to work on /opt/airflow/dags/__init__.py
[2026-04-22T07:07:20.186+0000] {processor.py:830} INFO - Processing file /opt/airflow/dags/__init__.py for tasks to queue
[2026-04-22T07:07:20.192+0000] {logging_mixin.py:188} INFO - [2026-04-22T07:07:20.191+0000] {dagbag.py:545} INFO - Filling up the DagBag from /opt/airflow/dags/__init__.py
[2026-04-22T07:07:20.243+0000] {processor.py:842} WARNING - No viable dags retrieved from /opt/airflow/dags/__init__.py
[2026-04-22T07:07:20.287+0000] {processor.py:183} INFO - Processing /opt/airflow/dags/__init__.py took 0.117 seconds
[2026-04-22T07:07:51.144+0000] {processor.py:161} INFO - Started process (PID=308) to work on /opt/airflow/dags/__init__.py
[2026-04-22T07:07:51.147+0000] {processor.py:830} INFO - Processing file /opt/airflow/dags/__init__.py for tasks to queue
[2026-04-22T07:07:51.152+0000] {logging_mixin.py:188} INFO - [2026-04-22T07:07:51.152+0000] {dagbag.py:545} INFO - Filling up the DagBag from /opt/airflow/dags/__init__.py
[2026-04-22T07:07:51.201+0000] {processor.py:842} WARNING - No viable dags retrieved from /opt/airflow/dags/__init__.py
[2026-04-22T07:07:51.237+0000] {processor.py:183} INFO - Processing /opt/airflow/dags/__init__.py took 0.108 seconds
[2026-04-22T07:08:22.064+0000] {processor.py:161} INFO - Started process (PID=325) to work on /opt/airflow/dags/__init__.py
[2026-04-22T07:08:22.066+0000] {processor.py:830} INFO - Processing file /opt/airflow/dags/__init__.py for tasks to queue
[2026-04-22T07:08:22.070+0000] {logging_mixin.py:188} INFO - [2026-04-22T07:08:22.069+0000] {dagbag.py:545} INFO - Filling up the DagBag from /opt/airflow/dags/__init__.py
[2026-04-22T07:08:22.111+0000] {processor.py:842} WARNING - No viable dags retrieved from /opt/airflow/dags/__init__.py
[2026-04-22T07:08:22.149+0000] {processor.py:183} INFO - Processing /opt/airflow/dags/__init__.py took 0.097 seconds
[2026-04-22T07:08:52.370+0000] {processor.py:161} INFO - Started process (PID=335) to work on /opt/airflow/dags/__init__.py
[2026-04-22T07:08:52.371+0000] {processor.py:830} INFO - Processing file /opt/airflow/dags/__init__.py for tasks to queue
[2026-04-22T07:08:52.376+0000] {logging_mixin.py:188} INFO - [2026-04-22T07:08:52.375+0000] {dagbag.py:545} INFO - Filling up the DagBag from /opt/airflow/dags/__init__.py
[2026-04-22T07:08:52.421+0000] {processor.py:842} WARNING - No viable dags retrieved from /opt/airflow/dags/__init__.py
[2026-04-22T07:08:52.460+0000] {processor.py:183} INFO - Processing /opt/airflow/dags/__init__.py took 0.103 seconds
[2026-04-22T07:09:22.850+0000] {processor.py:161} INFO - Started process (PID=352) to work on /opt/airflow/dags/__init__.py
[2026-04-22T07:09:22.853+0000] {processor.py:830} INFO - Processing file /opt/airflow/dags/__init__.py for tasks to queue
[2026-04-22T07:09:22.858+0000] {logging_mixin.py:188} INFO - [2026-04-22T07:09:22.858+0000] {dagbag.py:545} INFO - Filling up the DagBag from /opt/airflow/dags/__init__.py
[2026-04-22T07:09:22.915+0000] {processor.py:842} WARNING - No viable dags retrieved from /opt/airflow/dags/__init__.py
[2026-04-22T07:09:22.951+0000] {processor.py:183} INFO - Processing /opt/airflow/dags/__init__.py took 0.110 seconds
[2026-04-22T07:09:53.470+0000] {processor.py:161} INFO - Started process (PID=369) to work on /opt/airflow/dags/__init__.py
[2026-04-22T07:09:53.476+0000] {processor.py:830} INFO - Processing file /opt/airflow/dags/__init__.py for tasks to queue
[2026-04-22T07:09:53.480+0000] {logging_mixin.py:188} INFO - [2026-04-22T07:09:53.480+0000] {dagbag.py:545} INFO - Filling up the DagBag from /opt/airflow/dags/__init__.py
[2026-04-22T07:09:53.523+0000] {processor.py:842} WARNING - No viable dags retrieved from /opt/airflow/dags/__init__.py
[2026-04-22T07:09:53.545+0000] {processor.py:183} INFO - Processing /opt/airflow/dags/__init__.py took 0.085 seconds
[2026-04-22T07:10:24.142+0000] {processor.py:161} INFO - Started process (PID=387) to work on /opt/airflow/dags/__init__.py
[2026-04-22T07:10:24.153+0000] {processor.py:830} INFO - Processing file /opt/airflow/dags/__init__.py for tasks to queue
[2026-04-22T07:10:24.162+0000] {logging_mixin.py:188} INFO - [2026-04-22T07:10:24.160+0000] {dagbag.py:545} INFO - Filling up the DagBag from /opt/airflow/dags/__init__.py
[2026-04-22T07:10:24.259+0000] {processor.py:842} WARNING - No viable dags retrieved from /opt/airflow/dags/__init__.py
[2026-04-22T07:10:24.287+0000] {processor.py:183} INFO - Processing /opt/airflow/dags/__init__.py took 0.155 seconds
[2026-04-22T07:10:54.614+0000] {processor.py:161} INFO - Started process (PID=404) to work on /opt/airflow/dags/__init__.py
[2026-04-22T07:10:54.616+0000] {processor.py:830} INFO - Processing file /opt/airflow/dags/__init__.py for tasks to queue
[2026-04-22T07:10:54.622+0000] {logging_mixin.py:188} INFO - [2026-04-22T07:10:54.620+0000] {dagbag.py:545} INFO - Filling up the DagBag from /opt/airflow/dags/__init__.py
[2026-04-22T07:10:54.660+0000] {processor.py:842} WARNING - No viable dags retrieved from /opt/airflow/dags/__init__.py
[2026-04-22T07:10:54.689+0000] {processor.py:183} INFO - Processing /opt/airflow/dags/__init__.py took 0.085 seconds
[2026-04-22T07:11:25.069+0000] {processor.py:161} INFO - Started process (PID=421) to work on /opt/airflow/dags/__init__.py
[2026-04-22T07:11:25.073+0000] {processor.py:830} INFO - Processing file /opt/airflow/dags/__init__.py for tasks to queue
[2026-04-22T07:11:25.077+0000] {logging_mixin.py:188} INFO - [2026-04-22T07:11:25.076+0000] {dagbag.py:545} INFO - Filling up the DagBag from /opt/airflow/dags/__init__.py
[2026-04-22T07:11:25.140+0000] {processor.py:842} WARNING - No viable dags retrieved from /opt/airflow/dags/__init__.py
[2026-04-22T07:11:25.177+0000] {processor.py:183} INFO - Processing /opt/airflow/dags/__init__.py took 0.119 seconds
[2026-04-22T07:11:55.770+0000] {processor.py:161} INFO - Started process (PID=438) to work on /opt/airflow/dags/__init__.py
[2026-04-22T07:11:55.772+0000] {processor.py:830} INFO - Processing file /opt/airflow/dags/__init__.py for tasks to queue
[2026-04-22T07:11:55.777+0000] {logging_mixin.py:188} INFO - [2026-04-22T07:11:55.776+0000] {dagbag.py:545} INFO - Filling up the DagBag from /opt/airflow/dags/__init__.py
[2026-04-22T07:11:55.863+0000] {processor.py:842} WARNING - No viable dags retrieved from /opt/airflow/dags/__init__.py
[2026-04-22T07:11:55.925+0000] {processor.py:183} INFO - Processing /opt/airflow/dags/__init__.py took 0.166 seconds
[2026-04-22T07:12:26.789+0000] {processor.py:161} INFO - Started process (PID=455) to work on /opt/airflow/dags/__init__.py
[2026-04-22T07:12:26.790+0000] {processor.py:830} INFO - Processing file /opt/airflow/dags/__init__.py for tasks to queue
[2026-04-22T07:12:26.793+0000] {logging_mixin.py:188} INFO - [2026-04-22T07:12:26.793+0000] {dagbag.py:545} INFO - Filling up the DagBag from /opt/airflow/dags/__init__.py
[2026-04-22T07:12:26.816+0000] {processor.py:842} WARNING - No viable dags retrieved from /opt/airflow/dags/__init__.py
[2026-04-22T07:12:26.837+0000] {processor.py:183} INFO - Processing /opt/airflow/dags/__init__.py took 0.057 seconds
[2026-04-22T07:12:57.144+0000] {processor.py:161} INFO - Started process (PID=472) to work on /opt/airflow/dags/__init__.py
[2026-04-22T07:12:57.146+0000] {processor.py:830} INFO - Processing file /opt/airflow/dags/__init__.py for tasks to queue
[2026-04-22T07:12:57.150+0000] {logging_mixin.py:188} INFO - [2026-04-22T07:12:57.150+0000] {dagbag.py:545} INFO - Filling up the DagBag from /opt/airflow/dags/__init__.py
[2026-04-22T07:12:57.198+0000] {processor.py:842} WARNING - No viable dags retrieved from /opt/airflow/dags/__init__.py
[2026-04-22T07:12:57.236+0000] {processor.py:183} INFO - Processing /opt/airflow/dags/__init__.py took 0.102 seconds
[2026-04-22T07:13:27.433+0000] {processor.py:161} INFO - Started process (PID=482) to work on /opt/airflow/dags/__init__.py
[2026-04-22T07:13:27.445+0000] {processor.py:830} INFO - Processing file /opt/airflow/dags/__init__.py for tasks to queue
[2026-04-22T07:13:27.450+0000] {logging_mixin.py:188} INFO - [2026-04-22T07:13:27.449+0000] {dagbag.py:545} INFO - Filling up the DagBag from /opt/airflow/dags/__init__.py
[2026-04-22T07:13:27.530+0000] {processor.py:842} WARNING - No viable dags retrieved from /opt/airflow/dags/__init__.py
[2026-04-22T07:13:27.574+0000] {processor.py:183} INFO - Processing /opt/airflow/dags/__init__.py took 0.155 seconds
[2026-04-22T07:13:58.004+0000] {processor.py:161} INFO - Started process (PID=499) to work on /opt/airflow/dags/__init__.py
[2026-04-22T07:13:58.006+0000] {processor.py:830} INFO - Processing file /opt/airflow/dags/__init__.py for tasks to queue
[2026-04-22T07:13:58.008+0000] {logging_mixin.py:188} INFO - [2026-04-22T07:13:58.008+0000] {dagbag.py:545} INFO - Filling up the DagBag from /opt/airflow/dags/__init__.py
[2026-04-22T07:13:58.030+0000] {processor.py:842} WARNING - No viable dags retrieved from /opt/airflow/dags/__init__.py
[2026-04-22T07:13:58.055+0000] {processor.py:183} INFO - Processing /opt/airflow/dags/__init__.py took 0.060 seconds
[2026-04-22T07:14:28.567+0000] {processor.py:161} INFO - Started process (PID=516) to work on /opt/airflow/dags/__init__.py
[2026-04-22T07:14:28.568+0000] {processor.py:830} INFO - Processing file /opt/airflow/dags/__init__.py for tasks to queue
[2026-04-22T07:14:28.572+0000] {logging_mixin.py:188} INFO - [2026-04-22T07:14:28.571+0000] {dagbag.py:545} INFO - Filling up the DagBag from /opt/airflow/dags/__init__.py
[2026-04-22T07:14:28.597+0000] {processor.py:842} WARNING - No viable dags retrieved from /opt/airflow/dags/__init__.py
[2026-04-22T07:14:28.621+0000] {processor.py:183} INFO - Processing /opt/airflow/dags/__init__.py took 0.063 seconds
[2026-04-22T07:14:59.131+0000] {processor.py:161} INFO - Started process (PID=533) to work on /opt/airflow/dags/__init__.py
[2026-04-22T07:14:59.133+0000] {processor.py:830} INFO - Processing file /opt/airflow/dags/__init__.py for tasks to queue
[2026-04-22T07:14:59.136+0000] {logging_mixin.py:188} INFO - [2026-04-22T07:14:59.135+0000] {dagbag.py:545} INFO - Filling up the DagBag from /opt/airflow/dags/__init__.py
[2026-04-22T07:14:59.173+0000] {processor.py:842} WARNING - No viable dags retrieved from /opt/airflow/dags/__init__.py
[2026-04-22T07:14:59.198+0000] {processor.py:183} INFO - Processing /opt/airflow/dags/__init__.py took 0.075 seconds
[2026-04-22T07:15:29.723+0000] {processor.py:161} INFO - Started process (PID=550) to work on /opt/airflow/dags/__init__.py
[2026-04-22T07:15:29.724+0000] {processor.py:830} INFO - Processing file /opt/airflow/dags/__init__.py for tasks to queue
[2026-04-22T07:15:29.729+0000] {logging_mixin.py:188} INFO - [2026-04-22T07:15:29.728+0000] {dagbag.py:545} INFO - Filling up the DagBag from /opt/airflow/dags/__init__.py
[2026-04-22T07:15:29.748+0000] {processor.py:842} WARNING - No viable dags retrieved from /opt/airflow/dags/__init__.py
[2026-04-22T07:15:29.767+0000] {processor.py:183} INFO - Processing /opt/airflow/dags/__init__.py took 0.055 seconds
[2026-04-22T07:16:00.178+0000] {processor.py:161} INFO - Started process (PID=567) to work on /opt/airflow/dags/__init__.py
[2026-04-22T07:16:00.180+0000] {processor.py:830} INFO - Processing file /opt/airflow/dags/__init__.py for tasks to queue
[2026-04-22T07:16:00.184+0000] {logging_mixin.py:188} INFO - [2026-04-22T07:16:00.183+0000] {dagbag.py:545} INFO - Filling up the DagBag from /opt/airflow/dags/__init__.py
[2026-04-22T07:16:00.207+0000] {processor.py:842} WARNING - No viable dags retrieved from /opt/airflow/dags/__init__.py
[2026-04-22T07:16:00.227+0000] {processor.py:183} INFO - Processing /opt/airflow/dags/__init__.py took 0.060 seconds
[2026-04-22T07:16:30.777+0000] {processor.py:161} INFO - Started process (PID=585) to work on /opt/airflow/dags/__init__.py
[2026-04-22T07:16:30.781+0000] {processor.py:830} INFO - Processing file /opt/airflow/dags/__init__.py for tasks to queue
[2026-04-22T07:16:30.784+0000] {logging_mixin.py:188} INFO - [2026-04-22T07:16:30.784+0000] {dagbag.py:545} INFO - Filling up the DagBag from /opt/airflow/dags/__init__.py
[2026-04-22T07:16:30.852+0000] {processor.py:842} WARNING - No viable dags retrieved from /opt/airflow/dags/__init__.py
[2026-04-22T07:16:30.895+0000] {processor.py:183} INFO - Processing /opt/airflow/dags/__init__.py took 0.128 seconds
[2026-04-22T07:17:01.130+0000] {processor.py:161} INFO - Started process (PID=602) to work on /opt/airflow/dags/__init__.py
[2026-04-22T07:17:01.132+0000] {processor.py:830} INFO - Processing file /opt/airflow/dags/__init__.py for tasks to queue
[2026-04-22T07:17:01.136+0000] {logging_mixin.py:188} INFO - [2026-04-22T07:17:01.136+0000] {dagbag.py:545} INFO - Filling up the DagBag from /opt/airflow/dags/__init__.py
[2026-04-22T07:17:01.167+0000] {processor.py:842} WARNING - No viable dags retrieved from /opt/airflow/dags/__init__.py
[2026-04-22T07:17:01.210+0000] {processor.py:183} INFO - Processing /opt/airflow/dags/__init__.py took 0.090 seconds
[2026-04-22T07:17:31.577+0000] {processor.py:161} INFO - Started process (PID=612) to work on /opt/airflow/dags/__init__.py
[2026-04-22T07:17:31.580+0000] {processor.py:830} INFO - Processing file /opt/airflow/dags/__init__.py for tasks to queue
[2026-04-22T07:17:31.585+0000] {logging_mixin.py:188} INFO - [2026-04-22T07:17:31.584+0000] {dagbag.py:545} INFO - Filling up the DagBag from /opt/airflow/dags/__init__.py
[2026-04-22T07:17:31.656+0000] {processor.py:842} WARNING - No viable dags retrieved from /opt/airflow/dags/__init__.py
[2026-04-22T07:17:31.708+0000] {processor.py:183} INFO - Processing /opt/airflow/dags/__init__.py took 0.146 seconds
[2026-04-22T07:18:01.823+0000] {processor.py:161} INFO - Started process (PID=629) to work on /opt/airflow/dags/__init__.py
[2026-04-22T07:18:01.825+0000] {processor.py:830} INFO - Processing file /opt/airflow/dags/__init__.py for tasks to queue
[2026-04-22T07:18:01.831+0000] {logging_mixin.py:188} INFO - [2026-04-22T07:18:01.830+0000] {dagbag.py:545} INFO - Filling up the DagBag from /opt/airflow/dags/__init__.py
[2026-04-22T07:18:01.879+0000] {processor.py:842} WARNING - No viable dags retrieved from /opt/airflow/dags/__init__.py
[2026-04-22T07:18:01.925+0000] {processor.py:183} INFO - Processing /opt/airflow/dags/__init__.py took 0.115 seconds
[2026-04-22T07:18:32.458+0000] {processor.py:161} INFO - Started process (PID=646) to work on /opt/airflow/dags/__init__.py
[2026-04-22T07:18:32.461+0000] {processor.py:830} INFO - Processing file /opt/airflow/dags/__init__.py for tasks to queue
[2026-04-22T07:18:32.468+0000] {logging_mixin.py:188} INFO - [2026-04-22T07:18:32.467+0000] {dagbag.py:545} INFO - Filling up the DagBag from /opt/airflow/dags/__init__.py
[2026-04-22T07:18:32.524+0000] {processor.py:842} WARNING - No viable dags retrieved from /opt/airflow/dags/__init__.py
[2026-04-22T07:18:32.562+0000] {processor.py:183} INFO - Processing /opt/airflow/dags/__init__.py took 0.116 seconds
[2026-04-22T07:19:02.769+0000] {processor.py:161} INFO - Started process (PID=663) to work on /opt/airflow/dags/__init__.py
[2026-04-22T07:19:02.774+0000] {processor.py:830} INFO - Processing file /opt/airflow/dags/__init__.py for tasks to queue
[2026-04-22T07:19:02.780+0000] {logging_mixin.py:188} INFO - [2026-04-22T07:19:02.779+0000] {dagbag.py:545} INFO - Filling up the DagBag from /opt/airflow/dags/__init__.py
[2026-04-22T07:19:02.846+0000] {processor.py:842} WARNING - No viable dags retrieved from /opt/airflow/dags/__init__.py
[2026-04-22T07:19:02.888+0000] {processor.py:183} INFO - Processing /opt/airflow/dags/__init__.py took 0.133 seconds
[2026-04-22T07:19:33.307+0000] {processor.py:161} INFO - Started process (PID=680) to work on /opt/airflow/dags/__init__.py
[2026-04-22T07:19:33.310+0000] {processor.py:830} INFO - Processing file /opt/airflow/dags/__init__.py for tasks to queue
[2026-04-22T07:19:33.317+0000] {logging_mixin.py:188} INFO - [2026-04-22T07:19:33.316+0000] {dagbag.py:545} INFO - Filling up the DagBag from /opt/airflow/dags/__init__.py
[2026-04-22T07:19:33.387+0000] {processor.py:842} WARNING - No viable dags retrieved from /opt/airflow/dags/__init__.py
[2026-04-22T07:19:33.428+0000] {processor.py:183} INFO - Processing /opt/airflow/dags/__init__.py took 0.135 seconds
[2026-04-22T07:20:04.094+0000] {processor.py:161} INFO - Started process (PID=697) to work on /opt/airflow/dags/__init__.py
[2026-04-22T07:20:04.097+0000] {processor.py:830} INFO - Processing file /opt/airflow/dags/__init__.py for tasks to queue
[2026-04-22T07:20:04.101+0000] {logging_mixin.py:188} INFO - [2026-04-22T07:20:04.101+0000] {dagbag.py:545} INFO - Filling up the DagBag from /opt/airflow/dags/__init__.py
[2026-04-22T07:20:04.163+0000] {processor.py:842} WARNING - No viable dags retrieved from /opt/airflow/dags/__init__.py
[2026-04-22T07:20:04.202+0000] {processor.py:183} INFO - Processing /opt/airflow/dags/__init__.py took 0.118 seconds
[2026-04-22T07:20:34.610+0000] {processor.py:161} INFO - Started process (PID=715) to work on /opt/airflow/dags/__init__.py
[2026-04-22T07:20:34.613+0000] {processor.py:830} INFO - Processing file /opt/airflow/dags/__init__.py for tasks to queue
[2026-04-22T07:20:34.620+0000] {logging_mixin.py:188} INFO - [2026-04-22T07:20:34.619+0000] {dagbag.py:545} INFO - Filling up the DagBag from /opt/airflow/dags/__init__.py
[2026-04-22T07:20:34.674+0000] {processor.py:842} WARNING - No viable dags retrieved from /opt/airflow/dags/__init__.py
[2026-04-22T07:20:34.713+0000] {processor.py:183} INFO - Processing /opt/airflow/dags/__init__.py took 0.117 seconds
[2026-04-22T07:21:05.036+0000] {processor.py:161} INFO - Started process (PID=732) to work on /opt/airflow/dags/__init__.py
[2026-04-22T07:21:05.039+0000] {processor.py:830} INFO - Processing file /opt/airflow/dags/__init__.py for tasks to queue
[2026-04-22T07:21:05.044+0000] {logging_mixin.py:188} INFO - [2026-04-22T07:21:05.044+0000] {dagbag.py:545} INFO - Filling up the DagBag from /opt/airflow/dags/__init__.py
[2026-04-22T07:21:05.104+0000] {processor.py:842} WARNING - No viable dags retrieved from /opt/airflow/dags/__init__.py
[2026-04-22T07:21:05.146+0000] {processor.py:183} INFO - Processing /opt/airflow/dags/__init__.py took 0.124 seconds
[2026-04-22T07:21:35.430+0000] {processor.py:161} INFO - Started process (PID=742) to work on /opt/airflow/dags/__init__.py
[2026-04-22T07:21:35.434+0000] {processor.py:830} INFO - Processing file /opt/airflow/dags/__init__.py for tasks to queue
[2026-04-22T07:21:35.440+0000] {logging_mixin.py:188} INFO - [2026-04-22T07:21:35.439+0000] {dagbag.py:545} INFO - Filling up the DagBag from /opt/airflow/dags/__init__.py
[2026-04-22T07:21:35.511+0000] {processor.py:842} WARNING - No viable dags retrieved from /opt/airflow/dags/__init__.py
[2026-04-22T07:21:35.557+0000] {processor.py:183} INFO - Processing /opt/airflow/dags/__init__.py took 0.142 seconds
[2026-04-22T07:22:05.920+0000] {processor.py:161} INFO - Started process (PID=759) to work on /opt/airflow/dags/__init__.py
[2026-04-22T07:22:05.923+0000] {processor.py:830} INFO - Processing file /opt/airflow/dags/__init__.py for tasks to queue
[2026-04-22T07:22:05.929+0000] {logging_mixin.py:188} INFO - [2026-04-22T07:22:05.928+0000] {dagbag.py:545} INFO - Filling up the DagBag from /opt/airflow/dags/__init__.py
[2026-04-22T07:22:05.996+0000] {processor.py:842} WARNING - No viable dags retrieved from /opt/airflow/dags/__init__.py
[2026-04-22T07:22:06.040+0000] {processor.py:183} INFO - Processing /opt/airflow/dags/__init__.py took 0.134 seconds
[2026-04-22T07:22:36.443+0000] {processor.py:161} INFO - Started process (PID=776) to work on /opt/airflow/dags/__init__.py
[2026-04-22T07:22:36.447+0000] {processor.py:830} INFO - Processing file /opt/airflow/dags/__init__.py for tasks to queue
[2026-04-22T07:22:36.451+0000] {logging_mixin.py:188} INFO - [2026-04-22T07:22:36.450+0000] {dagbag.py:545} INFO - Filling up the DagBag from /opt/airflow/dags/__init__.py
[2026-04-22T07:22:36.514+0000] {processor.py:842} WARNING - No viable dags retrieved from /opt/airflow/dags/__init__.py
[2026-04-22T07:22:36.553+0000] {processor.py:183} INFO - Processing /opt/airflow/dags/__init__.py took 0.124 seconds
[2026-04-22T07:23:07.271+0000] {processor.py:161} INFO - Started process (PID=793) to work on /opt/airflow/dags/__init__.py
[2026-04-22T07:23:07.274+0000] {processor.py:830} INFO - Processing file /opt/airflow/dags/__init__.py for tasks to queue
[2026-04-22T07:23:07.279+0000] {logging_mixin.py:188} INFO - [2026-04-22T07:23:07.278+0000] {dagbag.py:545} INFO - Filling up the DagBag from /opt/airflow/dags/__init__.py
[2026-04-22T07:23:07.347+0000] {processor.py:842} WARNING - No viable dags retrieved from /opt/airflow/dags/__init__.py
[2026-04-22T07:23:07.388+0000] {processor.py:183} INFO - Processing /opt/airflow/dags/__init__.py took 0.132 seconds
[2026-04-22T07:23:37.711+0000] {processor.py:161} INFO - Started process (PID=810) to work on /opt/airflow/dags/__init__.py
[2026-04-22T07:23:37.715+0000] {processor.py:830} INFO - Processing file /opt/airflow/dags/__init__.py for tasks to queue
[2026-04-22T07:23:37.721+0000] {logging_mixin.py:188} INFO - [2026-04-22T07:23:37.721+0000] {dagbag.py:545} INFO - Filling up the DagBag from /opt/airflow/dags/__init__.py
[2026-04-22T07:23:37.786+0000] {processor.py:842} WARNING - No viable dags retrieved from /opt/airflow/dags/__init__.py
[2026-04-22T07:23:37.828+0000] {processor.py:183} INFO - Processing /opt/airflow/dags/__init__.py took 0.130 seconds
[2026-04-22T07:24:08.230+0000] {processor.py:161} INFO - Started process (PID=827) to work on /opt/airflow/dags/__init__.py
[2026-04-22T07:24:08.233+0000] {processor.py:830} INFO - Processing file /opt/airflow/dags/__init__.py for tasks to queue
[2026-04-22T07:24:08.237+0000] {logging_mixin.py:188} INFO - [2026-04-22T07:24:08.237+0000] {dagbag.py:545} INFO - Filling up the DagBag from /opt/airflow/dags/__init__.py
[2026-04-22T07:24:08.305+0000] {processor.py:842} WARNING - No viable dags retrieved from /opt/airflow/dags/__init__.py
[2026-04-22T07:24:08.345+0000] {processor.py:183} INFO - Processing /opt/airflow/dags/__init__.py took 0.129 seconds
[2026-04-22T07:24:38.904+0000] {processor.py:161} INFO - Started process (PID=844) to work on /opt/airflow/dags/__init__.py
[2026-04-22T07:24:38.907+0000] {processor.py:830} INFO - Processing file /opt/airflow/dags/__init__.py for tasks to queue
[2026-04-22T07:24:38.911+0000] {logging_mixin.py:188} INFO - [2026-04-22T07:24:38.911+0000] {dagbag.py:545} INFO - Filling up the DagBag from /opt/airflow/dags/__init__.py
[2026-04-22T07:24:38.977+0000] {processor.py:842} WARNING - No viable dags retrieved from /opt/airflow/dags/__init__.py
[2026-04-22T07:24:39.019+0000] {processor.py:183} INFO - Processing /opt/airflow/dags/__init__.py took 0.127 seconds
[2026-04-22T07:25:09.214+0000] {processor.py:161} INFO - Started process (PID=861) to work on /opt/airflow/dags/__init__.py
[2026-04-22T07:25:09.217+0000] {processor.py:830} INFO - Processing file /opt/airflow/dags/__init__.py for tasks to queue
[2026-04-22T07:25:09.223+0000] {logging_mixin.py:188} INFO - [2026-04-22T07:25:09.222+0000] {dagbag.py:545} INFO - Filling up the DagBag from /opt/airflow/dags/__init__.py
[2026-04-22T07:25:09.280+0000] {processor.py:842} WARNING - No viable dags retrieved from /opt/airflow/dags/__init__.py
[2026-04-22T07:25:09.322+0000] {processor.py:183} INFO - Processing /opt/airflow/dags/__init__.py took 0.125 seconds
[2026-04-22T07:25:39.742+0000] {processor.py:161} INFO - Started process (PID=871) to work on /opt/airflow/dags/__init__.py
[2026-04-22T07:25:39.745+0000] {processor.py:830} INFO - Processing file /opt/airflow/dags/__init__.py for tasks to queue
[2026-04-22T07:25:39.750+0000] {logging_mixin.py:188} INFO - [2026-04-22T07:25:39.749+0000] {dagbag.py:545} INFO - Filling up the DagBag from /opt/airflow/dags/__init__.py
[2026-04-22T07:25:39.809+0000] {processor.py:842} WARNING - No viable dags retrieved from /opt/airflow/dags/__init__.py
[2026-04-22T07:25:39.846+0000] {processor.py:183} INFO - Processing /opt/airflow/dags/__init__.py took 0.122 seconds
[2026-04-22T07:26:10.560+0000] {processor.py:161} INFO - Started process (PID=886) to work on /opt/airflow/dags/__init__.py
[2026-04-22T07:26:10.563+0000] {processor.py:830} INFO - Processing file /opt/airflow/dags/__init__.py for tasks to queue
[2026-04-22T07:26:10.569+0000] {logging_mixin.py:188} INFO - [2026-04-22T07:26:10.568+0000] {dagbag.py:545} INFO - Filling up the DagBag from /opt/airflow/dags/__init__.py
[2026-04-22T07:26:10.629+0000] {processor.py:842} WARNING - No viable dags retrieved from /opt/airflow/dags/__init__.py
[2026-04-22T07:26:10.670+0000] {processor.py:183} INFO - Processing /opt/airflow/dags/__init__.py took 0.124 seconds
[2026-04-22T07:26:40.904+0000] {processor.py:161} INFO - Started process (PID=900) to work on /opt/airflow/dags/__init__.py
[2026-04-22T07:26:40.906+0000] {processor.py:830} INFO - Processing file /opt/airflow/dags/__init__.py for tasks to queue
[2026-04-22T07:26:40.910+0000] {logging_mixin.py:188} INFO - [2026-04-22T07:26:40.909+0000] {dagbag.py:545} INFO - Filling up the DagBag from /opt/airflow/dags/__init__.py
[2026-04-22T07:26:40.956+0000] {processor.py:842} WARNING - No viable dags retrieved from /opt/airflow/dags/__init__.py
[2026-04-22T07:26:40.980+0000] {processor.py:183} INFO - Processing /opt/airflow/dags/__init__.py took 0.089 seconds
[2026-04-22T07:27:11.298+0000] {processor.py:161} INFO - Started process (PID=917) to work on /opt/airflow/dags/__init__.py
[2026-04-22T07:27:11.301+0000] {processor.py:830} INFO - Processing file /opt/airflow/dags/__init__.py for tasks to queue
[2026-04-22T07:27:11.306+0000] {logging_mixin.py:188} INFO - [2026-04-22T07:27:11.305+0000] {dagbag.py:545} INFO - Filling up the DagBag from /opt/airflow/dags/__init__.py
[2026-04-22T07:27:11.374+0000] {processor.py:842} WARNING - No viable dags retrieved from /opt/airflow/dags/__init__.py
[2026-04-22T07:27:11.414+0000] {processor.py:183} INFO - Processing /opt/airflow/dags/__init__.py took 0.129 seconds
[2026-04-22T07:27:41.803+0000] {processor.py:161} INFO - Started process (PID=934) to work on /opt/airflow/dags/__init__.py
[2026-04-22T07:27:41.807+0000] {processor.py:830} INFO - Processing file /opt/airflow/dags/__init__.py for tasks to queue
[2026-04-22T07:27:41.814+0000] {logging_mixin.py:188} INFO - [2026-04-22T07:27:41.813+0000] {dagbag.py:545} INFO - Filling up the DagBag from /opt/airflow/dags/__init__.py
[2026-04-22T07:27:41.908+0000] {processor.py:842} WARNING - No viable dags retrieved from /opt/airflow/dags/__init__.py
[2026-04-22T07:27:41.950+0000] {processor.py:183} INFO - Processing /opt/airflow/dags/__init__.py took 0.161 seconds
[2026-04-22T07:28:12.269+0000] {processor.py:161} INFO - Started process (PID=951) to work on /opt/airflow/dags/__init__.py
[2026-04-22T07:28:12.272+0000] {processor.py:830} INFO - Processing file /opt/airflow/dags/__init__.py for tasks to queue
[2026-04-22T07:28:12.278+0000] {logging_mixin.py:188} INFO - [2026-04-22T07:28:12.277+0000] {dagbag.py:545} INFO - Filling up the DagBag from /opt/airflow/dags/__init__.py
[2026-04-22T07:28:12.313+0000] {processor.py:842} WARNING - No viable dags retrieved from /opt/airflow/dags/__init__.py
[2026-04-22T07:28:12.340+0000] {processor.py:183} INFO - Processing /opt/airflow/dags/__init__.py took 0.090 seconds
[2026-04-22T07:28:42.496+0000] {processor.py:161} INFO - Started process (PID=968) to work on /opt/airflow/dags/__init__.py
[2026-04-22T07:28:42.498+0000] {processor.py:830} INFO - Processing file /opt/airflow/dags/__init__.py for tasks to queue
[2026-04-22T07:28:42.502+0000] {logging_mixin.py:188} INFO - [2026-04-22T07:28:42.501+0000] {dagbag.py:545} INFO - Filling up the DagBag from /opt/airflow/dags/__init__.py
[2026-04-22T07:28:42.550+0000] {processor.py:842} WARNING - No viable dags retrieved from /opt/airflow/dags/__init__.py
[2026-04-22T07:28:42.593+0000] {processor.py:183} INFO - Processing /opt/airflow/dags/__init__.py took 0.104 seconds
[2026-04-22T07:29:12.896+0000] {processor.py:161} INFO - Started process (PID=985) to work on /opt/airflow/dags/__init__.py
[2026-04-22T07:29:12.899+0000] {processor.py:830} INFO - Processing file /opt/airflow/dags/__init__.py for tasks to queue
[2026-04-22T07:29:12.905+0000] {logging_mixin.py:188} INFO - [2026-04-22T07:29:12.904+0000] {dagbag.py:545} INFO - Filling up the DagBag from /opt/airflow/dags/__init__.py
[2026-04-22T07:29:12.969+0000] {processor.py:842} WARNING - No viable dags retrieved from /opt/airflow/dags/__init__.py
[2026-04-22T07:29:13.011+0000] {processor.py:183} INFO - Processing /opt/airflow/dags/__init__.py took 0.129 seconds
[2026-04-22T07:29:43.394+0000] {processor.py:161} INFO - Started process (PID=995) to work on /opt/airflow/dags/__init__.py
[2026-04-22T07:29:43.398+0000] {processor.py:830} INFO - Processing file /opt/airflow/dags/__init__.py for tasks to queue
[2026-04-22T07:29:43.403+0000] {logging_mixin.py:188} INFO - [2026-04-22T07:29:43.403+0000] {dagbag.py:545} INFO - Filling up the DagBag from /opt/airflow/dags/__init__.py
[2026-04-22T07:29:43.477+0000] {processor.py:842} WARNING - No viable dags retrieved from /opt/airflow/dags/__init__.py
[2026-04-22T07:29:43.526+0000] {processor.py:183} INFO - Processing /opt/airflow/dags/__init__.py took 0.146 seconds
[2026-04-22T07:30:13.800+0000] {processor.py:161} INFO - Started process (PID=1012) to work on /opt/airflow/dags/__init__.py
[2026-04-22T07:30:13.804+0000] {processor.py:830} INFO - Processing file /opt/airflow/dags/__init__.py for tasks to queue
[2026-04-22T07:30:13.808+0000] {logging_mixin.py:188} INFO - [2026-04-22T07:30:13.808+0000] {dagbag.py:545} INFO - Filling up the DagBag from /opt/airflow/dags/__init__.py
[2026-04-22T07:30:13.873+0000] {processor.py:842} WARNING - No viable dags retrieved from /opt/airflow/dags/__init__.py
[2026-04-22T07:30:13.912+0000] {processor.py:183} INFO - Processing /opt/airflow/dags/__init__.py took 0.124 seconds
[2026-04-22T07:30:44.557+0000] {processor.py:161} INFO - Started process (PID=1030) to work on /opt/airflow/dags/__init__.py
[2026-04-22T07:30:44.566+0000] {processor.py:830} INFO - Processing file /opt/airflow/dags/__init__.py for tasks to queue
[2026-04-22T07:30:44.578+0000] {logging_mixin.py:188} INFO - [2026-04-22T07:30:44.576+0000] {dagbag.py:545} INFO - Filling up the DagBag from /opt/airflow/dags/__init__.py
[2026-04-22T07:30:44.638+0000] {processor.py:842} WARNING - No viable dags retrieved from /opt/airflow/dags/__init__.py
[2026-04-22T07:30:44.679+0000] {processor.py:183} INFO - Processing /opt/airflow/dags/__init__.py took 0.147 seconds
[2026-04-22T07:31:15.305+0000] {processor.py:161} INFO - Started process (PID=1047) to work on /opt/airflow/dags/__init__.py
[2026-04-22T07:31:15.308+0000] {processor.py:830} INFO - Processing file /opt/airflow/dags/__init__.py for tasks to queue
[2026-04-22T07:31:15.312+0000] {logging_mixin.py:188} INFO - [2026-04-22T07:31:15.311+0000] {dagbag.py:545} INFO - Filling up the DagBag from /opt/airflow/dags/__init__.py
[2026-04-22T07:31:15.369+0000] {processor.py:842} WARNING - No viable dags retrieved from /opt/airflow/dags/__init__.py
[2026-04-22T07:31:15.408+0000] {processor.py:183} INFO - Processing /opt/airflow/dags/__init__.py took 0.115 seconds
[2026-04-22T07:31:45.739+0000] {processor.py:161} INFO - Started process (PID=1064) to work on /opt/airflow/dags/__init__.py
[2026-04-22T07:31:45.742+0000] {processor.py:830} INFO - Processing file /opt/airflow/dags/__init__.py for tasks to queue
[2026-04-22T07:31:45.748+0000] {logging_mixin.py:188} INFO - [2026-04-22T07:31:45.747+0000] {dagbag.py:545} INFO - Filling up the DagBag from /opt/airflow/dags/__init__.py
[2026-04-22T07:31:45.816+0000] {processor.py:842} WARNING - No viable dags retrieved from /opt/airflow/dags/__init__.py
[2026-04-22T07:31:45.860+0000] {processor.py:183} INFO - Processing /opt/airflow/dags/__init__.py took 0.135 seconds
[2026-04-22T07:32:16.385+0000] {processor.py:161} INFO - Started process (PID=1081) to work on /opt/airflow/dags/__init__.py
[2026-04-22T07:32:16.388+0000] {processor.py:830} INFO - Processing file /opt/airflow/dags/__init__.py for tasks to queue
[2026-04-22T07:32:16.393+0000] {logging_mixin.py:188} INFO - [2026-04-22T07:32:16.393+0000] {dagbag.py:545} INFO - Filling up the DagBag from /opt/airflow/dags/__init__.py
[2026-04-22T07:32:16.447+0000] {processor.py:842} WARNING - No viable dags retrieved from /opt/airflow/dags/__init__.py
[2026-04-22T07:32:16.479+0000] {processor.py:183} INFO - Processing /opt/airflow/dags/__init__.py took 0.109 seconds
[2026-04-22T07:32:46.812+0000] {processor.py:161} INFO - Started process (PID=1098) to work on /opt/airflow/dags/__init__.py
[2026-04-22T07:32:46.815+0000] {processor.py:830} INFO - Processing file /opt/airflow/dags/__init__.py for tasks to queue
[2026-04-22T07:32:46.821+0000] {logging_mixin.py:188} INFO - [2026-04-22T07:32:46.820+0000] {dagbag.py:545} INFO - Filling up the DagBag from /opt/airflow/dags/__init__.py
[2026-04-22T07:32:46.883+0000] {processor.py:842} WARNING - No viable dags retrieved from /opt/airflow/dags/__init__.py
[2026-04-22T07:32:46.927+0000] {processor.py:183} INFO - Processing /opt/airflow/dags/__init__.py took 0.129 seconds
[2026-04-22T07:33:17.526+0000] {processor.py:161} INFO - Started process (PID=1115) to work on /opt/airflow/dags/__init__.py
[2026-04-22T07:33:17.530+0000] {processor.py:830} INFO - Processing file /opt/airflow/dags/__init__.py for tasks to queue
[2026-04-22T07:33:17.534+0000] {logging_mixin.py:188} INFO - [2026-04-22T07:33:17.533+0000] {dagbag.py:545} INFO - Filling up the DagBag from /opt/airflow/dags/__init__.py
[2026-04-22T07:33:17.585+0000] {processor.py:842} WARNING - No viable dags retrieved from /opt/airflow/dags/__init__.py
[2026-04-22T07:33:17.624+0000] {processor.py:183} INFO - Processing /opt/airflow/dags/__init__.py took 0.110 seconds
[2026-04-22T07:33:47.936+0000] {processor.py:161} INFO - Started process (PID=1132) to work on /opt/airflow/dags/__init__.py
[2026-04-22T07:33:47.938+0000] {processor.py:830} INFO - Processing file /opt/airflow/dags/__init__.py for tasks to queue
[2026-04-22T07:33:47.941+0000] {logging_mixin.py:188} INFO - [2026-04-22T07:33:47.941+0000] {dagbag.py:545} INFO - Filling up the DagBag from /opt/airflow/dags/__init__.py
[2026-04-22T07:33:47.981+0000] {processor.py:842} WARNING - No viable dags retrieved from /opt/airflow/dags/__init__.py
[2026-04-22T07:33:48.005+0000] {processor.py:183} INFO - Processing /opt/airflow/dags/__init__.py took 0.077 seconds
[2026-04-22T07:34:18.735+0000] {processor.py:161} INFO - Started process (PID=1142) to work on /opt/airflow/dags/__init__.py
[2026-04-22T07:34:18.738+0000] {processor.py:830} INFO - Processing file /opt/airflow/dags/__init__.py for tasks to queue
[2026-04-22T07:34:18.742+0000] {logging_mixin.py:188} INFO - [2026-04-22T07:34:18.741+0000] {dagbag.py:545} INFO - Filling up the DagBag from /opt/airflow/dags/__init__.py
[2026-04-22T07:34:18.795+0000] {processor.py:842} WARNING - No viable dags retrieved from /opt/airflow/dags/__init__.py
[2026-04-22T07:34:18.836+0000] {processor.py:183} INFO - Processing /opt/airflow/dags/__init__.py took 0.113 seconds
[2026-04-22T07:34:49.238+0000] {processor.py:161} INFO - Started process (PID=1159) to work on /opt/airflow/dags/__init__.py
[2026-04-22T07:34:49.240+0000] {processor.py:830} INFO - Processing file /opt/airflow/dags/__init__.py for tasks to queue
[2026-04-22T07:34:49.243+0000] {logging_mixin.py:188} INFO - [2026-04-22T07:34:49.243+0000] {dagbag.py:545} INFO - Filling up the DagBag from /opt/airflow/dags/__init__.py
[2026-04-22T07:34:49.271+0000] {processor.py:842} WARNING - No viable dags retrieved from /opt/airflow/dags/__init__.py
[2026-04-22T07:34:49.294+0000] {processor.py:183} INFO - Processing /opt/airflow/dags/__init__.py took 0.066 seconds
[2026-04-22T07:35:19.745+0000] {processor.py:161} INFO - Started process (PID=1176) to work on /opt/airflow/dags/__init__.py
[2026-04-22T07:35:19.746+0000] {processor.py:830} INFO - Processing file /opt/airflow/dags/__init__.py for tasks to queue
[2026-04-22T07:35:19.749+0000] {logging_mixin.py:188} INFO - [2026-04-22T07:35:19.749+0000] {dagbag.py:545} INFO - Filling up the DagBag from /opt/airflow/dags/__init__.py
[2026-04-22T07:35:19.786+0000] {processor.py:842} WARNING - No viable dags retrieved from /opt/airflow/dags/__init__.py
[2026-04-22T07:35:19.808+0000] {processor.py:183} INFO - Processing /opt/airflow/dags/__init__.py took 0.073 seconds
[2026-04-22T07:35:50.323+0000] {processor.py:161} INFO - Started process (PID=1193) to work on /opt/airflow/dags/__init__.py
[2026-04-22T07:35:50.325+0000] {processor.py:830} INFO - Processing file /opt/airflow/dags/__init__.py for tasks to queue
[2026-04-22T07:35:50.329+0000] {logging_mixin.py:188} INFO - [2026-04-22T07:35:50.328+0000] {dagbag.py:545} INFO - Filling up the DagBag from /opt/airflow/dags/__init__.py
[2026-04-22T07:35:50.366+0000] {processor.py:842} WARNING - No viable dags retrieved from /opt/airflow/dags/__init__.py
[2026-04-22T07:35:50.390+0000] {processor.py:183} INFO - Processing /opt/airflow/dags/__init__.py took 0.075 seconds
[2026-04-22T07:36:20.926+0000] {processor.py:161} INFO - Started process (PID=1210) to work on /opt/airflow/dags/__init__.py
[2026-04-22T07:36:20.929+0000] {processor.py:830} INFO - Processing file /opt/airflow/dags/__init__.py for tasks to queue
[2026-04-22T07:36:20.932+0000] {logging_mixin.py:188} INFO - [2026-04-22T07:36:20.931+0000] {dagbag.py:545} INFO - Filling up the DagBag from /opt/airflow/dags/__init__.py
[2026-04-22T07:36:20.967+0000] {processor.py:842} WARNING - No viable dags retrieved from /opt/airflow/dags/__init__.py
[2026-04-22T07:36:20.990+0000] {processor.py:183} INFO - Processing /opt/airflow/dags/__init__.py took 0.072 seconds
[2026-04-22T07:36:51.567+0000] {processor.py:161} INFO - Started process (PID=1227) to work on /opt/airflow/dags/__init__.py
[2026-04-22T07:36:51.569+0000] {processor.py:830} INFO - Processing file /opt/airflow/dags/__init__.py for tasks to queue
[2026-04-22T07:36:51.572+0000] {logging_mixin.py:188} INFO - [2026-04-22T07:36:51.571+0000] {dagbag.py:545} INFO - Filling up the DagBag from /opt/airflow/dags/__init__.py
[2026-04-22T07:36:51.608+0000] {processor.py:842} WARNING - No viable dags retrieved from /opt/airflow/dags/__init__.py
[2026-04-22T07:36:51.633+0000] {processor.py:183} INFO - Processing /opt/airflow/dags/__init__.py took 0.075 seconds
[2026-04-22T07:37:21.728+0000] {processor.py:161} INFO - Started process (PID=1243) to work on /opt/airflow/dags/__init__.py
[2026-04-22T07:37:21.731+0000] {processor.py:830} INFO - Processing file /opt/airflow/dags/__init__.py for tasks to queue
[2026-04-22T07:37:21.734+0000] {logging_mixin.py:188} INFO - [2026-04-22T07:37:21.733+0000] {dagbag.py:545} INFO - Filling up the DagBag from /opt/airflow/dags/__init__.py
[2026-04-22T07:37:21.772+0000] {processor.py:842} WARNING - No viable dags retrieved from /opt/airflow/dags/__init__.py
[2026-04-22T07:37:21.799+0000] {processor.py:183} INFO - Processing /opt/airflow/dags/__init__.py took 0.079 seconds
[2026-04-22T07:37:52.498+0000] {processor.py:161} INFO - Started process (PID=1261) to work on /opt/airflow/dags/__init__.py
[2026-04-22T07:37:52.500+0000] {processor.py:830} INFO - Processing file /opt/airflow/dags/__init__.py for tasks to queue
[2026-04-22T07:37:52.503+0000] {logging_mixin.py:188} INFO - [2026-04-22T07:37:52.503+0000] {dagbag.py:545} INFO - Filling up the DagBag from /opt/airflow/dags/__init__.py
[2026-04-22T07:37:52.542+0000] {processor.py:842} WARNING - No viable dags retrieved from /opt/airflow/dags/__init__.py
[2026-04-22T07:37:52.565+0000] {processor.py:183} INFO - Processing /opt/airflow/dags/__init__.py took 0.076 seconds
[2026-04-22T07:38:23.481+0000] {processor.py:161} INFO - Started process (PID=1278) to work on /opt/airflow/dags/__init__.py
[2026-04-22T07:38:23.483+0000] {processor.py:830} INFO - Processing file /opt/airflow/dags/__init__.py for tasks to queue
[2026-04-22T07:38:23.486+0000] {logging_mixin.py:188} INFO - [2026-04-22T07:38:23.485+0000] {dagbag.py:545} INFO - Filling up the DagBag from /opt/airflow/dags/__init__.py
[2026-04-22T07:38:23.508+0000] {processor.py:842} WARNING - No viable dags retrieved from /opt/airflow/dags/__init__.py
[2026-04-22T07:38:23.532+0000] {processor.py:183} INFO - Processing /opt/airflow/dags/__init__.py took 0.062 seconds
[2026-04-22T07:38:54.115+0000] {processor.py:161} INFO - Started process (PID=1288) to work on /opt/airflow/dags/__init__.py
[2026-04-22T07:38:54.117+0000] {processor.py:830} INFO - Processing file /opt/airflow/dags/__init__.py for tasks to queue
[2026-04-22T07:38:54.122+0000] {logging_mixin.py:188} INFO - [2026-04-22T07:38:54.122+0000] {dagbag.py:545} INFO - Filling up the DagBag from /opt/airflow/dags/__init__.py
[2026-04-22T07:38:54.149+0000] {processor.py:842} WARNING - No viable dags retrieved from /opt/airflow/dags/__init__.py
[2026-04-22T07:38:54.179+0000] {processor.py:183} INFO - Processing /opt/airflow/dags/__init__.py took 0.078 seconds
[2026-04-22T07:39:24.894+0000] {processor.py:161} INFO - Started process (PID=1305) to work on /opt/airflow/dags/__init__.py
[2026-04-22T07:39:24.897+0000] {processor.py:830} INFO - Processing file /opt/airflow/dags/__init__.py for tasks to queue
[2026-04-22T07:39:24.903+0000] {logging_mixin.py:188} INFO - [2026-04-22T07:39:24.902+0000] {dagbag.py:545} INFO - Filling up the DagBag from /opt/airflow/dags/__init__.py
[2026-04-22T07:39:24.976+0000] {processor.py:842} WARNING - No viable dags retrieved from /opt/airflow/dags/__init__.py
[2026-04-22T07:39:25.033+0000] {processor.py:183} INFO - Processing /opt/airflow/dags/__init__.py took 0.156 seconds
[2026-04-22T07:39:55.453+0000] {processor.py:161} INFO - Started process (PID=1322) to work on /opt/airflow/dags/__init__.py
[2026-04-22T07:39:55.456+0000] {processor.py:830} INFO - Processing file /opt/airflow/dags/__init__.py for tasks to queue
[2026-04-22T07:39:55.461+0000] {logging_mixin.py:188} INFO - [2026-04-22T07:39:55.460+0000] {dagbag.py:545} INFO - Filling up the DagBag from /opt/airflow/dags/__init__.py
[2026-04-22T07:39:55.522+0000] {processor.py:842} WARNING - No viable dags retrieved from /opt/airflow/dags/__init__.py
[2026-04-22T07:39:55.562+0000] {processor.py:183} INFO - Processing /opt/airflow/dags/__init__.py took 0.123 seconds
[2026-04-22T07:40:25.739+0000] {processor.py:161} INFO - Started process (PID=1339) to work on /opt/airflow/dags/__init__.py
[2026-04-22T07:40:25.742+0000] {processor.py:830} INFO - Processing file /opt/airflow/dags/__init__.py for tasks to queue
[2026-04-22T07:40:25.745+0000] {logging_mixin.py:188} INFO - [2026-04-22T07:40:25.744+0000] {dagbag.py:545} INFO - Filling up the DagBag from /opt/airflow/dags/__init__.py
[2026-04-22T07:40:25.785+0000] {processor.py:842} WARNING - No viable dags retrieved from /opt/airflow/dags/__init__.py
[2026-04-22T07:40:25.809+0000] {processor.py:183} INFO - Processing /opt/airflow/dags/__init__.py took 0.080 seconds
[2026-04-22T07:40:56.223+0000] {processor.py:161} INFO - Started process (PID=1356) to work on /opt/airflow/dags/__init__.py
[2026-04-22T07:40:56.224+0000] {processor.py:830} INFO - Processing file /opt/airflow/dags/__init__.py for tasks to queue
[2026-04-22T07:40:56.227+0000] {logging_mixin.py:188} INFO - [2026-04-22T07:40:56.227+0000] {dagbag.py:545} INFO - Filling up the DagBag from /opt/airflow/dags/__init__.py
[2026-04-22T07:40:56.254+0000] {processor.py:842} WARNING - No viable dags retrieved from /opt/airflow/dags/__init__.py
[2026-04-22T07:40:56.283+0000] {processor.py:183} INFO - Processing /opt/airflow/dags/__init__.py took 0.071 seconds
[2026-04-22T07:41:26.764+0000] {processor.py:161} INFO - Started process (PID=1373) to work on /opt/airflow/dags/__init__.py
[2026-04-22T07:41:26.766+0000] {processor.py:830} INFO - Processing file /opt/airflow/dags/__init__.py for tasks to queue
[2026-04-22T07:41:26.769+0000] {logging_mixin.py:188} INFO - [2026-04-22T07:41:26.768+0000] {dagbag.py:545} INFO - Filling up the DagBag from /opt/airflow/dags/__init__.py
[2026-04-22T07:41:26.807+0000] {processor.py:842} WARNING - No viable dags retrieved from /opt/airflow/dags/__init__.py
[2026-04-22T07:41:26.830+0000] {processor.py:183} INFO - Processing /opt/airflow/dags/__init__.py took 0.076 seconds
[2026-04-22T07:41:57.464+0000] {processor.py:161} INFO - Started process (PID=1390) to work on /opt/airflow/dags/__init__.py
[2026-04-22T07:41:57.468+0000] {processor.py:830} INFO - Processing file /opt/airflow/dags/__init__.py for tasks to queue
[2026-04-22T07:41:57.474+0000] {logging_mixin.py:188} INFO - [2026-04-22T07:41:57.473+0000] {dagbag.py:545} INFO - Filling up the DagBag from /opt/airflow/dags/__init__.py
[2026-04-22T07:41:57.538+0000] {processor.py:842} WARNING - No viable dags retrieved from /opt/airflow/dags/__init__.py
[2026-04-22T07:41:57.579+0000] {processor.py:183} INFO - Processing /opt/airflow/dags/__init__.py took 0.129 seconds
[2026-04-22T07:42:27.914+0000] {processor.py:161} INFO - Started process (PID=1407) to work on /opt/airflow/dags/__init__.py
[2026-04-22T07:42:27.916+0000] {processor.py:830} INFO - Processing file /opt/airflow/dags/__init__.py for tasks to queue
[2026-04-22T07:42:27.922+0000] {logging_mixin.py:188} INFO - [2026-04-22T07:42:27.921+0000] {dagbag.py:545} INFO - Filling up the DagBag from /opt/airflow/dags/__init__.py
[2026-04-22T07:42:27.981+0000] {processor.py:842} WARNING - No viable dags retrieved from /opt/airflow/dags/__init__.py
[2026-04-22T07:42:28.022+0000] {processor.py:183} INFO - Processing /opt/airflow/dags/__init__.py took 0.121 seconds
[2026-04-22T07:42:58.368+0000] {processor.py:161} INFO - Started process (PID=1424) to work on /opt/airflow/dags/__init__.py
[2026-04-22T07:42:58.372+0000] {processor.py:830} INFO - Processing file /opt/airflow/dags/__init__.py for tasks to queue
[2026-04-22T07:42:58.379+0000] {logging_mixin.py:188} INFO - [2026-04-22T07:42:58.378+0000] {dagbag.py:545} INFO - Filling up the DagBag from /opt/airflow/dags/__init__.py
[2026-04-22T07:42:58.427+0000] {processor.py:842} WARNING - No viable dags retrieved from /opt/airflow/dags/__init__.py
[2026-04-22T07:42:58.456+0000] {processor.py:183} INFO - Processing /opt/airflow/dags/__init__.py took 0.106 seconds
[2026-04-22T07:43:28.811+0000] {processor.py:161} INFO - Started process (PID=1434) to work on /opt/airflow/dags/__init__.py
[2026-04-22T07:43:28.815+0000] {processor.py:830} INFO - Processing file /opt/airflow/dags/__init__.py for tasks to queue
[2026-04-22T07:43:28.821+0000] {logging_mixin.py:188} INFO - [2026-04-22T07:43:28.821+0000] {dagbag.py:545} INFO - Filling up the DagBag from /opt/airflow/dags/__init__.py
[2026-04-22T07:43:28.921+0000] {processor.py:842} WARNING - No viable dags retrieved from /opt/airflow/dags/__init__.py
[2026-04-22T07:43:28.962+0000] {processor.py:183} INFO - Processing /opt/airflow/dags/__init__.py took 0.164 seconds
[2026-04-22T07:43:59.247+0000] {processor.py:161} INFO - Started process (PID=1451) to work on /opt/airflow/dags/__init__.py
[2026-04-22T07:43:59.251+0000] {processor.py:830} INFO - Processing file /opt/airflow/dags/__init__.py for tasks to queue
[2026-04-22T07:43:59.256+0000] {logging_mixin.py:188} INFO - [2026-04-22T07:43:59.256+0000] {dagbag.py:545} INFO - Filling up the DagBag from /opt/airflow/dags/__init__.py
[2026-04-22T07:43:59.313+0000] {processor.py:842} WARNING - No viable dags retrieved from /opt/airflow/dags/__init__.py
[2026-04-22T07:43:59.352+0000] {processor.py:183} INFO - Processing /opt/airflow/dags/__init__.py took 0.119 seconds
[2026-04-22T07:44:29.859+0000] {processor.py:161} INFO - Started process (PID=1468) to work on /opt/airflow/dags/__init__.py
[2026-04-22T07:44:29.862+0000] {processor.py:830} INFO - Processing file /opt/airflow/dags/__init__.py for tasks to queue
[2026-04-22T07:44:29.868+0000] {logging_mixin.py:188} INFO - [2026-04-22T07:44:29.867+0000] {dagbag.py:545} INFO - Filling up the DagBag from /opt/airflow/dags/__init__.py
[2026-04-22T07:44:29.927+0000] {processor.py:842} WARNING - No viable dags retrieved from /opt/airflow/dags/__init__.py
[2026-04-22T07:44:29.963+0000] {processor.py:183} INFO - Processing /opt/airflow/dags/__init__.py took 0.118 seconds
[2026-04-22T07:45:00.285+0000] {processor.py:161} INFO - Started process (PID=1485) to work on /opt/airflow/dags/__init__.py
[2026-04-22T07:45:00.288+0000] {processor.py:830} INFO - Processing file /opt/airflow/dags/__init__.py for tasks to queue
[2026-04-22T07:45:00.293+0000] {logging_mixin.py:188} INFO - [2026-04-22T07:45:00.293+0000] {dagbag.py:545} INFO - Filling up the DagBag from /opt/airflow/dags/__init__.py
[2026-04-22T07:45:00.354+0000] {processor.py:842} WARNING - No viable dags retrieved from /opt/airflow/dags/__init__.py
[2026-04-22T07:45:00.397+0000] {processor.py:183} INFO - Processing /opt/airflow/dags/__init__.py took 0.126 seconds
[2026-04-22T07:45:31.000+0000] {processor.py:161} INFO - Started process (PID=1502) to work on /opt/airflow/dags/__init__.py
[2026-04-22T07:45:31.003+0000] {processor.py:830} INFO - Processing file /opt/airflow/dags/__init__.py for tasks to queue
[2026-04-22T07:45:31.007+0000] {logging_mixin.py:188} INFO - [2026-04-22T07:45:31.007+0000] {dagbag.py:545} INFO - Filling up the DagBag from /opt/airflow/dags/__init__.py
[2026-04-22T07:45:31.065+0000] {processor.py:842} WARNING - No viable dags retrieved from /opt/airflow/dags/__init__.py
[2026-04-22T07:45:31.103+0000] {processor.py:183} INFO - Processing /opt/airflow/dags/__init__.py took 0.117 seconds
[2026-04-22T07:46:01.310+0000] {processor.py:161} INFO - Started process (PID=1519) to work on /opt/airflow/dags/__init__.py
[2026-04-22T07:46:01.313+0000] {processor.py:830} INFO - Processing file /opt/airflow/dags/__init__.py for tasks to queue
[2026-04-22T07:46:01.318+0000] {logging_mixin.py:188} INFO - [2026-04-22T07:46:01.317+0000] {dagbag.py:545} INFO - Filling up the DagBag from /opt/airflow/dags/__init__.py
[2026-04-22T07:46:01.380+0000] {processor.py:842} WARNING - No viable dags retrieved from /opt/airflow/dags/__init__.py
[2026-04-22T07:46:01.418+0000] {processor.py:183} INFO - Processing /opt/airflow/dags/__init__.py took 0.121 seconds
[2026-04-22T07:46:31.541+0000] {processor.py:161} INFO - Started process (PID=1536) to work on /opt/airflow/dags/__init__.py
[2026-04-22T07:46:31.544+0000] {processor.py:830} INFO - Processing file /opt/airflow/dags/__init__.py for tasks to queue
[2026-04-22T07:46:31.547+0000] {logging_mixin.py:188} INFO - [2026-04-22T07:46:31.547+0000] {dagbag.py:545} INFO - Filling up the DagBag from /opt/airflow/dags/__init__.py
[2026-04-22T07:46:31.588+0000] {processor.py:842} WARNING - No viable dags retrieved from /opt/airflow/dags/__init__.py
[2026-04-22T07:46:31.626+0000] {processor.py:183} INFO - Processing /opt/airflow/dags/__init__.py took 0.095 seconds
[2026-04-22T07:47:02.124+0000] {processor.py:161} INFO - Started process (PID=1552) to work on /opt/airflow/dags/__init__.py
[2026-04-22T07:47:02.127+0000] {processor.py:830} INFO - Processing file /opt/airflow/dags/__init__.py for tasks to queue
[2026-04-22T07:47:02.132+0000] {logging_mixin.py:188} INFO - [2026-04-22T07:47:02.131+0000] {dagbag.py:545} INFO - Filling up the DagBag from /opt/airflow/dags/__init__.py
[2026-04-22T07:47:02.181+0000] {processor.py:842} WARNING - No viable dags retrieved from /opt/airflow/dags/__init__.py
[2026-04-22T07:47:02.219+0000] {processor.py:183} INFO - Processing /opt/airflow/dags/__init__.py took 0.111 seconds
[2026-04-22T07:47:32.825+0000] {processor.py:161} INFO - Started process (PID=1563) to work on /opt/airflow/dags/__init__.py
[2026-04-22T07:47:32.828+0000] {processor.py:830} INFO - Processing file /opt/airflow/dags/__init__.py for tasks to queue
[2026-04-22T07:47:32.833+0000] {logging_mixin.py:188} INFO - [2026-04-22T07:47:32.832+0000] {dagbag.py:545} INFO - Filling up the DagBag from /opt/airflow/dags/__init__.py
[2026-04-22T07:47:32.898+0000] {processor.py:842} WARNING - No viable dags retrieved from /opt/airflow/dags/__init__.py
[2026-04-22T07:47:32.941+0000] {processor.py:183} INFO - Processing /opt/airflow/dags/__init__.py took 0.129 seconds
[2026-04-22T07:48:03.378+0000] {processor.py:161} INFO - Started process (PID=1580) to work on /opt/airflow/dags/__init__.py
[2026-04-22T07:48:03.382+0000] {processor.py:830} INFO - Processing file /opt/airflow/dags/__init__.py for tasks to queue
[2026-04-22T07:48:03.385+0000] {logging_mixin.py:188} INFO - [2026-04-22T07:48:03.385+0000] {dagbag.py:545} INFO - Filling up the DagBag from /opt/airflow/dags/__init__.py
[2026-04-22T07:48:03.425+0000] {processor.py:842} WARNING - No viable dags retrieved from /opt/airflow/dags/__init__.py
[2026-04-22T07:48:03.457+0000] {processor.py:183} INFO - Processing /opt/airflow/dags/__init__.py took 0.093 seconds
[2026-04-22T07:48:33.698+0000] {processor.py:161} INFO - Started process (PID=1597) to work on /opt/airflow/dags/__init__.py
[2026-04-22T07:48:33.700+0000] {processor.py:830} INFO - Processing file /opt/airflow/dags/__init__.py for tasks to queue
[2026-04-22T07:48:33.704+0000] {logging_mixin.py:188} INFO - [2026-04-22T07:48:33.704+0000] {dagbag.py:545} INFO - Filling up the DagBag from /opt/airflow/dags/__init__.py
[2026-04-22T07:48:33.759+0000] {processor.py:842} WARNING - No viable dags retrieved from /opt/airflow/dags/__init__.py
[2026-04-22T07:48:33.801+0000] {processor.py:183} INFO - Processing /opt/airflow/dags/__init__.py took 0.116 seconds
[2026-04-22T07:49:04.355+0000] {processor.py:161} INFO - Started process (PID=1612) to work on /opt/airflow/dags/__init__.py
[2026-04-22T07:49:04.359+0000] {processor.py:830} INFO - Processing file /opt/airflow/dags/__init__.py for tasks to queue
[2026-04-22T07:49:04.364+0000] {logging_mixin.py:188} INFO - [2026-04-22T07:49:04.363+0000] {dagbag.py:545} INFO - Filling up the DagBag from /opt/airflow/dags/__init__.py
[2026-04-22T07:49:04.433+0000] {processor.py:842} WARNING - No viable dags retrieved from /opt/airflow/dags/__init__.py
[2026-04-22T07:49:04.476+0000] {processor.py:183} INFO - Processing /opt/airflow/dags/__init__.py took 0.138 seconds
[2026-04-22T07:49:34.669+0000] {processor.py:161} INFO - Started process (PID=1627) to work on /opt/airflow/dags/__init__.py
[2026-04-22T07:49:34.672+0000] {processor.py:830} INFO - Processing file /opt/airflow/dags/__init__.py for tasks to queue
[2026-04-22T07:49:34.681+0000] {logging_mixin.py:188} INFO - [2026-04-22T07:49:34.680+0000] {dagbag.py:545} INFO - Filling up the DagBag from /opt/airflow/dags/__init__.py
[2026-04-22T07:49:34.747+0000] {processor.py:842} WARNING - No viable dags retrieved from /opt/airflow/dags/__init__.py
[2026-04-22T07:49:34.790+0000] {processor.py:183} INFO - Processing /opt/airflow/dags/__init__.py took 0.135 seconds
[2026-04-22T07:50:04.998+0000] {processor.py:161} INFO - Started process (PID=1644) to work on /opt/airflow/dags/__init__.py
[2026-04-22T07:50:05.001+0000] {processor.py:830} INFO - Processing file /opt/airflow/dags/__init__.py for tasks to queue
[2026-04-22T07:50:05.006+0000] {logging_mixin.py:188} INFO - [2026-04-22T07:50:05.006+0000] {dagbag.py:545} INFO - Filling up the DagBag from /opt/airflow/dags/__init__.py
[2026-04-22T07:50:05.062+0000] {processor.py:842} WARNING - No viable dags retrieved from /opt/airflow/dags/__init__.py
[2026-04-22T07:50:05.101+0000] {processor.py:183} INFO - Processing /opt/airflow/dags/__init__.py took 0.120 seconds
[2026-04-22T07:50:35.279+0000] {processor.py:161} INFO - Started process (PID=1662) to work on /opt/airflow/dags/__init__.py
[2026-04-22T07:50:35.283+0000] {processor.py:830} INFO - Processing file /opt/airflow/dags/__init__.py for tasks to queue
[2026-04-22T07:50:35.291+0000] {logging_mixin.py:188} INFO - [2026-04-22T07:50:35.289+0000] {dagbag.py:545} INFO - Filling up the DagBag from /opt/airflow/dags/__init__.py
[2026-04-22T07:50:35.324+0000] {processor.py:842} WARNING - No viable dags retrieved from /opt/airflow/dags/__init__.py
[2026-04-22T07:50:35.380+0000] {processor.py:183} INFO - Processing /opt/airflow/dags/__init__.py took 0.125 seconds
[2026-04-22T07:51:05.705+0000] {processor.py:161} INFO - Started process (PID=1672) to work on /opt/airflow/dags/__init__.py
[2026-04-22T07:51:05.707+0000] {processor.py:830} INFO - Processing file /opt/airflow/dags/__init__.py for tasks to queue
[2026-04-22T07:51:05.710+0000] {logging_mixin.py:188} INFO - [2026-04-22T07:51:05.710+0000] {dagbag.py:545} INFO - Filling up the DagBag from /opt/airflow/dags/__init__.py
[2026-04-22T07:51:05.767+0000] {processor.py:842} WARNING - No viable dags retrieved from /opt/airflow/dags/__init__.py
[2026-04-22T07:51:05.809+0000] {processor.py:183} INFO - Processing /opt/airflow/dags/__init__.py took 0.114 seconds
[2026-04-22T07:51:36.410+0000] {processor.py:161} INFO - Started process (PID=1690) to work on /opt/airflow/dags/__init__.py
[2026-04-22T07:51:36.413+0000] {processor.py:830} INFO - Processing file /opt/airflow/dags/__init__.py for tasks to queue
[2026-04-22T07:51:36.418+0000] {logging_mixin.py:188} INFO - [2026-04-22T07:51:36.418+0000] {dagbag.py:545} INFO - Filling up the DagBag from /opt/airflow/dags/__init__.py
[2026-04-22T07:51:36.468+0000] {processor.py:842} WARNING - No viable dags retrieved from /opt/airflow/dags/__init__.py
[2026-04-22T07:51:36.501+0000] {processor.py:183} INFO - Processing /opt/airflow/dags/__init__.py took 0.105 seconds
[2026-04-22T07:52:07.097+0000] {processor.py:161} INFO - Started process (PID=1707) to work on /opt/airflow/dags/__init__.py
[2026-04-22T07:52:07.100+0000] {processor.py:830} INFO - Processing file /opt/airflow/dags/__init__.py for tasks to queue
[2026-04-22T07:52:07.107+0000] {logging_mixin.py:188} INFO - [2026-04-22T07:52:07.105+0000] {dagbag.py:545} INFO - Filling up the DagBag from /opt/airflow/dags/__init__.py
[2026-04-22T07:52:07.171+0000] {processor.py:842} WARNING - No viable dags retrieved from /opt/airflow/dags/__init__.py
[2026-04-22T07:52:07.213+0000] {processor.py:183} INFO - Processing /opt/airflow/dags/__init__.py took 0.130 seconds
[2026-04-22T07:52:37.594+0000] {processor.py:161} INFO - Started process (PID=1724) to work on /opt/airflow/dags/__init__.py
[2026-04-22T07:52:37.597+0000] {processor.py:830} INFO - Processing file /opt/airflow/dags/__init__.py for tasks to queue
[2026-04-22T07:52:37.603+0000] {logging_mixin.py:188} INFO - [2026-04-22T07:52:37.603+0000] {dagbag.py:545} INFO - Filling up the DagBag from /opt/airflow/dags/__init__.py
[2026-04-22T07:52:37.656+0000] {processor.py:842} WARNING - No viable dags retrieved from /opt/airflow/dags/__init__.py
[2026-04-22T07:52:37.691+0000] {processor.py:183} INFO - Processing /opt/airflow/dags/__init__.py took 0.111 seconds
[2026-04-22T07:53:07.865+0000] {processor.py:161} INFO - Started process (PID=1741) to work on /opt/airflow/dags/__init__.py
[2026-04-22T07:53:07.868+0000] {processor.py:830} INFO - Processing file /opt/airflow/dags/__init__.py for tasks to queue
[2026-04-22T07:53:07.873+0000] {logging_mixin.py:188} INFO - [2026-04-22T07:53:07.872+0000] {dagbag.py:545} INFO - Filling up the DagBag from /opt/airflow/dags/__init__.py
[2026-04-22T07:53:07.927+0000] {processor.py:842} WARNING - No viable dags retrieved from /opt/airflow/dags/__init__.py
[2026-04-22T07:53:07.965+0000] {processor.py:183} INFO - Processing /opt/airflow/dags/__init__.py took 0.111 seconds
[2026-04-22T07:53:38.508+0000] {processor.py:161} INFO - Started process (PID=1758) to work on /opt/airflow/dags/__init__.py
[2026-04-22T07:53:38.510+0000] {processor.py:830} INFO - Processing file /opt/airflow/dags/__init__.py for tasks to queue
[2026-04-22T07:53:38.513+0000] {logging_mixin.py:188} INFO - [2026-04-22T07:53:38.513+0000] {dagbag.py:545} INFO - Filling up the DagBag from /opt/airflow/dags/__init__.py
[2026-04-22T07:53:38.550+0000] {processor.py:842} WARNING - No viable dags retrieved from /opt/airflow/dags/__init__.py
[2026-04-22T07:53:38.573+0000] {processor.py:183} INFO - Processing /opt/airflow/dags/__init__.py took 0.074 seconds
[2026-04-22T07:54:09.115+0000] {processor.py:161} INFO - Started process (PID=1775) to work on /opt/airflow/dags/__init__.py
[2026-04-22T07:54:09.117+0000] {processor.py:830} INFO - Processing file /opt/airflow/dags/__init__.py for tasks to queue
[2026-04-22T07:54:09.120+0000] {logging_mixin.py:188} INFO - [2026-04-22T07:54:09.119+0000] {dagbag.py:545} INFO - Filling up the DagBag from /opt/airflow/dags/__init__.py
[2026-04-22T07:54:09.155+0000] {processor.py:842} WARNING - No viable dags retrieved from /opt/airflow/dags/__init__.py
[2026-04-22T07:54:09.180+0000] {processor.py:183} INFO - Processing /opt/airflow/dags/__init__.py took 0.073 seconds
[2026-04-22T07:54:39.317+0000] {processor.py:161} INFO - Started process (PID=1792) to work on /opt/airflow/dags/__init__.py
[2026-04-22T07:54:39.319+0000] {processor.py:830} INFO - Processing file /opt/airflow/dags/__init__.py for tasks to queue
[2026-04-22T07:54:39.322+0000] {logging_mixin.py:188} INFO - [2026-04-22T07:54:39.322+0000] {dagbag.py:545} INFO - Filling up the DagBag from /opt/airflow/dags/__init__.py
[2026-04-22T07:54:39.359+0000] {processor.py:842} WARNING - No viable dags retrieved from /opt/airflow/dags/__init__.py
[2026-04-22T07:54:39.383+0000] {processor.py:183} INFO - Processing /opt/airflow/dags/__init__.py took 0.075 seconds
[2026-04-22T07:55:09.868+0000] {processor.py:161} INFO - Started process (PID=1809) to work on /opt/airflow/dags/__init__.py
[2026-04-22T07:55:09.870+0000] {processor.py:830} INFO - Processing file /opt/airflow/dags/__init__.py for tasks to queue
[2026-04-22T07:55:09.876+0000] {logging_mixin.py:188} INFO - [2026-04-22T07:55:09.875+0000] {dagbag.py:545} INFO - Filling up the DagBag from /opt/airflow/dags/__init__.py
[2026-04-22T07:55:10.087+0000] {processor.py:842} WARNING - No viable dags retrieved from /opt/airflow/dags/__init__.py
[2026-04-22T07:55:10.115+0000] {processor.py:183} INFO - Processing /opt/airflow/dags/__init__.py took 0.260 seconds
[2026-04-22T07:55:40.658+0000] {processor.py:161} INFO - Started process (PID=1819) to work on /opt/airflow/dags/__init__.py
[2026-04-22T07:55:40.661+0000] {processor.py:830} INFO - Processing file /opt/airflow/dags/__init__.py for tasks to queue
[2026-04-22T07:55:40.668+0000] {logging_mixin.py:188} INFO - [2026-04-22T07:55:40.667+0000] {dagbag.py:545} INFO - Filling up the DagBag from /opt/airflow/dags/__init__.py
[2026-04-22T07:55:40.716+0000] {processor.py:842} WARNING - No viable dags retrieved from /opt/airflow/dags/__init__.py
[2026-04-22T07:55:40.755+0000] {processor.py:183} INFO - Processing /opt/airflow/dags/__init__.py took 0.114 seconds
[2026-04-22T07:56:11.132+0000] {processor.py:161} INFO - Started process (PID=1836) to work on /opt/airflow/dags/__init__.py
[2026-04-22T07:56:11.135+0000] {processor.py:830} INFO - Processing file /opt/airflow/dags/__init__.py for tasks to queue
[2026-04-22T07:56:11.143+0000] {logging_mixin.py:188} INFO - [2026-04-22T07:56:11.142+0000] {dagbag.py:545} INFO - Filling up the DagBag from /opt/airflow/dags/__init__.py
[2026-04-22T07:56:11.207+0000] {processor.py:842} WARNING - No viable dags retrieved from /opt/airflow/dags/__init__.py
[2026-04-22T07:56:11.256+0000] {processor.py:183} INFO - Processing /opt/airflow/dags/__init__.py took 0.141 seconds
[2026-04-22T07:56:42.133+0000] {processor.py:161} INFO - Started process (PID=1853) to work on /opt/airflow/dags/__init__.py
[2026-04-22T07:56:42.138+0000] {processor.py:830} INFO - Processing file /opt/airflow/dags/__init__.py for tasks to queue
[2026-04-22T07:56:42.145+0000] {logging_mixin.py:188} INFO - [2026-04-22T07:56:42.144+0000] {dagbag.py:545} INFO - Filling up the DagBag from /opt/airflow/dags/__init__.py
[2026-04-22T07:56:42.229+0000] {processor.py:842} WARNING - No viable dags retrieved from /opt/airflow/dags/__init__.py
[2026-04-22T07:56:42.277+0000] {processor.py:183} INFO - Processing /opt/airflow/dags/__init__.py took 0.160 seconds
[2026-04-22T07:57:12.760+0000] {processor.py:161} INFO - Started process (PID=1870) to work on /opt/airflow/dags/__init__.py
[2026-04-22T07:57:12.763+0000] {processor.py:830} INFO - Processing file /opt/airflow/dags/__init__.py for tasks to queue
[2026-04-22T07:57:12.767+0000] {logging_mixin.py:188} INFO - [2026-04-22T07:57:12.766+0000] {dagbag.py:545} INFO - Filling up the DagBag from /opt/airflow/dags/__init__.py
[2026-04-22T07:57:12.820+0000] {processor.py:842} WARNING - No viable dags retrieved from /opt/airflow/dags/__init__.py
[2026-04-22T07:57:12.861+0000] {processor.py:183} INFO - Processing /opt/airflow/dags/__init__.py took 0.114 seconds
[2026-04-22T07:57:43.169+0000] {processor.py:161} INFO - Started process (PID=1887) to work on /opt/airflow/dags/__init__.py
[2026-04-22T07:57:43.173+0000] {processor.py:830} INFO - Processing file /opt/airflow/dags/__init__.py for tasks to queue
[2026-04-22T07:57:43.178+0000] {logging_mixin.py:188} INFO - [2026-04-22T07:57:43.178+0000] {dagbag.py:545} INFO - Filling up the DagBag from /opt/airflow/dags/__init__.py
[2026-04-22T07:57:43.237+0000] {processor.py:842} WARNING - No viable dags retrieved from /opt/airflow/dags/__init__.py
[2026-04-22T07:57:43.279+0000] {processor.py:183} INFO - Processing /opt/airflow/dags/__init__.py took 0.124 seconds
[2026-04-22T07:58:13.795+0000] {processor.py:161} INFO - Started process (PID=1904) to work on /opt/airflow/dags/__init__.py
[2026-04-22T07:58:13.798+0000] {processor.py:830} INFO - Processing file /opt/airflow/dags/__init__.py for tasks to queue
[2026-04-22T07:58:13.802+0000] {logging_mixin.py:188} INFO - [2026-04-22T07:58:13.801+0000] {dagbag.py:545} INFO - Filling up the DagBag from /opt/airflow/dags/__init__.py
[2026-04-22T07:58:13.915+0000] {processor.py:842} WARNING - No viable dags retrieved from /opt/airflow/dags/__init__.py
[2026-04-22T07:58:13.975+0000] {processor.py:183} INFO - Processing /opt/airflow/dags/__init__.py took 0.200 seconds
[2026-04-22T07:58:44.694+0000] {processor.py:161} INFO - Started process (PID=1921) to work on /opt/airflow/dags/__init__.py
[2026-04-22T07:58:44.696+0000] {processor.py:830} INFO - Processing file /opt/airflow/dags/__init__.py for tasks to queue
[2026-04-22T07:58:44.701+0000] {logging_mixin.py:188} INFO - [2026-04-22T07:58:44.700+0000] {dagbag.py:545} INFO - Filling up the DagBag from /opt/airflow/dags/__init__.py
[2026-04-22T07:58:44.736+0000] {processor.py:842} WARNING - No viable dags retrieved from /opt/airflow/dags/__init__.py
[2026-04-22T07:58:44.760+0000] {processor.py:183} INFO - Processing /opt/airflow/dags/__init__.py took 0.075 seconds
[2026-04-22T07:59:15.260+0000] {processor.py:161} INFO - Started process (PID=1938) to work on /opt/airflow/dags/__init__.py
[2026-04-22T07:59:15.262+0000] {processor.py:830} INFO - Processing file /opt/airflow/dags/__init__.py for tasks to queue
[2026-04-22T07:59:15.265+0000] {logging_mixin.py:188} INFO - [2026-04-22T07:59:15.264+0000] {dagbag.py:545} INFO - Filling up the DagBag from /opt/airflow/dags/__init__.py
[2026-04-22T07:59:15.294+0000] {processor.py:842} WARNING - No viable dags retrieved from /opt/airflow/dags/__init__.py
[2026-04-22T07:59:15.321+0000] {processor.py:183} INFO - Processing /opt/airflow/dags/__init__.py took 0.069 seconds
[2026-04-22T07:59:45.946+0000] {processor.py:161} INFO - Started process (PID=1955) to work on /opt/airflow/dags/__init__.py
[2026-04-22T07:59:45.948+0000] {processor.py:830} INFO - Processing file /opt/airflow/dags/__init__.py for tasks to queue
[2026-04-22T07:59:45.952+0000] {logging_mixin.py:188} INFO - [2026-04-22T07:59:45.951+0000] {dagbag.py:545} INFO - Filling up the DagBag from /opt/airflow/dags/__init__.py
[2026-04-22T07:59:45.974+0000] {processor.py:842} WARNING - No viable dags retrieved from /opt/airflow/dags/__init__.py
[2026-04-22T07:59:46.001+0000] {processor.py:183} INFO - Processing /opt/airflow/dags/__init__.py took 0.066 seconds
[2026-04-22T08:00:16.511+0000] {processor.py:161} INFO - Started process (PID=1965) to work on /opt/airflow/dags/__init__.py
[2026-04-22T08:00:16.513+0000] {processor.py:830} INFO - Processing file /opt/airflow/dags/__init__.py for tasks to queue
[2026-04-22T08:00:16.516+0000] {logging_mixin.py:188} INFO - [2026-04-22T08:00:16.516+0000] {dagbag.py:545} INFO - Filling up the DagBag from /opt/airflow/dags/__init__.py
[2026-04-22T08:00:16.539+0000] {processor.py:842} WARNING - No viable dags retrieved from /opt/airflow/dags/__init__.py
[2026-04-22T08:00:16.564+0000] {processor.py:183} INFO - Processing /opt/airflow/dags/__init__.py took 0.065 seconds
[2026-04-22T08:00:47.120+0000] {processor.py:161} INFO - Started process (PID=1982) to work on /opt/airflow/dags/__init__.py
[2026-04-22T08:00:47.122+0000] {processor.py:830} INFO - Processing file /opt/airflow/dags/__init__.py for tasks to queue
[2026-04-22T08:00:47.126+0000] {logging_mixin.py:188} INFO - [2026-04-22T08:00:47.125+0000] {dagbag.py:545} INFO - Filling up the DagBag from /opt/airflow/dags/__init__.py
[2026-04-22T08:00:47.151+0000] {processor.py:842} WARNING - No viable dags retrieved from /opt/airflow/dags/__init__.py
[2026-04-22T08:00:47.178+0000] {processor.py:183} INFO - Processing /opt/airflow/dags/__init__.py took 0.070 seconds
[2026-04-22T08:01:17.657+0000] {processor.py:161} INFO - Started process (PID=1999) to work on /opt/airflow/dags/__init__.py
[2026-04-22T08:01:17.659+0000] {processor.py:830} INFO - Processing file /opt/airflow/dags/__init__.py for tasks to queue
[2026-04-22T08:01:17.662+0000] {logging_mixin.py:188} INFO - [2026-04-22T08:01:17.661+0000] {dagbag.py:545} INFO - Filling up the DagBag from /opt/airflow/dags/__init__.py
[2026-04-22T08:01:17.693+0000] {processor.py:842} WARNING - No viable dags retrieved from /opt/airflow/dags/__init__.py
[2026-04-22T08:01:17.716+0000] {processor.py:183} INFO - Processing /opt/airflow/dags/__init__.py took 0.067 seconds
[2026-04-22T08:01:48.311+0000] {processor.py:161} INFO - Started process (PID=2015) to work on /opt/airflow/dags/__init__.py
[2026-04-22T08:01:48.315+0000] {processor.py:830} INFO - Processing file /opt/airflow/dags/__init__.py for tasks to queue
[2026-04-22T08:01:48.319+0000] {logging_mixin.py:188} INFO - [2026-04-22T08:01:48.319+0000] {dagbag.py:545} INFO - Filling up the DagBag from /opt/airflow/dags/__init__.py
[2026-04-22T08:01:48.387+0000] {processor.py:842} WARNING - No viable dags retrieved from /opt/airflow/dags/__init__.py
[2026-04-22T08:01:48.431+0000] {processor.py:183} INFO - Processing /opt/airflow/dags/__init__.py took 0.135 seconds
[2026-04-22T08:02:18.755+0000] {processor.py:161} INFO - Started process (PID=2032) to work on /opt/airflow/dags/__init__.py
[2026-04-22T08:02:18.758+0000] {processor.py:830} INFO - Processing file /opt/airflow/dags/__init__.py for tasks to queue
[2026-04-22T08:02:18.763+0000] {logging_mixin.py:188} INFO - [2026-04-22T08:02:18.762+0000] {dagbag.py:545} INFO - Filling up the DagBag from /opt/airflow/dags/__init__.py
[2026-04-22T08:02:18.821+0000] {processor.py:842} WARNING - No viable dags retrieved from /opt/airflow/dags/__init__.py
[2026-04-22T08:02:18.863+0000] {processor.py:183} INFO - Processing /opt/airflow/dags/__init__.py took 0.121 seconds
[2026-04-22T08:02:49.512+0000] {processor.py:161} INFO - Started process (PID=2049) to work on /opt/airflow/dags/__init__.py
[2026-04-22T08:02:49.515+0000] {processor.py:830} INFO - Processing file /opt/airflow/dags/__init__.py for tasks to queue
[2026-04-22T08:02:49.518+0000] {logging_mixin.py:188} INFO - [2026-04-22T08:02:49.518+0000] {dagbag.py:545} INFO - Filling up the DagBag from /opt/airflow/dags/__init__.py
[2026-04-22T08:02:49.571+0000] {processor.py:842} WARNING - No viable dags retrieved from /opt/airflow/dags/__init__.py
[2026-04-22T08:02:49.601+0000] {processor.py:183} INFO - Processing /opt/airflow/dags/__init__.py took 0.109 seconds
[2026-04-22T08:03:19.887+0000] {processor.py:161} INFO - Started process (PID=2066) to work on /opt/airflow/dags/__init__.py
[2026-04-22T08:03:19.890+0000] {processor.py:830} INFO - Processing file /opt/airflow/dags/__init__.py for tasks to queue
[2026-04-22T08:03:19.895+0000] {logging_mixin.py:188} INFO - [2026-04-22T08:03:19.894+0000] {dagbag.py:545} INFO - Filling up the DagBag from /opt/airflow/dags/__init__.py
[2026-04-22T08:03:19.938+0000] {processor.py:842} WARNING - No viable dags retrieved from /opt/airflow/dags/__init__.py
[2026-04-22T08:03:19.965+0000] {processor.py:183} INFO - Processing /opt/airflow/dags/__init__.py took 0.090 seconds
[2026-04-22T08:03:50.401+0000] {processor.py:161} INFO - Started process (PID=2083) to work on /opt/airflow/dags/__init__.py
[2026-04-22T08:03:50.405+0000] {processor.py:830} INFO - Processing file /opt/airflow/dags/__init__.py for tasks to queue
[2026-04-22T08:03:50.410+0000] {logging_mixin.py:188} INFO - [2026-04-22T08:03:50.409+0000] {dagbag.py:545} INFO - Filling up the DagBag from /opt/airflow/dags/__init__.py
[2026-04-22T08:03:50.463+0000] {processor.py:842} WARNING - No viable dags retrieved from /opt/airflow/dags/__init__.py
[2026-04-22T08:03:50.506+0000] {processor.py:183} INFO - Processing /opt/airflow/dags/__init__.py took 0.125 seconds
[2026-04-22T08:04:21.308+0000] {processor.py:161} INFO - Started process (PID=2093) to work on /opt/airflow/dags/__init__.py
[2026-04-22T08:04:21.311+0000] {processor.py:830} INFO - Processing file /opt/airflow/dags/__init__.py for tasks to queue
[2026-04-22T08:04:21.316+0000] {logging_mixin.py:188} INFO - [2026-04-22T08:04:21.315+0000] {dagbag.py:545} INFO - Filling up the DagBag from /opt/airflow/dags/__init__.py
[2026-04-22T08:04:21.380+0000] {processor.py:842} WARNING - No viable dags retrieved from /opt/airflow/dags/__init__.py
[2026-04-22T08:04:21.422+0000] {processor.py:183} INFO - Processing /opt/airflow/dags/__init__.py took 0.128 seconds
[2026-04-22T08:04:52.046+0000] {processor.py:161} INFO - Started process (PID=2110) to work on /opt/airflow/dags/__init__.py
[2026-04-22T08:04:52.049+0000] {processor.py:830} INFO - Processing file /opt/airflow/dags/__init__.py for tasks to queue
[2026-04-22T08:04:52.054+0000] {logging_mixin.py:188} INFO - [2026-04-22T08:04:52.053+0000] {dagbag.py:545} INFO - Filling up the DagBag from /opt/airflow/dags/__init__.py
[2026-04-22T08:04:52.121+0000] {processor.py:842} WARNING - No viable dags retrieved from /opt/airflow/dags/__init__.py
[2026-04-22T08:04:52.165+0000] {processor.py:183} INFO - Processing /opt/airflow/dags/__init__.py took 0.131 seconds
[2026-04-22T08:05:22.826+0000] {processor.py:161} INFO - Started process (PID=2127) to work on /opt/airflow/dags/__init__.py
[2026-04-22T08:05:22.828+0000] {processor.py:830} INFO - Processing file /opt/airflow/dags/__init__.py for tasks to queue
[2026-04-22T08:05:22.833+0000] {logging_mixin.py:188} INFO - [2026-04-22T08:05:22.833+0000] {dagbag.py:545} INFO - Filling up the DagBag from /opt/airflow/dags/__init__.py
[2026-04-22T08:05:22.862+0000] {processor.py:842} WARNING - No viable dags retrieved from /opt/airflow/dags/__init__.py
[2026-04-22T08:05:22.889+0000] {processor.py:183} INFO - Processing /opt/airflow/dags/__init__.py took 0.072 seconds
[2026-04-22T08:05:53.408+0000] {processor.py:161} INFO - Started process (PID=2145) to work on /opt/airflow/dags/__init__.py
[2026-04-22T08:05:53.410+0000] {processor.py:830} INFO - Processing file /opt/airflow/dags/__init__.py for tasks to queue
[2026-04-22T08:05:53.415+0000] {logging_mixin.py:188} INFO - [2026-04-22T08:05:53.414+0000] {dagbag.py:545} INFO - Filling up the DagBag from /opt/airflow/dags/__init__.py
[2026-04-22T08:05:53.467+0000] {processor.py:842} WARNING - No viable dags retrieved from /opt/airflow/dags/__init__.py
[2026-04-22T08:05:53.495+0000] {processor.py:183} INFO - Processing /opt/airflow/dags/__init__.py took 0.096 seconds
[2026-04-22T08:06:23.606+0000] {processor.py:161} INFO - Started process (PID=2162) to work on /opt/airflow/dags/__init__.py
[2026-04-22T08:06:23.608+0000] {processor.py:830} INFO - Processing file /opt/airflow/dags/__init__.py for tasks to queue
[2026-04-22T08:06:23.610+0000] {logging_mixin.py:188} INFO - [2026-04-22T08:06:23.610+0000] {dagbag.py:545} INFO - Filling up the DagBag from /opt/airflow/dags/__init__.py
[2026-04-22T08:06:23.649+0000] {processor.py:842} WARNING - No viable dags retrieved from /opt/airflow/dags/__init__.py
[2026-04-22T08:06:23.668+0000] {processor.py:183} INFO - Processing /opt/airflow/dags/__init__.py took 0.071 seconds
[2026-04-22T08:06:54.271+0000] {processor.py:161} INFO - Started process (PID=2179) to work on /opt/airflow/dags/__init__.py
[2026-04-22T08:06:54.275+0000] {processor.py:830} INFO - Processing file /opt/airflow/dags/__init__.py for tasks to queue
[2026-04-22T08:06:54.277+0000] {logging_mixin.py:188} INFO - [2026-04-22T08:06:54.277+0000] {dagbag.py:545} INFO - Filling up the DagBag from /opt/airflow/dags/__init__.py
[2026-04-22T08:06:54.307+0000] {processor.py:842} WARNING - No viable dags retrieved from /opt/airflow/dags/__init__.py
[2026-04-22T08:06:54.329+0000] {processor.py:183} INFO - Processing /opt/airflow/dags/__init__.py took 0.071 seconds
[2026-04-22T08:07:24.928+0000] {processor.py:161} INFO - Started process (PID=2196) to work on /opt/airflow/dags/__init__.py
[2026-04-22T08:07:24.930+0000] {processor.py:830} INFO - Processing file /opt/airflow/dags/__init__.py for tasks to queue
[2026-04-22T08:07:24.934+0000] {logging_mixin.py:188} INFO - [2026-04-22T08:07:24.934+0000] {dagbag.py:545} INFO - Filling up the DagBag from /opt/airflow/dags/__init__.py
[2026-04-22T08:07:24.998+0000] {processor.py:842} WARNING - No viable dags retrieved from /opt/airflow/dags/__init__.py
[2026-04-22T08:07:25.034+0000] {processor.py:183} INFO - Processing /opt/airflow/dags/__init__.py took 0.119 seconds
[2026-04-22T08:07:55.152+0000] {processor.py:161} INFO - Started process (PID=2213) to work on /opt/airflow/dags/__init__.py
[2026-04-22T08:07:55.156+0000] {processor.py:830} INFO - Processing file /opt/airflow/dags/__init__.py for tasks to queue
[2026-04-22T08:07:55.161+0000] {logging_mixin.py:188} INFO - [2026-04-22T08:07:55.160+0000] {dagbag.py:545} INFO - Filling up the DagBag from /opt/airflow/dags/__init__.py
[2026-04-22T08:07:55.196+0000] {processor.py:842} WARNING - No viable dags retrieved from /opt/airflow/dags/__init__.py
[2026-04-22T08:07:55.219+0000] {processor.py:183} INFO - Processing /opt/airflow/dags/__init__.py took 0.079 seconds
[2026-04-22T08:08:25.713+0000] {processor.py:161} INFO - Started process (PID=2230) to work on /opt/airflow/dags/__init__.py
[2026-04-22T08:08:25.717+0000] {processor.py:830} INFO - Processing file /opt/airflow/dags/__init__.py for tasks to queue
[2026-04-22T08:08:25.723+0000] {logging_mixin.py:188} INFO - [2026-04-22T08:08:25.722+0000] {dagbag.py:545} INFO - Filling up the DagBag from /opt/airflow/dags/__init__.py
[2026-04-22T08:08:25.774+0000] {processor.py:842} WARNING - No viable dags retrieved from /opt/airflow/dags/__init__.py
[2026-04-22T08:08:25.809+0000] {processor.py:183} INFO - Processing /opt/airflow/dags/__init__.py took 0.108 seconds
[2026-04-22T08:08:56.024+0000] {processor.py:161} INFO - Started process (PID=2247) to work on /opt/airflow/dags/__init__.py
[2026-04-22T08:08:56.026+0000] {processor.py:830} INFO - Processing file /opt/airflow/dags/__init__.py for tasks to queue
[2026-04-22T08:08:56.030+0000] {logging_mixin.py:188} INFO - [2026-04-22T08:08:56.029+0000] {dagbag.py:545} INFO - Filling up the DagBag from /opt/airflow/dags/__init__.py
[2026-04-22T08:08:56.067+0000] {processor.py:842} WARNING - No viable dags retrieved from /opt/airflow/dags/__init__.py
[2026-04-22T08:08:56.098+0000] {processor.py:183} INFO - Processing /opt/airflow/dags/__init__.py took 0.086 seconds
[2026-04-22T08:09:26.293+0000] {processor.py:161} INFO - Started process (PID=2264) to work on /opt/airflow/dags/__init__.py
[2026-04-22T08:09:26.295+0000] {processor.py:830} INFO - Processing file /opt/airflow/dags/__init__.py for tasks to queue
[2026-04-22T08:09:26.297+0000] {logging_mixin.py:188} INFO - [2026-04-22T08:09:26.297+0000] {dagbag.py:545} INFO - Filling up the DagBag from /opt/airflow/dags/__init__.py
[2026-04-22T08:09:26.327+0000] {processor.py:842} WARNING - No viable dags retrieved from /opt/airflow/dags/__init__.py
[2026-04-22T08:09:26.346+0000] {processor.py:183} INFO - Processing /opt/airflow/dags/__init__.py took 0.061 seconds
[2026-04-22T08:09:56.873+0000] {processor.py:161} INFO - Started process (PID=2274) to work on /opt/airflow/dags/__init__.py
[2026-04-22T08:09:56.876+0000] {processor.py:830} INFO - Processing file /opt/airflow/dags/__init__.py for tasks to queue
[2026-04-22T08:09:56.883+0000] {logging_mixin.py:188} INFO - [2026-04-22T08:09:56.882+0000] {dagbag.py:545} INFO - Filling up the DagBag from /opt/airflow/dags/__init__.py
[2026-04-22T08:09:56.924+0000] {processor.py:842} WARNING - No viable dags retrieved from /opt/airflow/dags/__init__.py
[2026-04-22T08:09:56.961+0000] {processor.py:183} INFO - Processing /opt/airflow/dags/__init__.py took 0.099 seconds
[2026-04-22T08:10:27.093+0000] {processor.py:161} INFO - Started process (PID=2291) to work on /opt/airflow/dags/__init__.py
[2026-04-22T08:10:27.094+0000] {processor.py:830} INFO - Processing file /opt/airflow/dags/__init__.py for tasks to queue
[2026-04-22T08:10:27.098+0000] {logging_mixin.py:188} INFO - [2026-04-22T08:10:27.098+0000] {dagbag.py:545} INFO - Filling up the DagBag from /opt/airflow/dags/__init__.py
[2026-04-22T08:10:27.148+0000] {processor.py:842} WARNING - No viable dags retrieved from /opt/airflow/dags/__init__.py
[2026-04-22T08:10:27.183+0000] {processor.py:183} INFO - Processing /opt/airflow/dags/__init__.py took 0.099 seconds
[2026-04-22T08:10:57.714+0000] {processor.py:161} INFO - Started process (PID=2308) to work on /opt/airflow/dags/__init__.py
[2026-04-22T08:10:57.716+0000] {processor.py:830} INFO - Processing file /opt/airflow/dags/__init__.py for tasks to queue
[2026-04-22T08:10:57.720+0000] {logging_mixin.py:188} INFO - [2026-04-22T08:10:57.720+0000] {dagbag.py:545} INFO - Filling up the DagBag from /opt/airflow/dags/__init__.py
[2026-04-22T08:10:57.756+0000] {processor.py:842} WARNING - No viable dags retrieved from /opt/airflow/dags/__init__.py
[2026-04-22T08:10:57.786+0000] {processor.py:183} INFO - Processing /opt/airflow/dags/__init__.py took 0.080 seconds
[2026-04-22T08:11:27.957+0000] {processor.py:161} INFO - Started process (PID=2325) to work on /opt/airflow/dags/__init__.py
[2026-04-22T08:11:27.961+0000] {processor.py:830} INFO - Processing file /opt/airflow/dags/__init__.py for tasks to queue
[2026-04-22T08:11:27.965+0000] {logging_mixin.py:188} INFO - [2026-04-22T08:11:27.964+0000] {dagbag.py:545} INFO - Filling up the DagBag from /opt/airflow/dags/__init__.py
[2026-04-22T08:11:28.033+0000] {processor.py:842} WARNING - No viable dags retrieved from /opt/airflow/dags/__init__.py
[2026-04-22T08:11:28.074+0000] {processor.py:183} INFO - Processing /opt/airflow/dags/__init__.py took 0.129 seconds
[2026-04-22T08:11:58.547+0000] {processor.py:161} INFO - Started process (PID=2342) to work on /opt/airflow/dags/__init__.py
[2026-04-22T08:11:58.550+0000] {processor.py:830} INFO - Processing file /opt/airflow/dags/__init__.py for tasks to queue
[2026-04-22T08:11:58.554+0000] {logging_mixin.py:188} INFO - [2026-04-22T08:11:58.554+0000] {dagbag.py:545} INFO - Filling up the DagBag from /opt/airflow/dags/__init__.py
[2026-04-22T08:11:58.616+0000] {processor.py:842} WARNING - No viable dags retrieved from /opt/airflow/dags/__init__.py
[2026-04-22T08:11:58.653+0000] {processor.py:183} INFO - Processing /opt/airflow/dags/__init__.py took 0.117 seconds
[2026-04-22T08:12:28.836+0000] {processor.py:161} INFO - Started process (PID=2359) to work on /opt/airflow/dags/__init__.py
[2026-04-22T08:12:28.838+0000] {processor.py:830} INFO - Processing file /opt/airflow/dags/__init__.py for tasks to queue
[2026-04-22T08:12:28.843+0000] {logging_mixin.py:188} INFO - [2026-04-22T08:12:28.842+0000] {dagbag.py:545} INFO - Filling up the DagBag from /opt/airflow/dags/__init__.py
[2026-04-22T08:12:28.904+0000] {processor.py:842} WARNING - No viable dags retrieved from /opt/airflow/dags/__init__.py
[2026-04-22T08:12:28.948+0000] {processor.py:183} INFO - Processing /opt/airflow/dags/__init__.py took 0.122 seconds
[2026-04-22T08:12:59.448+0000] {processor.py:161} INFO - Started process (PID=2376) to work on /opt/airflow/dags/__init__.py
[2026-04-22T08:12:59.451+0000] {processor.py:830} INFO - Processing file /opt/airflow/dags/__init__.py for tasks to queue
[2026-04-22T08:12:59.455+0000] {logging_mixin.py:188} INFO - [2026-04-22T08:12:59.454+0000] {dagbag.py:545} INFO - Filling up the DagBag from /opt/airflow/dags/__init__.py
[2026-04-22T08:12:59.506+0000] {processor.py:842} WARNING - No viable dags retrieved from /opt/airflow/dags/__init__.py
[2026-04-22T08:12:59.541+0000] {processor.py:183} INFO - Processing /opt/airflow/dags/__init__.py took 0.104 seconds
[2026-04-22T08:13:30.044+0000] {processor.py:161} INFO - Started process (PID=2393) to work on /opt/airflow/dags/__init__.py
[2026-04-22T08:13:30.046+0000] {processor.py:830} INFO - Processing file /opt/airflow/dags/__init__.py for tasks to queue
[2026-04-22T08:13:30.048+0000] {logging_mixin.py:188} INFO - [2026-04-22T08:13:30.048+0000] {dagbag.py:545} INFO - Filling up the DagBag from /opt/airflow/dags/__init__.py
[2026-04-22T08:13:30.065+0000] {processor.py:842} WARNING - No viable dags retrieved from /opt/airflow/dags/__init__.py
[2026-04-22T08:13:30.083+0000] {processor.py:183} INFO - Processing /opt/airflow/dags/__init__.py took 0.046 seconds
