[2026-04-16T06:36:29.587+0000] {local_task_job_runner.py:120} INFO - ::group::Pre task execution logs
[2026-04-16T06:36:29.647+0000] {taskinstance.py:2076} INFO - Dependencies all met for dep_context=non-requeueable deps ti=<TaskInstance: weather_etl_pipeline_v2.transform_clean manual__2026-04-16T06:36:21+00:00 [queued]>
[2026-04-16T06:36:29.661+0000] {taskinstance.py:2076} INFO - Dependencies all met for dep_context=requeueable deps ti=<TaskInstance: weather_etl_pipeline_v2.transform_clean manual__2026-04-16T06:36:21+00:00 [queued]>
[2026-04-16T06:36:29.662+0000] {taskinstance.py:2306} INFO - Starting attempt 1 of 3
[2026-04-16T06:36:29.691+0000] {taskinstance.py:2330} INFO - Executing <Task(PythonOperator): transform_clean> on 2026-04-16 06:36:21+00:00
[2026-04-16T06:36:29.702+0000] {logging_mixin.py:188} WARNING - /home/airflow/.local/lib/python3.12/site-packages/airflow/task/task_runner/standard_task_runner.py:62 DeprecationWarning: This process (pid=1781) is multi-threaded, use of fork() may lead to deadlocks in the child.
[2026-04-16T06:36:29.701+0000] {standard_task_runner.py:90} INFO - Running: ['airflow', 'tasks', 'run', 'weather_etl_pipeline_v2', 'transform_clean', 'manual__2026-04-16T06:36:21+00:00', '--job-id', '42', '--raw', '--subdir', 'DAGS_FOLDER/weather_etl_dag_v2.py', '--cfg-path', '/tmp/tmp5qqp6dfi']
[2026-04-16T06:36:29.704+0000] {standard_task_runner.py:64} INFO - Started process 1782 to run task
[2026-04-16T06:36:29.704+0000] {standard_task_runner.py:91} INFO - Job 42: Subtask transform_clean
[2026-04-16T06:36:29.777+0000] {task_command.py:426} INFO - Running <TaskInstance: weather_etl_pipeline_v2.transform_clean manual__2026-04-16T06:36:21+00:00 [running]> on host cf9362e38fb8
[2026-04-16T06:36:29.909+0000] {taskinstance.py:2648} INFO - Exporting env vars: AIRFLOW_CTX_DAG_OWNER='weather_etl' AIRFLOW_CTX_DAG_ID='weather_etl_pipeline_v2' AIRFLOW_CTX_TASK_ID='transform_clean' AIRFLOW_CTX_EXECUTION_DATE='2026-04-16T06:36:21+00:00' AIRFLOW_CTX_TRY_NUMBER='1' AIRFLOW_CTX_DAG_RUN_ID='manual__2026-04-16T06:36:21+00:00'
[2026-04-16T06:36:29.911+0000] {taskinstance.py:430} INFO - ::endgroup::
[2026-04-16T06:36:29.933+0000] {weather_etl_dag_v2.py:177} INFO - ============================================================
[2026-04-16T06:36:29.936+0000] {weather_etl_dag_v2.py:178} INFO - TASK: TRANSFORM_CLEAN — Transform & load validated data
[2026-04-16T06:36:29.938+0000] {weather_etl_dag_v2.py:179} INFO - ============================================================
[2026-04-16T06:36:29.972+0000] {logging_mixin.py:188} WARNING - 2026-04-16 06:36:29 - scripts.load_raw - INFO - Successfully connected to PostgreSQL database
[2026-04-16T06:36:29.970+0000] {load_raw.py:38} INFO - Successfully connected to PostgreSQL database
[2026-04-16T06:36:29.980+0000] {logging_mixin.py:188} WARNING - 2026-04-16 06:36:29 - scripts.load_raw - INFO - Retrieved 34 unprocessed raw records (active only)
[2026-04-16T06:36:29.979+0000] {load_raw.py:232} INFO - Retrieved 34 unprocessed raw records (active only)
[2026-04-16T06:36:29.984+0000] {logging_mixin.py:188} WARNING - 2026-04-16 06:36:29 - scripts.load_raw - INFO - Database connection closed
[2026-04-16T06:36:29.983+0000] {load_raw.py:53} INFO - Database connection closed
[2026-04-16T06:36:29.988+0000] {logging_mixin.py:188} WARNING - 2026-04-16 06:36:29 - scripts.load_clean - INFO - Starting transformation and load for 34 raw records
[2026-04-16T06:36:29.987+0000] {load_clean.py:210} INFO - Starting transformation and load for 34 raw records
[2026-04-16T06:36:30.003+0000] {logging_mixin.py:188} WARNING - 2026-04-16 06:36:30 - scripts.load_clean - INFO - Successfully connected to PostgreSQL database
[2026-04-16T06:36:30.002+0000] {load_clean.py:41} INFO - Successfully connected to PostgreSQL database
[2026-04-16T06:36:30.010+0000] {logging_mixin.py:188} WARNING - 2026-04-16 06:36:30 - scripts.load_clean - INFO - Table 'weather_clean' created or already exists
[2026-04-16T06:36:30.008+0000] {load_clean.py:109} INFO - Table 'weather_clean' created or already exists
[2026-04-16T06:36:30.083+0000] {logging_mixin.py:188} WARNING - 2026-04-16 06:36:30 - scripts.load_clean - INFO - Marked 34 raw records as processed
[2026-04-16T06:36:30.083+0000] {load_clean.py:293} INFO - Marked 34 raw records as processed
[2026-04-16T06:36:30.086+0000] {logging_mixin.py:188} WARNING - 2026-04-16 06:36:30 - scripts.load_clean - INFO - Clean data load complete: 34 transformed, 34 validated, 34 loaded, 0 failed
[2026-04-16T06:36:30.085+0000] {load_clean.py:265} INFO - Clean data load complete: 34 transformed, 34 validated, 34 loaded, 0 failed
[2026-04-16T06:36:30.089+0000] {logging_mixin.py:188} WARNING - 2026-04-16 06:36:30 - scripts.load_clean - INFO - Database connection closed
[2026-04-16T06:36:30.087+0000] {load_clean.py:56} INFO - Database connection closed
[2026-04-16T06:36:30.114+0000] {weather_etl_dag_v2.py:193} INFO - ✓ Transform complete: 34 loaded, 0 failed (will be checked in quality_check)
[2026-04-16T06:36:30.116+0000] {python.py:237} INFO - Done. Returned value was: 34
[2026-04-16T06:36:30.117+0000] {taskinstance.py:441} INFO - ::group::Post task execution logs
[2026-04-16T06:36:30.147+0000] {taskinstance.py:1206} INFO - Marking task as SUCCESS. dag_id=weather_etl_pipeline_v2, task_id=transform_clean, run_id=manual__2026-04-16T06:36:21+00:00, execution_date=20260416T063621, start_date=20260416T063629, end_date=20260416T063630
[2026-04-16T06:36:30.201+0000] {local_task_job_runner.py:243} INFO - Task exited with return code 0
[2026-04-16T06:36:30.215+0000] {local_task_job_runner.py:222} INFO - ::endgroup::
