[2026-04-16T12:03:13.328+0000] {local_task_job_runner.py:120} INFO - ::group::Pre task execution logs
[2026-04-16T12:03:13.379+0000] {taskinstance.py:2076} INFO - Dependencies all met for dep_context=non-requeueable deps ti=<TaskInstance: weather_etl_pipeline_v2.quality_check manual__2026-04-16T12:03:03.198337+00:00 [queued]>
[2026-04-16T12:03:13.393+0000] {taskinstance.py:2076} INFO - Dependencies all met for dep_context=requeueable deps ti=<TaskInstance: weather_etl_pipeline_v2.quality_check manual__2026-04-16T12:03:03.198337+00:00 [queued]>
[2026-04-16T12:03:13.394+0000] {taskinstance.py:2306} INFO - Starting attempt 1 of 3
[2026-04-16T12:03:13.413+0000] {taskinstance.py:2330} INFO - Executing <Task(PythonOperator): quality_check> on 2026-04-16 12:03:03.198337+00:00
[2026-04-16T12:03:13.421+0000] {standard_task_runner.py:90} INFO - Running: ['airflow', 'tasks', 'run', 'weather_etl_pipeline_v2', 'quality_check', 'manual__2026-04-16T12:03:03.198337+00:00', '--job-id', '101', '--raw', '--subdir', 'DAGS_FOLDER/weather_etl_dag_v2.py', '--cfg-path', '/tmp/tmpzpbohcii']
[2026-04-16T12:03:13.423+0000] {logging_mixin.py:188} WARNING - /home/airflow/.local/lib/python3.12/site-packages/airflow/task/task_runner/standard_task_runner.py:62 DeprecationWarning: This process (pid=364) is multi-threaded, use of fork() may lead to deadlocks in the child.
[2026-04-16T12:03:13.424+0000] {standard_task_runner.py:91} INFO - Job 101: Subtask quality_check
[2026-04-16T12:03:13.425+0000] {standard_task_runner.py:64} INFO - Started process 365 to run task
[2026-04-16T12:03:13.492+0000] {task_command.py:426} INFO - Running <TaskInstance: weather_etl_pipeline_v2.quality_check manual__2026-04-16T12:03:03.198337+00:00 [running]> on host 88d0b309bcf7
[2026-04-16T12:03:13.618+0000] {taskinstance.py:2648} INFO - Exporting env vars: AIRFLOW_CTX_DAG_OWNER='weather_etl' AIRFLOW_CTX_DAG_ID='weather_etl_pipeline_v2' AIRFLOW_CTX_TASK_ID='quality_check' AIRFLOW_CTX_EXECUTION_DATE='2026-04-16T12:03:03.198337+00:00' AIRFLOW_CTX_TRY_NUMBER='1' AIRFLOW_CTX_DAG_RUN_ID='manual__2026-04-16T12:03:03.198337+00:00'
[2026-04-16T12:03:13.619+0000] {taskinstance.py:430} INFO - ::endgroup::
[2026-04-16T12:03:13.637+0000] {weather_etl_dag_v2.py:214} INFO - ============================================================
[2026-04-16T12:03:13.639+0000] {weather_etl_dag_v2.py:215} INFO - TASK: QUALITY_CHECK — Validating clean data quality
[2026-04-16T12:03:13.641+0000] {weather_etl_dag_v2.py:216} INFO - ============================================================
[2026-04-16T12:03:13.657+0000] {logging_mixin.py:188} WARNING - 2026-04-16 12:03:13 - scripts.validate - INFO - Starting data quality validation for 47 records
[2026-04-16T12:03:13.657+0000] {validate.py:201} INFO - Starting data quality validation for 47 records
[2026-04-16T12:03:13.663+0000] {logging_mixin.py:188} WARNING - 2026-04-16 12:03:13 - scripts.validate - INFO - Validation complete: 47 valid, 0 invalid (100.0% pass rate)
[2026-04-16T12:03:13.660+0000] {validate.py:228} INFO - Validation complete: 47 valid, 0 invalid (100.0% pass rate)
[2026-04-16T12:03:13.665+0000] {weather_etl_dag_v2.py:261} INFO - ✓ Quality check: 100.0% pass rate (47/47)
[2026-04-16T12:03:13.684+0000] {python.py:237} INFO - Done. Returned value was: 100.0
[2026-04-16T12:03:13.685+0000] {taskinstance.py:441} INFO - ::group::Post task execution logs
[2026-04-16T12:03:13.716+0000] {taskinstance.py:1206} INFO - Marking task as SUCCESS. dag_id=weather_etl_pipeline_v2, task_id=quality_check, run_id=manual__2026-04-16T12:03:03.198337+00:00, execution_date=20260416T120303, start_date=20260416T120313, end_date=20260416T120313
[2026-04-16T12:03:13.762+0000] {local_task_job_runner.py:243} INFO - Task exited with return code 0
[2026-04-16T12:03:13.803+0000] {taskinstance.py:3503} INFO - 1 downstream tasks scheduled from follow-on schedule check
[2026-04-16T12:03:13.807+0000] {local_task_job_runner.py:222} INFO - ::endgroup::
