[2026-04-10T13:35:25.700+0000] {local_task_job_runner.py:120} INFO - ::group::Pre task execution logs
[2026-04-10T13:35:25.740+0000] {taskinstance.py:2076} INFO - Dependencies all met for dep_context=non-requeueable deps ti=<TaskInstance: weather_etl_pipeline_v2.extract manual__2026-04-10T13:35:22.874361+00:00 [queued]>
[2026-04-10T13:35:25.751+0000] {taskinstance.py:2076} INFO - Dependencies all met for dep_context=requeueable deps ti=<TaskInstance: weather_etl_pipeline_v2.extract manual__2026-04-10T13:35:22.874361+00:00 [queued]>
[2026-04-10T13:35:25.753+0000] {taskinstance.py:2306} INFO - Starting attempt 1 of 4
[2026-04-10T13:35:25.770+0000] {taskinstance.py:2330} INFO - Executing <Task(PythonOperator): extract> on 2026-04-10 13:35:22.874361+00:00
[2026-04-10T13:35:25.779+0000] {standard_task_runner.py:90} INFO - Running: ['airflow', 'tasks', 'run', 'weather_etl_pipeline_v2', 'extract', 'manual__2026-04-10T13:35:22.874361+00:00', '--job-id', '61', '--raw', '--subdir', 'DAGS_FOLDER/weather_etl_dag_v2.py', '--cfg-path', '/tmp/tmppc5ykklr']
[2026-04-10T13:35:25.782+0000] {standard_task_runner.py:91} INFO - Job 61: Subtask extract
[2026-04-10T13:35:25.785+0000] {logging_mixin.py:188} WARNING - /home/airflow/.local/lib/python3.12/site-packages/airflow/task/task_runner/standard_task_runner.py:62 DeprecationWarning: This process (pid=303) is multi-threaded, use of fork() may lead to deadlocks in the child.
[2026-04-10T13:35:25.787+0000] {standard_task_runner.py:64} INFO - Started process 304 to run task
[2026-04-10T13:35:25.859+0000] {task_command.py:426} INFO - Running <TaskInstance: weather_etl_pipeline_v2.extract manual__2026-04-10T13:35:22.874361+00:00 [running]> on host e69da4fb5dc4
[2026-04-10T13:35:25.988+0000] {taskinstance.py:2648} INFO - Exporting env vars: AIRFLOW_CTX_DAG_OWNER='weather_etl' AIRFLOW_CTX_DAG_ID='weather_etl_pipeline_v2' AIRFLOW_CTX_TASK_ID='extract' AIRFLOW_CTX_EXECUTION_DATE='2026-04-10T13:35:22.874361+00:00' AIRFLOW_CTX_TRY_NUMBER='1' AIRFLOW_CTX_DAG_RUN_ID='manual__2026-04-10T13:35:22.874361+00:00'
[2026-04-10T13:35:25.990+0000] {taskinstance.py:430} INFO - ::endgroup::
[2026-04-10T13:35:26.004+0000] {weather_etl_dag_v2.py:66} INFO - ============================================================
[2026-04-10T13:35:26.006+0000] {weather_etl_dag_v2.py:67} INFO - TASK: EXTRACT - Fetching weather data from API
[2026-04-10T13:35:26.009+0000] {weather_etl_dag_v2.py:68} INFO - ============================================================
[2026-04-10T13:35:26.017+0000] {logging_mixin.py:188} WARNING - 2026-04-10 13:35:26 - scripts.extract - INFO - Starting extraction for cities: London, New York, Tokyo, Paris, Sydney
[2026-04-10T13:35:26.016+0000] {extract.py:126} INFO - Starting extraction for cities: London, New York, Tokyo, Paris, Sydney
[2026-04-10T13:35:26.021+0000] {logging_mixin.py:188} WARNING - 2026-04-10 13:35:26 - scripts.extract - INFO - Starting extraction for 5 cities
[2026-04-10T13:35:26.020+0000] {extract.py:96} INFO - Starting extraction for 5 cities
[2026-04-10T13:35:26.023+0000] {logging_mixin.py:188} WARNING - 2026-04-10 13:35:26 - scripts.extract - INFO - Fetching weather data for London (attempt 1/3)
[2026-04-10T13:35:26.023+0000] {extract.py:47} INFO - Fetching weather data for London (attempt 1/3)
[2026-04-10T13:35:26.236+0000] {logging_mixin.py:188} WARNING - 2026-04-10 13:35:26 - scripts.extract - INFO - Successfully fetched data for London
[2026-04-10T13:35:26.235+0000] {extract.py:53} INFO - Successfully fetched data for London
[2026-04-10T13:35:26.238+0000] {logging_mixin.py:188} WARNING - 2026-04-10 13:35:26 - scripts.extract - INFO - Fetching weather data for New York (attempt 1/3)
[2026-04-10T13:35:26.238+0000] {extract.py:47} INFO - Fetching weather data for New York (attempt 1/3)
[2026-04-10T13:35:26.399+0000] {logging_mixin.py:188} WARNING - 2026-04-10 13:35:26 - scripts.extract - INFO - Successfully fetched data for New York
[2026-04-10T13:35:26.398+0000] {extract.py:53} INFO - Successfully fetched data for New York
[2026-04-10T13:35:26.402+0000] {logging_mixin.py:188} WARNING - 2026-04-10 13:35:26 - scripts.extract - INFO - Fetching weather data for Tokyo (attempt 1/3)
[2026-04-10T13:35:26.402+0000] {extract.py:47} INFO - Fetching weather data for Tokyo (attempt 1/3)
[2026-04-10T13:35:26.564+0000] {logging_mixin.py:188} WARNING - 2026-04-10 13:35:26 - scripts.extract - INFO - Successfully fetched data for Tokyo
[2026-04-10T13:35:26.564+0000] {extract.py:53} INFO - Successfully fetched data for Tokyo
[2026-04-10T13:35:26.567+0000] {logging_mixin.py:188} WARNING - 2026-04-10 13:35:26 - scripts.extract - INFO - Fetching weather data for Paris (attempt 1/3)
[2026-04-10T13:35:26.566+0000] {extract.py:47} INFO - Fetching weather data for Paris (attempt 1/3)
[2026-04-10T13:35:26.741+0000] {logging_mixin.py:188} WARNING - 2026-04-10 13:35:26 - scripts.extract - INFO - Successfully fetched data for Paris
[2026-04-10T13:35:26.740+0000] {extract.py:53} INFO - Successfully fetched data for Paris
[2026-04-10T13:35:26.745+0000] {logging_mixin.py:188} WARNING - 2026-04-10 13:35:26 - scripts.extract - INFO - Fetching weather data for Sydney (attempt 1/3)
[2026-04-10T13:35:26.743+0000] {extract.py:47} INFO - Fetching weather data for Sydney (attempt 1/3)
[2026-04-10T13:35:26.895+0000] {logging_mixin.py:188} WARNING - 2026-04-10 13:35:26 - scripts.extract - INFO - Successfully fetched data for Sydney
[2026-04-10T13:35:26.894+0000] {extract.py:53} INFO - Successfully fetched data for Sydney
[2026-04-10T13:35:26.899+0000] {logging_mixin.py:188} WARNING - 2026-04-10 13:35:26 - scripts.extract - INFO - Extraction complete: 5 successful, 0 failed
[2026-04-10T13:35:26.897+0000] {extract.py:113} INFO - Extraction complete: 5 successful, 0 failed
[2026-04-10T13:35:26.901+0000] {logging_mixin.py:188} WARNING - 2026-04-10 13:35:26 - scripts.extract - INFO - Extracted 5 weather records
[2026-04-10T13:35:26.900+0000] {extract.py:130} INFO - Extracted 5 weather records
[2026-04-10T13:35:26.926+0000] {weather_etl_dag_v2.py:77} INFO - ✓ Extraction complete: 5 records fetched
[2026-04-10T13:35:26.928+0000] {python.py:237} INFO - Done. Returned value was: 5
[2026-04-10T13:35:26.929+0000] {taskinstance.py:441} INFO - ::group::Post task execution logs
[2026-04-10T13:35:26.968+0000] {taskinstance.py:1206} INFO - Marking task as SUCCESS. dag_id=weather_etl_pipeline_v2, task_id=extract, run_id=manual__2026-04-10T13:35:22.874361+00:00, execution_date=20260410T133522, start_date=20260410T133525, end_date=20260410T133526
[2026-04-10T13:35:27.008+0000] {local_task_job_runner.py:243} INFO - Task exited with return code 0
[2026-04-10T13:35:27.050+0000] {taskinstance.py:3503} INFO - 1 downstream tasks scheduled from follow-on schedule check
[2026-04-10T13:35:27.053+0000] {local_task_job_runner.py:222} INFO - ::endgroup::
