[2026-04-09T11:06:45.468+0000] {local_task_job_runner.py:120} INFO - ::group::Pre task execution logs
[2026-04-09T11:06:45.518+0000] {taskinstance.py:2076} INFO - Dependencies all met for dep_context=non-requeueable deps ti=<TaskInstance: weather_etl_pipeline.extract manual__2026-04-09T11:06:43.710442+00:00 [queued]>
[2026-04-09T11:06:45.530+0000] {taskinstance.py:2076} INFO - Dependencies all met for dep_context=requeueable deps ti=<TaskInstance: weather_etl_pipeline.extract manual__2026-04-09T11:06:43.710442+00:00 [queued]>
[2026-04-09T11:06:45.532+0000] {taskinstance.py:2306} INFO - Starting attempt 1 of 3
[2026-04-09T11:06:45.550+0000] {taskinstance.py:2330} INFO - Executing <Task(PythonOperator): extract> on 2026-04-09 11:06:43.710442+00:00
[2026-04-09T11:06:45.568+0000] {standard_task_runner.py:90} INFO - Running: ['airflow', 'tasks', 'run', 'weather_etl_pipeline', 'extract', 'manual__2026-04-09T11:06:43.710442+00:00', '--job-id', '5', '--raw', '--subdir', 'DAGS_FOLDER/weather_etl_dag.py', '--cfg-path', '/tmp/tmp48k0phdl']
[2026-04-09T11:06:45.573+0000] {standard_task_runner.py:91} INFO - Job 5: Subtask extract
[2026-04-09T11:06:45.575+0000] {logging_mixin.py:188} WARNING - /home/airflow/.local/lib/python3.12/site-packages/airflow/task/task_runner/standard_task_runner.py:62 DeprecationWarning: This process (pid=212) is multi-threaded, use of fork() may lead to deadlocks in the child.
[2026-04-09T11:06:45.577+0000] {standard_task_runner.py:64} INFO - Started process 215 to run task
[2026-04-09T11:06:45.684+0000] {task_command.py:426} INFO - Running <TaskInstance: weather_etl_pipeline.extract manual__2026-04-09T11:06:43.710442+00:00 [running]> on host bbdcd07d63cf
[2026-04-09T11:06:45.850+0000] {taskinstance.py:2648} INFO - Exporting env vars: AIRFLOW_CTX_DAG_OWNER='weather_etl' AIRFLOW_CTX_DAG_ID='weather_etl_pipeline' AIRFLOW_CTX_TASK_ID='extract' AIRFLOW_CTX_EXECUTION_DATE='2026-04-09T11:06:43.710442+00:00' AIRFLOW_CTX_TRY_NUMBER='1' AIRFLOW_CTX_DAG_RUN_ID='manual__2026-04-09T11:06:43.710442+00:00'
[2026-04-09T11:06:45.852+0000] {taskinstance.py:430} INFO - ::endgroup::
[2026-04-09T11:06:45.869+0000] {logger.py:59} INFO - ============================================================
[2026-04-09T11:06:45.871+0000] {logger.py:60} INFO - Starting Weather Extraction
[2026-04-09T11:06:45.873+0000] {logger.py:61} INFO - Execution time: 2026-04-09 11:06:45
[2026-04-09T11:06:45.875+0000] {logger.py:62} INFO - ============================================================
[2026-04-09T11:06:45.883+0000] {logging_mixin.py:188} WARNING - 2026-04-09 11:06:45 - scripts.extract - INFO - Starting extraction for cities: London, New York, Tokyo, Paris, Sydney
[2026-04-09T11:06:45.882+0000] {extract.py:126} INFO - Starting extraction for cities: London, New York, Tokyo, Paris, Sydney
[2026-04-09T11:06:45.886+0000] {logging_mixin.py:188} WARNING - 2026-04-09 11:06:45 - scripts.extract - INFO - Starting extraction for 5 cities
[2026-04-09T11:06:45.885+0000] {extract.py:96} INFO - Starting extraction for 5 cities
[2026-04-09T11:06:45.888+0000] {logging_mixin.py:188} WARNING - 2026-04-09 11:06:45 - scripts.extract - INFO - Fetching weather data for London (attempt 1/3)
[2026-04-09T11:06:45.887+0000] {extract.py:47} INFO - Fetching weather data for London (attempt 1/3)
[2026-04-09T11:06:46.064+0000] {logging_mixin.py:188} WARNING - 2026-04-09 11:06:46 - scripts.extract - INFO - Successfully fetched data for London
[2026-04-09T11:06:46.062+0000] {extract.py:53} INFO - Successfully fetched data for London
[2026-04-09T11:06:46.070+0000] {logging_mixin.py:188} WARNING - 2026-04-09 11:06:46 - scripts.extract - INFO - Fetching weather data for New York (attempt 1/3)
[2026-04-09T11:06:46.068+0000] {extract.py:47} INFO - Fetching weather data for New York (attempt 1/3)
[2026-04-09T11:06:46.226+0000] {logging_mixin.py:188} WARNING - 2026-04-09 11:06:46 - scripts.extract - INFO - Successfully fetched data for New York
[2026-04-09T11:06:46.225+0000] {extract.py:53} INFO - Successfully fetched data for New York
[2026-04-09T11:06:46.230+0000] {logging_mixin.py:188} WARNING - 2026-04-09 11:06:46 - scripts.extract - INFO - Fetching weather data for Tokyo (attempt 1/3)
[2026-04-09T11:06:46.229+0000] {extract.py:47} INFO - Fetching weather data for Tokyo (attempt 1/3)
[2026-04-09T11:06:46.390+0000] {logging_mixin.py:188} WARNING - 2026-04-09 11:06:46 - scripts.extract - INFO - Successfully fetched data for Tokyo
[2026-04-09T11:06:46.388+0000] {extract.py:53} INFO - Successfully fetched data for Tokyo
[2026-04-09T11:06:46.395+0000] {logging_mixin.py:188} WARNING - 2026-04-09 11:06:46 - scripts.extract - INFO - Fetching weather data for Paris (attempt 1/3)
[2026-04-09T11:06:46.394+0000] {extract.py:47} INFO - Fetching weather data for Paris (attempt 1/3)
[2026-04-09T11:06:46.560+0000] {logging_mixin.py:188} WARNING - 2026-04-09 11:06:46 - scripts.extract - INFO - Successfully fetched data for Paris
[2026-04-09T11:06:46.559+0000] {extract.py:53} INFO - Successfully fetched data for Paris
[2026-04-09T11:06:46.565+0000] {logging_mixin.py:188} WARNING - 2026-04-09 11:06:46 - scripts.extract - INFO - Fetching weather data for Sydney (attempt 1/3)
[2026-04-09T11:06:46.563+0000] {extract.py:47} INFO - Fetching weather data for Sydney (attempt 1/3)
[2026-04-09T11:06:46.764+0000] {logging_mixin.py:188} WARNING - 2026-04-09 11:06:46 - scripts.extract - INFO - Successfully fetched data for Sydney
[2026-04-09T11:06:46.763+0000] {extract.py:53} INFO - Successfully fetched data for Sydney
[2026-04-09T11:06:46.771+0000] {logging_mixin.py:188} WARNING - 2026-04-09 11:06:46 - scripts.extract - INFO - Extraction complete: 5 successful, 0 failed
[2026-04-09T11:06:46.770+0000] {extract.py:113} INFO - Extraction complete: 5 successful, 0 failed
[2026-04-09T11:06:46.775+0000] {logging_mixin.py:188} WARNING - 2026-04-09 11:06:46 - scripts.extract - INFO - Extracted 5 weather records
[2026-04-09T11:06:46.774+0000] {extract.py:130} INFO - Extracted 5 weather records
[2026-04-09T11:06:46.815+0000] {weather_etl_dag.py:62} INFO - Extracted 5 records
[2026-04-09T11:06:46.818+0000] {logger.py:67} INFO - ============================================================
[2026-04-09T11:06:46.821+0000] {logger.py:68} INFO - Finished Weather Extraction
[2026-04-09T11:06:46.825+0000] {logger.py:69} INFO - Status: SUCCESS
[2026-04-09T11:06:46.828+0000] {logger.py:70} INFO - Execution time: 2026-04-09 11:06:46
[2026-04-09T11:06:46.830+0000] {logger.py:71} INFO - ============================================================
[2026-04-09T11:06:46.832+0000] {python.py:237} INFO - Done. Returned value was: 5
[2026-04-09T11:06:46.834+0000] {taskinstance.py:441} INFO - ::group::Post task execution logs
[2026-04-09T11:06:46.881+0000] {taskinstance.py:1206} INFO - Marking task as SUCCESS. dag_id=weather_etl_pipeline, task_id=extract, run_id=manual__2026-04-09T11:06:43.710442+00:00, execution_date=20260409T110643, start_date=20260409T110645, end_date=20260409T110646
[2026-04-09T11:06:46.923+0000] {local_task_job_runner.py:243} INFO - Task exited with return code 0
[2026-04-09T11:06:46.994+0000] {taskinstance.py:3503} INFO - 1 downstream tasks scheduled from follow-on schedule check
[2026-04-09T11:06:46.998+0000] {local_task_job_runner.py:222} INFO - ::endgroup::
