[2026-04-11T11:42:57.210+0000] {local_task_job_runner.py:120} INFO - ::group::Pre task execution logs
[2026-04-11T11:42:57.278+0000] {taskinstance.py:2076} INFO - Dependencies all met for dep_context=non-requeueable deps ti=<TaskInstance: weather_etl_pipeline_v2.quality_check manual__2026-04-11T11:42:45+00:00 [queued]>
[2026-04-11T11:42:57.304+0000] {taskinstance.py:2076} INFO - Dependencies all met for dep_context=requeueable deps ti=<TaskInstance: weather_etl_pipeline_v2.quality_check manual__2026-04-11T11:42:45+00:00 [queued]>
[2026-04-11T11:42:57.307+0000] {taskinstance.py:2306} INFO - Starting attempt 1 of 3
[2026-04-11T11:42:57.342+0000] {taskinstance.py:2330} INFO - Executing <Task(PythonOperator): quality_check> on 2026-04-11 11:42:45+00:00
[2026-04-11T11:42:57.374+0000] {logging_mixin.py:188} WARNING - /home/airflow/.local/lib/python3.12/site-packages/airflow/task/task_runner/standard_task_runner.py:62 DeprecationWarning: This process (pid=186) is multi-threaded, use of fork() may lead to deadlocks in the child.
[2026-04-11T11:42:57.366+0000] {standard_task_runner.py:90} INFO - Running: ['airflow', 'tasks', 'run', 'weather_etl_pipeline_v2', 'quality_check', 'manual__2026-04-11T11:42:45+00:00', '--job-id', '133', '--raw', '--subdir', 'DAGS_FOLDER/weather_etl_dag_v2.py', '--cfg-path', '/tmp/tmpj6vut2yo']
[2026-04-11T11:42:57.377+0000] {standard_task_runner.py:64} INFO - Started process 187 to run task
[2026-04-11T11:42:57.379+0000] {standard_task_runner.py:91} INFO - Job 133: Subtask quality_check
[2026-04-11T11:42:57.502+0000] {task_command.py:426} INFO - Running <TaskInstance: weather_etl_pipeline_v2.quality_check manual__2026-04-11T11:42:45+00:00 [running]> on host 9514c60f7b76
[2026-04-11T11:42:57.724+0000] {taskinstance.py:2648} INFO - Exporting env vars: AIRFLOW_CTX_DAG_OWNER='weather_etl' AIRFLOW_CTX_DAG_ID='weather_etl_pipeline_v2' AIRFLOW_CTX_TASK_ID='quality_check' AIRFLOW_CTX_EXECUTION_DATE='2026-04-11T11:42:45+00:00' AIRFLOW_CTX_TRY_NUMBER='1' AIRFLOW_CTX_DAG_RUN_ID='manual__2026-04-11T11:42:45+00:00'
[2026-04-11T11:42:57.727+0000] {taskinstance.py:430} INFO - ::endgroup::
[2026-04-11T11:42:57.753+0000] {weather_etl_dag_v2.py:158} INFO - ============================================================
[2026-04-11T11:42:57.754+0000] {weather_etl_dag_v2.py:159} INFO - TASK: QUALITY_CHECK - Validating data quality
[2026-04-11T11:42:57.756+0000] {weather_etl_dag_v2.py:160} INFO - ============================================================
[2026-04-11T11:42:57.776+0000] {logging_mixin.py:188} WARNING - 2026-04-11 11:42:57 - scripts.validate - INFO - Starting data quality validation for 57 records
[2026-04-11T11:42:57.776+0000] {validate.py:201} INFO - Starting data quality validation for 57 records
[2026-04-11T11:42:57.778+0000] {logging_mixin.py:188} WARNING - 2026-04-11 11:42:57 - scripts.validate - INFO - Validation complete: 57 valid, 0 invalid (100.0% pass rate)
[2026-04-11T11:42:57.778+0000] {validate.py:228} INFO - Validation complete: 57 valid, 0 invalid (100.0% pass rate)
[2026-04-11T11:42:57.780+0000] {weather_etl_dag_v2.py:207} INFO - ✓ Quality check complete: 100.0% pass rate
[2026-04-11T11:42:57.809+0000] {python.py:237} INFO - Done. Returned value was: 100.0
[2026-04-11T11:42:57.811+0000] {taskinstance.py:441} INFO - ::group::Post task execution logs
[2026-04-11T11:42:57.854+0000] {taskinstance.py:1206} INFO - Marking task as SUCCESS. dag_id=weather_etl_pipeline_v2, task_id=quality_check, run_id=manual__2026-04-11T11:42:45+00:00, execution_date=20260411T114245, start_date=20260411T114257, end_date=20260411T114257
[2026-04-11T11:42:57.920+0000] {local_task_job_runner.py:243} INFO - Task exited with return code 0
[2026-04-11T11:42:57.986+0000] {taskinstance.py:3503} INFO - 1 downstream tasks scheduled from follow-on schedule check
[2026-04-11T11:42:57.998+0000] {local_task_job_runner.py:222} INFO - ::endgroup::
