[2026-04-10T13:31:06.810+0000] {local_task_job_runner.py:120} INFO - ::group::Pre task execution logs
[2026-04-10T13:31:06.863+0000] {taskinstance.py:2076} INFO - Dependencies all met for dep_context=non-requeueable deps ti=<TaskInstance: weather_etl_pipeline_v2.update_metadata_success manual__2026-04-10T13:30:57.870118+00:00 [queued]>
[2026-04-10T13:31:06.879+0000] {taskinstance.py:2076} INFO - Dependencies all met for dep_context=requeueable deps ti=<TaskInstance: weather_etl_pipeline_v2.update_metadata_success manual__2026-04-10T13:30:57.870118+00:00 [queued]>
[2026-04-10T13:31:06.880+0000] {taskinstance.py:2306} INFO - Starting attempt 1 of 4
[2026-04-10T13:31:06.900+0000] {taskinstance.py:2330} INFO - Executing <Task(PythonOperator): update_metadata_success> on 2026-04-10 13:30:57.870118+00:00
[2026-04-10T13:31:06.911+0000] {standard_task_runner.py:90} INFO - Running: ['airflow', 'tasks', 'run', 'weather_etl_pipeline_v2', 'update_metadata_success', 'manual__2026-04-10T13:30:57.870118+00:00', '--job-id', '59', '--raw', '--subdir', 'DAGS_FOLDER/weather_etl_dag_v2.py', '--cfg-path', '/tmp/tmpshzu3hqg']
[2026-04-10T13:31:06.914+0000] {standard_task_runner.py:91} INFO - Job 59: Subtask update_metadata_success
[2026-04-10T13:31:06.917+0000] {logging_mixin.py:188} WARNING - /home/airflow/.local/lib/python3.12/site-packages/airflow/task/task_runner/standard_task_runner.py:62 DeprecationWarning: This process (pid=219) is multi-threaded, use of fork() may lead to deadlocks in the child.
[2026-04-10T13:31:06.918+0000] {standard_task_runner.py:64} INFO - Started process 220 to run task
[2026-04-10T13:31:06.988+0000] {task_command.py:426} INFO - Running <TaskInstance: weather_etl_pipeline_v2.update_metadata_success manual__2026-04-10T13:30:57.870118+00:00 [running]> on host e69da4fb5dc4
[2026-04-10T13:31:07.115+0000] {taskinstance.py:2648} INFO - Exporting env vars: AIRFLOW_CTX_DAG_OWNER='weather_etl' AIRFLOW_CTX_DAG_ID='weather_etl_pipeline_v2' AIRFLOW_CTX_TASK_ID='update_metadata_success' AIRFLOW_CTX_EXECUTION_DATE='2026-04-10T13:30:57.870118+00:00' AIRFLOW_CTX_TRY_NUMBER='1' AIRFLOW_CTX_DAG_RUN_ID='manual__2026-04-10T13:30:57.870118+00:00'
[2026-04-10T13:31:07.117+0000] {taskinstance.py:430} INFO - ::endgroup::
[2026-04-10T13:31:07.133+0000] {weather_etl_dag_v2.py:229} INFO - ============================================================
[2026-04-10T13:31:07.135+0000] {weather_etl_dag_v2.py:230} INFO - TASK: UPDATE_METADATA_SUCCESS - Recording successful run
[2026-04-10T13:31:07.137+0000] {weather_etl_dag_v2.py:231} INFO - ============================================================
[2026-04-10T13:31:07.207+0000] {logging_mixin.py:188} WARNING - 2026-04-10 13:31:07 - scripts.metadata_manager - INFO - Successfully connected to PostgreSQL database
[2026-04-10T13:31:07.206+0000] {metadata_manager.py:38} INFO - Successfully connected to PostgreSQL database
[2026-04-10T13:31:07.235+0000] {logging_mixin.py:188} WARNING - 2026-04-10 13:31:07 - scripts.metadata_manager - INFO - Table 'pipeline_metadata' created or already exists
[2026-04-10T13:31:07.234+0000] {metadata_manager.py:92} INFO - Table 'pipeline_metadata' created or already exists
[2026-04-10T13:31:07.240+0000] {logging_mixin.py:188} WARNING - 2026-04-10 13:31:07 - scripts.metadata_manager - INFO - Pipeline weather_etl_pipeline_v2 marked as SUCCESS: 5 processed, 20 inserted, 0 failed
[2026-04-10T13:31:07.240+0000] {metadata_manager.py:241} INFO - Pipeline weather_etl_pipeline_v2 marked as SUCCESS: 5 processed, 20 inserted, 0 failed
[2026-04-10T13:31:07.242+0000] {logging_mixin.py:188} WARNING - 2026-04-10 13:31:07 - scripts.metadata_manager - INFO - Database connection closed
[2026-04-10T13:31:07.241+0000] {metadata_manager.py:53} INFO - Database connection closed
[2026-04-10T13:31:07.243+0000] {weather_etl_dag_v2.py:253} INFO - ✓ Metadata updated: Pipeline marked as SUCCESS
[2026-04-10T13:31:07.244+0000] {weather_etl_dag_v2.py:254} INFO -   - Records processed: 5
[2026-04-10T13:31:07.245+0000] {weather_etl_dag_v2.py:255} INFO -   - Records inserted: 20
[2026-04-10T13:31:07.246+0000] {weather_etl_dag_v2.py:256} INFO -   - Validation rate: 100.0%
[2026-04-10T13:31:07.247+0000] {python.py:237} INFO - Done. Returned value was: True
[2026-04-10T13:31:07.249+0000] {taskinstance.py:441} INFO - ::group::Post task execution logs
[2026-04-10T13:31:07.283+0000] {taskinstance.py:1206} INFO - Marking task as SUCCESS. dag_id=weather_etl_pipeline_v2, task_id=update_metadata_success, run_id=manual__2026-04-10T13:30:57.870118+00:00, execution_date=20260410T133057, start_date=20260410T133106, end_date=20260410T133107
[2026-04-10T13:31:07.335+0000] {local_task_job_runner.py:243} INFO - Task exited with return code 0
[2026-04-10T13:31:07.351+0000] {local_task_job_runner.py:222} INFO - ::endgroup::
