[2026-04-16T05:53:01.441+0000] {local_task_job_runner.py:120} INFO - ::group::Pre task execution logs
[2026-04-16T05:53:01.485+0000] {taskinstance.py:2076} INFO - Dependencies all met for dep_context=non-requeueable deps ti=<TaskInstance: weather_etl_pipeline_v2.load_raw scheduled__2026-04-15T02:00:00+00:00 [queued]>
[2026-04-16T05:53:01.501+0000] {taskinstance.py:2076} INFO - Dependencies all met for dep_context=requeueable deps ti=<TaskInstance: weather_etl_pipeline_v2.load_raw scheduled__2026-04-15T02:00:00+00:00 [queued]>
[2026-04-16T05:53:01.502+0000] {taskinstance.py:2306} INFO - Starting attempt 1 of 4
[2026-04-16T05:53:01.519+0000] {taskinstance.py:2330} INFO - Executing <Task(PythonOperator): load_raw> on 2026-04-15 02:00:00+00:00
[2026-04-16T05:53:01.531+0000] {logging_mixin.py:188} WARNING - /home/airflow/.local/lib/python3.12/site-packages/airflow/task/task_runner/standard_task_runner.py:62 DeprecationWarning: This process (pid=197) is multi-threaded, use of fork() may lead to deadlocks in the child.
[2026-04-16T05:53:01.531+0000] {standard_task_runner.py:90} INFO - Running: ['airflow', 'tasks', 'run', 'weather_etl_pipeline_v2', 'load_raw', 'scheduled__2026-04-15T02:00:00+00:00', '--job-id', '276', '--raw', '--subdir', 'DAGS_FOLDER/weather_etl_dag_v2.py', '--cfg-path', '/tmp/tmpk2e3d1ob']
[2026-04-16T05:53:01.535+0000] {standard_task_runner.py:64} INFO - Started process 198 to run task
[2026-04-16T05:53:01.536+0000] {standard_task_runner.py:91} INFO - Job 276: Subtask load_raw
[2026-04-16T05:53:01.608+0000] {task_command.py:426} INFO - Running <TaskInstance: weather_etl_pipeline_v2.load_raw scheduled__2026-04-15T02:00:00+00:00 [running]> on host c46c29a8ca21
[2026-04-16T05:53:01.726+0000] {taskinstance.py:2648} INFO - Exporting env vars: AIRFLOW_CTX_DAG_OWNER='weather_etl' AIRFLOW_CTX_DAG_ID='weather_etl_pipeline_v2' AIRFLOW_CTX_TASK_ID='load_raw' AIRFLOW_CTX_EXECUTION_DATE='2026-04-15T02:00:00+00:00' AIRFLOW_CTX_TRY_NUMBER='1' AIRFLOW_CTX_DAG_RUN_ID='scheduled__2026-04-15T02:00:00+00:00'
[2026-04-16T05:53:01.727+0000] {taskinstance.py:430} INFO - ::endgroup::
[2026-04-16T05:53:01.748+0000] {weather_etl_dag_v2.py:144} INFO - ============================================================
[2026-04-16T05:53:01.750+0000] {weather_etl_dag_v2.py:145} INFO - TASK: LOAD_RAW — Persisting raw API responses to weather_raw
[2026-04-16T05:53:01.753+0000] {weather_etl_dag_v2.py:146} INFO - ============================================================
[2026-04-16T05:53:01.777+0000] {logging_mixin.py:188} WARNING - 2026-04-16 05:53:01 - scripts.load_raw - INFO - Starting raw data load for 6 records
[2026-04-16T05:53:01.775+0000] {load_raw.py:166} INFO - Starting raw data load for 6 records
[2026-04-16T05:53:01.786+0000] {logging_mixin.py:188} WARNING - 2026-04-16 05:53:01 - scripts.load_raw - INFO - Successfully connected to PostgreSQL database
[2026-04-16T05:53:01.784+0000] {load_raw.py:38} INFO - Successfully connected to PostgreSQL database
[2026-04-16T05:53:01.792+0000] {logging_mixin.py:188} WARNING - 2026-04-16 05:53:01 - scripts.load_raw - ERROR - Error creating raw table: column "processed" does not exist
LINE 20:             WHERE processed = FALSE;
                           ^
[2026-04-16T05:53:01.792+0000] {load_raw.py:91} ERROR - Error creating raw table: column "processed" does not exist
LINE 20:             WHERE processed = FALSE;
                           ^

[2026-04-16T05:53:01.795+0000] {logging_mixin.py:188} WARNING - 2026-04-16 05:53:01 - scripts.load_raw - ERROR - Error during raw data load: column "processed" does not exist
LINE 20:             WHERE processed = FALSE;
                           ^
[2026-04-16T05:53:01.794+0000] {load_raw.py:203} ERROR - Error during raw data load: column "processed" does not exist
LINE 20:             WHERE processed = FALSE;
                           ^

[2026-04-16T05:53:01.799+0000] {logging_mixin.py:188} WARNING - 2026-04-16 05:53:01 - scripts.load_raw - INFO - Database connection closed
[2026-04-16T05:53:01.798+0000] {load_raw.py:53} INFO - Database connection closed
[2026-04-16T05:53:01.802+0000] {weather_etl_dag_v2.py:165} ERROR - ✗ Raw data load failed: column "processed" does not exist
LINE 20:             WHERE processed = FALSE;
                           ^
Traceback (most recent call last):
  File "/opt/airflow/dags/weather_etl_dag_v2.py", line 156, in load_raw_task
    stats = loader.load_raw_data(raw_data)
            ^^^^^^^^^^^^^^^^^^^^^^^^^^^^^^
  File "/opt/airflow/scripts/load_raw.py", line 172, in load_raw_data
    self.create_raw_table_if_not_exists()
  File "/opt/airflow/scripts/load_raw.py", line 86, in create_raw_table_if_not_exists
    self.cursor.execute(create_table_query)
psycopg2.errors.UndefinedColumn: column "processed" does not exist
LINE 20:             WHERE processed = FALSE;
                           ^

[2026-04-16T05:53:01.836+0000] {taskinstance.py:441} INFO - ::group::Post task execution logs
[2026-04-16T05:53:01.839+0000] {taskinstance.py:2905} ERROR - Task failed with exception
Traceback (most recent call last):
  File "/home/airflow/.local/lib/python3.12/site-packages/airflow/models/taskinstance.py", line 465, in _execute_task
    result = _execute_callable(context=context, **execute_callable_kwargs)
             ^^^^^^^^^^^^^^^^^^^^^^^^^^^^^^^^^^^^^^^^^^^^^^^^^^^^^^^^^^^^^
  File "/home/airflow/.local/lib/python3.12/site-packages/airflow/models/taskinstance.py", line 432, in _execute_callable
    return execute_callable(context=context, **execute_callable_kwargs)
           ^^^^^^^^^^^^^^^^^^^^^^^^^^^^^^^^^^^^^^^^^^^^^^^^^^^^^^^^^^^^
  File "/home/airflow/.local/lib/python3.12/site-packages/airflow/models/baseoperator.py", line 401, in wrapper
    return func(self, *args, **kwargs)
           ^^^^^^^^^^^^^^^^^^^^^^^^^^^
  File "/home/airflow/.local/lib/python3.12/site-packages/airflow/operators/python.py", line 235, in execute
    return_value = self.execute_callable()
                   ^^^^^^^^^^^^^^^^^^^^^^^
  File "/home/airflow/.local/lib/python3.12/site-packages/airflow/operators/python.py", line 252, in execute_callable
    return self.python_callable(*self.op_args, **self.op_kwargs)
           ^^^^^^^^^^^^^^^^^^^^^^^^^^^^^^^^^^^^^^^^^^^^^^^^^^^^^
  File "/opt/airflow/dags/weather_etl_dag_v2.py", line 156, in load_raw_task
    stats = loader.load_raw_data(raw_data)
            ^^^^^^^^^^^^^^^^^^^^^^^^^^^^^^
  File "/opt/airflow/scripts/load_raw.py", line 172, in load_raw_data
    self.create_raw_table_if_not_exists()
  File "/opt/airflow/scripts/load_raw.py", line 86, in create_raw_table_if_not_exists
    self.cursor.execute(create_table_query)
psycopg2.errors.UndefinedColumn: column "processed" does not exist
LINE 20:             WHERE processed = FALSE;
                           ^

[2026-04-16T05:53:01.861+0000] {taskinstance.py:1206} INFO - Marking task as UP_FOR_RETRY. dag_id=weather_etl_pipeline_v2, task_id=load_raw, run_id=scheduled__2026-04-15T02:00:00+00:00, execution_date=20260415T020000, start_date=20260416T055301, end_date=20260416T055301
[2026-04-16T05:53:01.888+0000] {standard_task_runner.py:110} ERROR - Failed to execute job 276 for task load_raw (column "processed" does not exist
LINE 20:             WHERE processed = FALSE;
                           ^
; 198)
[2026-04-16T05:53:01.912+0000] {local_task_job_runner.py:243} INFO - Task exited with return code 1
[2026-04-16T05:53:01.946+0000] {taskinstance.py:3503} INFO - 0 downstream tasks scheduled from follow-on schedule check
[2026-04-16T05:53:01.950+0000] {local_task_job_runner.py:222} INFO - ::endgroup::
[2026-04-16T06:00:27.082+0000] {local_task_job_runner.py:120} INFO - ::group::Pre task execution logs
[2026-04-16T06:00:27.124+0000] {taskinstance.py:2076} INFO - Dependencies all met for dep_context=non-requeueable deps ti=<TaskInstance: weather_etl_pipeline_v2.load_raw scheduled__2026-04-15T02:00:00+00:00 [queued]>
[2026-04-16T06:00:27.138+0000] {taskinstance.py:2076} INFO - Dependencies all met for dep_context=requeueable deps ti=<TaskInstance: weather_etl_pipeline_v2.load_raw scheduled__2026-04-15T02:00:00+00:00 [queued]>
[2026-04-16T06:00:27.139+0000] {taskinstance.py:2306} INFO - Starting attempt 1 of 4
[2026-04-16T06:00:27.158+0000] {taskinstance.py:2330} INFO - Executing <Task(PythonOperator): load_raw> on 2026-04-15 02:00:00+00:00
[2026-04-16T06:00:27.166+0000] {logging_mixin.py:188} WARNING - /home/airflow/.local/lib/python3.12/site-packages/airflow/task/task_runner/standard_task_runner.py:62 DeprecationWarning: This process (pid=468) is multi-threaded, use of fork() may lead to deadlocks in the child.
[2026-04-16T06:00:27.168+0000] {standard_task_runner.py:64} INFO - Started process 469 to run task
[2026-04-16T06:00:27.166+0000] {standard_task_runner.py:90} INFO - Running: ['airflow', 'tasks', 'run', 'weather_etl_pipeline_v2', 'load_raw', 'scheduled__2026-04-15T02:00:00+00:00', '--job-id', '12', '--raw', '--subdir', 'DAGS_FOLDER/weather_etl_dag_v2.py', '--cfg-path', '/tmp/tmpg71n6nh5']
[2026-04-16T06:00:27.169+0000] {standard_task_runner.py:91} INFO - Job 12: Subtask load_raw
[2026-04-16T06:00:27.241+0000] {task_command.py:426} INFO - Running <TaskInstance: weather_etl_pipeline_v2.load_raw scheduled__2026-04-15T02:00:00+00:00 [running]> on host cf9362e38fb8
[2026-04-16T06:00:27.336+0000] {taskinstance.py:2648} INFO - Exporting env vars: AIRFLOW_CTX_DAG_OWNER='weather_etl' AIRFLOW_CTX_DAG_ID='weather_etl_pipeline_v2' AIRFLOW_CTX_TASK_ID='load_raw' AIRFLOW_CTX_EXECUTION_DATE='2026-04-15T02:00:00+00:00' AIRFLOW_CTX_TRY_NUMBER='1' AIRFLOW_CTX_DAG_RUN_ID='scheduled__2026-04-15T02:00:00+00:00'
[2026-04-16T06:00:27.338+0000] {taskinstance.py:430} INFO - ::endgroup::
[2026-04-16T06:00:27.352+0000] {weather_etl_dag_v2.py:144} INFO - ============================================================
[2026-04-16T06:00:27.353+0000] {weather_etl_dag_v2.py:145} INFO - TASK: LOAD_RAW — Persisting raw API responses to weather_raw
[2026-04-16T06:00:27.354+0000] {weather_etl_dag_v2.py:146} INFO - ============================================================
[2026-04-16T06:00:27.374+0000] {logging_mixin.py:188} WARNING - 2026-04-16 06:00:27 - scripts.load_raw - INFO - Starting raw data load for 5 records
[2026-04-16T06:00:27.372+0000] {load_raw.py:154} INFO - Starting raw data load for 5 records
[2026-04-16T06:00:27.381+0000] {logging_mixin.py:188} WARNING - 2026-04-16 06:00:27 - scripts.load_raw - INFO - Successfully connected to PostgreSQL database
[2026-04-16T06:00:27.381+0000] {load_raw.py:38} INFO - Successfully connected to PostgreSQL database
[2026-04-16T06:00:27.385+0000] {logging_mixin.py:188} WARNING - 2026-04-16 06:00:27 - scripts.load_raw - INFO - Table 'weather_raw' created or already exists
[2026-04-16T06:00:27.384+0000] {load_raw.py:88} INFO - Table 'weather_raw' created or already exists
[2026-04-16T06:00:27.392+0000] {logging_mixin.py:188} WARNING - 2026-04-16 06:00:27 - scripts.load_raw - INFO - Raw data load complete: 5 inserted, 0 skipped (duplicates)
[2026-04-16T06:00:27.391+0000] {load_raw.py:182} INFO - Raw data load complete: 5 inserted, 0 skipped (duplicates)
[2026-04-16T06:00:27.394+0000] {logging_mixin.py:188} WARNING - 2026-04-16 06:00:27 - scripts.load_raw - INFO - Database connection closed
[2026-04-16T06:00:27.394+0000] {load_raw.py:53} INFO - Database connection closed
[2026-04-16T06:00:27.396+0000] {weather_etl_dag_v2.py:158} INFO - ✓ Raw load complete: 5 upserted, 0 skipped (duplicates)
[2026-04-16T06:00:27.397+0000] {python.py:237} INFO - Done. Returned value was: 5
[2026-04-16T06:00:27.397+0000] {taskinstance.py:441} INFO - ::group::Post task execution logs
[2026-04-16T06:00:27.422+0000] {taskinstance.py:1206} INFO - Marking task as SUCCESS. dag_id=weather_etl_pipeline_v2, task_id=load_raw, run_id=scheduled__2026-04-15T02:00:00+00:00, execution_date=20260415T020000, start_date=20260416T060027, end_date=20260416T060027
[2026-04-16T06:00:27.463+0000] {local_task_job_runner.py:243} INFO - Task exited with return code 0
[2026-04-16T06:00:27.514+0000] {taskinstance.py:3503} INFO - 1 downstream tasks scheduled from follow-on schedule check
[2026-04-16T06:00:27.519+0000] {local_task_job_runner.py:222} INFO - ::endgroup::
