[2026-04-27T04:52:18.625+0000] {local_task_job_runner.py:120} INFO - ::group::Pre task execution logs
[2026-04-27T04:52:18.663+0000] {taskinstance.py:2076} INFO - Dependencies all met for dep_context=non-requeueable deps ti=<TaskInstance: weather_etl_pipeline_v2.extract scheduled__2026-04-26T02:00:00+00:00 [queued]>
[2026-04-27T04:52:18.673+0000] {taskinstance.py:2076} INFO - Dependencies all met for dep_context=requeueable deps ti=<TaskInstance: weather_etl_pipeline_v2.extract scheduled__2026-04-26T02:00:00+00:00 [queued]>
[2026-04-27T04:52:18.675+0000] {taskinstance.py:2306} INFO - Starting attempt 1 of 4
[2026-04-27T04:52:18.691+0000] {taskinstance.py:2330} INFO - Executing <Task(PythonOperator): extract> on 2026-04-26 02:00:00+00:00
[2026-04-27T04:52:18.699+0000] {logging_mixin.py:188} WARNING - /home/airflow/.local/lib/python3.12/site-packages/airflow/task/task_runner/standard_task_runner.py:62 DeprecationWarning: This process (pid=196) is multi-threaded, use of fork() may lead to deadlocks in the child.
[2026-04-27T04:52:18.701+0000] {standard_task_runner.py:64} INFO - Started process 197 to run task
[2026-04-27T04:52:18.700+0000] {standard_task_runner.py:90} INFO - Running: ['airflow', 'tasks', 'run', 'weather_etl_pipeline_v2', 'extract', 'scheduled__2026-04-26T02:00:00+00:00', '--job-id', '199', '--raw', '--subdir', 'DAGS_FOLDER/weather_etl_dag_v2.py', '--cfg-path', '/tmp/tmp9boolrrs']
[2026-04-27T04:52:18.703+0000] {standard_task_runner.py:91} INFO - Job 199: Subtask extract
[2026-04-27T04:52:18.769+0000] {task_command.py:426} INFO - Running <TaskInstance: weather_etl_pipeline_v2.extract scheduled__2026-04-26T02:00:00+00:00 [running]> on host c5d9a3d307d7
[2026-04-27T04:52:18.865+0000] {taskinstance.py:2648} INFO - Exporting env vars: AIRFLOW_CTX_DAG_OWNER='weather_etl' AIRFLOW_CTX_DAG_ID='weather_etl_pipeline_v2' AIRFLOW_CTX_TASK_ID='extract' AIRFLOW_CTX_EXECUTION_DATE='2026-04-26T02:00:00+00:00' AIRFLOW_CTX_TRY_NUMBER='1' AIRFLOW_CTX_DAG_RUN_ID='scheduled__2026-04-26T02:00:00+00:00'
[2026-04-27T04:52:18.866+0000] {taskinstance.py:430} INFO - ::endgroup::
[2026-04-27T04:52:18.881+0000] {weather_etl_dag_v2.py:88} INFO - ============================================================
[2026-04-27T04:52:18.883+0000] {weather_etl_dag_v2.py:89} INFO - TASK: EXTRACT — Fetching weather data from OpenWeatherMap API
[2026-04-27T04:52:18.883+0000] {weather_etl_dag_v2.py:90} INFO - ============================================================
[2026-04-27T04:52:18.894+0000] {weather_etl_dag_v2.py:109} INFO - Active cities fetched from DB: ['Ahmedabad', 'Bengaluru', 'Chennai', 'Delhi', 'Indore', 'Kolkata', 'Kota', 'Kyiv', 'Los Angeles', 'Manali', 'Moscow', 'Mumbai', 'New York', 'Palanpur']
[2026-04-27T04:52:18.899+0000] {logging_mixin.py:188} WARNING - 2026-04-27 04:52:18 - scripts.extract - INFO - Starting extraction for cities: Ahmedabad, Bengaluru, Chennai, Delhi, Indore, Kolkata, Kota, Kyiv, Los Angeles, Manali, Moscow, Mumbai, New York, Palanpur
[2026-04-27T04:52:18.898+0000] {extract.py:127} INFO - Starting extraction for cities: Ahmedabad, Bengaluru, Chennai, Delhi, Indore, Kolkata, Kota, Kyiv, Los Angeles, Manali, Moscow, Mumbai, New York, Palanpur
[2026-04-27T04:52:18.900+0000] {logging_mixin.py:188} WARNING - 2026-04-27 04:52:18 - scripts.extract - INFO - Starting extraction for 14 cities
[2026-04-27T04:52:18.900+0000] {extract.py:96} INFO - Starting extraction for 14 cities
[2026-04-27T04:52:18.901+0000] {logging_mixin.py:188} WARNING - 2026-04-27 04:52:18 - scripts.extract - INFO - Fetching weather data for Ahmedabad (attempt 1/3)
[2026-04-27T04:52:18.901+0000] {extract.py:47} INFO - Fetching weather data for Ahmedabad (attempt 1/3)
[2026-04-27T04:52:19.023+0000] {logging_mixin.py:188} WARNING - 2026-04-27 04:52:19 - scripts.extract - INFO - Successfully fetched data for Ahmedabad
[2026-04-27T04:52:19.023+0000] {extract.py:53} INFO - Successfully fetched data for Ahmedabad
[2026-04-27T04:52:19.025+0000] {logging_mixin.py:188} WARNING - 2026-04-27 04:52:19 - scripts.extract - INFO - Fetching weather data for Bengaluru (attempt 1/3)
[2026-04-27T04:52:19.025+0000] {extract.py:47} INFO - Fetching weather data for Bengaluru (attempt 1/3)
[2026-04-27T04:52:19.136+0000] {logging_mixin.py:188} WARNING - 2026-04-27 04:52:19 - scripts.extract - INFO - Successfully fetched data for Bengaluru
[2026-04-27T04:52:19.135+0000] {extract.py:53} INFO - Successfully fetched data for Bengaluru
[2026-04-27T04:52:19.137+0000] {logging_mixin.py:188} WARNING - 2026-04-27 04:52:19 - scripts.extract - INFO - Fetching weather data for Chennai (attempt 1/3)
[2026-04-27T04:52:19.137+0000] {extract.py:47} INFO - Fetching weather data for Chennai (attempt 1/3)
[2026-04-27T04:52:19.240+0000] {logging_mixin.py:188} WARNING - 2026-04-27 04:52:19 - scripts.extract - INFO - Successfully fetched data for Chennai
[2026-04-27T04:52:19.239+0000] {extract.py:53} INFO - Successfully fetched data for Chennai
[2026-04-27T04:52:19.242+0000] {logging_mixin.py:188} WARNING - 2026-04-27 04:52:19 - scripts.extract - INFO - Fetching weather data for Delhi (attempt 1/3)
[2026-04-27T04:52:19.241+0000] {extract.py:47} INFO - Fetching weather data for Delhi (attempt 1/3)
[2026-04-27T04:52:19.346+0000] {logging_mixin.py:188} WARNING - 2026-04-27 04:52:19 - scripts.extract - INFO - Successfully fetched data for Delhi
[2026-04-27T04:52:19.346+0000] {extract.py:53} INFO - Successfully fetched data for Delhi
[2026-04-27T04:52:19.348+0000] {logging_mixin.py:188} WARNING - 2026-04-27 04:52:19 - scripts.extract - INFO - Fetching weather data for Indore (attempt 1/3)
[2026-04-27T04:52:19.347+0000] {extract.py:47} INFO - Fetching weather data for Indore (attempt 1/3)
[2026-04-27T04:52:19.452+0000] {logging_mixin.py:188} WARNING - 2026-04-27 04:52:19 - scripts.extract - INFO - Successfully fetched data for Indore
[2026-04-27T04:52:19.451+0000] {extract.py:53} INFO - Successfully fetched data for Indore
[2026-04-27T04:52:19.453+0000] {logging_mixin.py:188} WARNING - 2026-04-27 04:52:19 - scripts.extract - INFO - Fetching weather data for Kolkata (attempt 1/3)
[2026-04-27T04:52:19.453+0000] {extract.py:47} INFO - Fetching weather data for Kolkata (attempt 1/3)
[2026-04-27T04:52:19.558+0000] {logging_mixin.py:188} WARNING - 2026-04-27 04:52:19 - scripts.extract - INFO - Successfully fetched data for Kolkata
[2026-04-27T04:52:19.557+0000] {extract.py:53} INFO - Successfully fetched data for Kolkata
[2026-04-27T04:52:19.560+0000] {logging_mixin.py:188} WARNING - 2026-04-27 04:52:19 - scripts.extract - INFO - Fetching weather data for Kota (attempt 1/3)
[2026-04-27T04:52:19.559+0000] {extract.py:47} INFO - Fetching weather data for Kota (attempt 1/3)
[2026-04-27T04:52:19.679+0000] {logging_mixin.py:188} WARNING - 2026-04-27 04:52:19 - scripts.extract - INFO - Successfully fetched data for Kota
[2026-04-27T04:52:19.679+0000] {extract.py:53} INFO - Successfully fetched data for Kota
[2026-04-27T04:52:19.681+0000] {logging_mixin.py:188} WARNING - 2026-04-27 04:52:19 - scripts.extract - INFO - Fetching weather data for Kyiv (attempt 1/3)
[2026-04-27T04:52:19.681+0000] {extract.py:47} INFO - Fetching weather data for Kyiv (attempt 1/3)
[2026-04-27T04:52:19.829+0000] {logging_mixin.py:188} WARNING - 2026-04-27 04:52:19 - scripts.extract - INFO - Successfully fetched data for Kyiv
[2026-04-27T04:52:19.828+0000] {extract.py:53} INFO - Successfully fetched data for Kyiv
[2026-04-27T04:52:19.830+0000] {logging_mixin.py:188} WARNING - 2026-04-27 04:52:19 - scripts.extract - INFO - Fetching weather data for Los Angeles (attempt 1/3)
[2026-04-27T04:52:19.830+0000] {extract.py:47} INFO - Fetching weather data for Los Angeles (attempt 1/3)
[2026-04-27T04:52:19.936+0000] {logging_mixin.py:188} WARNING - 2026-04-27 04:52:19 - scripts.extract - INFO - Successfully fetched data for Los Angeles
[2026-04-27T04:52:19.935+0000] {extract.py:53} INFO - Successfully fetched data for Los Angeles
[2026-04-27T04:52:19.938+0000] {logging_mixin.py:188} WARNING - 2026-04-27 04:52:19 - scripts.extract - INFO - Fetching weather data for Manali (attempt 1/3)
[2026-04-27T04:52:19.937+0000] {extract.py:47} INFO - Fetching weather data for Manali (attempt 1/3)
[2026-04-27T04:52:20.049+0000] {logging_mixin.py:188} WARNING - 2026-04-27 04:52:20 - scripts.extract - INFO - Successfully fetched data for Manali
[2026-04-27T04:52:20.048+0000] {extract.py:53} INFO - Successfully fetched data for Manali
[2026-04-27T04:52:20.051+0000] {logging_mixin.py:188} WARNING - 2026-04-27 04:52:20 - scripts.extract - INFO - Fetching weather data for Moscow (attempt 1/3)
[2026-04-27T04:52:20.051+0000] {extract.py:47} INFO - Fetching weather data for Moscow (attempt 1/3)
[2026-04-27T04:52:20.157+0000] {logging_mixin.py:188} WARNING - 2026-04-27 04:52:20 - scripts.extract - INFO - Successfully fetched data for Moscow
[2026-04-27T04:52:20.156+0000] {extract.py:53} INFO - Successfully fetched data for Moscow
[2026-04-27T04:52:20.159+0000] {logging_mixin.py:188} WARNING - 2026-04-27 04:52:20 - scripts.extract - INFO - Fetching weather data for Mumbai (attempt 1/3)
[2026-04-27T04:52:20.159+0000] {extract.py:47} INFO - Fetching weather data for Mumbai (attempt 1/3)
[2026-04-27T04:52:20.271+0000] {logging_mixin.py:188} WARNING - 2026-04-27 04:52:20 - scripts.extract - INFO - Successfully fetched data for Mumbai
[2026-04-27T04:52:20.270+0000] {extract.py:53} INFO - Successfully fetched data for Mumbai
[2026-04-27T04:52:20.274+0000] {logging_mixin.py:188} WARNING - 2026-04-27 04:52:20 - scripts.extract - INFO - Fetching weather data for New York (attempt 1/3)
[2026-04-27T04:52:20.274+0000] {extract.py:47} INFO - Fetching weather data for New York (attempt 1/3)
[2026-04-27T04:52:20.384+0000] {logging_mixin.py:188} WARNING - 2026-04-27 04:52:20 - scripts.extract - INFO - Successfully fetched data for New York
[2026-04-27T04:52:20.384+0000] {extract.py:53} INFO - Successfully fetched data for New York
[2026-04-27T04:52:20.386+0000] {logging_mixin.py:188} WARNING - 2026-04-27 04:52:20 - scripts.extract - INFO - Fetching weather data for Palanpur (attempt 1/3)
[2026-04-27T04:52:20.385+0000] {extract.py:47} INFO - Fetching weather data for Palanpur (attempt 1/3)
[2026-04-27T04:52:20.495+0000] {logging_mixin.py:188} WARNING - 2026-04-27 04:52:20 - scripts.extract - INFO - Successfully fetched data for Palanpur
[2026-04-27T04:52:20.494+0000] {extract.py:53} INFO - Successfully fetched data for Palanpur
[2026-04-27T04:52:20.497+0000] {logging_mixin.py:188} WARNING - 2026-04-27 04:52:20 - scripts.extract - INFO - Extraction complete: 14 successful, 0 failed
[2026-04-27T04:52:20.496+0000] {extract.py:114} INFO - Extraction complete: 14 successful, 0 failed
[2026-04-27T04:52:20.499+0000] {logging_mixin.py:188} WARNING - 2026-04-27 04:52:20 - scripts.extract - INFO - Extracted 14 weather records
[2026-04-27T04:52:20.498+0000] {extract.py:131} INFO - Extracted 14 weather records
[2026-04-27T04:52:20.517+0000] {weather_etl_dag_v2.py:117} INFO - ✓ Extraction complete: 14 records for 14 cities in 1.63s
[2026-04-27T04:52:20.519+0000] {python.py:237} INFO - Done. Returned value was: 14
[2026-04-27T04:52:20.519+0000] {taskinstance.py:441} INFO - ::group::Post task execution logs
[2026-04-27T04:52:20.539+0000] {taskinstance.py:1206} INFO - Marking task as SUCCESS. dag_id=weather_etl_pipeline_v2, task_id=extract, run_id=scheduled__2026-04-26T02:00:00+00:00, execution_date=20260426T020000, start_date=20260427T045218, end_date=20260427T045220
[2026-04-27T04:52:20.562+0000] {local_task_job_runner.py:243} INFO - Task exited with return code 0
[2026-04-27T04:52:20.588+0000] {taskinstance.py:3503} INFO - 1 downstream tasks scheduled from follow-on schedule check
[2026-04-27T04:52:20.590+0000] {local_task_job_runner.py:222} INFO - ::endgroup::
