[2026-04-16T06:16:34.196+0000] {local_task_job_runner.py:120} INFO - ::group::Pre task execution logs
[2026-04-16T06:16:34.241+0000] {taskinstance.py:2076} INFO - Dependencies all met for dep_context=non-requeueable deps ti=<TaskInstance: weather_etl_pipeline_v2.update_metadata_success manual__2026-04-16T06:16:22.281493+00:00 [queued]>
[2026-04-16T06:16:34.253+0000] {taskinstance.py:2076} INFO - Dependencies all met for dep_context=requeueable deps ti=<TaskInstance: weather_etl_pipeline_v2.update_metadata_success manual__2026-04-16T06:16:22.281493+00:00 [queued]>
[2026-04-16T06:16:34.254+0000] {taskinstance.py:2306} INFO - Starting attempt 1 of 4
[2026-04-16T06:16:34.269+0000] {taskinstance.py:2330} INFO - Executing <Task(PythonOperator): update_metadata_success> on 2026-04-16 06:16:22.281493+00:00
[2026-04-16T06:16:34.277+0000] {logging_mixin.py:188} WARNING - /home/airflow/.local/lib/python3.12/site-packages/airflow/task/task_runner/standard_task_runner.py:62 DeprecationWarning: This process (pid=1121) is multi-threaded, use of fork() may lead to deadlocks in the child.
[2026-04-16T06:16:34.277+0000] {standard_task_runner.py:90} INFO - Running: ['airflow', 'tasks', 'run', 'weather_etl_pipeline_v2', 'update_metadata_success', 'manual__2026-04-16T06:16:22.281493+00:00', '--job-id', '38', '--raw', '--subdir', 'DAGS_FOLDER/weather_etl_dag_v2.py', '--cfg-path', '/tmp/tmpu_fyt4dc']
[2026-04-16T06:16:34.283+0000] {standard_task_runner.py:64} INFO - Started process 1122 to run task
[2026-04-16T06:16:34.285+0000] {standard_task_runner.py:91} INFO - Job 38: Subtask update_metadata_success
[2026-04-16T06:16:34.366+0000] {task_command.py:426} INFO - Running <TaskInstance: weather_etl_pipeline_v2.update_metadata_success manual__2026-04-16T06:16:22.281493+00:00 [running]> on host cf9362e38fb8
[2026-04-16T06:16:34.508+0000] {taskinstance.py:2648} INFO - Exporting env vars: AIRFLOW_CTX_DAG_OWNER='weather_etl' AIRFLOW_CTX_DAG_ID='weather_etl_pipeline_v2' AIRFLOW_CTX_TASK_ID='update_metadata_success' AIRFLOW_CTX_EXECUTION_DATE='2026-04-16T06:16:22.281493+00:00' AIRFLOW_CTX_TRY_NUMBER='1' AIRFLOW_CTX_DAG_RUN_ID='manual__2026-04-16T06:16:22.281493+00:00'
[2026-04-16T06:16:34.509+0000] {taskinstance.py:430} INFO - ::endgroup::
[2026-04-16T06:16:34.539+0000] {weather_etl_dag_v2.py:319} INFO - ============================================================
[2026-04-16T06:16:34.543+0000] {weather_etl_dag_v2.py:320} INFO - TASK: UPDATE_METADATA_SUCCESS — Recording successful pipeline run
[2026-04-16T06:16:34.545+0000] {weather_etl_dag_v2.py:321} INFO - ============================================================
[2026-04-16T06:16:34.627+0000] {logging_mixin.py:188} WARNING - 2026-04-16 06:16:34 - scripts.metadata_manager - INFO - Successfully connected to PostgreSQL database
[2026-04-16T06:16:34.626+0000] {metadata_manager.py:38} INFO - Successfully connected to PostgreSQL database
[2026-04-16T06:16:34.632+0000] {logging_mixin.py:188} WARNING - 2026-04-16 06:16:34 - scripts.metadata_manager - INFO - Table 'pipeline_metadata' created or already exists
[2026-04-16T06:16:34.632+0000] {metadata_manager.py:92} INFO - Table 'pipeline_metadata' created or already exists
[2026-04-16T06:16:34.638+0000] {logging_mixin.py:188} WARNING - 2026-04-16 06:16:34 - scripts.metadata_manager - INFO - Pipeline weather_etl_pipeline_v2 marked as SUCCESS: 7 processed, 28 inserted, 0 failed
[2026-04-16T06:16:34.637+0000] {metadata_manager.py:241} INFO - Pipeline weather_etl_pipeline_v2 marked as SUCCESS: 7 processed, 28 inserted, 0 failed
[2026-04-16T06:16:34.640+0000] {logging_mixin.py:188} WARNING - 2026-04-16 06:16:34 - scripts.metadata_manager - INFO - Database connection closed
[2026-04-16T06:16:34.640+0000] {metadata_manager.py:53} INFO - Database connection closed
[2026-04-16T06:16:34.641+0000] {weather_etl_dag_v2.py:341} INFO - ✓ Pipeline marked as SUCCESS
[2026-04-16T06:16:34.643+0000] {weather_etl_dag_v2.py:342} INFO -   Records extracted  : 7
[2026-04-16T06:16:34.644+0000] {weather_etl_dag_v2.py:343} INFO -   Records inserted   : 28
[2026-04-16T06:16:34.645+0000] {weather_etl_dag_v2.py:344} INFO -   Records failed     : 0
[2026-04-16T06:16:34.647+0000] {weather_etl_dag_v2.py:345} INFO -   Validation rate    : 100.0%
[2026-04-16T06:16:34.648+0000] {weather_etl_dag_v2.py:346} INFO -   Agg rows upserted  : 0
[2026-04-16T06:16:34.649+0000] {python.py:237} INFO - Done. Returned value was: True
[2026-04-16T06:16:34.650+0000] {taskinstance.py:441} INFO - ::group::Post task execution logs
[2026-04-16T06:16:34.678+0000] {taskinstance.py:1206} INFO - Marking task as SUCCESS. dag_id=weather_etl_pipeline_v2, task_id=update_metadata_success, run_id=manual__2026-04-16T06:16:22.281493+00:00, execution_date=20260416T061622, start_date=20260416T061634, end_date=20260416T061634
[2026-04-16T06:16:34.705+0000] {local_task_job_runner.py:243} INFO - Task exited with return code 0
[2026-04-16T06:16:34.724+0000] {taskinstance.py:3503} INFO - 0 downstream tasks scheduled from follow-on schedule check
[2026-04-16T06:16:34.728+0000] {local_task_job_runner.py:222} INFO - ::endgroup::
