[2026-04-10T13:14:20.918+0000] {local_task_job_runner.py:120} INFO - ::group::Pre task execution logs
[2026-04-10T13:14:20.958+0000] {taskinstance.py:2076} INFO - Dependencies all met for dep_context=non-requeueable deps ti=<TaskInstance: weather_etl_pipeline_v2.transform_clean manual__2026-04-10T13:14:13.352674+00:00 [queued]>
[2026-04-10T13:14:20.969+0000] {taskinstance.py:2076} INFO - Dependencies all met for dep_context=requeueable deps ti=<TaskInstance: weather_etl_pipeline_v2.transform_clean manual__2026-04-10T13:14:13.352674+00:00 [queued]>
[2026-04-10T13:14:20.971+0000] {taskinstance.py:2306} INFO - Starting attempt 1 of 3
[2026-04-10T13:14:20.985+0000] {taskinstance.py:2330} INFO - Executing <Task(PythonOperator): transform_clean> on 2026-04-10 13:14:13.352674+00:00
[2026-04-10T13:14:20.993+0000] {standard_task_runner.py:90} INFO - Running: ['airflow', 'tasks', 'run', 'weather_etl_pipeline_v2', 'transform_clean', 'manual__2026-04-10T13:14:13.352674+00:00', '--job-id', '50', '--raw', '--subdir', 'DAGS_FOLDER/weather_etl_dag_v2.py', '--cfg-path', '/tmp/tmpc2k9gw8k']
[2026-04-10T13:14:20.996+0000] {standard_task_runner.py:91} INFO - Job 50: Subtask transform_clean
[2026-04-10T13:14:20.998+0000] {logging_mixin.py:188} WARNING - /home/airflow/.local/lib/python3.12/site-packages/airflow/task/task_runner/standard_task_runner.py:62 DeprecationWarning: This process (pid=449) is multi-threaded, use of fork() may lead to deadlocks in the child.
[2026-04-10T13:14:20.999+0000] {standard_task_runner.py:64} INFO - Started process 450 to run task
[2026-04-10T13:14:21.080+0000] {task_command.py:426} INFO - Running <TaskInstance: weather_etl_pipeline_v2.transform_clean manual__2026-04-10T13:14:13.352674+00:00 [running]> on host 12571985e2d5
[2026-04-10T13:14:21.233+0000] {taskinstance.py:2648} INFO - Exporting env vars: AIRFLOW_CTX_DAG_OWNER='weather_etl' AIRFLOW_CTX_DAG_ID='weather_etl_pipeline_v2' AIRFLOW_CTX_TASK_ID='transform_clean' AIRFLOW_CTX_EXECUTION_DATE='2026-04-10T13:14:13.352674+00:00' AIRFLOW_CTX_TRY_NUMBER='1' AIRFLOW_CTX_DAG_RUN_ID='manual__2026-04-10T13:14:13.352674+00:00'
[2026-04-10T13:14:21.235+0000] {taskinstance.py:430} INFO - ::endgroup::
[2026-04-10T13:14:21.249+0000] {weather_etl_dag_v2.py:123} INFO - ============================================================
[2026-04-10T13:14:21.250+0000] {weather_etl_dag_v2.py:124} INFO - TASK: TRANSFORM_CLEAN - Transform and load clean data
[2026-04-10T13:14:21.252+0000] {weather_etl_dag_v2.py:125} INFO - ============================================================
[2026-04-10T13:14:21.271+0000] {logging_mixin.py:188} WARNING - 2026-04-10 13:14:21 - scripts.load_raw - INFO - Successfully connected to PostgreSQL database
[2026-04-10T13:14:21.270+0000] {load_raw.py:38} INFO - Successfully connected to PostgreSQL database
[2026-04-10T13:14:21.275+0000] {logging_mixin.py:188} WARNING - 2026-04-10 13:14:21 - scripts.load_raw - INFO - Retrieved 15 unprocessed raw records
[2026-04-10T13:14:21.274+0000] {load_raw.py:206} INFO - Retrieved 15 unprocessed raw records
[2026-04-10T13:14:21.278+0000] {logging_mixin.py:188} WARNING - 2026-04-10 13:14:21 - scripts.load_raw - INFO - Database connection closed
[2026-04-10T13:14:21.276+0000] {load_raw.py:53} INFO - Database connection closed
[2026-04-10T13:14:21.280+0000] {logging_mixin.py:188} WARNING - 2026-04-10 13:14:21 - scripts.load_clean - INFO - Starting transformation and load for 15 raw records
[2026-04-10T13:14:21.280+0000] {load_clean.py:159} INFO - Starting transformation and load for 15 raw records
[2026-04-10T13:14:21.288+0000] {logging_mixin.py:188} WARNING - 2026-04-10 13:14:21 - scripts.load_clean - INFO - Successfully connected to PostgreSQL database
[2026-04-10T13:14:21.287+0000] {load_clean.py:41} INFO - Successfully connected to PostgreSQL database
[2026-04-10T13:14:21.291+0000] {logging_mixin.py:188} WARNING - 2026-04-10 13:14:21 - scripts.load_clean - INFO - Table 'weather_clean' created or already exists
[2026-04-10T13:14:21.290+0000] {load_clean.py:91} INFO - Table 'weather_clean' created or already exists
[2026-04-10T13:14:21.302+0000] {logging_mixin.py:188} WARNING - 2026-04-10 13:14:21 - scripts.load_clean - INFO - Marked 15 raw records as processed
[2026-04-10T13:14:21.302+0000] {load_clean.py:242} INFO - Marked 15 raw records as processed
[2026-04-10T13:14:21.304+0000] {logging_mixin.py:188} WARNING - 2026-04-10 13:14:21 - scripts.load_clean - INFO - Clean data load complete: 15 transformed, 15 validated, 15 loaded, 0 failed
[2026-04-10T13:14:21.303+0000] {load_clean.py:214} INFO - Clean data load complete: 15 transformed, 15 validated, 15 loaded, 0 failed
[2026-04-10T13:14:21.307+0000] {logging_mixin.py:188} WARNING - 2026-04-10 13:14:21 - scripts.load_clean - INFO - Database connection closed
[2026-04-10T13:14:21.304+0000] {load_clean.py:56} INFO - Database connection closed
[2026-04-10T13:14:21.310+0000] {weather_etl_dag_v2.py:141} INFO - ✓ Transform and load complete: 15 loaded, 0 failed
[2026-04-10T13:14:21.329+0000] {python.py:237} INFO - Done. Returned value was: 15
[2026-04-10T13:14:21.331+0000] {taskinstance.py:441} INFO - ::group::Post task execution logs
[2026-04-10T13:14:21.372+0000] {taskinstance.py:1206} INFO - Marking task as SUCCESS. dag_id=weather_etl_pipeline_v2, task_id=transform_clean, run_id=manual__2026-04-10T13:14:13.352674+00:00, execution_date=20260410T131413, start_date=20260410T131420, end_date=20260410T131421
[2026-04-10T13:14:21.415+0000] {local_task_job_runner.py:243} INFO - Task exited with return code 0
[2026-04-10T13:14:21.457+0000] {taskinstance.py:3503} INFO - 1 downstream tasks scheduled from follow-on schedule check
[2026-04-10T13:14:21.461+0000] {local_task_job_runner.py:222} INFO - ::endgroup::
