[2026-04-16T06:16:29.493+0000] {local_task_job_runner.py:120} INFO - ::group::Pre task execution logs
[2026-04-16T06:16:29.545+0000] {taskinstance.py:2076} INFO - Dependencies all met for dep_context=non-requeueable deps ti=<TaskInstance: weather_etl_pipeline_v2.transform_clean manual__2026-04-16T06:16:22.281493+00:00 [queued]>
[2026-04-16T06:16:29.562+0000] {taskinstance.py:2076} INFO - Dependencies all met for dep_context=requeueable deps ti=<TaskInstance: weather_etl_pipeline_v2.transform_clean manual__2026-04-16T06:16:22.281493+00:00 [queued]>
[2026-04-16T06:16:29.565+0000] {taskinstance.py:2306} INFO - Starting attempt 1 of 3
[2026-04-16T06:16:29.587+0000] {taskinstance.py:2330} INFO - Executing <Task(PythonOperator): transform_clean> on 2026-04-16 06:16:22.281493+00:00
[2026-04-16T06:16:29.595+0000] {logging_mixin.py:188} WARNING - /home/airflow/.local/lib/python3.12/site-packages/airflow/task/task_runner/standard_task_runner.py:62 DeprecationWarning: This process (pid=1115) is multi-threaded, use of fork() may lead to deadlocks in the child.
[2026-04-16T06:16:29.598+0000] {standard_task_runner.py:64} INFO - Started process 1116 to run task
[2026-04-16T06:16:29.595+0000] {standard_task_runner.py:90} INFO - Running: ['airflow', 'tasks', 'run', 'weather_etl_pipeline_v2', 'transform_clean', 'manual__2026-04-16T06:16:22.281493+00:00', '--job-id', '35', '--raw', '--subdir', 'DAGS_FOLDER/weather_etl_dag_v2.py', '--cfg-path', '/tmp/tmp8z_oh707']
[2026-04-16T06:16:29.600+0000] {standard_task_runner.py:91} INFO - Job 35: Subtask transform_clean
[2026-04-16T06:16:29.686+0000] {task_command.py:426} INFO - Running <TaskInstance: weather_etl_pipeline_v2.transform_clean manual__2026-04-16T06:16:22.281493+00:00 [running]> on host cf9362e38fb8
[2026-04-16T06:16:29.818+0000] {taskinstance.py:2648} INFO - Exporting env vars: AIRFLOW_CTX_DAG_OWNER='weather_etl' AIRFLOW_CTX_DAG_ID='weather_etl_pipeline_v2' AIRFLOW_CTX_TASK_ID='transform_clean' AIRFLOW_CTX_EXECUTION_DATE='2026-04-16T06:16:22.281493+00:00' AIRFLOW_CTX_TRY_NUMBER='1' AIRFLOW_CTX_DAG_RUN_ID='manual__2026-04-16T06:16:22.281493+00:00'
[2026-04-16T06:16:29.821+0000] {taskinstance.py:430} INFO - ::endgroup::
[2026-04-16T06:16:29.841+0000] {weather_etl_dag_v2.py:177} INFO - ============================================================
[2026-04-16T06:16:29.843+0000] {weather_etl_dag_v2.py:178} INFO - TASK: TRANSFORM_CLEAN — Transform & load validated data
[2026-04-16T06:16:29.845+0000] {weather_etl_dag_v2.py:179} INFO - ============================================================
[2026-04-16T06:16:29.869+0000] {logging_mixin.py:188} WARNING - 2026-04-16 06:16:29 - scripts.load_raw - INFO - Successfully connected to PostgreSQL database
[2026-04-16T06:16:29.868+0000] {load_raw.py:38} INFO - Successfully connected to PostgreSQL database
[2026-04-16T06:16:29.874+0000] {logging_mixin.py:188} WARNING - 2026-04-16 06:16:29 - scripts.load_raw - INFO - Retrieved 28 unprocessed raw records (active only)
[2026-04-16T06:16:29.874+0000] {load_raw.py:232} INFO - Retrieved 28 unprocessed raw records (active only)
[2026-04-16T06:16:29.878+0000] {logging_mixin.py:188} WARNING - 2026-04-16 06:16:29 - scripts.load_raw - INFO - Database connection closed
[2026-04-16T06:16:29.877+0000] {load_raw.py:53} INFO - Database connection closed
[2026-04-16T06:16:29.880+0000] {logging_mixin.py:188} WARNING - 2026-04-16 06:16:29 - scripts.load_clean - INFO - Starting transformation and load for 28 raw records
[2026-04-16T06:16:29.880+0000] {load_clean.py:210} INFO - Starting transformation and load for 28 raw records
[2026-04-16T06:16:29.891+0000] {logging_mixin.py:188} WARNING - 2026-04-16 06:16:29 - scripts.load_clean - INFO - Successfully connected to PostgreSQL database
[2026-04-16T06:16:29.890+0000] {load_clean.py:41} INFO - Successfully connected to PostgreSQL database
[2026-04-16T06:16:29.895+0000] {logging_mixin.py:188} WARNING - 2026-04-16 06:16:29 - scripts.load_clean - INFO - Table 'weather_clean' created or already exists
[2026-04-16T06:16:29.895+0000] {load_clean.py:109} INFO - Table 'weather_clean' created or already exists
[2026-04-16T06:16:29.920+0000] {logging_mixin.py:188} WARNING - 2026-04-16 06:16:29 - scripts.load_clean - INFO - Marked 28 raw records as processed
[2026-04-16T06:16:29.919+0000] {load_clean.py:293} INFO - Marked 28 raw records as processed
[2026-04-16T06:16:29.922+0000] {logging_mixin.py:188} WARNING - 2026-04-16 06:16:29 - scripts.load_clean - INFO - Clean data load complete: 28 transformed, 28 validated, 28 loaded, 0 failed
[2026-04-16T06:16:29.921+0000] {load_clean.py:265} INFO - Clean data load complete: 28 transformed, 28 validated, 28 loaded, 0 failed
[2026-04-16T06:16:29.924+0000] {logging_mixin.py:188} WARNING - 2026-04-16 06:16:29 - scripts.load_clean - INFO - Database connection closed
[2026-04-16T06:16:29.923+0000] {load_clean.py:56} INFO - Database connection closed
[2026-04-16T06:16:29.948+0000] {weather_etl_dag_v2.py:193} INFO - ✓ Transform complete: 28 loaded, 0 failed (will be checked in quality_check)
[2026-04-16T06:16:29.951+0000] {python.py:237} INFO - Done. Returned value was: 28
[2026-04-16T06:16:29.952+0000] {taskinstance.py:441} INFO - ::group::Post task execution logs
[2026-04-16T06:16:29.984+0000] {taskinstance.py:1206} INFO - Marking task as SUCCESS. dag_id=weather_etl_pipeline_v2, task_id=transform_clean, run_id=manual__2026-04-16T06:16:22.281493+00:00, execution_date=20260416T061622, start_date=20260416T061629, end_date=20260416T061629
[2026-04-16T06:16:30.017+0000] {local_task_job_runner.py:243} INFO - Task exited with return code 0
[2026-04-16T06:16:30.057+0000] {taskinstance.py:3503} INFO - 1 downstream tasks scheduled from follow-on schedule check
[2026-04-16T06:16:30.059+0000] {local_task_job_runner.py:222} INFO - ::endgroup::
