[2026-04-09T11:11:00.472+0000] {local_task_job_runner.py:120} INFO - ::group::Pre task execution logs
[2026-04-09T11:11:00.536+0000] {taskinstance.py:2076} INFO - Dependencies all met for dep_context=non-requeueable deps ti=<TaskInstance: weather_etl_pipeline_mock.extract manual__2026-04-09T11:10:58.868818+00:00 [queued]>
[2026-04-09T11:11:00.550+0000] {taskinstance.py:2076} INFO - Dependencies all met for dep_context=requeueable deps ti=<TaskInstance: weather_etl_pipeline_mock.extract manual__2026-04-09T11:10:58.868818+00:00 [queued]>
[2026-04-09T11:11:00.552+0000] {taskinstance.py:2306} INFO - Starting attempt 1 of 3
[2026-04-09T11:11:00.572+0000] {taskinstance.py:2330} INFO - Executing <Task(PythonOperator): extract> on 2026-04-09 11:10:58.868818+00:00
[2026-04-09T11:11:00.594+0000] {standard_task_runner.py:90} INFO - Running: ['airflow', 'tasks', 'run', 'weather_etl_pipeline_mock', 'extract', 'manual__2026-04-09T11:10:58.868818+00:00', '--job-id', '15', '--raw', '--subdir', 'DAGS_FOLDER/weather_etl_dag_mock.py', '--cfg-path', '/tmp/tmpjznc9s6n']
[2026-04-09T11:11:00.605+0000] {standard_task_runner.py:91} INFO - Job 15: Subtask extract
[2026-04-09T11:11:00.610+0000] {logging_mixin.py:188} WARNING - /home/airflow/.local/lib/python3.12/site-packages/airflow/task/task_runner/standard_task_runner.py:62 DeprecationWarning: This process (pid=322) is multi-threaded, use of fork() may lead to deadlocks in the child.
[2026-04-09T11:11:00.612+0000] {standard_task_runner.py:64} INFO - Started process 325 to run task
[2026-04-09T11:11:00.748+0000] {task_command.py:426} INFO - Running <TaskInstance: weather_etl_pipeline_mock.extract manual__2026-04-09T11:10:58.868818+00:00 [running]> on host bbdcd07d63cf
[2026-04-09T11:11:00.886+0000] {taskinstance.py:2648} INFO - Exporting env vars: AIRFLOW_CTX_DAG_OWNER='weather_etl' AIRFLOW_CTX_DAG_ID='weather_etl_pipeline_mock' AIRFLOW_CTX_TASK_ID='extract' AIRFLOW_CTX_EXECUTION_DATE='2026-04-09T11:10:58.868818+00:00' AIRFLOW_CTX_TRY_NUMBER='1' AIRFLOW_CTX_DAG_RUN_ID='manual__2026-04-09T11:10:58.868818+00:00'
[2026-04-09T11:11:00.888+0000] {taskinstance.py:430} INFO - ::endgroup::
[2026-04-09T11:11:00.906+0000] {logger.py:59} INFO - ============================================================
[2026-04-09T11:11:00.907+0000] {logger.py:60} INFO - Starting Weather Extraction (Mock)
[2026-04-09T11:11:00.908+0000] {logger.py:61} INFO - Execution time: 2026-04-09 11:11:00
[2026-04-09T11:11:00.909+0000] {logger.py:62} INFO - ============================================================
[2026-04-09T11:11:00.916+0000] {logging_mixin.py:188} WARNING - 2026-04-09 11:11:00 - scripts.extract_mock - INFO - Generating mock weather data for 5 cities
[2026-04-09T11:11:00.915+0000] {extract_mock.py:118} INFO - Generating mock weather data for 5 cities
[2026-04-09T11:11:00.918+0000] {logging_mixin.py:188} WARNING - 2026-04-09 11:11:00 - scripts.extract_mock - INFO - Generated mock data for London
[2026-04-09T11:11:00.918+0000] {extract_mock.py:126} INFO - Generated mock data for London
[2026-04-09T11:11:00.920+0000] {logging_mixin.py:188} WARNING - 2026-04-09 11:11:00 - scripts.extract_mock - INFO - Generated mock data for New York
[2026-04-09T11:11:00.920+0000] {extract_mock.py:126} INFO - Generated mock data for New York
[2026-04-09T11:11:00.923+0000] {logging_mixin.py:188} WARNING - 2026-04-09 11:11:00 - scripts.extract_mock - INFO - Generated mock data for Tokyo
[2026-04-09T11:11:00.922+0000] {extract_mock.py:126} INFO - Generated mock data for Tokyo
[2026-04-09T11:11:00.925+0000] {logging_mixin.py:188} WARNING - 2026-04-09 11:11:00 - scripts.extract_mock - INFO - Generated mock data for Paris
[2026-04-09T11:11:00.924+0000] {extract_mock.py:126} INFO - Generated mock data for Paris
[2026-04-09T11:11:00.927+0000] {logging_mixin.py:188} WARNING - 2026-04-09 11:11:00 - scripts.extract_mock - INFO - Generated mock data for Sydney
[2026-04-09T11:11:00.926+0000] {extract_mock.py:126} INFO - Generated mock data for Sydney
[2026-04-09T11:11:00.931+0000] {logging_mixin.py:188} WARNING - 2026-04-09 11:11:00 - scripts.extract_mock - INFO - Generated 5 mock weather records
[2026-04-09T11:11:00.930+0000] {extract_mock.py:128} INFO - Generated 5 mock weather records
[2026-04-09T11:11:00.966+0000] {weather_etl_dag_mock.py:59} INFO - Extracted 5 mock records
[2026-04-09T11:11:00.968+0000] {logger.py:67} INFO - ============================================================
[2026-04-09T11:11:00.971+0000] {logger.py:68} INFO - Finished Weather Extraction (Mock)
[2026-04-09T11:11:00.974+0000] {logger.py:69} INFO - Status: SUCCESS
[2026-04-09T11:11:00.978+0000] {logger.py:70} INFO - Execution time: 2026-04-09 11:11:00
[2026-04-09T11:11:00.980+0000] {logger.py:71} INFO - ============================================================
[2026-04-09T11:11:00.982+0000] {python.py:237} INFO - Done. Returned value was: 5
[2026-04-09T11:11:00.984+0000] {taskinstance.py:441} INFO - ::group::Post task execution logs
[2026-04-09T11:11:01.033+0000] {taskinstance.py:1206} INFO - Marking task as SUCCESS. dag_id=weather_etl_pipeline_mock, task_id=extract, run_id=manual__2026-04-09T11:10:58.868818+00:00, execution_date=20260409T111058, start_date=20260409T111100, end_date=20260409T111101
[2026-04-09T11:11:01.074+0000] {local_task_job_runner.py:243} INFO - Task exited with return code 0
[2026-04-09T11:11:01.128+0000] {taskinstance.py:3503} INFO - 1 downstream tasks scheduled from follow-on schedule check
[2026-04-09T11:11:01.133+0000] {local_task_job_runner.py:222} INFO - ::endgroup::
