[2026-04-16T06:05:40.985+0000] {local_task_job_runner.py:120} INFO - ::group::Pre task execution logs
[2026-04-16T06:05:41.026+0000] {taskinstance.py:2076} INFO - Dependencies all met for dep_context=non-requeueable deps ti=<TaskInstance: weather_etl_pipeline_v2.load_raw manual__2026-04-16T06:05:37.432043+00:00 [queued]>
[2026-04-16T06:05:41.041+0000] {taskinstance.py:2076} INFO - Dependencies all met for dep_context=requeueable deps ti=<TaskInstance: weather_etl_pipeline_v2.load_raw manual__2026-04-16T06:05:37.432043+00:00 [queued]>
[2026-04-16T06:05:41.043+0000] {taskinstance.py:2306} INFO - Starting attempt 1 of 4
[2026-04-16T06:05:41.066+0000] {taskinstance.py:2330} INFO - Executing <Task(PythonOperator): load_raw> on 2026-04-16 06:05:37.432043+00:00
[2026-04-16T06:05:41.076+0000] {logging_mixin.py:188} WARNING - /home/airflow/.local/lib/python3.12/site-packages/airflow/task/task_runner/standard_task_runner.py:62 DeprecationWarning: This process (pid=740) is multi-threaded, use of fork() may lead to deadlocks in the child.
[2026-04-16T06:05:41.076+0000] {standard_task_runner.py:90} INFO - Running: ['airflow', 'tasks', 'run', 'weather_etl_pipeline_v2', 'load_raw', 'manual__2026-04-16T06:05:37.432043+00:00', '--job-id', '20', '--raw', '--subdir', 'DAGS_FOLDER/weather_etl_dag_v2.py', '--cfg-path', '/tmp/tmpib05ip71']
[2026-04-16T06:05:41.078+0000] {standard_task_runner.py:64} INFO - Started process 741 to run task
[2026-04-16T06:05:41.079+0000] {standard_task_runner.py:91} INFO - Job 20: Subtask load_raw
[2026-04-16T06:05:41.161+0000] {task_command.py:426} INFO - Running <TaskInstance: weather_etl_pipeline_v2.load_raw manual__2026-04-16T06:05:37.432043+00:00 [running]> on host cf9362e38fb8
[2026-04-16T06:05:41.351+0000] {taskinstance.py:2648} INFO - Exporting env vars: AIRFLOW_CTX_DAG_OWNER='weather_etl' AIRFLOW_CTX_DAG_ID='weather_etl_pipeline_v2' AIRFLOW_CTX_TASK_ID='load_raw' AIRFLOW_CTX_EXECUTION_DATE='2026-04-16T06:05:37.432043+00:00' AIRFLOW_CTX_TRY_NUMBER='1' AIRFLOW_CTX_DAG_RUN_ID='manual__2026-04-16T06:05:37.432043+00:00'
[2026-04-16T06:05:41.357+0000] {taskinstance.py:430} INFO - ::endgroup::
[2026-04-16T06:05:41.381+0000] {weather_etl_dag_v2.py:144} INFO - ============================================================
[2026-04-16T06:05:41.383+0000] {weather_etl_dag_v2.py:145} INFO - TASK: LOAD_RAW — Persisting raw API responses to weather_raw
[2026-04-16T06:05:41.385+0000] {weather_etl_dag_v2.py:146} INFO - ============================================================
[2026-04-16T06:05:41.418+0000] {logging_mixin.py:188} WARNING - 2026-04-16 06:05:41 - scripts.load_raw - INFO - Starting raw data load for 5 records
[2026-04-16T06:05:41.417+0000] {load_raw.py:154} INFO - Starting raw data load for 5 records
[2026-04-16T06:05:41.432+0000] {logging_mixin.py:188} WARNING - 2026-04-16 06:05:41 - scripts.load_raw - INFO - Successfully connected to PostgreSQL database
[2026-04-16T06:05:41.431+0000] {load_raw.py:38} INFO - Successfully connected to PostgreSQL database
[2026-04-16T06:05:41.440+0000] {logging_mixin.py:188} WARNING - 2026-04-16 06:05:41 - scripts.load_raw - INFO - Table 'weather_raw' created or already exists
[2026-04-16T06:05:41.438+0000] {load_raw.py:88} INFO - Table 'weather_raw' created or already exists
[2026-04-16T06:05:41.456+0000] {logging_mixin.py:188} WARNING - 2026-04-16 06:05:41 - scripts.load_raw - INFO - Raw data load complete: 5 inserted, 0 skipped (duplicates)
[2026-04-16T06:05:41.455+0000] {load_raw.py:182} INFO - Raw data load complete: 5 inserted, 0 skipped (duplicates)
[2026-04-16T06:05:41.462+0000] {logging_mixin.py:188} WARNING - 2026-04-16 06:05:41 - scripts.load_raw - INFO - Database connection closed
[2026-04-16T06:05:41.458+0000] {load_raw.py:53} INFO - Database connection closed
[2026-04-16T06:05:41.464+0000] {weather_etl_dag_v2.py:158} INFO - ✓ Raw load complete: 5 upserted, 0 skipped (duplicates)
[2026-04-16T06:05:41.466+0000] {python.py:237} INFO - Done. Returned value was: 5
[2026-04-16T06:05:41.468+0000] {taskinstance.py:441} INFO - ::group::Post task execution logs
[2026-04-16T06:05:41.510+0000] {taskinstance.py:1206} INFO - Marking task as SUCCESS. dag_id=weather_etl_pipeline_v2, task_id=load_raw, run_id=manual__2026-04-16T06:05:37.432043+00:00, execution_date=20260416T060537, start_date=20260416T060541, end_date=20260416T060541
[2026-04-16T06:05:41.537+0000] {local_task_job_runner.py:243} INFO - Task exited with return code 0
[2026-04-16T06:05:41.589+0000] {taskinstance.py:3503} INFO - 1 downstream tasks scheduled from follow-on schedule check
[2026-04-16T06:05:41.593+0000] {local_task_job_runner.py:222} INFO - ::endgroup::
