[2026-04-16T06:36:30.738+0000] {local_task_job_runner.py:120} INFO - ::group::Pre task execution logs
[2026-04-16T06:36:30.792+0000] {taskinstance.py:2076} INFO - Dependencies all met for dep_context=non-requeueable deps ti=<TaskInstance: weather_etl_pipeline_v2.quality_check manual__2026-04-16T06:36:21+00:00 [queued]>
[2026-04-16T06:36:30.807+0000] {taskinstance.py:2076} INFO - Dependencies all met for dep_context=requeueable deps ti=<TaskInstance: weather_etl_pipeline_v2.quality_check manual__2026-04-16T06:36:21+00:00 [queued]>
[2026-04-16T06:36:30.808+0000] {taskinstance.py:2306} INFO - Starting attempt 1 of 3
[2026-04-16T06:36:30.829+0000] {taskinstance.py:2330} INFO - Executing <Task(PythonOperator): quality_check> on 2026-04-16 06:36:21+00:00
[2026-04-16T06:36:30.842+0000] {logging_mixin.py:188} WARNING - /home/airflow/.local/lib/python3.12/site-packages/airflow/task/task_runner/standard_task_runner.py:62 DeprecationWarning: This process (pid=1783) is multi-threaded, use of fork() may lead to deadlocks in the child.
[2026-04-16T06:36:30.840+0000] {standard_task_runner.py:90} INFO - Running: ['airflow', 'tasks', 'run', 'weather_etl_pipeline_v2', 'quality_check', 'manual__2026-04-16T06:36:21+00:00', '--job-id', '43', '--raw', '--subdir', 'DAGS_FOLDER/weather_etl_dag_v2.py', '--cfg-path', '/tmp/tmp_l88wo1g']
[2026-04-16T06:36:30.844+0000] {standard_task_runner.py:64} INFO - Started process 1784 to run task
[2026-04-16T06:36:30.845+0000] {standard_task_runner.py:91} INFO - Job 43: Subtask quality_check
[2026-04-16T06:36:30.927+0000] {task_command.py:426} INFO - Running <TaskInstance: weather_etl_pipeline_v2.quality_check manual__2026-04-16T06:36:21+00:00 [running]> on host cf9362e38fb8
[2026-04-16T06:36:31.072+0000] {taskinstance.py:2648} INFO - Exporting env vars: AIRFLOW_CTX_DAG_OWNER='weather_etl' AIRFLOW_CTX_DAG_ID='weather_etl_pipeline_v2' AIRFLOW_CTX_TASK_ID='quality_check' AIRFLOW_CTX_EXECUTION_DATE='2026-04-16T06:36:21+00:00' AIRFLOW_CTX_TRY_NUMBER='1' AIRFLOW_CTX_DAG_RUN_ID='manual__2026-04-16T06:36:21+00:00'
[2026-04-16T06:36:31.076+0000] {taskinstance.py:430} INFO - ::endgroup::
[2026-04-16T06:36:31.093+0000] {weather_etl_dag_v2.py:217} INFO - ============================================================
[2026-04-16T06:36:31.095+0000] {weather_etl_dag_v2.py:218} INFO - TASK: QUALITY_CHECK — Validating clean data quality
[2026-04-16T06:36:31.098+0000] {weather_etl_dag_v2.py:219} INFO - ============================================================
[2026-04-16T06:36:31.114+0000] {logging_mixin.py:188} WARNING - 2026-04-16 06:36:31 - scripts.validate - INFO - Starting data quality validation for 22 records
[2026-04-16T06:36:31.113+0000] {validate.py:201} INFO - Starting data quality validation for 22 records
[2026-04-16T06:36:31.119+0000] {logging_mixin.py:188} WARNING - 2026-04-16 06:36:31 - scripts.validate - INFO - Validation complete: 22 valid, 0 invalid (100.0% pass rate)
[2026-04-16T06:36:31.118+0000] {validate.py:228} INFO - Validation complete: 22 valid, 0 invalid (100.0% pass rate)
[2026-04-16T06:36:31.120+0000] {weather_etl_dag_v2.py:264} INFO - ✓ Quality check: 100.0% pass rate (22/22)
[2026-04-16T06:36:31.139+0000] {python.py:237} INFO - Done. Returned value was: 100.0
[2026-04-16T06:36:31.140+0000] {taskinstance.py:441} INFO - ::group::Post task execution logs
[2026-04-16T06:36:31.167+0000] {taskinstance.py:1206} INFO - Marking task as SUCCESS. dag_id=weather_etl_pipeline_v2, task_id=quality_check, run_id=manual__2026-04-16T06:36:21+00:00, execution_date=20260416T063621, start_date=20260416T063630, end_date=20260416T063631
[2026-04-16T06:36:31.222+0000] {local_task_job_runner.py:243} INFO - Task exited with return code 0
[2026-04-16T06:36:31.266+0000] {taskinstance.py:3503} INFO - 1 downstream tasks scheduled from follow-on schedule check
[2026-04-16T06:36:31.270+0000] {local_task_job_runner.py:222} INFO - ::endgroup::
