[2026-04-27T04:52:26.711+0000] {local_task_job_runner.py:120} INFO - ::group::Pre task execution logs
[2026-04-27T04:52:26.746+0000] {taskinstance.py:2076} INFO - Dependencies all met for dep_context=non-requeueable deps ti=<TaskInstance: weather_etl_pipeline_v2.update_metadata_success scheduled__2026-04-26T02:00:00+00:00 [queued]>
[2026-04-27T04:52:26.758+0000] {taskinstance.py:2076} INFO - Dependencies all met for dep_context=requeueable deps ti=<TaskInstance: weather_etl_pipeline_v2.update_metadata_success scheduled__2026-04-26T02:00:00+00:00 [queued]>
[2026-04-27T04:52:26.759+0000] {taskinstance.py:2306} INFO - Starting attempt 1 of 4
[2026-04-27T04:52:26.773+0000] {taskinstance.py:2330} INFO - Executing <Task(PythonOperator): update_metadata_success> on 2026-04-26 02:00:00+00:00
[2026-04-27T04:52:26.780+0000] {logging_mixin.py:188} WARNING - /home/airflow/.local/lib/python3.12/site-packages/airflow/task/task_runner/standard_task_runner.py:62 DeprecationWarning: This process (pid=206) is multi-threaded, use of fork() may lead to deadlocks in the child.
[2026-04-27T04:52:26.781+0000] {standard_task_runner.py:64} INFO - Started process 207 to run task
[2026-04-27T04:52:26.780+0000] {standard_task_runner.py:90} INFO - Running: ['airflow', 'tasks', 'run', 'weather_etl_pipeline_v2', 'update_metadata_success', 'scheduled__2026-04-26T02:00:00+00:00', '--job-id', '204', '--raw', '--subdir', 'DAGS_FOLDER/weather_etl_dag_v2.py', '--cfg-path', '/tmp/tmp5n0jvcrt']
[2026-04-27T04:52:26.782+0000] {standard_task_runner.py:91} INFO - Job 204: Subtask update_metadata_success
[2026-04-27T04:52:26.838+0000] {task_command.py:426} INFO - Running <TaskInstance: weather_etl_pipeline_v2.update_metadata_success scheduled__2026-04-26T02:00:00+00:00 [running]> on host c5d9a3d307d7
[2026-04-27T04:52:26.941+0000] {taskinstance.py:2648} INFO - Exporting env vars: AIRFLOW_CTX_DAG_OWNER='weather_etl' AIRFLOW_CTX_DAG_ID='weather_etl_pipeline_v2' AIRFLOW_CTX_TASK_ID='update_metadata_success' AIRFLOW_CTX_EXECUTION_DATE='2026-04-26T02:00:00+00:00' AIRFLOW_CTX_TRY_NUMBER='1' AIRFLOW_CTX_DAG_RUN_ID='scheduled__2026-04-26T02:00:00+00:00'
[2026-04-27T04:52:26.943+0000] {taskinstance.py:430} INFO - ::endgroup::
[2026-04-27T04:52:26.958+0000] {weather_etl_dag_v2.py:316} INFO - ============================================================
[2026-04-27T04:52:26.959+0000] {weather_etl_dag_v2.py:317} INFO - TASK: UPDATE_METADATA_SUCCESS — Recording successful pipeline run
[2026-04-27T04:52:26.960+0000] {weather_etl_dag_v2.py:318} INFO - ============================================================
[2026-04-27T04:52:27.019+0000] {logging_mixin.py:188} WARNING - 2026-04-27 04:52:27 - scripts.metadata_manager - INFO - Successfully connected to PostgreSQL database
[2026-04-27T04:52:27.018+0000] {metadata_manager.py:38} INFO - Successfully connected to PostgreSQL database
[2026-04-27T04:52:27.023+0000] {logging_mixin.py:188} WARNING - 2026-04-27 04:52:27 - scripts.metadata_manager - INFO - Table 'pipeline_metadata' created or already exists
[2026-04-27T04:52:27.023+0000] {metadata_manager.py:92} INFO - Table 'pipeline_metadata' created or already exists
[2026-04-27T04:52:27.027+0000] {logging_mixin.py:188} WARNING - 2026-04-27 04:52:27 - scripts.metadata_manager - INFO - Pipeline weather_etl_pipeline_v2 marked as SUCCESS: 14 processed, 243 inserted, 0 failed
[2026-04-27T04:52:27.027+0000] {metadata_manager.py:241} INFO - Pipeline weather_etl_pipeline_v2 marked as SUCCESS: 14 processed, 243 inserted, 0 failed
[2026-04-27T04:52:27.029+0000] {logging_mixin.py:188} WARNING - 2026-04-27 04:52:27 - scripts.metadata_manager - INFO - Database connection closed
[2026-04-27T04:52:27.028+0000] {metadata_manager.py:53} INFO - Database connection closed
[2026-04-27T04:52:27.030+0000] {weather_etl_dag_v2.py:338} INFO - ✓ Pipeline marked as SUCCESS
[2026-04-27T04:52:27.030+0000] {weather_etl_dag_v2.py:339} INFO -   Records extracted  : 14
[2026-04-27T04:52:27.031+0000] {weather_etl_dag_v2.py:340} INFO -   Records inserted   : 243
[2026-04-27T04:52:27.032+0000] {weather_etl_dag_v2.py:341} INFO -   Records failed     : 0
[2026-04-27T04:52:27.033+0000] {weather_etl_dag_v2.py:342} INFO -   Validation rate    : 100.0%
[2026-04-27T04:52:27.034+0000] {weather_etl_dag_v2.py:343} INFO -   Agg rows upserted  : 0
[2026-04-27T04:52:27.034+0000] {python.py:237} INFO - Done. Returned value was: True
[2026-04-27T04:52:27.035+0000] {taskinstance.py:441} INFO - ::group::Post task execution logs
[2026-04-27T04:52:27.057+0000] {taskinstance.py:1206} INFO - Marking task as SUCCESS. dag_id=weather_etl_pipeline_v2, task_id=update_metadata_success, run_id=scheduled__2026-04-26T02:00:00+00:00, execution_date=20260426T020000, start_date=20260427T045226, end_date=20260427T045227
[2026-04-27T04:52:27.076+0000] {local_task_job_runner.py:243} INFO - Task exited with return code 0
[2026-04-27T04:52:27.097+0000] {taskinstance.py:3503} INFO - 0 downstream tasks scheduled from follow-on schedule check
[2026-04-27T04:52:27.099+0000] {local_task_job_runner.py:222} INFO - ::endgroup::
