[2026-04-13T06:36:23.565+0000] {local_task_job_runner.py:120} INFO - ::group::Pre task execution logs
[2026-04-13T06:36:23.639+0000] {taskinstance.py:2076} INFO - Dependencies all met for dep_context=non-requeueable deps ti=<TaskInstance: weather_etl_pipeline_v2.quality_check manual__2026-04-13T06:36:13+00:00 [queued]>
[2026-04-13T06:36:23.667+0000] {taskinstance.py:2076} INFO - Dependencies all met for dep_context=requeueable deps ti=<TaskInstance: weather_etl_pipeline_v2.quality_check manual__2026-04-13T06:36:13+00:00 [queued]>
[2026-04-13T06:36:23.669+0000] {taskinstance.py:2306} INFO - Starting attempt 1 of 3
[2026-04-13T06:36:23.713+0000] {taskinstance.py:2330} INFO - Executing <Task(PythonOperator): quality_check> on 2026-04-13 06:36:13+00:00
[2026-04-13T06:36:23.725+0000] {standard_task_runner.py:90} INFO - Running: ['airflow', 'tasks', 'run', 'weather_etl_pipeline_v2', 'quality_check', 'manual__2026-04-13T06:36:13+00:00', '--job-id', '159', '--raw', '--subdir', 'DAGS_FOLDER/weather_etl_dag_v2.py', '--cfg-path', '/tmp/tmpq8x4096l']
[2026-04-13T06:36:23.729+0000] {standard_task_runner.py:91} INFO - Job 159: Subtask quality_check
[2026-04-13T06:36:23.738+0000] {logging_mixin.py:188} WARNING - /home/airflow/.local/lib/python3.12/site-packages/airflow/task/task_runner/standard_task_runner.py:62 DeprecationWarning: This process (pid=206) is multi-threaded, use of fork() may lead to deadlocks in the child.
[2026-04-13T06:36:23.740+0000] {standard_task_runner.py:64} INFO - Started process 207 to run task
[2026-04-13T06:36:23.814+0000] {task_command.py:426} INFO - Running <TaskInstance: weather_etl_pipeline_v2.quality_check manual__2026-04-13T06:36:13+00:00 [running]> on host 5aae7c9eda2a
[2026-04-13T06:36:23.986+0000] {taskinstance.py:2648} INFO - Exporting env vars: AIRFLOW_CTX_DAG_OWNER='weather_etl' AIRFLOW_CTX_DAG_ID='weather_etl_pipeline_v2' AIRFLOW_CTX_TASK_ID='quality_check' AIRFLOW_CTX_EXECUTION_DATE='2026-04-13T06:36:13+00:00' AIRFLOW_CTX_TRY_NUMBER='1' AIRFLOW_CTX_DAG_RUN_ID='manual__2026-04-13T06:36:13+00:00'
[2026-04-13T06:36:23.991+0000] {taskinstance.py:430} INFO - ::endgroup::
[2026-04-13T06:36:24.011+0000] {weather_etl_dag_v2.py:158} INFO - ============================================================
[2026-04-13T06:36:24.013+0000] {weather_etl_dag_v2.py:159} INFO - TASK: QUALITY_CHECK - Validating data quality
[2026-04-13T06:36:24.014+0000] {weather_etl_dag_v2.py:160} INFO - ============================================================
[2026-04-13T06:36:24.043+0000] {logging_mixin.py:188} WARNING - 2026-04-13 06:36:24 - scripts.validate - INFO - Starting data quality validation for 57 records
[2026-04-13T06:36:24.042+0000] {validate.py:201} INFO - Starting data quality validation for 57 records
[2026-04-13T06:36:24.047+0000] {logging_mixin.py:188} WARNING - 2026-04-13 06:36:24 - scripts.validate - INFO - Validation complete: 57 valid, 0 invalid (100.0% pass rate)
[2026-04-13T06:36:24.046+0000] {validate.py:228} INFO - Validation complete: 57 valid, 0 invalid (100.0% pass rate)
[2026-04-13T06:36:24.050+0000] {weather_etl_dag_v2.py:207} INFO - ✓ Quality check complete: 100.0% pass rate
[2026-04-13T06:36:24.088+0000] {python.py:237} INFO - Done. Returned value was: 100.0
[2026-04-13T06:36:24.090+0000] {taskinstance.py:441} INFO - ::group::Post task execution logs
[2026-04-13T06:36:24.134+0000] {taskinstance.py:1206} INFO - Marking task as SUCCESS. dag_id=weather_etl_pipeline_v2, task_id=quality_check, run_id=manual__2026-04-13T06:36:13+00:00, execution_date=20260413T063613, start_date=20260413T063623, end_date=20260413T063624
[2026-04-13T06:36:24.198+0000] {local_task_job_runner.py:243} INFO - Task exited with return code 0
[2026-04-13T06:36:24.256+0000] {taskinstance.py:3503} INFO - 1 downstream tasks scheduled from follow-on schedule check
[2026-04-13T06:36:24.264+0000] {local_task_job_runner.py:222} INFO - ::endgroup::
