[2026-04-27T04:52:17.215+0000] {processor.py:161} INFO - Started process (PID=179) to work on /opt/airflow/dags/__init__.py
[2026-04-27T04:52:17.216+0000] {processor.py:830} INFO - Processing file /opt/airflow/dags/__init__.py for tasks to queue
[2026-04-27T04:52:17.219+0000] {logging_mixin.py:188} INFO - [2026-04-27T04:52:17.219+0000] {dagbag.py:545} INFO - Filling up the DagBag from /opt/airflow/dags/__init__.py
[2026-04-27T04:52:17.241+0000] {processor.py:842} WARNING - No viable dags retrieved from /opt/airflow/dags/__init__.py
[2026-04-27T04:52:17.263+0000] {processor.py:183} INFO - Processing /opt/airflow/dags/__init__.py took 0.057 seconds
[2026-04-27T04:52:47.633+0000] {processor.py:161} INFO - Started process (PID=208) to work on /opt/airflow/dags/__init__.py
[2026-04-27T04:52:47.634+0000] {processor.py:830} INFO - Processing file /opt/airflow/dags/__init__.py for tasks to queue
[2026-04-27T04:52:47.640+0000] {logging_mixin.py:188} INFO - [2026-04-27T04:52:47.640+0000] {dagbag.py:545} INFO - Filling up the DagBag from /opt/airflow/dags/__init__.py
[2026-04-27T04:52:47.670+0000] {processor.py:842} WARNING - No viable dags retrieved from /opt/airflow/dags/__init__.py
[2026-04-27T04:52:47.690+0000] {processor.py:183} INFO - Processing /opt/airflow/dags/__init__.py took 0.067 seconds
[2026-04-27T04:53:18.269+0000] {processor.py:161} INFO - Started process (PID=225) to work on /opt/airflow/dags/__init__.py
[2026-04-27T04:53:18.274+0000] {processor.py:830} INFO - Processing file /opt/airflow/dags/__init__.py for tasks to queue
[2026-04-27T04:53:18.280+0000] {logging_mixin.py:188} INFO - [2026-04-27T04:53:18.279+0000] {dagbag.py:545} INFO - Filling up the DagBag from /opt/airflow/dags/__init__.py
[2026-04-27T04:53:18.389+0000] {processor.py:842} WARNING - No viable dags retrieved from /opt/airflow/dags/__init__.py
[2026-04-27T04:53:18.427+0000] {processor.py:183} INFO - Processing /opt/airflow/dags/__init__.py took 0.174 seconds
[2026-04-27T04:53:48.740+0000] {processor.py:161} INFO - Started process (PID=242) to work on /opt/airflow/dags/__init__.py
[2026-04-27T04:53:48.742+0000] {processor.py:830} INFO - Processing file /opt/airflow/dags/__init__.py for tasks to queue
[2026-04-27T04:53:48.745+0000] {logging_mixin.py:188} INFO - [2026-04-27T04:53:48.744+0000] {dagbag.py:545} INFO - Filling up the DagBag from /opt/airflow/dags/__init__.py
[2026-04-27T04:53:48.762+0000] {processor.py:842} WARNING - No viable dags retrieved from /opt/airflow/dags/__init__.py
[2026-04-27T04:53:48.785+0000] {processor.py:183} INFO - Processing /opt/airflow/dags/__init__.py took 0.054 seconds
[2026-04-27T04:54:19.046+0000] {processor.py:161} INFO - Started process (PID=259) to work on /opt/airflow/dags/__init__.py
[2026-04-27T04:54:19.047+0000] {processor.py:830} INFO - Processing file /opt/airflow/dags/__init__.py for tasks to queue
[2026-04-27T04:54:19.050+0000] {logging_mixin.py:188} INFO - [2026-04-27T04:54:19.049+0000] {dagbag.py:545} INFO - Filling up the DagBag from /opt/airflow/dags/__init__.py
[2026-04-27T04:54:19.072+0000] {processor.py:842} WARNING - No viable dags retrieved from /opt/airflow/dags/__init__.py
[2026-04-27T04:54:19.090+0000] {processor.py:183} INFO - Processing /opt/airflow/dags/__init__.py took 0.053 seconds
[2026-04-27T04:54:49.327+0000] {processor.py:161} INFO - Started process (PID=276) to work on /opt/airflow/dags/__init__.py
[2026-04-27T04:54:49.328+0000] {processor.py:830} INFO - Processing file /opt/airflow/dags/__init__.py for tasks to queue
[2026-04-27T04:54:49.332+0000] {logging_mixin.py:188} INFO - [2026-04-27T04:54:49.332+0000] {dagbag.py:545} INFO - Filling up the DagBag from /opt/airflow/dags/__init__.py
[2026-04-27T04:54:49.349+0000] {processor.py:842} WARNING - No viable dags retrieved from /opt/airflow/dags/__init__.py
[2026-04-27T04:54:49.369+0000] {processor.py:183} INFO - Processing /opt/airflow/dags/__init__.py took 0.049 seconds
[2026-04-27T04:55:19.617+0000] {processor.py:161} INFO - Started process (PID=293) to work on /opt/airflow/dags/__init__.py
[2026-04-27T04:55:19.618+0000] {processor.py:830} INFO - Processing file /opt/airflow/dags/__init__.py for tasks to queue
[2026-04-27T04:55:19.621+0000] {logging_mixin.py:188} INFO - [2026-04-27T04:55:19.621+0000] {dagbag.py:545} INFO - Filling up the DagBag from /opt/airflow/dags/__init__.py
[2026-04-27T04:55:19.639+0000] {processor.py:842} WARNING - No viable dags retrieved from /opt/airflow/dags/__init__.py
[2026-04-27T04:55:19.658+0000] {processor.py:183} INFO - Processing /opt/airflow/dags/__init__.py took 0.048 seconds
[2026-04-27T04:55:49.799+0000] {processor.py:161} INFO - Started process (PID=315) to work on /opt/airflow/dags/__init__.py
[2026-04-27T04:55:49.800+0000] {processor.py:830} INFO - Processing file /opt/airflow/dags/__init__.py for tasks to queue
[2026-04-27T04:55:49.805+0000] {logging_mixin.py:188} INFO - [2026-04-27T04:55:49.804+0000] {dagbag.py:545} INFO - Filling up the DagBag from /opt/airflow/dags/__init__.py
[2026-04-27T04:55:49.837+0000] {processor.py:842} WARNING - No viable dags retrieved from /opt/airflow/dags/__init__.py
[2026-04-27T04:55:49.869+0000] {processor.py:183} INFO - Processing /opt/airflow/dags/__init__.py took 0.082 seconds
[2026-04-27T04:56:20.382+0000] {processor.py:161} INFO - Started process (PID=332) to work on /opt/airflow/dags/__init__.py
[2026-04-27T04:56:20.383+0000] {processor.py:830} INFO - Processing file /opt/airflow/dags/__init__.py for tasks to queue
[2026-04-27T04:56:20.386+0000] {logging_mixin.py:188} INFO - [2026-04-27T04:56:20.386+0000] {dagbag.py:545} INFO - Filling up the DagBag from /opt/airflow/dags/__init__.py
[2026-04-27T04:56:20.411+0000] {processor.py:842} WARNING - No viable dags retrieved from /opt/airflow/dags/__init__.py
[2026-04-27T04:56:20.441+0000] {processor.py:183} INFO - Processing /opt/airflow/dags/__init__.py took 0.067 seconds
[2026-04-27T04:56:50.723+0000] {processor.py:161} INFO - Started process (PID=347) to work on /opt/airflow/dags/__init__.py
[2026-04-27T04:56:50.725+0000] {processor.py:830} INFO - Processing file /opt/airflow/dags/__init__.py for tasks to queue
[2026-04-27T04:56:50.730+0000] {logging_mixin.py:188} INFO - [2026-04-27T04:56:50.729+0000] {dagbag.py:545} INFO - Filling up the DagBag from /opt/airflow/dags/__init__.py
[2026-04-27T04:56:50.754+0000] {processor.py:842} WARNING - No viable dags retrieved from /opt/airflow/dags/__init__.py
[2026-04-27T04:56:50.785+0000] {processor.py:183} INFO - Processing /opt/airflow/dags/__init__.py took 0.072 seconds
[2026-04-27T04:57:21.346+0000] {processor.py:161} INFO - Started process (PID=364) to work on /opt/airflow/dags/__init__.py
[2026-04-27T04:57:21.348+0000] {processor.py:830} INFO - Processing file /opt/airflow/dags/__init__.py for tasks to queue
[2026-04-27T04:57:21.351+0000] {logging_mixin.py:188} INFO - [2026-04-27T04:57:21.351+0000] {dagbag.py:545} INFO - Filling up the DagBag from /opt/airflow/dags/__init__.py
[2026-04-27T04:57:21.369+0000] {processor.py:842} WARNING - No viable dags retrieved from /opt/airflow/dags/__init__.py
[2026-04-27T04:57:21.396+0000] {processor.py:183} INFO - Processing /opt/airflow/dags/__init__.py took 0.057 seconds
[2026-04-27T04:57:51.745+0000] {processor.py:161} INFO - Started process (PID=381) to work on /opt/airflow/dags/__init__.py
[2026-04-27T04:57:51.746+0000] {processor.py:830} INFO - Processing file /opt/airflow/dags/__init__.py for tasks to queue
[2026-04-27T04:57:51.748+0000] {logging_mixin.py:188} INFO - [2026-04-27T04:57:51.747+0000] {dagbag.py:545} INFO - Filling up the DagBag from /opt/airflow/dags/__init__.py
[2026-04-27T04:57:51.762+0000] {processor.py:842} WARNING - No viable dags retrieved from /opt/airflow/dags/__init__.py
[2026-04-27T04:57:51.784+0000] {processor.py:183} INFO - Processing /opt/airflow/dags/__init__.py took 0.044 seconds
[2026-04-27T04:58:22.050+0000] {processor.py:161} INFO - Started process (PID=396) to work on /opt/airflow/dags/__init__.py
[2026-04-27T04:58:22.052+0000] {processor.py:830} INFO - Processing file /opt/airflow/dags/__init__.py for tasks to queue
[2026-04-27T04:58:22.054+0000] {logging_mixin.py:188} INFO - [2026-04-27T04:58:22.054+0000] {dagbag.py:545} INFO - Filling up the DagBag from /opt/airflow/dags/__init__.py
[2026-04-27T04:58:22.075+0000] {processor.py:842} WARNING - No viable dags retrieved from /opt/airflow/dags/__init__.py
[2026-04-27T04:58:22.095+0000] {processor.py:183} INFO - Processing /opt/airflow/dags/__init__.py took 0.053 seconds
[2026-04-27T04:58:52.345+0000] {processor.py:161} INFO - Started process (PID=406) to work on /opt/airflow/dags/__init__.py
[2026-04-27T04:58:52.346+0000] {processor.py:830} INFO - Processing file /opt/airflow/dags/__init__.py for tasks to queue
[2026-04-27T04:58:52.349+0000] {logging_mixin.py:188} INFO - [2026-04-27T04:58:52.349+0000] {dagbag.py:545} INFO - Filling up the DagBag from /opt/airflow/dags/__init__.py
[2026-04-27T04:58:52.363+0000] {processor.py:842} WARNING - No viable dags retrieved from /opt/airflow/dags/__init__.py
[2026-04-27T04:58:52.381+0000] {processor.py:183} INFO - Processing /opt/airflow/dags/__init__.py took 0.043 seconds
[2026-04-27T04:59:22.616+0000] {processor.py:161} INFO - Started process (PID=423) to work on /opt/airflow/dags/__init__.py
[2026-04-27T04:59:22.617+0000] {processor.py:830} INFO - Processing file /opt/airflow/dags/__init__.py for tasks to queue
[2026-04-27T04:59:22.620+0000] {logging_mixin.py:188} INFO - [2026-04-27T04:59:22.619+0000] {dagbag.py:545} INFO - Filling up the DagBag from /opt/airflow/dags/__init__.py
[2026-04-27T04:59:22.634+0000] {processor.py:842} WARNING - No viable dags retrieved from /opt/airflow/dags/__init__.py
[2026-04-27T04:59:22.651+0000] {processor.py:183} INFO - Processing /opt/airflow/dags/__init__.py took 0.043 seconds
[2026-04-27T04:59:52.978+0000] {processor.py:161} INFO - Started process (PID=440) to work on /opt/airflow/dags/__init__.py
[2026-04-27T04:59:52.979+0000] {processor.py:830} INFO - Processing file /opt/airflow/dags/__init__.py for tasks to queue
[2026-04-27T04:59:52.982+0000] {logging_mixin.py:188} INFO - [2026-04-27T04:59:52.981+0000] {dagbag.py:545} INFO - Filling up the DagBag from /opt/airflow/dags/__init__.py
[2026-04-27T04:59:52.995+0000] {processor.py:842} WARNING - No viable dags retrieved from /opt/airflow/dags/__init__.py
[2026-04-27T04:59:53.015+0000] {processor.py:183} INFO - Processing /opt/airflow/dags/__init__.py took 0.043 seconds
