[2026-04-27T04:52:17.211+0000] {processor.py:161} INFO - Started process (PID=175) to work on /opt/airflow/dags/weather_etl_dag_v2.py
[2026-04-27T04:52:17.213+0000] {processor.py:830} INFO - Processing file /opt/airflow/dags/weather_etl_dag_v2.py for tasks to queue
[2026-04-27T04:52:17.216+0000] {logging_mixin.py:188} INFO - [2026-04-27T04:52:17.216+0000] {dagbag.py:545} INFO - Filling up the DagBag from /opt/airflow/dags/weather_etl_dag_v2.py
[2026-04-27T04:52:17.297+0000] {logging_mixin.py:188} INFO - [2026-04-27T04:52:17.296+0000] {config.py:59} INFO - Configuration validation passed
[2026-04-27T04:52:17.383+0000] {processor.py:840} INFO - DAG(s) 'weather_etl_pipeline_v2' retrieved from /opt/airflow/dags/weather_etl_dag_v2.py
[2026-04-27T04:52:17.670+0000] {logging_mixin.py:188} INFO - [2026-04-27T04:52:17.669+0000] {dag.py:3089} INFO - Sync 1 DAGs
[2026-04-27T04:52:17.721+0000] {processor.py:183} INFO - Processing /opt/airflow/dags/weather_etl_dag_v2.py took 0.519 seconds
[2026-04-27T04:52:48.662+0000] {processor.py:161} INFO - Started process (PID=213) to work on /opt/airflow/dags/weather_etl_dag_v2.py
[2026-04-27T04:52:48.665+0000] {processor.py:830} INFO - Processing file /opt/airflow/dags/weather_etl_dag_v2.py for tasks to queue
[2026-04-27T04:52:48.667+0000] {logging_mixin.py:188} INFO - [2026-04-27T04:52:48.667+0000] {dagbag.py:545} INFO - Filling up the DagBag from /opt/airflow/dags/weather_etl_dag_v2.py
[2026-04-27T04:52:48.737+0000] {logging_mixin.py:188} INFO - [2026-04-27T04:52:48.736+0000] {config.py:59} INFO - Configuration validation passed
[2026-04-27T04:52:48.902+0000] {processor.py:840} INFO - DAG(s) 'weather_etl_pipeline_v2' retrieved from /opt/airflow/dags/weather_etl_dag_v2.py
[2026-04-27T04:52:48.955+0000] {logging_mixin.py:188} INFO - [2026-04-27T04:52:48.954+0000] {dag.py:3089} INFO - Sync 1 DAGs
[2026-04-27T04:52:48.991+0000] {logging_mixin.py:188} INFO - [2026-04-27T04:52:48.990+0000] {dag.py:3947} INFO - Setting next_dagrun for weather_etl_pipeline_v2 to 2026-04-27 02:00:00+00:00, run_after=2026-04-28 02:00:00+00:00
[2026-04-27T04:52:49.015+0000] {processor.py:183} INFO - Processing /opt/airflow/dags/weather_etl_dag_v2.py took 0.362 seconds
[2026-04-27T04:53:19.410+0000] {processor.py:161} INFO - Started process (PID=230) to work on /opt/airflow/dags/weather_etl_dag_v2.py
[2026-04-27T04:53:19.415+0000] {processor.py:830} INFO - Processing file /opt/airflow/dags/weather_etl_dag_v2.py for tasks to queue
[2026-04-27T04:53:19.422+0000] {logging_mixin.py:188} INFO - [2026-04-27T04:53:19.421+0000] {dagbag.py:545} INFO - Filling up the DagBag from /opt/airflow/dags/weather_etl_dag_v2.py
[2026-04-27T04:53:19.563+0000] {logging_mixin.py:188} INFO - [2026-04-27T04:53:19.562+0000] {config.py:59} INFO - Configuration validation passed
[2026-04-27T04:53:19.739+0000] {processor.py:840} INFO - DAG(s) 'weather_etl_pipeline_v2' retrieved from /opt/airflow/dags/weather_etl_dag_v2.py
[2026-04-27T04:53:19.805+0000] {logging_mixin.py:188} INFO - [2026-04-27T04:53:19.805+0000] {dag.py:3089} INFO - Sync 1 DAGs
[2026-04-27T04:53:19.840+0000] {logging_mixin.py:188} INFO - [2026-04-27T04:53:19.840+0000] {dag.py:3947} INFO - Setting next_dagrun for weather_etl_pipeline_v2 to 2026-04-27 02:00:00+00:00, run_after=2026-04-28 02:00:00+00:00
[2026-04-27T04:53:19.903+0000] {processor.py:183} INFO - Processing /opt/airflow/dags/weather_etl_dag_v2.py took 0.505 seconds
[2026-04-27T04:53:50.757+0000] {processor.py:161} INFO - Started process (PID=247) to work on /opt/airflow/dags/weather_etl_dag_v2.py
[2026-04-27T04:53:50.759+0000] {processor.py:830} INFO - Processing file /opt/airflow/dags/weather_etl_dag_v2.py for tasks to queue
[2026-04-27T04:53:50.762+0000] {logging_mixin.py:188} INFO - [2026-04-27T04:53:50.761+0000] {dagbag.py:545} INFO - Filling up the DagBag from /opt/airflow/dags/weather_etl_dag_v2.py
[2026-04-27T04:53:50.814+0000] {logging_mixin.py:188} INFO - [2026-04-27T04:53:50.814+0000] {config.py:59} INFO - Configuration validation passed
[2026-04-27T04:53:50.912+0000] {processor.py:840} INFO - DAG(s) 'weather_etl_pipeline_v2' retrieved from /opt/airflow/dags/weather_etl_dag_v2.py
[2026-04-27T04:53:50.951+0000] {logging_mixin.py:188} INFO - [2026-04-27T04:53:50.951+0000] {dag.py:3089} INFO - Sync 1 DAGs
[2026-04-27T04:53:50.978+0000] {logging_mixin.py:188} INFO - [2026-04-27T04:53:50.978+0000] {dag.py:3947} INFO - Setting next_dagrun for weather_etl_pipeline_v2 to 2026-04-27 02:00:00+00:00, run_after=2026-04-28 02:00:00+00:00
[2026-04-27T04:53:51.000+0000] {processor.py:183} INFO - Processing /opt/airflow/dags/weather_etl_dag_v2.py took 0.250 seconds
[2026-04-27T04:54:21.066+0000] {processor.py:161} INFO - Started process (PID=264) to work on /opt/airflow/dags/weather_etl_dag_v2.py
[2026-04-27T04:54:21.067+0000] {processor.py:830} INFO - Processing file /opt/airflow/dags/weather_etl_dag_v2.py for tasks to queue
[2026-04-27T04:54:21.069+0000] {logging_mixin.py:188} INFO - [2026-04-27T04:54:21.069+0000] {dagbag.py:545} INFO - Filling up the DagBag from /opt/airflow/dags/weather_etl_dag_v2.py
[2026-04-27T04:54:21.119+0000] {logging_mixin.py:188} INFO - [2026-04-27T04:54:21.119+0000] {config.py:59} INFO - Configuration validation passed
[2026-04-27T04:54:21.216+0000] {processor.py:840} INFO - DAG(s) 'weather_etl_pipeline_v2' retrieved from /opt/airflow/dags/weather_etl_dag_v2.py
[2026-04-27T04:54:21.251+0000] {logging_mixin.py:188} INFO - [2026-04-27T04:54:21.251+0000] {dag.py:3089} INFO - Sync 1 DAGs
[2026-04-27T04:54:21.276+0000] {logging_mixin.py:188} INFO - [2026-04-27T04:54:21.276+0000] {dag.py:3947} INFO - Setting next_dagrun for weather_etl_pipeline_v2 to 2026-04-27 02:00:00+00:00, run_after=2026-04-28 02:00:00+00:00
[2026-04-27T04:54:21.298+0000] {processor.py:183} INFO - Processing /opt/airflow/dags/weather_etl_dag_v2.py took 0.239 seconds
[2026-04-27T04:54:51.357+0000] {processor.py:161} INFO - Started process (PID=281) to work on /opt/airflow/dags/weather_etl_dag_v2.py
[2026-04-27T04:54:51.358+0000] {processor.py:830} INFO - Processing file /opt/airflow/dags/weather_etl_dag_v2.py for tasks to queue
[2026-04-27T04:54:51.360+0000] {logging_mixin.py:188} INFO - [2026-04-27T04:54:51.360+0000] {dagbag.py:545} INFO - Filling up the DagBag from /opt/airflow/dags/weather_etl_dag_v2.py
[2026-04-27T04:54:51.416+0000] {logging_mixin.py:188} INFO - [2026-04-27T04:54:51.416+0000] {config.py:59} INFO - Configuration validation passed
[2026-04-27T04:54:51.539+0000] {processor.py:840} INFO - DAG(s) 'weather_etl_pipeline_v2' retrieved from /opt/airflow/dags/weather_etl_dag_v2.py
[2026-04-27T04:54:51.574+0000] {logging_mixin.py:188} INFO - [2026-04-27T04:54:51.574+0000] {dag.py:3089} INFO - Sync 1 DAGs
[2026-04-27T04:54:51.602+0000] {logging_mixin.py:188} INFO - [2026-04-27T04:54:51.602+0000] {dag.py:3947} INFO - Setting next_dagrun for weather_etl_pipeline_v2 to 2026-04-27 02:00:00+00:00, run_after=2026-04-28 02:00:00+00:00
[2026-04-27T04:54:51.627+0000] {processor.py:183} INFO - Processing /opt/airflow/dags/weather_etl_dag_v2.py took 0.276 seconds
[2026-04-27T04:55:21.725+0000] {processor.py:161} INFO - Started process (PID=298) to work on /opt/airflow/dags/weather_etl_dag_v2.py
[2026-04-27T04:55:21.726+0000] {processor.py:830} INFO - Processing file /opt/airflow/dags/weather_etl_dag_v2.py for tasks to queue
[2026-04-27T04:55:21.729+0000] {logging_mixin.py:188} INFO - [2026-04-27T04:55:21.728+0000] {dagbag.py:545} INFO - Filling up the DagBag from /opt/airflow/dags/weather_etl_dag_v2.py
[2026-04-27T04:55:21.801+0000] {logging_mixin.py:188} INFO - [2026-04-27T04:55:21.801+0000] {config.py:59} INFO - Configuration validation passed
[2026-04-27T04:55:21.923+0000] {processor.py:840} INFO - DAG(s) 'weather_etl_pipeline_v2' retrieved from /opt/airflow/dags/weather_etl_dag_v2.py
[2026-04-27T04:55:21.967+0000] {logging_mixin.py:188} INFO - [2026-04-27T04:55:21.966+0000] {dag.py:3089} INFO - Sync 1 DAGs
[2026-04-27T04:55:21.998+0000] {logging_mixin.py:188} INFO - [2026-04-27T04:55:21.998+0000] {dag.py:3947} INFO - Setting next_dagrun for weather_etl_pipeline_v2 to 2026-04-27 02:00:00+00:00, run_after=2026-04-28 02:00:00+00:00
[2026-04-27T04:55:22.022+0000] {processor.py:183} INFO - Processing /opt/airflow/dags/weather_etl_dag_v2.py took 0.303 seconds
[2026-04-27T04:55:48.310+0000] {processor.py:161} INFO - Started process (PID=310) to work on /opt/airflow/dags/weather_etl_dag_v2.py
[2026-04-27T04:55:48.312+0000] {processor.py:830} INFO - Processing file /opt/airflow/dags/weather_etl_dag_v2.py for tasks to queue
[2026-04-27T04:55:48.315+0000] {logging_mixin.py:188} INFO - [2026-04-27T04:55:48.314+0000] {dagbag.py:545} INFO - Filling up the DagBag from /opt/airflow/dags/weather_etl_dag_v2.py
[2026-04-27T04:55:48.396+0000] {logging_mixin.py:188} INFO - [2026-04-27T04:55:48.396+0000] {config.py:59} INFO - Configuration validation passed
[2026-04-27T04:55:48.552+0000] {processor.py:840} INFO - DAG(s) 'weather_etl_pipeline_v2' retrieved from /opt/airflow/dags/weather_etl_dag_v2.py
[2026-04-27T04:55:48.604+0000] {logging_mixin.py:188} INFO - [2026-04-27T04:55:48.604+0000] {dag.py:3089} INFO - Sync 1 DAGs
[2026-04-27T04:55:48.637+0000] {logging_mixin.py:188} INFO - [2026-04-27T04:55:48.636+0000] {dag.py:3947} INFO - Setting next_dagrun for weather_etl_pipeline_v2 to 2026-04-27 02:00:00+00:00, run_after=2026-04-28 02:00:00+00:00
[2026-04-27T04:55:48.682+0000] {processor.py:183} INFO - Processing /opt/airflow/dags/weather_etl_dag_v2.py took 0.379 seconds
[2026-04-27T04:56:19.335+0000] {processor.py:161} INFO - Started process (PID=327) to work on /opt/airflow/dags/weather_etl_dag_v2.py
[2026-04-27T04:56:19.338+0000] {processor.py:830} INFO - Processing file /opt/airflow/dags/weather_etl_dag_v2.py for tasks to queue
[2026-04-27T04:56:19.341+0000] {logging_mixin.py:188} INFO - [2026-04-27T04:56:19.340+0000] {dagbag.py:545} INFO - Filling up the DagBag from /opt/airflow/dags/weather_etl_dag_v2.py
[2026-04-27T04:56:19.482+0000] {logging_mixin.py:188} INFO - [2026-04-27T04:56:19.480+0000] {config.py:59} INFO - Configuration validation passed
[2026-04-27T04:56:19.651+0000] {processor.py:840} INFO - DAG(s) 'weather_etl_pipeline_v2' retrieved from /opt/airflow/dags/weather_etl_dag_v2.py
[2026-04-27T04:56:19.723+0000] {logging_mixin.py:188} INFO - [2026-04-27T04:56:19.722+0000] {dag.py:3089} INFO - Sync 1 DAGs
[2026-04-27T04:56:19.762+0000] {logging_mixin.py:188} INFO - [2026-04-27T04:56:19.762+0000] {dag.py:3947} INFO - Setting next_dagrun for weather_etl_pipeline_v2 to 2026-04-27 02:00:00+00:00, run_after=2026-04-28 02:00:00+00:00
[2026-04-27T04:56:19.790+0000] {processor.py:183} INFO - Processing /opt/airflow/dags/weather_etl_dag_v2.py took 0.464 seconds
[2026-04-27T04:56:50.712+0000] {processor.py:161} INFO - Started process (PID=344) to work on /opt/airflow/dags/weather_etl_dag_v2.py
[2026-04-27T04:56:50.714+0000] {processor.py:830} INFO - Processing file /opt/airflow/dags/weather_etl_dag_v2.py for tasks to queue
[2026-04-27T04:56:50.716+0000] {logging_mixin.py:188} INFO - [2026-04-27T04:56:50.716+0000] {dagbag.py:545} INFO - Filling up the DagBag from /opt/airflow/dags/weather_etl_dag_v2.py
[2026-04-27T04:56:50.879+0000] {logging_mixin.py:188} INFO - [2026-04-27T04:56:50.878+0000] {config.py:59} INFO - Configuration validation passed
[2026-04-27T04:56:51.123+0000] {processor.py:840} INFO - DAG(s) 'weather_etl_pipeline_v2' retrieved from /opt/airflow/dags/weather_etl_dag_v2.py
[2026-04-27T04:56:51.170+0000] {logging_mixin.py:188} INFO - [2026-04-27T04:56:51.170+0000] {dag.py:3089} INFO - Sync 1 DAGs
[2026-04-27T04:56:51.207+0000] {logging_mixin.py:188} INFO - [2026-04-27T04:56:51.206+0000] {dag.py:3947} INFO - Setting next_dagrun for weather_etl_pipeline_v2 to 2026-04-27 02:00:00+00:00, run_after=2026-04-28 02:00:00+00:00
[2026-04-27T04:56:51.238+0000] {processor.py:183} INFO - Processing /opt/airflow/dags/weather_etl_dag_v2.py took 0.533 seconds
[2026-04-27T04:57:21.339+0000] {processor.py:161} INFO - Started process (PID=361) to work on /opt/airflow/dags/weather_etl_dag_v2.py
[2026-04-27T04:57:21.341+0000] {processor.py:830} INFO - Processing file /opt/airflow/dags/weather_etl_dag_v2.py for tasks to queue
[2026-04-27T04:57:21.345+0000] {logging_mixin.py:188} INFO - [2026-04-27T04:57:21.344+0000] {dagbag.py:545} INFO - Filling up the DagBag from /opt/airflow/dags/weather_etl_dag_v2.py
[2026-04-27T04:57:21.419+0000] {logging_mixin.py:188} INFO - [2026-04-27T04:57:21.419+0000] {config.py:59} INFO - Configuration validation passed
[2026-04-27T04:57:21.519+0000] {processor.py:840} INFO - DAG(s) 'weather_etl_pipeline_v2' retrieved from /opt/airflow/dags/weather_etl_dag_v2.py
[2026-04-27T04:57:21.553+0000] {logging_mixin.py:188} INFO - [2026-04-27T04:57:21.552+0000] {dag.py:3089} INFO - Sync 1 DAGs
[2026-04-27T04:57:21.581+0000] {logging_mixin.py:188} INFO - [2026-04-27T04:57:21.581+0000] {dag.py:3947} INFO - Setting next_dagrun for weather_etl_pipeline_v2 to 2026-04-27 02:00:00+00:00, run_after=2026-04-28 02:00:00+00:00
[2026-04-27T04:57:21.604+0000] {processor.py:183} INFO - Processing /opt/airflow/dags/weather_etl_dag_v2.py took 0.273 seconds
[2026-04-27T04:57:51.741+0000] {processor.py:161} INFO - Started process (PID=378) to work on /opt/airflow/dags/weather_etl_dag_v2.py
[2026-04-27T04:57:51.742+0000] {processor.py:830} INFO - Processing file /opt/airflow/dags/weather_etl_dag_v2.py for tasks to queue
[2026-04-27T04:57:51.745+0000] {logging_mixin.py:188} INFO - [2026-04-27T04:57:51.745+0000] {dagbag.py:545} INFO - Filling up the DagBag from /opt/airflow/dags/weather_etl_dag_v2.py
[2026-04-27T04:57:51.812+0000] {logging_mixin.py:188} INFO - [2026-04-27T04:57:51.812+0000] {config.py:59} INFO - Configuration validation passed
[2026-04-27T04:57:51.916+0000] {processor.py:840} INFO - DAG(s) 'weather_etl_pipeline_v2' retrieved from /opt/airflow/dags/weather_etl_dag_v2.py
[2026-04-27T04:57:51.949+0000] {logging_mixin.py:188} INFO - [2026-04-27T04:57:51.948+0000] {dag.py:3089} INFO - Sync 1 DAGs
[2026-04-27T04:57:51.975+0000] {logging_mixin.py:188} INFO - [2026-04-27T04:57:51.974+0000] {dag.py:3947} INFO - Setting next_dagrun for weather_etl_pipeline_v2 to 2026-04-27 02:00:00+00:00, run_after=2026-04-28 02:00:00+00:00
[2026-04-27T04:57:51.996+0000] {processor.py:183} INFO - Processing /opt/airflow/dags/weather_etl_dag_v2.py took 0.262 seconds
[2026-04-27T04:58:22.159+0000] {processor.py:161} INFO - Started process (PID=401) to work on /opt/airflow/dags/weather_etl_dag_v2.py
[2026-04-27T04:58:22.160+0000] {processor.py:830} INFO - Processing file /opt/airflow/dags/weather_etl_dag_v2.py for tasks to queue
[2026-04-27T04:58:22.163+0000] {logging_mixin.py:188} INFO - [2026-04-27T04:58:22.163+0000] {dagbag.py:545} INFO - Filling up the DagBag from /opt/airflow/dags/weather_etl_dag_v2.py
[2026-04-27T04:58:22.246+0000] {logging_mixin.py:188} INFO - [2026-04-27T04:58:22.246+0000] {config.py:59} INFO - Configuration validation passed
[2026-04-27T04:58:22.366+0000] {processor.py:840} INFO - DAG(s) 'weather_etl_pipeline_v2' retrieved from /opt/airflow/dags/weather_etl_dag_v2.py
[2026-04-27T04:58:22.410+0000] {logging_mixin.py:188} INFO - [2026-04-27T04:58:22.410+0000] {dag.py:3089} INFO - Sync 1 DAGs
[2026-04-27T04:58:22.442+0000] {logging_mixin.py:188} INFO - [2026-04-27T04:58:22.442+0000] {dag.py:3947} INFO - Setting next_dagrun for weather_etl_pipeline_v2 to 2026-04-27 02:00:00+00:00, run_after=2026-04-28 02:00:00+00:00
[2026-04-27T04:58:22.470+0000] {processor.py:183} INFO - Processing /opt/airflow/dags/weather_etl_dag_v2.py took 0.317 seconds
[2026-04-27T04:58:53.371+0000] {processor.py:161} INFO - Started process (PID=411) to work on /opt/airflow/dags/weather_etl_dag_v2.py
[2026-04-27T04:58:53.372+0000] {processor.py:830} INFO - Processing file /opt/airflow/dags/weather_etl_dag_v2.py for tasks to queue
[2026-04-27T04:58:53.375+0000] {logging_mixin.py:188} INFO - [2026-04-27T04:58:53.375+0000] {dagbag.py:545} INFO - Filling up the DagBag from /opt/airflow/dags/weather_etl_dag_v2.py
[2026-04-27T04:58:53.427+0000] {logging_mixin.py:188} INFO - [2026-04-27T04:58:53.427+0000] {config.py:59} INFO - Configuration validation passed
[2026-04-27T04:58:53.547+0000] {processor.py:840} INFO - DAG(s) 'weather_etl_pipeline_v2' retrieved from /opt/airflow/dags/weather_etl_dag_v2.py
[2026-04-27T04:58:53.580+0000] {logging_mixin.py:188} INFO - [2026-04-27T04:58:53.580+0000] {dag.py:3089} INFO - Sync 1 DAGs
[2026-04-27T04:58:53.605+0000] {logging_mixin.py:188} INFO - [2026-04-27T04:58:53.605+0000] {dag.py:3947} INFO - Setting next_dagrun for weather_etl_pipeline_v2 to 2026-04-27 02:00:00+00:00, run_after=2026-04-28 02:00:00+00:00
[2026-04-27T04:58:53.630+0000] {processor.py:183} INFO - Processing /opt/airflow/dags/weather_etl_dag_v2.py took 0.265 seconds
[2026-04-27T04:59:23.723+0000] {processor.py:161} INFO - Started process (PID=428) to work on /opt/airflow/dags/weather_etl_dag_v2.py
[2026-04-27T04:59:23.725+0000] {processor.py:830} INFO - Processing file /opt/airflow/dags/weather_etl_dag_v2.py for tasks to queue
[2026-04-27T04:59:23.727+0000] {logging_mixin.py:188} INFO - [2026-04-27T04:59:23.726+0000] {dagbag.py:545} INFO - Filling up the DagBag from /opt/airflow/dags/weather_etl_dag_v2.py
[2026-04-27T04:59:23.804+0000] {logging_mixin.py:188} INFO - [2026-04-27T04:59:23.804+0000] {config.py:59} INFO - Configuration validation passed
[2026-04-27T04:59:23.910+0000] {processor.py:840} INFO - DAG(s) 'weather_etl_pipeline_v2' retrieved from /opt/airflow/dags/weather_etl_dag_v2.py
[2026-04-27T04:59:23.945+0000] {logging_mixin.py:188} INFO - [2026-04-27T04:59:23.945+0000] {dag.py:3089} INFO - Sync 1 DAGs
[2026-04-27T04:59:23.972+0000] {logging_mixin.py:188} INFO - [2026-04-27T04:59:23.971+0000] {dag.py:3947} INFO - Setting next_dagrun for weather_etl_pipeline_v2 to 2026-04-27 02:00:00+00:00, run_after=2026-04-28 02:00:00+00:00
[2026-04-27T04:59:23.995+0000] {processor.py:183} INFO - Processing /opt/airflow/dags/weather_etl_dag_v2.py took 0.278 seconds
[2026-04-27T04:59:54.083+0000] {processor.py:161} INFO - Started process (PID=445) to work on /opt/airflow/dags/weather_etl_dag_v2.py
[2026-04-27T04:59:54.084+0000] {processor.py:830} INFO - Processing file /opt/airflow/dags/weather_etl_dag_v2.py for tasks to queue
[2026-04-27T04:59:54.086+0000] {logging_mixin.py:188} INFO - [2026-04-27T04:59:54.086+0000] {dagbag.py:545} INFO - Filling up the DagBag from /opt/airflow/dags/weather_etl_dag_v2.py
[2026-04-27T04:59:54.137+0000] {logging_mixin.py:188} INFO - [2026-04-27T04:59:54.137+0000] {config.py:59} INFO - Configuration validation passed
[2026-04-27T04:59:54.213+0000] {processor.py:840} INFO - DAG(s) 'weather_etl_pipeline_v2' retrieved from /opt/airflow/dags/weather_etl_dag_v2.py
[2026-04-27T04:59:54.251+0000] {logging_mixin.py:188} INFO - [2026-04-27T04:59:54.250+0000] {dag.py:3089} INFO - Sync 1 DAGs
[2026-04-27T04:59:54.281+0000] {logging_mixin.py:188} INFO - [2026-04-27T04:59:54.280+0000] {dag.py:3947} INFO - Setting next_dagrun for weather_etl_pipeline_v2 to 2026-04-27 02:00:00+00:00, run_after=2026-04-28 02:00:00+00:00
[2026-04-27T04:59:54.301+0000] {processor.py:183} INFO - Processing /opt/airflow/dags/weather_etl_dag_v2.py took 0.225 seconds
