[2026-04-25T05:46:35.899+0000] {local_task_job_runner.py:120} INFO - ::group::Pre task execution logs
[2026-04-25T05:46:35.942+0000] {taskinstance.py:2076} INFO - Dependencies all met for dep_context=non-requeueable deps ti=<TaskInstance: weather_etl_pipeline_v2.extract scheduled__2026-04-24T02:00:00+00:00 [queued]>
[2026-04-25T05:46:35.952+0000] {taskinstance.py:2076} INFO - Dependencies all met for dep_context=requeueable deps ti=<TaskInstance: weather_etl_pipeline_v2.extract scheduled__2026-04-24T02:00:00+00:00 [queued]>
[2026-04-25T05:46:35.953+0000] {taskinstance.py:2306} INFO - Starting attempt 1 of 4
[2026-04-25T05:46:35.968+0000] {taskinstance.py:2330} INFO - Executing <Task(PythonOperator): extract> on 2026-04-24 02:00:00+00:00
[2026-04-25T05:46:35.979+0000] {logging_mixin.py:188} WARNING - /home/airflow/.local/lib/python3.12/site-packages/airflow/task/task_runner/standard_task_runner.py:62 DeprecationWarning: This process (pid=194) is multi-threaded, use of fork() may lead to deadlocks in the child.
[2026-04-25T05:46:35.978+0000] {standard_task_runner.py:90} INFO - Running: ['airflow', 'tasks', 'run', 'weather_etl_pipeline_v2', 'extract', 'scheduled__2026-04-24T02:00:00+00:00', '--job-id', '191', '--raw', '--subdir', 'DAGS_FOLDER/weather_etl_dag_v2.py', '--cfg-path', '/tmp/tmpee1fqyz9']
[2026-04-25T05:46:35.981+0000] {standard_task_runner.py:64} INFO - Started process 195 to run task
[2026-04-25T05:46:35.982+0000] {standard_task_runner.py:91} INFO - Job 191: Subtask extract
[2026-04-25T05:46:36.040+0000] {task_command.py:426} INFO - Running <TaskInstance: weather_etl_pipeline_v2.extract scheduled__2026-04-24T02:00:00+00:00 [running]> on host 1d106a615a00
[2026-04-25T05:46:36.180+0000] {taskinstance.py:2648} INFO - Exporting env vars: AIRFLOW_CTX_DAG_OWNER='weather_etl' AIRFLOW_CTX_DAG_ID='weather_etl_pipeline_v2' AIRFLOW_CTX_TASK_ID='extract' AIRFLOW_CTX_EXECUTION_DATE='2026-04-24T02:00:00+00:00' AIRFLOW_CTX_TRY_NUMBER='1' AIRFLOW_CTX_DAG_RUN_ID='scheduled__2026-04-24T02:00:00+00:00'
[2026-04-25T05:46:36.183+0000] {taskinstance.py:430} INFO - ::endgroup::
[2026-04-25T05:46:36.212+0000] {weather_etl_dag_v2.py:88} INFO - ============================================================
[2026-04-25T05:46:36.214+0000] {weather_etl_dag_v2.py:89} INFO - TASK: EXTRACT — Fetching weather data from OpenWeatherMap API
[2026-04-25T05:46:36.217+0000] {weather_etl_dag_v2.py:90} INFO - ============================================================
[2026-04-25T05:46:36.233+0000] {weather_etl_dag_v2.py:109} INFO - Active cities fetched from DB: ['Ahmedabad', 'Bengaluru', 'Chennai', 'Delhi', 'Indore', 'Kolkata', 'Kota', 'Kyiv', 'Los Angeles', 'Manali', 'Moscow', 'Mumbai', 'New York', 'Palanpur']
[2026-04-25T05:46:36.239+0000] {logging_mixin.py:188} WARNING - 2026-04-25 05:46:36 - scripts.extract - INFO - Starting extraction for cities: Ahmedabad, Bengaluru, Chennai, Delhi, Indore, Kolkata, Kota, Kyiv, Los Angeles, Manali, Moscow, Mumbai, New York, Palanpur
[2026-04-25T05:46:36.239+0000] {extract.py:127} INFO - Starting extraction for cities: Ahmedabad, Bengaluru, Chennai, Delhi, Indore, Kolkata, Kota, Kyiv, Los Angeles, Manali, Moscow, Mumbai, New York, Palanpur
[2026-04-25T05:46:36.241+0000] {logging_mixin.py:188} WARNING - 2026-04-25 05:46:36 - scripts.extract - INFO - Starting extraction for 14 cities
[2026-04-25T05:46:36.241+0000] {extract.py:96} INFO - Starting extraction for 14 cities
[2026-04-25T05:46:36.244+0000] {logging_mixin.py:188} WARNING - 2026-04-25 05:46:36 - scripts.extract - INFO - Fetching weather data for Ahmedabad (attempt 1/3)
[2026-04-25T05:46:36.243+0000] {extract.py:47} INFO - Fetching weather data for Ahmedabad (attempt 1/3)
[2026-04-25T05:46:36.382+0000] {logging_mixin.py:188} WARNING - 2026-04-25 05:46:36 - scripts.extract - INFO - Successfully fetched data for Ahmedabad
[2026-04-25T05:46:36.381+0000] {extract.py:53} INFO - Successfully fetched data for Ahmedabad
[2026-04-25T05:46:36.386+0000] {logging_mixin.py:188} WARNING - 2026-04-25 05:46:36 - scripts.extract - INFO - Fetching weather data for Bengaluru (attempt 1/3)
[2026-04-25T05:46:36.385+0000] {extract.py:47} INFO - Fetching weather data for Bengaluru (attempt 1/3)
[2026-04-25T05:46:36.506+0000] {logging_mixin.py:188} WARNING - 2026-04-25 05:46:36 - scripts.extract - INFO - Successfully fetched data for Bengaluru
[2026-04-25T05:46:36.505+0000] {extract.py:53} INFO - Successfully fetched data for Bengaluru
[2026-04-25T05:46:36.510+0000] {logging_mixin.py:188} WARNING - 2026-04-25 05:46:36 - scripts.extract - INFO - Fetching weather data for Chennai (attempt 1/3)
[2026-04-25T05:46:36.508+0000] {extract.py:47} INFO - Fetching weather data for Chennai (attempt 1/3)
[2026-04-25T05:46:36.628+0000] {logging_mixin.py:188} WARNING - 2026-04-25 05:46:36 - scripts.extract - INFO - Successfully fetched data for Chennai
[2026-04-25T05:46:36.627+0000] {extract.py:53} INFO - Successfully fetched data for Chennai
[2026-04-25T05:46:36.632+0000] {logging_mixin.py:188} WARNING - 2026-04-25 05:46:36 - scripts.extract - INFO - Fetching weather data for Delhi (attempt 1/3)
[2026-04-25T05:46:36.631+0000] {extract.py:47} INFO - Fetching weather data for Delhi (attempt 1/3)
[2026-04-25T05:46:36.756+0000] {logging_mixin.py:188} WARNING - 2026-04-25 05:46:36 - scripts.extract - INFO - Successfully fetched data for Delhi
[2026-04-25T05:46:36.755+0000] {extract.py:53} INFO - Successfully fetched data for Delhi
[2026-04-25T05:46:36.758+0000] {logging_mixin.py:188} WARNING - 2026-04-25 05:46:36 - scripts.extract - INFO - Fetching weather data for Indore (attempt 1/3)
[2026-04-25T05:46:36.757+0000] {extract.py:47} INFO - Fetching weather data for Indore (attempt 1/3)
[2026-04-25T05:46:36.863+0000] {logging_mixin.py:188} WARNING - 2026-04-25 05:46:36 - scripts.extract - INFO - Successfully fetched data for Indore
[2026-04-25T05:46:36.862+0000] {extract.py:53} INFO - Successfully fetched data for Indore
[2026-04-25T05:46:36.865+0000] {logging_mixin.py:188} WARNING - 2026-04-25 05:46:36 - scripts.extract - INFO - Fetching weather data for Kolkata (attempt 1/3)
[2026-04-25T05:46:36.864+0000] {extract.py:47} INFO - Fetching weather data for Kolkata (attempt 1/3)
[2026-04-25T05:46:36.973+0000] {logging_mixin.py:188} WARNING - 2026-04-25 05:46:36 - scripts.extract - INFO - Successfully fetched data for Kolkata
[2026-04-25T05:46:36.972+0000] {extract.py:53} INFO - Successfully fetched data for Kolkata
[2026-04-25T05:46:36.975+0000] {logging_mixin.py:188} WARNING - 2026-04-25 05:46:36 - scripts.extract - INFO - Fetching weather data for Kota (attempt 1/3)
[2026-04-25T05:46:36.974+0000] {extract.py:47} INFO - Fetching weather data for Kota (attempt 1/3)
[2026-04-25T05:46:37.097+0000] {logging_mixin.py:188} WARNING - 2026-04-25 05:46:37 - scripts.extract - INFO - Successfully fetched data for Kota
[2026-04-25T05:46:37.088+0000] {extract.py:53} INFO - Successfully fetched data for Kota
[2026-04-25T05:46:37.112+0000] {logging_mixin.py:188} WARNING - 2026-04-25 05:46:37 - scripts.extract - INFO - Fetching weather data for Kyiv (attempt 1/3)
[2026-04-25T05:46:37.111+0000] {extract.py:47} INFO - Fetching weather data for Kyiv (attempt 1/3)
[2026-04-25T05:46:37.244+0000] {logging_mixin.py:188} WARNING - 2026-04-25 05:46:37 - scripts.extract - INFO - Successfully fetched data for Kyiv
[2026-04-25T05:46:37.243+0000] {extract.py:53} INFO - Successfully fetched data for Kyiv
[2026-04-25T05:46:37.257+0000] {logging_mixin.py:188} WARNING - 2026-04-25 05:46:37 - scripts.extract - INFO - Fetching weather data for Los Angeles (attempt 1/3)
[2026-04-25T05:46:37.256+0000] {extract.py:47} INFO - Fetching weather data for Los Angeles (attempt 1/3)
[2026-04-25T05:46:37.378+0000] {logging_mixin.py:188} WARNING - 2026-04-25 05:46:37 - scripts.extract - INFO - Successfully fetched data for Los Angeles
[2026-04-25T05:46:37.376+0000] {extract.py:53} INFO - Successfully fetched data for Los Angeles
[2026-04-25T05:46:37.381+0000] {logging_mixin.py:188} WARNING - 2026-04-25 05:46:37 - scripts.extract - INFO - Fetching weather data for Manali (attempt 1/3)
[2026-04-25T05:46:37.380+0000] {extract.py:47} INFO - Fetching weather data for Manali (attempt 1/3)
[2026-04-25T05:46:37.502+0000] {logging_mixin.py:188} WARNING - 2026-04-25 05:46:37 - scripts.extract - INFO - Successfully fetched data for Manali
[2026-04-25T05:46:37.501+0000] {extract.py:53} INFO - Successfully fetched data for Manali
[2026-04-25T05:46:37.503+0000] {logging_mixin.py:188} WARNING - 2026-04-25 05:46:37 - scripts.extract - INFO - Fetching weather data for Moscow (attempt 1/3)
[2026-04-25T05:46:37.503+0000] {extract.py:47} INFO - Fetching weather data for Moscow (attempt 1/3)
[2026-04-25T05:46:37.614+0000] {logging_mixin.py:188} WARNING - 2026-04-25 05:46:37 - scripts.extract - INFO - Successfully fetched data for Moscow
[2026-04-25T05:46:37.614+0000] {extract.py:53} INFO - Successfully fetched data for Moscow
[2026-04-25T05:46:37.617+0000] {logging_mixin.py:188} WARNING - 2026-04-25 05:46:37 - scripts.extract - INFO - Fetching weather data for Mumbai (attempt 1/3)
[2026-04-25T05:46:37.616+0000] {extract.py:47} INFO - Fetching weather data for Mumbai (attempt 1/3)
[2026-04-25T05:46:37.730+0000] {logging_mixin.py:188} WARNING - 2026-04-25 05:46:37 - scripts.extract - INFO - Successfully fetched data for Mumbai
[2026-04-25T05:46:37.728+0000] {extract.py:53} INFO - Successfully fetched data for Mumbai
[2026-04-25T05:46:37.733+0000] {logging_mixin.py:188} WARNING - 2026-04-25 05:46:37 - scripts.extract - INFO - Fetching weather data for New York (attempt 1/3)
[2026-04-25T05:46:37.732+0000] {extract.py:47} INFO - Fetching weather data for New York (attempt 1/3)
[2026-04-25T05:46:37.859+0000] {logging_mixin.py:188} WARNING - 2026-04-25 05:46:37 - scripts.extract - INFO - Successfully fetched data for New York
[2026-04-25T05:46:37.858+0000] {extract.py:53} INFO - Successfully fetched data for New York
[2026-04-25T05:46:37.861+0000] {logging_mixin.py:188} WARNING - 2026-04-25 05:46:37 - scripts.extract - INFO - Fetching weather data for Palanpur (attempt 1/3)
[2026-04-25T05:46:37.860+0000] {extract.py:47} INFO - Fetching weather data for Palanpur (attempt 1/3)
[2026-04-25T05:46:37.980+0000] {logging_mixin.py:188} WARNING - 2026-04-25 05:46:37 - scripts.extract - INFO - Successfully fetched data for Palanpur
[2026-04-25T05:46:37.979+0000] {extract.py:53} INFO - Successfully fetched data for Palanpur
[2026-04-25T05:46:37.983+0000] {logging_mixin.py:188} WARNING - 2026-04-25 05:46:37 - scripts.extract - INFO - Extraction complete: 14 successful, 0 failed
[2026-04-25T05:46:37.982+0000] {extract.py:114} INFO - Extraction complete: 14 successful, 0 failed
[2026-04-25T05:46:37.986+0000] {logging_mixin.py:188} WARNING - 2026-04-25 05:46:37 - scripts.extract - INFO - Extracted 14 weather records
[2026-04-25T05:46:37.985+0000] {extract.py:131} INFO - Extracted 14 weather records
[2026-04-25T05:46:38.022+0000] {weather_etl_dag_v2.py:117} INFO - ✓ Extraction complete: 14 records for 14 cities in 1.8s
[2026-04-25T05:46:38.024+0000] {python.py:237} INFO - Done. Returned value was: 14
[2026-04-25T05:46:38.026+0000] {taskinstance.py:441} INFO - ::group::Post task execution logs
[2026-04-25T05:46:38.084+0000] {taskinstance.py:1206} INFO - Marking task as SUCCESS. dag_id=weather_etl_pipeline_v2, task_id=extract, run_id=scheduled__2026-04-24T02:00:00+00:00, execution_date=20260424T020000, start_date=20260425T054635, end_date=20260425T054638
[2026-04-25T05:46:38.132+0000] {local_task_job_runner.py:243} INFO - Task exited with return code 0
[2026-04-25T05:46:38.174+0000] {taskinstance.py:3503} INFO - 1 downstream tasks scheduled from follow-on schedule check
[2026-04-25T05:46:38.177+0000] {local_task_job_runner.py:222} INFO - ::endgroup::
