[2026-04-11T11:27:03.222+0000] {local_task_job_runner.py:120} INFO - ::group::Pre task execution logs
[2026-04-11T11:27:03.278+0000] {taskinstance.py:2076} INFO - Dependencies all met for dep_context=non-requeueable deps ti=<TaskInstance: weather_etl_pipeline_v2.transform_clean manual__2026-04-11T11:26:55+00:00 [queued]>
[2026-04-11T11:27:03.292+0000] {taskinstance.py:2076} INFO - Dependencies all met for dep_context=requeueable deps ti=<TaskInstance: weather_etl_pipeline_v2.transform_clean manual__2026-04-11T11:26:55+00:00 [queued]>
[2026-04-11T11:27:03.294+0000] {taskinstance.py:2306} INFO - Starting attempt 1 of 4
[2026-04-11T11:27:03.312+0000] {taskinstance.py:2330} INFO - Executing <Task(PythonOperator): transform_clean> on 2026-04-11 11:26:55+00:00
[2026-04-11T11:27:03.328+0000] {logging_mixin.py:188} WARNING - /home/airflow/.local/lib/python3.12/site-packages/airflow/task/task_runner/standard_task_runner.py:62 DeprecationWarning: This process (pid=184) is multi-threaded, use of fork() may lead to deadlocks in the child.
[2026-04-11T11:27:03.324+0000] {standard_task_runner.py:90} INFO - Running: ['airflow', 'tasks', 'run', 'weather_etl_pipeline_v2', 'transform_clean', 'manual__2026-04-11T11:26:55+00:00', '--job-id', '104', '--raw', '--subdir', 'DAGS_FOLDER/weather_etl_dag_v2.py', '--cfg-path', '/tmp/tmppwoq3szr']
[2026-04-11T11:27:03.330+0000] {standard_task_runner.py:91} INFO - Job 104: Subtask transform_clean
[2026-04-11T11:27:03.330+0000] {standard_task_runner.py:64} INFO - Started process 185 to run task
[2026-04-11T11:27:03.415+0000] {task_command.py:426} INFO - Running <TaskInstance: weather_etl_pipeline_v2.transform_clean manual__2026-04-11T11:26:55+00:00 [running]> on host 9514c60f7b76
[2026-04-11T11:27:03.555+0000] {taskinstance.py:2648} INFO - Exporting env vars: AIRFLOW_CTX_DAG_OWNER='weather_etl' AIRFLOW_CTX_DAG_ID='weather_etl_pipeline_v2' AIRFLOW_CTX_TASK_ID='transform_clean' AIRFLOW_CTX_EXECUTION_DATE='2026-04-11T11:26:55+00:00' AIRFLOW_CTX_TRY_NUMBER='1' AIRFLOW_CTX_DAG_RUN_ID='manual__2026-04-11T11:26:55+00:00'
[2026-04-11T11:27:03.556+0000] {taskinstance.py:430} INFO - ::endgroup::
[2026-04-11T11:27:03.576+0000] {weather_etl_dag_v2.py:123} INFO - ============================================================
[2026-04-11T11:27:03.577+0000] {weather_etl_dag_v2.py:124} INFO - TASK: TRANSFORM_CLEAN - Transform and load clean data
[2026-04-11T11:27:03.579+0000] {weather_etl_dag_v2.py:125} INFO - ============================================================
[2026-04-11T11:27:03.604+0000] {logging_mixin.py:188} WARNING - 2026-04-11 11:27:03 - scripts.load_raw - INFO - Successfully connected to PostgreSQL database
[2026-04-11T11:27:03.603+0000] {load_raw.py:38} INFO - Successfully connected to PostgreSQL database
[2026-04-11T11:27:03.616+0000] {logging_mixin.py:188} WARNING - 2026-04-11 11:27:03 - scripts.load_raw - INFO - Retrieved 15 unprocessed raw records
[2026-04-11T11:27:03.616+0000] {load_raw.py:206} INFO - Retrieved 15 unprocessed raw records
[2026-04-11T11:27:03.619+0000] {logging_mixin.py:188} WARNING - 2026-04-11 11:27:03 - scripts.load_raw - INFO - Database connection closed
[2026-04-11T11:27:03.618+0000] {load_raw.py:53} INFO - Database connection closed
[2026-04-11T11:27:03.620+0000] {logging_mixin.py:188} WARNING - 2026-04-11 11:27:03 - scripts.load_clean - INFO - Starting transformation and load for 15 raw records
[2026-04-11T11:27:03.620+0000] {load_clean.py:159} INFO - Starting transformation and load for 15 raw records
[2026-04-11T11:27:03.629+0000] {logging_mixin.py:188} WARNING - 2026-04-11 11:27:03 - scripts.load_clean - INFO - Successfully connected to PostgreSQL database
[2026-04-11T11:27:03.628+0000] {load_clean.py:41} INFO - Successfully connected to PostgreSQL database
[2026-04-11T11:27:03.633+0000] {logging_mixin.py:188} WARNING - 2026-04-11 11:27:03 - scripts.load_clean - INFO - Table 'weather_clean' created or already exists
[2026-04-11T11:27:03.632+0000] {load_clean.py:91} INFO - Table 'weather_clean' created or already exists
[2026-04-11T11:27:03.647+0000] {logging_mixin.py:188} WARNING - 2026-04-11 11:27:03 - scripts.load_clean - INFO - Marked 15 raw records as processed
[2026-04-11T11:27:03.646+0000] {load_clean.py:242} INFO - Marked 15 raw records as processed
[2026-04-11T11:27:03.649+0000] {logging_mixin.py:188} WARNING - 2026-04-11 11:27:03 - scripts.load_clean - INFO - Clean data load complete: 15 transformed, 15 validated, 15 loaded, 0 failed
[2026-04-11T11:27:03.648+0000] {load_clean.py:214} INFO - Clean data load complete: 15 transformed, 15 validated, 15 loaded, 0 failed
[2026-04-11T11:27:03.651+0000] {logging_mixin.py:188} WARNING - 2026-04-11 11:27:03 - scripts.load_clean - INFO - Database connection closed
[2026-04-11T11:27:03.650+0000] {load_clean.py:56} INFO - Database connection closed
[2026-04-11T11:27:03.652+0000] {weather_etl_dag_v2.py:141} INFO - ✓ Transform and load complete: 15 loaded, 0 failed
[2026-04-11T11:27:03.671+0000] {python.py:237} INFO - Done. Returned value was: 15
[2026-04-11T11:27:03.672+0000] {taskinstance.py:441} INFO - ::group::Post task execution logs
[2026-04-11T11:27:03.697+0000] {taskinstance.py:1206} INFO - Marking task as SUCCESS. dag_id=weather_etl_pipeline_v2, task_id=transform_clean, run_id=manual__2026-04-11T11:26:55+00:00, execution_date=20260411T112655, start_date=20260411T112703, end_date=20260411T112703
[2026-04-11T11:27:03.747+0000] {local_task_job_runner.py:243} INFO - Task exited with return code 0
[2026-04-11T11:27:03.785+0000] {taskinstance.py:3503} INFO - 1 downstream tasks scheduled from follow-on schedule check
[2026-04-11T11:27:03.787+0000] {local_task_job_runner.py:222} INFO - ::endgroup::
