[2026-04-16T06:38:40.946+0000] {local_task_job_runner.py:120} INFO - ::group::Pre task execution logs
[2026-04-16T06:38:40.981+0000] {taskinstance.py:2076} INFO - Dependencies all met for dep_context=non-requeueable deps ti=<TaskInstance: weather_etl_pipeline_v2.transform_clean manual__2026-04-16T06:38:35+00:00 [queued]>
[2026-04-16T06:38:40.993+0000] {taskinstance.py:2076} INFO - Dependencies all met for dep_context=requeueable deps ti=<TaskInstance: weather_etl_pipeline_v2.transform_clean manual__2026-04-16T06:38:35+00:00 [queued]>
[2026-04-16T06:38:40.994+0000] {taskinstance.py:2306} INFO - Starting attempt 1 of 3
[2026-04-16T06:38:41.011+0000] {taskinstance.py:2330} INFO - Executing <Task(PythonOperator): transform_clean> on 2026-04-16 06:38:35+00:00
[2026-04-16T06:38:41.022+0000] {logging_mixin.py:188} WARNING - /home/airflow/.local/lib/python3.12/site-packages/airflow/task/task_runner/standard_task_runner.py:62 DeprecationWarning: This process (pid=1874) is multi-threaded, use of fork() may lead to deadlocks in the child.
[2026-04-16T06:38:41.021+0000] {standard_task_runner.py:90} INFO - Running: ['airflow', 'tasks', 'run', 'weather_etl_pipeline_v2', 'transform_clean', 'manual__2026-04-16T06:38:35+00:00', '--job-id', '49', '--raw', '--subdir', 'DAGS_FOLDER/weather_etl_dag_v2.py', '--cfg-path', '/tmp/tmprlz5jprm']
[2026-04-16T06:38:41.024+0000] {standard_task_runner.py:64} INFO - Started process 1875 to run task
[2026-04-16T06:38:41.024+0000] {standard_task_runner.py:91} INFO - Job 49: Subtask transform_clean
[2026-04-16T06:38:41.093+0000] {task_command.py:426} INFO - Running <TaskInstance: weather_etl_pipeline_v2.transform_clean manual__2026-04-16T06:38:35+00:00 [running]> on host cf9362e38fb8
[2026-04-16T06:38:41.204+0000] {taskinstance.py:2648} INFO - Exporting env vars: AIRFLOW_CTX_DAG_OWNER='weather_etl' AIRFLOW_CTX_DAG_ID='weather_etl_pipeline_v2' AIRFLOW_CTX_TASK_ID='transform_clean' AIRFLOW_CTX_EXECUTION_DATE='2026-04-16T06:38:35+00:00' AIRFLOW_CTX_TRY_NUMBER='1' AIRFLOW_CTX_DAG_RUN_ID='manual__2026-04-16T06:38:35+00:00'
[2026-04-16T06:38:41.207+0000] {taskinstance.py:430} INFO - ::endgroup::
[2026-04-16T06:38:41.228+0000] {weather_etl_dag_v2.py:184} INFO - ============================================================
[2026-04-16T06:38:41.230+0000] {weather_etl_dag_v2.py:185} INFO - TASK: TRANSFORM_CLEAN — Transform & load validated data
[2026-04-16T06:38:41.233+0000] {weather_etl_dag_v2.py:186} INFO - ============================================================
[2026-04-16T06:38:41.264+0000] {logging_mixin.py:188} WARNING - 2026-04-16 06:38:41 - scripts.load_raw - INFO - Successfully connected to PostgreSQL database
[2026-04-16T06:38:41.263+0000] {load_raw.py:38} INFO - Successfully connected to PostgreSQL database
[2026-04-16T06:38:41.271+0000] {logging_mixin.py:188} WARNING - 2026-04-16 06:38:41 - scripts.load_raw - INFO - Retrieved 40 unprocessed raw records (active only)
[2026-04-16T06:38:41.271+0000] {load_raw.py:232} INFO - Retrieved 40 unprocessed raw records (active only)
[2026-04-16T06:38:41.274+0000] {logging_mixin.py:188} WARNING - 2026-04-16 06:38:41 - scripts.load_raw - INFO - Database connection closed
[2026-04-16T06:38:41.273+0000] {load_raw.py:53} INFO - Database connection closed
[2026-04-16T06:38:41.277+0000] {logging_mixin.py:188} WARNING - 2026-04-16 06:38:41 - scripts.load_clean - INFO - Starting transformation and load for 40 raw records
[2026-04-16T06:38:41.276+0000] {load_clean.py:210} INFO - Starting transformation and load for 40 raw records
[2026-04-16T06:38:41.285+0000] {logging_mixin.py:188} WARNING - 2026-04-16 06:38:41 - scripts.load_clean - INFO - Successfully connected to PostgreSQL database
[2026-04-16T06:38:41.284+0000] {load_clean.py:41} INFO - Successfully connected to PostgreSQL database
[2026-04-16T06:38:41.290+0000] {logging_mixin.py:188} WARNING - 2026-04-16 06:38:41 - scripts.load_clean - INFO - Table 'weather_clean' created or already exists
[2026-04-16T06:38:41.289+0000] {load_clean.py:109} INFO - Table 'weather_clean' created or already exists
[2026-04-16T06:38:41.339+0000] {logging_mixin.py:188} WARNING - 2026-04-16 06:38:41 - scripts.load_clean - INFO - Marked 40 raw records as processed
[2026-04-16T06:38:41.338+0000] {load_clean.py:293} INFO - Marked 40 raw records as processed
[2026-04-16T06:38:41.341+0000] {logging_mixin.py:188} WARNING - 2026-04-16 06:38:41 - scripts.load_clean - INFO - Clean data load complete: 40 transformed, 40 validated, 40 loaded, 0 failed
[2026-04-16T06:38:41.341+0000] {load_clean.py:265} INFO - Clean data load complete: 40 transformed, 40 validated, 40 loaded, 0 failed
[2026-04-16T06:38:41.344+0000] {logging_mixin.py:188} WARNING - 2026-04-16 06:38:41 - scripts.load_clean - INFO - Database connection closed
[2026-04-16T06:38:41.344+0000] {load_clean.py:56} INFO - Database connection closed
[2026-04-16T06:38:41.367+0000] {weather_etl_dag_v2.py:200} INFO - ✓ Transform complete: 40 loaded, 0 failed (will be checked in quality_check)
[2026-04-16T06:38:41.369+0000] {python.py:237} INFO - Done. Returned value was: 40
[2026-04-16T06:38:41.371+0000] {taskinstance.py:441} INFO - ::group::Post task execution logs
[2026-04-16T06:38:41.400+0000] {taskinstance.py:1206} INFO - Marking task as SUCCESS. dag_id=weather_etl_pipeline_v2, task_id=transform_clean, run_id=manual__2026-04-16T06:38:35+00:00, execution_date=20260416T063835, start_date=20260416T063840, end_date=20260416T063841
[2026-04-16T06:38:41.440+0000] {local_task_job_runner.py:243} INFO - Task exited with return code 0
[2026-04-16T06:38:41.491+0000] {taskinstance.py:3503} INFO - 1 downstream tasks scheduled from follow-on schedule check
[2026-04-16T06:38:41.495+0000] {local_task_job_runner.py:222} INFO - ::endgroup::
