[2026-04-18T06:14:45.047+0000] {local_task_job_runner.py:120} INFO - ::group::Pre task execution logs
[2026-04-18T06:14:45.120+0000] {taskinstance.py:2076} INFO - Dependencies all met for dep_context=non-requeueable deps ti=<TaskInstance: weather_etl_pipeline_v2.transform_clean manual__2026-04-18T06:14:34.296233+00:00 [queued]>
[2026-04-18T06:14:45.139+0000] {taskinstance.py:2076} INFO - Dependencies all met for dep_context=requeueable deps ti=<TaskInstance: weather_etl_pipeline_v2.transform_clean manual__2026-04-18T06:14:34.296233+00:00 [queued]>
[2026-04-18T06:14:45.141+0000] {taskinstance.py:2306} INFO - Starting attempt 1 of 3
[2026-04-18T06:14:45.169+0000] {taskinstance.py:2330} INFO - Executing <Task(PythonOperator): transform_clean> on 2026-04-18 06:14:34.296233+00:00
[2026-04-18T06:14:45.183+0000] {logging_mixin.py:188} WARNING - /home/airflow/.local/lib/python3.12/site-packages/airflow/task/task_runner/standard_task_runner.py:62 DeprecationWarning: This process (pid=1221) is multi-threaded, use of fork() may lead to deadlocks in the child.
[2026-04-18T06:14:45.182+0000] {standard_task_runner.py:90} INFO - Running: ['airflow', 'tasks', 'run', 'weather_etl_pipeline_v2', 'transform_clean', 'manual__2026-04-18T06:14:34.296233+00:00', '--job-id', '147', '--raw', '--subdir', 'DAGS_FOLDER/weather_etl_dag_v2.py', '--cfg-path', '/tmp/tmpv0gh1gbg']
[2026-04-18T06:14:45.186+0000] {standard_task_runner.py:64} INFO - Started process 1222 to run task
[2026-04-18T06:14:45.186+0000] {standard_task_runner.py:91} INFO - Job 147: Subtask transform_clean
[2026-04-18T06:14:45.296+0000] {task_command.py:426} INFO - Running <TaskInstance: weather_etl_pipeline_v2.transform_clean manual__2026-04-18T06:14:34.296233+00:00 [running]> on host fe407dbe3293
[2026-04-18T06:14:45.494+0000] {taskinstance.py:2648} INFO - Exporting env vars: AIRFLOW_CTX_DAG_OWNER='weather_etl' AIRFLOW_CTX_DAG_ID='weather_etl_pipeline_v2' AIRFLOW_CTX_TASK_ID='transform_clean' AIRFLOW_CTX_EXECUTION_DATE='2026-04-18T06:14:34.296233+00:00' AIRFLOW_CTX_TRY_NUMBER='1' AIRFLOW_CTX_DAG_RUN_ID='manual__2026-04-18T06:14:34.296233+00:00'
[2026-04-18T06:14:45.497+0000] {taskinstance.py:430} INFO - ::endgroup::
[2026-04-18T06:14:45.527+0000] {weather_etl_dag_v2.py:174} INFO - ============================================================
[2026-04-18T06:14:45.533+0000] {weather_etl_dag_v2.py:175} INFO - TASK: TRANSFORM_CLEAN — Transform & load validated data
[2026-04-18T06:14:45.536+0000] {weather_etl_dag_v2.py:176} INFO - ============================================================
[2026-04-18T06:14:45.576+0000] {logging_mixin.py:188} WARNING - 2026-04-18 06:14:45 - scripts.load_raw - INFO - Successfully connected to PostgreSQL database
[2026-04-18T06:14:45.575+0000] {load_raw.py:38} INFO - Successfully connected to PostgreSQL database
[2026-04-18T06:14:45.595+0000] {logging_mixin.py:188} WARNING - 2026-04-18 06:14:45 - scripts.load_raw - INFO - Retrieved 159 unprocessed raw records (active only)
[2026-04-18T06:14:45.592+0000] {load_raw.py:233} INFO - Retrieved 159 unprocessed raw records (active only)
[2026-04-18T06:14:45.602+0000] {logging_mixin.py:188} WARNING - 2026-04-18 06:14:45 - scripts.load_raw - INFO - Database connection closed
[2026-04-18T06:14:45.597+0000] {load_raw.py:53} INFO - Database connection closed
[2026-04-18T06:14:45.606+0000] {logging_mixin.py:188} WARNING - 2026-04-18 06:14:45 - scripts.load_clean - INFO - Starting transformation and load for 159 raw records
[2026-04-18T06:14:45.605+0000] {load_clean.py:210} INFO - Starting transformation and load for 159 raw records
[2026-04-18T06:14:45.620+0000] {logging_mixin.py:188} WARNING - 2026-04-18 06:14:45 - scripts.load_clean - INFO - Successfully connected to PostgreSQL database
[2026-04-18T06:14:45.619+0000] {load_clean.py:41} INFO - Successfully connected to PostgreSQL database
[2026-04-18T06:14:45.627+0000] {logging_mixin.py:188} WARNING - 2026-04-18 06:14:45 - scripts.load_clean - INFO - Table 'weather_clean' created or already exists
[2026-04-18T06:14:45.626+0000] {load_clean.py:109} INFO - Table 'weather_clean' created or already exists
[2026-04-18T06:14:45.911+0000] {logging_mixin.py:188} WARNING - 2026-04-18 06:14:45 - scripts.load_clean - INFO - Marked 159 raw records as processed
[2026-04-18T06:14:45.909+0000] {load_clean.py:293} INFO - Marked 159 raw records as processed
[2026-04-18T06:14:45.932+0000] {logging_mixin.py:188} WARNING - 2026-04-18 06:14:45 - scripts.load_clean - INFO - Clean data load complete: 159 transformed, 159 validated, 159 loaded, 0 failed
[2026-04-18T06:14:45.926+0000] {load_clean.py:265} INFO - Clean data load complete: 159 transformed, 159 validated, 159 loaded, 0 failed
[2026-04-18T06:14:45.944+0000] {logging_mixin.py:188} WARNING - 2026-04-18 06:14:45 - scripts.load_clean - INFO - Database connection closed
[2026-04-18T06:14:45.942+0000] {load_clean.py:56} INFO - Database connection closed
[2026-04-18T06:14:45.974+0000] {weather_etl_dag_v2.py:190} INFO - ✓ Transform complete: 159 loaded, 0 failed (will be checked in quality_check)
[2026-04-18T06:14:45.979+0000] {python.py:237} INFO - Done. Returned value was: 159
[2026-04-18T06:14:45.980+0000] {taskinstance.py:441} INFO - ::group::Post task execution logs
[2026-04-18T06:14:46.023+0000] {taskinstance.py:1206} INFO - Marking task as SUCCESS. dag_id=weather_etl_pipeline_v2, task_id=transform_clean, run_id=manual__2026-04-18T06:14:34.296233+00:00, execution_date=20260418T061434, start_date=20260418T061445, end_date=20260418T061446
[2026-04-18T06:14:46.087+0000] {local_task_job_runner.py:243} INFO - Task exited with return code 0
[2026-04-18T06:14:46.147+0000] {taskinstance.py:3503} INFO - 1 downstream tasks scheduled from follow-on schedule check
[2026-04-18T06:14:46.155+0000] {local_task_job_runner.py:222} INFO - ::endgroup::
