[2026-04-20T06:51:55.964+0000] {local_task_job_runner.py:120} INFO - ::group::Pre task execution logs
[2026-04-20T06:51:56.015+0000] {taskinstance.py:2076} INFO - Dependencies all met for dep_context=non-requeueable deps ti=<TaskInstance: weather_etl_pipeline_v2.transform_clean manual__2026-04-20T06:51:48.405706+00:00 [queued]>
[2026-04-20T06:51:56.032+0000] {taskinstance.py:2076} INFO - Dependencies all met for dep_context=requeueable deps ti=<TaskInstance: weather_etl_pipeline_v2.transform_clean manual__2026-04-20T06:51:48.405706+00:00 [queued]>
[2026-04-20T06:51:56.034+0000] {taskinstance.py:2306} INFO - Starting attempt 1 of 3
[2026-04-20T06:51:56.054+0000] {taskinstance.py:2330} INFO - Executing <Task(PythonOperator): transform_clean> on 2026-04-20 06:51:48.405706+00:00
[2026-04-20T06:51:56.065+0000] {logging_mixin.py:188} WARNING - /home/airflow/.local/lib/python3.12/site-packages/airflow/task/task_runner/standard_task_runner.py:62 DeprecationWarning: This process (pid=1393) is multi-threaded, use of fork() may lead to deadlocks in the child.
[2026-04-20T06:51:56.066+0000] {standard_task_runner.py:64} INFO - Started process 1394 to run task
[2026-04-20T06:51:56.065+0000] {standard_task_runner.py:90} INFO - Running: ['airflow', 'tasks', 'run', 'weather_etl_pipeline_v2', 'transform_clean', 'manual__2026-04-20T06:51:48.405706+00:00', '--job-id', '162', '--raw', '--subdir', 'DAGS_FOLDER/weather_etl_dag_v2.py', '--cfg-path', '/tmp/tmpwqf9w7p5']
[2026-04-20T06:51:56.068+0000] {standard_task_runner.py:91} INFO - Job 162: Subtask transform_clean
[2026-04-20T06:51:56.158+0000] {task_command.py:426} INFO - Running <TaskInstance: weather_etl_pipeline_v2.transform_clean manual__2026-04-20T06:51:48.405706+00:00 [running]> on host 0986b561c3e9
[2026-04-20T06:51:56.323+0000] {taskinstance.py:2648} INFO - Exporting env vars: AIRFLOW_CTX_DAG_OWNER='weather_etl' AIRFLOW_CTX_DAG_ID='weather_etl_pipeline_v2' AIRFLOW_CTX_TASK_ID='transform_clean' AIRFLOW_CTX_EXECUTION_DATE='2026-04-20T06:51:48.405706+00:00' AIRFLOW_CTX_TRY_NUMBER='1' AIRFLOW_CTX_DAG_RUN_ID='manual__2026-04-20T06:51:48.405706+00:00'
[2026-04-20T06:51:56.325+0000] {taskinstance.py:430} INFO - ::endgroup::
[2026-04-20T06:51:56.344+0000] {weather_etl_dag_v2.py:174} INFO - ============================================================
[2026-04-20T06:51:56.346+0000] {weather_etl_dag_v2.py:175} INFO - TASK: TRANSFORM_CLEAN — Transform & load validated data
[2026-04-20T06:51:56.349+0000] {weather_etl_dag_v2.py:176} INFO - ============================================================
[2026-04-20T06:51:56.376+0000] {logging_mixin.py:188} WARNING - 2026-04-20 06:51:56 - scripts.load_raw - INFO - Successfully connected to PostgreSQL database
[2026-04-20T06:51:56.375+0000] {load_raw.py:38} INFO - Successfully connected to PostgreSQL database
[2026-04-20T06:51:56.388+0000] {logging_mixin.py:188} WARNING - 2026-04-20 06:51:56 - scripts.load_raw - INFO - Retrieved 184 unprocessed raw records (active only)
[2026-04-20T06:51:56.387+0000] {load_raw.py:233} INFO - Retrieved 184 unprocessed raw records (active only)
[2026-04-20T06:51:56.391+0000] {logging_mixin.py:188} WARNING - 2026-04-20 06:51:56 - scripts.load_raw - INFO - Database connection closed
[2026-04-20T06:51:56.391+0000] {load_raw.py:53} INFO - Database connection closed
[2026-04-20T06:51:56.394+0000] {logging_mixin.py:188} WARNING - 2026-04-20 06:51:56 - scripts.load_clean - INFO - Starting transformation and load for 184 raw records
[2026-04-20T06:51:56.393+0000] {load_clean.py:210} INFO - Starting transformation and load for 184 raw records
[2026-04-20T06:51:56.404+0000] {logging_mixin.py:188} WARNING - 2026-04-20 06:51:56 - scripts.load_clean - INFO - Successfully connected to PostgreSQL database
[2026-04-20T06:51:56.403+0000] {load_clean.py:41} INFO - Successfully connected to PostgreSQL database
[2026-04-20T06:51:56.409+0000] {logging_mixin.py:188} WARNING - 2026-04-20 06:51:56 - scripts.load_clean - INFO - Table 'weather_clean' created or already exists
[2026-04-20T06:51:56.408+0000] {load_clean.py:109} INFO - Table 'weather_clean' created or already exists
[2026-04-20T06:51:56.661+0000] {logging_mixin.py:188} WARNING - 2026-04-20 06:51:56 - scripts.load_clean - INFO - Marked 184 raw records as processed
[2026-04-20T06:51:56.660+0000] {load_clean.py:293} INFO - Marked 184 raw records as processed
[2026-04-20T06:51:56.664+0000] {logging_mixin.py:188} WARNING - 2026-04-20 06:51:56 - scripts.load_clean - INFO - Clean data load complete: 184 transformed, 184 validated, 184 loaded, 0 failed
[2026-04-20T06:51:56.663+0000] {load_clean.py:265} INFO - Clean data load complete: 184 transformed, 184 validated, 184 loaded, 0 failed
[2026-04-20T06:51:56.669+0000] {logging_mixin.py:188} WARNING - 2026-04-20 06:51:56 - scripts.load_clean - INFO - Database connection closed
[2026-04-20T06:51:56.668+0000] {load_clean.py:56} INFO - Database connection closed
[2026-04-20T06:51:56.703+0000] {weather_etl_dag_v2.py:190} INFO - ✓ Transform complete: 184 loaded, 0 failed (will be checked in quality_check)
[2026-04-20T06:51:56.705+0000] {python.py:237} INFO - Done. Returned value was: 184
[2026-04-20T06:51:56.707+0000] {taskinstance.py:441} INFO - ::group::Post task execution logs
[2026-04-20T06:51:56.748+0000] {taskinstance.py:1206} INFO - Marking task as SUCCESS. dag_id=weather_etl_pipeline_v2, task_id=transform_clean, run_id=manual__2026-04-20T06:51:48.405706+00:00, execution_date=20260420T065148, start_date=20260420T065156, end_date=20260420T065156
[2026-04-20T06:51:56.805+0000] {local_task_job_runner.py:243} INFO - Task exited with return code 0
[2026-04-20T06:51:56.850+0000] {taskinstance.py:3503} INFO - 1 downstream tasks scheduled from follow-on schedule check
[2026-04-20T06:51:56.854+0000] {local_task_job_runner.py:222} INFO - ::endgroup::
