[2026-04-13T06:46:23.977+0000] {local_task_job_runner.py:120} INFO - ::group::Pre task execution logs
[2026-04-13T06:46:24.026+0000] {taskinstance.py:2076} INFO - Dependencies all met for dep_context=non-requeueable deps ti=<TaskInstance: weather_etl_pipeline_v2.transform_clean manual__2026-04-13T06:46:17+00:00 [queued]>
[2026-04-13T06:46:24.039+0000] {taskinstance.py:2076} INFO - Dependencies all met for dep_context=requeueable deps ti=<TaskInstance: weather_etl_pipeline_v2.transform_clean manual__2026-04-13T06:46:17+00:00 [queued]>
[2026-04-13T06:46:24.040+0000] {taskinstance.py:2306} INFO - Starting attempt 1 of 4
[2026-04-13T06:46:24.059+0000] {taskinstance.py:2330} INFO - Executing <Task(PythonOperator): transform_clean> on 2026-04-13 06:46:17+00:00
[2026-04-13T06:46:24.068+0000] {standard_task_runner.py:90} INFO - Running: ['airflow', 'tasks', 'run', 'weather_etl_pipeline_v2', 'transform_clean', 'manual__2026-04-13T06:46:17+00:00', '--job-id', '172', '--raw', '--subdir', 'DAGS_FOLDER/weather_etl_dag_v2.py', '--cfg-path', '/tmp/tmpzce9j8sk']
[2026-04-13T06:46:24.072+0000] {standard_task_runner.py:91} INFO - Job 172: Subtask transform_clean
[2026-04-13T06:46:24.074+0000] {logging_mixin.py:188} WARNING - /home/airflow/.local/lib/python3.12/site-packages/airflow/task/task_runner/standard_task_runner.py:62 DeprecationWarning: This process (pid=224) is multi-threaded, use of fork() may lead to deadlocks in the child.
[2026-04-13T06:46:24.076+0000] {standard_task_runner.py:64} INFO - Started process 225 to run task
[2026-04-13T06:46:24.145+0000] {task_command.py:426} INFO - Running <TaskInstance: weather_etl_pipeline_v2.transform_clean manual__2026-04-13T06:46:17+00:00 [running]> on host 5aae7c9eda2a
[2026-04-13T06:46:24.280+0000] {taskinstance.py:2648} INFO - Exporting env vars: AIRFLOW_CTX_DAG_OWNER='weather_etl' AIRFLOW_CTX_DAG_ID='weather_etl_pipeline_v2' AIRFLOW_CTX_TASK_ID='transform_clean' AIRFLOW_CTX_EXECUTION_DATE='2026-04-13T06:46:17+00:00' AIRFLOW_CTX_TRY_NUMBER='1' AIRFLOW_CTX_DAG_RUN_ID='manual__2026-04-13T06:46:17+00:00'
[2026-04-13T06:46:24.282+0000] {taskinstance.py:430} INFO - ::endgroup::
[2026-04-13T06:46:24.304+0000] {weather_etl_dag_v2.py:148} INFO - ============================================================
[2026-04-13T06:46:24.306+0000] {weather_etl_dag_v2.py:149} INFO - TASK: TRANSFORM_CLEAN - Transform and load clean data
[2026-04-13T06:46:24.307+0000] {weather_etl_dag_v2.py:150} INFO - ============================================================
[2026-04-13T06:46:24.334+0000] {logging_mixin.py:188} WARNING - 2026-04-13 06:46:24 - scripts.load_raw - INFO - Successfully connected to PostgreSQL database
[2026-04-13T06:46:24.333+0000] {load_raw.py:38} INFO - Successfully connected to PostgreSQL database
[2026-04-13T06:46:24.343+0000] {logging_mixin.py:188} WARNING - 2026-04-13 06:46:24 - scripts.load_raw - INFO - Retrieved 64 unprocessed raw records
[2026-04-13T06:46:24.342+0000] {load_raw.py:206} INFO - Retrieved 64 unprocessed raw records
[2026-04-13T06:46:24.346+0000] {logging_mixin.py:188} WARNING - 2026-04-13 06:46:24 - scripts.load_raw - INFO - Database connection closed
[2026-04-13T06:46:24.345+0000] {load_raw.py:53} INFO - Database connection closed
[2026-04-13T06:46:24.348+0000] {logging_mixin.py:188} WARNING - 2026-04-13 06:46:24 - scripts.load_clean - INFO - Starting transformation and load for 64 raw records
[2026-04-13T06:46:24.348+0000] {load_clean.py:169} INFO - Starting transformation and load for 64 raw records
[2026-04-13T06:46:24.360+0000] {logging_mixin.py:188} WARNING - 2026-04-13 06:46:24 - scripts.load_clean - INFO - Successfully connected to PostgreSQL database
[2026-04-13T06:46:24.360+0000] {load_clean.py:41} INFO - Successfully connected to PostgreSQL database
[2026-04-13T06:46:24.366+0000] {logging_mixin.py:188} WARNING - 2026-04-13 06:46:24 - scripts.load_clean - INFO - Table 'weather_clean' created or already exists
[2026-04-13T06:46:24.365+0000] {load_clean.py:91} INFO - Table 'weather_clean' created or already exists
[2026-04-13T06:46:24.373+0000] {logging_mixin.py:188} WARNING - 2026-04-13 06:46:24 - scripts.load_clean - INFO - Inserted new record for Ahmedabad (deleted old records first)
[2026-04-13T06:46:24.372+0000] {load_clean.py:149} INFO - Inserted new record for Ahmedabad (deleted old records first)
[2026-04-13T06:46:24.377+0000] {logging_mixin.py:188} WARNING - 2026-04-13 06:46:24 - scripts.load_clean - INFO - Inserted new record for Mumbai (deleted old records first)
[2026-04-13T06:46:24.377+0000] {load_clean.py:149} INFO - Inserted new record for Mumbai (deleted old records first)
[2026-04-13T06:46:24.382+0000] {logging_mixin.py:188} WARNING - 2026-04-13 06:46:24 - scripts.load_clean - INFO - Inserted new record for Delhi (deleted old records first)
[2026-04-13T06:46:24.381+0000] {load_clean.py:149} INFO - Inserted new record for Delhi (deleted old records first)
[2026-04-13T06:46:24.386+0000] {logging_mixin.py:188} WARNING - 2026-04-13 06:46:24 - scripts.load_clean - INFO - Inserted new record for Bengaluru (deleted old records first)
[2026-04-13T06:46:24.385+0000] {load_clean.py:149} INFO - Inserted new record for Bengaluru (deleted old records first)
[2026-04-13T06:46:24.390+0000] {logging_mixin.py:188} WARNING - 2026-04-13 06:46:24 - scripts.load_clean - INFO - Inserted new record for Chennai (deleted old records first)
[2026-04-13T06:46:24.389+0000] {load_clean.py:149} INFO - Inserted new record for Chennai (deleted old records first)
[2026-04-13T06:46:24.394+0000] {logging_mixin.py:188} WARNING - 2026-04-13 06:46:24 - scripts.load_clean - INFO - Inserted new record for Ahmedabad (deleted old records first)
[2026-04-13T06:46:24.393+0000] {load_clean.py:149} INFO - Inserted new record for Ahmedabad (deleted old records first)
[2026-04-13T06:46:24.398+0000] {logging_mixin.py:188} WARNING - 2026-04-13 06:46:24 - scripts.load_clean - INFO - Inserted new record for Mumbai (deleted old records first)
[2026-04-13T06:46:24.397+0000] {load_clean.py:149} INFO - Inserted new record for Mumbai (deleted old records first)
[2026-04-13T06:46:24.403+0000] {logging_mixin.py:188} WARNING - 2026-04-13 06:46:24 - scripts.load_clean - INFO - Inserted new record for Delhi (deleted old records first)
[2026-04-13T06:46:24.402+0000] {load_clean.py:149} INFO - Inserted new record for Delhi (deleted old records first)
[2026-04-13T06:46:24.408+0000] {logging_mixin.py:188} WARNING - 2026-04-13 06:46:24 - scripts.load_clean - INFO - Inserted new record for Bengaluru (deleted old records first)
[2026-04-13T06:46:24.408+0000] {load_clean.py:149} INFO - Inserted new record for Bengaluru (deleted old records first)
[2026-04-13T06:46:24.412+0000] {logging_mixin.py:188} WARNING - 2026-04-13 06:46:24 - scripts.load_clean - INFO - Inserted new record for Chennai (deleted old records first)
[2026-04-13T06:46:24.411+0000] {load_clean.py:149} INFO - Inserted new record for Chennai (deleted old records first)
[2026-04-13T06:46:24.415+0000] {logging_mixin.py:188} WARNING - 2026-04-13 06:46:24 - scripts.load_clean - INFO - Inserted new record for Ahmedabad (deleted old records first)
[2026-04-13T06:46:24.414+0000] {load_clean.py:149} INFO - Inserted new record for Ahmedabad (deleted old records first)
[2026-04-13T06:46:24.417+0000] {logging_mixin.py:188} WARNING - 2026-04-13 06:46:24 - scripts.load_clean - INFO - Inserted new record for Mumbai (deleted old records first)
[2026-04-13T06:46:24.417+0000] {load_clean.py:149} INFO - Inserted new record for Mumbai (deleted old records first)
[2026-04-13T06:46:24.420+0000] {logging_mixin.py:188} WARNING - 2026-04-13 06:46:24 - scripts.load_clean - INFO - Inserted new record for Delhi (deleted old records first)
[2026-04-13T06:46:24.420+0000] {load_clean.py:149} INFO - Inserted new record for Delhi (deleted old records first)
[2026-04-13T06:46:24.424+0000] {logging_mixin.py:188} WARNING - 2026-04-13 06:46:24 - scripts.load_clean - INFO - Inserted new record for Bengaluru (deleted old records first)
[2026-04-13T06:46:24.423+0000] {load_clean.py:149} INFO - Inserted new record for Bengaluru (deleted old records first)
[2026-04-13T06:46:24.427+0000] {logging_mixin.py:188} WARNING - 2026-04-13 06:46:24 - scripts.load_clean - INFO - Inserted new record for Chennai (deleted old records first)
[2026-04-13T06:46:24.426+0000] {load_clean.py:149} INFO - Inserted new record for Chennai (deleted old records first)
[2026-04-13T06:46:24.430+0000] {logging_mixin.py:188} WARNING - 2026-04-13 06:46:24 - scripts.load_clean - INFO - Inserted new record for Ahmedabad (deleted old records first)
[2026-04-13T06:46:24.429+0000] {load_clean.py:149} INFO - Inserted new record for Ahmedabad (deleted old records first)
[2026-04-13T06:46:24.433+0000] {logging_mixin.py:188} WARNING - 2026-04-13 06:46:24 - scripts.load_clean - INFO - Inserted new record for Mumbai (deleted old records first)
[2026-04-13T06:46:24.432+0000] {load_clean.py:149} INFO - Inserted new record for Mumbai (deleted old records first)
[2026-04-13T06:46:24.436+0000] {logging_mixin.py:188} WARNING - 2026-04-13 06:46:24 - scripts.load_clean - INFO - Inserted new record for Delhi (deleted old records first)
[2026-04-13T06:46:24.436+0000] {load_clean.py:149} INFO - Inserted new record for Delhi (deleted old records first)
[2026-04-13T06:46:24.439+0000] {logging_mixin.py:188} WARNING - 2026-04-13 06:46:24 - scripts.load_clean - INFO - Inserted new record for Bengaluru (deleted old records first)
[2026-04-13T06:46:24.438+0000] {load_clean.py:149} INFO - Inserted new record for Bengaluru (deleted old records first)
[2026-04-13T06:46:24.441+0000] {logging_mixin.py:188} WARNING - 2026-04-13 06:46:24 - scripts.load_clean - INFO - Inserted new record for Chennai (deleted old records first)
[2026-04-13T06:46:24.441+0000] {load_clean.py:149} INFO - Inserted new record for Chennai (deleted old records first)
[2026-04-13T06:46:24.444+0000] {logging_mixin.py:188} WARNING - 2026-04-13 06:46:24 - scripts.load_clean - INFO - Inserted new record for Ahmedabad (deleted old records first)
[2026-04-13T06:46:24.443+0000] {load_clean.py:149} INFO - Inserted new record for Ahmedabad (deleted old records first)
[2026-04-13T06:46:24.446+0000] {logging_mixin.py:188} WARNING - 2026-04-13 06:46:24 - scripts.load_clean - INFO - Inserted new record for Mumbai (deleted old records first)
[2026-04-13T06:46:24.445+0000] {load_clean.py:149} INFO - Inserted new record for Mumbai (deleted old records first)
[2026-04-13T06:46:24.448+0000] {logging_mixin.py:188} WARNING - 2026-04-13 06:46:24 - scripts.load_clean - INFO - Inserted new record for Delhi (deleted old records first)
[2026-04-13T06:46:24.448+0000] {load_clean.py:149} INFO - Inserted new record for Delhi (deleted old records first)
[2026-04-13T06:46:24.452+0000] {logging_mixin.py:188} WARNING - 2026-04-13 06:46:24 - scripts.load_clean - INFO - Inserted new record for Bengaluru (deleted old records first)
[2026-04-13T06:46:24.451+0000] {load_clean.py:149} INFO - Inserted new record for Bengaluru (deleted old records first)
[2026-04-13T06:46:24.456+0000] {logging_mixin.py:188} WARNING - 2026-04-13 06:46:24 - scripts.load_clean - INFO - Inserted new record for Chennai (deleted old records first)
[2026-04-13T06:46:24.455+0000] {load_clean.py:149} INFO - Inserted new record for Chennai (deleted old records first)
[2026-04-13T06:46:24.459+0000] {logging_mixin.py:188} WARNING - 2026-04-13 06:46:24 - scripts.load_clean - INFO - Inserted new record for Ahmedabad (deleted old records first)
[2026-04-13T06:46:24.458+0000] {load_clean.py:149} INFO - Inserted new record for Ahmedabad (deleted old records first)
[2026-04-13T06:46:24.463+0000] {logging_mixin.py:188} WARNING - 2026-04-13 06:46:24 - scripts.load_clean - INFO - Inserted new record for Mumbai (deleted old records first)
[2026-04-13T06:46:24.462+0000] {load_clean.py:149} INFO - Inserted new record for Mumbai (deleted old records first)
[2026-04-13T06:46:24.467+0000] {logging_mixin.py:188} WARNING - 2026-04-13 06:46:24 - scripts.load_clean - INFO - Inserted new record for Delhi (deleted old records first)
[2026-04-13T06:46:24.466+0000] {load_clean.py:149} INFO - Inserted new record for Delhi (deleted old records first)
[2026-04-13T06:46:24.471+0000] {logging_mixin.py:188} WARNING - 2026-04-13 06:46:24 - scripts.load_clean - INFO - Inserted new record for Bengaluru (deleted old records first)
[2026-04-13T06:46:24.471+0000] {load_clean.py:149} INFO - Inserted new record for Bengaluru (deleted old records first)
[2026-04-13T06:46:24.475+0000] {logging_mixin.py:188} WARNING - 2026-04-13 06:46:24 - scripts.load_clean - INFO - Inserted new record for Chennai (deleted old records first)
[2026-04-13T06:46:24.475+0000] {load_clean.py:149} INFO - Inserted new record for Chennai (deleted old records first)
[2026-04-13T06:46:24.479+0000] {logging_mixin.py:188} WARNING - 2026-04-13 06:46:24 - scripts.load_clean - INFO - Inserted new record for Ahmedabad (deleted old records first)
[2026-04-13T06:46:24.479+0000] {load_clean.py:149} INFO - Inserted new record for Ahmedabad (deleted old records first)
[2026-04-13T06:46:24.483+0000] {logging_mixin.py:188} WARNING - 2026-04-13 06:46:24 - scripts.load_clean - INFO - Inserted new record for Mumbai (deleted old records first)
[2026-04-13T06:46:24.482+0000] {load_clean.py:149} INFO - Inserted new record for Mumbai (deleted old records first)
[2026-04-13T06:46:24.487+0000] {logging_mixin.py:188} WARNING - 2026-04-13 06:46:24 - scripts.load_clean - INFO - Inserted new record for Delhi (deleted old records first)
[2026-04-13T06:46:24.486+0000] {load_clean.py:149} INFO - Inserted new record for Delhi (deleted old records first)
[2026-04-13T06:46:24.490+0000] {logging_mixin.py:188} WARNING - 2026-04-13 06:46:24 - scripts.load_clean - INFO - Inserted new record for Bengaluru (deleted old records first)
[2026-04-13T06:46:24.489+0000] {load_clean.py:149} INFO - Inserted new record for Bengaluru (deleted old records first)
[2026-04-13T06:46:24.494+0000] {logging_mixin.py:188} WARNING - 2026-04-13 06:46:24 - scripts.load_clean - INFO - Inserted new record for Chennai (deleted old records first)
[2026-04-13T06:46:24.493+0000] {load_clean.py:149} INFO - Inserted new record for Chennai (deleted old records first)
[2026-04-13T06:46:24.497+0000] {logging_mixin.py:188} WARNING - 2026-04-13 06:46:24 - scripts.load_clean - INFO - Inserted new record for Ahmedabad (deleted old records first)
[2026-04-13T06:46:24.497+0000] {load_clean.py:149} INFO - Inserted new record for Ahmedabad (deleted old records first)
[2026-04-13T06:46:24.501+0000] {logging_mixin.py:188} WARNING - 2026-04-13 06:46:24 - scripts.load_clean - INFO - Inserted new record for Mumbai (deleted old records first)
[2026-04-13T06:46:24.501+0000] {load_clean.py:149} INFO - Inserted new record for Mumbai (deleted old records first)
[2026-04-13T06:46:24.504+0000] {logging_mixin.py:188} WARNING - 2026-04-13 06:46:24 - scripts.load_clean - INFO - Inserted new record for Delhi (deleted old records first)
[2026-04-13T06:46:24.504+0000] {load_clean.py:149} INFO - Inserted new record for Delhi (deleted old records first)
[2026-04-13T06:46:24.507+0000] {logging_mixin.py:188} WARNING - 2026-04-13 06:46:24 - scripts.load_clean - INFO - Inserted new record for Bengaluru (deleted old records first)
[2026-04-13T06:46:24.507+0000] {load_clean.py:149} INFO - Inserted new record for Bengaluru (deleted old records first)
[2026-04-13T06:46:24.510+0000] {logging_mixin.py:188} WARNING - 2026-04-13 06:46:24 - scripts.load_clean - INFO - Inserted new record for Chennai (deleted old records first)
[2026-04-13T06:46:24.509+0000] {load_clean.py:149} INFO - Inserted new record for Chennai (deleted old records first)
[2026-04-13T06:46:24.513+0000] {logging_mixin.py:188} WARNING - 2026-04-13 06:46:24 - scripts.load_clean - INFO - Inserted new record for Ahmedabad (deleted old records first)
[2026-04-13T06:46:24.513+0000] {load_clean.py:149} INFO - Inserted new record for Ahmedabad (deleted old records first)
[2026-04-13T06:46:24.517+0000] {logging_mixin.py:188} WARNING - 2026-04-13 06:46:24 - scripts.load_clean - INFO - Inserted new record for Ahmedabad (deleted old records first)
[2026-04-13T06:46:24.516+0000] {load_clean.py:149} INFO - Inserted new record for Ahmedabad (deleted old records first)
[2026-04-13T06:46:24.522+0000] {logging_mixin.py:188} WARNING - 2026-04-13 06:46:24 - scripts.load_clean - INFO - Inserted new record for Mumbai (deleted old records first)
[2026-04-13T06:46:24.521+0000] {load_clean.py:149} INFO - Inserted new record for Mumbai (deleted old records first)
[2026-04-13T06:46:24.526+0000] {logging_mixin.py:188} WARNING - 2026-04-13 06:46:24 - scripts.load_clean - INFO - Inserted new record for Delhi (deleted old records first)
[2026-04-13T06:46:24.525+0000] {load_clean.py:149} INFO - Inserted new record for Delhi (deleted old records first)
[2026-04-13T06:46:24.529+0000] {logging_mixin.py:188} WARNING - 2026-04-13 06:46:24 - scripts.load_clean - INFO - Inserted new record for Bengaluru (deleted old records first)
[2026-04-13T06:46:24.528+0000] {load_clean.py:149} INFO - Inserted new record for Bengaluru (deleted old records first)
[2026-04-13T06:46:24.532+0000] {logging_mixin.py:188} WARNING - 2026-04-13 06:46:24 - scripts.load_clean - INFO - Inserted new record for Chennai (deleted old records first)
[2026-04-13T06:46:24.532+0000] {load_clean.py:149} INFO - Inserted new record for Chennai (deleted old records first)
[2026-04-13T06:46:24.536+0000] {logging_mixin.py:188} WARNING - 2026-04-13 06:46:24 - scripts.load_clean - INFO - Inserted new record for Delhi (deleted old records first)
[2026-04-13T06:46:24.535+0000] {load_clean.py:149} INFO - Inserted new record for Delhi (deleted old records first)
[2026-04-13T06:46:24.540+0000] {logging_mixin.py:188} WARNING - 2026-04-13 06:46:24 - scripts.load_clean - INFO - Inserted new record for Bengaluru (deleted old records first)
[2026-04-13T06:46:24.539+0000] {load_clean.py:149} INFO - Inserted new record for Bengaluru (deleted old records first)
[2026-04-13T06:46:24.544+0000] {logging_mixin.py:188} WARNING - 2026-04-13 06:46:24 - scripts.load_clean - INFO - Inserted new record for Chennai (deleted old records first)
[2026-04-13T06:46:24.543+0000] {load_clean.py:149} INFO - Inserted new record for Chennai (deleted old records first)
[2026-04-13T06:46:24.548+0000] {logging_mixin.py:188} WARNING - 2026-04-13 06:46:24 - scripts.load_clean - INFO - Inserted new record for Ahmedabad (deleted old records first)
[2026-04-13T06:46:24.547+0000] {load_clean.py:149} INFO - Inserted new record for Ahmedabad (deleted old records first)
[2026-04-13T06:46:24.551+0000] {logging_mixin.py:188} WARNING - 2026-04-13 06:46:24 - scripts.load_clean - INFO - Inserted new record for Mumbai (deleted old records first)
[2026-04-13T06:46:24.550+0000] {load_clean.py:149} INFO - Inserted new record for Mumbai (deleted old records first)
[2026-04-13T06:46:24.554+0000] {logging_mixin.py:188} WARNING - 2026-04-13 06:46:24 - scripts.load_clean - INFO - Inserted new record for Delhi (deleted old records first)
[2026-04-13T06:46:24.554+0000] {load_clean.py:149} INFO - Inserted new record for Delhi (deleted old records first)
[2026-04-13T06:46:24.557+0000] {logging_mixin.py:188} WARNING - 2026-04-13 06:46:24 - scripts.load_clean - INFO - Inserted new record for Bengaluru (deleted old records first)
[2026-04-13T06:46:24.556+0000] {load_clean.py:149} INFO - Inserted new record for Bengaluru (deleted old records first)
[2026-04-13T06:46:24.563+0000] {logging_mixin.py:188} WARNING - 2026-04-13 06:46:24 - scripts.load_clean - INFO - Inserted new record for Chennai (deleted old records first)
[2026-04-13T06:46:24.559+0000] {load_clean.py:149} INFO - Inserted new record for Chennai (deleted old records first)
[2026-04-13T06:46:24.572+0000] {logging_mixin.py:188} WARNING - 2026-04-13 06:46:24 - scripts.load_clean - INFO - Inserted new record for Ahmedabad (deleted old records first)
[2026-04-13T06:46:24.568+0000] {load_clean.py:149} INFO - Inserted new record for Ahmedabad (deleted old records first)
[2026-04-13T06:46:24.577+0000] {logging_mixin.py:188} WARNING - 2026-04-13 06:46:24 - scripts.load_clean - INFO - Inserted new record for Mumbai (deleted old records first)
[2026-04-13T06:46:24.576+0000] {load_clean.py:149} INFO - Inserted new record for Mumbai (deleted old records first)
[2026-04-13T06:46:24.581+0000] {logging_mixin.py:188} WARNING - 2026-04-13 06:46:24 - scripts.load_clean - INFO - Inserted new record for Delhi (deleted old records first)
[2026-04-13T06:46:24.580+0000] {load_clean.py:149} INFO - Inserted new record for Delhi (deleted old records first)
[2026-04-13T06:46:24.583+0000] {logging_mixin.py:188} WARNING - 2026-04-13 06:46:24 - scripts.load_clean - INFO - Inserted new record for Bengaluru (deleted old records first)
[2026-04-13T06:46:24.583+0000] {load_clean.py:149} INFO - Inserted new record for Bengaluru (deleted old records first)
[2026-04-13T06:46:24.587+0000] {logging_mixin.py:188} WARNING - 2026-04-13 06:46:24 - scripts.load_clean - INFO - Inserted new record for Chennai (deleted old records first)
[2026-04-13T06:46:24.586+0000] {load_clean.py:149} INFO - Inserted new record for Chennai (deleted old records first)
[2026-04-13T06:46:24.591+0000] {logging_mixin.py:188} WARNING - 2026-04-13 06:46:24 - scripts.load_clean - INFO - Inserted new record for Ahmedabad (deleted old records first)
[2026-04-13T06:46:24.590+0000] {load_clean.py:149} INFO - Inserted new record for Ahmedabad (deleted old records first)
[2026-04-13T06:46:24.595+0000] {logging_mixin.py:188} WARNING - 2026-04-13 06:46:24 - scripts.load_clean - INFO - Inserted new record for Bengaluru (deleted old records first)
[2026-04-13T06:46:24.594+0000] {load_clean.py:149} INFO - Inserted new record for Bengaluru (deleted old records first)
[2026-04-13T06:46:24.599+0000] {logging_mixin.py:188} WARNING - 2026-04-13 06:46:24 - scripts.load_clean - INFO - Inserted new record for Chennai (deleted old records first)
[2026-04-13T06:46:24.598+0000] {load_clean.py:149} INFO - Inserted new record for Chennai (deleted old records first)
[2026-04-13T06:46:24.603+0000] {logging_mixin.py:188} WARNING - 2026-04-13 06:46:24 - scripts.load_clean - INFO - Inserted new record for Delhi (deleted old records first)
[2026-04-13T06:46:24.602+0000] {load_clean.py:149} INFO - Inserted new record for Delhi (deleted old records first)
[2026-04-13T06:46:24.607+0000] {logging_mixin.py:188} WARNING - 2026-04-13 06:46:24 - scripts.load_clean - INFO - Inserted new record for Mumbai (deleted old records first)
[2026-04-13T06:46:24.606+0000] {load_clean.py:149} INFO - Inserted new record for Mumbai (deleted old records first)
[2026-04-13T06:46:24.616+0000] {logging_mixin.py:188} WARNING - 2026-04-13 06:46:24 - scripts.load_clean - INFO - Marked 64 raw records as processed
[2026-04-13T06:46:24.615+0000] {load_clean.py:252} INFO - Marked 64 raw records as processed
[2026-04-13T06:46:24.618+0000] {logging_mixin.py:188} WARNING - 2026-04-13 06:46:24 - scripts.load_clean - INFO - Clean data load complete: 64 transformed, 64 validated, 64 loaded, 0 failed
[2026-04-13T06:46:24.618+0000] {load_clean.py:224} INFO - Clean data load complete: 64 transformed, 64 validated, 64 loaded, 0 failed
[2026-04-13T06:46:24.621+0000] {logging_mixin.py:188} WARNING - 2026-04-13 06:46:24 - scripts.load_clean - INFO - Database connection closed
[2026-04-13T06:46:24.620+0000] {load_clean.py:56} INFO - Database connection closed
[2026-04-13T06:46:24.623+0000] {weather_etl_dag_v2.py:166} INFO - ✓ Transform and load complete: 64 loaded, 0 failed
[2026-04-13T06:46:24.648+0000] {python.py:237} INFO - Done. Returned value was: 64
[2026-04-13T06:46:24.649+0000] {taskinstance.py:441} INFO - ::group::Post task execution logs
[2026-04-13T06:46:24.685+0000] {taskinstance.py:1206} INFO - Marking task as SUCCESS. dag_id=weather_etl_pipeline_v2, task_id=transform_clean, run_id=manual__2026-04-13T06:46:17+00:00, execution_date=20260413T064617, start_date=20260413T064624, end_date=20260413T064624
[2026-04-13T06:46:24.734+0000] {local_task_job_runner.py:243} INFO - Task exited with return code 0
[2026-04-13T06:46:24.771+0000] {taskinstance.py:3503} INFO - 1 downstream tasks scheduled from follow-on schedule check
[2026-04-13T06:46:24.774+0000] {local_task_job_runner.py:222} INFO - ::endgroup::
