[2026-04-16T06:00:28.107+0000] {local_task_job_runner.py:120} INFO - ::group::Pre task execution logs
[2026-04-16T06:00:28.151+0000] {taskinstance.py:2076} INFO - Dependencies all met for dep_context=non-requeueable deps ti=<TaskInstance: weather_etl_pipeline_v2.transform_clean scheduled__2026-04-15T02:00:00+00:00 [queued]>
[2026-04-16T06:00:28.161+0000] {taskinstance.py:2076} INFO - Dependencies all met for dep_context=requeueable deps ti=<TaskInstance: weather_etl_pipeline_v2.transform_clean scheduled__2026-04-15T02:00:00+00:00 [queued]>
[2026-04-16T06:00:28.162+0000] {taskinstance.py:2306} INFO - Starting attempt 1 of 3
[2026-04-16T06:00:28.176+0000] {taskinstance.py:2330} INFO - Executing <Task(PythonOperator): transform_clean> on 2026-04-15 02:00:00+00:00
[2026-04-16T06:00:28.185+0000] {logging_mixin.py:188} WARNING - /home/airflow/.local/lib/python3.12/site-packages/airflow/task/task_runner/standard_task_runner.py:62 DeprecationWarning: This process (pid=470) is multi-threaded, use of fork() may lead to deadlocks in the child.
[2026-04-16T06:00:28.185+0000] {standard_task_runner.py:90} INFO - Running: ['airflow', 'tasks', 'run', 'weather_etl_pipeline_v2', 'transform_clean', 'scheduled__2026-04-15T02:00:00+00:00', '--job-id', '13', '--raw', '--subdir', 'DAGS_FOLDER/weather_etl_dag_v2.py', '--cfg-path', '/tmp/tmp8v7o88h_']
[2026-04-16T06:00:28.186+0000] {standard_task_runner.py:64} INFO - Started process 471 to run task
[2026-04-16T06:00:28.187+0000] {standard_task_runner.py:91} INFO - Job 13: Subtask transform_clean
[2026-04-16T06:00:28.248+0000] {task_command.py:426} INFO - Running <TaskInstance: weather_etl_pipeline_v2.transform_clean scheduled__2026-04-15T02:00:00+00:00 [running]> on host cf9362e38fb8
[2026-04-16T06:00:28.348+0000] {taskinstance.py:2648} INFO - Exporting env vars: AIRFLOW_CTX_DAG_OWNER='weather_etl' AIRFLOW_CTX_DAG_ID='weather_etl_pipeline_v2' AIRFLOW_CTX_TASK_ID='transform_clean' AIRFLOW_CTX_EXECUTION_DATE='2026-04-15T02:00:00+00:00' AIRFLOW_CTX_TRY_NUMBER='1' AIRFLOW_CTX_DAG_RUN_ID='scheduled__2026-04-15T02:00:00+00:00'
[2026-04-16T06:00:28.350+0000] {taskinstance.py:430} INFO - ::endgroup::
[2026-04-16T06:00:28.365+0000] {weather_etl_dag_v2.py:177} INFO - ============================================================
[2026-04-16T06:00:28.366+0000] {weather_etl_dag_v2.py:178} INFO - TASK: TRANSFORM_CLEAN — Transform & load validated data
[2026-04-16T06:00:28.368+0000] {weather_etl_dag_v2.py:179} INFO - ============================================================
[2026-04-16T06:00:28.387+0000] {logging_mixin.py:188} WARNING - 2026-04-16 06:00:28 - scripts.load_raw - INFO - Successfully connected to PostgreSQL database
[2026-04-16T06:00:28.386+0000] {load_raw.py:38} INFO - Successfully connected to PostgreSQL database
[2026-04-16T06:00:28.392+0000] {logging_mixin.py:188} WARNING - 2026-04-16 06:00:28 - scripts.load_raw - INFO - Retrieved 10 unprocessed raw records (active only)
[2026-04-16T06:00:28.392+0000] {load_raw.py:232} INFO - Retrieved 10 unprocessed raw records (active only)
[2026-04-16T06:00:28.394+0000] {logging_mixin.py:188} WARNING - 2026-04-16 06:00:28 - scripts.load_raw - INFO - Database connection closed
[2026-04-16T06:00:28.394+0000] {load_raw.py:53} INFO - Database connection closed
[2026-04-16T06:00:28.396+0000] {logging_mixin.py:188} WARNING - 2026-04-16 06:00:28 - scripts.load_clean - INFO - Starting transformation and load for 10 raw records
[2026-04-16T06:00:28.395+0000] {load_clean.py:210} INFO - Starting transformation and load for 10 raw records
[2026-04-16T06:00:28.404+0000] {logging_mixin.py:188} WARNING - 2026-04-16 06:00:28 - scripts.load_clean - INFO - Successfully connected to PostgreSQL database
[2026-04-16T06:00:28.403+0000] {load_clean.py:41} INFO - Successfully connected to PostgreSQL database
[2026-04-16T06:00:28.408+0000] {logging_mixin.py:188} WARNING - 2026-04-16 06:00:28 - scripts.load_clean - INFO - Table 'weather_clean' created or already exists
[2026-04-16T06:00:28.408+0000] {load_clean.py:109} INFO - Table 'weather_clean' created or already exists
[2026-04-16T06:00:28.422+0000] {logging_mixin.py:188} WARNING - 2026-04-16 06:00:28 - scripts.load_clean - INFO - Marked 10 raw records as processed
[2026-04-16T06:00:28.422+0000] {load_clean.py:293} INFO - Marked 10 raw records as processed
[2026-04-16T06:00:28.424+0000] {logging_mixin.py:188} WARNING - 2026-04-16 06:00:28 - scripts.load_clean - INFO - Clean data load complete: 10 transformed, 10 validated, 10 loaded, 0 failed
[2026-04-16T06:00:28.424+0000] {load_clean.py:265} INFO - Clean data load complete: 10 transformed, 10 validated, 10 loaded, 0 failed
[2026-04-16T06:00:28.426+0000] {logging_mixin.py:188} WARNING - 2026-04-16 06:00:28 - scripts.load_clean - INFO - Database connection closed
[2026-04-16T06:00:28.425+0000] {load_clean.py:56} INFO - Database connection closed
[2026-04-16T06:00:28.442+0000] {weather_etl_dag_v2.py:193} INFO - ✓ Transform complete: 10 loaded, 0 failed (will be checked in quality_check)
[2026-04-16T06:00:28.443+0000] {python.py:237} INFO - Done. Returned value was: 10
[2026-04-16T06:00:28.444+0000] {taskinstance.py:441} INFO - ::group::Post task execution logs
[2026-04-16T06:00:28.467+0000] {taskinstance.py:1206} INFO - Marking task as SUCCESS. dag_id=weather_etl_pipeline_v2, task_id=transform_clean, run_id=scheduled__2026-04-15T02:00:00+00:00, execution_date=20260415T020000, start_date=20260416T060028, end_date=20260416T060028
[2026-04-16T06:00:28.522+0000] {local_task_job_runner.py:243} INFO - Task exited with return code 0
[2026-04-16T06:00:28.557+0000] {taskinstance.py:3503} INFO - 1 downstream tasks scheduled from follow-on schedule check
[2026-04-16T06:00:28.560+0000] {local_task_job_runner.py:222} INFO - ::endgroup::
