[2026-04-16T06:54:41.584+0000] {local_task_job_runner.py:120} INFO - ::group::Pre task execution logs
[2026-04-16T06:54:41.640+0000] {taskinstance.py:2076} INFO - Dependencies all met for dep_context=non-requeueable deps ti=<TaskInstance: weather_etl_pipeline_v2.update_metadata_success manual__2026-04-16T06:54:30+00:00 [queued]>
[2026-04-16T06:54:41.655+0000] {taskinstance.py:2076} INFO - Dependencies all met for dep_context=requeueable deps ti=<TaskInstance: weather_etl_pipeline_v2.update_metadata_success manual__2026-04-16T06:54:30+00:00 [queued]>
[2026-04-16T06:54:41.657+0000] {taskinstance.py:2306} INFO - Starting attempt 1 of 4
[2026-04-16T06:54:41.677+0000] {taskinstance.py:2330} INFO - Executing <Task(PythonOperator): update_metadata_success> on 2026-04-16 06:54:30+00:00
[2026-04-16T06:54:41.688+0000] {logging_mixin.py:188} WARNING - /home/airflow/.local/lib/python3.12/site-packages/airflow/task/task_runner/standard_task_runner.py:62 DeprecationWarning: This process (pid=2440) is multi-threaded, use of fork() may lead to deadlocks in the child.
[2026-04-16T06:54:41.687+0000] {standard_task_runner.py:90} INFO - Running: ['airflow', 'tasks', 'run', 'weather_etl_pipeline_v2', 'update_metadata_success', 'manual__2026-04-16T06:54:30+00:00', '--job-id', '73', '--raw', '--subdir', 'DAGS_FOLDER/weather_etl_dag_v2.py', '--cfg-path', '/tmp/tmpl6pijwxn']
[2026-04-16T06:54:41.690+0000] {standard_task_runner.py:64} INFO - Started process 2441 to run task
[2026-04-16T06:54:41.690+0000] {standard_task_runner.py:91} INFO - Job 73: Subtask update_metadata_success
[2026-04-16T06:54:41.777+0000] {task_command.py:426} INFO - Running <TaskInstance: weather_etl_pipeline_v2.update_metadata_success manual__2026-04-16T06:54:30+00:00 [running]> on host cf9362e38fb8
[2026-04-16T06:54:41.911+0000] {taskinstance.py:2648} INFO - Exporting env vars: AIRFLOW_CTX_DAG_OWNER='weather_etl' AIRFLOW_CTX_DAG_ID='weather_etl_pipeline_v2' AIRFLOW_CTX_TASK_ID='update_metadata_success' AIRFLOW_CTX_EXECUTION_DATE='2026-04-16T06:54:30+00:00' AIRFLOW_CTX_TRY_NUMBER='1' AIRFLOW_CTX_DAG_RUN_ID='manual__2026-04-16T06:54:30+00:00'
[2026-04-16T06:54:41.913+0000] {taskinstance.py:430} INFO - ::endgroup::
[2026-04-16T06:54:41.935+0000] {weather_etl_dag_v2.py:326} INFO - ============================================================
[2026-04-16T06:54:41.937+0000] {weather_etl_dag_v2.py:327} INFO - TASK: UPDATE_METADATA_SUCCESS — Recording successful pipeline run
[2026-04-16T06:54:41.939+0000] {weather_etl_dag_v2.py:328} INFO - ============================================================
[2026-04-16T06:54:42.037+0000] {logging_mixin.py:188} WARNING - 2026-04-16 06:54:42 - scripts.metadata_manager - INFO - Successfully connected to PostgreSQL database
[2026-04-16T06:54:42.033+0000] {metadata_manager.py:38} INFO - Successfully connected to PostgreSQL database
[2026-04-16T06:54:42.046+0000] {logging_mixin.py:188} WARNING - 2026-04-16 06:54:42 - scripts.metadata_manager - INFO - Table 'pipeline_metadata' created or already exists
[2026-04-16T06:54:42.045+0000] {metadata_manager.py:92} INFO - Table 'pipeline_metadata' created or already exists
[2026-04-16T06:54:42.053+0000] {logging_mixin.py:188} WARNING - 2026-04-16 06:54:42 - scripts.metadata_manager - INFO - Pipeline weather_etl_pipeline_v2 marked as SUCCESS: 8 processed, 62 inserted, 0 failed
[2026-04-16T06:54:42.052+0000] {metadata_manager.py:241} INFO - Pipeline weather_etl_pipeline_v2 marked as SUCCESS: 8 processed, 62 inserted, 0 failed
[2026-04-16T06:54:42.056+0000] {logging_mixin.py:188} WARNING - 2026-04-16 06:54:42 - scripts.metadata_manager - INFO - Database connection closed
[2026-04-16T06:54:42.054+0000] {metadata_manager.py:53} INFO - Database connection closed
[2026-04-16T06:54:42.058+0000] {weather_etl_dag_v2.py:348} INFO - ✓ Pipeline marked as SUCCESS
[2026-04-16T06:54:42.060+0000] {weather_etl_dag_v2.py:349} INFO -   Records extracted  : 8
[2026-04-16T06:54:42.062+0000] {weather_etl_dag_v2.py:350} INFO -   Records inserted   : 62
[2026-04-16T06:54:42.064+0000] {weather_etl_dag_v2.py:351} INFO -   Records failed     : 0
[2026-04-16T06:54:42.066+0000] {weather_etl_dag_v2.py:352} INFO -   Validation rate    : 100.0%
[2026-04-16T06:54:42.068+0000] {weather_etl_dag_v2.py:353} INFO -   Agg rows upserted  : 0
[2026-04-16T06:54:42.070+0000] {python.py:237} INFO - Done. Returned value was: True
[2026-04-16T06:54:42.071+0000] {taskinstance.py:441} INFO - ::group::Post task execution logs
[2026-04-16T06:54:42.112+0000] {taskinstance.py:1206} INFO - Marking task as SUCCESS. dag_id=weather_etl_pipeline_v2, task_id=update_metadata_success, run_id=manual__2026-04-16T06:54:30+00:00, execution_date=20260416T065430, start_date=20260416T065441, end_date=20260416T065442
[2026-04-16T06:54:42.147+0000] {local_task_job_runner.py:243} INFO - Task exited with return code 0
[2026-04-16T06:54:42.169+0000] {local_task_job_runner.py:222} INFO - ::endgroup::
