[2026-04-16T05:57:56.238+0000] {local_task_job_runner.py:120} INFO - ::group::Pre task execution logs
[2026-04-16T05:57:56.293+0000] {taskinstance.py:2076} INFO - Dependencies all met for dep_context=non-requeueable deps ti=<TaskInstance: weather_etl_pipeline_v2.extract manual__2026-04-16T05:57:00+00:00 [queued]>
[2026-04-16T05:57:56.304+0000] {taskinstance.py:2076} INFO - Dependencies all met for dep_context=requeueable deps ti=<TaskInstance: weather_etl_pipeline_v2.extract manual__2026-04-16T05:57:00+00:00 [queued]>
[2026-04-16T05:57:56.306+0000] {taskinstance.py:2306} INFO - Starting attempt 1 of 4
[2026-04-16T05:57:56.335+0000] {taskinstance.py:2330} INFO - Executing <Task(PythonOperator): extract> on 2026-04-16 05:57:00+00:00
[2026-04-16T05:57:56.346+0000] {logging_mixin.py:188} WARNING - /home/airflow/.local/lib/python3.12/site-packages/airflow/task/task_runner/standard_task_runner.py:62 DeprecationWarning: This process (pid=291) is multi-threaded, use of fork() may lead to deadlocks in the child.
[2026-04-16T05:57:56.348+0000] {standard_task_runner.py:64} INFO - Started process 298 to run task
[2026-04-16T05:57:56.346+0000] {standard_task_runner.py:90} INFO - Running: ['airflow', 'tasks', 'run', 'weather_etl_pipeline_v2', 'extract', 'manual__2026-04-16T05:57:00+00:00', '--job-id', '3', '--raw', '--subdir', 'DAGS_FOLDER/weather_etl_dag_v2.py', '--cfg-path', '/tmp/tmpxqia1yx9']
[2026-04-16T05:57:56.350+0000] {standard_task_runner.py:91} INFO - Job 3: Subtask extract
[2026-04-16T05:57:56.439+0000] {task_command.py:426} INFO - Running <TaskInstance: weather_etl_pipeline_v2.extract manual__2026-04-16T05:57:00+00:00 [running]> on host cf9362e38fb8
[2026-04-16T05:57:56.533+0000] {taskinstance.py:2648} INFO - Exporting env vars: AIRFLOW_CTX_DAG_OWNER='weather_etl' AIRFLOW_CTX_DAG_ID='weather_etl_pipeline_v2' AIRFLOW_CTX_TASK_ID='extract' AIRFLOW_CTX_EXECUTION_DATE='2026-04-16T05:57:00+00:00' AIRFLOW_CTX_TRY_NUMBER='1' AIRFLOW_CTX_DAG_RUN_ID='manual__2026-04-16T05:57:00+00:00'
[2026-04-16T05:57:56.534+0000] {taskinstance.py:430} INFO - ::endgroup::
[2026-04-16T05:57:56.547+0000] {weather_etl_dag_v2.py:91} INFO - ============================================================
[2026-04-16T05:57:56.549+0000] {weather_etl_dag_v2.py:92} INFO - TASK: EXTRACT — Fetching weather data from OpenWeatherMap API
[2026-04-16T05:57:56.550+0000] {weather_etl_dag_v2.py:93} INFO - ============================================================
[2026-04-16T05:57:56.559+0000] {weather_etl_dag_v2.py:112} INFO - Active cities fetched from DB: ['Ahmedabad', 'Bengaluru', 'Chennai', 'Delhi', 'Mumbai']
[2026-04-16T05:57:56.568+0000] {logging_mixin.py:188} WARNING - 2026-04-16 05:57:56 - scripts.extract - INFO - Starting extraction for cities: Ahmedabad, Bengaluru, Chennai, Delhi, Mumbai
[2026-04-16T05:57:56.568+0000] {extract.py:126} INFO - Starting extraction for cities: Ahmedabad, Bengaluru, Chennai, Delhi, Mumbai
[2026-04-16T05:57:56.570+0000] {logging_mixin.py:188} WARNING - 2026-04-16 05:57:56 - scripts.extract - INFO - Starting extraction for 5 cities
[2026-04-16T05:57:56.570+0000] {extract.py:96} INFO - Starting extraction for 5 cities
[2026-04-16T05:57:56.573+0000] {logging_mixin.py:188} WARNING - 2026-04-16 05:57:56 - scripts.extract - INFO - Fetching weather data for Ahmedabad (attempt 1/3)
[2026-04-16T05:57:56.572+0000] {extract.py:47} INFO - Fetching weather data for Ahmedabad (attempt 1/3)
[2026-04-16T05:57:56.791+0000] {logging_mixin.py:188} WARNING - 2026-04-16 05:57:56 - scripts.extract - INFO - Successfully fetched data for Ahmedabad
[2026-04-16T05:57:56.791+0000] {extract.py:53} INFO - Successfully fetched data for Ahmedabad
[2026-04-16T05:57:56.794+0000] {logging_mixin.py:188} WARNING - 2026-04-16 05:57:56 - scripts.extract - INFO - Fetching weather data for Bengaluru (attempt 1/3)
[2026-04-16T05:57:56.794+0000] {extract.py:47} INFO - Fetching weather data for Bengaluru (attempt 1/3)
[2026-04-16T05:57:57.002+0000] {logging_mixin.py:188} WARNING - 2026-04-16 05:57:57 - scripts.extract - INFO - Successfully fetched data for Bengaluru
[2026-04-16T05:57:57.000+0000] {extract.py:53} INFO - Successfully fetched data for Bengaluru
[2026-04-16T05:57:57.005+0000] {logging_mixin.py:188} WARNING - 2026-04-16 05:57:57 - scripts.extract - INFO - Fetching weather data for Chennai (attempt 1/3)
[2026-04-16T05:57:57.004+0000] {extract.py:47} INFO - Fetching weather data for Chennai (attempt 1/3)
[2026-04-16T05:57:57.203+0000] {logging_mixin.py:188} WARNING - 2026-04-16 05:57:57 - scripts.extract - INFO - Successfully fetched data for Chennai
[2026-04-16T05:57:57.202+0000] {extract.py:53} INFO - Successfully fetched data for Chennai
[2026-04-16T05:57:57.205+0000] {logging_mixin.py:188} WARNING - 2026-04-16 05:57:57 - scripts.extract - INFO - Fetching weather data for Delhi (attempt 1/3)
[2026-04-16T05:57:57.205+0000] {extract.py:47} INFO - Fetching weather data for Delhi (attempt 1/3)
[2026-04-16T05:57:57.403+0000] {logging_mixin.py:188} WARNING - 2026-04-16 05:57:57 - scripts.extract - INFO - Successfully fetched data for Delhi
[2026-04-16T05:57:57.402+0000] {extract.py:53} INFO - Successfully fetched data for Delhi
[2026-04-16T05:57:57.405+0000] {logging_mixin.py:188} WARNING - 2026-04-16 05:57:57 - scripts.extract - INFO - Fetching weather data for Mumbai (attempt 1/3)
[2026-04-16T05:57:57.405+0000] {extract.py:47} INFO - Fetching weather data for Mumbai (attempt 1/3)
[2026-04-16T05:57:57.609+0000] {logging_mixin.py:188} WARNING - 2026-04-16 05:57:57 - scripts.extract - INFO - Successfully fetched data for Mumbai
[2026-04-16T05:57:57.608+0000] {extract.py:53} INFO - Successfully fetched data for Mumbai
[2026-04-16T05:57:57.612+0000] {logging_mixin.py:188} WARNING - 2026-04-16 05:57:57 - scripts.extract - INFO - Extraction complete: 5 successful, 0 failed
[2026-04-16T05:57:57.611+0000] {extract.py:113} INFO - Extraction complete: 5 successful, 0 failed
[2026-04-16T05:57:57.615+0000] {logging_mixin.py:188} WARNING - 2026-04-16 05:57:57 - scripts.extract - INFO - Extracted 5 weather records
[2026-04-16T05:57:57.614+0000] {extract.py:130} INFO - Extracted 5 weather records
[2026-04-16T05:57:57.633+0000] {weather_etl_dag_v2.py:120} INFO - ✓ Extraction complete: 5 records for 5 cities in 1.08s
[2026-04-16T05:57:57.637+0000] {python.py:237} INFO - Done. Returned value was: 5
[2026-04-16T05:57:57.638+0000] {taskinstance.py:441} INFO - ::group::Post task execution logs
[2026-04-16T05:57:57.664+0000] {taskinstance.py:1206} INFO - Marking task as SUCCESS. dag_id=weather_etl_pipeline_v2, task_id=extract, run_id=manual__2026-04-16T05:57:00+00:00, execution_date=20260416T055700, start_date=20260416T055756, end_date=20260416T055757
[2026-04-16T05:57:57.691+0000] {local_task_job_runner.py:243} INFO - Task exited with return code 0
[2026-04-16T05:57:57.722+0000] {taskinstance.py:3503} INFO - 1 downstream tasks scheduled from follow-on schedule check
[2026-04-16T05:57:57.726+0000] {local_task_job_runner.py:222} INFO - ::endgroup::
