[2026-04-09T11:06:49.412+0000] {local_task_job_runner.py:120} INFO - ::group::Pre task execution logs
[2026-04-09T11:06:49.474+0000] {taskinstance.py:2076} INFO - Dependencies all met for dep_context=non-requeueable deps ti=<TaskInstance: weather_etl_pipeline.transform manual__2026-04-09T11:06:43.710442+00:00 [queued]>
[2026-04-09T11:06:49.495+0000] {taskinstance.py:2076} INFO - Dependencies all met for dep_context=requeueable deps ti=<TaskInstance: weather_etl_pipeline.transform manual__2026-04-09T11:06:43.710442+00:00 [queued]>
[2026-04-09T11:06:49.496+0000] {taskinstance.py:2306} INFO - Starting attempt 1 of 3
[2026-04-09T11:06:49.521+0000] {taskinstance.py:2330} INFO - Executing <Task(PythonOperator): transform> on 2026-04-09 11:06:43.710442+00:00
[2026-04-09T11:06:49.534+0000] {standard_task_runner.py:90} INFO - Running: ['airflow', 'tasks', 'run', 'weather_etl_pipeline', 'transform', 'manual__2026-04-09T11:06:43.710442+00:00', '--job-id', '9', '--raw', '--subdir', 'DAGS_FOLDER/weather_etl_dag.py', '--cfg-path', '/tmp/tmp3i4smg1y']
[2026-04-09T11:06:49.538+0000] {standard_task_runner.py:91} INFO - Job 9: Subtask transform
[2026-04-09T11:06:49.540+0000] {logging_mixin.py:188} WARNING - /home/airflow/.local/lib/python3.12/site-packages/airflow/task/task_runner/standard_task_runner.py:62 DeprecationWarning: This process (pid=222) is multi-threaded, use of fork() may lead to deadlocks in the child.
[2026-04-09T11:06:49.542+0000] {standard_task_runner.py:64} INFO - Started process 224 to run task
[2026-04-09T11:06:49.654+0000] {task_command.py:426} INFO - Running <TaskInstance: weather_etl_pipeline.transform manual__2026-04-09T11:06:43.710442+00:00 [running]> on host bbdcd07d63cf
[2026-04-09T11:06:49.799+0000] {taskinstance.py:2648} INFO - Exporting env vars: AIRFLOW_CTX_DAG_OWNER='weather_etl' AIRFLOW_CTX_DAG_ID='weather_etl_pipeline' AIRFLOW_CTX_TASK_ID='transform' AIRFLOW_CTX_EXECUTION_DATE='2026-04-09T11:06:43.710442+00:00' AIRFLOW_CTX_TRY_NUMBER='1' AIRFLOW_CTX_DAG_RUN_ID='manual__2026-04-09T11:06:43.710442+00:00'
[2026-04-09T11:06:49.801+0000] {taskinstance.py:430} INFO - ::endgroup::
[2026-04-09T11:06:49.823+0000] {logger.py:59} INFO - ============================================================
[2026-04-09T11:06:49.828+0000] {logger.py:60} INFO - Starting Weather Transformation
[2026-04-09T11:06:49.830+0000] {logger.py:61} INFO - Execution time: 2026-04-09 11:06:49
[2026-04-09T11:06:49.833+0000] {logger.py:62} INFO - ============================================================
[2026-04-09T11:06:49.863+0000] {logging_mixin.py:188} WARNING - 2026-04-09 11:06:49 - scripts.transform - INFO - Starting transformation for 5 records
[2026-04-09T11:06:49.862+0000] {transform.py:118} INFO - Starting transformation for 5 records
[2026-04-09T11:06:49.865+0000] {logging_mixin.py:188} WARNING - 2026-04-09 11:06:49 - scripts.transform - INFO - Transformation complete: 5 successful, 0 failed
[2026-04-09T11:06:49.865+0000] {transform.py:132} INFO - Transformation complete: 5 successful, 0 failed
[2026-04-09T11:06:49.890+0000] {weather_etl_dag.py:109} INFO - Transformed 5 records
[2026-04-09T11:06:49.893+0000] {logger.py:67} INFO - ============================================================
[2026-04-09T11:06:49.895+0000] {logger.py:68} INFO - Finished Weather Transformation
[2026-04-09T11:06:49.897+0000] {logger.py:69} INFO - Status: SUCCESS
[2026-04-09T11:06:49.900+0000] {logger.py:70} INFO - Execution time: 2026-04-09 11:06:49
[2026-04-09T11:06:49.903+0000] {logger.py:71} INFO - ============================================================
[2026-04-09T11:06:49.906+0000] {python.py:237} INFO - Done. Returned value was: 5
[2026-04-09T11:06:49.907+0000] {taskinstance.py:441} INFO - ::group::Post task execution logs
[2026-04-09T11:06:49.944+0000] {taskinstance.py:1206} INFO - Marking task as SUCCESS. dag_id=weather_etl_pipeline, task_id=transform, run_id=manual__2026-04-09T11:06:43.710442+00:00, execution_date=20260409T110643, start_date=20260409T110649, end_date=20260409T110649
[2026-04-09T11:06:49.999+0000] {local_task_job_runner.py:243} INFO - Task exited with return code 0
[2026-04-09T11:06:50.060+0000] {taskinstance.py:3503} INFO - 1 downstream tasks scheduled from follow-on schedule check
[2026-04-09T11:06:50.066+0000] {local_task_job_runner.py:222} INFO - ::endgroup::
