[2026-04-16T06:45:04.858+0000] {local_task_job_runner.py:120} INFO - ::group::Pre task execution logs
[2026-04-16T06:45:04.915+0000] {taskinstance.py:2076} INFO - Dependencies all met for dep_context=non-requeueable deps ti=<TaskInstance: weather_etl_pipeline_v2.extract manual__2026-04-16T06:45:01.303182+00:00 [queued]>
[2026-04-16T06:45:04.932+0000] {taskinstance.py:2076} INFO - Dependencies all met for dep_context=requeueable deps ti=<TaskInstance: weather_etl_pipeline_v2.extract manual__2026-04-16T06:45:01.303182+00:00 [queued]>
[2026-04-16T06:45:04.933+0000] {taskinstance.py:2306} INFO - Starting attempt 1 of 4
[2026-04-16T06:45:04.953+0000] {taskinstance.py:2330} INFO - Executing <Task(PythonOperator): extract> on 2026-04-16 06:45:01.303182+00:00
[2026-04-16T06:45:04.963+0000] {standard_task_runner.py:90} INFO - Running: ['airflow', 'tasks', 'run', 'weather_etl_pipeline_v2', 'extract', 'manual__2026-04-16T06:45:01.303182+00:00', '--job-id', '61', '--raw', '--subdir', 'DAGS_FOLDER/weather_etl_dag_v2.py', '--cfg-path', '/tmp/tmpidvuq7tf']
[2026-04-16T06:45:04.967+0000] {standard_task_runner.py:91} INFO - Job 61: Subtask extract
[2026-04-16T06:45:04.967+0000] {logging_mixin.py:188} WARNING - /home/airflow/.local/lib/python3.12/site-packages/airflow/task/task_runner/standard_task_runner.py:62 DeprecationWarning: This process (pid=2100) is multi-threaded, use of fork() may lead to deadlocks in the child.
[2026-04-16T06:45:04.968+0000] {standard_task_runner.py:64} INFO - Started process 2101 to run task
[2026-04-16T06:45:05.053+0000] {task_command.py:426} INFO - Running <TaskInstance: weather_etl_pipeline_v2.extract manual__2026-04-16T06:45:01.303182+00:00 [running]> on host cf9362e38fb8
[2026-04-16T06:45:05.202+0000] {taskinstance.py:2648} INFO - Exporting env vars: AIRFLOW_CTX_DAG_OWNER='weather_etl' AIRFLOW_CTX_DAG_ID='weather_etl_pipeline_v2' AIRFLOW_CTX_TASK_ID='extract' AIRFLOW_CTX_EXECUTION_DATE='2026-04-16T06:45:01.303182+00:00' AIRFLOW_CTX_TRY_NUMBER='1' AIRFLOW_CTX_DAG_RUN_ID='manual__2026-04-16T06:45:01.303182+00:00'
[2026-04-16T06:45:05.203+0000] {taskinstance.py:430} INFO - ::endgroup::
[2026-04-16T06:45:05.226+0000] {weather_etl_dag_v2.py:98} INFO - ============================================================
[2026-04-16T06:45:05.228+0000] {weather_etl_dag_v2.py:99} INFO - TASK: EXTRACT — Fetching weather data from OpenWeatherMap API
[2026-04-16T06:45:05.229+0000] {weather_etl_dag_v2.py:100} INFO - ============================================================
[2026-04-16T06:45:05.242+0000] {weather_etl_dag_v2.py:119} INFO - Active cities fetched from DB: ['Ahmedabad', 'Bengaluru', 'Chennai', 'Delhi', 'Indore', 'Mumbai', 'New York', 'Palanpur']
[2026-04-16T06:45:05.251+0000] {logging_mixin.py:188} WARNING - 2026-04-16 06:45:05 - scripts.extract - INFO - Starting extraction for cities: Ahmedabad, Bengaluru, Chennai, Delhi, Indore, Mumbai, New York, Palanpur
[2026-04-16T06:45:05.251+0000] {extract.py:126} INFO - Starting extraction for cities: Ahmedabad, Bengaluru, Chennai, Delhi, Indore, Mumbai, New York, Palanpur
[2026-04-16T06:45:05.254+0000] {logging_mixin.py:188} WARNING - 2026-04-16 06:45:05 - scripts.extract - INFO - Starting extraction for 8 cities
[2026-04-16T06:45:05.253+0000] {extract.py:96} INFO - Starting extraction for 8 cities
[2026-04-16T06:45:05.257+0000] {logging_mixin.py:188} WARNING - 2026-04-16 06:45:05 - scripts.extract - INFO - Fetching weather data for Ahmedabad (attempt 1/3)
[2026-04-16T06:45:05.257+0000] {extract.py:47} INFO - Fetching weather data for Ahmedabad (attempt 1/3)
[2026-04-16T06:45:05.443+0000] {logging_mixin.py:188} WARNING - 2026-04-16 06:45:05 - scripts.extract - INFO - Successfully fetched data for Ahmedabad
[2026-04-16T06:45:05.442+0000] {extract.py:53} INFO - Successfully fetched data for Ahmedabad
[2026-04-16T06:45:05.447+0000] {logging_mixin.py:188} WARNING - 2026-04-16 06:45:05 - scripts.extract - INFO - Fetching weather data for Bengaluru (attempt 1/3)
[2026-04-16T06:45:05.446+0000] {extract.py:47} INFO - Fetching weather data for Bengaluru (attempt 1/3)
[2026-04-16T06:45:05.633+0000] {logging_mixin.py:188} WARNING - 2026-04-16 06:45:05 - scripts.extract - INFO - Successfully fetched data for Bengaluru
[2026-04-16T06:45:05.631+0000] {extract.py:53} INFO - Successfully fetched data for Bengaluru
[2026-04-16T06:45:05.638+0000] {logging_mixin.py:188} WARNING - 2026-04-16 06:45:05 - scripts.extract - INFO - Fetching weather data for Chennai (attempt 1/3)
[2026-04-16T06:45:05.638+0000] {extract.py:47} INFO - Fetching weather data for Chennai (attempt 1/3)
[2026-04-16T06:45:05.827+0000] {logging_mixin.py:188} WARNING - 2026-04-16 06:45:05 - scripts.extract - INFO - Successfully fetched data for Chennai
[2026-04-16T06:45:05.826+0000] {extract.py:53} INFO - Successfully fetched data for Chennai
[2026-04-16T06:45:05.832+0000] {logging_mixin.py:188} WARNING - 2026-04-16 06:45:05 - scripts.extract - INFO - Fetching weather data for Delhi (attempt 1/3)
[2026-04-16T06:45:05.830+0000] {extract.py:47} INFO - Fetching weather data for Delhi (attempt 1/3)
[2026-04-16T06:45:06.031+0000] {logging_mixin.py:188} WARNING - 2026-04-16 06:45:06 - scripts.extract - INFO - Successfully fetched data for Delhi
[2026-04-16T06:45:06.030+0000] {extract.py:53} INFO - Successfully fetched data for Delhi
[2026-04-16T06:45:06.034+0000] {logging_mixin.py:188} WARNING - 2026-04-16 06:45:06 - scripts.extract - INFO - Fetching weather data for Indore (attempt 1/3)
[2026-04-16T06:45:06.033+0000] {extract.py:47} INFO - Fetching weather data for Indore (attempt 1/3)
[2026-04-16T06:45:06.214+0000] {logging_mixin.py:188} WARNING - 2026-04-16 06:45:06 - scripts.extract - INFO - Successfully fetched data for Indore
[2026-04-16T06:45:06.213+0000] {extract.py:53} INFO - Successfully fetched data for Indore
[2026-04-16T06:45:06.218+0000] {logging_mixin.py:188} WARNING - 2026-04-16 06:45:06 - scripts.extract - INFO - Fetching weather data for Mumbai (attempt 1/3)
[2026-04-16T06:45:06.216+0000] {extract.py:47} INFO - Fetching weather data for Mumbai (attempt 1/3)
[2026-04-16T06:45:06.416+0000] {logging_mixin.py:188} WARNING - 2026-04-16 06:45:06 - scripts.extract - INFO - Successfully fetched data for Mumbai
[2026-04-16T06:45:06.412+0000] {extract.py:53} INFO - Successfully fetched data for Mumbai
[2026-04-16T06:45:06.420+0000] {logging_mixin.py:188} WARNING - 2026-04-16 06:45:06 - scripts.extract - INFO - Fetching weather data for New York (attempt 1/3)
[2026-04-16T06:45:06.418+0000] {extract.py:47} INFO - Fetching weather data for New York (attempt 1/3)
[2026-04-16T06:45:06.632+0000] {logging_mixin.py:188} WARNING - 2026-04-16 06:45:06 - scripts.extract - INFO - Successfully fetched data for New York
[2026-04-16T06:45:06.631+0000] {extract.py:53} INFO - Successfully fetched data for New York
[2026-04-16T06:45:06.635+0000] {logging_mixin.py:188} WARNING - 2026-04-16 06:45:06 - scripts.extract - INFO - Fetching weather data for Palanpur (attempt 1/3)
[2026-04-16T06:45:06.634+0000] {extract.py:47} INFO - Fetching weather data for Palanpur (attempt 1/3)
[2026-04-16T06:45:06.840+0000] {logging_mixin.py:188} WARNING - 2026-04-16 06:45:06 - scripts.extract - INFO - Successfully fetched data for Palanpur
[2026-04-16T06:45:06.839+0000] {extract.py:53} INFO - Successfully fetched data for Palanpur
[2026-04-16T06:45:06.842+0000] {logging_mixin.py:188} WARNING - 2026-04-16 06:45:06 - scripts.extract - INFO - Extraction complete: 8 successful, 0 failed
[2026-04-16T06:45:06.842+0000] {extract.py:113} INFO - Extraction complete: 8 successful, 0 failed
[2026-04-16T06:45:06.847+0000] {logging_mixin.py:188} WARNING - 2026-04-16 06:45:06 - scripts.extract - INFO - Extracted 8 weather records
[2026-04-16T06:45:06.846+0000] {extract.py:130} INFO - Extracted 8 weather records
[2026-04-16T06:45:06.871+0000] {weather_etl_dag_v2.py:127} INFO - ✓ Extraction complete: 8 records for 8 cities in 1.64s
[2026-04-16T06:45:06.873+0000] {python.py:237} INFO - Done. Returned value was: 8
[2026-04-16T06:45:06.876+0000] {taskinstance.py:441} INFO - ::group::Post task execution logs
[2026-04-16T06:45:06.913+0000] {taskinstance.py:1206} INFO - Marking task as SUCCESS. dag_id=weather_etl_pipeline_v2, task_id=extract, run_id=manual__2026-04-16T06:45:01.303182+00:00, execution_date=20260416T064501, start_date=20260416T064504, end_date=20260416T064506
[2026-04-16T06:45:06.957+0000] {local_task_job_runner.py:243} INFO - Task exited with return code 0
[2026-04-16T06:45:07.004+0000] {taskinstance.py:3503} INFO - 1 downstream tasks scheduled from follow-on schedule check
[2026-04-16T06:45:07.008+0000] {local_task_job_runner.py:222} INFO - ::endgroup::
