[2026-04-16T06:15:55.767+0000] {local_task_job_runner.py:120} INFO - ::group::Pre task execution logs
[2026-04-16T06:15:55.801+0000] {taskinstance.py:2076} INFO - Dependencies all met for dep_context=non-requeueable deps ti=<TaskInstance: weather_etl_pipeline_v2.quality_check manual__2026-04-16T06:15:47.666486+00:00 [queued]>
[2026-04-16T06:15:55.812+0000] {taskinstance.py:2076} INFO - Dependencies all met for dep_context=requeueable deps ti=<TaskInstance: weather_etl_pipeline_v2.quality_check manual__2026-04-16T06:15:47.666486+00:00 [queued]>
[2026-04-16T06:15:55.813+0000] {taskinstance.py:2306} INFO - Starting attempt 1 of 3
[2026-04-16T06:15:55.828+0000] {taskinstance.py:2330} INFO - Executing <Task(PythonOperator): quality_check> on 2026-04-16 06:15:47.666486+00:00
[2026-04-16T06:15:55.836+0000] {logging_mixin.py:188} WARNING - /home/airflow/.local/lib/python3.12/site-packages/airflow/task/task_runner/standard_task_runner.py:62 DeprecationWarning: This process (pid=1086) is multi-threaded, use of fork() may lead to deadlocks in the child.
[2026-04-16T06:15:55.836+0000] {standard_task_runner.py:90} INFO - Running: ['airflow', 'tasks', 'run', 'weather_etl_pipeline_v2', 'quality_check', 'manual__2026-04-16T06:15:47.666486+00:00', '--job-id', '29', '--raw', '--subdir', 'DAGS_FOLDER/weather_etl_dag_v2.py', '--cfg-path', '/tmp/tmp83dqd83u']
[2026-04-16T06:15:55.838+0000] {standard_task_runner.py:64} INFO - Started process 1087 to run task
[2026-04-16T06:15:55.839+0000] {standard_task_runner.py:91} INFO - Job 29: Subtask quality_check
[2026-04-16T06:15:55.895+0000] {task_command.py:426} INFO - Running <TaskInstance: weather_etl_pipeline_v2.quality_check manual__2026-04-16T06:15:47.666486+00:00 [running]> on host cf9362e38fb8
[2026-04-16T06:15:55.986+0000] {taskinstance.py:2648} INFO - Exporting env vars: AIRFLOW_CTX_DAG_OWNER='weather_etl' AIRFLOW_CTX_DAG_ID='weather_etl_pipeline_v2' AIRFLOW_CTX_TASK_ID='quality_check' AIRFLOW_CTX_EXECUTION_DATE='2026-04-16T06:15:47.666486+00:00' AIRFLOW_CTX_TRY_NUMBER='1' AIRFLOW_CTX_DAG_RUN_ID='manual__2026-04-16T06:15:47.666486+00:00'
[2026-04-16T06:15:55.987+0000] {taskinstance.py:430} INFO - ::endgroup::
[2026-04-16T06:15:56.002+0000] {weather_etl_dag_v2.py:217} INFO - ============================================================
[2026-04-16T06:15:56.004+0000] {weather_etl_dag_v2.py:218} INFO - TASK: QUALITY_CHECK — Validating clean data quality
[2026-04-16T06:15:56.006+0000] {weather_etl_dag_v2.py:219} INFO - ============================================================
[2026-04-16T06:15:56.022+0000] {logging_mixin.py:188} WARNING - 2026-04-16 06:15:56 - scripts.validate - INFO - Starting data quality validation for 15 records
[2026-04-16T06:15:56.021+0000] {validate.py:201} INFO - Starting data quality validation for 15 records
[2026-04-16T06:15:56.025+0000] {logging_mixin.py:188} WARNING - 2026-04-16 06:15:56 - scripts.validate - INFO - Validation complete: 15 valid, 0 invalid (100.0% pass rate)
[2026-04-16T06:15:56.024+0000] {validate.py:228} INFO - Validation complete: 15 valid, 0 invalid (100.0% pass rate)
[2026-04-16T06:15:56.027+0000] {weather_etl_dag_v2.py:264} INFO - ✓ Quality check: 100.0% pass rate (15/15)
[2026-04-16T06:15:56.049+0000] {python.py:237} INFO - Done. Returned value was: 100.0
[2026-04-16T06:15:56.050+0000] {taskinstance.py:441} INFO - ::group::Post task execution logs
[2026-04-16T06:15:56.082+0000] {taskinstance.py:1206} INFO - Marking task as SUCCESS. dag_id=weather_etl_pipeline_v2, task_id=quality_check, run_id=manual__2026-04-16T06:15:47.666486+00:00, execution_date=20260416T061547, start_date=20260416T061555, end_date=20260416T061556
[2026-04-16T06:15:56.135+0000] {local_task_job_runner.py:243} INFO - Task exited with return code 0
[2026-04-16T06:15:56.187+0000] {taskinstance.py:3503} INFO - 1 downstream tasks scheduled from follow-on schedule check
[2026-04-16T06:15:56.191+0000] {local_task_job_runner.py:222} INFO - ::endgroup::
