[2026-04-11T11:29:31.714+0000] {local_task_job_runner.py:120} INFO - ::group::Pre task execution logs
[2026-04-11T11:29:31.762+0000] {taskinstance.py:2076} INFO - Dependencies all met for dep_context=non-requeueable deps ti=<TaskInstance: weather_etl_pipeline_v2.update_metadata_success manual__2026-04-11T11:29:20+00:00 [queued]>
[2026-04-11T11:29:31.775+0000] {taskinstance.py:2076} INFO - Dependencies all met for dep_context=requeueable deps ti=<TaskInstance: weather_etl_pipeline_v2.update_metadata_success manual__2026-04-11T11:29:20+00:00 [queued]>
[2026-04-11T11:29:31.776+0000] {taskinstance.py:2306} INFO - Starting attempt 1 of 4
[2026-04-11T11:29:31.792+0000] {taskinstance.py:2330} INFO - Executing <Task(PythonOperator): update_metadata_success> on 2026-04-11 11:29:20+00:00
[2026-04-11T11:29:31.801+0000] {standard_task_runner.py:90} INFO - Running: ['airflow', 'tasks', 'run', 'weather_etl_pipeline_v2', 'update_metadata_success', 'manual__2026-04-11T11:29:20+00:00', '--job-id', '114', '--raw', '--subdir', 'DAGS_FOLDER/weather_etl_dag_v2.py', '--cfg-path', '/tmp/tmpmpdxz541']
[2026-04-11T11:29:31.804+0000] {logging_mixin.py:188} WARNING - /home/airflow/.local/lib/python3.12/site-packages/airflow/task/task_runner/standard_task_runner.py:62 DeprecationWarning: This process (pid=188) is multi-threaded, use of fork() may lead to deadlocks in the child.
[2026-04-11T11:29:31.805+0000] {standard_task_runner.py:91} INFO - Job 114: Subtask update_metadata_success
[2026-04-11T11:29:31.806+0000] {standard_task_runner.py:64} INFO - Started process 189 to run task
[2026-04-11T11:29:31.874+0000] {task_command.py:426} INFO - Running <TaskInstance: weather_etl_pipeline_v2.update_metadata_success manual__2026-04-11T11:29:20+00:00 [running]> on host 9514c60f7b76
[2026-04-11T11:29:31.988+0000] {taskinstance.py:2648} INFO - Exporting env vars: AIRFLOW_CTX_DAG_OWNER='weather_etl' AIRFLOW_CTX_DAG_ID='weather_etl_pipeline_v2' AIRFLOW_CTX_TASK_ID='update_metadata_success' AIRFLOW_CTX_EXECUTION_DATE='2026-04-11T11:29:20+00:00' AIRFLOW_CTX_TRY_NUMBER='1' AIRFLOW_CTX_DAG_RUN_ID='manual__2026-04-11T11:29:20+00:00'
[2026-04-11T11:29:31.990+0000] {taskinstance.py:430} INFO - ::endgroup::
[2026-04-11T11:29:32.006+0000] {weather_etl_dag_v2.py:229} INFO - ============================================================
[2026-04-11T11:29:32.008+0000] {weather_etl_dag_v2.py:230} INFO - TASK: UPDATE_METADATA_SUCCESS - Recording successful run
[2026-04-11T11:29:32.011+0000] {weather_etl_dag_v2.py:231} INFO - ============================================================
[2026-04-11T11:29:32.083+0000] {logging_mixin.py:188} WARNING - 2026-04-11 11:29:32 - scripts.metadata_manager - INFO - Successfully connected to PostgreSQL database
[2026-04-11T11:29:32.082+0000] {metadata_manager.py:38} INFO - Successfully connected to PostgreSQL database
[2026-04-11T11:29:32.088+0000] {logging_mixin.py:188} WARNING - 2026-04-11 11:29:32 - scripts.metadata_manager - INFO - Table 'pipeline_metadata' created or already exists
[2026-04-11T11:29:32.087+0000] {metadata_manager.py:92} INFO - Table 'pipeline_metadata' created or already exists
[2026-04-11T11:29:32.094+0000] {logging_mixin.py:188} WARNING - 2026-04-11 11:29:32 - scripts.metadata_manager - INFO - Pipeline weather_etl_pipeline_v2 marked as SUCCESS: 5 processed, 20 inserted, 0 failed
[2026-04-11T11:29:32.093+0000] {metadata_manager.py:241} INFO - Pipeline weather_etl_pipeline_v2 marked as SUCCESS: 5 processed, 20 inserted, 0 failed
[2026-04-11T11:29:32.096+0000] {logging_mixin.py:188} WARNING - 2026-04-11 11:29:32 - scripts.metadata_manager - INFO - Database connection closed
[2026-04-11T11:29:32.095+0000] {metadata_manager.py:53} INFO - Database connection closed
[2026-04-11T11:29:32.098+0000] {weather_etl_dag_v2.py:253} INFO - ✓ Metadata updated: Pipeline marked as SUCCESS
[2026-04-11T11:29:32.101+0000] {weather_etl_dag_v2.py:254} INFO -   - Records processed: 5
[2026-04-11T11:29:32.103+0000] {weather_etl_dag_v2.py:255} INFO -   - Records inserted: 20
[2026-04-11T11:29:32.105+0000] {weather_etl_dag_v2.py:256} INFO -   - Validation rate: 100.0%
[2026-04-11T11:29:32.107+0000] {python.py:237} INFO - Done. Returned value was: True
[2026-04-11T11:29:32.108+0000] {taskinstance.py:441} INFO - ::group::Post task execution logs
[2026-04-11T11:29:32.140+0000] {taskinstance.py:1206} INFO - Marking task as SUCCESS. dag_id=weather_etl_pipeline_v2, task_id=update_metadata_success, run_id=manual__2026-04-11T11:29:20+00:00, execution_date=20260411T112920, start_date=20260411T112931, end_date=20260411T112932
[2026-04-11T11:29:32.183+0000] {local_task_job_runner.py:243} INFO - Task exited with return code 0
[2026-04-11T11:29:32.206+0000] {taskinstance.py:3503} INFO - 0 downstream tasks scheduled from follow-on schedule check
[2026-04-11T11:29:32.209+0000] {local_task_job_runner.py:222} INFO - ::endgroup::
