[2026-04-09T11:06:49.473+0000] {local_task_job_runner.py:120} INFO - ::group::Pre task execution logs
[2026-04-09T11:06:49.546+0000] {taskinstance.py:2076} INFO - Dependencies all met for dep_context=non-requeueable deps ti=<TaskInstance: weather_etl_pipeline.pipeline_complete scheduled__2026-04-08T02:00:00+00:00 [queued]>
[2026-04-09T11:06:49.564+0000] {taskinstance.py:2076} INFO - Dependencies all met for dep_context=requeueable deps ti=<TaskInstance: weather_etl_pipeline.pipeline_complete scheduled__2026-04-08T02:00:00+00:00 [queued]>
[2026-04-09T11:06:49.566+0000] {taskinstance.py:2306} INFO - Starting attempt 1 of 3
[2026-04-09T11:06:49.590+0000] {taskinstance.py:2330} INFO - Executing <Task(PythonOperator): pipeline_complete> on 2026-04-08 02:00:00+00:00
[2026-04-09T11:06:49.607+0000] {standard_task_runner.py:90} INFO - Running: ['airflow', 'tasks', 'run', 'weather_etl_pipeline', 'pipeline_complete', 'scheduled__2026-04-08T02:00:00+00:00', '--job-id', '10', '--raw', '--subdir', 'DAGS_FOLDER/weather_etl_dag.py', '--cfg-path', '/tmp/tmp4_0tot3r']
[2026-04-09T11:06:49.614+0000] {standard_task_runner.py:91} INFO - Job 10: Subtask pipeline_complete
[2026-04-09T11:06:49.617+0000] {logging_mixin.py:188} WARNING - /home/airflow/.local/lib/python3.12/site-packages/airflow/task/task_runner/standard_task_runner.py:62 DeprecationWarning: This process (pid=223) is multi-threaded, use of fork() may lead to deadlocks in the child.
[2026-04-09T11:06:49.619+0000] {standard_task_runner.py:64} INFO - Started process 225 to run task
[2026-04-09T11:06:49.712+0000] {task_command.py:426} INFO - Running <TaskInstance: weather_etl_pipeline.pipeline_complete scheduled__2026-04-08T02:00:00+00:00 [running]> on host bbdcd07d63cf
[2026-04-09T11:06:49.874+0000] {taskinstance.py:2648} INFO - Exporting env vars: AIRFLOW_CTX_DAG_OWNER='weather_etl' AIRFLOW_CTX_DAG_ID='weather_etl_pipeline' AIRFLOW_CTX_TASK_ID='pipeline_complete' AIRFLOW_CTX_EXECUTION_DATE='2026-04-08T02:00:00+00:00' AIRFLOW_CTX_TRY_NUMBER='1' AIRFLOW_CTX_DAG_RUN_ID='scheduled__2026-04-08T02:00:00+00:00'
[2026-04-09T11:06:49.878+0000] {taskinstance.py:430} INFO - ::endgroup::
[2026-04-09T11:06:49.896+0000] {weather_etl_dag.py:188} INFO - ============================================================
[2026-04-09T11:06:49.899+0000] {weather_etl_dag.py:189} INFO - WEATHER ETL PIPELINE COMPLETED SUCCESSFULLY
[2026-04-09T11:06:49.902+0000] {weather_etl_dag.py:190} INFO - ============================================================
[2026-04-09T11:06:49.966+0000] {weather_etl_dag.py:207} INFO - 
    Pipeline Summary:
    - Records Extracted: 5
    - Records Transformed: 5
    - Validation Rate: 100.0%
    - Records Loaded: 5
    
[2026-04-09T11:06:49.967+0000] {weather_etl_dag.py:208} INFO - ============================================================
[2026-04-09T11:06:49.970+0000] {python.py:237} INFO - Done. Returned value was: None
[2026-04-09T11:06:49.972+0000] {taskinstance.py:441} INFO - ::group::Post task execution logs
[2026-04-09T11:06:49.995+0000] {taskinstance.py:1206} INFO - Marking task as SUCCESS. dag_id=weather_etl_pipeline, task_id=pipeline_complete, run_id=scheduled__2026-04-08T02:00:00+00:00, execution_date=20260408T020000, start_date=20260409T110649, end_date=20260409T110649
[2026-04-09T11:06:50.038+0000] {local_task_job_runner.py:243} INFO - Task exited with return code 0
[2026-04-09T11:06:50.070+0000] {local_task_job_runner.py:222} INFO - ::endgroup::
