[2026-04-11T11:42:53.298+0000] {local_task_job_runner.py:120} INFO - ::group::Pre task execution logs
[2026-04-11T11:42:53.376+0000] {taskinstance.py:2076} INFO - Dependencies all met for dep_context=non-requeueable deps ti=<TaskInstance: weather_etl_pipeline_v2.load_raw manual__2026-04-11T11:42:45+00:00 [queued]>
[2026-04-11T11:42:53.393+0000] {taskinstance.py:2076} INFO - Dependencies all met for dep_context=requeueable deps ti=<TaskInstance: weather_etl_pipeline_v2.load_raw manual__2026-04-11T11:42:45+00:00 [queued]>
[2026-04-11T11:42:53.394+0000] {taskinstance.py:2306} INFO - Starting attempt 1 of 4
[2026-04-11T11:42:53.414+0000] {taskinstance.py:2330} INFO - Executing <Task(PythonOperator): load_raw> on 2026-04-11 11:42:45+00:00
[2026-04-11T11:42:53.430+0000] {logging_mixin.py:188} WARNING - /home/airflow/.local/lib/python3.12/site-packages/airflow/task/task_runner/standard_task_runner.py:62 DeprecationWarning: This process (pid=182) is multi-threaded, use of fork() may lead to deadlocks in the child.
[2026-04-11T11:42:53.426+0000] {standard_task_runner.py:90} INFO - Running: ['airflow', 'tasks', 'run', 'weather_etl_pipeline_v2', 'load_raw', 'manual__2026-04-11T11:42:45+00:00', '--job-id', '131', '--raw', '--subdir', 'DAGS_FOLDER/weather_etl_dag_v2.py', '--cfg-path', '/tmp/tmpd5r4hld5']
[2026-04-11T11:42:53.432+0000] {standard_task_runner.py:64} INFO - Started process 183 to run task
[2026-04-11T11:42:53.433+0000] {standard_task_runner.py:91} INFO - Job 131: Subtask load_raw
[2026-04-11T11:42:53.553+0000] {task_command.py:426} INFO - Running <TaskInstance: weather_etl_pipeline_v2.load_raw manual__2026-04-11T11:42:45+00:00 [running]> on host 9514c60f7b76
[2026-04-11T11:42:53.753+0000] {taskinstance.py:2648} INFO - Exporting env vars: AIRFLOW_CTX_DAG_OWNER='weather_etl' AIRFLOW_CTX_DAG_ID='weather_etl_pipeline_v2' AIRFLOW_CTX_TASK_ID='load_raw' AIRFLOW_CTX_EXECUTION_DATE='2026-04-11T11:42:45+00:00' AIRFLOW_CTX_TRY_NUMBER='1' AIRFLOW_CTX_DAG_RUN_ID='manual__2026-04-11T11:42:45+00:00'
[2026-04-11T11:42:53.755+0000] {taskinstance.py:430} INFO - ::endgroup::
[2026-04-11T11:42:53.775+0000] {weather_etl_dag_v2.py:94} INFO - ============================================================
[2026-04-11T11:42:53.777+0000] {weather_etl_dag_v2.py:95} INFO - TASK: LOAD_RAW - Storing raw API responses
[2026-04-11T11:42:53.780+0000] {weather_etl_dag_v2.py:96} INFO - ============================================================
[2026-04-11T11:42:53.808+0000] {logging_mixin.py:188} WARNING - 2026-04-11 11:42:53 - scripts.load_raw - INFO - Starting raw data load for 5 records
[2026-04-11T11:42:53.808+0000] {load_raw.py:134} INFO - Starting raw data load for 5 records
[2026-04-11T11:42:53.819+0000] {logging_mixin.py:188} WARNING - 2026-04-11 11:42:53 - scripts.load_raw - INFO - Successfully connected to PostgreSQL database
[2026-04-11T11:42:53.818+0000] {load_raw.py:38} INFO - Successfully connected to PostgreSQL database
[2026-04-11T11:42:53.825+0000] {logging_mixin.py:188} WARNING - 2026-04-11 11:42:53 - scripts.load_raw - INFO - Table 'weather_raw' created or already exists
[2026-04-11T11:42:53.824+0000] {load_raw.py:78} INFO - Table 'weather_raw' created or already exists
[2026-04-11T11:42:53.834+0000] {logging_mixin.py:188} WARNING - 2026-04-11 11:42:53 - scripts.load_raw - INFO - Raw data load complete: 5 inserted, 0 skipped (duplicates)
[2026-04-11T11:42:53.834+0000] {load_raw.py:162} INFO - Raw data load complete: 5 inserted, 0 skipped (duplicates)
[2026-04-11T11:42:53.837+0000] {logging_mixin.py:188} WARNING - 2026-04-11 11:42:53 - scripts.load_raw - INFO - Database connection closed
[2026-04-11T11:42:53.836+0000] {load_raw.py:53} INFO - Database connection closed
[2026-04-11T11:42:53.838+0000] {weather_etl_dag_v2.py:109} INFO - ✓ Raw data load complete: 5 inserted, 0 skipped
[2026-04-11T11:42:53.842+0000] {python.py:237} INFO - Done. Returned value was: 5
[2026-04-11T11:42:53.843+0000] {taskinstance.py:441} INFO - ::group::Post task execution logs
[2026-04-11T11:42:53.878+0000] {taskinstance.py:1206} INFO - Marking task as SUCCESS. dag_id=weather_etl_pipeline_v2, task_id=load_raw, run_id=manual__2026-04-11T11:42:45+00:00, execution_date=20260411T114245, start_date=20260411T114253, end_date=20260411T114253
[2026-04-11T11:42:53.931+0000] {local_task_job_runner.py:243} INFO - Task exited with return code 0
[2026-04-11T11:42:53.974+0000] {taskinstance.py:3503} INFO - 1 downstream tasks scheduled from follow-on schedule check
[2026-04-11T11:42:53.976+0000] {local_task_job_runner.py:222} INFO - ::endgroup::
