[2026-04-13T06:31:30.433+0000] {local_task_job_runner.py:120} INFO - ::group::Pre task execution logs
[2026-04-13T06:31:30.512+0000] {taskinstance.py:2076} INFO - Dependencies all met for dep_context=non-requeueable deps ti=<TaskInstance: weather_etl_pipeline_v2.transform_clean scheduled__2026-04-12T02:00:00+00:00 [queued]>
[2026-04-13T06:31:30.529+0000] {taskinstance.py:2076} INFO - Dependencies all met for dep_context=requeueable deps ti=<TaskInstance: weather_etl_pipeline_v2.transform_clean scheduled__2026-04-12T02:00:00+00:00 [queued]>
[2026-04-13T06:31:30.532+0000] {taskinstance.py:2306} INFO - Starting attempt 1 of 4
[2026-04-13T06:31:30.559+0000] {taskinstance.py:2330} INFO - Executing <Task(PythonOperator): transform_clean> on 2026-04-12 02:00:00+00:00
[2026-04-13T06:31:30.569+0000] {standard_task_runner.py:90} INFO - Running: ['airflow', 'tasks', 'run', 'weather_etl_pipeline_v2', 'transform_clean', 'scheduled__2026-04-12T02:00:00+00:00', '--job-id', '149', '--raw', '--subdir', 'DAGS_FOLDER/weather_etl_dag_v2.py', '--cfg-path', '/tmp/tmpfa_8bfdk']
[2026-04-13T06:31:30.572+0000] {logging_mixin.py:188} WARNING - /home/airflow/.local/lib/python3.12/site-packages/airflow/task/task_runner/standard_task_runner.py:62 DeprecationWarning: This process (pid=190) is multi-threaded, use of fork() may lead to deadlocks in the child.
[2026-04-13T06:31:30.575+0000] {standard_task_runner.py:91} INFO - Job 149: Subtask transform_clean
[2026-04-13T06:31:30.577+0000] {standard_task_runner.py:64} INFO - Started process 192 to run task
[2026-04-13T06:31:30.674+0000] {task_command.py:426} INFO - Running <TaskInstance: weather_etl_pipeline_v2.transform_clean scheduled__2026-04-12T02:00:00+00:00 [running]> on host 9514c60f7b76
[2026-04-13T06:31:30.823+0000] {taskinstance.py:2648} INFO - Exporting env vars: AIRFLOW_CTX_DAG_OWNER='weather_etl' AIRFLOW_CTX_DAG_ID='weather_etl_pipeline_v2' AIRFLOW_CTX_TASK_ID='transform_clean' AIRFLOW_CTX_EXECUTION_DATE='2026-04-12T02:00:00+00:00' AIRFLOW_CTX_TRY_NUMBER='1' AIRFLOW_CTX_DAG_RUN_ID='scheduled__2026-04-12T02:00:00+00:00'
[2026-04-13T06:31:30.827+0000] {taskinstance.py:430} INFO - ::endgroup::
[2026-04-13T06:31:30.848+0000] {weather_etl_dag_v2.py:123} INFO - ============================================================
[2026-04-13T06:31:30.857+0000] {weather_etl_dag_v2.py:124} INFO - TASK: TRANSFORM_CLEAN - Transform and load clean data
[2026-04-13T06:31:30.861+0000] {weather_etl_dag_v2.py:125} INFO - ============================================================
[2026-04-13T06:31:30.898+0000] {logging_mixin.py:188} WARNING - 2026-04-13 06:31:30 - scripts.load_raw - INFO - Successfully connected to PostgreSQL database
[2026-04-13T06:31:30.896+0000] {load_raw.py:38} INFO - Successfully connected to PostgreSQL database
[2026-04-13T06:31:30.917+0000] {logging_mixin.py:188} WARNING - 2026-04-13 06:31:30 - scripts.load_raw - INFO - Retrieved 49 unprocessed raw records
[2026-04-13T06:31:30.916+0000] {load_raw.py:206} INFO - Retrieved 49 unprocessed raw records
[2026-04-13T06:31:30.924+0000] {logging_mixin.py:188} WARNING - 2026-04-13 06:31:30 - scripts.load_raw - INFO - Database connection closed
[2026-04-13T06:31:30.920+0000] {load_raw.py:53} INFO - Database connection closed
[2026-04-13T06:31:30.929+0000] {logging_mixin.py:188} WARNING - 2026-04-13 06:31:30 - scripts.load_clean - INFO - Starting transformation and load for 49 raw records
[2026-04-13T06:31:30.928+0000] {load_clean.py:214} INFO - Starting transformation and load for 49 raw records
[2026-04-13T06:31:30.942+0000] {logging_mixin.py:188} WARNING - 2026-04-13 06:31:30 - scripts.load_clean - INFO - Successfully connected to PostgreSQL database
[2026-04-13T06:31:30.939+0000] {load_clean.py:41} INFO - Successfully connected to PostgreSQL database
[2026-04-13T06:31:30.952+0000] {logging_mixin.py:188} WARNING - 2026-04-13 06:31:30 - scripts.load_clean - INFO - Table 'weather_clean' created or already exists
[2026-04-13T06:31:30.948+0000] {load_clean.py:91} INFO - Table 'weather_clean' created or already exists
[2026-04-13T06:31:30.970+0000] {logging_mixin.py:188} WARNING - 2026-04-13 06:31:30 - scripts.load_clean - ERROR - Error inserting clean record for Ahmedabad: duplicate key value violates unique constraint "weather_clean_pkey"
DETAIL:  Key (city_name, recorded_at)=(Ahmedabad, 2026-04-11 11:00:02) already exists.
[2026-04-13T06:31:30.969+0000] {load_clean.py:197} ERROR - Error inserting clean record for Ahmedabad: duplicate key value violates unique constraint "weather_clean_pkey"
DETAIL:  Key (city_name, recorded_at)=(Ahmedabad, 2026-04-11 11:00:02) already exists.

[2026-04-13T06:31:30.980+0000] {logging_mixin.py:188} WARNING - 2026-04-13 06:31:30 - scripts.load_clean - ERROR - Error inserting clean record for Mumbai: current transaction is aborted, commands ignored until end of transaction block
[2026-04-13T06:31:30.977+0000] {load_clean.py:197} ERROR - Error inserting clean record for Mumbai: current transaction is aborted, commands ignored until end of transaction block

[2026-04-13T06:31:30.986+0000] {logging_mixin.py:188} WARNING - 2026-04-13 06:31:30 - scripts.load_clean - ERROR - Error inserting clean record for Delhi: current transaction is aborted, commands ignored until end of transaction block
[2026-04-13T06:31:30.984+0000] {load_clean.py:197} ERROR - Error inserting clean record for Delhi: current transaction is aborted, commands ignored until end of transaction block

[2026-04-13T06:31:30.993+0000] {logging_mixin.py:188} WARNING - 2026-04-13 06:31:30 - scripts.load_clean - ERROR - Error inserting clean record for Bengaluru: current transaction is aborted, commands ignored until end of transaction block
[2026-04-13T06:31:30.991+0000] {load_clean.py:197} ERROR - Error inserting clean record for Bengaluru: current transaction is aborted, commands ignored until end of transaction block

[2026-04-13T06:31:31.000+0000] {logging_mixin.py:188} WARNING - 2026-04-13 06:31:30 - scripts.load_clean - ERROR - Error inserting clean record for Chennai: current transaction is aborted, commands ignored until end of transaction block
[2026-04-13T06:31:30.998+0000] {load_clean.py:197} ERROR - Error inserting clean record for Chennai: current transaction is aborted, commands ignored until end of transaction block

[2026-04-13T06:31:31.004+0000] {logging_mixin.py:188} WARNING - 2026-04-13 06:31:31 - scripts.load_clean - ERROR - Error inserting clean record for Ahmedabad: current transaction is aborted, commands ignored until end of transaction block
[2026-04-13T06:31:31.003+0000] {load_clean.py:197} ERROR - Error inserting clean record for Ahmedabad: current transaction is aborted, commands ignored until end of transaction block

[2026-04-13T06:31:31.014+0000] {logging_mixin.py:188} WARNING - 2026-04-13 06:31:31 - scripts.load_clean - ERROR - Error inserting clean record for Mumbai: current transaction is aborted, commands ignored until end of transaction block
[2026-04-13T06:31:31.012+0000] {load_clean.py:197} ERROR - Error inserting clean record for Mumbai: current transaction is aborted, commands ignored until end of transaction block

[2026-04-13T06:31:31.019+0000] {logging_mixin.py:188} WARNING - 2026-04-13 06:31:31 - scripts.load_clean - ERROR - Error inserting clean record for Delhi: current transaction is aborted, commands ignored until end of transaction block
[2026-04-13T06:31:31.018+0000] {load_clean.py:197} ERROR - Error inserting clean record for Delhi: current transaction is aborted, commands ignored until end of transaction block

[2026-04-13T06:31:31.024+0000] {logging_mixin.py:188} WARNING - 2026-04-13 06:31:31 - scripts.load_clean - ERROR - Error inserting clean record for Bengaluru: current transaction is aborted, commands ignored until end of transaction block
[2026-04-13T06:31:31.023+0000] {load_clean.py:197} ERROR - Error inserting clean record for Bengaluru: current transaction is aborted, commands ignored until end of transaction block

[2026-04-13T06:31:31.030+0000] {logging_mixin.py:188} WARNING - 2026-04-13 06:31:31 - scripts.load_clean - ERROR - Error inserting clean record for Chennai: current transaction is aborted, commands ignored until end of transaction block
[2026-04-13T06:31:31.029+0000] {load_clean.py:197} ERROR - Error inserting clean record for Chennai: current transaction is aborted, commands ignored until end of transaction block

[2026-04-13T06:31:31.037+0000] {logging_mixin.py:188} WARNING - 2026-04-13 06:31:31 - scripts.load_clean - ERROR - Error inserting clean record for Ahmedabad: current transaction is aborted, commands ignored until end of transaction block
[2026-04-13T06:31:31.035+0000] {load_clean.py:197} ERROR - Error inserting clean record for Ahmedabad: current transaction is aborted, commands ignored until end of transaction block

[2026-04-13T06:31:31.044+0000] {logging_mixin.py:188} WARNING - 2026-04-13 06:31:31 - scripts.load_clean - ERROR - Error inserting clean record for Mumbai: current transaction is aborted, commands ignored until end of transaction block
[2026-04-13T06:31:31.042+0000] {load_clean.py:197} ERROR - Error inserting clean record for Mumbai: current transaction is aborted, commands ignored until end of transaction block

[2026-04-13T06:31:31.058+0000] {logging_mixin.py:188} WARNING - 2026-04-13 06:31:31 - scripts.load_clean - ERROR - Error inserting clean record for Delhi: current transaction is aborted, commands ignored until end of transaction block
[2026-04-13T06:31:31.054+0000] {load_clean.py:197} ERROR - Error inserting clean record for Delhi: current transaction is aborted, commands ignored until end of transaction block

[2026-04-13T06:31:31.065+0000] {logging_mixin.py:188} WARNING - 2026-04-13 06:31:31 - scripts.load_clean - ERROR - Error inserting clean record for Bengaluru: current transaction is aborted, commands ignored until end of transaction block
[2026-04-13T06:31:31.064+0000] {load_clean.py:197} ERROR - Error inserting clean record for Bengaluru: current transaction is aborted, commands ignored until end of transaction block

[2026-04-13T06:31:31.072+0000] {logging_mixin.py:188} WARNING - 2026-04-13 06:31:31 - scripts.load_clean - ERROR - Error inserting clean record for Chennai: current transaction is aborted, commands ignored until end of transaction block
[2026-04-13T06:31:31.069+0000] {load_clean.py:197} ERROR - Error inserting clean record for Chennai: current transaction is aborted, commands ignored until end of transaction block

[2026-04-13T06:31:31.079+0000] {logging_mixin.py:188} WARNING - 2026-04-13 06:31:31 - scripts.load_clean - ERROR - Error inserting clean record for Ahmedabad: current transaction is aborted, commands ignored until end of transaction block
[2026-04-13T06:31:31.076+0000] {load_clean.py:197} ERROR - Error inserting clean record for Ahmedabad: current transaction is aborted, commands ignored until end of transaction block

[2026-04-13T06:31:31.085+0000] {logging_mixin.py:188} WARNING - 2026-04-13 06:31:31 - scripts.load_clean - ERROR - Error inserting clean record for Mumbai: current transaction is aborted, commands ignored until end of transaction block
[2026-04-13T06:31:31.084+0000] {load_clean.py:197} ERROR - Error inserting clean record for Mumbai: current transaction is aborted, commands ignored until end of transaction block

[2026-04-13T06:31:31.093+0000] {logging_mixin.py:188} WARNING - 2026-04-13 06:31:31 - scripts.load_clean - ERROR - Error inserting clean record for Delhi: current transaction is aborted, commands ignored until end of transaction block
[2026-04-13T06:31:31.091+0000] {load_clean.py:197} ERROR - Error inserting clean record for Delhi: current transaction is aborted, commands ignored until end of transaction block

[2026-04-13T06:31:31.098+0000] {logging_mixin.py:188} WARNING - 2026-04-13 06:31:31 - scripts.load_clean - ERROR - Error inserting clean record for Bengaluru: current transaction is aborted, commands ignored until end of transaction block
[2026-04-13T06:31:31.097+0000] {load_clean.py:197} ERROR - Error inserting clean record for Bengaluru: current transaction is aborted, commands ignored until end of transaction block

[2026-04-13T06:31:31.105+0000] {logging_mixin.py:188} WARNING - 2026-04-13 06:31:31 - scripts.load_clean - ERROR - Error inserting clean record for Chennai: current transaction is aborted, commands ignored until end of transaction block
[2026-04-13T06:31:31.103+0000] {load_clean.py:197} ERROR - Error inserting clean record for Chennai: current transaction is aborted, commands ignored until end of transaction block

[2026-04-13T06:31:31.110+0000] {logging_mixin.py:188} WARNING - 2026-04-13 06:31:31 - scripts.load_clean - ERROR - Error inserting clean record for Ahmedabad: current transaction is aborted, commands ignored until end of transaction block
[2026-04-13T06:31:31.109+0000] {load_clean.py:197} ERROR - Error inserting clean record for Ahmedabad: current transaction is aborted, commands ignored until end of transaction block

[2026-04-13T06:31:31.115+0000] {logging_mixin.py:188} WARNING - 2026-04-13 06:31:31 - scripts.load_clean - ERROR - Error inserting clean record for Mumbai: current transaction is aborted, commands ignored until end of transaction block
[2026-04-13T06:31:31.114+0000] {load_clean.py:197} ERROR - Error inserting clean record for Mumbai: current transaction is aborted, commands ignored until end of transaction block

[2026-04-13T06:31:31.123+0000] {logging_mixin.py:188} WARNING - 2026-04-13 06:31:31 - scripts.load_clean - ERROR - Error inserting clean record for Delhi: current transaction is aborted, commands ignored until end of transaction block
[2026-04-13T06:31:31.122+0000] {load_clean.py:197} ERROR - Error inserting clean record for Delhi: current transaction is aborted, commands ignored until end of transaction block

[2026-04-13T06:31:31.128+0000] {logging_mixin.py:188} WARNING - 2026-04-13 06:31:31 - scripts.load_clean - ERROR - Error inserting clean record for Bengaluru: current transaction is aborted, commands ignored until end of transaction block
[2026-04-13T06:31:31.128+0000] {load_clean.py:197} ERROR - Error inserting clean record for Bengaluru: current transaction is aborted, commands ignored until end of transaction block

[2026-04-13T06:31:31.134+0000] {logging_mixin.py:188} WARNING - 2026-04-13 06:31:31 - scripts.load_clean - ERROR - Error inserting clean record for Chennai: current transaction is aborted, commands ignored until end of transaction block
[2026-04-13T06:31:31.132+0000] {load_clean.py:197} ERROR - Error inserting clean record for Chennai: current transaction is aborted, commands ignored until end of transaction block

[2026-04-13T06:31:31.141+0000] {logging_mixin.py:188} WARNING - 2026-04-13 06:31:31 - scripts.load_clean - ERROR - Error inserting clean record for Ahmedabad: current transaction is aborted, commands ignored until end of transaction block
[2026-04-13T06:31:31.140+0000] {load_clean.py:197} ERROR - Error inserting clean record for Ahmedabad: current transaction is aborted, commands ignored until end of transaction block

[2026-04-13T06:31:31.145+0000] {logging_mixin.py:188} WARNING - 2026-04-13 06:31:31 - scripts.load_clean - ERROR - Error inserting clean record for Mumbai: current transaction is aborted, commands ignored until end of transaction block
[2026-04-13T06:31:31.143+0000] {load_clean.py:197} ERROR - Error inserting clean record for Mumbai: current transaction is aborted, commands ignored until end of transaction block

[2026-04-13T06:31:31.156+0000] {logging_mixin.py:188} WARNING - 2026-04-13 06:31:31 - scripts.load_clean - ERROR - Error inserting clean record for Delhi: current transaction is aborted, commands ignored until end of transaction block
[2026-04-13T06:31:31.152+0000] {load_clean.py:197} ERROR - Error inserting clean record for Delhi: current transaction is aborted, commands ignored until end of transaction block

[2026-04-13T06:31:31.168+0000] {logging_mixin.py:188} WARNING - 2026-04-13 06:31:31 - scripts.load_clean - ERROR - Error inserting clean record for Bengaluru: current transaction is aborted, commands ignored until end of transaction block
[2026-04-13T06:31:31.164+0000] {load_clean.py:197} ERROR - Error inserting clean record for Bengaluru: current transaction is aborted, commands ignored until end of transaction block

[2026-04-13T06:31:31.179+0000] {logging_mixin.py:188} WARNING - 2026-04-13 06:31:31 - scripts.load_clean - ERROR - Error inserting clean record for Chennai: current transaction is aborted, commands ignored until end of transaction block
[2026-04-13T06:31:31.176+0000] {load_clean.py:197} ERROR - Error inserting clean record for Chennai: current transaction is aborted, commands ignored until end of transaction block

[2026-04-13T06:31:31.183+0000] {logging_mixin.py:188} WARNING - 2026-04-13 06:31:31 - scripts.load_clean - ERROR - Error inserting clean record for Ahmedabad: current transaction is aborted, commands ignored until end of transaction block
[2026-04-13T06:31:31.182+0000] {load_clean.py:197} ERROR - Error inserting clean record for Ahmedabad: current transaction is aborted, commands ignored until end of transaction block

[2026-04-13T06:31:31.187+0000] {logging_mixin.py:188} WARNING - 2026-04-13 06:31:31 - scripts.load_clean - ERROR - Error inserting clean record for Mumbai: current transaction is aborted, commands ignored until end of transaction block
[2026-04-13T06:31:31.187+0000] {load_clean.py:197} ERROR - Error inserting clean record for Mumbai: current transaction is aborted, commands ignored until end of transaction block

[2026-04-13T06:31:31.190+0000] {logging_mixin.py:188} WARNING - 2026-04-13 06:31:31 - scripts.load_clean - ERROR - Error inserting clean record for Delhi: current transaction is aborted, commands ignored until end of transaction block
[2026-04-13T06:31:31.190+0000] {load_clean.py:197} ERROR - Error inserting clean record for Delhi: current transaction is aborted, commands ignored until end of transaction block

[2026-04-13T06:31:31.194+0000] {logging_mixin.py:188} WARNING - 2026-04-13 06:31:31 - scripts.load_clean - ERROR - Error inserting clean record for Bengaluru: current transaction is aborted, commands ignored until end of transaction block
[2026-04-13T06:31:31.193+0000] {load_clean.py:197} ERROR - Error inserting clean record for Bengaluru: current transaction is aborted, commands ignored until end of transaction block

[2026-04-13T06:31:31.197+0000] {logging_mixin.py:188} WARNING - 2026-04-13 06:31:31 - scripts.load_clean - ERROR - Error inserting clean record for Chennai: current transaction is aborted, commands ignored until end of transaction block
[2026-04-13T06:31:31.197+0000] {load_clean.py:197} ERROR - Error inserting clean record for Chennai: current transaction is aborted, commands ignored until end of transaction block

[2026-04-13T06:31:31.201+0000] {logging_mixin.py:188} WARNING - 2026-04-13 06:31:31 - scripts.load_clean - ERROR - Error inserting clean record for Ahmedabad: current transaction is aborted, commands ignored until end of transaction block
[2026-04-13T06:31:31.200+0000] {load_clean.py:197} ERROR - Error inserting clean record for Ahmedabad: current transaction is aborted, commands ignored until end of transaction block

[2026-04-13T06:31:31.204+0000] {logging_mixin.py:188} WARNING - 2026-04-13 06:31:31 - scripts.load_clean - ERROR - Error inserting clean record for Mumbai: current transaction is aborted, commands ignored until end of transaction block
[2026-04-13T06:31:31.203+0000] {load_clean.py:197} ERROR - Error inserting clean record for Mumbai: current transaction is aborted, commands ignored until end of transaction block

[2026-04-13T06:31:31.207+0000] {logging_mixin.py:188} WARNING - 2026-04-13 06:31:31 - scripts.load_clean - ERROR - Error inserting clean record for Delhi: current transaction is aborted, commands ignored until end of transaction block
[2026-04-13T06:31:31.206+0000] {load_clean.py:197} ERROR - Error inserting clean record for Delhi: current transaction is aborted, commands ignored until end of transaction block

[2026-04-13T06:31:31.210+0000] {logging_mixin.py:188} WARNING - 2026-04-13 06:31:31 - scripts.load_clean - ERROR - Error inserting clean record for Bengaluru: current transaction is aborted, commands ignored until end of transaction block
[2026-04-13T06:31:31.210+0000] {load_clean.py:197} ERROR - Error inserting clean record for Bengaluru: current transaction is aborted, commands ignored until end of transaction block

[2026-04-13T06:31:31.216+0000] {logging_mixin.py:188} WARNING - 2026-04-13 06:31:31 - scripts.load_clean - ERROR - Error inserting clean record for Chennai: current transaction is aborted, commands ignored until end of transaction block
[2026-04-13T06:31:31.215+0000] {load_clean.py:197} ERROR - Error inserting clean record for Chennai: current transaction is aborted, commands ignored until end of transaction block

[2026-04-13T06:31:31.220+0000] {logging_mixin.py:188} WARNING - 2026-04-13 06:31:31 - scripts.load_clean - ERROR - Error inserting clean record for Ahmedabad: current transaction is aborted, commands ignored until end of transaction block
[2026-04-13T06:31:31.219+0000] {load_clean.py:197} ERROR - Error inserting clean record for Ahmedabad: current transaction is aborted, commands ignored until end of transaction block

[2026-04-13T06:31:31.223+0000] {logging_mixin.py:188} WARNING - 2026-04-13 06:31:31 - scripts.load_clean - ERROR - Error inserting clean record for Ahmedabad: current transaction is aborted, commands ignored until end of transaction block
[2026-04-13T06:31:31.222+0000] {load_clean.py:197} ERROR - Error inserting clean record for Ahmedabad: current transaction is aborted, commands ignored until end of transaction block

[2026-04-13T06:31:31.229+0000] {logging_mixin.py:188} WARNING - 2026-04-13 06:31:31 - scripts.load_clean - ERROR - Error inserting clean record for Mumbai: current transaction is aborted, commands ignored until end of transaction block
[2026-04-13T06:31:31.228+0000] {load_clean.py:197} ERROR - Error inserting clean record for Mumbai: current transaction is aborted, commands ignored until end of transaction block

[2026-04-13T06:31:31.232+0000] {logging_mixin.py:188} WARNING - 2026-04-13 06:31:31 - scripts.load_clean - ERROR - Error inserting clean record for Delhi: current transaction is aborted, commands ignored until end of transaction block
[2026-04-13T06:31:31.232+0000] {load_clean.py:197} ERROR - Error inserting clean record for Delhi: current transaction is aborted, commands ignored until end of transaction block

[2026-04-13T06:31:31.236+0000] {logging_mixin.py:188} WARNING - 2026-04-13 06:31:31 - scripts.load_clean - ERROR - Error inserting clean record for Bengaluru: current transaction is aborted, commands ignored until end of transaction block
[2026-04-13T06:31:31.235+0000] {load_clean.py:197} ERROR - Error inserting clean record for Bengaluru: current transaction is aborted, commands ignored until end of transaction block

[2026-04-13T06:31:31.239+0000] {logging_mixin.py:188} WARNING - 2026-04-13 06:31:31 - scripts.load_clean - ERROR - Error inserting clean record for Chennai: current transaction is aborted, commands ignored until end of transaction block
[2026-04-13T06:31:31.238+0000] {load_clean.py:197} ERROR - Error inserting clean record for Chennai: current transaction is aborted, commands ignored until end of transaction block

[2026-04-13T06:31:31.244+0000] {logging_mixin.py:188} WARNING - 2026-04-13 06:31:31 - scripts.load_clean - ERROR - Error inserting clean record for Delhi: current transaction is aborted, commands ignored until end of transaction block
[2026-04-13T06:31:31.243+0000] {load_clean.py:197} ERROR - Error inserting clean record for Delhi: current transaction is aborted, commands ignored until end of transaction block

[2026-04-13T06:31:31.248+0000] {logging_mixin.py:188} WARNING - 2026-04-13 06:31:31 - scripts.load_clean - ERROR - Error inserting clean record for Bengaluru: current transaction is aborted, commands ignored until end of transaction block
[2026-04-13T06:31:31.247+0000] {load_clean.py:197} ERROR - Error inserting clean record for Bengaluru: current transaction is aborted, commands ignored until end of transaction block

[2026-04-13T06:31:31.252+0000] {logging_mixin.py:188} WARNING - 2026-04-13 06:31:31 - scripts.load_clean - ERROR - Error inserting clean record for Chennai: current transaction is aborted, commands ignored until end of transaction block
[2026-04-13T06:31:31.251+0000] {load_clean.py:197} ERROR - Error inserting clean record for Chennai: current transaction is aborted, commands ignored until end of transaction block

[2026-04-13T06:31:31.255+0000] {logging_mixin.py:188} WARNING - 2026-04-13 06:31:31 - scripts.load_clean - INFO - Clean data load complete: 49 transformed, 49 validated, 0 loaded, 49 failed
[2026-04-13T06:31:31.254+0000] {load_clean.py:269} INFO - Clean data load complete: 49 transformed, 49 validated, 0 loaded, 49 failed
[2026-04-13T06:31:31.260+0000] {logging_mixin.py:188} WARNING - 2026-04-13 06:31:31 - scripts.load_clean - INFO - Database connection closed
[2026-04-13T06:31:31.258+0000] {load_clean.py:56} INFO - Database connection closed
[2026-04-13T06:31:31.262+0000] {weather_etl_dag_v2.py:141} INFO - ✓ Transform and load complete: 0 loaded, 49 failed
[2026-04-13T06:31:31.299+0000] {python.py:237} INFO - Done. Returned value was: 0
[2026-04-13T06:31:31.307+0000] {taskinstance.py:441} INFO - ::group::Post task execution logs
[2026-04-13T06:31:31.355+0000] {taskinstance.py:1206} INFO - Marking task as SUCCESS. dag_id=weather_etl_pipeline_v2, task_id=transform_clean, run_id=scheduled__2026-04-12T02:00:00+00:00, execution_date=20260412T020000, start_date=20260413T063130, end_date=20260413T063131
[2026-04-13T06:31:31.437+0000] {local_task_job_runner.py:243} INFO - Task exited with return code 0
[2026-04-13T06:31:31.481+0000] {taskinstance.py:3503} INFO - 1 downstream tasks scheduled from follow-on schedule check
[2026-04-13T06:31:31.485+0000] {local_task_job_runner.py:222} INFO - ::endgroup::
