[2026-04-15T05:49:47.620+0000] {local_task_job_runner.py:120} INFO - ::group::Pre task execution logs
[2026-04-15T05:49:47.699+0000] {taskinstance.py:2076} INFO - Dependencies all met for dep_context=non-requeueable deps ti=<TaskInstance: weather_etl_pipeline_v2.update_metadata_success manual__2026-04-15T05:49:32.853970+00:00 [queued]>
[2026-04-15T05:49:47.721+0000] {taskinstance.py:2076} INFO - Dependencies all met for dep_context=requeueable deps ti=<TaskInstance: weather_etl_pipeline_v2.update_metadata_success manual__2026-04-15T05:49:32.853970+00:00 [queued]>
[2026-04-15T05:49:47.725+0000] {taskinstance.py:2306} INFO - Starting attempt 1 of 4
[2026-04-15T05:49:47.755+0000] {taskinstance.py:2330} INFO - Executing <Task(PythonOperator): update_metadata_success> on 2026-04-15 05:49:32.853970+00:00
[2026-04-15T05:49:47.772+0000] {standard_task_runner.py:90} INFO - Running: ['airflow', 'tasks', 'run', 'weather_etl_pipeline_v2', 'update_metadata_success', 'manual__2026-04-15T05:49:32.853970+00:00', '--job-id', '237', '--raw', '--subdir', 'DAGS_FOLDER/weather_etl_dag_v2.py', '--cfg-path', '/tmp/tmpqwl_dpqr']
[2026-04-15T05:49:47.778+0000] {standard_task_runner.py:91} INFO - Job 237: Subtask update_metadata_success
[2026-04-15T05:49:47.788+0000] {logging_mixin.py:188} WARNING - /home/airflow/.local/lib/python3.12/site-packages/airflow/task/task_runner/standard_task_runner.py:62 DeprecationWarning: This process (pid=228) is multi-threaded, use of fork() may lead to deadlocks in the child.
[2026-04-15T05:49:47.790+0000] {standard_task_runner.py:64} INFO - Started process 229 to run task
[2026-04-15T05:49:47.891+0000] {task_command.py:426} INFO - Running <TaskInstance: weather_etl_pipeline_v2.update_metadata_success manual__2026-04-15T05:49:32.853970+00:00 [running]> on host 157a7326b030
[2026-04-15T05:49:48.071+0000] {taskinstance.py:2648} INFO - Exporting env vars: AIRFLOW_CTX_DAG_OWNER='weather_etl' AIRFLOW_CTX_DAG_ID='weather_etl_pipeline_v2' AIRFLOW_CTX_TASK_ID='update_metadata_success' AIRFLOW_CTX_EXECUTION_DATE='2026-04-15T05:49:32.853970+00:00' AIRFLOW_CTX_TRY_NUMBER='1' AIRFLOW_CTX_DAG_RUN_ID='manual__2026-04-15T05:49:32.853970+00:00'
[2026-04-15T05:49:48.074+0000] {taskinstance.py:430} INFO - ::endgroup::
[2026-04-15T05:49:48.103+0000] {weather_etl_dag_v2.py:254} INFO - ============================================================
[2026-04-15T05:49:48.105+0000] {weather_etl_dag_v2.py:255} INFO - TASK: UPDATE_METADATA_SUCCESS - Recording successful run
[2026-04-15T05:49:48.107+0000] {weather_etl_dag_v2.py:256} INFO - ============================================================
[2026-04-15T05:49:48.205+0000] {logging_mixin.py:188} WARNING - 2026-04-15 05:49:48 - scripts.metadata_manager - INFO - Successfully connected to PostgreSQL database
[2026-04-15T05:49:48.203+0000] {metadata_manager.py:38} INFO - Successfully connected to PostgreSQL database
[2026-04-15T05:49:48.222+0000] {logging_mixin.py:188} WARNING - 2026-04-15 05:49:48 - scripts.metadata_manager - INFO - Table 'pipeline_metadata' created or already exists
[2026-04-15T05:49:48.220+0000] {metadata_manager.py:92} INFO - Table 'pipeline_metadata' created or already exists
[2026-04-15T05:49:48.232+0000] {logging_mixin.py:188} WARNING - 2026-04-15 05:49:48 - scripts.metadata_manager - INFO - Pipeline weather_etl_pipeline_v2 marked as SUCCESS: 10 processed, 11 inserted, 0 failed
[2026-04-15T05:49:48.231+0000] {metadata_manager.py:241} INFO - Pipeline weather_etl_pipeline_v2 marked as SUCCESS: 10 processed, 11 inserted, 0 failed
[2026-04-15T05:49:48.236+0000] {logging_mixin.py:188} WARNING - 2026-04-15 05:49:48 - scripts.metadata_manager - INFO - Database connection closed
[2026-04-15T05:49:48.235+0000] {metadata_manager.py:53} INFO - Database connection closed
[2026-04-15T05:49:48.238+0000] {weather_etl_dag_v2.py:278} INFO - ✓ Metadata updated: Pipeline marked as SUCCESS
[2026-04-15T05:49:48.240+0000] {weather_etl_dag_v2.py:279} INFO -   - Records processed: 10
[2026-04-15T05:49:48.242+0000] {weather_etl_dag_v2.py:280} INFO -   - Records inserted: 11
[2026-04-15T05:49:48.244+0000] {weather_etl_dag_v2.py:281} INFO -   - Validation rate: 100.0%
[2026-04-15T05:49:48.248+0000] {python.py:237} INFO - Done. Returned value was: True
[2026-04-15T05:49:48.251+0000] {taskinstance.py:441} INFO - ::group::Post task execution logs
[2026-04-15T05:49:48.300+0000] {taskinstance.py:1206} INFO - Marking task as SUCCESS. dag_id=weather_etl_pipeline_v2, task_id=update_metadata_success, run_id=manual__2026-04-15T05:49:32.853970+00:00, execution_date=20260415T054932, start_date=20260415T054947, end_date=20260415T054948
[2026-04-15T05:49:48.372+0000] {local_task_job_runner.py:243} INFO - Task exited with return code 0
[2026-04-15T05:49:48.407+0000] {taskinstance.py:3503} INFO - 0 downstream tasks scheduled from follow-on schedule check
[2026-04-15T05:49:48.414+0000] {local_task_job_runner.py:222} INFO - ::endgroup::
