[2026-04-22T07:04:17.460+0000] {local_task_job_runner.py:120} INFO - ::group::Pre task execution logs
[2026-04-22T07:04:17.498+0000] {taskinstance.py:2076} INFO - Dependencies all met for dep_context=non-requeueable deps ti=<TaskInstance: weather_etl_pipeline_v2.extract scheduled__2026-04-21T02:00:00+00:00 [queued]>
[2026-04-22T07:04:17.509+0000] {taskinstance.py:2076} INFO - Dependencies all met for dep_context=requeueable deps ti=<TaskInstance: weather_etl_pipeline_v2.extract scheduled__2026-04-21T02:00:00+00:00 [queued]>
[2026-04-22T07:04:17.510+0000] {taskinstance.py:2306} INFO - Starting attempt 1 of 4
[2026-04-22T07:04:17.526+0000] {taskinstance.py:2330} INFO - Executing <Task(PythonOperator): extract> on 2026-04-21 02:00:00+00:00
[2026-04-22T07:04:17.534+0000] {logging_mixin.py:188} WARNING - /home/airflow/.local/lib/python3.12/site-packages/airflow/task/task_runner/standard_task_runner.py:62 DeprecationWarning: This process (pid=194) is multi-threaded, use of fork() may lead to deadlocks in the child.
[2026-04-22T07:04:17.533+0000] {standard_task_runner.py:90} INFO - Running: ['airflow', 'tasks', 'run', 'weather_etl_pipeline_v2', 'extract', 'scheduled__2026-04-21T02:00:00+00:00', '--job-id', '183', '--raw', '--subdir', 'DAGS_FOLDER/weather_etl_dag_v2.py', '--cfg-path', '/tmp/tmp6quttgli']
[2026-04-22T07:04:17.536+0000] {standard_task_runner.py:91} INFO - Job 183: Subtask extract
[2026-04-22T07:04:17.536+0000] {standard_task_runner.py:64} INFO - Started process 195 to run task
[2026-04-22T07:04:17.599+0000] {task_command.py:426} INFO - Running <TaskInstance: weather_etl_pipeline_v2.extract scheduled__2026-04-21T02:00:00+00:00 [running]> on host 0986b561c3e9
[2026-04-22T07:04:17.696+0000] {taskinstance.py:2648} INFO - Exporting env vars: AIRFLOW_CTX_DAG_OWNER='weather_etl' AIRFLOW_CTX_DAG_ID='weather_etl_pipeline_v2' AIRFLOW_CTX_TASK_ID='extract' AIRFLOW_CTX_EXECUTION_DATE='2026-04-21T02:00:00+00:00' AIRFLOW_CTX_TRY_NUMBER='1' AIRFLOW_CTX_DAG_RUN_ID='scheduled__2026-04-21T02:00:00+00:00'
[2026-04-22T07:04:17.698+0000] {taskinstance.py:430} INFO - ::endgroup::
[2026-04-22T07:04:17.712+0000] {weather_etl_dag_v2.py:88} INFO - ============================================================
[2026-04-22T07:04:17.714+0000] {weather_etl_dag_v2.py:89} INFO - TASK: EXTRACT — Fetching weather data from OpenWeatherMap API
[2026-04-22T07:04:17.715+0000] {weather_etl_dag_v2.py:90} INFO - ============================================================
[2026-04-22T07:04:17.726+0000] {weather_etl_dag_v2.py:109} INFO - Active cities fetched from DB: ['Ahmedabad', 'Bengaluru', 'Chennai', 'Delhi', 'Indore', 'Kolkata', 'Kota', 'Kyiv', 'Los Angeles', 'Manali', 'Moscow', 'Mumbai', 'New York', 'Palanpur']
[2026-04-22T07:04:17.731+0000] {logging_mixin.py:188} WARNING - 2026-04-22 07:04:17 - scripts.extract - INFO - Starting extraction for cities: Ahmedabad, Bengaluru, Chennai, Delhi, Indore, Kolkata, Kota, Kyiv, Los Angeles, Manali, Moscow, Mumbai, New York, Palanpur
[2026-04-22T07:04:17.730+0000] {extract.py:127} INFO - Starting extraction for cities: Ahmedabad, Bengaluru, Chennai, Delhi, Indore, Kolkata, Kota, Kyiv, Los Angeles, Manali, Moscow, Mumbai, New York, Palanpur
[2026-04-22T07:04:17.733+0000] {logging_mixin.py:188} WARNING - 2026-04-22 07:04:17 - scripts.extract - INFO - Starting extraction for 14 cities
[2026-04-22T07:04:17.732+0000] {extract.py:96} INFO - Starting extraction for 14 cities
[2026-04-22T07:04:17.735+0000] {logging_mixin.py:188} WARNING - 2026-04-22 07:04:17 - scripts.extract - INFO - Fetching weather data for Ahmedabad (attempt 1/3)
[2026-04-22T07:04:17.735+0000] {extract.py:47} INFO - Fetching weather data for Ahmedabad (attempt 1/3)
[2026-04-22T07:04:17.749+0000] {logging_mixin.py:188} WARNING - 2026-04-22 07:04:17 - scripts.extract - ERROR - Request error for Ahmedabad: HTTPSConnectionPool(host='api.openweathermap.org', port=443): Max retries exceeded with url: /data/2.5/weather?q=Ahmedabad&appid=71ea710fd7b13fd6e8f5c5a6253f6f46&units=metric (Caused by NameResolutionError("<urllib3.connection.HTTPSConnection object at 0x7400d93d4f80>: Failed to resolve 'api.openweathermap.org' ([Errno -2] Name or service not known)"))
[2026-04-22T07:04:17.748+0000] {extract.py:73} ERROR - Request error for Ahmedabad: HTTPSConnectionPool(host='api.openweathermap.org', port=443): Max retries exceeded with url: /data/2.5/weather?q=Ahmedabad&appid=71ea710fd7b13fd6e8f5c5a6253f6f46&units=metric (Caused by NameResolutionError("<urllib3.connection.HTTPSConnection object at 0x7400d93d4f80>: Failed to resolve 'api.openweathermap.org' ([Errno -2] Name or service not known)"))
[2026-04-22T07:04:19.752+0000] {logging_mixin.py:188} WARNING - 2026-04-22 07:04:19 - scripts.extract - INFO - Fetching weather data for Ahmedabad (attempt 2/3)
[2026-04-22T07:04:19.750+0000] {extract.py:47} INFO - Fetching weather data for Ahmedabad (attempt 2/3)
[2026-04-22T07:04:19.768+0000] {logging_mixin.py:188} WARNING - 2026-04-22 07:04:19 - scripts.extract - ERROR - Request error for Ahmedabad: HTTPSConnectionPool(host='api.openweathermap.org', port=443): Max retries exceeded with url: /data/2.5/weather?q=Ahmedabad&appid=71ea710fd7b13fd6e8f5c5a6253f6f46&units=metric (Caused by NameResolutionError("<urllib3.connection.HTTPSConnection object at 0x7400f4a3cc50>: Failed to resolve 'api.openweathermap.org' ([Errno -2] Name or service not known)"))
[2026-04-22T07:04:19.765+0000] {extract.py:73} ERROR - Request error for Ahmedabad: HTTPSConnectionPool(host='api.openweathermap.org', port=443): Max retries exceeded with url: /data/2.5/weather?q=Ahmedabad&appid=71ea710fd7b13fd6e8f5c5a6253f6f46&units=metric (Caused by NameResolutionError("<urllib3.connection.HTTPSConnection object at 0x7400f4a3cc50>: Failed to resolve 'api.openweathermap.org' ([Errno -2] Name or service not known)"))
[2026-04-22T07:04:21.776+0000] {logging_mixin.py:188} WARNING - 2026-04-22 07:04:21 - scripts.extract - INFO - Fetching weather data for Ahmedabad (attempt 3/3)
[2026-04-22T07:04:21.773+0000] {extract.py:47} INFO - Fetching weather data for Ahmedabad (attempt 3/3)
[2026-04-22T07:04:21.788+0000] {logging_mixin.py:188} WARNING - 2026-04-22 07:04:21 - scripts.extract - ERROR - Request error for Ahmedabad: HTTPSConnectionPool(host='api.openweathermap.org', port=443): Max retries exceeded with url: /data/2.5/weather?q=Ahmedabad&appid=71ea710fd7b13fd6e8f5c5a6253f6f46&units=metric (Caused by NameResolutionError("<urllib3.connection.HTTPSConnection object at 0x7400f4aa9040>: Failed to resolve 'api.openweathermap.org' ([Errno -2] Name or service not known)"))
[2026-04-22T07:04:21.787+0000] {extract.py:73} ERROR - Request error for Ahmedabad: HTTPSConnectionPool(host='api.openweathermap.org', port=443): Max retries exceeded with url: /data/2.5/weather?q=Ahmedabad&appid=71ea710fd7b13fd6e8f5c5a6253f6f46&units=metric (Caused by NameResolutionError("<urllib3.connection.HTTPSConnection object at 0x7400f4aa9040>: Failed to resolve 'api.openweathermap.org' ([Errno -2] Name or service not known)"))
[2026-04-22T07:04:21.792+0000] {logging_mixin.py:188} WARNING - 2026-04-22 07:04:21 - scripts.extract - INFO - Fetching weather data for Bengaluru (attempt 1/3)
[2026-04-22T07:04:21.791+0000] {extract.py:47} INFO - Fetching weather data for Bengaluru (attempt 1/3)
[2026-04-22T07:04:21.803+0000] {logging_mixin.py:188} WARNING - 2026-04-22 07:04:21 - scripts.extract - ERROR - Request error for Bengaluru: HTTPSConnectionPool(host='api.openweathermap.org', port=443): Max retries exceeded with url: /data/2.5/weather?q=Bengaluru&appid=71ea710fd7b13fd6e8f5c5a6253f6f46&units=metric (Caused by NameResolutionError("<urllib3.connection.HTTPSConnection object at 0x7400f4aa9c70>: Failed to resolve 'api.openweathermap.org' ([Errno -2] Name or service not known)"))
[2026-04-22T07:04:21.802+0000] {extract.py:73} ERROR - Request error for Bengaluru: HTTPSConnectionPool(host='api.openweathermap.org', port=443): Max retries exceeded with url: /data/2.5/weather?q=Bengaluru&appid=71ea710fd7b13fd6e8f5c5a6253f6f46&units=metric (Caused by NameResolutionError("<urllib3.connection.HTTPSConnection object at 0x7400f4aa9c70>: Failed to resolve 'api.openweathermap.org' ([Errno -2] Name or service not known)"))
[2026-04-22T07:04:23.808+0000] {logging_mixin.py:188} WARNING - 2026-04-22 07:04:23 - scripts.extract - INFO - Fetching weather data for Bengaluru (attempt 2/3)
[2026-04-22T07:04:23.807+0000] {extract.py:47} INFO - Fetching weather data for Bengaluru (attempt 2/3)
[2026-04-22T07:04:23.832+0000] {logging_mixin.py:188} WARNING - 2026-04-22 07:04:23 - scripts.extract - ERROR - Request error for Bengaluru: HTTPSConnectionPool(host='api.openweathermap.org', port=443): Max retries exceeded with url: /data/2.5/weather?q=Bengaluru&appid=71ea710fd7b13fd6e8f5c5a6253f6f46&units=metric (Caused by NameResolutionError("<urllib3.connection.HTTPSConnection object at 0x7400f4aaa6c0>: Failed to resolve 'api.openweathermap.org' ([Errno -2] Name or service not known)"))
[2026-04-22T07:04:23.831+0000] {extract.py:73} ERROR - Request error for Bengaluru: HTTPSConnectionPool(host='api.openweathermap.org', port=443): Max retries exceeded with url: /data/2.5/weather?q=Bengaluru&appid=71ea710fd7b13fd6e8f5c5a6253f6f46&units=metric (Caused by NameResolutionError("<urllib3.connection.HTTPSConnection object at 0x7400f4aaa6c0>: Failed to resolve 'api.openweathermap.org' ([Errno -2] Name or service not known)"))
[2026-04-22T07:04:25.836+0000] {logging_mixin.py:188} WARNING - 2026-04-22 07:04:25 - scripts.extract - INFO - Fetching weather data for Bengaluru (attempt 3/3)
[2026-04-22T07:04:25.834+0000] {extract.py:47} INFO - Fetching weather data for Bengaluru (attempt 3/3)
[2026-04-22T07:04:25.849+0000] {logging_mixin.py:188} WARNING - 2026-04-22 07:04:25 - scripts.extract - ERROR - Request error for Bengaluru: HTTPSConnectionPool(host='api.openweathermap.org', port=443): Max retries exceeded with url: /data/2.5/weather?q=Bengaluru&appid=71ea710fd7b13fd6e8f5c5a6253f6f46&units=metric (Caused by NameResolutionError("<urllib3.connection.HTTPSConnection object at 0x7400f4aaade0>: Failed to resolve 'api.openweathermap.org' ([Errno -2] Name or service not known)"))
[2026-04-22T07:04:25.847+0000] {extract.py:73} ERROR - Request error for Bengaluru: HTTPSConnectionPool(host='api.openweathermap.org', port=443): Max retries exceeded with url: /data/2.5/weather?q=Bengaluru&appid=71ea710fd7b13fd6e8f5c5a6253f6f46&units=metric (Caused by NameResolutionError("<urllib3.connection.HTTPSConnection object at 0x7400f4aaade0>: Failed to resolve 'api.openweathermap.org' ([Errno -2] Name or service not known)"))
[2026-04-22T07:04:25.853+0000] {logging_mixin.py:188} WARNING - 2026-04-22 07:04:25 - scripts.extract - INFO - Fetching weather data for Chennai (attempt 1/3)
[2026-04-22T07:04:25.852+0000] {extract.py:47} INFO - Fetching weather data for Chennai (attempt 1/3)
[2026-04-22T07:04:25.867+0000] {logging_mixin.py:188} WARNING - 2026-04-22 07:04:25 - scripts.extract - ERROR - Request error for Chennai: HTTPSConnectionPool(host='api.openweathermap.org', port=443): Max retries exceeded with url: /data/2.5/weather?q=Chennai&appid=71ea710fd7b13fd6e8f5c5a6253f6f46&units=metric (Caused by NameResolutionError("<urllib3.connection.HTTPSConnection object at 0x7400f4b71fd0>: Failed to resolve 'api.openweathermap.org' ([Errno -2] Name or service not known)"))
[2026-04-22T07:04:25.866+0000] {extract.py:73} ERROR - Request error for Chennai: HTTPSConnectionPool(host='api.openweathermap.org', port=443): Max retries exceeded with url: /data/2.5/weather?q=Chennai&appid=71ea710fd7b13fd6e8f5c5a6253f6f46&units=metric (Caused by NameResolutionError("<urllib3.connection.HTTPSConnection object at 0x7400f4b71fd0>: Failed to resolve 'api.openweathermap.org' ([Errno -2] Name or service not known)"))
[2026-04-22T07:04:27.872+0000] {logging_mixin.py:188} WARNING - 2026-04-22 07:04:27 - scripts.extract - INFO - Fetching weather data for Chennai (attempt 2/3)
[2026-04-22T07:04:27.871+0000] {extract.py:47} INFO - Fetching weather data for Chennai (attempt 2/3)
[2026-04-22T07:04:27.887+0000] {logging_mixin.py:188} WARNING - 2026-04-22 07:04:27 - scripts.extract - ERROR - Request error for Chennai: HTTPSConnectionPool(host='api.openweathermap.org', port=443): Max retries exceeded with url: /data/2.5/weather?q=Chennai&appid=71ea710fd7b13fd6e8f5c5a6253f6f46&units=metric (Caused by NameResolutionError("<urllib3.connection.HTTPSConnection object at 0x7400f4aaacf0>: Failed to resolve 'api.openweathermap.org' ([Errno -2] Name or service not known)"))
[2026-04-22T07:04:27.886+0000] {extract.py:73} ERROR - Request error for Chennai: HTTPSConnectionPool(host='api.openweathermap.org', port=443): Max retries exceeded with url: /data/2.5/weather?q=Chennai&appid=71ea710fd7b13fd6e8f5c5a6253f6f46&units=metric (Caused by NameResolutionError("<urllib3.connection.HTTPSConnection object at 0x7400f4aaacf0>: Failed to resolve 'api.openweathermap.org' ([Errno -2] Name or service not known)"))
[2026-04-22T07:04:29.893+0000] {logging_mixin.py:188} WARNING - 2026-04-22 07:04:29 - scripts.extract - INFO - Fetching weather data for Chennai (attempt 3/3)
[2026-04-22T07:04:29.890+0000] {extract.py:47} INFO - Fetching weather data for Chennai (attempt 3/3)
[2026-04-22T07:04:29.924+0000] {logging_mixin.py:188} WARNING - 2026-04-22 07:04:29 - scripts.extract - ERROR - Request error for Chennai: HTTPSConnectionPool(host='api.openweathermap.org', port=443): Max retries exceeded with url: /data/2.5/weather?q=Chennai&appid=71ea710fd7b13fd6e8f5c5a6253f6f46&units=metric (Caused by NameResolutionError("<urllib3.connection.HTTPSConnection object at 0x7400f4aa9cd0>: Failed to resolve 'api.openweathermap.org' ([Errno -2] Name or service not known)"))
[2026-04-22T07:04:29.922+0000] {extract.py:73} ERROR - Request error for Chennai: HTTPSConnectionPool(host='api.openweathermap.org', port=443): Max retries exceeded with url: /data/2.5/weather?q=Chennai&appid=71ea710fd7b13fd6e8f5c5a6253f6f46&units=metric (Caused by NameResolutionError("<urllib3.connection.HTTPSConnection object at 0x7400f4aa9cd0>: Failed to resolve 'api.openweathermap.org' ([Errno -2] Name or service not known)"))
[2026-04-22T07:04:29.928+0000] {logging_mixin.py:188} WARNING - 2026-04-22 07:04:29 - scripts.extract - INFO - Fetching weather data for Delhi (attempt 1/3)
[2026-04-22T07:04:29.927+0000] {extract.py:47} INFO - Fetching weather data for Delhi (attempt 1/3)
[2026-04-22T07:04:29.939+0000] {logging_mixin.py:188} WARNING - 2026-04-22 07:04:29 - scripts.extract - ERROR - Request error for Delhi: HTTPSConnectionPool(host='api.openweathermap.org', port=443): Max retries exceeded with url: /data/2.5/weather?q=Delhi&appid=71ea710fd7b13fd6e8f5c5a6253f6f46&units=metric (Caused by NameResolutionError("<urllib3.connection.HTTPSConnection object at 0x7400f4aa8920>: Failed to resolve 'api.openweathermap.org' ([Errno -2] Name or service not known)"))
[2026-04-22T07:04:29.938+0000] {extract.py:73} ERROR - Request error for Delhi: HTTPSConnectionPool(host='api.openweathermap.org', port=443): Max retries exceeded with url: /data/2.5/weather?q=Delhi&appid=71ea710fd7b13fd6e8f5c5a6253f6f46&units=metric (Caused by NameResolutionError("<urllib3.connection.HTTPSConnection object at 0x7400f4aa8920>: Failed to resolve 'api.openweathermap.org' ([Errno -2] Name or service not known)"))
[2026-04-22T07:04:31.943+0000] {logging_mixin.py:188} WARNING - 2026-04-22 07:04:31 - scripts.extract - INFO - Fetching weather data for Delhi (attempt 2/3)
[2026-04-22T07:04:31.942+0000] {extract.py:47} INFO - Fetching weather data for Delhi (attempt 2/3)
[2026-04-22T07:04:31.956+0000] {logging_mixin.py:188} WARNING - 2026-04-22 07:04:31 - scripts.extract - ERROR - Request error for Delhi: HTTPSConnectionPool(host='api.openweathermap.org', port=443): Max retries exceeded with url: /data/2.5/weather?q=Delhi&appid=71ea710fd7b13fd6e8f5c5a6253f6f46&units=metric (Caused by NameResolutionError("<urllib3.connection.HTTPSConnection object at 0x7400f4aabe30>: Failed to resolve 'api.openweathermap.org' ([Errno -2] Name or service not known)"))
[2026-04-22T07:04:31.955+0000] {extract.py:73} ERROR - Request error for Delhi: HTTPSConnectionPool(host='api.openweathermap.org', port=443): Max retries exceeded with url: /data/2.5/weather?q=Delhi&appid=71ea710fd7b13fd6e8f5c5a6253f6f46&units=metric (Caused by NameResolutionError("<urllib3.connection.HTTPSConnection object at 0x7400f4aabe30>: Failed to resolve 'api.openweathermap.org' ([Errno -2] Name or service not known)"))
[2026-04-22T07:04:33.961+0000] {logging_mixin.py:188} WARNING - 2026-04-22 07:04:33 - scripts.extract - INFO - Fetching weather data for Delhi (attempt 3/3)
[2026-04-22T07:04:33.960+0000] {extract.py:47} INFO - Fetching weather data for Delhi (attempt 3/3)
[2026-04-22T07:04:33.972+0000] {logging_mixin.py:188} WARNING - 2026-04-22 07:04:33 - scripts.extract - ERROR - Request error for Delhi: HTTPSConnectionPool(host='api.openweathermap.org', port=443): Max retries exceeded with url: /data/2.5/weather?q=Delhi&appid=71ea710fd7b13fd6e8f5c5a6253f6f46&units=metric (Caused by NameResolutionError("<urllib3.connection.HTTPSConnection object at 0x7400f4ad06b0>: Failed to resolve 'api.openweathermap.org' ([Errno -2] Name or service not known)"))
[2026-04-22T07:04:33.971+0000] {extract.py:73} ERROR - Request error for Delhi: HTTPSConnectionPool(host='api.openweathermap.org', port=443): Max retries exceeded with url: /data/2.5/weather?q=Delhi&appid=71ea710fd7b13fd6e8f5c5a6253f6f46&units=metric (Caused by NameResolutionError("<urllib3.connection.HTTPSConnection object at 0x7400f4ad06b0>: Failed to resolve 'api.openweathermap.org' ([Errno -2] Name or service not known)"))
[2026-04-22T07:04:33.975+0000] {logging_mixin.py:188} WARNING - 2026-04-22 07:04:33 - scripts.extract - INFO - Fetching weather data for Indore (attempt 1/3)
[2026-04-22T07:04:33.975+0000] {extract.py:47} INFO - Fetching weather data for Indore (attempt 1/3)
[2026-04-22T07:04:33.988+0000] {logging_mixin.py:188} WARNING - 2026-04-22 07:04:33 - scripts.extract - ERROR - Request error for Indore: HTTPSConnectionPool(host='api.openweathermap.org', port=443): Max retries exceeded with url: /data/2.5/weather?q=Indore&appid=71ea710fd7b13fd6e8f5c5a6253f6f46&units=metric (Caused by NameResolutionError("<urllib3.connection.HTTPSConnection object at 0x7400f4ad0f80>: Failed to resolve 'api.openweathermap.org' ([Errno -2] Name or service not known)"))
[2026-04-22T07:04:33.987+0000] {extract.py:73} ERROR - Request error for Indore: HTTPSConnectionPool(host='api.openweathermap.org', port=443): Max retries exceeded with url: /data/2.5/weather?q=Indore&appid=71ea710fd7b13fd6e8f5c5a6253f6f46&units=metric (Caused by NameResolutionError("<urllib3.connection.HTTPSConnection object at 0x7400f4ad0f80>: Failed to resolve 'api.openweathermap.org' ([Errno -2] Name or service not known)"))
[2026-04-22T07:04:35.992+0000] {logging_mixin.py:188} WARNING - 2026-04-22 07:04:35 - scripts.extract - INFO - Fetching weather data for Indore (attempt 2/3)
[2026-04-22T07:04:35.990+0000] {extract.py:47} INFO - Fetching weather data for Indore (attempt 2/3)
[2026-04-22T07:04:36.018+0000] {logging_mixin.py:188} WARNING - 2026-04-22 07:04:36 - scripts.extract - ERROR - Request error for Indore: HTTPSConnectionPool(host='api.openweathermap.org', port=443): Max retries exceeded with url: /data/2.5/weather?q=Indore&appid=71ea710fd7b13fd6e8f5c5a6253f6f46&units=metric (Caused by NameResolutionError("<urllib3.connection.HTTPSConnection object at 0x7400f4aa8110>: Failed to resolve 'api.openweathermap.org' ([Errno -2] Name or service not known)"))
[2026-04-22T07:04:36.016+0000] {extract.py:73} ERROR - Request error for Indore: HTTPSConnectionPool(host='api.openweathermap.org', port=443): Max retries exceeded with url: /data/2.5/weather?q=Indore&appid=71ea710fd7b13fd6e8f5c5a6253f6f46&units=metric (Caused by NameResolutionError("<urllib3.connection.HTTPSConnection object at 0x7400f4aa8110>: Failed to resolve 'api.openweathermap.org' ([Errno -2] Name or service not known)"))
[2026-04-22T07:04:38.044+0000] {logging_mixin.py:188} WARNING - 2026-04-22 07:04:38 - scripts.extract - INFO - Fetching weather data for Indore (attempt 3/3)
[2026-04-22T07:04:38.021+0000] {extract.py:47} INFO - Fetching weather data for Indore (attempt 3/3)
[2026-04-22T07:04:38.285+0000] {logging_mixin.py:188} WARNING - 2026-04-22 07:04:38 - scripts.extract - ERROR - Request error for Indore: HTTPSConnectionPool(host='api.openweathermap.org', port=443): Max retries exceeded with url: /data/2.5/weather?q=Indore&appid=71ea710fd7b13fd6e8f5c5a6253f6f46&units=metric (Caused by NameResolutionError("<urllib3.connection.HTTPSConnection object at 0x7400f4aa8770>: Failed to resolve 'api.openweathermap.org' ([Errno -2] Name or service not known)"))
[2026-04-22T07:04:38.276+0000] {extract.py:73} ERROR - Request error for Indore: HTTPSConnectionPool(host='api.openweathermap.org', port=443): Max retries exceeded with url: /data/2.5/weather?q=Indore&appid=71ea710fd7b13fd6e8f5c5a6253f6f46&units=metric (Caused by NameResolutionError("<urllib3.connection.HTTPSConnection object at 0x7400f4aa8770>: Failed to resolve 'api.openweathermap.org' ([Errno -2] Name or service not known)"))
[2026-04-22T07:04:38.324+0000] {logging_mixin.py:188} WARNING - 2026-04-22 07:04:38 - scripts.extract - INFO - Fetching weather data for Kolkata (attempt 1/3)
[2026-04-22T07:04:38.314+0000] {extract.py:47} INFO - Fetching weather data for Kolkata (attempt 1/3)
[2026-04-22T07:04:38.746+0000] {logging_mixin.py:188} WARNING - 2026-04-22 07:04:38 - scripts.extract - ERROR - Request error for Kolkata: HTTPSConnectionPool(host='api.openweathermap.org', port=443): Max retries exceeded with url: /data/2.5/weather?q=Kolkata&appid=71ea710fd7b13fd6e8f5c5a6253f6f46&units=metric (Caused by NameResolutionError("<urllib3.connection.HTTPSConnection object at 0x7400f4aaa930>: Failed to resolve 'api.openweathermap.org' ([Errno -2] Name or service not known)"))
[2026-04-22T07:04:38.742+0000] {extract.py:73} ERROR - Request error for Kolkata: HTTPSConnectionPool(host='api.openweathermap.org', port=443): Max retries exceeded with url: /data/2.5/weather?q=Kolkata&appid=71ea710fd7b13fd6e8f5c5a6253f6f46&units=metric (Caused by NameResolutionError("<urllib3.connection.HTTPSConnection object at 0x7400f4aaa930>: Failed to resolve 'api.openweathermap.org' ([Errno -2] Name or service not known)"))
[2026-04-22T07:04:40.760+0000] {logging_mixin.py:188} WARNING - 2026-04-22 07:04:40 - scripts.extract - INFO - Fetching weather data for Kolkata (attempt 2/3)
[2026-04-22T07:04:40.758+0000] {extract.py:47} INFO - Fetching weather data for Kolkata (attempt 2/3)
[2026-04-22T07:04:40.774+0000] {logging_mixin.py:188} WARNING - 2026-04-22 07:04:40 - scripts.extract - ERROR - Request error for Kolkata: HTTPSConnectionPool(host='api.openweathermap.org', port=443): Max retries exceeded with url: /data/2.5/weather?q=Kolkata&appid=71ea710fd7b13fd6e8f5c5a6253f6f46&units=metric (Caused by NameResolutionError("<urllib3.connection.HTTPSConnection object at 0x7400f4aab680>: Failed to resolve 'api.openweathermap.org' ([Errno -2] Name or service not known)"))
[2026-04-22T07:04:40.772+0000] {extract.py:73} ERROR - Request error for Kolkata: HTTPSConnectionPool(host='api.openweathermap.org', port=443): Max retries exceeded with url: /data/2.5/weather?q=Kolkata&appid=71ea710fd7b13fd6e8f5c5a6253f6f46&units=metric (Caused by NameResolutionError("<urllib3.connection.HTTPSConnection object at 0x7400f4aab680>: Failed to resolve 'api.openweathermap.org' ([Errno -2] Name or service not known)"))
[2026-04-22T07:04:42.788+0000] {logging_mixin.py:188} WARNING - 2026-04-22 07:04:42 - scripts.extract - INFO - Fetching weather data for Kolkata (attempt 3/3)
[2026-04-22T07:04:42.777+0000] {extract.py:47} INFO - Fetching weather data for Kolkata (attempt 3/3)
[2026-04-22T07:04:42.921+0000] {logging_mixin.py:188} WARNING - 2026-04-22 07:04:42 - scripts.extract - ERROR - Request error for Kolkata: HTTPSConnectionPool(host='api.openweathermap.org', port=443): Max retries exceeded with url: /data/2.5/weather?q=Kolkata&appid=71ea710fd7b13fd6e8f5c5a6253f6f46&units=metric (Caused by NameResolutionError("<urllib3.connection.HTTPSConnection object at 0x7400f4ad1070>: Failed to resolve 'api.openweathermap.org' ([Errno -2] Name or service not known)"))
[2026-04-22T07:04:42.920+0000] {extract.py:73} ERROR - Request error for Kolkata: HTTPSConnectionPool(host='api.openweathermap.org', port=443): Max retries exceeded with url: /data/2.5/weather?q=Kolkata&appid=71ea710fd7b13fd6e8f5c5a6253f6f46&units=metric (Caused by NameResolutionError("<urllib3.connection.HTTPSConnection object at 0x7400f4ad1070>: Failed to resolve 'api.openweathermap.org' ([Errno -2] Name or service not known)"))
[2026-04-22T07:04:42.932+0000] {logging_mixin.py:188} WARNING - 2026-04-22 07:04:42 - scripts.extract - INFO - Fetching weather data for Kota (attempt 1/3)
[2026-04-22T07:04:42.927+0000] {extract.py:47} INFO - Fetching weather data for Kota (attempt 1/3)
[2026-04-22T07:04:42.953+0000] {logging_mixin.py:188} WARNING - 2026-04-22 07:04:42 - scripts.extract - ERROR - Request error for Kota: HTTPSConnectionPool(host='api.openweathermap.org', port=443): Max retries exceeded with url: /data/2.5/weather?q=Kota&appid=71ea710fd7b13fd6e8f5c5a6253f6f46&units=metric (Caused by NameResolutionError("<urllib3.connection.HTTPSConnection object at 0x7400f4ad1910>: Failed to resolve 'api.openweathermap.org' ([Errno -2] Name or service not known)"))
[2026-04-22T07:04:42.950+0000] {extract.py:73} ERROR - Request error for Kota: HTTPSConnectionPool(host='api.openweathermap.org', port=443): Max retries exceeded with url: /data/2.5/weather?q=Kota&appid=71ea710fd7b13fd6e8f5c5a6253f6f46&units=metric (Caused by NameResolutionError("<urllib3.connection.HTTPSConnection object at 0x7400f4ad1910>: Failed to resolve 'api.openweathermap.org' ([Errno -2] Name or service not known)"))
[2026-04-22T07:04:44.969+0000] {logging_mixin.py:188} WARNING - 2026-04-22 07:04:44 - scripts.extract - INFO - Fetching weather data for Kota (attempt 2/3)
[2026-04-22T07:04:44.957+0000] {extract.py:47} INFO - Fetching weather data for Kota (attempt 2/3)
[2026-04-22T07:04:45.547+0000] {logging_mixin.py:188} WARNING - 2026-04-22 07:04:45 - scripts.extract - ERROR - Request error for Kota: HTTPSConnectionPool(host='api.openweathermap.org', port=443): Max retries exceeded with url: /data/2.5/weather?q=Kota&appid=71ea710fd7b13fd6e8f5c5a6253f6f46&units=metric (Caused by NameResolutionError("<urllib3.connection.HTTPSConnection object at 0x7400f4a73ef0>: Failed to resolve 'api.openweathermap.org' ([Errno -2] Name or service not known)"))
[2026-04-22T07:04:45.516+0000] {extract.py:73} ERROR - Request error for Kota: HTTPSConnectionPool(host='api.openweathermap.org', port=443): Max retries exceeded with url: /data/2.5/weather?q=Kota&appid=71ea710fd7b13fd6e8f5c5a6253f6f46&units=metric (Caused by NameResolutionError("<urllib3.connection.HTTPSConnection object at 0x7400f4a73ef0>: Failed to resolve 'api.openweathermap.org' ([Errno -2] Name or service not known)"))
[2026-04-22T07:04:47.598+0000] {logging_mixin.py:188} WARNING - 2026-04-22 07:04:47 - scripts.extract - INFO - Fetching weather data for Kota (attempt 3/3)
[2026-04-22T07:04:47.594+0000] {extract.py:47} INFO - Fetching weather data for Kota (attempt 3/3)
[2026-04-22T07:04:47.681+0000] {logging_mixin.py:188} WARNING - 2026-04-22 07:04:47 - scripts.extract - ERROR - Request error for Kota: HTTPSConnectionPool(host='api.openweathermap.org', port=443): Max retries exceeded with url: /data/2.5/weather?q=Kota&appid=71ea710fd7b13fd6e8f5c5a6253f6f46&units=metric (Caused by NameResolutionError("<urllib3.connection.HTTPSConnection object at 0x7400f4aa9070>: Failed to resolve 'api.openweathermap.org' ([Errno -2] Name or service not known)"))
[2026-04-22T07:04:47.676+0000] {extract.py:73} ERROR - Request error for Kota: HTTPSConnectionPool(host='api.openweathermap.org', port=443): Max retries exceeded with url: /data/2.5/weather?q=Kota&appid=71ea710fd7b13fd6e8f5c5a6253f6f46&units=metric (Caused by NameResolutionError("<urllib3.connection.HTTPSConnection object at 0x7400f4aa9070>: Failed to resolve 'api.openweathermap.org' ([Errno -2] Name or service not known)"))
[2026-04-22T07:04:47.710+0000] {logging_mixin.py:188} WARNING - 2026-04-22 07:04:47 - scripts.extract - INFO - Fetching weather data for Kyiv (attempt 1/3)
[2026-04-22T07:04:47.705+0000] {extract.py:47} INFO - Fetching weather data for Kyiv (attempt 1/3)
[2026-04-22T07:04:47.735+0000] {logging_mixin.py:188} WARNING - 2026-04-22 07:04:47 - scripts.extract - ERROR - Request error for Kyiv: HTTPSConnectionPool(host='api.openweathermap.org', port=443): Max retries exceeded with url: /data/2.5/weather?q=Kyiv&appid=71ea710fd7b13fd6e8f5c5a6253f6f46&units=metric (Caused by NameResolutionError("<urllib3.connection.HTTPSConnection object at 0x7400f4aa9d90>: Failed to resolve 'api.openweathermap.org' ([Errno -2] Name or service not known)"))
[2026-04-22T07:04:47.732+0000] {extract.py:73} ERROR - Request error for Kyiv: HTTPSConnectionPool(host='api.openweathermap.org', port=443): Max retries exceeded with url: /data/2.5/weather?q=Kyiv&appid=71ea710fd7b13fd6e8f5c5a6253f6f46&units=metric (Caused by NameResolutionError("<urllib3.connection.HTTPSConnection object at 0x7400f4aa9d90>: Failed to resolve 'api.openweathermap.org' ([Errno -2] Name or service not known)"))
[2026-04-22T07:04:49.751+0000] {logging_mixin.py:188} WARNING - 2026-04-22 07:04:49 - scripts.extract - INFO - Fetching weather data for Kyiv (attempt 2/3)
[2026-04-22T07:04:49.740+0000] {extract.py:47} INFO - Fetching weather data for Kyiv (attempt 2/3)
[2026-04-22T07:04:49.824+0000] {logging_mixin.py:188} WARNING - 2026-04-22 07:04:49 - scripts.extract - ERROR - Request error for Kyiv: HTTPSConnectionPool(host='api.openweathermap.org', port=443): Max retries exceeded with url: /data/2.5/weather?q=Kyiv&appid=71ea710fd7b13fd6e8f5c5a6253f6f46&units=metric (Caused by NameResolutionError("<urllib3.connection.HTTPSConnection object at 0x7400f4aa9c40>: Failed to resolve 'api.openweathermap.org' ([Errno -2] Name or service not known)"))
[2026-04-22T07:04:49.821+0000] {extract.py:73} ERROR - Request error for Kyiv: HTTPSConnectionPool(host='api.openweathermap.org', port=443): Max retries exceeded with url: /data/2.5/weather?q=Kyiv&appid=71ea710fd7b13fd6e8f5c5a6253f6f46&units=metric (Caused by NameResolutionError("<urllib3.connection.HTTPSConnection object at 0x7400f4aa9c40>: Failed to resolve 'api.openweathermap.org' ([Errno -2] Name or service not known)"))
[2026-04-22T07:04:51.843+0000] {logging_mixin.py:188} WARNING - 2026-04-22 07:04:51 - scripts.extract - INFO - Fetching weather data for Kyiv (attempt 3/3)
[2026-04-22T07:04:51.830+0000] {extract.py:47} INFO - Fetching weather data for Kyiv (attempt 3/3)
[2026-04-22T07:04:52.224+0000] {logging_mixin.py:188} WARNING - 2026-04-22 07:04:52 - scripts.extract - ERROR - Request error for Kyiv: HTTPSConnectionPool(host='api.openweathermap.org', port=443): Max retries exceeded with url: /data/2.5/weather?q=Kyiv&appid=71ea710fd7b13fd6e8f5c5a6253f6f46&units=metric (Caused by NameResolutionError("<urllib3.connection.HTTPSConnection object at 0x7400f4ad05c0>: Failed to resolve 'api.openweathermap.org' ([Errno -2] Name or service not known)"))
[2026-04-22T07:04:52.211+0000] {extract.py:73} ERROR - Request error for Kyiv: HTTPSConnectionPool(host='api.openweathermap.org', port=443): Max retries exceeded with url: /data/2.5/weather?q=Kyiv&appid=71ea710fd7b13fd6e8f5c5a6253f6f46&units=metric (Caused by NameResolutionError("<urllib3.connection.HTTPSConnection object at 0x7400f4ad05c0>: Failed to resolve 'api.openweathermap.org' ([Errno -2] Name or service not known)"))
[2026-04-22T07:04:52.257+0000] {logging_mixin.py:188} WARNING - 2026-04-22 07:04:52 - scripts.extract - INFO - Fetching weather data for Los Angeles (attempt 1/3)
[2026-04-22T07:04:52.245+0000] {extract.py:47} INFO - Fetching weather data for Los Angeles (attempt 1/3)
[2026-04-22T07:04:52.478+0000] {logging_mixin.py:188} WARNING - 2026-04-22 07:04:52 - scripts.extract - ERROR - Request error for Los Angeles: HTTPSConnectionPool(host='api.openweathermap.org', port=443): Max retries exceeded with url: /data/2.5/weather?q=Los+Angeles&appid=71ea710fd7b13fd6e8f5c5a6253f6f46&units=metric (Caused by NameResolutionError("<urllib3.connection.HTTPSConnection object at 0x7400f4ad2090>: Failed to resolve 'api.openweathermap.org' ([Errno -2] Name or service not known)"))
[2026-04-22T07:04:52.462+0000] {extract.py:73} ERROR - Request error for Los Angeles: HTTPSConnectionPool(host='api.openweathermap.org', port=443): Max retries exceeded with url: /data/2.5/weather?q=Los+Angeles&appid=71ea710fd7b13fd6e8f5c5a6253f6f46&units=metric (Caused by NameResolutionError("<urllib3.connection.HTTPSConnection object at 0x7400f4ad2090>: Failed to resolve 'api.openweathermap.org' ([Errno -2] Name or service not known)"))
[2026-04-22T07:04:54.528+0000] {logging_mixin.py:188} WARNING - 2026-04-22 07:04:54 - scripts.extract - INFO - Fetching weather data for Los Angeles (attempt 2/3)
[2026-04-22T07:04:54.508+0000] {extract.py:47} INFO - Fetching weather data for Los Angeles (attempt 2/3)
[2026-04-22T07:04:54.772+0000] {logging_mixin.py:188} WARNING - 2026-04-22 07:04:54 - scripts.extract - ERROR - Request error for Los Angeles: HTTPSConnectionPool(host='api.openweathermap.org', port=443): Max retries exceeded with url: /data/2.5/weather?q=Los+Angeles&appid=71ea710fd7b13fd6e8f5c5a6253f6f46&units=metric (Caused by NameResolutionError("<urllib3.connection.HTTPSConnection object at 0x7400fdb3b920>: Failed to resolve 'api.openweathermap.org' ([Errno -2] Name or service not known)"))
[2026-04-22T07:04:54.766+0000] {extract.py:73} ERROR - Request error for Los Angeles: HTTPSConnectionPool(host='api.openweathermap.org', port=443): Max retries exceeded with url: /data/2.5/weather?q=Los+Angeles&appid=71ea710fd7b13fd6e8f5c5a6253f6f46&units=metric (Caused by NameResolutionError("<urllib3.connection.HTTPSConnection object at 0x7400fdb3b920>: Failed to resolve 'api.openweathermap.org' ([Errno -2] Name or service not known)"))
[2026-04-22T07:04:56.783+0000] {logging_mixin.py:188} WARNING - 2026-04-22 07:04:56 - scripts.extract - INFO - Fetching weather data for Los Angeles (attempt 3/3)
[2026-04-22T07:04:56.779+0000] {extract.py:47} INFO - Fetching weather data for Los Angeles (attempt 3/3)
[2026-04-22T07:04:57.016+0000] {logging_mixin.py:188} WARNING - 2026-04-22 07:04:57 - scripts.extract - ERROR - Request error for Los Angeles: HTTPSConnectionPool(host='api.openweathermap.org', port=443): Max retries exceeded with url: /data/2.5/weather?q=Los+Angeles&appid=71ea710fd7b13fd6e8f5c5a6253f6f46&units=metric (Caused by NameResolutionError("<urllib3.connection.HTTPSConnection object at 0x7400f4aabec0>: Failed to resolve 'api.openweathermap.org' ([Errno -2] Name or service not known)"))
[2026-04-22T07:04:57.010+0000] {extract.py:73} ERROR - Request error for Los Angeles: HTTPSConnectionPool(host='api.openweathermap.org', port=443): Max retries exceeded with url: /data/2.5/weather?q=Los+Angeles&appid=71ea710fd7b13fd6e8f5c5a6253f6f46&units=metric (Caused by NameResolutionError("<urllib3.connection.HTTPSConnection object at 0x7400f4aabec0>: Failed to resolve 'api.openweathermap.org' ([Errno -2] Name or service not known)"))
[2026-04-22T07:04:57.042+0000] {logging_mixin.py:188} WARNING - 2026-04-22 07:04:57 - scripts.extract - INFO - Fetching weather data for Manali (attempt 1/3)
[2026-04-22T07:04:57.025+0000] {extract.py:47} INFO - Fetching weather data for Manali (attempt 1/3)
[2026-04-22T07:04:57.328+0000] {logging_mixin.py:188} WARNING - 2026-04-22 07:04:57 - scripts.extract - ERROR - Request error for Manali: HTTPSConnectionPool(host='api.openweathermap.org', port=443): Max retries exceeded with url: /data/2.5/weather?q=Manali&appid=71ea710fd7b13fd6e8f5c5a6253f6f46&units=metric (Caused by NameResolutionError("<urllib3.connection.HTTPSConnection object at 0x7400f4aab770>: Failed to resolve 'api.openweathermap.org' ([Errno -2] Name or service not known)"))
[2026-04-22T07:04:57.321+0000] {extract.py:73} ERROR - Request error for Manali: HTTPSConnectionPool(host='api.openweathermap.org', port=443): Max retries exceeded with url: /data/2.5/weather?q=Manali&appid=71ea710fd7b13fd6e8f5c5a6253f6f46&units=metric (Caused by NameResolutionError("<urllib3.connection.HTTPSConnection object at 0x7400f4aab770>: Failed to resolve 'api.openweathermap.org' ([Errno -2] Name or service not known)"))
[2026-04-22T07:04:59.343+0000] {logging_mixin.py:188} WARNING - 2026-04-22 07:04:59 - scripts.extract - INFO - Fetching weather data for Manali (attempt 2/3)
[2026-04-22T07:04:59.341+0000] {extract.py:47} INFO - Fetching weather data for Manali (attempt 2/3)
[2026-04-22T07:04:59.352+0000] {logging_mixin.py:188} WARNING - 2026-04-22 07:04:59 - scripts.extract - ERROR - Request error for Manali: HTTPSConnectionPool(host='api.openweathermap.org', port=443): Max retries exceeded with url: /data/2.5/weather?q=Manali&appid=71ea710fd7b13fd6e8f5c5a6253f6f46&units=metric (Caused by NameResolutionError("<urllib3.connection.HTTPSConnection object at 0x7400f4aab230>: Failed to resolve 'api.openweathermap.org' ([Errno -2] Name or service not known)"))
[2026-04-22T07:04:59.351+0000] {extract.py:73} ERROR - Request error for Manali: HTTPSConnectionPool(host='api.openweathermap.org', port=443): Max retries exceeded with url: /data/2.5/weather?q=Manali&appid=71ea710fd7b13fd6e8f5c5a6253f6f46&units=metric (Caused by NameResolutionError("<urllib3.connection.HTTPSConnection object at 0x7400f4aab230>: Failed to resolve 'api.openweathermap.org' ([Errno -2] Name or service not known)"))
[2026-04-22T07:05:01.370+0000] {logging_mixin.py:188} WARNING - 2026-04-22 07:05:01 - scripts.extract - INFO - Fetching weather data for Manali (attempt 3/3)
[2026-04-22T07:05:01.355+0000] {extract.py:47} INFO - Fetching weather data for Manali (attempt 3/3)
[2026-04-22T07:05:01.594+0000] {logging_mixin.py:188} WARNING - 2026-04-22 07:05:01 - scripts.extract - ERROR - Request error for Manali: HTTPSConnectionPool(host='api.openweathermap.org', port=443): Max retries exceeded with url: /data/2.5/weather?q=Manali&appid=71ea710fd7b13fd6e8f5c5a6253f6f46&units=metric (Caused by NameResolutionError("<urllib3.connection.HTTPSConnection object at 0x7400f4ad1f10>: Failed to resolve 'api.openweathermap.org' ([Errno -2] Name or service not known)"))
[2026-04-22T07:05:01.586+0000] {extract.py:73} ERROR - Request error for Manali: HTTPSConnectionPool(host='api.openweathermap.org', port=443): Max retries exceeded with url: /data/2.5/weather?q=Manali&appid=71ea710fd7b13fd6e8f5c5a6253f6f46&units=metric (Caused by NameResolutionError("<urllib3.connection.HTTPSConnection object at 0x7400f4ad1f10>: Failed to resolve 'api.openweathermap.org' ([Errno -2] Name or service not known)"))
[2026-04-22T07:05:01.625+0000] {logging_mixin.py:188} WARNING - 2026-04-22 07:05:01 - scripts.extract - INFO - Fetching weather data for Moscow (attempt 1/3)
[2026-04-22T07:05:01.613+0000] {extract.py:47} INFO - Fetching weather data for Moscow (attempt 1/3)
[2026-04-22T07:05:01.684+0000] {logging_mixin.py:188} WARNING - 2026-04-22 07:05:01 - scripts.extract - ERROR - Request error for Moscow: HTTPSConnectionPool(host='api.openweathermap.org', port=443): Max retries exceeded with url: /data/2.5/weather?q=Moscow&appid=71ea710fd7b13fd6e8f5c5a6253f6f46&units=metric (Caused by NameResolutionError("<urllib3.connection.HTTPSConnection object at 0x7400f4ad0410>: Failed to resolve 'api.openweathermap.org' ([Errno -2] Name or service not known)"))
[2026-04-22T07:05:01.677+0000] {extract.py:73} ERROR - Request error for Moscow: HTTPSConnectionPool(host='api.openweathermap.org', port=443): Max retries exceeded with url: /data/2.5/weather?q=Moscow&appid=71ea710fd7b13fd6e8f5c5a6253f6f46&units=metric (Caused by NameResolutionError("<urllib3.connection.HTTPSConnection object at 0x7400f4ad0410>: Failed to resolve 'api.openweathermap.org' ([Errno -2] Name or service not known)"))
[2026-04-22T07:05:03.699+0000] {logging_mixin.py:188} WARNING - 2026-04-22 07:05:03 - scripts.extract - INFO - Fetching weather data for Moscow (attempt 2/3)
[2026-04-22T07:05:03.692+0000] {extract.py:47} INFO - Fetching weather data for Moscow (attempt 2/3)
[2026-04-22T07:05:03.977+0000] {logging_mixin.py:188} WARNING - 2026-04-22 07:05:03 - scripts.extract - ERROR - Request error for Moscow: HTTPSConnectionPool(host='api.openweathermap.org', port=443): Max retries exceeded with url: /data/2.5/weather?q=Moscow&appid=71ea710fd7b13fd6e8f5c5a6253f6f46&units=metric (Caused by NameResolutionError("<urllib3.connection.HTTPSConnection object at 0x7400f4ad3110>: Failed to resolve 'api.openweathermap.org' ([Errno -2] Name or service not known)"))
[2026-04-22T07:05:03.972+0000] {extract.py:73} ERROR - Request error for Moscow: HTTPSConnectionPool(host='api.openweathermap.org', port=443): Max retries exceeded with url: /data/2.5/weather?q=Moscow&appid=71ea710fd7b13fd6e8f5c5a6253f6f46&units=metric (Caused by NameResolutionError("<urllib3.connection.HTTPSConnection object at 0x7400f4ad3110>: Failed to resolve 'api.openweathermap.org' ([Errno -2] Name or service not known)"))
[2026-04-22T07:05:05.991+0000] {logging_mixin.py:188} WARNING - 2026-04-22 07:05:05 - scripts.extract - INFO - Fetching weather data for Moscow (attempt 3/3)
[2026-04-22T07:05:05.987+0000] {extract.py:47} INFO - Fetching weather data for Moscow (attempt 3/3)
[2026-04-22T07:05:06.059+0000] {logging_mixin.py:188} WARNING - 2026-04-22 07:05:06 - scripts.extract - ERROR - Request error for Moscow: HTTPSConnectionPool(host='api.openweathermap.org', port=443): Max retries exceeded with url: /data/2.5/weather?q=Moscow&appid=71ea710fd7b13fd6e8f5c5a6253f6f46&units=metric (Caused by NameResolutionError("<urllib3.connection.HTTPSConnection object at 0x7400f4aaa330>: Failed to resolve 'api.openweathermap.org' ([Errno -2] Name or service not known)"))
[2026-04-22T07:05:06.031+0000] {extract.py:73} ERROR - Request error for Moscow: HTTPSConnectionPool(host='api.openweathermap.org', port=443): Max retries exceeded with url: /data/2.5/weather?q=Moscow&appid=71ea710fd7b13fd6e8f5c5a6253f6f46&units=metric (Caused by NameResolutionError("<urllib3.connection.HTTPSConnection object at 0x7400f4aaa330>: Failed to resolve 'api.openweathermap.org' ([Errno -2] Name or service not known)"))
[2026-04-22T07:05:06.095+0000] {logging_mixin.py:188} WARNING - 2026-04-22 07:05:06 - scripts.extract - INFO - Fetching weather data for Mumbai (attempt 1/3)
[2026-04-22T07:05:06.086+0000] {extract.py:47} INFO - Fetching weather data for Mumbai (attempt 1/3)
[2026-04-22T07:05:06.195+0000] {logging_mixin.py:188} WARNING - 2026-04-22 07:05:06 - scripts.extract - ERROR - Request error for Mumbai: HTTPSConnectionPool(host='api.openweathermap.org', port=443): Max retries exceeded with url: /data/2.5/weather?q=Mumbai&appid=71ea710fd7b13fd6e8f5c5a6253f6f46&units=metric (Caused by NameResolutionError("<urllib3.connection.HTTPSConnection object at 0x7400f4aabc80>: Failed to resolve 'api.openweathermap.org' ([Errno -2] Name or service not known)"))
[2026-04-22T07:05:06.185+0000] {extract.py:73} ERROR - Request error for Mumbai: HTTPSConnectionPool(host='api.openweathermap.org', port=443): Max retries exceeded with url: /data/2.5/weather?q=Mumbai&appid=71ea710fd7b13fd6e8f5c5a6253f6f46&units=metric (Caused by NameResolutionError("<urllib3.connection.HTTPSConnection object at 0x7400f4aabc80>: Failed to resolve 'api.openweathermap.org' ([Errno -2] Name or service not known)"))
[2026-04-22T07:05:08.222+0000] {logging_mixin.py:188} WARNING - 2026-04-22 07:05:08 - scripts.extract - INFO - Fetching weather data for Mumbai (attempt 2/3)
[2026-04-22T07:05:08.220+0000] {extract.py:47} INFO - Fetching weather data for Mumbai (attempt 2/3)
[2026-04-22T07:05:08.237+0000] {logging_mixin.py:188} WARNING - 2026-04-22 07:05:08 - scripts.extract - ERROR - Request error for Mumbai: HTTPSConnectionPool(host='api.openweathermap.org', port=443): Max retries exceeded with url: /data/2.5/weather?q=Mumbai&appid=71ea710fd7b13fd6e8f5c5a6253f6f46&units=metric (Caused by NameResolutionError("<urllib3.connection.HTTPSConnection object at 0x7400f4aa82f0>: Failed to resolve 'api.openweathermap.org' ([Errno -2] Name or service not known)"))
[2026-04-22T07:05:08.236+0000] {extract.py:73} ERROR - Request error for Mumbai: HTTPSConnectionPool(host='api.openweathermap.org', port=443): Max retries exceeded with url: /data/2.5/weather?q=Mumbai&appid=71ea710fd7b13fd6e8f5c5a6253f6f46&units=metric (Caused by NameResolutionError("<urllib3.connection.HTTPSConnection object at 0x7400f4aa82f0>: Failed to resolve 'api.openweathermap.org' ([Errno -2] Name or service not known)"))
[2026-04-22T07:05:10.262+0000] {logging_mixin.py:188} WARNING - 2026-04-22 07:05:10 - scripts.extract - INFO - Fetching weather data for Mumbai (attempt 3/3)
[2026-04-22T07:05:10.241+0000] {extract.py:47} INFO - Fetching weather data for Mumbai (attempt 3/3)
[2026-04-22T07:05:11.035+0000] {logging_mixin.py:188} WARNING - 2026-04-22 07:05:11 - scripts.extract - INFO - Successfully fetched data for Mumbai
[2026-04-22T07:05:11.028+0000] {extract.py:53} INFO - Successfully fetched data for Mumbai
[2026-04-22T07:05:11.061+0000] {logging_mixin.py:188} WARNING - 2026-04-22 07:05:11 - scripts.extract - INFO - Fetching weather data for New York (attempt 1/3)
[2026-04-22T07:05:11.054+0000] {extract.py:47} INFO - Fetching weather data for New York (attempt 1/3)
[2026-04-22T07:05:11.551+0000] {logging_mixin.py:188} WARNING - 2026-04-22 07:05:11 - scripts.extract - INFO - Successfully fetched data for New York
[2026-04-22T07:05:11.545+0000] {extract.py:53} INFO - Successfully fetched data for New York
[2026-04-22T07:05:11.625+0000] {logging_mixin.py:188} WARNING - 2026-04-22 07:05:11 - scripts.extract - INFO - Fetching weather data for Palanpur (attempt 1/3)
[2026-04-22T07:05:11.598+0000] {extract.py:47} INFO - Fetching weather data for Palanpur (attempt 1/3)
[2026-04-22T07:05:12.129+0000] {logging_mixin.py:188} WARNING - 2026-04-22 07:05:12 - scripts.extract - INFO - Successfully fetched data for Palanpur
[2026-04-22T07:05:12.124+0000] {extract.py:53} INFO - Successfully fetched data for Palanpur
[2026-04-22T07:05:12.140+0000] {logging_mixin.py:188} WARNING - 2026-04-22 07:05:12 - scripts.extract - INFO - Extraction complete: 3 successful, 11 failed
[2026-04-22T07:05:12.136+0000] {extract.py:114} INFO - Extraction complete: 3 successful, 11 failed
[2026-04-22T07:05:12.158+0000] {logging_mixin.py:188} WARNING - 2026-04-22 07:05:12 - scripts.extract - INFO - Extracted 3 weather records
[2026-04-22T07:05:12.154+0000] {extract.py:131} INFO - Extracted 3 weather records
[2026-04-22T07:05:12.193+0000] {weather_etl_dag_v2.py:117} INFO - ✓ Extraction complete: 3 records for 14 cities in 54.48s
[2026-04-22T07:05:12.199+0000] {python.py:237} INFO - Done. Returned value was: 3
[2026-04-22T07:05:12.204+0000] {taskinstance.py:441} INFO - ::group::Post task execution logs
[2026-04-22T07:05:12.249+0000] {taskinstance.py:1206} INFO - Marking task as SUCCESS. dag_id=weather_etl_pipeline_v2, task_id=extract, run_id=scheduled__2026-04-21T02:00:00+00:00, execution_date=20260421T020000, start_date=20260422T070417, end_date=20260422T070512
[2026-04-22T07:05:12.304+0000] {local_task_job_runner.py:243} INFO - Task exited with return code 0
[2026-04-22T07:05:12.357+0000] {taskinstance.py:3503} INFO - 1 downstream tasks scheduled from follow-on schedule check
[2026-04-22T07:05:12.363+0000] {local_task_job_runner.py:222} INFO - ::endgroup::
