[2026-04-15T05:36:22.043+0000] {local_task_job_runner.py:120} INFO - ::group::Pre task execution logs
[2026-04-15T05:36:22.127+0000] {taskinstance.py:2076} INFO - Dependencies all met for dep_context=non-requeueable deps ti=<TaskInstance: weather_etl_pipeline_v2.update_metadata_success manual__2026-04-15T05:36:08.938140+00:00 [queued]>
[2026-04-15T05:36:22.148+0000] {taskinstance.py:2076} INFO - Dependencies all met for dep_context=requeueable deps ti=<TaskInstance: weather_etl_pipeline_v2.update_metadata_success manual__2026-04-15T05:36:08.938140+00:00 [queued]>
[2026-04-15T05:36:22.149+0000] {taskinstance.py:2306} INFO - Starting attempt 1 of 4
[2026-04-15T05:36:22.172+0000] {taskinstance.py:2330} INFO - Executing <Task(PythonOperator): update_metadata_success> on 2026-04-15 05:36:08.938140+00:00
[2026-04-15T05:36:22.186+0000] {standard_task_runner.py:90} INFO - Running: ['airflow', 'tasks', 'run', 'weather_etl_pipeline_v2', 'update_metadata_success', 'manual__2026-04-15T05:36:08.938140+00:00', '--job-id', '229', '--raw', '--subdir', 'DAGS_FOLDER/weather_etl_dag_v2.py', '--cfg-path', '/tmp/tmpfc3rw2hw']
[2026-04-15T05:36:22.192+0000] {standard_task_runner.py:91} INFO - Job 229: Subtask update_metadata_success
[2026-04-15T05:36:22.192+0000] {logging_mixin.py:188} WARNING - /home/airflow/.local/lib/python3.12/site-packages/airflow/task/task_runner/standard_task_runner.py:62 DeprecationWarning: This process (pid=538) is multi-threaded, use of fork() may lead to deadlocks in the child.
[2026-04-15T05:36:22.194+0000] {standard_task_runner.py:64} INFO - Started process 539 to run task
[2026-04-15T05:36:22.276+0000] {task_command.py:426} INFO - Running <TaskInstance: weather_etl_pipeline_v2.update_metadata_success manual__2026-04-15T05:36:08.938140+00:00 [running]> on host 114aa37da129
[2026-04-15T05:36:22.467+0000] {taskinstance.py:2648} INFO - Exporting env vars: AIRFLOW_CTX_DAG_OWNER='weather_etl' AIRFLOW_CTX_DAG_ID='weather_etl_pipeline_v2' AIRFLOW_CTX_TASK_ID='update_metadata_success' AIRFLOW_CTX_EXECUTION_DATE='2026-04-15T05:36:08.938140+00:00' AIRFLOW_CTX_TRY_NUMBER='1' AIRFLOW_CTX_DAG_RUN_ID='manual__2026-04-15T05:36:08.938140+00:00'
[2026-04-15T05:36:22.469+0000] {taskinstance.py:430} INFO - ::endgroup::
[2026-04-15T05:36:22.497+0000] {weather_etl_dag_v2.py:254} INFO - ============================================================
[2026-04-15T05:36:22.501+0000] {weather_etl_dag_v2.py:255} INFO - TASK: UPDATE_METADATA_SUCCESS - Recording successful run
[2026-04-15T05:36:22.503+0000] {weather_etl_dag_v2.py:256} INFO - ============================================================
[2026-04-15T05:36:22.611+0000] {logging_mixin.py:188} WARNING - 2026-04-15 05:36:22 - scripts.metadata_manager - INFO - Successfully connected to PostgreSQL database
[2026-04-15T05:36:22.609+0000] {metadata_manager.py:38} INFO - Successfully connected to PostgreSQL database
[2026-04-15T05:36:22.661+0000] {logging_mixin.py:188} WARNING - 2026-04-15 05:36:22 - scripts.metadata_manager - INFO - Table 'pipeline_metadata' created or already exists
[2026-04-15T05:36:22.644+0000] {metadata_manager.py:92} INFO - Table 'pipeline_metadata' created or already exists
[2026-04-15T05:36:22.702+0000] {logging_mixin.py:188} WARNING - 2026-04-15 05:36:22 - scripts.metadata_manager - INFO - Pipeline weather_etl_pipeline_v2 marked as SUCCESS: 8 processed, 9 inserted, 0 failed
[2026-04-15T05:36:22.689+0000] {metadata_manager.py:241} INFO - Pipeline weather_etl_pipeline_v2 marked as SUCCESS: 8 processed, 9 inserted, 0 failed
[2026-04-15T05:36:22.747+0000] {logging_mixin.py:188} WARNING - 2026-04-15 05:36:22 - scripts.metadata_manager - INFO - Database connection closed
[2026-04-15T05:36:22.733+0000] {metadata_manager.py:53} INFO - Database connection closed
[2026-04-15T05:36:22.781+0000] {weather_etl_dag_v2.py:278} INFO - ✓ Metadata updated: Pipeline marked as SUCCESS
[2026-04-15T05:36:22.803+0000] {weather_etl_dag_v2.py:279} INFO -   - Records processed: 8
[2026-04-15T05:36:22.826+0000] {weather_etl_dag_v2.py:280} INFO -   - Records inserted: 9
[2026-04-15T05:36:22.839+0000] {weather_etl_dag_v2.py:281} INFO -   - Validation rate: 100.0%
[2026-04-15T05:36:22.848+0000] {python.py:237} INFO - Done. Returned value was: True
[2026-04-15T05:36:22.852+0000] {taskinstance.py:441} INFO - ::group::Post task execution logs
[2026-04-15T05:36:22.885+0000] {taskinstance.py:1206} INFO - Marking task as SUCCESS. dag_id=weather_etl_pipeline_v2, task_id=update_metadata_success, run_id=manual__2026-04-15T05:36:08.938140+00:00, execution_date=20260415T053608, start_date=20260415T053622, end_date=20260415T053622
[2026-04-15T05:36:22.934+0000] {local_task_job_runner.py:243} INFO - Task exited with return code 0
[2026-04-15T05:36:22.962+0000] {taskinstance.py:3503} INFO - 0 downstream tasks scheduled from follow-on schedule check
[2026-04-15T05:36:22.967+0000] {local_task_job_runner.py:222} INFO - ::endgroup::
