[2026-04-17T05:24:29.408+0000] {local_task_job_runner.py:120} INFO - ::group::Pre task execution logs
[2026-04-17T05:24:29.469+0000] {taskinstance.py:2076} INFO - Dependencies all met for dep_context=non-requeueable deps ti=<TaskInstance: weather_etl_pipeline_v2.generate_run_id manual__2026-04-17T05:24:28.533899+00:00 [queued]>
[2026-04-17T05:24:29.483+0000] {taskinstance.py:2076} INFO - Dependencies all met for dep_context=requeueable deps ti=<TaskInstance: weather_etl_pipeline_v2.generate_run_id manual__2026-04-17T05:24:28.533899+00:00 [queued]>
[2026-04-17T05:24:29.484+0000] {taskinstance.py:2306} INFO - Starting attempt 1 of 4
[2026-04-17T05:24:29.505+0000] {taskinstance.py:2330} INFO - Executing <Task(PythonOperator): generate_run_id> on 2026-04-17 05:24:28.533899+00:00
[2026-04-17T05:24:29.517+0000] {logging_mixin.py:188} WARNING - /home/airflow/.local/lib/python3.12/site-packages/airflow/task/task_runner/standard_task_runner.py:62 DeprecationWarning: This process (pid=925) is multi-threaded, use of fork() may lead to deadlocks in the child.
[2026-04-17T05:24:29.521+0000] {standard_task_runner.py:64} INFO - Started process 926 to run task
[2026-04-17T05:24:29.518+0000] {standard_task_runner.py:90} INFO - Running: ['airflow', 'tasks', 'run', 'weather_etl_pipeline_v2', 'generate_run_id', 'manual__2026-04-17T05:24:28.533899+00:00', '--job-id', '122', '--raw', '--subdir', 'DAGS_FOLDER/weather_etl_dag_v2.py', '--cfg-path', '/tmp/tmprf1fa_jg']
[2026-04-17T05:24:29.524+0000] {standard_task_runner.py:91} INFO - Job 122: Subtask generate_run_id
[2026-04-17T05:24:29.608+0000] {task_command.py:426} INFO - Running <TaskInstance: weather_etl_pipeline_v2.generate_run_id manual__2026-04-17T05:24:28.533899+00:00 [running]> on host 89e29680acec
[2026-04-17T05:24:29.745+0000] {taskinstance.py:2648} INFO - Exporting env vars: AIRFLOW_CTX_DAG_OWNER='weather_etl' AIRFLOW_CTX_DAG_ID='weather_etl_pipeline_v2' AIRFLOW_CTX_TASK_ID='generate_run_id' AIRFLOW_CTX_EXECUTION_DATE='2026-04-17T05:24:28.533899+00:00' AIRFLOW_CTX_TRY_NUMBER='1' AIRFLOW_CTX_DAG_RUN_ID='manual__2026-04-17T05:24:28.533899+00:00'
[2026-04-17T05:24:29.747+0000] {taskinstance.py:430} INFO - ::endgroup::
[2026-04-17T05:24:29.767+0000] {weather_etl_dag_v2.py:70} INFO - Generated run_id: scheduled_2026-04-17_052429
[2026-04-17T05:24:29.804+0000] {logging_mixin.py:188} WARNING - 2026-04-17 05:24:29 - scripts.metadata_manager - INFO - Successfully connected to PostgreSQL database
[2026-04-17T05:24:29.803+0000] {metadata_manager.py:38} INFO - Successfully connected to PostgreSQL database
[2026-04-17T05:24:29.812+0000] {logging_mixin.py:188} WARNING - 2026-04-17 05:24:29 - scripts.metadata_manager - INFO - Table 'pipeline_metadata' created or already exists
[2026-04-17T05:24:29.811+0000] {metadata_manager.py:92} INFO - Table 'pipeline_metadata' created or already exists
[2026-04-17T05:24:29.818+0000] {logging_mixin.py:188} WARNING - 2026-04-17 05:24:29 - scripts.metadata_manager - INFO - Pipeline weather_etl_pipeline_v2 marked as RUNNING with run_id: scheduled_2026-04-17_052429
[2026-04-17T05:24:29.817+0000] {metadata_manager.py:170} INFO - Pipeline weather_etl_pipeline_v2 marked as RUNNING with run_id: scheduled_2026-04-17_052429
[2026-04-17T05:24:29.821+0000] {logging_mixin.py:188} WARNING - 2026-04-17 05:24:29 - scripts.metadata_manager - INFO - Database connection closed
[2026-04-17T05:24:29.820+0000] {metadata_manager.py:53} INFO - Database connection closed
[2026-04-17T05:24:29.822+0000] {python.py:237} INFO - Done. Returned value was: scheduled_2026-04-17_052429
[2026-04-17T05:24:29.823+0000] {taskinstance.py:441} INFO - ::group::Post task execution logs
[2026-04-17T05:24:29.852+0000] {taskinstance.py:1206} INFO - Marking task as SUCCESS. dag_id=weather_etl_pipeline_v2, task_id=generate_run_id, run_id=manual__2026-04-17T05:24:28.533899+00:00, execution_date=20260417T052428, start_date=20260417T052429, end_date=20260417T052429
[2026-04-17T05:24:29.900+0000] {local_task_job_runner.py:243} INFO - Task exited with return code 0
[2026-04-17T05:24:29.942+0000] {taskinstance.py:3503} INFO - 1 downstream tasks scheduled from follow-on schedule check
[2026-04-17T05:24:29.946+0000] {local_task_job_runner.py:222} INFO - ::endgroup::
