[2026-04-09T11:11:08.038+0000] {local_task_job_runner.py:120} INFO - ::group::Pre task execution logs
[2026-04-09T11:11:08.091+0000] {taskinstance.py:2076} INFO - Dependencies all met for dep_context=non-requeueable deps ti=<TaskInstance: weather_etl_pipeline_mock.load manual__2026-04-09T11:10:58.868818+00:00 [queued]>
[2026-04-09T11:11:08.107+0000] {taskinstance.py:2076} INFO - Dependencies all met for dep_context=requeueable deps ti=<TaskInstance: weather_etl_pipeline_mock.load manual__2026-04-09T11:10:58.868818+00:00 [queued]>
[2026-04-09T11:11:08.109+0000] {taskinstance.py:2306} INFO - Starting attempt 1 of 3
[2026-04-09T11:11:08.128+0000] {taskinstance.py:2330} INFO - Executing <Task(PythonOperator): load> on 2026-04-09 11:10:58.868818+00:00
[2026-04-09T11:11:08.140+0000] {standard_task_runner.py:90} INFO - Running: ['airflow', 'tasks', 'run', 'weather_etl_pipeline_mock', 'load', 'manual__2026-04-09T11:10:58.868818+00:00', '--job-id', '22', '--raw', '--subdir', 'DAGS_FOLDER/weather_etl_dag_mock.py', '--cfg-path', '/tmp/tmp75y8b50_']
[2026-04-09T11:11:08.147+0000] {standard_task_runner.py:91} INFO - Job 22: Subtask load
[2026-04-09T11:11:08.147+0000] {logging_mixin.py:188} WARNING - /home/airflow/.local/lib/python3.12/site-packages/airflow/task/task_runner/standard_task_runner.py:62 DeprecationWarning: This process (pid=339) is multi-threaded, use of fork() may lead to deadlocks in the child.
[2026-04-09T11:11:08.149+0000] {standard_task_runner.py:64} INFO - Started process 341 to run task
[2026-04-09T11:11:08.289+0000] {task_command.py:426} INFO - Running <TaskInstance: weather_etl_pipeline_mock.load manual__2026-04-09T11:10:58.868818+00:00 [running]> on host bbdcd07d63cf
[2026-04-09T11:11:08.430+0000] {taskinstance.py:2648} INFO - Exporting env vars: AIRFLOW_CTX_DAG_OWNER='weather_etl' AIRFLOW_CTX_DAG_ID='weather_etl_pipeline_mock' AIRFLOW_CTX_TASK_ID='load' AIRFLOW_CTX_EXECUTION_DATE='2026-04-09T11:10:58.868818+00:00' AIRFLOW_CTX_TRY_NUMBER='1' AIRFLOW_CTX_DAG_RUN_ID='manual__2026-04-09T11:10:58.868818+00:00'
[2026-04-09T11:11:08.432+0000] {taskinstance.py:430} INFO - ::endgroup::
[2026-04-09T11:11:08.456+0000] {logger.py:59} INFO - ============================================================
[2026-04-09T11:11:08.459+0000] {logger.py:60} INFO - Starting Data Loading
[2026-04-09T11:11:08.461+0000] {logger.py:61} INFO - Execution time: 2026-04-09 11:11:08
[2026-04-09T11:11:08.463+0000] {logger.py:62} INFO - ============================================================
[2026-04-09T11:11:08.504+0000] {logging_mixin.py:188} WARNING - 2026-04-09 11:11:08 - scripts.load - INFO - Starting load for 5 records
[2026-04-09T11:11:08.501+0000] {load.py:190} INFO - Starting load for 5 records
[2026-04-09T11:11:08.517+0000] {logging_mixin.py:188} WARNING - 2026-04-09 11:11:08 - scripts.load - INFO - Successfully connected to PostgreSQL database
[2026-04-09T11:11:08.516+0000] {load.py:43} INFO - Successfully connected to PostgreSQL database
[2026-04-09T11:11:08.522+0000] {logging_mixin.py:188} WARNING - 2026-04-09 11:11:08 - scripts.load - INFO - Table 'weather_data' created or already exists
[2026-04-09T11:11:08.521+0000] {load.py:118} INFO - Table 'weather_data' created or already exists
[2026-04-09T11:11:08.528+0000] {logging_mixin.py:188} WARNING - 2026-04-09 11:11:08 - scripts.load - INFO - Load complete: 5 inserted, 0 skipped (duplicates/errors)
[2026-04-09T11:11:08.527+0000] {load.py:218} INFO - Load complete: 5 inserted, 0 skipped (duplicates/errors)
[2026-04-09T11:11:08.531+0000] {logging_mixin.py:188} WARNING - 2026-04-09 11:11:08 - scripts.load - INFO - Database connection closed
[2026-04-09T11:11:08.530+0000] {load.py:59} INFO - Database connection closed
[2026-04-09T11:11:08.534+0000] {weather_etl_dag_mock.py:154} INFO - Load statistics: {'total': 5, 'inserted': 5, 'skipped': 0}
[2026-04-09T11:11:08.536+0000] {logger.py:67} INFO - ============================================================
[2026-04-09T11:11:08.538+0000] {logger.py:68} INFO - Finished Data Loading
[2026-04-09T11:11:08.541+0000] {logger.py:69} INFO - Status: SUCCESS
[2026-04-09T11:11:08.542+0000] {logger.py:70} INFO - Execution time: 2026-04-09 11:11:08
[2026-04-09T11:11:08.543+0000] {logger.py:71} INFO - ============================================================
[2026-04-09T11:11:08.545+0000] {python.py:237} INFO - Done. Returned value was: 5
[2026-04-09T11:11:08.546+0000] {taskinstance.py:441} INFO - ::group::Post task execution logs
[2026-04-09T11:11:08.601+0000] {taskinstance.py:1206} INFO - Marking task as SUCCESS. dag_id=weather_etl_pipeline_mock, task_id=load, run_id=manual__2026-04-09T11:10:58.868818+00:00, execution_date=20260409T111058, start_date=20260409T111108, end_date=20260409T111108
[2026-04-09T11:11:08.648+0000] {local_task_job_runner.py:243} INFO - Task exited with return code 0
[2026-04-09T11:11:08.688+0000] {taskinstance.py:3503} INFO - 1 downstream tasks scheduled from follow-on schedule check
[2026-04-09T11:11:08.691+0000] {local_task_job_runner.py:222} INFO - ::endgroup::
