[2026-04-13T06:46:22.912+0000] {local_task_job_runner.py:120} INFO - ::group::Pre task execution logs
[2026-04-13T06:46:22.961+0000] {taskinstance.py:2076} INFO - Dependencies all met for dep_context=non-requeueable deps ti=<TaskInstance: weather_etl_pipeline_v2.load_raw manual__2026-04-13T06:46:17+00:00 [queued]>
[2026-04-13T06:46:22.974+0000] {taskinstance.py:2076} INFO - Dependencies all met for dep_context=requeueable deps ti=<TaskInstance: weather_etl_pipeline_v2.load_raw manual__2026-04-13T06:46:17+00:00 [queued]>
[2026-04-13T06:46:22.976+0000] {taskinstance.py:2306} INFO - Starting attempt 1 of 4
[2026-04-13T06:46:22.993+0000] {taskinstance.py:2330} INFO - Executing <Task(PythonOperator): load_raw> on 2026-04-13 06:46:17+00:00
[2026-04-13T06:46:23.003+0000] {standard_task_runner.py:90} INFO - Running: ['airflow', 'tasks', 'run', 'weather_etl_pipeline_v2', 'load_raw', 'manual__2026-04-13T06:46:17+00:00', '--job-id', '171', '--raw', '--subdir', 'DAGS_FOLDER/weather_etl_dag_v2.py', '--cfg-path', '/tmp/tmphjids0ix']
[2026-04-13T06:46:23.007+0000] {logging_mixin.py:188} WARNING - /home/airflow/.local/lib/python3.12/site-packages/airflow/task/task_runner/standard_task_runner.py:62 DeprecationWarning: This process (pid=222) is multi-threaded, use of fork() may lead to deadlocks in the child.
[2026-04-13T06:46:23.007+0000] {standard_task_runner.py:91} INFO - Job 171: Subtask load_raw
[2026-04-13T06:46:23.008+0000] {standard_task_runner.py:64} INFO - Started process 223 to run task
[2026-04-13T06:46:23.128+0000] {task_command.py:426} INFO - Running <TaskInstance: weather_etl_pipeline_v2.load_raw manual__2026-04-13T06:46:17+00:00 [running]> on host 5aae7c9eda2a
[2026-04-13T06:46:23.262+0000] {taskinstance.py:2648} INFO - Exporting env vars: AIRFLOW_CTX_DAG_OWNER='weather_etl' AIRFLOW_CTX_DAG_ID='weather_etl_pipeline_v2' AIRFLOW_CTX_TASK_ID='load_raw' AIRFLOW_CTX_EXECUTION_DATE='2026-04-13T06:46:17+00:00' AIRFLOW_CTX_TRY_NUMBER='1' AIRFLOW_CTX_DAG_RUN_ID='manual__2026-04-13T06:46:17+00:00'
[2026-04-13T06:46:23.263+0000] {taskinstance.py:430} INFO - ::endgroup::
[2026-04-13T06:46:23.282+0000] {weather_etl_dag_v2.py:119} INFO - ============================================================
[2026-04-13T06:46:23.284+0000] {weather_etl_dag_v2.py:120} INFO - TASK: LOAD_RAW - Storing raw API responses
[2026-04-13T06:46:23.286+0000] {weather_etl_dag_v2.py:121} INFO - ============================================================
[2026-04-13T06:46:23.310+0000] {logging_mixin.py:188} WARNING - 2026-04-13 06:46:23 - scripts.load_raw - INFO - Starting raw data load for 5 records
[2026-04-13T06:46:23.309+0000] {load_raw.py:134} INFO - Starting raw data load for 5 records
[2026-04-13T06:46:23.320+0000] {logging_mixin.py:188} WARNING - 2026-04-13 06:46:23 - scripts.load_raw - INFO - Successfully connected to PostgreSQL database
[2026-04-13T06:46:23.319+0000] {load_raw.py:38} INFO - Successfully connected to PostgreSQL database
[2026-04-13T06:46:23.325+0000] {logging_mixin.py:188} WARNING - 2026-04-13 06:46:23 - scripts.load_raw - INFO - Table 'weather_raw' created or already exists
[2026-04-13T06:46:23.324+0000] {load_raw.py:78} INFO - Table 'weather_raw' created or already exists
[2026-04-13T06:46:23.336+0000] {logging_mixin.py:188} WARNING - 2026-04-13 06:46:23 - scripts.load_raw - INFO - Raw data load complete: 5 inserted, 0 skipped (duplicates)
[2026-04-13T06:46:23.335+0000] {load_raw.py:162} INFO - Raw data load complete: 5 inserted, 0 skipped (duplicates)
[2026-04-13T06:46:23.339+0000] {logging_mixin.py:188} WARNING - 2026-04-13 06:46:23 - scripts.load_raw - INFO - Database connection closed
[2026-04-13T06:46:23.339+0000] {load_raw.py:53} INFO - Database connection closed
[2026-04-13T06:46:23.342+0000] {weather_etl_dag_v2.py:134} INFO - ✓ Raw data load complete: 5 inserted, 0 skipped
[2026-04-13T06:46:23.344+0000] {python.py:237} INFO - Done. Returned value was: 5
[2026-04-13T06:46:23.345+0000] {taskinstance.py:441} INFO - ::group::Post task execution logs
[2026-04-13T06:46:23.378+0000] {taskinstance.py:1206} INFO - Marking task as SUCCESS. dag_id=weather_etl_pipeline_v2, task_id=load_raw, run_id=manual__2026-04-13T06:46:17+00:00, execution_date=20260413T064617, start_date=20260413T064622, end_date=20260413T064623
[2026-04-13T06:46:23.435+0000] {local_task_job_runner.py:243} INFO - Task exited with return code 0
[2026-04-13T06:46:23.473+0000] {taskinstance.py:3503} INFO - 1 downstream tasks scheduled from follow-on schedule check
[2026-04-13T06:46:23.476+0000] {local_task_job_runner.py:222} INFO - ::endgroup::
