[2026-04-16T12:00:30.069+0000] {local_task_job_runner.py:120} INFO - ::group::Pre task execution logs
[2026-04-16T12:00:30.118+0000] {taskinstance.py:2076} INFO - Dependencies all met for dep_context=non-requeueable deps ti=<TaskInstance: weather_etl_pipeline_v2.quality_check manual__2026-04-16T12:00:22.316960+00:00 [queued]>
[2026-04-16T12:00:30.129+0000] {taskinstance.py:2076} INFO - Dependencies all met for dep_context=requeueable deps ti=<TaskInstance: weather_etl_pipeline_v2.quality_check manual__2026-04-16T12:00:22.316960+00:00 [queued]>
[2026-04-16T12:00:30.131+0000] {taskinstance.py:2306} INFO - Starting attempt 1 of 3
[2026-04-16T12:00:30.151+0000] {taskinstance.py:2330} INFO - Executing <Task(PythonOperator): quality_check> on 2026-04-16 12:00:22.316960+00:00
[2026-04-16T12:00:30.168+0000] {logging_mixin.py:188} WARNING - /home/airflow/.local/lib/python3.12/site-packages/airflow/task/task_runner/standard_task_runner.py:62 DeprecationWarning: This process (pid=251) is multi-threaded, use of fork() may lead to deadlocks in the child.
[2026-04-16T12:00:30.169+0000] {standard_task_runner.py:90} INFO - Running: ['airflow', 'tasks', 'run', 'weather_etl_pipeline_v2', 'quality_check', 'manual__2026-04-16T12:00:22.316960+00:00', '--job-id', '87', '--raw', '--subdir', 'DAGS_FOLDER/weather_etl_dag_v2.py', '--cfg-path', '/tmp/tmpzupjpqqm']
[2026-04-16T12:00:30.174+0000] {standard_task_runner.py:64} INFO - Started process 252 to run task
[2026-04-16T12:00:30.175+0000] {standard_task_runner.py:91} INFO - Job 87: Subtask quality_check
[2026-04-16T12:00:30.268+0000] {task_command.py:426} INFO - Running <TaskInstance: weather_etl_pipeline_v2.quality_check manual__2026-04-16T12:00:22.316960+00:00 [running]> on host 88d0b309bcf7
[2026-04-16T12:00:30.394+0000] {taskinstance.py:2648} INFO - Exporting env vars: AIRFLOW_CTX_DAG_OWNER='weather_etl' AIRFLOW_CTX_DAG_ID='weather_etl_pipeline_v2' AIRFLOW_CTX_TASK_ID='quality_check' AIRFLOW_CTX_EXECUTION_DATE='2026-04-16T12:00:22.316960+00:00' AIRFLOW_CTX_TRY_NUMBER='1' AIRFLOW_CTX_DAG_RUN_ID='manual__2026-04-16T12:00:22.316960+00:00'
[2026-04-16T12:00:30.396+0000] {taskinstance.py:430} INFO - ::endgroup::
[2026-04-16T12:00:30.414+0000] {weather_etl_dag_v2.py:214} INFO - ============================================================
[2026-04-16T12:00:30.416+0000] {weather_etl_dag_v2.py:215} INFO - TASK: QUALITY_CHECK — Validating clean data quality
[2026-04-16T12:00:30.418+0000] {weather_etl_dag_v2.py:216} INFO - ============================================================
[2026-04-16T12:00:30.432+0000] {logging_mixin.py:188} WARNING - 2026-04-16 12:00:30 - scripts.validate - INFO - Starting data quality validation for 45 records
[2026-04-16T12:00:30.432+0000] {validate.py:201} INFO - Starting data quality validation for 45 records
[2026-04-16T12:00:30.434+0000] {logging_mixin.py:188} WARNING - 2026-04-16 12:00:30 - scripts.validate - INFO - Validation complete: 45 valid, 0 invalid (100.0% pass rate)
[2026-04-16T12:00:30.434+0000] {validate.py:228} INFO - Validation complete: 45 valid, 0 invalid (100.0% pass rate)
[2026-04-16T12:00:30.435+0000] {weather_etl_dag_v2.py:261} INFO - ✓ Quality check: 100.0% pass rate (45/45)
[2026-04-16T12:00:30.452+0000] {python.py:237} INFO - Done. Returned value was: 100.0
[2026-04-16T12:00:30.454+0000] {taskinstance.py:441} INFO - ::group::Post task execution logs
[2026-04-16T12:00:30.480+0000] {taskinstance.py:1206} INFO - Marking task as SUCCESS. dag_id=weather_etl_pipeline_v2, task_id=quality_check, run_id=manual__2026-04-16T12:00:22.316960+00:00, execution_date=20260416T120022, start_date=20260416T120030, end_date=20260416T120030
[2026-04-16T12:00:30.513+0000] {local_task_job_runner.py:243} INFO - Task exited with return code 0
[2026-04-16T12:00:30.561+0000] {taskinstance.py:3503} INFO - 1 downstream tasks scheduled from follow-on schedule check
[2026-04-16T12:00:30.566+0000] {local_task_job_runner.py:222} INFO - ::endgroup::
