[2026-04-15T06:05:41.368+0000] {local_task_job_runner.py:120} INFO - ::group::Pre task execution logs
[2026-04-15T06:05:41.421+0000] {taskinstance.py:2076} INFO - Dependencies all met for dep_context=non-requeueable deps ti=<TaskInstance: weather_etl_pipeline_v2.load_raw manual__2026-04-15T06:05:36.429600+00:00 [queued]>
[2026-04-15T06:05:41.436+0000] {taskinstance.py:2076} INFO - Dependencies all met for dep_context=requeueable deps ti=<TaskInstance: weather_etl_pipeline_v2.load_raw manual__2026-04-15T06:05:36.429600+00:00 [queued]>
[2026-04-15T06:05:41.439+0000] {taskinstance.py:2306} INFO - Starting attempt 1 of 4
[2026-04-15T06:05:41.460+0000] {taskinstance.py:2330} INFO - Executing <Task(PythonOperator): load_raw> on 2026-04-15 06:05:36.429600+00:00
[2026-04-15T06:05:41.473+0000] {standard_task_runner.py:90} INFO - Running: ['airflow', 'tasks', 'run', 'weather_etl_pipeline_v2', 'load_raw', 'manual__2026-04-15T06:05:36.429600+00:00', '--job-id', '240', '--raw', '--subdir', 'DAGS_FOLDER/weather_etl_dag_v2.py', '--cfg-path', '/tmp/tmps_r1osnj']
[2026-04-15T06:05:41.479+0000] {standard_task_runner.py:91} INFO - Job 240: Subtask load_raw
[2026-04-15T06:05:41.486+0000] {logging_mixin.py:188} WARNING - /home/airflow/.local/lib/python3.12/site-packages/airflow/task/task_runner/standard_task_runner.py:62 DeprecationWarning: This process (pid=549) is multi-threaded, use of fork() may lead to deadlocks in the child.
[2026-04-15T06:05:41.488+0000] {standard_task_runner.py:64} INFO - Started process 550 to run task
[2026-04-15T06:05:41.554+0000] {task_command.py:426} INFO - Running <TaskInstance: weather_etl_pipeline_v2.load_raw manual__2026-04-15T06:05:36.429600+00:00 [running]> on host 157a7326b030
[2026-04-15T06:05:41.665+0000] {taskinstance.py:2648} INFO - Exporting env vars: AIRFLOW_CTX_DAG_OWNER='weather_etl' AIRFLOW_CTX_DAG_ID='weather_etl_pipeline_v2' AIRFLOW_CTX_TASK_ID='load_raw' AIRFLOW_CTX_EXECUTION_DATE='2026-04-15T06:05:36.429600+00:00' AIRFLOW_CTX_TRY_NUMBER='1' AIRFLOW_CTX_DAG_RUN_ID='manual__2026-04-15T06:05:36.429600+00:00'
[2026-04-15T06:05:41.666+0000] {taskinstance.py:430} INFO - ::endgroup::
[2026-04-15T06:05:41.683+0000] {weather_etl_dag_v2.py:119} INFO - ============================================================
[2026-04-15T06:05:41.684+0000] {weather_etl_dag_v2.py:120} INFO - TASK: LOAD_RAW - Storing raw API responses
[2026-04-15T06:05:41.685+0000] {weather_etl_dag_v2.py:121} INFO - ============================================================
[2026-04-15T06:05:41.709+0000] {logging_mixin.py:188} WARNING - 2026-04-15 06:05:41 - scripts.load_raw - INFO - Starting raw data load for 4 records
[2026-04-15T06:05:41.707+0000] {load_raw.py:139} INFO - Starting raw data load for 4 records
[2026-04-15T06:05:41.716+0000] {logging_mixin.py:188} WARNING - 2026-04-15 06:05:41 - scripts.load_raw - INFO - Successfully connected to PostgreSQL database
[2026-04-15T06:05:41.715+0000] {load_raw.py:38} INFO - Successfully connected to PostgreSQL database
[2026-04-15T06:05:41.721+0000] {logging_mixin.py:188} WARNING - 2026-04-15 06:05:41 - scripts.load_raw - INFO - Table 'weather_raw' created or already exists
[2026-04-15T06:05:41.721+0000] {load_raw.py:78} INFO - Table 'weather_raw' created or already exists
[2026-04-15T06:05:41.729+0000] {logging_mixin.py:188} WARNING - 2026-04-15 06:05:41 - scripts.load_raw - INFO - Raw data load complete: 4 inserted, 0 skipped (duplicates)
[2026-04-15T06:05:41.728+0000] {load_raw.py:167} INFO - Raw data load complete: 4 inserted, 0 skipped (duplicates)
[2026-04-15T06:05:41.732+0000] {logging_mixin.py:188} WARNING - 2026-04-15 06:05:41 - scripts.load_raw - INFO - Database connection closed
[2026-04-15T06:05:41.731+0000] {load_raw.py:53} INFO - Database connection closed
[2026-04-15T06:05:41.733+0000] {weather_etl_dag_v2.py:134} INFO - ✓ Raw data load complete: 4 inserted, 0 skipped
[2026-04-15T06:05:41.734+0000] {python.py:237} INFO - Done. Returned value was: 4
[2026-04-15T06:05:41.735+0000] {taskinstance.py:441} INFO - ::group::Post task execution logs
[2026-04-15T06:05:41.763+0000] {taskinstance.py:1206} INFO - Marking task as SUCCESS. dag_id=weather_etl_pipeline_v2, task_id=load_raw, run_id=manual__2026-04-15T06:05:36.429600+00:00, execution_date=20260415T060536, start_date=20260415T060541, end_date=20260415T060541
[2026-04-15T06:05:41.824+0000] {local_task_job_runner.py:243} INFO - Task exited with return code 0
[2026-04-15T06:05:41.855+0000] {taskinstance.py:3503} INFO - 1 downstream tasks scheduled from follow-on schedule check
[2026-04-15T06:05:41.858+0000] {local_task_job_runner.py:222} INFO - ::endgroup::
