[2026-04-16T06:41:24.676+0000] {local_task_job_runner.py:120} INFO - ::group::Pre task execution logs
[2026-04-16T06:41:24.731+0000] {taskinstance.py:2076} INFO - Dependencies all met for dep_context=non-requeueable deps ti=<TaskInstance: weather_etl_pipeline_v2.extract manual__2026-04-16T06:41:22.965731+00:00 [queued]>
[2026-04-16T06:41:24.743+0000] {taskinstance.py:2076} INFO - Dependencies all met for dep_context=requeueable deps ti=<TaskInstance: weather_etl_pipeline_v2.extract manual__2026-04-16T06:41:22.965731+00:00 [queued]>
[2026-04-16T06:41:24.744+0000] {taskinstance.py:2306} INFO - Starting attempt 1 of 4
[2026-04-16T06:41:24.762+0000] {taskinstance.py:2330} INFO - Executing <Task(PythonOperator): extract> on 2026-04-16 06:41:22.965731+00:00
[2026-04-16T06:41:24.773+0000] {standard_task_runner.py:90} INFO - Running: ['airflow', 'tasks', 'run', 'weather_etl_pipeline_v2', 'extract', 'manual__2026-04-16T06:41:22.965731+00:00', '--job-id', '54', '--raw', '--subdir', 'DAGS_FOLDER/weather_etl_dag_v2.py', '--cfg-path', '/tmp/tmpekx8hsdo']
[2026-04-16T06:41:24.774+0000] {logging_mixin.py:188} WARNING - /home/airflow/.local/lib/python3.12/site-packages/airflow/task/task_runner/standard_task_runner.py:62 DeprecationWarning: This process (pid=1974) is multi-threaded, use of fork() may lead to deadlocks in the child.
[2026-04-16T06:41:24.776+0000] {standard_task_runner.py:91} INFO - Job 54: Subtask extract
[2026-04-16T06:41:24.776+0000] {standard_task_runner.py:64} INFO - Started process 1975 to run task
[2026-04-16T06:41:24.842+0000] {task_command.py:426} INFO - Running <TaskInstance: weather_etl_pipeline_v2.extract manual__2026-04-16T06:41:22.965731+00:00 [running]> on host cf9362e38fb8
[2026-04-16T06:41:24.994+0000] {taskinstance.py:2648} INFO - Exporting env vars: AIRFLOW_CTX_DAG_OWNER='weather_etl' AIRFLOW_CTX_DAG_ID='weather_etl_pipeline_v2' AIRFLOW_CTX_TASK_ID='extract' AIRFLOW_CTX_EXECUTION_DATE='2026-04-16T06:41:22.965731+00:00' AIRFLOW_CTX_TRY_NUMBER='1' AIRFLOW_CTX_DAG_RUN_ID='manual__2026-04-16T06:41:22.965731+00:00'
[2026-04-16T06:41:24.996+0000] {taskinstance.py:430} INFO - ::endgroup::
[2026-04-16T06:41:25.015+0000] {weather_etl_dag_v2.py:98} INFO - ============================================================
[2026-04-16T06:41:25.017+0000] {weather_etl_dag_v2.py:99} INFO - TASK: EXTRACT — Fetching weather data from OpenWeatherMap API
[2026-04-16T06:41:25.020+0000] {weather_etl_dag_v2.py:100} INFO - ============================================================
[2026-04-16T06:41:25.031+0000] {weather_etl_dag_v2.py:119} INFO - Active cities fetched from DB: ['Ahmedabad', 'Bengaluru', 'Chennai', 'Delhi', 'Indore', 'Mumbai', 'New York']
[2026-04-16T06:41:25.039+0000] {logging_mixin.py:188} WARNING - 2026-04-16 06:41:25 - scripts.extract - INFO - Starting extraction for cities: Ahmedabad, Bengaluru, Chennai, Delhi, Indore, Mumbai, New York
[2026-04-16T06:41:25.038+0000] {extract.py:126} INFO - Starting extraction for cities: Ahmedabad, Bengaluru, Chennai, Delhi, Indore, Mumbai, New York
[2026-04-16T06:41:25.041+0000] {logging_mixin.py:188} WARNING - 2026-04-16 06:41:25 - scripts.extract - INFO - Starting extraction for 7 cities
[2026-04-16T06:41:25.040+0000] {extract.py:96} INFO - Starting extraction for 7 cities
[2026-04-16T06:41:25.043+0000] {logging_mixin.py:188} WARNING - 2026-04-16 06:41:25 - scripts.extract - INFO - Fetching weather data for Ahmedabad (attempt 1/3)
[2026-04-16T06:41:25.042+0000] {extract.py:47} INFO - Fetching weather data for Ahmedabad (attempt 1/3)
[2026-04-16T06:41:25.362+0000] {logging_mixin.py:188} WARNING - 2026-04-16 06:41:25 - scripts.extract - INFO - Successfully fetched data for Ahmedabad
[2026-04-16T06:41:25.361+0000] {extract.py:53} INFO - Successfully fetched data for Ahmedabad
[2026-04-16T06:41:25.365+0000] {logging_mixin.py:188} WARNING - 2026-04-16 06:41:25 - scripts.extract - INFO - Fetching weather data for Bengaluru (attempt 1/3)
[2026-04-16T06:41:25.364+0000] {extract.py:47} INFO - Fetching weather data for Bengaluru (attempt 1/3)
[2026-04-16T06:41:25.567+0000] {logging_mixin.py:188} WARNING - 2026-04-16 06:41:25 - scripts.extract - INFO - Successfully fetched data for Bengaluru
[2026-04-16T06:41:25.566+0000] {extract.py:53} INFO - Successfully fetched data for Bengaluru
[2026-04-16T06:41:25.572+0000] {logging_mixin.py:188} WARNING - 2026-04-16 06:41:25 - scripts.extract - INFO - Fetching weather data for Chennai (attempt 1/3)
[2026-04-16T06:41:25.571+0000] {extract.py:47} INFO - Fetching weather data for Chennai (attempt 1/3)
[2026-04-16T06:41:25.758+0000] {logging_mixin.py:188} WARNING - 2026-04-16 06:41:25 - scripts.extract - INFO - Successfully fetched data for Chennai
[2026-04-16T06:41:25.757+0000] {extract.py:53} INFO - Successfully fetched data for Chennai
[2026-04-16T06:41:25.760+0000] {logging_mixin.py:188} WARNING - 2026-04-16 06:41:25 - scripts.extract - INFO - Fetching weather data for Delhi (attempt 1/3)
[2026-04-16T06:41:25.759+0000] {extract.py:47} INFO - Fetching weather data for Delhi (attempt 1/3)
[2026-04-16T06:41:25.950+0000] {logging_mixin.py:188} WARNING - 2026-04-16 06:41:25 - scripts.extract - INFO - Successfully fetched data for Delhi
[2026-04-16T06:41:25.949+0000] {extract.py:53} INFO - Successfully fetched data for Delhi
[2026-04-16T06:41:25.954+0000] {logging_mixin.py:188} WARNING - 2026-04-16 06:41:25 - scripts.extract - INFO - Fetching weather data for Indore (attempt 1/3)
[2026-04-16T06:41:25.953+0000] {extract.py:47} INFO - Fetching weather data for Indore (attempt 1/3)
[2026-04-16T06:41:26.151+0000] {logging_mixin.py:188} WARNING - 2026-04-16 06:41:26 - scripts.extract - INFO - Successfully fetched data for Indore
[2026-04-16T06:41:26.151+0000] {extract.py:53} INFO - Successfully fetched data for Indore
[2026-04-16T06:41:26.154+0000] {logging_mixin.py:188} WARNING - 2026-04-16 06:41:26 - scripts.extract - INFO - Fetching weather data for Mumbai (attempt 1/3)
[2026-04-16T06:41:26.153+0000] {extract.py:47} INFO - Fetching weather data for Mumbai (attempt 1/3)
[2026-04-16T06:41:26.343+0000] {logging_mixin.py:188} WARNING - 2026-04-16 06:41:26 - scripts.extract - INFO - Successfully fetched data for Mumbai
[2026-04-16T06:41:26.342+0000] {extract.py:53} INFO - Successfully fetched data for Mumbai
[2026-04-16T06:41:26.345+0000] {logging_mixin.py:188} WARNING - 2026-04-16 06:41:26 - scripts.extract - INFO - Fetching weather data for New York (attempt 1/3)
[2026-04-16T06:41:26.344+0000] {extract.py:47} INFO - Fetching weather data for New York (attempt 1/3)
[2026-04-16T06:41:26.555+0000] {logging_mixin.py:188} WARNING - 2026-04-16 06:41:26 - scripts.extract - INFO - Successfully fetched data for New York
[2026-04-16T06:41:26.554+0000] {extract.py:53} INFO - Successfully fetched data for New York
[2026-04-16T06:41:26.558+0000] {logging_mixin.py:188} WARNING - 2026-04-16 06:41:26 - scripts.extract - INFO - Extraction complete: 7 successful, 0 failed
[2026-04-16T06:41:26.557+0000] {extract.py:113} INFO - Extraction complete: 7 successful, 0 failed
[2026-04-16T06:41:26.560+0000] {logging_mixin.py:188} WARNING - 2026-04-16 06:41:26 - scripts.extract - INFO - Extracted 7 weather records
[2026-04-16T06:41:26.560+0000] {extract.py:130} INFO - Extracted 7 weather records
[2026-04-16T06:41:26.588+0000] {weather_etl_dag_v2.py:127} INFO - ✓ Extraction complete: 7 records for 7 cities in 1.57s
[2026-04-16T06:41:26.590+0000] {python.py:237} INFO - Done. Returned value was: 7
[2026-04-16T06:41:26.592+0000] {taskinstance.py:441} INFO - ::group::Post task execution logs
[2026-04-16T06:41:26.624+0000] {taskinstance.py:1206} INFO - Marking task as SUCCESS. dag_id=weather_etl_pipeline_v2, task_id=extract, run_id=manual__2026-04-16T06:41:22.965731+00:00, execution_date=20260416T064122, start_date=20260416T064124, end_date=20260416T064126
[2026-04-16T06:41:26.682+0000] {local_task_job_runner.py:243} INFO - Task exited with return code 0
[2026-04-16T06:41:26.723+0000] {taskinstance.py:3503} INFO - 1 downstream tasks scheduled from follow-on schedule check
[2026-04-16T06:41:26.725+0000] {local_task_job_runner.py:222} INFO - ::endgroup::
