[2026-04-17T05:22:00.660+0000] {local_task_job_runner.py:120} INFO - ::group::Pre task execution logs
[2026-04-17T05:22:00.696+0000] {taskinstance.py:2076} INFO - Dependencies all met for dep_context=non-requeueable deps ti=<TaskInstance: weather_etl_pipeline_v2.extract manual__2026-04-17T05:21:58.192987+00:00 [queued]>
[2026-04-17T05:22:00.707+0000] {taskinstance.py:2076} INFO - Dependencies all met for dep_context=requeueable deps ti=<TaskInstance: weather_etl_pipeline_v2.extract manual__2026-04-17T05:21:58.192987+00:00 [queued]>
[2026-04-17T05:22:00.709+0000] {taskinstance.py:2306} INFO - Starting attempt 1 of 4
[2026-04-17T05:22:00.728+0000] {taskinstance.py:2330} INFO - Executing <Task(PythonOperator): extract> on 2026-04-17 05:21:58.192987+00:00
[2026-04-17T05:22:00.737+0000] {logging_mixin.py:188} WARNING - /home/airflow/.local/lib/python3.12/site-packages/airflow/task/task_runner/standard_task_runner.py:62 DeprecationWarning: This process (pid=840) is multi-threaded, use of fork() may lead to deadlocks in the child.
[2026-04-17T05:22:00.739+0000] {standard_task_runner.py:64} INFO - Started process 841 to run task
[2026-04-17T05:22:00.737+0000] {standard_task_runner.py:90} INFO - Running: ['airflow', 'tasks', 'run', 'weather_etl_pipeline_v2', 'extract', 'manual__2026-04-17T05:21:58.192987+00:00', '--job-id', '116', '--raw', '--subdir', 'DAGS_FOLDER/weather_etl_dag_v2.py', '--cfg-path', '/tmp/tmpninr1f8f']
[2026-04-17T05:22:00.740+0000] {standard_task_runner.py:91} INFO - Job 116: Subtask extract
[2026-04-17T05:22:00.804+0000] {task_command.py:426} INFO - Running <TaskInstance: weather_etl_pipeline_v2.extract manual__2026-04-17T05:21:58.192987+00:00 [running]> on host 89e29680acec
[2026-04-17T05:22:00.909+0000] {taskinstance.py:2648} INFO - Exporting env vars: AIRFLOW_CTX_DAG_OWNER='weather_etl' AIRFLOW_CTX_DAG_ID='weather_etl_pipeline_v2' AIRFLOW_CTX_TASK_ID='extract' AIRFLOW_CTX_EXECUTION_DATE='2026-04-17T05:21:58.192987+00:00' AIRFLOW_CTX_TRY_NUMBER='1' AIRFLOW_CTX_DAG_RUN_ID='manual__2026-04-17T05:21:58.192987+00:00'
[2026-04-17T05:22:00.911+0000] {taskinstance.py:430} INFO - ::endgroup::
[2026-04-17T05:22:00.928+0000] {weather_etl_dag_v2.py:88} INFO - ============================================================
[2026-04-17T05:22:00.930+0000] {weather_etl_dag_v2.py:89} INFO - TASK: EXTRACT — Fetching weather data from OpenWeatherMap API
[2026-04-17T05:22:00.931+0000] {weather_etl_dag_v2.py:90} INFO - ============================================================
[2026-04-17T05:22:00.941+0000] {weather_etl_dag_v2.py:109} INFO - Active cities fetched from DB: ['Ahmedabad', 'Bengaluru', 'Chennai', 'Delhi', 'Indore', 'Kolkata', 'Manali', 'Mumbai', 'New York', 'Palanpur']
[2026-04-17T05:22:00.949+0000] {logging_mixin.py:188} WARNING - 2026-04-17 05:22:00 - scripts.extract - INFO - Starting extraction for cities: Ahmedabad, Bengaluru, Chennai, Delhi, Indore, Kolkata, Manali, Mumbai, New York, Palanpur
[2026-04-17T05:22:00.949+0000] {extract.py:127} INFO - Starting extraction for cities: Ahmedabad, Bengaluru, Chennai, Delhi, Indore, Kolkata, Manali, Mumbai, New York, Palanpur
[2026-04-17T05:22:00.951+0000] {logging_mixin.py:188} WARNING - 2026-04-17 05:22:00 - scripts.extract - INFO - Starting extraction for 10 cities
[2026-04-17T05:22:00.951+0000] {extract.py:96} INFO - Starting extraction for 10 cities
[2026-04-17T05:22:00.953+0000] {logging_mixin.py:188} WARNING - 2026-04-17 05:22:00 - scripts.extract - INFO - Fetching weather data for Ahmedabad (attempt 1/3)
[2026-04-17T05:22:00.953+0000] {extract.py:47} INFO - Fetching weather data for Ahmedabad (attempt 1/3)
[2026-04-17T05:22:01.188+0000] {logging_mixin.py:188} WARNING - 2026-04-17 05:22:01 - scripts.extract - INFO - Successfully fetched data for Ahmedabad
[2026-04-17T05:22:01.187+0000] {extract.py:53} INFO - Successfully fetched data for Ahmedabad
[2026-04-17T05:22:01.190+0000] {logging_mixin.py:188} WARNING - 2026-04-17 05:22:01 - scripts.extract - INFO - Fetching weather data for Bengaluru (attempt 1/3)
[2026-04-17T05:22:01.190+0000] {extract.py:47} INFO - Fetching weather data for Bengaluru (attempt 1/3)
[2026-04-17T05:22:01.432+0000] {logging_mixin.py:188} WARNING - 2026-04-17 05:22:01 - scripts.extract - INFO - Successfully fetched data for Bengaluru
[2026-04-17T05:22:01.431+0000] {extract.py:53} INFO - Successfully fetched data for Bengaluru
[2026-04-17T05:22:01.434+0000] {logging_mixin.py:188} WARNING - 2026-04-17 05:22:01 - scripts.extract - INFO - Fetching weather data for Chennai (attempt 1/3)
[2026-04-17T05:22:01.434+0000] {extract.py:47} INFO - Fetching weather data for Chennai (attempt 1/3)
[2026-04-17T05:22:01.670+0000] {logging_mixin.py:188} WARNING - 2026-04-17 05:22:01 - scripts.extract - INFO - Successfully fetched data for Chennai
[2026-04-17T05:22:01.670+0000] {extract.py:53} INFO - Successfully fetched data for Chennai
[2026-04-17T05:22:01.674+0000] {logging_mixin.py:188} WARNING - 2026-04-17 05:22:01 - scripts.extract - INFO - Fetching weather data for Delhi (attempt 1/3)
[2026-04-17T05:22:01.672+0000] {extract.py:47} INFO - Fetching weather data for Delhi (attempt 1/3)
[2026-04-17T05:22:01.911+0000] {logging_mixin.py:188} WARNING - 2026-04-17 05:22:01 - scripts.extract - INFO - Successfully fetched data for Delhi
[2026-04-17T05:22:01.910+0000] {extract.py:53} INFO - Successfully fetched data for Delhi
[2026-04-17T05:22:01.914+0000] {logging_mixin.py:188} WARNING - 2026-04-17 05:22:01 - scripts.extract - INFO - Fetching weather data for Indore (attempt 1/3)
[2026-04-17T05:22:01.914+0000] {extract.py:47} INFO - Fetching weather data for Indore (attempt 1/3)
[2026-04-17T05:22:02.144+0000] {logging_mixin.py:188} WARNING - 2026-04-17 05:22:02 - scripts.extract - INFO - Successfully fetched data for Indore
[2026-04-17T05:22:02.143+0000] {extract.py:53} INFO - Successfully fetched data for Indore
[2026-04-17T05:22:02.148+0000] {logging_mixin.py:188} WARNING - 2026-04-17 05:22:02 - scripts.extract - INFO - Fetching weather data for Kolkata (attempt 1/3)
[2026-04-17T05:22:02.147+0000] {extract.py:47} INFO - Fetching weather data for Kolkata (attempt 1/3)
[2026-04-17T05:22:02.376+0000] {logging_mixin.py:188} WARNING - 2026-04-17 05:22:02 - scripts.extract - INFO - Successfully fetched data for Kolkata
[2026-04-17T05:22:02.375+0000] {extract.py:53} INFO - Successfully fetched data for Kolkata
[2026-04-17T05:22:02.380+0000] {logging_mixin.py:188} WARNING - 2026-04-17 05:22:02 - scripts.extract - INFO - Fetching weather data for Manali (attempt 1/3)
[2026-04-17T05:22:02.379+0000] {extract.py:47} INFO - Fetching weather data for Manali (attempt 1/3)
[2026-04-17T05:22:02.627+0000] {logging_mixin.py:188} WARNING - 2026-04-17 05:22:02 - scripts.extract - INFO - Successfully fetched data for Manali
[2026-04-17T05:22:02.625+0000] {extract.py:53} INFO - Successfully fetched data for Manali
[2026-04-17T05:22:02.630+0000] {logging_mixin.py:188} WARNING - 2026-04-17 05:22:02 - scripts.extract - INFO - Fetching weather data for Mumbai (attempt 1/3)
[2026-04-17T05:22:02.630+0000] {extract.py:47} INFO - Fetching weather data for Mumbai (attempt 1/3)
[2026-04-17T05:22:02.858+0000] {logging_mixin.py:188} WARNING - 2026-04-17 05:22:02 - scripts.extract - INFO - Successfully fetched data for Mumbai
[2026-04-17T05:22:02.857+0000] {extract.py:53} INFO - Successfully fetched data for Mumbai
[2026-04-17T05:22:02.862+0000] {logging_mixin.py:188} WARNING - 2026-04-17 05:22:02 - scripts.extract - INFO - Fetching weather data for New York (attempt 1/3)
[2026-04-17T05:22:02.861+0000] {extract.py:47} INFO - Fetching weather data for New York (attempt 1/3)
[2026-04-17T05:22:03.103+0000] {logging_mixin.py:188} WARNING - 2026-04-17 05:22:03 - scripts.extract - INFO - Successfully fetched data for New York
[2026-04-17T05:22:03.102+0000] {extract.py:53} INFO - Successfully fetched data for New York
[2026-04-17T05:22:03.109+0000] {logging_mixin.py:188} WARNING - 2026-04-17 05:22:03 - scripts.extract - INFO - Fetching weather data for Palanpur (attempt 1/3)
[2026-04-17T05:22:03.107+0000] {extract.py:47} INFO - Fetching weather data for Palanpur (attempt 1/3)
[2026-04-17T05:22:03.358+0000] {logging_mixin.py:188} WARNING - 2026-04-17 05:22:03 - scripts.extract - INFO - Successfully fetched data for Palanpur
[2026-04-17T05:22:03.357+0000] {extract.py:53} INFO - Successfully fetched data for Palanpur
[2026-04-17T05:22:03.362+0000] {logging_mixin.py:188} WARNING - 2026-04-17 05:22:03 - scripts.extract - INFO - Extraction complete: 10 successful, 0 failed
[2026-04-17T05:22:03.361+0000] {extract.py:114} INFO - Extraction complete: 10 successful, 0 failed
[2026-04-17T05:22:03.367+0000] {logging_mixin.py:188} WARNING - 2026-04-17 05:22:03 - scripts.extract - INFO - Extracted 10 weather records
[2026-04-17T05:22:03.366+0000] {extract.py:131} INFO - Extracted 10 weather records
[2026-04-17T05:22:03.398+0000] {weather_etl_dag_v2.py:117} INFO - ✓ Extraction complete: 10 records for 10 cities in 2.47s
[2026-04-17T05:22:03.400+0000] {python.py:237} INFO - Done. Returned value was: 10
[2026-04-17T05:22:03.401+0000] {taskinstance.py:441} INFO - ::group::Post task execution logs
[2026-04-17T05:22:03.437+0000] {taskinstance.py:1206} INFO - Marking task as SUCCESS. dag_id=weather_etl_pipeline_v2, task_id=extract, run_id=manual__2026-04-17T05:21:58.192987+00:00, execution_date=20260417T052158, start_date=20260417T052200, end_date=20260417T052203
[2026-04-17T05:22:03.490+0000] {local_task_job_runner.py:243} INFO - Task exited with return code 0
[2026-04-17T05:22:03.538+0000] {taskinstance.py:3503} INFO - 1 downstream tasks scheduled from follow-on schedule check
[2026-04-17T05:22:03.542+0000] {local_task_job_runner.py:222} INFO - ::endgroup::
