[2026-04-13T08:19:00.377+0000] {local_task_job_runner.py:120} INFO - ::group::Pre task execution logs
[2026-04-13T08:19:00.460+0000] {taskinstance.py:2076} INFO - Dependencies all met for dep_context=non-requeueable deps ti=<TaskInstance: weather_etl_pipeline_v2.quality_check manual__2026-04-13T08:18:50+00:00 [queued]>
[2026-04-13T08:19:00.477+0000] {taskinstance.py:2076} INFO - Dependencies all met for dep_context=requeueable deps ti=<TaskInstance: weather_etl_pipeline_v2.quality_check manual__2026-04-13T08:18:50+00:00 [queued]>
[2026-04-13T08:19:00.479+0000] {taskinstance.py:2306} INFO - Starting attempt 1 of 3
[2026-04-13T08:19:00.502+0000] {taskinstance.py:2330} INFO - Executing <Task(PythonOperator): quality_check> on 2026-04-13 08:18:50+00:00
[2026-04-13T08:19:00.512+0000] {standard_task_runner.py:90} INFO - Running: ['airflow', 'tasks', 'run', 'weather_etl_pipeline_v2', 'quality_check', 'manual__2026-04-13T08:18:50+00:00', '--job-id', '199', '--raw', '--subdir', 'DAGS_FOLDER/weather_etl_dag_v2.py', '--cfg-path', '/tmp/tmp_cbnld59']
[2026-04-13T08:19:00.516+0000] {logging_mixin.py:188} WARNING - /home/airflow/.local/lib/python3.12/site-packages/airflow/task/task_runner/standard_task_runner.py:62 DeprecationWarning: This process (pid=768) is multi-threaded, use of fork() may lead to deadlocks in the child.
[2026-04-13T08:19:00.516+0000] {standard_task_runner.py:91} INFO - Job 199: Subtask quality_check
[2026-04-13T08:19:00.517+0000] {standard_task_runner.py:64} INFO - Started process 769 to run task
[2026-04-13T08:19:00.601+0000] {task_command.py:426} INFO - Running <TaskInstance: weather_etl_pipeline_v2.quality_check manual__2026-04-13T08:18:50+00:00 [running]> on host 0e50340581e5
[2026-04-13T08:19:00.806+0000] {taskinstance.py:2648} INFO - Exporting env vars: AIRFLOW_CTX_DAG_OWNER='weather_etl' AIRFLOW_CTX_DAG_ID='weather_etl_pipeline_v2' AIRFLOW_CTX_TASK_ID='quality_check' AIRFLOW_CTX_EXECUTION_DATE='2026-04-13T08:18:50+00:00' AIRFLOW_CTX_TRY_NUMBER='1' AIRFLOW_CTX_DAG_RUN_ID='manual__2026-04-13T08:18:50+00:00'
[2026-04-13T08:19:00.809+0000] {taskinstance.py:430} INFO - ::endgroup::
[2026-04-13T08:19:00.838+0000] {weather_etl_dag_v2.py:183} INFO - ============================================================
[2026-04-13T08:19:00.840+0000] {weather_etl_dag_v2.py:184} INFO - TASK: QUALITY_CHECK - Validating data quality
[2026-04-13T08:19:00.843+0000] {weather_etl_dag_v2.py:185} INFO - ============================================================
[2026-04-13T08:19:00.865+0000] {logging_mixin.py:188} WARNING - 2026-04-13 08:19:00 - scripts.validate - INFO - Starting data quality validation for 7 records
[2026-04-13T08:19:00.863+0000] {validate.py:201} INFO - Starting data quality validation for 7 records
[2026-04-13T08:19:00.868+0000] {logging_mixin.py:188} WARNING - 2026-04-13 08:19:00 - scripts.validate - INFO - Validation complete: 7 valid, 0 invalid (100.0% pass rate)
[2026-04-13T08:19:00.868+0000] {validate.py:228} INFO - Validation complete: 7 valid, 0 invalid (100.0% pass rate)
[2026-04-13T08:19:00.871+0000] {weather_etl_dag_v2.py:232} INFO - ✓ Quality check complete: 100.0% pass rate
[2026-04-13T08:19:00.906+0000] {python.py:237} INFO - Done. Returned value was: 100.0
[2026-04-13T08:19:00.909+0000] {taskinstance.py:441} INFO - ::group::Post task execution logs
[2026-04-13T08:19:00.960+0000] {taskinstance.py:1206} INFO - Marking task as SUCCESS. dag_id=weather_etl_pipeline_v2, task_id=quality_check, run_id=manual__2026-04-13T08:18:50+00:00, execution_date=20260413T081850, start_date=20260413T081900, end_date=20260413T081900
[2026-04-13T08:19:01.017+0000] {local_task_job_runner.py:243} INFO - Task exited with return code 0
[2026-04-13T08:19:01.102+0000] {taskinstance.py:3503} INFO - 1 downstream tasks scheduled from follow-on schedule check
[2026-04-13T08:19:01.112+0000] {local_task_job_runner.py:222} INFO - ::endgroup::
