[2026-04-22T07:05:14.543+0000] {local_task_job_runner.py:120} INFO - ::group::Pre task execution logs
[2026-04-22T07:05:14.624+0000] {taskinstance.py:2076} INFO - Dependencies all met for dep_context=non-requeueable deps ti=<TaskInstance: weather_etl_pipeline_v2.load_raw scheduled__2026-04-21T02:00:00+00:00 [queued]>
[2026-04-22T07:05:14.647+0000] {taskinstance.py:2076} INFO - Dependencies all met for dep_context=requeueable deps ti=<TaskInstance: weather_etl_pipeline_v2.load_raw scheduled__2026-04-21T02:00:00+00:00 [queued]>
[2026-04-22T07:05:14.650+0000] {taskinstance.py:2306} INFO - Starting attempt 1 of 4
[2026-04-22T07:05:14.676+0000] {taskinstance.py:2330} INFO - Executing <Task(PythonOperator): load_raw> on 2026-04-21 02:00:00+00:00
[2026-04-22T07:05:14.689+0000] {logging_mixin.py:188} WARNING - /home/airflow/.local/lib/python3.12/site-packages/airflow/task/task_runner/standard_task_runner.py:62 DeprecationWarning: This process (pid=213) is multi-threaded, use of fork() may lead to deadlocks in the child.
[2026-04-22T07:05:14.692+0000] {standard_task_runner.py:64} INFO - Started process 214 to run task
[2026-04-22T07:05:14.689+0000] {standard_task_runner.py:90} INFO - Running: ['airflow', 'tasks', 'run', 'weather_etl_pipeline_v2', 'load_raw', 'scheduled__2026-04-21T02:00:00+00:00', '--job-id', '184', '--raw', '--subdir', 'DAGS_FOLDER/weather_etl_dag_v2.py', '--cfg-path', '/tmp/tmpbaq3gygc']
[2026-04-22T07:05:14.693+0000] {standard_task_runner.py:91} INFO - Job 184: Subtask load_raw
[2026-04-22T07:05:14.815+0000] {task_command.py:426} INFO - Running <TaskInstance: weather_etl_pipeline_v2.load_raw scheduled__2026-04-21T02:00:00+00:00 [running]> on host 0986b561c3e9
[2026-04-22T07:05:15.021+0000] {taskinstance.py:2648} INFO - Exporting env vars: AIRFLOW_CTX_DAG_OWNER='weather_etl' AIRFLOW_CTX_DAG_ID='weather_etl_pipeline_v2' AIRFLOW_CTX_TASK_ID='load_raw' AIRFLOW_CTX_EXECUTION_DATE='2026-04-21T02:00:00+00:00' AIRFLOW_CTX_TRY_NUMBER='1' AIRFLOW_CTX_DAG_RUN_ID='scheduled__2026-04-21T02:00:00+00:00'
[2026-04-22T07:05:15.023+0000] {taskinstance.py:430} INFO - ::endgroup::
[2026-04-22T07:05:15.054+0000] {weather_etl_dag_v2.py:141} INFO - ============================================================
[2026-04-22T07:05:15.057+0000] {weather_etl_dag_v2.py:142} INFO - TASK: LOAD_RAW — Persisting raw API responses to weather_raw
[2026-04-22T07:05:15.060+0000] {weather_etl_dag_v2.py:143} INFO - ============================================================
[2026-04-22T07:05:15.100+0000] {logging_mixin.py:188} WARNING - 2026-04-22 07:05:15 - scripts.load_raw - INFO - Starting raw data load for 3 records
[2026-04-22T07:05:15.099+0000] {load_raw.py:154} INFO - Starting raw data load for 3 records
[2026-04-22T07:05:15.116+0000] {logging_mixin.py:188} WARNING - 2026-04-22 07:05:15 - scripts.load_raw - INFO - Successfully connected to PostgreSQL database
[2026-04-22T07:05:15.115+0000] {load_raw.py:38} INFO - Successfully connected to PostgreSQL database
[2026-04-22T07:05:15.121+0000] {logging_mixin.py:188} WARNING - 2026-04-22 07:05:15 - scripts.load_raw - INFO - Table 'weather_raw' created or already exists
[2026-04-22T07:05:15.120+0000] {load_raw.py:88} INFO - Table 'weather_raw' created or already exists
[2026-04-22T07:05:15.153+0000] {logging_mixin.py:188} WARNING - 2026-04-22 07:05:15 - scripts.load_raw - INFO - Raw data load complete: 3 inserted, 0 skipped (duplicates)
[2026-04-22T07:05:15.152+0000] {load_raw.py:183} INFO - Raw data load complete: 3 inserted, 0 skipped (duplicates)
[2026-04-22T07:05:15.159+0000] {logging_mixin.py:188} WARNING - 2026-04-22 07:05:15 - scripts.load_raw - INFO - Database connection closed
[2026-04-22T07:05:15.156+0000] {load_raw.py:53} INFO - Database connection closed
[2026-04-22T07:05:15.161+0000] {weather_etl_dag_v2.py:155} INFO - ✓ Raw load complete: 3 upserted, 0 skipped (duplicates)
[2026-04-22T07:05:15.164+0000] {python.py:237} INFO - Done. Returned value was: 3
[2026-04-22T07:05:15.165+0000] {taskinstance.py:441} INFO - ::group::Post task execution logs
[2026-04-22T07:05:15.207+0000] {taskinstance.py:1206} INFO - Marking task as SUCCESS. dag_id=weather_etl_pipeline_v2, task_id=load_raw, run_id=scheduled__2026-04-21T02:00:00+00:00, execution_date=20260421T020000, start_date=20260422T070514, end_date=20260422T070515
[2026-04-22T07:05:15.271+0000] {local_task_job_runner.py:243} INFO - Task exited with return code 0
[2026-04-22T07:05:15.334+0000] {taskinstance.py:3503} INFO - 1 downstream tasks scheduled from follow-on schedule check
[2026-04-22T07:05:15.340+0000] {local_task_job_runner.py:222} INFO - ::endgroup::
