[2026-04-11T11:27:05.973+0000] {local_task_job_runner.py:120} INFO - ::group::Pre task execution logs
[2026-04-11T11:27:06.010+0000] {taskinstance.py:2076} INFO - Dependencies all met for dep_context=non-requeueable deps ti=<TaskInstance: weather_etl_pipeline_v2.cleanup_old_records manual__2026-04-11T11:26:55+00:00 [queued]>
[2026-04-11T11:27:06.020+0000] {taskinstance.py:2076} INFO - Dependencies all met for dep_context=requeueable deps ti=<TaskInstance: weather_etl_pipeline_v2.cleanup_old_records manual__2026-04-11T11:26:55+00:00 [queued]>
[2026-04-11T11:27:06.022+0000] {taskinstance.py:2306} INFO - Starting attempt 1 of 4
[2026-04-11T11:27:06.034+0000] {taskinstance.py:2330} INFO - Executing <Task(PythonOperator): cleanup_old_records> on 2026-04-11 11:26:55+00:00
[2026-04-11T11:27:06.041+0000] {standard_task_runner.py:90} INFO - Running: ['airflow', 'tasks', 'run', 'weather_etl_pipeline_v2', 'cleanup_old_records', 'manual__2026-04-11T11:26:55+00:00', '--job-id', '106', '--raw', '--subdir', 'DAGS_FOLDER/weather_etl_dag_v2.py', '--cfg-path', '/tmp/tmpq353pmdv']
[2026-04-11T11:27:06.043+0000] {logging_mixin.py:188} WARNING - /home/airflow/.local/lib/python3.12/site-packages/airflow/task/task_runner/standard_task_runner.py:62 DeprecationWarning: This process (pid=188) is multi-threaded, use of fork() may lead to deadlocks in the child.
[2026-04-11T11:27:06.044+0000] {standard_task_runner.py:91} INFO - Job 106: Subtask cleanup_old_records
[2026-04-11T11:27:06.045+0000] {standard_task_runner.py:64} INFO - Started process 189 to run task
[2026-04-11T11:27:06.099+0000] {task_command.py:426} INFO - Running <TaskInstance: weather_etl_pipeline_v2.cleanup_old_records manual__2026-04-11T11:26:55+00:00 [running]> on host 9514c60f7b76
[2026-04-11T11:27:06.248+0000] {taskinstance.py:2648} INFO - Exporting env vars: AIRFLOW_CTX_DAG_OWNER='weather_etl' AIRFLOW_CTX_DAG_ID='weather_etl_pipeline_v2' AIRFLOW_CTX_TASK_ID='cleanup_old_records' AIRFLOW_CTX_EXECUTION_DATE='2026-04-11T11:26:55+00:00' AIRFLOW_CTX_TRY_NUMBER='1' AIRFLOW_CTX_DAG_RUN_ID='manual__2026-04-11T11:26:55+00:00'
[2026-04-11T11:27:06.250+0000] {taskinstance.py:430} INFO - ::endgroup::
[2026-04-11T11:27:06.269+0000] {weather_etl_dag_v2.py:229} INFO - ============================================================
[2026-04-11T11:27:06.272+0000] {weather_etl_dag_v2.py:230} INFO - TASK: CLEANUP_OLD_RECORDS - Removing old records
[2026-04-11T11:27:06.275+0000] {weather_etl_dag_v2.py:231} INFO - ============================================================
[2026-04-11T11:27:06.306+0000] {logging_mixin.py:188} WARNING - 2026-04-11 11:27:06 - scripts.load_clean - INFO - Successfully connected to PostgreSQL database
[2026-04-11T11:27:06.305+0000] {load_clean.py:41} INFO - Successfully connected to PostgreSQL database
[2026-04-11T11:27:06.313+0000] {logging_mixin.py:188} WARNING - 2026-04-11 11:27:06 - scripts.load_clean - INFO - Cleanup: Removed 8 old records, keeping only latest per city
[2026-04-11T11:27:06.313+0000] {load_clean.py:274} INFO - Cleanup: Removed 8 old records, keeping only latest per city
[2026-04-11T11:27:06.316+0000] {logging_mixin.py:188} WARNING - 2026-04-11 11:27:06 - scripts.load_clean - INFO - Database connection closed
[2026-04-11T11:27:06.315+0000] {load_clean.py:56} INFO - Database connection closed
[2026-04-11T11:27:06.318+0000] {weather_etl_dag_v2.py:240} INFO - ✓ Cleanup complete: Removed 8 old records
[2026-04-11T11:27:06.335+0000] {python.py:237} INFO - Done. Returned value was: 8
[2026-04-11T11:27:06.336+0000] {taskinstance.py:441} INFO - ::group::Post task execution logs
[2026-04-11T11:27:06.363+0000] {taskinstance.py:1206} INFO - Marking task as SUCCESS. dag_id=weather_etl_pipeline_v2, task_id=cleanup_old_records, run_id=manual__2026-04-11T11:26:55+00:00, execution_date=20260411T112655, start_date=20260411T112706, end_date=20260411T112706
[2026-04-11T11:27:06.380+0000] {local_task_job_runner.py:243} INFO - Task exited with return code 0
[2026-04-11T11:27:06.406+0000] {taskinstance.py:3503} INFO - 1 downstream tasks scheduled from follow-on schedule check
[2026-04-11T11:27:06.409+0000] {local_task_job_runner.py:222} INFO - ::endgroup::
