[2026-04-15T04:06:50.233+0000] {local_task_job_runner.py:120} INFO - ::group::Pre task execution logs
[2026-04-15T04:06:50.277+0000] {taskinstance.py:2076} INFO - Dependencies all met for dep_context=non-requeueable deps ti=<TaskInstance: weather_etl_pipeline_v2.transform_clean scheduled__2026-04-14T02:00:00+00:00 [queued]>
[2026-04-15T04:06:50.286+0000] {taskinstance.py:2076} INFO - Dependencies all met for dep_context=requeueable deps ti=<TaskInstance: weather_etl_pipeline_v2.transform_clean scheduled__2026-04-14T02:00:00+00:00 [queued]>
[2026-04-15T04:06:50.287+0000] {taskinstance.py:2306} INFO - Starting attempt 1 of 4
[2026-04-15T04:06:50.302+0000] {taskinstance.py:2330} INFO - Executing <Task(PythonOperator): transform_clean> on 2026-04-14 02:00:00+00:00
[2026-04-15T04:06:50.309+0000] {standard_task_runner.py:90} INFO - Running: ['airflow', 'tasks', 'run', 'weather_etl_pipeline_v2', 'transform_clean', 'scheduled__2026-04-14T02:00:00+00:00', '--job-id', '216', '--raw', '--subdir', 'DAGS_FOLDER/weather_etl_dag_v2.py', '--cfg-path', '/tmp/tmp_c98v5d2']
[2026-04-15T04:06:50.312+0000] {standard_task_runner.py:91} INFO - Job 216: Subtask transform_clean
[2026-04-15T04:06:50.317+0000] {logging_mixin.py:188} WARNING - /home/airflow/.local/lib/python3.12/site-packages/airflow/task/task_runner/standard_task_runner.py:62 DeprecationWarning: This process (pid=210) is multi-threaded, use of fork() may lead to deadlocks in the child.
[2026-04-15T04:06:50.318+0000] {standard_task_runner.py:64} INFO - Started process 213 to run task
[2026-04-15T04:06:50.387+0000] {task_command.py:426} INFO - Running <TaskInstance: weather_etl_pipeline_v2.transform_clean scheduled__2026-04-14T02:00:00+00:00 [running]> on host 02fa0425b6f9
[2026-04-15T04:06:50.486+0000] {taskinstance.py:2648} INFO - Exporting env vars: AIRFLOW_CTX_DAG_OWNER='weather_etl' AIRFLOW_CTX_DAG_ID='weather_etl_pipeline_v2' AIRFLOW_CTX_TASK_ID='transform_clean' AIRFLOW_CTX_EXECUTION_DATE='2026-04-14T02:00:00+00:00' AIRFLOW_CTX_TRY_NUMBER='1' AIRFLOW_CTX_DAG_RUN_ID='scheduled__2026-04-14T02:00:00+00:00'
[2026-04-15T04:06:50.488+0000] {taskinstance.py:430} INFO - ::endgroup::
[2026-04-15T04:06:50.503+0000] {weather_etl_dag_v2.py:148} INFO - ============================================================
[2026-04-15T04:06:50.505+0000] {weather_etl_dag_v2.py:149} INFO - TASK: TRANSFORM_CLEAN - Transform and load clean data
[2026-04-15T04:06:50.507+0000] {weather_etl_dag_v2.py:150} INFO - ============================================================
[2026-04-15T04:06:50.525+0000] {logging_mixin.py:188} WARNING - 2026-04-15 04:06:50 - scripts.load_raw - INFO - Successfully connected to PostgreSQL database
[2026-04-15T04:06:50.525+0000] {load_raw.py:38} INFO - Successfully connected to PostgreSQL database
[2026-04-15T04:06:50.537+0000] {logging_mixin.py:188} WARNING - 2026-04-15 04:06:50 - scripts.load_raw - INFO - Retrieved 110 unprocessed raw records
[2026-04-15T04:06:50.537+0000] {load_raw.py:206} INFO - Retrieved 110 unprocessed raw records
[2026-04-15T04:06:50.543+0000] {logging_mixin.py:188} WARNING - 2026-04-15 04:06:50 - scripts.load_raw - INFO - Database connection closed
[2026-04-15T04:06:50.540+0000] {load_raw.py:53} INFO - Database connection closed
[2026-04-15T04:06:50.545+0000] {logging_mixin.py:188} WARNING - 2026-04-15 04:06:50 - scripts.load_clean - INFO - Starting transformation and load for 110 raw records
[2026-04-15T04:06:50.544+0000] {load_clean.py:169} INFO - Starting transformation and load for 110 raw records
[2026-04-15T04:06:50.550+0000] {logging_mixin.py:188} WARNING - 2026-04-15 04:06:50 - scripts.load_clean - INFO - Successfully connected to PostgreSQL database
[2026-04-15T04:06:50.550+0000] {load_clean.py:41} INFO - Successfully connected to PostgreSQL database
[2026-04-15T04:06:50.554+0000] {logging_mixin.py:188} WARNING - 2026-04-15 04:06:50 - scripts.load_clean - INFO - Table 'weather_clean' created or already exists
[2026-04-15T04:06:50.554+0000] {load_clean.py:91} INFO - Table 'weather_clean' created or already exists
[2026-04-15T04:06:50.566+0000] {logging_mixin.py:188} WARNING - 2026-04-15 04:06:50 - scripts.load_clean - INFO - Inserted new record for Ahmedabad (deleted old records first)
[2026-04-15T04:06:50.566+0000] {load_clean.py:149} INFO - Inserted new record for Ahmedabad (deleted old records first)
[2026-04-15T04:06:50.570+0000] {logging_mixin.py:188} WARNING - 2026-04-15 04:06:50 - scripts.load_clean - INFO - Inserted new record for Mumbai (deleted old records first)
[2026-04-15T04:06:50.569+0000] {load_clean.py:149} INFO - Inserted new record for Mumbai (deleted old records first)
[2026-04-15T04:06:50.572+0000] {logging_mixin.py:188} WARNING - 2026-04-15 04:06:50 - scripts.load_clean - INFO - Inserted new record for Delhi (deleted old records first)
[2026-04-15T04:06:50.572+0000] {load_clean.py:149} INFO - Inserted new record for Delhi (deleted old records first)
[2026-04-15T04:06:50.575+0000] {logging_mixin.py:188} WARNING - 2026-04-15 04:06:50 - scripts.load_clean - INFO - Inserted new record for Bengaluru (deleted old records first)
[2026-04-15T04:06:50.574+0000] {load_clean.py:149} INFO - Inserted new record for Bengaluru (deleted old records first)
[2026-04-15T04:06:50.577+0000] {logging_mixin.py:188} WARNING - 2026-04-15 04:06:50 - scripts.load_clean - INFO - Inserted new record for Chennai (deleted old records first)
[2026-04-15T04:06:50.576+0000] {load_clean.py:149} INFO - Inserted new record for Chennai (deleted old records first)
[2026-04-15T04:06:50.579+0000] {logging_mixin.py:188} WARNING - 2026-04-15 04:06:50 - scripts.load_clean - INFO - Inserted new record for Ahmedabad (deleted old records first)
[2026-04-15T04:06:50.579+0000] {load_clean.py:149} INFO - Inserted new record for Ahmedabad (deleted old records first)
[2026-04-15T04:06:50.582+0000] {logging_mixin.py:188} WARNING - 2026-04-15 04:06:50 - scripts.load_clean - INFO - Inserted new record for Mumbai (deleted old records first)
[2026-04-15T04:06:50.581+0000] {load_clean.py:149} INFO - Inserted new record for Mumbai (deleted old records first)
[2026-04-15T04:06:50.584+0000] {logging_mixin.py:188} WARNING - 2026-04-15 04:06:50 - scripts.load_clean - INFO - Inserted new record for Delhi (deleted old records first)
[2026-04-15T04:06:50.583+0000] {load_clean.py:149} INFO - Inserted new record for Delhi (deleted old records first)
[2026-04-15T04:06:50.587+0000] {logging_mixin.py:188} WARNING - 2026-04-15 04:06:50 - scripts.load_clean - INFO - Inserted new record for Bengaluru (deleted old records first)
[2026-04-15T04:06:50.586+0000] {load_clean.py:149} INFO - Inserted new record for Bengaluru (deleted old records first)
[2026-04-15T04:06:50.589+0000] {logging_mixin.py:188} WARNING - 2026-04-15 04:06:50 - scripts.load_clean - INFO - Inserted new record for Chennai (deleted old records first)
[2026-04-15T04:06:50.589+0000] {load_clean.py:149} INFO - Inserted new record for Chennai (deleted old records first)
[2026-04-15T04:06:50.591+0000] {logging_mixin.py:188} WARNING - 2026-04-15 04:06:50 - scripts.load_clean - INFO - Inserted new record for Ahmedabad (deleted old records first)
[2026-04-15T04:06:50.591+0000] {load_clean.py:149} INFO - Inserted new record for Ahmedabad (deleted old records first)
[2026-04-15T04:06:50.593+0000] {logging_mixin.py:188} WARNING - 2026-04-15 04:06:50 - scripts.load_clean - INFO - Inserted new record for Mumbai (deleted old records first)
[2026-04-15T04:06:50.593+0000] {load_clean.py:149} INFO - Inserted new record for Mumbai (deleted old records first)
[2026-04-15T04:06:50.595+0000] {logging_mixin.py:188} WARNING - 2026-04-15 04:06:50 - scripts.load_clean - INFO - Inserted new record for Delhi (deleted old records first)
[2026-04-15T04:06:50.595+0000] {load_clean.py:149} INFO - Inserted new record for Delhi (deleted old records first)
[2026-04-15T04:06:50.597+0000] {logging_mixin.py:188} WARNING - 2026-04-15 04:06:50 - scripts.load_clean - INFO - Inserted new record for Bengaluru (deleted old records first)
[2026-04-15T04:06:50.597+0000] {load_clean.py:149} INFO - Inserted new record for Bengaluru (deleted old records first)
[2026-04-15T04:06:50.599+0000] {logging_mixin.py:188} WARNING - 2026-04-15 04:06:50 - scripts.load_clean - INFO - Inserted new record for Chennai (deleted old records first)
[2026-04-15T04:06:50.599+0000] {load_clean.py:149} INFO - Inserted new record for Chennai (deleted old records first)
[2026-04-15T04:06:50.602+0000] {logging_mixin.py:188} WARNING - 2026-04-15 04:06:50 - scripts.load_clean - INFO - Inserted new record for Ahmedabad (deleted old records first)
[2026-04-15T04:06:50.601+0000] {load_clean.py:149} INFO - Inserted new record for Ahmedabad (deleted old records first)
[2026-04-15T04:06:50.604+0000] {logging_mixin.py:188} WARNING - 2026-04-15 04:06:50 - scripts.load_clean - INFO - Inserted new record for Mumbai (deleted old records first)
[2026-04-15T04:06:50.604+0000] {load_clean.py:149} INFO - Inserted new record for Mumbai (deleted old records first)
[2026-04-15T04:06:50.606+0000] {logging_mixin.py:188} WARNING - 2026-04-15 04:06:50 - scripts.load_clean - INFO - Inserted new record for Delhi (deleted old records first)
[2026-04-15T04:06:50.605+0000] {load_clean.py:149} INFO - Inserted new record for Delhi (deleted old records first)
[2026-04-15T04:06:50.608+0000] {logging_mixin.py:188} WARNING - 2026-04-15 04:06:50 - scripts.load_clean - INFO - Inserted new record for Bengaluru (deleted old records first)
[2026-04-15T04:06:50.607+0000] {load_clean.py:149} INFO - Inserted new record for Bengaluru (deleted old records first)
[2026-04-15T04:06:50.609+0000] {logging_mixin.py:188} WARNING - 2026-04-15 04:06:50 - scripts.load_clean - INFO - Inserted new record for Chennai (deleted old records first)
[2026-04-15T04:06:50.609+0000] {load_clean.py:149} INFO - Inserted new record for Chennai (deleted old records first)
[2026-04-15T04:06:50.611+0000] {logging_mixin.py:188} WARNING - 2026-04-15 04:06:50 - scripts.load_clean - INFO - Inserted new record for Ahmedabad (deleted old records first)
[2026-04-15T04:06:50.611+0000] {load_clean.py:149} INFO - Inserted new record for Ahmedabad (deleted old records first)
[2026-04-15T04:06:50.613+0000] {logging_mixin.py:188} WARNING - 2026-04-15 04:06:50 - scripts.load_clean - INFO - Inserted new record for Mumbai (deleted old records first)
[2026-04-15T04:06:50.613+0000] {load_clean.py:149} INFO - Inserted new record for Mumbai (deleted old records first)
[2026-04-15T04:06:50.615+0000] {logging_mixin.py:188} WARNING - 2026-04-15 04:06:50 - scripts.load_clean - INFO - Inserted new record for Delhi (deleted old records first)
[2026-04-15T04:06:50.615+0000] {load_clean.py:149} INFO - Inserted new record for Delhi (deleted old records first)
[2026-04-15T04:06:50.617+0000] {logging_mixin.py:188} WARNING - 2026-04-15 04:06:50 - scripts.load_clean - INFO - Inserted new record for Bengaluru (deleted old records first)
[2026-04-15T04:06:50.617+0000] {load_clean.py:149} INFO - Inserted new record for Bengaluru (deleted old records first)
[2026-04-15T04:06:50.619+0000] {logging_mixin.py:188} WARNING - 2026-04-15 04:06:50 - scripts.load_clean - INFO - Inserted new record for Chennai (deleted old records first)
[2026-04-15T04:06:50.619+0000] {load_clean.py:149} INFO - Inserted new record for Chennai (deleted old records first)
[2026-04-15T04:06:50.622+0000] {logging_mixin.py:188} WARNING - 2026-04-15 04:06:50 - scripts.load_clean - INFO - Inserted new record for Ahmedabad (deleted old records first)
[2026-04-15T04:06:50.621+0000] {load_clean.py:149} INFO - Inserted new record for Ahmedabad (deleted old records first)
[2026-04-15T04:06:50.624+0000] {logging_mixin.py:188} WARNING - 2026-04-15 04:06:50 - scripts.load_clean - INFO - Inserted new record for Mumbai (deleted old records first)
[2026-04-15T04:06:50.623+0000] {load_clean.py:149} INFO - Inserted new record for Mumbai (deleted old records first)
[2026-04-15T04:06:50.625+0000] {logging_mixin.py:188} WARNING - 2026-04-15 04:06:50 - scripts.load_clean - INFO - Inserted new record for Delhi (deleted old records first)
[2026-04-15T04:06:50.625+0000] {load_clean.py:149} INFO - Inserted new record for Delhi (deleted old records first)
[2026-04-15T04:06:50.627+0000] {logging_mixin.py:188} WARNING - 2026-04-15 04:06:50 - scripts.load_clean - INFO - Inserted new record for Bengaluru (deleted old records first)
[2026-04-15T04:06:50.626+0000] {load_clean.py:149} INFO - Inserted new record for Bengaluru (deleted old records first)
[2026-04-15T04:06:50.629+0000] {logging_mixin.py:188} WARNING - 2026-04-15 04:06:50 - scripts.load_clean - INFO - Inserted new record for Chennai (deleted old records first)
[2026-04-15T04:06:50.629+0000] {load_clean.py:149} INFO - Inserted new record for Chennai (deleted old records first)
[2026-04-15T04:06:50.631+0000] {logging_mixin.py:188} WARNING - 2026-04-15 04:06:50 - scripts.load_clean - INFO - Inserted new record for Ahmedabad (deleted old records first)
[2026-04-15T04:06:50.631+0000] {load_clean.py:149} INFO - Inserted new record for Ahmedabad (deleted old records first)
[2026-04-15T04:06:50.634+0000] {logging_mixin.py:188} WARNING - 2026-04-15 04:06:50 - scripts.load_clean - INFO - Inserted new record for Mumbai (deleted old records first)
[2026-04-15T04:06:50.634+0000] {load_clean.py:149} INFO - Inserted new record for Mumbai (deleted old records first)
[2026-04-15T04:06:50.636+0000] {logging_mixin.py:188} WARNING - 2026-04-15 04:06:50 - scripts.load_clean - INFO - Inserted new record for Delhi (deleted old records first)
[2026-04-15T04:06:50.636+0000] {load_clean.py:149} INFO - Inserted new record for Delhi (deleted old records first)
[2026-04-15T04:06:50.638+0000] {logging_mixin.py:188} WARNING - 2026-04-15 04:06:50 - scripts.load_clean - INFO - Inserted new record for Bengaluru (deleted old records first)
[2026-04-15T04:06:50.637+0000] {load_clean.py:149} INFO - Inserted new record for Bengaluru (deleted old records first)
[2026-04-15T04:06:50.639+0000] {logging_mixin.py:188} WARNING - 2026-04-15 04:06:50 - scripts.load_clean - INFO - Inserted new record for Chennai (deleted old records first)
[2026-04-15T04:06:50.639+0000] {load_clean.py:149} INFO - Inserted new record for Chennai (deleted old records first)
[2026-04-15T04:06:50.641+0000] {logging_mixin.py:188} WARNING - 2026-04-15 04:06:50 - scripts.load_clean - INFO - Inserted new record for Ahmedabad (deleted old records first)
[2026-04-15T04:06:50.641+0000] {load_clean.py:149} INFO - Inserted new record for Ahmedabad (deleted old records first)
[2026-04-15T04:06:50.644+0000] {logging_mixin.py:188} WARNING - 2026-04-15 04:06:50 - scripts.load_clean - INFO - Inserted new record for Mumbai (deleted old records first)
[2026-04-15T04:06:50.643+0000] {load_clean.py:149} INFO - Inserted new record for Mumbai (deleted old records first)
[2026-04-15T04:06:50.646+0000] {logging_mixin.py:188} WARNING - 2026-04-15 04:06:50 - scripts.load_clean - INFO - Inserted new record for Delhi (deleted old records first)
[2026-04-15T04:06:50.645+0000] {load_clean.py:149} INFO - Inserted new record for Delhi (deleted old records first)
[2026-04-15T04:06:50.649+0000] {logging_mixin.py:188} WARNING - 2026-04-15 04:06:50 - scripts.load_clean - INFO - Inserted new record for Bengaluru (deleted old records first)
[2026-04-15T04:06:50.647+0000] {load_clean.py:149} INFO - Inserted new record for Bengaluru (deleted old records first)
[2026-04-15T04:06:50.651+0000] {logging_mixin.py:188} WARNING - 2026-04-15 04:06:50 - scripts.load_clean - INFO - Inserted new record for Chennai (deleted old records first)
[2026-04-15T04:06:50.651+0000] {load_clean.py:149} INFO - Inserted new record for Chennai (deleted old records first)
[2026-04-15T04:06:50.654+0000] {logging_mixin.py:188} WARNING - 2026-04-15 04:06:50 - scripts.load_clean - INFO - Inserted new record for Ahmedabad (deleted old records first)
[2026-04-15T04:06:50.653+0000] {load_clean.py:149} INFO - Inserted new record for Ahmedabad (deleted old records first)
[2026-04-15T04:06:50.656+0000] {logging_mixin.py:188} WARNING - 2026-04-15 04:06:50 - scripts.load_clean - INFO - Inserted new record for Ahmedabad (deleted old records first)
[2026-04-15T04:06:50.655+0000] {load_clean.py:149} INFO - Inserted new record for Ahmedabad (deleted old records first)
[2026-04-15T04:06:50.658+0000] {logging_mixin.py:188} WARNING - 2026-04-15 04:06:50 - scripts.load_clean - INFO - Inserted new record for Mumbai (deleted old records first)
[2026-04-15T04:06:50.658+0000] {load_clean.py:149} INFO - Inserted new record for Mumbai (deleted old records first)
[2026-04-15T04:06:50.661+0000] {logging_mixin.py:188} WARNING - 2026-04-15 04:06:50 - scripts.load_clean - INFO - Inserted new record for Delhi (deleted old records first)
[2026-04-15T04:06:50.660+0000] {load_clean.py:149} INFO - Inserted new record for Delhi (deleted old records first)
[2026-04-15T04:06:50.664+0000] {logging_mixin.py:188} WARNING - 2026-04-15 04:06:50 - scripts.load_clean - INFO - Inserted new record for Bengaluru (deleted old records first)
[2026-04-15T04:06:50.663+0000] {load_clean.py:149} INFO - Inserted new record for Bengaluru (deleted old records first)
[2026-04-15T04:06:50.666+0000] {logging_mixin.py:188} WARNING - 2026-04-15 04:06:50 - scripts.load_clean - INFO - Inserted new record for Chennai (deleted old records first)
[2026-04-15T04:06:50.665+0000] {load_clean.py:149} INFO - Inserted new record for Chennai (deleted old records first)
[2026-04-15T04:06:50.668+0000] {logging_mixin.py:188} WARNING - 2026-04-15 04:06:50 - scripts.load_clean - INFO - Inserted new record for Delhi (deleted old records first)
[2026-04-15T04:06:50.668+0000] {load_clean.py:149} INFO - Inserted new record for Delhi (deleted old records first)
[2026-04-15T04:06:50.671+0000] {logging_mixin.py:188} WARNING - 2026-04-15 04:06:50 - scripts.load_clean - INFO - Inserted new record for Bengaluru (deleted old records first)
[2026-04-15T04:06:50.670+0000] {load_clean.py:149} INFO - Inserted new record for Bengaluru (deleted old records first)
[2026-04-15T04:06:50.674+0000] {logging_mixin.py:188} WARNING - 2026-04-15 04:06:50 - scripts.load_clean - INFO - Inserted new record for Chennai (deleted old records first)
[2026-04-15T04:06:50.673+0000] {load_clean.py:149} INFO - Inserted new record for Chennai (deleted old records first)
[2026-04-15T04:06:50.676+0000] {logging_mixin.py:188} WARNING - 2026-04-15 04:06:50 - scripts.load_clean - INFO - Inserted new record for Ahmedabad (deleted old records first)
[2026-04-15T04:06:50.676+0000] {load_clean.py:149} INFO - Inserted new record for Ahmedabad (deleted old records first)
[2026-04-15T04:06:50.678+0000] {logging_mixin.py:188} WARNING - 2026-04-15 04:06:50 - scripts.load_clean - INFO - Inserted new record for Mumbai (deleted old records first)
[2026-04-15T04:06:50.678+0000] {load_clean.py:149} INFO - Inserted new record for Mumbai (deleted old records first)
[2026-04-15T04:06:50.680+0000] {logging_mixin.py:188} WARNING - 2026-04-15 04:06:50 - scripts.load_clean - INFO - Inserted new record for Delhi (deleted old records first)
[2026-04-15T04:06:50.680+0000] {load_clean.py:149} INFO - Inserted new record for Delhi (deleted old records first)
[2026-04-15T04:06:50.683+0000] {logging_mixin.py:188} WARNING - 2026-04-15 04:06:50 - scripts.load_clean - INFO - Inserted new record for Bengaluru (deleted old records first)
[2026-04-15T04:06:50.682+0000] {load_clean.py:149} INFO - Inserted new record for Bengaluru (deleted old records first)
[2026-04-15T04:06:50.686+0000] {logging_mixin.py:188} WARNING - 2026-04-15 04:06:50 - scripts.load_clean - INFO - Inserted new record for Chennai (deleted old records first)
[2026-04-15T04:06:50.685+0000] {load_clean.py:149} INFO - Inserted new record for Chennai (deleted old records first)
[2026-04-15T04:06:50.688+0000] {logging_mixin.py:188} WARNING - 2026-04-15 04:06:50 - scripts.load_clean - INFO - Inserted new record for Ahmedabad (deleted old records first)
[2026-04-15T04:06:50.687+0000] {load_clean.py:149} INFO - Inserted new record for Ahmedabad (deleted old records first)
[2026-04-15T04:06:50.690+0000] {logging_mixin.py:188} WARNING - 2026-04-15 04:06:50 - scripts.load_clean - INFO - Inserted new record for Mumbai (deleted old records first)
[2026-04-15T04:06:50.690+0000] {load_clean.py:149} INFO - Inserted new record for Mumbai (deleted old records first)
[2026-04-15T04:06:50.692+0000] {logging_mixin.py:188} WARNING - 2026-04-15 04:06:50 - scripts.load_clean - INFO - Inserted new record for Delhi (deleted old records first)
[2026-04-15T04:06:50.692+0000] {load_clean.py:149} INFO - Inserted new record for Delhi (deleted old records first)
[2026-04-15T04:06:50.695+0000] {logging_mixin.py:188} WARNING - 2026-04-15 04:06:50 - scripts.load_clean - INFO - Inserted new record for Bengaluru (deleted old records first)
[2026-04-15T04:06:50.694+0000] {load_clean.py:149} INFO - Inserted new record for Bengaluru (deleted old records first)
[2026-04-15T04:06:50.698+0000] {logging_mixin.py:188} WARNING - 2026-04-15 04:06:50 - scripts.load_clean - INFO - Inserted new record for Chennai (deleted old records first)
[2026-04-15T04:06:50.697+0000] {load_clean.py:149} INFO - Inserted new record for Chennai (deleted old records first)
[2026-04-15T04:06:50.700+0000] {logging_mixin.py:188} WARNING - 2026-04-15 04:06:50 - scripts.load_clean - INFO - Inserted new record for Ahmedabad (deleted old records first)
[2026-04-15T04:06:50.700+0000] {load_clean.py:149} INFO - Inserted new record for Ahmedabad (deleted old records first)
[2026-04-15T04:06:50.702+0000] {logging_mixin.py:188} WARNING - 2026-04-15 04:06:50 - scripts.load_clean - INFO - Inserted new record for Bengaluru (deleted old records first)
[2026-04-15T04:06:50.702+0000] {load_clean.py:149} INFO - Inserted new record for Bengaluru (deleted old records first)
[2026-04-15T04:06:50.705+0000] {logging_mixin.py:188} WARNING - 2026-04-15 04:06:50 - scripts.load_clean - INFO - Inserted new record for Chennai (deleted old records first)
[2026-04-15T04:06:50.704+0000] {load_clean.py:149} INFO - Inserted new record for Chennai (deleted old records first)
[2026-04-15T04:06:50.707+0000] {logging_mixin.py:188} WARNING - 2026-04-15 04:06:50 - scripts.load_clean - INFO - Inserted new record for Delhi (deleted old records first)
[2026-04-15T04:06:50.706+0000] {load_clean.py:149} INFO - Inserted new record for Delhi (deleted old records first)
[2026-04-15T04:06:50.709+0000] {logging_mixin.py:188} WARNING - 2026-04-15 04:06:50 - scripts.load_clean - INFO - Inserted new record for Mumbai (deleted old records first)
[2026-04-15T04:06:50.708+0000] {load_clean.py:149} INFO - Inserted new record for Mumbai (deleted old records first)
[2026-04-15T04:06:50.712+0000] {logging_mixin.py:188} WARNING - 2026-04-15 04:06:50 - scripts.load_clean - INFO - Inserted new record for Chennai (deleted old records first)
[2026-04-15T04:06:50.712+0000] {load_clean.py:149} INFO - Inserted new record for Chennai (deleted old records first)
[2026-04-15T04:06:50.715+0000] {logging_mixin.py:188} WARNING - 2026-04-15 04:06:50 - scripts.load_clean - INFO - Inserted new record for Delhi (deleted old records first)
[2026-04-15T04:06:50.714+0000] {load_clean.py:149} INFO - Inserted new record for Delhi (deleted old records first)
[2026-04-15T04:06:50.716+0000] {logging_mixin.py:188} WARNING - 2026-04-15 04:06:50 - scripts.load_clean - INFO - Inserted new record for Islamabad (deleted old records first)
[2026-04-15T04:06:50.716+0000] {load_clean.py:149} INFO - Inserted new record for Islamabad (deleted old records first)
[2026-04-15T04:06:50.718+0000] {logging_mixin.py:188} WARNING - 2026-04-15 04:06:50 - scripts.load_clean - INFO - Inserted new record for Mumbai (deleted old records first)
[2026-04-15T04:06:50.718+0000] {load_clean.py:149} INFO - Inserted new record for Mumbai (deleted old records first)
[2026-04-15T04:06:50.720+0000] {logging_mixin.py:188} WARNING - 2026-04-15 04:06:50 - scripts.load_clean - INFO - Inserted new record for Ahmedabad (deleted old records first)
[2026-04-15T04:06:50.719+0000] {load_clean.py:149} INFO - Inserted new record for Ahmedabad (deleted old records first)
[2026-04-15T04:06:50.722+0000] {logging_mixin.py:188} WARNING - 2026-04-15 04:06:50 - scripts.load_clean - INFO - Inserted new record for Bengaluru (deleted old records first)
[2026-04-15T04:06:50.721+0000] {load_clean.py:149} INFO - Inserted new record for Bengaluru (deleted old records first)
[2026-04-15T04:06:50.724+0000] {logging_mixin.py:188} WARNING - 2026-04-15 04:06:50 - scripts.load_clean - INFO - Inserted new record for Chennai (deleted old records first)
[2026-04-15T04:06:50.723+0000] {load_clean.py:149} INFO - Inserted new record for Chennai (deleted old records first)
[2026-04-15T04:06:50.726+0000] {logging_mixin.py:188} WARNING - 2026-04-15 04:06:50 - scripts.load_clean - INFO - Inserted new record for Delhi (deleted old records first)
[2026-04-15T04:06:50.725+0000] {load_clean.py:149} INFO - Inserted new record for Delhi (deleted old records first)
[2026-04-15T04:06:50.728+0000] {logging_mixin.py:188} WARNING - 2026-04-15 04:06:50 - scripts.load_clean - INFO - Inserted new record for Islamabad (deleted old records first)
[2026-04-15T04:06:50.728+0000] {load_clean.py:149} INFO - Inserted new record for Islamabad (deleted old records first)
[2026-04-15T04:06:50.730+0000] {logging_mixin.py:188} WARNING - 2026-04-15 04:06:50 - scripts.load_clean - INFO - Inserted new record for Mumbai (deleted old records first)
[2026-04-15T04:06:50.730+0000] {load_clean.py:149} INFO - Inserted new record for Mumbai (deleted old records first)
[2026-04-15T04:06:50.732+0000] {logging_mixin.py:188} WARNING - 2026-04-15 04:06:50 - scripts.load_clean - INFO - Inserted new record for Ahmedabad (deleted old records first)
[2026-04-15T04:06:50.731+0000] {load_clean.py:149} INFO - Inserted new record for Ahmedabad (deleted old records first)
[2026-04-15T04:06:50.735+0000] {logging_mixin.py:188} WARNING - 2026-04-15 04:06:50 - scripts.load_clean - INFO - Inserted new record for Bengaluru (deleted old records first)
[2026-04-15T04:06:50.734+0000] {load_clean.py:149} INFO - Inserted new record for Bengaluru (deleted old records first)
[2026-04-15T04:06:50.737+0000] {logging_mixin.py:188} WARNING - 2026-04-15 04:06:50 - scripts.load_clean - INFO - Inserted new record for Chennai (deleted old records first)
[2026-04-15T04:06:50.736+0000] {load_clean.py:149} INFO - Inserted new record for Chennai (deleted old records first)
[2026-04-15T04:06:50.739+0000] {logging_mixin.py:188} WARNING - 2026-04-15 04:06:50 - scripts.load_clean - INFO - Inserted new record for Delhi (deleted old records first)
[2026-04-15T04:06:50.738+0000] {load_clean.py:149} INFO - Inserted new record for Delhi (deleted old records first)
[2026-04-15T04:06:50.742+0000] {logging_mixin.py:188} WARNING - 2026-04-15 04:06:50 - scripts.load_clean - INFO - Inserted new record for Islamabad (deleted old records first)
[2026-04-15T04:06:50.741+0000] {load_clean.py:149} INFO - Inserted new record for Islamabad (deleted old records first)
[2026-04-15T04:06:50.744+0000] {logging_mixin.py:188} WARNING - 2026-04-15 04:06:50 - scripts.load_clean - INFO - Inserted new record for Mumbai (deleted old records first)
[2026-04-15T04:06:50.744+0000] {load_clean.py:149} INFO - Inserted new record for Mumbai (deleted old records first)
[2026-04-15T04:06:50.747+0000] {logging_mixin.py:188} WARNING - 2026-04-15 04:06:50 - scripts.load_clean - INFO - Inserted new record for Pune (deleted old records first)
[2026-04-15T04:06:50.746+0000] {load_clean.py:149} INFO - Inserted new record for Pune (deleted old records first)
[2026-04-15T04:06:50.749+0000] {logging_mixin.py:188} WARNING - 2026-04-15 04:06:50 - scripts.load_clean - INFO - Inserted new record for Ahmedabad (deleted old records first)
[2026-04-15T04:06:50.748+0000] {load_clean.py:149} INFO - Inserted new record for Ahmedabad (deleted old records first)
[2026-04-15T04:06:50.751+0000] {logging_mixin.py:188} WARNING - 2026-04-15 04:06:50 - scripts.load_clean - INFO - Inserted new record for Bengaluru (deleted old records first)
[2026-04-15T04:06:50.750+0000] {load_clean.py:149} INFO - Inserted new record for Bengaluru (deleted old records first)
[2026-04-15T04:06:50.753+0000] {logging_mixin.py:188} WARNING - 2026-04-15 04:06:50 - scripts.load_clean - INFO - Inserted new record for Chennai (deleted old records first)
[2026-04-15T04:06:50.752+0000] {load_clean.py:149} INFO - Inserted new record for Chennai (deleted old records first)
[2026-04-15T04:06:50.755+0000] {logging_mixin.py:188} WARNING - 2026-04-15 04:06:50 - scripts.load_clean - INFO - Inserted new record for Delhi (deleted old records first)
[2026-04-15T04:06:50.754+0000] {load_clean.py:149} INFO - Inserted new record for Delhi (deleted old records first)
[2026-04-15T04:06:50.757+0000] {logging_mixin.py:188} WARNING - 2026-04-15 04:06:50 - scripts.load_clean - INFO - Inserted new record for Islamabad (deleted old records first)
[2026-04-15T04:06:50.757+0000] {load_clean.py:149} INFO - Inserted new record for Islamabad (deleted old records first)
[2026-04-15T04:06:50.759+0000] {logging_mixin.py:188} WARNING - 2026-04-15 04:06:50 - scripts.load_clean - INFO - Inserted new record for Mumbai (deleted old records first)
[2026-04-15T04:06:50.759+0000] {load_clean.py:149} INFO - Inserted new record for Mumbai (deleted old records first)
[2026-04-15T04:06:50.761+0000] {logging_mixin.py:188} WARNING - 2026-04-15 04:06:50 - scripts.load_clean - INFO - Inserted new record for Pune (deleted old records first)
[2026-04-15T04:06:50.761+0000] {load_clean.py:149} INFO - Inserted new record for Pune (deleted old records first)
[2026-04-15T04:06:50.763+0000] {logging_mixin.py:188} WARNING - 2026-04-15 04:06:50 - scripts.load_clean - INFO - Inserted new record for Ahmedabad (deleted old records first)
[2026-04-15T04:06:50.763+0000] {load_clean.py:149} INFO - Inserted new record for Ahmedabad (deleted old records first)
[2026-04-15T04:06:50.765+0000] {logging_mixin.py:188} WARNING - 2026-04-15 04:06:50 - scripts.load_clean - INFO - Inserted new record for Bengaluru (deleted old records first)
[2026-04-15T04:06:50.764+0000] {load_clean.py:149} INFO - Inserted new record for Bengaluru (deleted old records first)
[2026-04-15T04:06:50.766+0000] {logging_mixin.py:188} WARNING - 2026-04-15 04:06:50 - scripts.load_clean - INFO - Inserted new record for Chennai (deleted old records first)
[2026-04-15T04:06:50.766+0000] {load_clean.py:149} INFO - Inserted new record for Chennai (deleted old records first)
[2026-04-15T04:06:50.768+0000] {logging_mixin.py:188} WARNING - 2026-04-15 04:06:50 - scripts.load_clean - INFO - Inserted new record for Delhi (deleted old records first)
[2026-04-15T04:06:50.768+0000] {load_clean.py:149} INFO - Inserted new record for Delhi (deleted old records first)
[2026-04-15T04:06:50.770+0000] {logging_mixin.py:188} WARNING - 2026-04-15 04:06:50 - scripts.load_clean - INFO - Inserted new record for Islamabad (deleted old records first)
[2026-04-15T04:06:50.770+0000] {load_clean.py:149} INFO - Inserted new record for Islamabad (deleted old records first)
[2026-04-15T04:06:50.772+0000] {logging_mixin.py:188} WARNING - 2026-04-15 04:06:50 - scripts.load_clean - INFO - Inserted new record for Mumbai (deleted old records first)
[2026-04-15T04:06:50.771+0000] {load_clean.py:149} INFO - Inserted new record for Mumbai (deleted old records first)
[2026-04-15T04:06:50.774+0000] {logging_mixin.py:188} WARNING - 2026-04-15 04:06:50 - scripts.load_clean - INFO - Inserted new record for New York (deleted old records first)
[2026-04-15T04:06:50.774+0000] {load_clean.py:149} INFO - Inserted new record for New York (deleted old records first)
[2026-04-15T04:06:50.777+0000] {logging_mixin.py:188} WARNING - 2026-04-15 04:06:50 - scripts.load_clean - INFO - Inserted new record for Pune (deleted old records first)
[2026-04-15T04:06:50.777+0000] {load_clean.py:149} INFO - Inserted new record for Pune (deleted old records first)
[2026-04-15T04:06:50.779+0000] {logging_mixin.py:188} WARNING - 2026-04-15 04:06:50 - scripts.load_clean - INFO - Inserted new record for Ahmedabad (deleted old records first)
[2026-04-15T04:06:50.779+0000] {load_clean.py:149} INFO - Inserted new record for Ahmedabad (deleted old records first)
[2026-04-15T04:06:50.781+0000] {logging_mixin.py:188} WARNING - 2026-04-15 04:06:50 - scripts.load_clean - INFO - Inserted new record for Ahmedabad (deleted old records first)
[2026-04-15T04:06:50.781+0000] {load_clean.py:149} INFO - Inserted new record for Ahmedabad (deleted old records first)
[2026-04-15T04:06:50.784+0000] {logging_mixin.py:188} WARNING - 2026-04-15 04:06:50 - scripts.load_clean - INFO - Inserted new record for Bengaluru (deleted old records first)
[2026-04-15T04:06:50.783+0000] {load_clean.py:149} INFO - Inserted new record for Bengaluru (deleted old records first)
[2026-04-15T04:06:50.787+0000] {logging_mixin.py:188} WARNING - 2026-04-15 04:06:50 - scripts.load_clean - INFO - Inserted new record for Bengaluru (deleted old records first)
[2026-04-15T04:06:50.786+0000] {load_clean.py:149} INFO - Inserted new record for Bengaluru (deleted old records first)
[2026-04-15T04:06:50.789+0000] {logging_mixin.py:188} WARNING - 2026-04-15 04:06:50 - scripts.load_clean - INFO - Inserted new record for Chennai (deleted old records first)
[2026-04-15T04:06:50.789+0000] {load_clean.py:149} INFO - Inserted new record for Chennai (deleted old records first)
[2026-04-15T04:06:50.792+0000] {logging_mixin.py:188} WARNING - 2026-04-15 04:06:50 - scripts.load_clean - INFO - Inserted new record for Chennai (deleted old records first)
[2026-04-15T04:06:50.792+0000] {load_clean.py:149} INFO - Inserted new record for Chennai (deleted old records first)
[2026-04-15T04:06:50.795+0000] {logging_mixin.py:188} WARNING - 2026-04-15 04:06:50 - scripts.load_clean - INFO - Inserted new record for Delhi (deleted old records first)
[2026-04-15T04:06:50.795+0000] {load_clean.py:149} INFO - Inserted new record for Delhi (deleted old records first)
[2026-04-15T04:06:50.797+0000] {logging_mixin.py:188} WARNING - 2026-04-15 04:06:50 - scripts.load_clean - INFO - Inserted new record for Delhi (deleted old records first)
[2026-04-15T04:06:50.797+0000] {load_clean.py:149} INFO - Inserted new record for Delhi (deleted old records first)
[2026-04-15T04:06:50.799+0000] {logging_mixin.py:188} WARNING - 2026-04-15 04:06:50 - scripts.load_clean - INFO - Inserted new record for Islamabad (deleted old records first)
[2026-04-15T04:06:50.799+0000] {load_clean.py:149} INFO - Inserted new record for Islamabad (deleted old records first)
[2026-04-15T04:06:50.801+0000] {logging_mixin.py:188} WARNING - 2026-04-15 04:06:50 - scripts.load_clean - INFO - Inserted new record for Mumbai (deleted old records first)
[2026-04-15T04:06:50.801+0000] {load_clean.py:149} INFO - Inserted new record for Mumbai (deleted old records first)
[2026-04-15T04:06:50.802+0000] {logging_mixin.py:188} WARNING - 2026-04-15 04:06:50 - scripts.load_clean - INFO - Inserted new record for Islamabad (deleted old records first)
[2026-04-15T04:06:50.802+0000] {load_clean.py:149} INFO - Inserted new record for Islamabad (deleted old records first)
[2026-04-15T04:06:50.804+0000] {logging_mixin.py:188} WARNING - 2026-04-15 04:06:50 - scripts.load_clean - INFO - Inserted new record for Pune (deleted old records first)
[2026-04-15T04:06:50.804+0000] {load_clean.py:149} INFO - Inserted new record for Pune (deleted old records first)
[2026-04-15T04:06:50.807+0000] {logging_mixin.py:188} WARNING - 2026-04-15 04:06:50 - scripts.load_clean - INFO - Inserted new record for Mumbai (deleted old records first)
[2026-04-15T04:06:50.806+0000] {load_clean.py:149} INFO - Inserted new record for Mumbai (deleted old records first)
[2026-04-15T04:06:50.809+0000] {logging_mixin.py:188} WARNING - 2026-04-15 04:06:50 - scripts.load_clean - INFO - Inserted new record for Pune (deleted old records first)
[2026-04-15T04:06:50.808+0000] {load_clean.py:149} INFO - Inserted new record for Pune (deleted old records first)
[2026-04-15T04:06:50.816+0000] {logging_mixin.py:188} WARNING - 2026-04-15 04:06:50 - scripts.load_clean - INFO - Marked 110 raw records as processed
[2026-04-15T04:06:50.816+0000] {load_clean.py:252} INFO - Marked 110 raw records as processed
[2026-04-15T04:06:50.817+0000] {logging_mixin.py:188} WARNING - 2026-04-15 04:06:50 - scripts.load_clean - INFO - Clean data load complete: 110 transformed, 110 validated, 110 loaded, 0 failed
[2026-04-15T04:06:50.817+0000] {load_clean.py:224} INFO - Clean data load complete: 110 transformed, 110 validated, 110 loaded, 0 failed
[2026-04-15T04:06:50.820+0000] {logging_mixin.py:188} WARNING - 2026-04-15 04:06:50 - scripts.load_clean - INFO - Database connection closed
[2026-04-15T04:06:50.818+0000] {load_clean.py:56} INFO - Database connection closed
[2026-04-15T04:06:50.821+0000] {weather_etl_dag_v2.py:166} INFO - ✓ Transform and load complete: 110 loaded, 0 failed
[2026-04-15T04:06:50.835+0000] {python.py:237} INFO - Done. Returned value was: 110
[2026-04-15T04:06:50.836+0000] {taskinstance.py:441} INFO - ::group::Post task execution logs
[2026-04-15T04:06:50.856+0000] {taskinstance.py:1206} INFO - Marking task as SUCCESS. dag_id=weather_etl_pipeline_v2, task_id=transform_clean, run_id=scheduled__2026-04-14T02:00:00+00:00, execution_date=20260414T020000, start_date=20260415T040650, end_date=20260415T040650
[2026-04-15T04:06:50.896+0000] {local_task_job_runner.py:243} INFO - Task exited with return code 0
[2026-04-15T04:06:50.920+0000] {taskinstance.py:3503} INFO - 1 downstream tasks scheduled from follow-on schedule check
[2026-04-15T04:06:50.922+0000] {local_task_job_runner.py:222} INFO - ::endgroup::
