[2026-04-15T06:05:42.568+0000] {local_task_job_runner.py:120} INFO - ::group::Pre task execution logs
[2026-04-15T06:05:42.624+0000] {taskinstance.py:2076} INFO - Dependencies all met for dep_context=non-requeueable deps ti=<TaskInstance: weather_etl_pipeline_v2.transform_clean manual__2026-04-15T06:05:36.429600+00:00 [queued]>
[2026-04-15T06:05:42.643+0000] {taskinstance.py:2076} INFO - Dependencies all met for dep_context=requeueable deps ti=<TaskInstance: weather_etl_pipeline_v2.transform_clean manual__2026-04-15T06:05:36.429600+00:00 [queued]>
[2026-04-15T06:05:42.645+0000] {taskinstance.py:2306} INFO - Starting attempt 1 of 4
[2026-04-15T06:05:42.661+0000] {taskinstance.py:2330} INFO - Executing <Task(PythonOperator): transform_clean> on 2026-04-15 06:05:36.429600+00:00
[2026-04-15T06:05:42.670+0000] {standard_task_runner.py:90} INFO - Running: ['airflow', 'tasks', 'run', 'weather_etl_pipeline_v2', 'transform_clean', 'manual__2026-04-15T06:05:36.429600+00:00', '--job-id', '241', '--raw', '--subdir', 'DAGS_FOLDER/weather_etl_dag_v2.py', '--cfg-path', '/tmp/tmpejgy3513']
[2026-04-15T06:05:42.674+0000] {standard_task_runner.py:91} INFO - Job 241: Subtask transform_clean
[2026-04-15T06:05:42.681+0000] {logging_mixin.py:188} WARNING - /home/airflow/.local/lib/python3.12/site-packages/airflow/task/task_runner/standard_task_runner.py:62 DeprecationWarning: This process (pid=551) is multi-threaded, use of fork() may lead to deadlocks in the child.
[2026-04-15T06:05:42.682+0000] {standard_task_runner.py:64} INFO - Started process 555 to run task
[2026-04-15T06:05:42.761+0000] {task_command.py:426} INFO - Running <TaskInstance: weather_etl_pipeline_v2.transform_clean manual__2026-04-15T06:05:36.429600+00:00 [running]> on host 157a7326b030
[2026-04-15T06:05:42.865+0000] {taskinstance.py:2648} INFO - Exporting env vars: AIRFLOW_CTX_DAG_OWNER='weather_etl' AIRFLOW_CTX_DAG_ID='weather_etl_pipeline_v2' AIRFLOW_CTX_TASK_ID='transform_clean' AIRFLOW_CTX_EXECUTION_DATE='2026-04-15T06:05:36.429600+00:00' AIRFLOW_CTX_TRY_NUMBER='1' AIRFLOW_CTX_DAG_RUN_ID='manual__2026-04-15T06:05:36.429600+00:00'
[2026-04-15T06:05:42.866+0000] {taskinstance.py:430} INFO - ::endgroup::
[2026-04-15T06:05:42.880+0000] {weather_etl_dag_v2.py:148} INFO - ============================================================
[2026-04-15T06:05:42.882+0000] {weather_etl_dag_v2.py:149} INFO - TASK: TRANSFORM_CLEAN - Transform and load clean data
[2026-04-15T06:05:42.883+0000] {weather_etl_dag_v2.py:150} INFO - ============================================================
[2026-04-15T06:05:42.899+0000] {logging_mixin.py:188} WARNING - 2026-04-15 06:05:42 - scripts.load_raw - INFO - Successfully connected to PostgreSQL database
[2026-04-15T06:05:42.898+0000] {load_raw.py:38} INFO - Successfully connected to PostgreSQL database
[2026-04-15T06:05:42.903+0000] {logging_mixin.py:188} WARNING - 2026-04-15 06:05:42 - scripts.load_raw - INFO - Retrieved 9 unprocessed raw records
[2026-04-15T06:05:42.902+0000] {load_raw.py:211} INFO - Retrieved 9 unprocessed raw records
[2026-04-15T06:05:42.905+0000] {logging_mixin.py:188} WARNING - 2026-04-15 06:05:42 - scripts.load_raw - INFO - Database connection closed
[2026-04-15T06:05:42.904+0000] {load_raw.py:53} INFO - Database connection closed
[2026-04-15T06:05:42.907+0000] {logging_mixin.py:188} WARNING - 2026-04-15 06:05:42 - scripts.load_clean - INFO - Starting transformation and load for 9 raw records
[2026-04-15T06:05:42.906+0000] {load_clean.py:169} INFO - Starting transformation and load for 9 raw records
[2026-04-15T06:05:42.912+0000] {logging_mixin.py:188} WARNING - 2026-04-15 06:05:42 - scripts.load_clean - INFO - Successfully connected to PostgreSQL database
[2026-04-15T06:05:42.911+0000] {load_clean.py:41} INFO - Successfully connected to PostgreSQL database
[2026-04-15T06:05:42.915+0000] {logging_mixin.py:188} WARNING - 2026-04-15 06:05:42 - scripts.load_clean - INFO - Table 'weather_clean' created or already exists
[2026-04-15T06:05:42.914+0000] {load_clean.py:91} INFO - Table 'weather_clean' created or already exists
[2026-04-15T06:05:42.920+0000] {logging_mixin.py:188} WARNING - 2026-04-15 06:05:42 - scripts.load_clean - INFO - Inserted new record for Bengaluru (deleted old records first)
[2026-04-15T06:05:42.919+0000] {load_clean.py:149} INFO - Inserted new record for Bengaluru (deleted old records first)
[2026-04-15T06:05:42.923+0000] {logging_mixin.py:188} WARNING - 2026-04-15 06:05:42 - scripts.load_clean - INFO - Inserted new record for Chennai (deleted old records first)
[2026-04-15T06:05:42.922+0000] {load_clean.py:149} INFO - Inserted new record for Chennai (deleted old records first)
[2026-04-15T06:05:42.927+0000] {logging_mixin.py:188} WARNING - 2026-04-15 06:05:42 - scripts.load_clean - INFO - Inserted new record for Delhi (deleted old records first)
[2026-04-15T06:05:42.926+0000] {load_clean.py:149} INFO - Inserted new record for Delhi (deleted old records first)
[2026-04-15T06:05:42.932+0000] {logging_mixin.py:188} WARNING - 2026-04-15 06:05:42 - scripts.load_clean - INFO - Inserted new record for Islamabad (deleted old records first)
[2026-04-15T06:05:42.930+0000] {load_clean.py:149} INFO - Inserted new record for Islamabad (deleted old records first)
[2026-04-15T06:05:42.936+0000] {logging_mixin.py:188} WARNING - 2026-04-15 06:05:42 - scripts.load_clean - INFO - Inserted new record for Jaipur (deleted old records first)
[2026-04-15T06:05:42.935+0000] {load_clean.py:149} INFO - Inserted new record for Jaipur (deleted old records first)
[2026-04-15T06:05:42.942+0000] {logging_mixin.py:188} WARNING - 2026-04-15 06:05:42 - scripts.load_clean - INFO - Inserted new record for New York (deleted old records first)
[2026-04-15T06:05:42.941+0000] {load_clean.py:149} INFO - Inserted new record for New York (deleted old records first)
[2026-04-15T06:05:42.945+0000] {logging_mixin.py:188} WARNING - 2026-04-15 06:05:42 - scripts.load_clean - INFO - Inserted new record for Pune (deleted old records first)
[2026-04-15T06:05:42.945+0000] {load_clean.py:149} INFO - Inserted new record for Pune (deleted old records first)
[2026-04-15T06:05:42.949+0000] {logging_mixin.py:188} WARNING - 2026-04-15 06:05:42 - scripts.load_clean - INFO - Inserted new record for Udaipur (deleted old records first)
[2026-04-15T06:05:42.948+0000] {load_clean.py:149} INFO - Inserted new record for Udaipur (deleted old records first)
[2026-04-15T06:05:42.953+0000] {logging_mixin.py:188} WARNING - 2026-04-15 06:05:42 - scripts.load_clean - INFO - Inserted new record for Amsterdam (deleted old records first)
[2026-04-15T06:05:42.952+0000] {load_clean.py:149} INFO - Inserted new record for Amsterdam (deleted old records first)
[2026-04-15T06:05:42.959+0000] {logging_mixin.py:188} WARNING - 2026-04-15 06:05:42 - scripts.load_clean - INFO - Marked 9 raw records as processed
[2026-04-15T06:05:42.959+0000] {load_clean.py:252} INFO - Marked 9 raw records as processed
[2026-04-15T06:05:42.962+0000] {logging_mixin.py:188} WARNING - 2026-04-15 06:05:42 - scripts.load_clean - INFO - Clean data load complete: 9 transformed, 9 validated, 9 loaded, 0 failed
[2026-04-15T06:05:42.961+0000] {load_clean.py:224} INFO - Clean data load complete: 9 transformed, 9 validated, 9 loaded, 0 failed
[2026-04-15T06:05:42.966+0000] {logging_mixin.py:188} WARNING - 2026-04-15 06:05:42 - scripts.load_clean - INFO - Database connection closed
[2026-04-15T06:05:42.964+0000] {load_clean.py:56} INFO - Database connection closed
[2026-04-15T06:05:42.968+0000] {weather_etl_dag_v2.py:166} INFO - ✓ Transform and load complete: 9 loaded, 0 failed
[2026-04-15T06:05:42.988+0000] {python.py:237} INFO - Done. Returned value was: 9
[2026-04-15T06:05:42.989+0000] {taskinstance.py:441} INFO - ::group::Post task execution logs
[2026-04-15T06:05:43.019+0000] {taskinstance.py:1206} INFO - Marking task as SUCCESS. dag_id=weather_etl_pipeline_v2, task_id=transform_clean, run_id=manual__2026-04-15T06:05:36.429600+00:00, execution_date=20260415T060536, start_date=20260415T060542, end_date=20260415T060543
[2026-04-15T06:05:43.058+0000] {local_task_job_runner.py:243} INFO - Task exited with return code 0
[2026-04-15T06:05:43.094+0000] {taskinstance.py:3503} INFO - 1 downstream tasks scheduled from follow-on schedule check
[2026-04-15T06:05:43.097+0000] {local_task_job_runner.py:222} INFO - ::endgroup::
