[2026-04-13T06:31:33.715+0000] {local_task_job_runner.py:120} INFO - ::group::Pre task execution logs
[2026-04-13T06:31:33.758+0000] {taskinstance.py:2076} INFO - Dependencies all met for dep_context=non-requeueable deps ti=<TaskInstance: weather_etl_pipeline_v2.update_metadata_success scheduled__2026-04-12T02:00:00+00:00 [queued]>
[2026-04-13T06:31:33.772+0000] {taskinstance.py:2076} INFO - Dependencies all met for dep_context=requeueable deps ti=<TaskInstance: weather_etl_pipeline_v2.update_metadata_success scheduled__2026-04-12T02:00:00+00:00 [queued]>
[2026-04-13T06:31:33.773+0000] {taskinstance.py:2306} INFO - Starting attempt 1 of 4
[2026-04-13T06:31:33.789+0000] {taskinstance.py:2330} INFO - Executing <Task(PythonOperator): update_metadata_success> on 2026-04-12 02:00:00+00:00
[2026-04-13T06:31:33.801+0000] {logging_mixin.py:188} WARNING - /home/airflow/.local/lib/python3.12/site-packages/airflow/task/task_runner/standard_task_runner.py:62 DeprecationWarning: This process (pid=198) is multi-threaded, use of fork() may lead to deadlocks in the child.
[2026-04-13T06:31:33.798+0000] {standard_task_runner.py:90} INFO - Running: ['airflow', 'tasks', 'run', 'weather_etl_pipeline_v2', 'update_metadata_success', 'scheduled__2026-04-12T02:00:00+00:00', '--job-id', '152', '--raw', '--subdir', 'DAGS_FOLDER/weather_etl_dag_v2.py', '--cfg-path', '/tmp/tmpc1fkn6m3']
[2026-04-13T06:31:33.803+0000] {standard_task_runner.py:64} INFO - Started process 201 to run task
[2026-04-13T06:31:33.803+0000] {standard_task_runner.py:91} INFO - Job 152: Subtask update_metadata_success
[2026-04-13T06:31:33.868+0000] {task_command.py:426} INFO - Running <TaskInstance: weather_etl_pipeline_v2.update_metadata_success scheduled__2026-04-12T02:00:00+00:00 [running]> on host 9514c60f7b76
[2026-04-13T06:31:33.968+0000] {taskinstance.py:2648} INFO - Exporting env vars: AIRFLOW_CTX_DAG_OWNER='weather_etl' AIRFLOW_CTX_DAG_ID='weather_etl_pipeline_v2' AIRFLOW_CTX_TASK_ID='update_metadata_success' AIRFLOW_CTX_EXECUTION_DATE='2026-04-12T02:00:00+00:00' AIRFLOW_CTX_TRY_NUMBER='1' AIRFLOW_CTX_DAG_RUN_ID='scheduled__2026-04-12T02:00:00+00:00'
[2026-04-13T06:31:33.969+0000] {taskinstance.py:430} INFO - ::endgroup::
[2026-04-13T06:31:33.981+0000] {weather_etl_dag_v2.py:229} INFO - ============================================================
[2026-04-13T06:31:33.984+0000] {weather_etl_dag_v2.py:230} INFO - TASK: UPDATE_METADATA_SUCCESS - Recording successful run
[2026-04-13T06:31:33.987+0000] {weather_etl_dag_v2.py:231} INFO - ============================================================
[2026-04-13T06:31:34.055+0000] {logging_mixin.py:188} WARNING - 2026-04-13 06:31:34 - scripts.metadata_manager - INFO - Successfully connected to PostgreSQL database
[2026-04-13T06:31:34.053+0000] {metadata_manager.py:38} INFO - Successfully connected to PostgreSQL database
[2026-04-13T06:31:35.064+0000] {logging_mixin.py:188} WARNING - 2026-04-13 06:31:35 - scripts.metadata_manager - ERROR - Error creating table: deadlock detected
DETAIL:  Process 272 waits for ShareLock on transaction 16818; blocked by process 271.
Process 271 waits for AccessExclusiveLock on relation 16999 of database 16384; blocked by process 272.
HINT:  See server log for query details.
CONTEXT:  while updating tuple (17,19) in relation "pg_proc"
[2026-04-13T06:31:35.062+0000] {metadata_manager.py:95} ERROR - Error creating table: deadlock detected
DETAIL:  Process 272 waits for ShareLock on transaction 16818; blocked by process 271.
Process 271 waits for AccessExclusiveLock on relation 16999 of database 16384; blocked by process 272.
HINT:  See server log for query details.
CONTEXT:  while updating tuple (17,19) in relation "pg_proc"

[2026-04-13T06:31:35.069+0000] {logging_mixin.py:188} WARNING - 2026-04-13 06:31:35 - scripts.metadata_manager - ERROR - Error ending pipeline run: deadlock detected
DETAIL:  Process 272 waits for ShareLock on transaction 16818; blocked by process 271.
Process 271 waits for AccessExclusiveLock on relation 16999 of database 16384; blocked by process 272.
HINT:  See server log for query details.
CONTEXT:  while updating tuple (17,19) in relation "pg_proc"
[2026-04-13T06:31:35.067+0000] {metadata_manager.py:249} ERROR - Error ending pipeline run: deadlock detected
DETAIL:  Process 272 waits for ShareLock on transaction 16818; blocked by process 271.
Process 271 waits for AccessExclusiveLock on relation 16999 of database 16384; blocked by process 272.
HINT:  See server log for query details.
CONTEXT:  while updating tuple (17,19) in relation "pg_proc"

[2026-04-13T06:31:35.076+0000] {logging_mixin.py:188} WARNING - 2026-04-13 06:31:35 - scripts.metadata_manager - INFO - Database connection closed
[2026-04-13T06:31:35.072+0000] {metadata_manager.py:53} INFO - Database connection closed
[2026-04-13T06:31:35.080+0000] {weather_etl_dag_v2.py:253} INFO - ✓ Metadata updated: Pipeline marked as SUCCESS
[2026-04-13T06:31:35.083+0000] {weather_etl_dag_v2.py:254} INFO -   - Records processed: 5
[2026-04-13T06:31:35.086+0000] {weather_etl_dag_v2.py:255} INFO -   - Records inserted: 0
[2026-04-13T06:31:35.089+0000] {weather_etl_dag_v2.py:256} INFO -   - Validation rate: 100.0%
[2026-04-13T06:31:35.093+0000] {python.py:237} INFO - Done. Returned value was: True
[2026-04-13T06:31:35.096+0000] {taskinstance.py:441} INFO - ::group::Post task execution logs
[2026-04-13T06:31:35.165+0000] {taskinstance.py:1206} INFO - Marking task as SUCCESS. dag_id=weather_etl_pipeline_v2, task_id=update_metadata_success, run_id=scheduled__2026-04-12T02:00:00+00:00, execution_date=20260412T020000, start_date=20260413T063133, end_date=20260413T063135
[2026-04-13T06:31:35.226+0000] {local_task_job_runner.py:243} INFO - Task exited with return code 0
[2026-04-13T06:31:35.255+0000] {taskinstance.py:3503} INFO - 0 downstream tasks scheduled from follow-on schedule check
[2026-04-13T06:31:35.257+0000] {local_task_job_runner.py:222} INFO - ::endgroup::
