[2026-04-25T05:46:39.263+0000] {local_task_job_runner.py:120} INFO - ::group::Pre task execution logs
[2026-04-25T05:46:39.301+0000] {taskinstance.py:2076} INFO - Dependencies all met for dep_context=non-requeueable deps ti=<TaskInstance: weather_etl_pipeline_v2.load_raw scheduled__2026-04-24T02:00:00+00:00 [queued]>
[2026-04-25T05:46:39.312+0000] {taskinstance.py:2076} INFO - Dependencies all met for dep_context=requeueable deps ti=<TaskInstance: weather_etl_pipeline_v2.load_raw scheduled__2026-04-24T02:00:00+00:00 [queued]>
[2026-04-25T05:46:39.313+0000] {taskinstance.py:2306} INFO - Starting attempt 1 of 4
[2026-04-25T05:46:39.330+0000] {taskinstance.py:2330} INFO - Executing <Task(PythonOperator): load_raw> on 2026-04-24 02:00:00+00:00
[2026-04-25T05:46:39.338+0000] {logging_mixin.py:188} WARNING - /home/airflow/.local/lib/python3.12/site-packages/airflow/task/task_runner/standard_task_runner.py:62 DeprecationWarning: This process (pid=196) is multi-threaded, use of fork() may lead to deadlocks in the child.
[2026-04-25T05:46:39.338+0000] {standard_task_runner.py:90} INFO - Running: ['airflow', 'tasks', 'run', 'weather_etl_pipeline_v2', 'load_raw', 'scheduled__2026-04-24T02:00:00+00:00', '--job-id', '192', '--raw', '--subdir', 'DAGS_FOLDER/weather_etl_dag_v2.py', '--cfg-path', '/tmp/tmpuj650v6a']
[2026-04-25T05:46:39.340+0000] {standard_task_runner.py:64} INFO - Started process 197 to run task
[2026-04-25T05:46:39.340+0000] {standard_task_runner.py:91} INFO - Job 192: Subtask load_raw
[2026-04-25T05:46:39.405+0000] {task_command.py:426} INFO - Running <TaskInstance: weather_etl_pipeline_v2.load_raw scheduled__2026-04-24T02:00:00+00:00 [running]> on host 1d106a615a00
[2026-04-25T05:46:39.519+0000] {taskinstance.py:2648} INFO - Exporting env vars: AIRFLOW_CTX_DAG_OWNER='weather_etl' AIRFLOW_CTX_DAG_ID='weather_etl_pipeline_v2' AIRFLOW_CTX_TASK_ID='load_raw' AIRFLOW_CTX_EXECUTION_DATE='2026-04-24T02:00:00+00:00' AIRFLOW_CTX_TRY_NUMBER='1' AIRFLOW_CTX_DAG_RUN_ID='scheduled__2026-04-24T02:00:00+00:00'
[2026-04-25T05:46:39.520+0000] {taskinstance.py:430} INFO - ::endgroup::
[2026-04-25T05:46:39.535+0000] {weather_etl_dag_v2.py:141} INFO - ============================================================
[2026-04-25T05:46:39.536+0000] {weather_etl_dag_v2.py:142} INFO - TASK: LOAD_RAW — Persisting raw API responses to weather_raw
[2026-04-25T05:46:39.538+0000] {weather_etl_dag_v2.py:143} INFO - ============================================================
[2026-04-25T05:46:39.562+0000] {logging_mixin.py:188} WARNING - 2026-04-25 05:46:39 - scripts.load_raw - INFO - Starting raw data load for 14 records
[2026-04-25T05:46:39.562+0000] {load_raw.py:154} INFO - Starting raw data load for 14 records
[2026-04-25T05:46:39.570+0000] {logging_mixin.py:188} WARNING - 2026-04-25 05:46:39 - scripts.load_raw - INFO - Successfully connected to PostgreSQL database
[2026-04-25T05:46:39.569+0000] {load_raw.py:38} INFO - Successfully connected to PostgreSQL database
[2026-04-25T05:46:39.575+0000] {logging_mixin.py:188} WARNING - 2026-04-25 05:46:39 - scripts.load_raw - INFO - Table 'weather_raw' created or already exists
[2026-04-25T05:46:39.574+0000] {load_raw.py:88} INFO - Table 'weather_raw' created or already exists
[2026-04-25T05:46:39.596+0000] {logging_mixin.py:188} WARNING - 2026-04-25 05:46:39 - scripts.load_raw - INFO - Raw data load complete: 14 inserted, 0 skipped (duplicates)
[2026-04-25T05:46:39.596+0000] {load_raw.py:183} INFO - Raw data load complete: 14 inserted, 0 skipped (duplicates)
[2026-04-25T05:46:39.598+0000] {logging_mixin.py:188} WARNING - 2026-04-25 05:46:39 - scripts.load_raw - INFO - Database connection closed
[2026-04-25T05:46:39.598+0000] {load_raw.py:53} INFO - Database connection closed
[2026-04-25T05:46:39.600+0000] {weather_etl_dag_v2.py:155} INFO - ✓ Raw load complete: 14 upserted, 0 skipped (duplicates)
[2026-04-25T05:46:39.602+0000] {python.py:237} INFO - Done. Returned value was: 14
[2026-04-25T05:46:39.603+0000] {taskinstance.py:441} INFO - ::group::Post task execution logs
[2026-04-25T05:46:39.639+0000] {taskinstance.py:1206} INFO - Marking task as SUCCESS. dag_id=weather_etl_pipeline_v2, task_id=load_raw, run_id=scheduled__2026-04-24T02:00:00+00:00, execution_date=20260424T020000, start_date=20260425T054639, end_date=20260425T054639
[2026-04-25T05:46:39.676+0000] {local_task_job_runner.py:243} INFO - Task exited with return code 0
[2026-04-25T05:46:39.726+0000] {taskinstance.py:3503} INFO - 1 downstream tasks scheduled from follow-on schedule check
[2026-04-25T05:46:39.729+0000] {local_task_job_runner.py:222} INFO - ::endgroup::
