[2026-04-16T12:03:06.129+0000] {local_task_job_runner.py:120} INFO - ::group::Pre task execution logs
[2026-04-16T12:03:06.188+0000] {taskinstance.py:2076} INFO - Dependencies all met for dep_context=non-requeueable deps ti=<TaskInstance: weather_etl_pipeline_v2.extract manual__2026-04-16T12:03:03.198337+00:00 [queued]>
[2026-04-16T12:03:06.210+0000] {taskinstance.py:2076} INFO - Dependencies all met for dep_context=requeueable deps ti=<TaskInstance: weather_etl_pipeline_v2.extract manual__2026-04-16T12:03:03.198337+00:00 [queued]>
[2026-04-16T12:03:06.212+0000] {taskinstance.py:2306} INFO - Starting attempt 1 of 4
[2026-04-16T12:03:06.247+0000] {taskinstance.py:2330} INFO - Executing <Task(PythonOperator): extract> on 2026-04-16 12:03:03.198337+00:00
[2026-04-16T12:03:06.261+0000] {logging_mixin.py:188} WARNING - /home/airflow/.local/lib/python3.12/site-packages/airflow/task/task_runner/standard_task_runner.py:62 DeprecationWarning: This process (pid=351) is multi-threaded, use of fork() may lead to deadlocks in the child.
[2026-04-16T12:03:06.259+0000] {standard_task_runner.py:90} INFO - Running: ['airflow', 'tasks', 'run', 'weather_etl_pipeline_v2', 'extract', 'manual__2026-04-16T12:03:03.198337+00:00', '--job-id', '98', '--raw', '--subdir', 'DAGS_FOLDER/weather_etl_dag_v2.py', '--cfg-path', '/tmp/tmpd8u3azvh']
[2026-04-16T12:03:06.265+0000] {standard_task_runner.py:64} INFO - Started process 352 to run task
[2026-04-16T12:03:06.265+0000] {standard_task_runner.py:91} INFO - Job 98: Subtask extract
[2026-04-16T12:03:06.359+0000] {task_command.py:426} INFO - Running <TaskInstance: weather_etl_pipeline_v2.extract manual__2026-04-16T12:03:03.198337+00:00 [running]> on host 88d0b309bcf7
[2026-04-16T12:03:06.494+0000] {taskinstance.py:2648} INFO - Exporting env vars: AIRFLOW_CTX_DAG_OWNER='weather_etl' AIRFLOW_CTX_DAG_ID='weather_etl_pipeline_v2' AIRFLOW_CTX_TASK_ID='extract' AIRFLOW_CTX_EXECUTION_DATE='2026-04-16T12:03:03.198337+00:00' AIRFLOW_CTX_TRY_NUMBER='1' AIRFLOW_CTX_DAG_RUN_ID='manual__2026-04-16T12:03:03.198337+00:00'
[2026-04-16T12:03:06.496+0000] {taskinstance.py:430} INFO - ::endgroup::
[2026-04-16T12:03:06.519+0000] {weather_etl_dag_v2.py:88} INFO - ============================================================
[2026-04-16T12:03:06.521+0000] {weather_etl_dag_v2.py:89} INFO - TASK: EXTRACT — Fetching weather data from OpenWeatherMap API
[2026-04-16T12:03:06.522+0000] {weather_etl_dag_v2.py:90} INFO - ============================================================
[2026-04-16T12:03:06.531+0000] {weather_etl_dag_v2.py:109} INFO - Active cities fetched from DB: ['Ahmedabad', 'Bengaluru', 'Chennai', 'Delhi', 'Indore', 'Manali', 'Mumbai', 'New York', 'Palanpur']
[2026-04-16T12:03:06.537+0000] {logging_mixin.py:188} WARNING - 2026-04-16 12:03:06 - scripts.extract - INFO - Starting extraction for cities: Ahmedabad, Bengaluru, Chennai, Delhi, Indore, Manali, Mumbai, New York, Palanpur
[2026-04-16T12:03:06.536+0000] {extract.py:127} INFO - Starting extraction for cities: Ahmedabad, Bengaluru, Chennai, Delhi, Indore, Manali, Mumbai, New York, Palanpur
[2026-04-16T12:03:06.539+0000] {logging_mixin.py:188} WARNING - 2026-04-16 12:03:06 - scripts.extract - INFO - Starting extraction for 9 cities
[2026-04-16T12:03:06.538+0000] {extract.py:96} INFO - Starting extraction for 9 cities
[2026-04-16T12:03:06.541+0000] {logging_mixin.py:188} WARNING - 2026-04-16 12:03:06 - scripts.extract - INFO - Fetching weather data for Ahmedabad (attempt 1/3)
[2026-04-16T12:03:06.541+0000] {extract.py:47} INFO - Fetching weather data for Ahmedabad (attempt 1/3)
[2026-04-16T12:03:06.894+0000] {logging_mixin.py:188} WARNING - 2026-04-16 12:03:06 - scripts.extract - INFO - Successfully fetched data for Ahmedabad
[2026-04-16T12:03:06.892+0000] {extract.py:53} INFO - Successfully fetched data for Ahmedabad
[2026-04-16T12:03:06.900+0000] {logging_mixin.py:188} WARNING - 2026-04-16 12:03:06 - scripts.extract - INFO - Fetching weather data for Bengaluru (attempt 1/3)
[2026-04-16T12:03:06.899+0000] {extract.py:47} INFO - Fetching weather data for Bengaluru (attempt 1/3)
[2026-04-16T12:03:07.122+0000] {logging_mixin.py:188} WARNING - 2026-04-16 12:03:07 - scripts.extract - INFO - Successfully fetched data for Bengaluru
[2026-04-16T12:03:07.121+0000] {extract.py:53} INFO - Successfully fetched data for Bengaluru
[2026-04-16T12:03:07.127+0000] {logging_mixin.py:188} WARNING - 2026-04-16 12:03:07 - scripts.extract - INFO - Fetching weather data for Chennai (attempt 1/3)
[2026-04-16T12:03:07.126+0000] {extract.py:47} INFO - Fetching weather data for Chennai (attempt 1/3)
[2026-04-16T12:03:07.335+0000] {logging_mixin.py:188} WARNING - 2026-04-16 12:03:07 - scripts.extract - INFO - Successfully fetched data for Chennai
[2026-04-16T12:03:07.334+0000] {extract.py:53} INFO - Successfully fetched data for Chennai
[2026-04-16T12:03:07.339+0000] {logging_mixin.py:188} WARNING - 2026-04-16 12:03:07 - scripts.extract - INFO - Fetching weather data for Delhi (attempt 1/3)
[2026-04-16T12:03:07.337+0000] {extract.py:47} INFO - Fetching weather data for Delhi (attempt 1/3)
[2026-04-16T12:03:07.564+0000] {logging_mixin.py:188} WARNING - 2026-04-16 12:03:07 - scripts.extract - INFO - Successfully fetched data for Delhi
[2026-04-16T12:03:07.563+0000] {extract.py:53} INFO - Successfully fetched data for Delhi
[2026-04-16T12:03:07.567+0000] {logging_mixin.py:188} WARNING - 2026-04-16 12:03:07 - scripts.extract - INFO - Fetching weather data for Indore (attempt 1/3)
[2026-04-16T12:03:07.566+0000] {extract.py:47} INFO - Fetching weather data for Indore (attempt 1/3)
[2026-04-16T12:03:07.761+0000] {logging_mixin.py:188} WARNING - 2026-04-16 12:03:07 - scripts.extract - INFO - Successfully fetched data for Indore
[2026-04-16T12:03:07.760+0000] {extract.py:53} INFO - Successfully fetched data for Indore
[2026-04-16T12:03:07.766+0000] {logging_mixin.py:188} WARNING - 2026-04-16 12:03:07 - scripts.extract - INFO - Fetching weather data for Manali (attempt 1/3)
[2026-04-16T12:03:07.764+0000] {extract.py:47} INFO - Fetching weather data for Manali (attempt 1/3)
[2026-04-16T12:03:07.988+0000] {logging_mixin.py:188} WARNING - 2026-04-16 12:03:07 - scripts.extract - INFO - Successfully fetched data for Manali
[2026-04-16T12:03:07.986+0000] {extract.py:53} INFO - Successfully fetched data for Manali
[2026-04-16T12:03:07.993+0000] {logging_mixin.py:188} WARNING - 2026-04-16 12:03:07 - scripts.extract - INFO - Fetching weather data for Mumbai (attempt 1/3)
[2026-04-16T12:03:07.992+0000] {extract.py:47} INFO - Fetching weather data for Mumbai (attempt 1/3)
[2026-04-16T12:03:08.204+0000] {logging_mixin.py:188} WARNING - 2026-04-16 12:03:08 - scripts.extract - INFO - Successfully fetched data for Mumbai
[2026-04-16T12:03:08.203+0000] {extract.py:53} INFO - Successfully fetched data for Mumbai
[2026-04-16T12:03:08.208+0000] {logging_mixin.py:188} WARNING - 2026-04-16 12:03:08 - scripts.extract - INFO - Fetching weather data for New York (attempt 1/3)
[2026-04-16T12:03:08.207+0000] {extract.py:47} INFO - Fetching weather data for New York (attempt 1/3)
[2026-04-16T12:03:08.409+0000] {logging_mixin.py:188} WARNING - 2026-04-16 12:03:08 - scripts.extract - INFO - Successfully fetched data for New York
[2026-04-16T12:03:08.408+0000] {extract.py:53} INFO - Successfully fetched data for New York
[2026-04-16T12:03:08.413+0000] {logging_mixin.py:188} WARNING - 2026-04-16 12:03:08 - scripts.extract - INFO - Fetching weather data for Palanpur (attempt 1/3)
[2026-04-16T12:03:08.411+0000] {extract.py:47} INFO - Fetching weather data for Palanpur (attempt 1/3)
[2026-04-16T12:03:08.635+0000] {logging_mixin.py:188} WARNING - 2026-04-16 12:03:08 - scripts.extract - INFO - Successfully fetched data for Palanpur
[2026-04-16T12:03:08.633+0000] {extract.py:53} INFO - Successfully fetched data for Palanpur
[2026-04-16T12:03:08.642+0000] {logging_mixin.py:188} WARNING - 2026-04-16 12:03:08 - scripts.extract - INFO - Extraction complete: 9 successful, 0 failed
[2026-04-16T12:03:08.640+0000] {extract.py:114} INFO - Extraction complete: 9 successful, 0 failed
[2026-04-16T12:03:08.647+0000] {logging_mixin.py:188} WARNING - 2026-04-16 12:03:08 - scripts.extract - INFO - Extracted 9 weather records
[2026-04-16T12:03:08.646+0000] {extract.py:131} INFO - Extracted 9 weather records
[2026-04-16T12:03:08.685+0000] {weather_etl_dag_v2.py:117} INFO - ✓ Extraction complete: 9 records for 9 cities in 2.16s
[2026-04-16T12:03:08.688+0000] {python.py:237} INFO - Done. Returned value was: 9
[2026-04-16T12:03:08.689+0000] {taskinstance.py:441} INFO - ::group::Post task execution logs
[2026-04-16T12:03:08.730+0000] {taskinstance.py:1206} INFO - Marking task as SUCCESS. dag_id=weather_etl_pipeline_v2, task_id=extract, run_id=manual__2026-04-16T12:03:03.198337+00:00, execution_date=20260416T120303, start_date=20260416T120306, end_date=20260416T120308
[2026-04-16T12:03:08.777+0000] {local_task_job_runner.py:243} INFO - Task exited with return code 0
[2026-04-16T12:03:08.825+0000] {taskinstance.py:3503} INFO - 1 downstream tasks scheduled from follow-on schedule check
[2026-04-16T12:03:08.828+0000] {local_task_job_runner.py:222} INFO - ::endgroup::
