[2026-04-16T12:00:27.977+0000] {local_task_job_runner.py:120} INFO - ::group::Pre task execution logs
[2026-04-16T12:00:28.025+0000] {taskinstance.py:2076} INFO - Dependencies all met for dep_context=non-requeueable deps ti=<TaskInstance: weather_etl_pipeline_v2.load_raw manual__2026-04-16T12:00:22.316960+00:00 [queued]>
[2026-04-16T12:00:28.040+0000] {taskinstance.py:2076} INFO - Dependencies all met for dep_context=requeueable deps ti=<TaskInstance: weather_etl_pipeline_v2.load_raw manual__2026-04-16T12:00:22.316960+00:00 [queued]>
[2026-04-16T12:00:28.041+0000] {taskinstance.py:2306} INFO - Starting attempt 1 of 4
[2026-04-16T12:00:28.063+0000] {taskinstance.py:2330} INFO - Executing <Task(PythonOperator): load_raw> on 2026-04-16 12:00:22.316960+00:00
[2026-04-16T12:00:28.073+0000] {logging_mixin.py:188} WARNING - /home/airflow/.local/lib/python3.12/site-packages/airflow/task/task_runner/standard_task_runner.py:62 DeprecationWarning: This process (pid=247) is multi-threaded, use of fork() may lead to deadlocks in the child.
[2026-04-16T12:00:28.075+0000] {standard_task_runner.py:64} INFO - Started process 248 to run task
[2026-04-16T12:00:28.073+0000] {standard_task_runner.py:90} INFO - Running: ['airflow', 'tasks', 'run', 'weather_etl_pipeline_v2', 'load_raw', 'manual__2026-04-16T12:00:22.316960+00:00', '--job-id', '85', '--raw', '--subdir', 'DAGS_FOLDER/weather_etl_dag_v2.py', '--cfg-path', '/tmp/tmpjxm6bvfg']
[2026-04-16T12:00:28.076+0000] {standard_task_runner.py:91} INFO - Job 85: Subtask load_raw
[2026-04-16T12:00:28.152+0000] {task_command.py:426} INFO - Running <TaskInstance: weather_etl_pipeline_v2.load_raw manual__2026-04-16T12:00:22.316960+00:00 [running]> on host 88d0b309bcf7
[2026-04-16T12:00:28.283+0000] {taskinstance.py:2648} INFO - Exporting env vars: AIRFLOW_CTX_DAG_OWNER='weather_etl' AIRFLOW_CTX_DAG_ID='weather_etl_pipeline_v2' AIRFLOW_CTX_TASK_ID='load_raw' AIRFLOW_CTX_EXECUTION_DATE='2026-04-16T12:00:22.316960+00:00' AIRFLOW_CTX_TRY_NUMBER='1' AIRFLOW_CTX_DAG_RUN_ID='manual__2026-04-16T12:00:22.316960+00:00'
[2026-04-16T12:00:28.284+0000] {taskinstance.py:430} INFO - ::endgroup::
[2026-04-16T12:00:28.303+0000] {weather_etl_dag_v2.py:141} INFO - ============================================================
[2026-04-16T12:00:28.305+0000] {weather_etl_dag_v2.py:142} INFO - TASK: LOAD_RAW — Persisting raw API responses to weather_raw
[2026-04-16T12:00:28.308+0000] {weather_etl_dag_v2.py:143} INFO - ============================================================
[2026-04-16T12:00:28.331+0000] {logging_mixin.py:188} WARNING - 2026-04-16 12:00:28 - scripts.load_raw - INFO - Starting raw data load for 8 records
[2026-04-16T12:00:28.330+0000] {load_raw.py:154} INFO - Starting raw data load for 8 records
[2026-04-16T12:00:28.341+0000] {logging_mixin.py:188} WARNING - 2026-04-16 12:00:28 - scripts.load_raw - INFO - Successfully connected to PostgreSQL database
[2026-04-16T12:00:28.340+0000] {load_raw.py:38} INFO - Successfully connected to PostgreSQL database
[2026-04-16T12:00:28.346+0000] {logging_mixin.py:188} WARNING - 2026-04-16 12:00:28 - scripts.load_raw - INFO - Table 'weather_raw' created or already exists
[2026-04-16T12:00:28.345+0000] {load_raw.py:88} INFO - Table 'weather_raw' created or already exists
[2026-04-16T12:00:28.368+0000] {logging_mixin.py:188} WARNING - 2026-04-16 12:00:28 - scripts.load_raw - INFO - Raw data load complete: 8 inserted, 0 skipped (duplicates)
[2026-04-16T12:00:28.368+0000] {load_raw.py:183} INFO - Raw data load complete: 8 inserted, 0 skipped (duplicates)
[2026-04-16T12:00:28.371+0000] {logging_mixin.py:188} WARNING - 2026-04-16 12:00:28 - scripts.load_raw - INFO - Database connection closed
[2026-04-16T12:00:28.371+0000] {load_raw.py:53} INFO - Database connection closed
[2026-04-16T12:00:28.373+0000] {weather_etl_dag_v2.py:155} INFO - ✓ Raw load complete: 8 upserted, 0 skipped (duplicates)
[2026-04-16T12:00:28.374+0000] {python.py:237} INFO - Done. Returned value was: 8
[2026-04-16T12:00:28.375+0000] {taskinstance.py:441} INFO - ::group::Post task execution logs
[2026-04-16T12:00:28.408+0000] {taskinstance.py:1206} INFO - Marking task as SUCCESS. dag_id=weather_etl_pipeline_v2, task_id=load_raw, run_id=manual__2026-04-16T12:00:22.316960+00:00, execution_date=20260416T120022, start_date=20260416T120028, end_date=20260416T120028
[2026-04-16T12:00:28.451+0000] {local_task_job_runner.py:243} INFO - Task exited with return code 0
[2026-04-16T12:00:28.495+0000] {taskinstance.py:3503} INFO - 0 downstream tasks scheduled from follow-on schedule check
[2026-04-16T12:00:28.499+0000] {local_task_job_runner.py:222} INFO - ::endgroup::
