[2026-04-15T04:06:52.492+0000] {local_task_job_runner.py:120} INFO - ::group::Pre task execution logs
[2026-04-15T04:06:52.523+0000] {taskinstance.py:2076} INFO - Dependencies all met for dep_context=non-requeueable deps ti=<TaskInstance: weather_etl_pipeline_v2.quality_check scheduled__2026-04-13T02:00:00+00:00 [queued]>
[2026-04-15T04:06:52.533+0000] {taskinstance.py:2076} INFO - Dependencies all met for dep_context=requeueable deps ti=<TaskInstance: weather_etl_pipeline_v2.quality_check scheduled__2026-04-13T02:00:00+00:00 [queued]>
[2026-04-15T04:06:52.534+0000] {taskinstance.py:2306} INFO - Starting attempt 1 of 3
[2026-04-15T04:06:52.548+0000] {taskinstance.py:2330} INFO - Executing <Task(PythonOperator): quality_check> on 2026-04-13 02:00:00+00:00
[2026-04-15T04:06:52.555+0000] {standard_task_runner.py:90} INFO - Running: ['airflow', 'tasks', 'run', 'weather_etl_pipeline_v2', 'quality_check', 'scheduled__2026-04-13T02:00:00+00:00', '--job-id', '219', '--raw', '--subdir', 'DAGS_FOLDER/weather_etl_dag_v2.py', '--cfg-path', '/tmp/tmp394mfgv6']
[2026-04-15T04:06:52.557+0000] {standard_task_runner.py:91} INFO - Job 219: Subtask quality_check
[2026-04-15T04:06:52.559+0000] {logging_mixin.py:188} WARNING - /home/airflow/.local/lib/python3.12/site-packages/airflow/task/task_runner/standard_task_runner.py:62 DeprecationWarning: This process (pid=217) is multi-threaded, use of fork() may lead to deadlocks in the child.
[2026-04-15T04:06:52.561+0000] {standard_task_runner.py:64} INFO - Started process 218 to run task
[2026-04-15T04:06:52.610+0000] {task_command.py:426} INFO - Running <TaskInstance: weather_etl_pipeline_v2.quality_check scheduled__2026-04-13T02:00:00+00:00 [running]> on host 02fa0425b6f9
[2026-04-15T04:06:52.708+0000] {taskinstance.py:2648} INFO - Exporting env vars: AIRFLOW_CTX_DAG_OWNER='weather_etl' AIRFLOW_CTX_DAG_ID='weather_etl_pipeline_v2' AIRFLOW_CTX_TASK_ID='quality_check' AIRFLOW_CTX_EXECUTION_DATE='2026-04-13T02:00:00+00:00' AIRFLOW_CTX_TRY_NUMBER='1' AIRFLOW_CTX_DAG_RUN_ID='scheduled__2026-04-13T02:00:00+00:00'
[2026-04-15T04:06:52.709+0000] {taskinstance.py:430} INFO - ::endgroup::
[2026-04-15T04:06:52.724+0000] {weather_etl_dag_v2.py:183} INFO - ============================================================
[2026-04-15T04:06:52.726+0000] {weather_etl_dag_v2.py:184} INFO - TASK: QUALITY_CHECK - Validating data quality
[2026-04-15T04:06:52.727+0000] {weather_etl_dag_v2.py:185} INFO - ============================================================
[2026-04-15T04:06:52.741+0000] {logging_mixin.py:188} WARNING - 2026-04-15 04:06:52 - scripts.validate - INFO - Starting data quality validation for 8 records
[2026-04-15T04:06:52.739+0000] {validate.py:201} INFO - Starting data quality validation for 8 records
[2026-04-15T04:06:52.743+0000] {logging_mixin.py:188} WARNING - 2026-04-15 04:06:52 - scripts.validate - INFO - Validation complete: 8 valid, 0 invalid (100.0% pass rate)
[2026-04-15T04:06:52.743+0000] {validate.py:228} INFO - Validation complete: 8 valid, 0 invalid (100.0% pass rate)
[2026-04-15T04:06:52.744+0000] {weather_etl_dag_v2.py:232} INFO - ✓ Quality check complete: 100.0% pass rate
[2026-04-15T04:06:52.758+0000] {python.py:237} INFO - Done. Returned value was: 100.0
[2026-04-15T04:06:52.761+0000] {taskinstance.py:441} INFO - ::group::Post task execution logs
[2026-04-15T04:06:52.781+0000] {taskinstance.py:1206} INFO - Marking task as SUCCESS. dag_id=weather_etl_pipeline_v2, task_id=quality_check, run_id=scheduled__2026-04-13T02:00:00+00:00, execution_date=20260413T020000, start_date=20260415T040652, end_date=20260415T040652
[2026-04-15T04:06:52.816+0000] {local_task_job_runner.py:243} INFO - Task exited with return code 0
[2026-04-15T04:06:52.845+0000] {taskinstance.py:3503} INFO - 1 downstream tasks scheduled from follow-on schedule check
[2026-04-15T04:06:52.850+0000] {local_task_job_runner.py:222} INFO - ::endgroup::
