[2026-04-22T07:05:23.596+0000] {local_task_job_runner.py:120} INFO - ::group::Pre task execution logs
[2026-04-22T07:05:23.687+0000] {taskinstance.py:2076} INFO - Dependencies all met for dep_context=non-requeueable deps ti=<TaskInstance: weather_etl_pipeline_v2.update_metadata_success scheduled__2026-04-21T02:00:00+00:00 [queued]>
[2026-04-22T07:05:23.712+0000] {taskinstance.py:2076} INFO - Dependencies all met for dep_context=requeueable deps ti=<TaskInstance: weather_etl_pipeline_v2.update_metadata_success scheduled__2026-04-21T02:00:00+00:00 [queued]>
[2026-04-22T07:05:23.714+0000] {taskinstance.py:2306} INFO - Starting attempt 1 of 4
[2026-04-22T07:05:23.746+0000] {taskinstance.py:2330} INFO - Executing <Task(PythonOperator): update_metadata_success> on 2026-04-21 02:00:00+00:00
[2026-04-22T07:05:23.763+0000] {logging_mixin.py:188} WARNING - /home/airflow/.local/lib/python3.12/site-packages/airflow/task/task_runner/standard_task_runner.py:62 DeprecationWarning: This process (pid=238) is multi-threaded, use of fork() may lead to deadlocks in the child.
[2026-04-22T07:05:23.761+0000] {standard_task_runner.py:90} INFO - Running: ['airflow', 'tasks', 'run', 'weather_etl_pipeline_v2', 'update_metadata_success', 'scheduled__2026-04-21T02:00:00+00:00', '--job-id', '188', '--raw', '--subdir', 'DAGS_FOLDER/weather_etl_dag_v2.py', '--cfg-path', '/tmp/tmpvbz6aax9']
[2026-04-22T07:05:23.767+0000] {standard_task_runner.py:64} INFO - Started process 239 to run task
[2026-04-22T07:05:23.768+0000] {standard_task_runner.py:91} INFO - Job 188: Subtask update_metadata_success
[2026-04-22T07:05:23.912+0000] {task_command.py:426} INFO - Running <TaskInstance: weather_etl_pipeline_v2.update_metadata_success scheduled__2026-04-21T02:00:00+00:00 [running]> on host 0986b561c3e9
[2026-04-22T07:05:24.153+0000] {taskinstance.py:2648} INFO - Exporting env vars: AIRFLOW_CTX_DAG_OWNER='weather_etl' AIRFLOW_CTX_DAG_ID='weather_etl_pipeline_v2' AIRFLOW_CTX_TASK_ID='update_metadata_success' AIRFLOW_CTX_EXECUTION_DATE='2026-04-21T02:00:00+00:00' AIRFLOW_CTX_TRY_NUMBER='1' AIRFLOW_CTX_DAG_RUN_ID='scheduled__2026-04-21T02:00:00+00:00'
[2026-04-22T07:05:24.156+0000] {taskinstance.py:430} INFO - ::endgroup::
[2026-04-22T07:05:24.188+0000] {weather_etl_dag_v2.py:316} INFO - ============================================================
[2026-04-22T07:05:24.191+0000] {weather_etl_dag_v2.py:317} INFO - TASK: UPDATE_METADATA_SUCCESS — Recording successful pipeline run
[2026-04-22T07:05:24.192+0000] {weather_etl_dag_v2.py:318} INFO - ============================================================
[2026-04-22T07:05:24.287+0000] {logging_mixin.py:188} WARNING - 2026-04-22 07:05:24 - scripts.metadata_manager - INFO - Successfully connected to PostgreSQL database
[2026-04-22T07:05:24.286+0000] {metadata_manager.py:38} INFO - Successfully connected to PostgreSQL database
[2026-04-22T07:05:24.297+0000] {logging_mixin.py:188} WARNING - 2026-04-22 07:05:24 - scripts.metadata_manager - INFO - Table 'pipeline_metadata' created or already exists
[2026-04-22T07:05:24.296+0000] {metadata_manager.py:92} INFO - Table 'pipeline_metadata' created or already exists
[2026-04-22T07:05:24.305+0000] {logging_mixin.py:188} WARNING - 2026-04-22 07:05:24 - scripts.metadata_manager - INFO - Pipeline weather_etl_pipeline_v2 marked as SUCCESS: 3 processed, 215 inserted, 0 failed
[2026-04-22T07:05:24.305+0000] {metadata_manager.py:241} INFO - Pipeline weather_etl_pipeline_v2 marked as SUCCESS: 3 processed, 215 inserted, 0 failed
[2026-04-22T07:05:24.308+0000] {logging_mixin.py:188} WARNING - 2026-04-22 07:05:24 - scripts.metadata_manager - INFO - Database connection closed
[2026-04-22T07:05:24.308+0000] {metadata_manager.py:53} INFO - Database connection closed
[2026-04-22T07:05:24.310+0000] {weather_etl_dag_v2.py:338} INFO - ✓ Pipeline marked as SUCCESS
[2026-04-22T07:05:24.312+0000] {weather_etl_dag_v2.py:339} INFO -   Records extracted  : 3
[2026-04-22T07:05:24.314+0000] {weather_etl_dag_v2.py:340} INFO -   Records inserted   : 215
[2026-04-22T07:05:24.315+0000] {weather_etl_dag_v2.py:341} INFO -   Records failed     : 0
[2026-04-22T07:05:24.317+0000] {weather_etl_dag_v2.py:342} INFO -   Validation rate    : 100.0%
[2026-04-22T07:05:24.323+0000] {weather_etl_dag_v2.py:343} INFO -   Agg rows upserted  : 14
[2026-04-22T07:05:24.324+0000] {python.py:237} INFO - Done. Returned value was: True
[2026-04-22T07:05:24.326+0000] {taskinstance.py:441} INFO - ::group::Post task execution logs
[2026-04-22T07:05:24.366+0000] {taskinstance.py:1206} INFO - Marking task as SUCCESS. dag_id=weather_etl_pipeline_v2, task_id=update_metadata_success, run_id=scheduled__2026-04-21T02:00:00+00:00, execution_date=20260421T020000, start_date=20260422T070523, end_date=20260422T070524
[2026-04-22T07:05:24.428+0000] {local_task_job_runner.py:243} INFO - Task exited with return code 0
[2026-04-22T07:05:24.453+0000] {taskinstance.py:3503} INFO - 0 downstream tasks scheduled from follow-on schedule check
[2026-04-22T07:05:24.456+0000] {local_task_job_runner.py:222} INFO - ::endgroup::
