[2026-04-10T13:01:49.022+0000] {processor.py:161} INFO - Started process (PID=172) to work on /opt/airflow/dags/__init__.py
[2026-04-10T13:01:49.024+0000] {processor.py:830} INFO - Processing file /opt/airflow/dags/__init__.py for tasks to queue
[2026-04-10T13:01:49.027+0000] {logging_mixin.py:188} INFO - [2026-04-10T13:01:49.027+0000] {dagbag.py:545} INFO - Filling up the DagBag from /opt/airflow/dags/__init__.py
[2026-04-10T13:01:49.058+0000] {processor.py:842} WARNING - No viable dags retrieved from /opt/airflow/dags/__init__.py
[2026-04-10T13:01:49.080+0000] {processor.py:183} INFO - Processing /opt/airflow/dags/__init__.py took 0.065 seconds
[2026-04-10T13:02:19.217+0000] {processor.py:161} INFO - Started process (PID=179) to work on /opt/airflow/dags/__init__.py
[2026-04-10T13:02:19.219+0000] {processor.py:830} INFO - Processing file /opt/airflow/dags/__init__.py for tasks to queue
[2026-04-10T13:02:19.223+0000] {logging_mixin.py:188} INFO - [2026-04-10T13:02:19.222+0000] {dagbag.py:545} INFO - Filling up the DagBag from /opt/airflow/dags/__init__.py
[2026-04-10T13:02:19.277+0000] {processor.py:842} WARNING - No viable dags retrieved from /opt/airflow/dags/__init__.py
[2026-04-10T13:02:19.320+0000] {processor.py:183} INFO - Processing /opt/airflow/dags/__init__.py took 0.117 seconds
[2026-04-10T13:02:49.545+0000] {processor.py:161} INFO - Started process (PID=189) to work on /opt/airflow/dags/__init__.py
[2026-04-10T13:02:49.547+0000] {processor.py:830} INFO - Processing file /opt/airflow/dags/__init__.py for tasks to queue
[2026-04-10T13:02:49.552+0000] {logging_mixin.py:188} INFO - [2026-04-10T13:02:49.552+0000] {dagbag.py:545} INFO - Filling up the DagBag from /opt/airflow/dags/__init__.py
[2026-04-10T13:02:49.605+0000] {processor.py:842} WARNING - No viable dags retrieved from /opt/airflow/dags/__init__.py
[2026-04-10T13:02:49.647+0000] {processor.py:183} INFO - Processing /opt/airflow/dags/__init__.py took 0.118 seconds
[2026-04-10T13:03:20.153+0000] {processor.py:161} INFO - Started process (PID=199) to work on /opt/airflow/dags/__init__.py
[2026-04-10T13:03:20.155+0000] {processor.py:830} INFO - Processing file /opt/airflow/dags/__init__.py for tasks to queue
[2026-04-10T13:03:20.159+0000] {logging_mixin.py:188} INFO - [2026-04-10T13:03:20.158+0000] {dagbag.py:545} INFO - Filling up the DagBag from /opt/airflow/dags/__init__.py
[2026-04-10T13:03:20.209+0000] {processor.py:842} WARNING - No viable dags retrieved from /opt/airflow/dags/__init__.py
[2026-04-10T13:03:20.236+0000] {processor.py:183} INFO - Processing /opt/airflow/dags/__init__.py took 0.100 seconds
[2026-04-10T13:03:50.695+0000] {processor.py:161} INFO - Started process (PID=209) to work on /opt/airflow/dags/__init__.py
[2026-04-10T13:03:50.697+0000] {processor.py:830} INFO - Processing file /opt/airflow/dags/__init__.py for tasks to queue
[2026-04-10T13:03:50.700+0000] {logging_mixin.py:188} INFO - [2026-04-10T13:03:50.699+0000] {dagbag.py:545} INFO - Filling up the DagBag from /opt/airflow/dags/__init__.py
[2026-04-10T13:03:50.742+0000] {processor.py:842} WARNING - No viable dags retrieved from /opt/airflow/dags/__init__.py
[2026-04-10T13:03:50.777+0000] {processor.py:183} INFO - Processing /opt/airflow/dags/__init__.py took 0.090 seconds
[2026-04-10T13:04:21.262+0000] {processor.py:161} INFO - Started process (PID=243) to work on /opt/airflow/dags/__init__.py
[2026-04-10T13:04:21.265+0000] {processor.py:830} INFO - Processing file /opt/airflow/dags/__init__.py for tasks to queue
[2026-04-10T13:04:21.269+0000] {logging_mixin.py:188} INFO - [2026-04-10T13:04:21.268+0000] {dagbag.py:545} INFO - Filling up the DagBag from /opt/airflow/dags/__init__.py
[2026-04-10T13:04:21.305+0000] {processor.py:842} WARNING - No viable dags retrieved from /opt/airflow/dags/__init__.py
[2026-04-10T13:04:21.336+0000] {processor.py:183} INFO - Processing /opt/airflow/dags/__init__.py took 0.082 seconds
[2026-04-10T13:04:51.905+0000] {processor.py:161} INFO - Started process (PID=253) to work on /opt/airflow/dags/__init__.py
[2026-04-10T13:04:51.907+0000] {processor.py:830} INFO - Processing file /opt/airflow/dags/__init__.py for tasks to queue
[2026-04-10T13:04:51.910+0000] {logging_mixin.py:188} INFO - [2026-04-10T13:04:51.910+0000] {dagbag.py:545} INFO - Filling up the DagBag from /opt/airflow/dags/__init__.py
[2026-04-10T13:04:51.947+0000] {processor.py:842} WARNING - No viable dags retrieved from /opt/airflow/dags/__init__.py
[2026-04-10T13:04:51.975+0000] {processor.py:183} INFO - Processing /opt/airflow/dags/__init__.py took 0.079 seconds
[2026-04-10T13:05:22.528+0000] {processor.py:161} INFO - Started process (PID=263) to work on /opt/airflow/dags/__init__.py
[2026-04-10T13:05:22.532+0000] {processor.py:830} INFO - Processing file /opt/airflow/dags/__init__.py for tasks to queue
[2026-04-10T13:05:22.537+0000] {logging_mixin.py:188} INFO - [2026-04-10T13:05:22.537+0000] {dagbag.py:545} INFO - Filling up the DagBag from /opt/airflow/dags/__init__.py
[2026-04-10T13:05:22.578+0000] {processor.py:842} WARNING - No viable dags retrieved from /opt/airflow/dags/__init__.py
[2026-04-10T13:05:22.606+0000] {processor.py:183} INFO - Processing /opt/airflow/dags/__init__.py took 0.090 seconds
[2026-04-10T13:05:53.091+0000] {processor.py:161} INFO - Started process (PID=273) to work on /opt/airflow/dags/__init__.py
[2026-04-10T13:05:53.093+0000] {processor.py:830} INFO - Processing file /opt/airflow/dags/__init__.py for tasks to queue
[2026-04-10T13:05:53.098+0000] {logging_mixin.py:188} INFO - [2026-04-10T13:05:53.097+0000] {dagbag.py:545} INFO - Filling up the DagBag from /opt/airflow/dags/__init__.py
[2026-04-10T13:05:53.153+0000] {processor.py:842} WARNING - No viable dags retrieved from /opt/airflow/dags/__init__.py
[2026-04-10T13:05:53.179+0000] {processor.py:183} INFO - Processing /opt/airflow/dags/__init__.py took 0.096 seconds
[2026-04-10T13:06:23.643+0000] {processor.py:161} INFO - Started process (PID=283) to work on /opt/airflow/dags/__init__.py
[2026-04-10T13:06:23.646+0000] {processor.py:830} INFO - Processing file /opt/airflow/dags/__init__.py for tasks to queue
[2026-04-10T13:06:23.649+0000] {logging_mixin.py:188} INFO - [2026-04-10T13:06:23.649+0000] {dagbag.py:545} INFO - Filling up the DagBag from /opt/airflow/dags/__init__.py
[2026-04-10T13:06:23.695+0000] {processor.py:842} WARNING - No viable dags retrieved from /opt/airflow/dags/__init__.py
[2026-04-10T13:06:23.721+0000] {processor.py:183} INFO - Processing /opt/airflow/dags/__init__.py took 0.088 seconds
[2026-04-10T13:06:54.388+0000] {processor.py:161} INFO - Started process (PID=293) to work on /opt/airflow/dags/__init__.py
[2026-04-10T13:06:54.390+0000] {processor.py:830} INFO - Processing file /opt/airflow/dags/__init__.py for tasks to queue
[2026-04-10T13:06:54.393+0000] {logging_mixin.py:188} INFO - [2026-04-10T13:06:54.393+0000] {dagbag.py:545} INFO - Filling up the DagBag from /opt/airflow/dags/__init__.py
[2026-04-10T13:06:54.425+0000] {processor.py:842} WARNING - No viable dags retrieved from /opt/airflow/dags/__init__.py
[2026-04-10T13:06:54.442+0000] {processor.py:183} INFO - Processing /opt/airflow/dags/__init__.py took 0.064 seconds
[2026-04-10T13:07:24.956+0000] {processor.py:161} INFO - Started process (PID=303) to work on /opt/airflow/dags/__init__.py
[2026-04-10T13:07:24.959+0000] {processor.py:830} INFO - Processing file /opt/airflow/dags/__init__.py for tasks to queue
[2026-04-10T13:07:24.964+0000] {logging_mixin.py:188} INFO - [2026-04-10T13:07:24.963+0000] {dagbag.py:545} INFO - Filling up the DagBag from /opt/airflow/dags/__init__.py
[2026-04-10T13:07:25.030+0000] {processor.py:842} WARNING - No viable dags retrieved from /opt/airflow/dags/__init__.py
[2026-04-10T13:07:25.072+0000] {processor.py:183} INFO - Processing /opt/airflow/dags/__init__.py took 0.129 seconds
[2026-04-10T13:07:55.583+0000] {processor.py:161} INFO - Started process (PID=313) to work on /opt/airflow/dags/__init__.py
[2026-04-10T13:07:55.585+0000] {processor.py:830} INFO - Processing file /opt/airflow/dags/__init__.py for tasks to queue
[2026-04-10T13:07:55.587+0000] {logging_mixin.py:188} INFO - [2026-04-10T13:07:55.587+0000] {dagbag.py:545} INFO - Filling up the DagBag from /opt/airflow/dags/__init__.py
[2026-04-10T13:07:55.635+0000] {processor.py:842} WARNING - No viable dags retrieved from /opt/airflow/dags/__init__.py
[2026-04-10T13:07:55.665+0000] {processor.py:183} INFO - Processing /opt/airflow/dags/__init__.py took 0.093 seconds
[2026-04-10T13:08:26.252+0000] {processor.py:161} INFO - Started process (PID=323) to work on /opt/airflow/dags/__init__.py
[2026-04-10T13:08:26.254+0000] {processor.py:830} INFO - Processing file /opt/airflow/dags/__init__.py for tasks to queue
[2026-04-10T13:08:26.257+0000] {logging_mixin.py:188} INFO - [2026-04-10T13:08:26.256+0000] {dagbag.py:545} INFO - Filling up the DagBag from /opt/airflow/dags/__init__.py
[2026-04-10T13:08:26.285+0000] {processor.py:842} WARNING - No viable dags retrieved from /opt/airflow/dags/__init__.py
[2026-04-10T13:08:26.317+0000] {processor.py:183} INFO - Processing /opt/airflow/dags/__init__.py took 0.074 seconds
[2026-04-10T13:08:56.483+0000] {processor.py:161} INFO - Started process (PID=333) to work on /opt/airflow/dags/__init__.py
[2026-04-10T13:08:56.487+0000] {processor.py:830} INFO - Processing file /opt/airflow/dags/__init__.py for tasks to queue
[2026-04-10T13:08:56.492+0000] {logging_mixin.py:188} INFO - [2026-04-10T13:08:56.491+0000] {dagbag.py:545} INFO - Filling up the DagBag from /opt/airflow/dags/__init__.py
[2026-04-10T13:08:56.524+0000] {processor.py:842} WARNING - No viable dags retrieved from /opt/airflow/dags/__init__.py
[2026-04-10T13:08:56.565+0000] {processor.py:183} INFO - Processing /opt/airflow/dags/__init__.py took 0.090 seconds
[2026-04-10T13:09:27.130+0000] {processor.py:161} INFO - Started process (PID=343) to work on /opt/airflow/dags/__init__.py
[2026-04-10T13:09:27.134+0000] {processor.py:830} INFO - Processing file /opt/airflow/dags/__init__.py for tasks to queue
[2026-04-10T13:09:27.139+0000] {logging_mixin.py:188} INFO - [2026-04-10T13:09:27.138+0000] {dagbag.py:545} INFO - Filling up the DagBag from /opt/airflow/dags/__init__.py
[2026-04-10T13:09:27.190+0000] {processor.py:842} WARNING - No viable dags retrieved from /opt/airflow/dags/__init__.py
[2026-04-10T13:09:27.223+0000] {processor.py:183} INFO - Processing /opt/airflow/dags/__init__.py took 0.104 seconds
[2026-04-10T13:09:57.891+0000] {processor.py:161} INFO - Started process (PID=353) to work on /opt/airflow/dags/__init__.py
[2026-04-10T13:09:57.893+0000] {processor.py:830} INFO - Processing file /opt/airflow/dags/__init__.py for tasks to queue
[2026-04-10T13:09:57.897+0000] {logging_mixin.py:188} INFO - [2026-04-10T13:09:57.896+0000] {dagbag.py:545} INFO - Filling up the DagBag from /opt/airflow/dags/__init__.py
[2026-04-10T13:09:57.934+0000] {processor.py:842} WARNING - No viable dags retrieved from /opt/airflow/dags/__init__.py
[2026-04-10T13:09:57.967+0000] {processor.py:183} INFO - Processing /opt/airflow/dags/__init__.py took 0.086 seconds
[2026-04-10T13:10:28.497+0000] {processor.py:161} INFO - Started process (PID=363) to work on /opt/airflow/dags/__init__.py
[2026-04-10T13:10:28.499+0000] {processor.py:830} INFO - Processing file /opt/airflow/dags/__init__.py for tasks to queue
[2026-04-10T13:10:28.503+0000] {logging_mixin.py:188} INFO - [2026-04-10T13:10:28.503+0000] {dagbag.py:545} INFO - Filling up the DagBag from /opt/airflow/dags/__init__.py
[2026-04-10T13:10:28.541+0000] {processor.py:842} WARNING - No viable dags retrieved from /opt/airflow/dags/__init__.py
[2026-04-10T13:10:28.577+0000] {processor.py:183} INFO - Processing /opt/airflow/dags/__init__.py took 0.091 seconds
[2026-04-10T13:10:59.084+0000] {processor.py:161} INFO - Started process (PID=373) to work on /opt/airflow/dags/__init__.py
[2026-04-10T13:10:59.086+0000] {processor.py:830} INFO - Processing file /opt/airflow/dags/__init__.py for tasks to queue
[2026-04-10T13:10:59.091+0000] {logging_mixin.py:188} INFO - [2026-04-10T13:10:59.090+0000] {dagbag.py:545} INFO - Filling up the DagBag from /opt/airflow/dags/__init__.py
[2026-04-10T13:10:59.125+0000] {processor.py:842} WARNING - No viable dags retrieved from /opt/airflow/dags/__init__.py
[2026-04-10T13:10:59.151+0000] {processor.py:183} INFO - Processing /opt/airflow/dags/__init__.py took 0.081 seconds
[2026-04-10T13:11:29.634+0000] {processor.py:161} INFO - Started process (PID=383) to work on /opt/airflow/dags/__init__.py
[2026-04-10T13:11:29.636+0000] {processor.py:830} INFO - Processing file /opt/airflow/dags/__init__.py for tasks to queue
[2026-04-10T13:11:29.640+0000] {logging_mixin.py:188} INFO - [2026-04-10T13:11:29.639+0000] {dagbag.py:545} INFO - Filling up the DagBag from /opt/airflow/dags/__init__.py
[2026-04-10T13:11:29.685+0000] {processor.py:842} WARNING - No viable dags retrieved from /opt/airflow/dags/__init__.py
[2026-04-10T13:11:29.718+0000] {processor.py:183} INFO - Processing /opt/airflow/dags/__init__.py took 0.093 seconds
[2026-04-10T13:12:00.179+0000] {processor.py:161} INFO - Started process (PID=393) to work on /opt/airflow/dags/__init__.py
[2026-04-10T13:12:00.181+0000] {processor.py:830} INFO - Processing file /opt/airflow/dags/__init__.py for tasks to queue
[2026-04-10T13:12:00.183+0000] {logging_mixin.py:188} INFO - [2026-04-10T13:12:00.183+0000] {dagbag.py:545} INFO - Filling up the DagBag from /opt/airflow/dags/__init__.py
[2026-04-10T13:12:00.217+0000] {processor.py:842} WARNING - No viable dags retrieved from /opt/airflow/dags/__init__.py
[2026-04-10T13:12:00.243+0000] {processor.py:183} INFO - Processing /opt/airflow/dags/__init__.py took 0.074 seconds
[2026-04-10T13:12:30.722+0000] {processor.py:161} INFO - Started process (PID=403) to work on /opt/airflow/dags/__init__.py
[2026-04-10T13:12:30.724+0000] {processor.py:830} INFO - Processing file /opt/airflow/dags/__init__.py for tasks to queue
[2026-04-10T13:12:30.728+0000] {logging_mixin.py:188} INFO - [2026-04-10T13:12:30.727+0000] {dagbag.py:545} INFO - Filling up the DagBag from /opt/airflow/dags/__init__.py
[2026-04-10T13:12:30.759+0000] {processor.py:842} WARNING - No viable dags retrieved from /opt/airflow/dags/__init__.py
[2026-04-10T13:12:30.781+0000] {processor.py:183} INFO - Processing /opt/airflow/dags/__init__.py took 0.067 seconds
[2026-04-10T13:13:01.233+0000] {processor.py:161} INFO - Started process (PID=413) to work on /opt/airflow/dags/__init__.py
[2026-04-10T13:13:01.234+0000] {processor.py:830} INFO - Processing file /opt/airflow/dags/__init__.py for tasks to queue
[2026-04-10T13:13:01.239+0000] {logging_mixin.py:188} INFO - [2026-04-10T13:13:01.238+0000] {dagbag.py:545} INFO - Filling up the DagBag from /opt/airflow/dags/__init__.py
[2026-04-10T13:13:01.268+0000] {processor.py:842} WARNING - No viable dags retrieved from /opt/airflow/dags/__init__.py
[2026-04-10T13:13:01.290+0000] {processor.py:183} INFO - Processing /opt/airflow/dags/__init__.py took 0.067 seconds
[2026-04-10T13:13:31.783+0000] {processor.py:161} INFO - Started process (PID=423) to work on /opt/airflow/dags/__init__.py
[2026-04-10T13:13:31.786+0000] {processor.py:830} INFO - Processing file /opt/airflow/dags/__init__.py for tasks to queue
[2026-04-10T13:13:31.792+0000] {logging_mixin.py:188} INFO - [2026-04-10T13:13:31.791+0000] {dagbag.py:545} INFO - Filling up the DagBag from /opt/airflow/dags/__init__.py
[2026-04-10T13:13:31.824+0000] {processor.py:842} WARNING - No viable dags retrieved from /opt/airflow/dags/__init__.py
[2026-04-10T13:13:31.847+0000] {processor.py:183} INFO - Processing /opt/airflow/dags/__init__.py took 0.074 seconds
[2026-04-10T13:14:02.400+0000] {processor.py:161} INFO - Started process (PID=433) to work on /opt/airflow/dags/__init__.py
[2026-04-10T13:14:02.401+0000] {processor.py:830} INFO - Processing file /opt/airflow/dags/__init__.py for tasks to queue
[2026-04-10T13:14:02.406+0000] {logging_mixin.py:188} INFO - [2026-04-10T13:14:02.406+0000] {dagbag.py:545} INFO - Filling up the DagBag from /opt/airflow/dags/__init__.py
[2026-04-10T13:14:02.437+0000] {processor.py:842} WARNING - No viable dags retrieved from /opt/airflow/dags/__init__.py
[2026-04-10T13:14:02.458+0000] {processor.py:183} INFO - Processing /opt/airflow/dags/__init__.py took 0.065 seconds
[2026-04-10T13:14:32.940+0000] {processor.py:161} INFO - Started process (PID=455) to work on /opt/airflow/dags/__init__.py
[2026-04-10T13:14:32.943+0000] {processor.py:830} INFO - Processing file /opt/airflow/dags/__init__.py for tasks to queue
[2026-04-10T13:14:32.947+0000] {logging_mixin.py:188} INFO - [2026-04-10T13:14:32.947+0000] {dagbag.py:545} INFO - Filling up the DagBag from /opt/airflow/dags/__init__.py
[2026-04-10T13:14:32.983+0000] {processor.py:842} WARNING - No viable dags retrieved from /opt/airflow/dags/__init__.py
[2026-04-10T13:14:33.009+0000] {processor.py:183} INFO - Processing /opt/airflow/dags/__init__.py took 0.077 seconds
[2026-04-10T13:15:03.491+0000] {processor.py:161} INFO - Started process (PID=465) to work on /opt/airflow/dags/__init__.py
[2026-04-10T13:15:03.493+0000] {processor.py:830} INFO - Processing file /opt/airflow/dags/__init__.py for tasks to queue
[2026-04-10T13:15:03.497+0000] {logging_mixin.py:188} INFO - [2026-04-10T13:15:03.497+0000] {dagbag.py:545} INFO - Filling up the DagBag from /opt/airflow/dags/__init__.py
[2026-04-10T13:15:03.536+0000] {processor.py:842} WARNING - No viable dags retrieved from /opt/airflow/dags/__init__.py
[2026-04-10T13:15:03.566+0000] {processor.py:183} INFO - Processing /opt/airflow/dags/__init__.py took 0.084 seconds
[2026-04-10T13:15:34.067+0000] {processor.py:161} INFO - Started process (PID=475) to work on /opt/airflow/dags/__init__.py
[2026-04-10T13:15:34.069+0000] {processor.py:830} INFO - Processing file /opt/airflow/dags/__init__.py for tasks to queue
[2026-04-10T13:15:34.074+0000] {logging_mixin.py:188} INFO - [2026-04-10T13:15:34.073+0000] {dagbag.py:545} INFO - Filling up the DagBag from /opt/airflow/dags/__init__.py
[2026-04-10T13:15:34.103+0000] {processor.py:842} WARNING - No viable dags retrieved from /opt/airflow/dags/__init__.py
[2026-04-10T13:15:34.125+0000] {processor.py:183} INFO - Processing /opt/airflow/dags/__init__.py took 0.067 seconds
[2026-04-10T13:16:04.560+0000] {processor.py:161} INFO - Started process (PID=485) to work on /opt/airflow/dags/__init__.py
[2026-04-10T13:16:04.561+0000] {processor.py:830} INFO - Processing file /opt/airflow/dags/__init__.py for tasks to queue
[2026-04-10T13:16:04.564+0000] {logging_mixin.py:188} INFO - [2026-04-10T13:16:04.564+0000] {dagbag.py:545} INFO - Filling up the DagBag from /opt/airflow/dags/__init__.py
[2026-04-10T13:16:04.615+0000] {processor.py:842} WARNING - No viable dags retrieved from /opt/airflow/dags/__init__.py
[2026-04-10T13:16:04.642+0000] {processor.py:183} INFO - Processing /opt/airflow/dags/__init__.py took 0.089 seconds
[2026-04-10T13:16:35.080+0000] {processor.py:161} INFO - Started process (PID=495) to work on /opt/airflow/dags/__init__.py
[2026-04-10T13:16:35.081+0000] {processor.py:830} INFO - Processing file /opt/airflow/dags/__init__.py for tasks to queue
[2026-04-10T13:16:35.087+0000] {logging_mixin.py:188} INFO - [2026-04-10T13:16:35.086+0000] {dagbag.py:545} INFO - Filling up the DagBag from /opt/airflow/dags/__init__.py
[2026-04-10T13:16:35.128+0000] {processor.py:842} WARNING - No viable dags retrieved from /opt/airflow/dags/__init__.py
[2026-04-10T13:16:35.167+0000] {processor.py:183} INFO - Processing /opt/airflow/dags/__init__.py took 0.096 seconds
[2026-04-10T13:17:05.803+0000] {processor.py:161} INFO - Started process (PID=505) to work on /opt/airflow/dags/__init__.py
[2026-04-10T13:17:05.805+0000] {processor.py:830} INFO - Processing file /opt/airflow/dags/__init__.py for tasks to queue
[2026-04-10T13:17:05.808+0000] {logging_mixin.py:188} INFO - [2026-04-10T13:17:05.807+0000] {dagbag.py:545} INFO - Filling up the DagBag from /opt/airflow/dags/__init__.py
[2026-04-10T13:17:05.844+0000] {processor.py:842} WARNING - No viable dags retrieved from /opt/airflow/dags/__init__.py
[2026-04-10T13:17:05.866+0000] {processor.py:183} INFO - Processing /opt/airflow/dags/__init__.py took 0.073 seconds
[2026-04-10T13:17:36.296+0000] {processor.py:161} INFO - Started process (PID=515) to work on /opt/airflow/dags/__init__.py
[2026-04-10T13:17:36.298+0000] {processor.py:830} INFO - Processing file /opt/airflow/dags/__init__.py for tasks to queue
[2026-04-10T13:17:36.301+0000] {logging_mixin.py:188} INFO - [2026-04-10T13:17:36.301+0000] {dagbag.py:545} INFO - Filling up the DagBag from /opt/airflow/dags/__init__.py
[2026-04-10T13:17:36.343+0000] {processor.py:842} WARNING - No viable dags retrieved from /opt/airflow/dags/__init__.py
[2026-04-10T13:17:36.375+0000] {processor.py:183} INFO - Processing /opt/airflow/dags/__init__.py took 0.093 seconds
[2026-04-10T13:18:06.832+0000] {processor.py:161} INFO - Started process (PID=525) to work on /opt/airflow/dags/__init__.py
[2026-04-10T13:18:06.834+0000] {processor.py:830} INFO - Processing file /opt/airflow/dags/__init__.py for tasks to queue
[2026-04-10T13:18:06.837+0000] {logging_mixin.py:188} INFO - [2026-04-10T13:18:06.837+0000] {dagbag.py:545} INFO - Filling up the DagBag from /opt/airflow/dags/__init__.py
[2026-04-10T13:18:06.869+0000] {processor.py:842} WARNING - No viable dags retrieved from /opt/airflow/dags/__init__.py
[2026-04-10T13:18:06.892+0000] {processor.py:183} INFO - Processing /opt/airflow/dags/__init__.py took 0.067 seconds
[2026-04-10T13:18:37.350+0000] {processor.py:161} INFO - Started process (PID=535) to work on /opt/airflow/dags/__init__.py
[2026-04-10T13:18:37.354+0000] {processor.py:830} INFO - Processing file /opt/airflow/dags/__init__.py for tasks to queue
[2026-04-10T13:18:37.359+0000] {logging_mixin.py:188} INFO - [2026-04-10T13:18:37.358+0000] {dagbag.py:545} INFO - Filling up the DagBag from /opt/airflow/dags/__init__.py
[2026-04-10T13:18:37.392+0000] {processor.py:842} WARNING - No viable dags retrieved from /opt/airflow/dags/__init__.py
[2026-04-10T13:18:37.431+0000] {processor.py:183} INFO - Processing /opt/airflow/dags/__init__.py took 0.089 seconds
[2026-04-10T13:19:07.893+0000] {processor.py:161} INFO - Started process (PID=545) to work on /opt/airflow/dags/__init__.py
[2026-04-10T13:19:07.895+0000] {processor.py:830} INFO - Processing file /opt/airflow/dags/__init__.py for tasks to queue
[2026-04-10T13:19:07.903+0000] {logging_mixin.py:188} INFO - [2026-04-10T13:19:07.902+0000] {dagbag.py:545} INFO - Filling up the DagBag from /opt/airflow/dags/__init__.py
[2026-04-10T13:19:07.954+0000] {processor.py:842} WARNING - No viable dags retrieved from /opt/airflow/dags/__init__.py
[2026-04-10T13:19:07.978+0000] {processor.py:183} INFO - Processing /opt/airflow/dags/__init__.py took 0.095 seconds
[2026-04-10T13:19:38.390+0000] {processor.py:161} INFO - Started process (PID=555) to work on /opt/airflow/dags/__init__.py
[2026-04-10T13:19:38.394+0000] {processor.py:830} INFO - Processing file /opt/airflow/dags/__init__.py for tasks to queue
[2026-04-10T13:19:38.399+0000] {logging_mixin.py:188} INFO - [2026-04-10T13:19:38.398+0000] {dagbag.py:545} INFO - Filling up the DagBag from /opt/airflow/dags/__init__.py
[2026-04-10T13:19:38.457+0000] {processor.py:842} WARNING - No viable dags retrieved from /opt/airflow/dags/__init__.py
[2026-04-10T13:19:38.487+0000] {processor.py:183} INFO - Processing /opt/airflow/dags/__init__.py took 0.111 seconds
[2026-04-10T13:20:08.936+0000] {processor.py:161} INFO - Started process (PID=565) to work on /opt/airflow/dags/__init__.py
[2026-04-10T13:20:08.938+0000] {processor.py:830} INFO - Processing file /opt/airflow/dags/__init__.py for tasks to queue
[2026-04-10T13:20:08.941+0000] {logging_mixin.py:188} INFO - [2026-04-10T13:20:08.941+0000] {dagbag.py:545} INFO - Filling up the DagBag from /opt/airflow/dags/__init__.py
[2026-04-10T13:20:08.979+0000] {processor.py:842} WARNING - No viable dags retrieved from /opt/airflow/dags/__init__.py
[2026-04-10T13:20:09.001+0000] {processor.py:183} INFO - Processing /opt/airflow/dags/__init__.py took 0.072 seconds
[2026-04-10T13:20:39.473+0000] {processor.py:161} INFO - Started process (PID=575) to work on /opt/airflow/dags/__init__.py
[2026-04-10T13:20:39.475+0000] {processor.py:830} INFO - Processing file /opt/airflow/dags/__init__.py for tasks to queue
[2026-04-10T13:20:39.481+0000] {logging_mixin.py:188} INFO - [2026-04-10T13:20:39.480+0000] {dagbag.py:545} INFO - Filling up the DagBag from /opt/airflow/dags/__init__.py
[2026-04-10T13:20:39.515+0000] {processor.py:842} WARNING - No viable dags retrieved from /opt/airflow/dags/__init__.py
[2026-04-10T13:20:39.542+0000] {processor.py:183} INFO - Processing /opt/airflow/dags/__init__.py took 0.081 seconds
[2026-04-10T13:21:10.106+0000] {processor.py:161} INFO - Started process (PID=585) to work on /opt/airflow/dags/__init__.py
[2026-04-10T13:21:10.107+0000] {processor.py:830} INFO - Processing file /opt/airflow/dags/__init__.py for tasks to queue
[2026-04-10T13:21:10.112+0000] {logging_mixin.py:188} INFO - [2026-04-10T13:21:10.110+0000] {dagbag.py:545} INFO - Filling up the DagBag from /opt/airflow/dags/__init__.py
[2026-04-10T13:21:10.127+0000] {processor.py:842} WARNING - No viable dags retrieved from /opt/airflow/dags/__init__.py
[2026-04-10T13:21:10.153+0000] {processor.py:183} INFO - Processing /opt/airflow/dags/__init__.py took 0.055 seconds
[2026-04-10T13:21:40.666+0000] {processor.py:161} INFO - Started process (PID=595) to work on /opt/airflow/dags/__init__.py
[2026-04-10T13:21:40.669+0000] {processor.py:830} INFO - Processing file /opt/airflow/dags/__init__.py for tasks to queue
[2026-04-10T13:21:40.674+0000] {logging_mixin.py:188} INFO - [2026-04-10T13:21:40.674+0000] {dagbag.py:545} INFO - Filling up the DagBag from /opt/airflow/dags/__init__.py
[2026-04-10T13:21:40.716+0000] {processor.py:842} WARNING - No viable dags retrieved from /opt/airflow/dags/__init__.py
[2026-04-10T13:21:40.742+0000] {processor.py:183} INFO - Processing /opt/airflow/dags/__init__.py took 0.092 seconds
[2026-04-10T13:22:11.328+0000] {processor.py:161} INFO - Started process (PID=605) to work on /opt/airflow/dags/__init__.py
[2026-04-10T13:22:11.329+0000] {processor.py:830} INFO - Processing file /opt/airflow/dags/__init__.py for tasks to queue
[2026-04-10T13:22:11.333+0000] {logging_mixin.py:188} INFO - [2026-04-10T13:22:11.332+0000] {dagbag.py:545} INFO - Filling up the DagBag from /opt/airflow/dags/__init__.py
[2026-04-10T13:22:11.357+0000] {processor.py:842} WARNING - No viable dags retrieved from /opt/airflow/dags/__init__.py
[2026-04-10T13:22:11.386+0000] {processor.py:183} INFO - Processing /opt/airflow/dags/__init__.py took 0.065 seconds
[2026-04-10T13:22:41.855+0000] {processor.py:161} INFO - Started process (PID=615) to work on /opt/airflow/dags/__init__.py
[2026-04-10T13:22:41.859+0000] {processor.py:830} INFO - Processing file /opt/airflow/dags/__init__.py for tasks to queue
[2026-04-10T13:22:41.865+0000] {logging_mixin.py:188} INFO - [2026-04-10T13:22:41.864+0000] {dagbag.py:545} INFO - Filling up the DagBag from /opt/airflow/dags/__init__.py
[2026-04-10T13:22:41.906+0000] {processor.py:842} WARNING - No viable dags retrieved from /opt/airflow/dags/__init__.py
[2026-04-10T13:22:41.944+0000] {processor.py:183} INFO - Processing /opt/airflow/dags/__init__.py took 0.112 seconds
[2026-04-10T13:23:12.392+0000] {processor.py:161} INFO - Started process (PID=625) to work on /opt/airflow/dags/__init__.py
[2026-04-10T13:23:12.394+0000] {processor.py:830} INFO - Processing file /opt/airflow/dags/__init__.py for tasks to queue
[2026-04-10T13:23:12.397+0000] {logging_mixin.py:188} INFO - [2026-04-10T13:23:12.396+0000] {dagbag.py:545} INFO - Filling up the DagBag from /opt/airflow/dags/__init__.py
[2026-04-10T13:23:12.432+0000] {processor.py:842} WARNING - No viable dags retrieved from /opt/airflow/dags/__init__.py
[2026-04-10T13:23:12.466+0000] {processor.py:183} INFO - Processing /opt/airflow/dags/__init__.py took 0.082 seconds
[2026-04-10T13:23:42.945+0000] {processor.py:161} INFO - Started process (PID=635) to work on /opt/airflow/dags/__init__.py
[2026-04-10T13:23:42.947+0000] {processor.py:830} INFO - Processing file /opt/airflow/dags/__init__.py for tasks to queue
[2026-04-10T13:23:42.951+0000] {logging_mixin.py:188} INFO - [2026-04-10T13:23:42.950+0000] {dagbag.py:545} INFO - Filling up the DagBag from /opt/airflow/dags/__init__.py
[2026-04-10T13:23:43.019+0000] {processor.py:842} WARNING - No viable dags retrieved from /opt/airflow/dags/__init__.py
[2026-04-10T13:23:43.044+0000] {processor.py:183} INFO - Processing /opt/airflow/dags/__init__.py took 0.111 seconds
[2026-04-10T13:24:13.524+0000] {processor.py:161} INFO - Started process (PID=645) to work on /opt/airflow/dags/__init__.py
[2026-04-10T13:24:13.525+0000] {processor.py:830} INFO - Processing file /opt/airflow/dags/__init__.py for tasks to queue
[2026-04-10T13:24:13.529+0000] {logging_mixin.py:188} INFO - [2026-04-10T13:24:13.529+0000] {dagbag.py:545} INFO - Filling up the DagBag from /opt/airflow/dags/__init__.py
[2026-04-10T13:24:13.565+0000] {processor.py:842} WARNING - No viable dags retrieved from /opt/airflow/dags/__init__.py
[2026-04-10T13:24:13.586+0000] {processor.py:183} INFO - Processing /opt/airflow/dags/__init__.py took 0.071 seconds
[2026-04-10T13:24:44.059+0000] {processor.py:161} INFO - Started process (PID=655) to work on /opt/airflow/dags/__init__.py
[2026-04-10T13:24:44.060+0000] {processor.py:830} INFO - Processing file /opt/airflow/dags/__init__.py for tasks to queue
[2026-04-10T13:24:44.064+0000] {logging_mixin.py:188} INFO - [2026-04-10T13:24:44.064+0000] {dagbag.py:545} INFO - Filling up the DagBag from /opt/airflow/dags/__init__.py
[2026-04-10T13:24:44.097+0000] {processor.py:842} WARNING - No viable dags retrieved from /opt/airflow/dags/__init__.py
[2026-04-10T13:24:44.118+0000] {processor.py:183} INFO - Processing /opt/airflow/dags/__init__.py took 0.068 seconds
[2026-04-10T13:25:14.579+0000] {processor.py:161} INFO - Started process (PID=665) to work on /opt/airflow/dags/__init__.py
[2026-04-10T13:25:14.581+0000] {processor.py:830} INFO - Processing file /opt/airflow/dags/__init__.py for tasks to queue
[2026-04-10T13:25:14.584+0000] {logging_mixin.py:188} INFO - [2026-04-10T13:25:14.584+0000] {dagbag.py:545} INFO - Filling up the DagBag from /opt/airflow/dags/__init__.py
[2026-04-10T13:25:14.617+0000] {processor.py:842} WARNING - No viable dags retrieved from /opt/airflow/dags/__init__.py
[2026-04-10T13:25:14.638+0000] {processor.py:183} INFO - Processing /opt/airflow/dags/__init__.py took 0.068 seconds
[2026-04-10T13:25:45.122+0000] {processor.py:161} INFO - Started process (PID=675) to work on /opt/airflow/dags/__init__.py
[2026-04-10T13:25:45.124+0000] {processor.py:830} INFO - Processing file /opt/airflow/dags/__init__.py for tasks to queue
[2026-04-10T13:25:45.130+0000] {logging_mixin.py:188} INFO - [2026-04-10T13:25:45.129+0000] {dagbag.py:545} INFO - Filling up the DagBag from /opt/airflow/dags/__init__.py
[2026-04-10T13:25:45.169+0000] {processor.py:842} WARNING - No viable dags retrieved from /opt/airflow/dags/__init__.py
[2026-04-10T13:25:45.191+0000] {processor.py:183} INFO - Processing /opt/airflow/dags/__init__.py took 0.080 seconds
[2026-04-10T13:29:24.331+0000] {processor.py:161} INFO - Started process (PID=172) to work on /opt/airflow/dags/__init__.py
[2026-04-10T13:29:24.333+0000] {processor.py:830} INFO - Processing file /opt/airflow/dags/__init__.py for tasks to queue
[2026-04-10T13:29:24.336+0000] {logging_mixin.py:188} INFO - [2026-04-10T13:29:24.336+0000] {dagbag.py:545} INFO - Filling up the DagBag from /opt/airflow/dags/__init__.py
[2026-04-10T13:29:24.359+0000] {processor.py:842} WARNING - No viable dags retrieved from /opt/airflow/dags/__init__.py
[2026-04-10T13:29:24.384+0000] {processor.py:183} INFO - Processing /opt/airflow/dags/__init__.py took 0.062 seconds
[2026-04-10T13:29:54.854+0000] {processor.py:161} INFO - Started process (PID=182) to work on /opt/airflow/dags/__init__.py
[2026-04-10T13:29:54.855+0000] {processor.py:830} INFO - Processing file /opt/airflow/dags/__init__.py for tasks to queue
[2026-04-10T13:29:54.859+0000] {logging_mixin.py:188} INFO - [2026-04-10T13:29:54.858+0000] {dagbag.py:545} INFO - Filling up the DagBag from /opt/airflow/dags/__init__.py
[2026-04-10T13:29:54.891+0000] {processor.py:842} WARNING - No viable dags retrieved from /opt/airflow/dags/__init__.py
[2026-04-10T13:29:54.921+0000] {processor.py:183} INFO - Processing /opt/airflow/dags/__init__.py took 0.076 seconds
[2026-04-10T13:30:25.439+0000] {processor.py:161} INFO - Started process (PID=192) to work on /opt/airflow/dags/__init__.py
[2026-04-10T13:30:25.440+0000] {processor.py:830} INFO - Processing file /opt/airflow/dags/__init__.py for tasks to queue
[2026-04-10T13:30:25.444+0000] {logging_mixin.py:188} INFO - [2026-04-10T13:30:25.444+0000] {dagbag.py:545} INFO - Filling up the DagBag from /opt/airflow/dags/__init__.py
[2026-04-10T13:30:25.468+0000] {processor.py:842} WARNING - No viable dags retrieved from /opt/airflow/dags/__init__.py
[2026-04-10T13:30:25.493+0000] {processor.py:183} INFO - Processing /opt/airflow/dags/__init__.py took 0.063 seconds
[2026-04-10T13:30:56.064+0000] {processor.py:161} INFO - Started process (PID=202) to work on /opt/airflow/dags/__init__.py
[2026-04-10T13:30:56.066+0000] {processor.py:830} INFO - Processing file /opt/airflow/dags/__init__.py for tasks to queue
[2026-04-10T13:30:56.071+0000] {logging_mixin.py:188} INFO - [2026-04-10T13:30:56.071+0000] {dagbag.py:545} INFO - Filling up the DagBag from /opt/airflow/dags/__init__.py
[2026-04-10T13:30:56.103+0000] {processor.py:842} WARNING - No viable dags retrieved from /opt/airflow/dags/__init__.py
[2026-04-10T13:30:56.135+0000] {processor.py:183} INFO - Processing /opt/airflow/dags/__init__.py took 0.083 seconds
[2026-04-10T13:31:26.688+0000] {processor.py:161} INFO - Started process (PID=224) to work on /opt/airflow/dags/__init__.py
[2026-04-10T13:31:26.690+0000] {processor.py:830} INFO - Processing file /opt/airflow/dags/__init__.py for tasks to queue
[2026-04-10T13:31:26.693+0000] {logging_mixin.py:188} INFO - [2026-04-10T13:31:26.692+0000] {dagbag.py:545} INFO - Filling up the DagBag from /opt/airflow/dags/__init__.py
[2026-04-10T13:31:26.724+0000] {processor.py:842} WARNING - No viable dags retrieved from /opt/airflow/dags/__init__.py
[2026-04-10T13:31:26.747+0000] {processor.py:183} INFO - Processing /opt/airflow/dags/__init__.py took 0.067 seconds
[2026-04-10T13:31:57.289+0000] {processor.py:161} INFO - Started process (PID=234) to work on /opt/airflow/dags/__init__.py
[2026-04-10T13:31:57.291+0000] {processor.py:830} INFO - Processing file /opt/airflow/dags/__init__.py for tasks to queue
[2026-04-10T13:31:57.311+0000] {logging_mixin.py:188} INFO - [2026-04-10T13:31:57.308+0000] {dagbag.py:545} INFO - Filling up the DagBag from /opt/airflow/dags/__init__.py
[2026-04-10T13:31:57.345+0000] {processor.py:842} WARNING - No viable dags retrieved from /opt/airflow/dags/__init__.py
[2026-04-10T13:31:57.375+0000] {processor.py:183} INFO - Processing /opt/airflow/dags/__init__.py took 0.093 seconds
[2026-04-10T13:32:27.816+0000] {processor.py:161} INFO - Started process (PID=244) to work on /opt/airflow/dags/__init__.py
[2026-04-10T13:32:27.818+0000] {processor.py:830} INFO - Processing file /opt/airflow/dags/__init__.py for tasks to queue
[2026-04-10T13:32:27.823+0000] {logging_mixin.py:188} INFO - [2026-04-10T13:32:27.822+0000] {dagbag.py:545} INFO - Filling up the DagBag from /opt/airflow/dags/__init__.py
[2026-04-10T13:32:27.850+0000] {processor.py:842} WARNING - No viable dags retrieved from /opt/airflow/dags/__init__.py
[2026-04-10T13:32:27.874+0000] {processor.py:183} INFO - Processing /opt/airflow/dags/__init__.py took 0.073 seconds
[2026-04-10T13:32:58.466+0000] {processor.py:161} INFO - Started process (PID=254) to work on /opt/airflow/dags/__init__.py
[2026-04-10T13:32:58.468+0000] {processor.py:830} INFO - Processing file /opt/airflow/dags/__init__.py for tasks to queue
[2026-04-10T13:32:58.474+0000] {logging_mixin.py:188} INFO - [2026-04-10T13:32:58.473+0000] {dagbag.py:545} INFO - Filling up the DagBag from /opt/airflow/dags/__init__.py
[2026-04-10T13:32:58.502+0000] {processor.py:842} WARNING - No viable dags retrieved from /opt/airflow/dags/__init__.py
[2026-04-10T13:32:58.532+0000] {processor.py:183} INFO - Processing /opt/airflow/dags/__init__.py took 0.079 seconds
[2026-04-10T13:33:29.071+0000] {processor.py:161} INFO - Started process (PID=264) to work on /opt/airflow/dags/__init__.py
[2026-04-10T13:33:29.073+0000] {processor.py:830} INFO - Processing file /opt/airflow/dags/__init__.py for tasks to queue
[2026-04-10T13:33:29.077+0000] {logging_mixin.py:188} INFO - [2026-04-10T13:33:29.077+0000] {dagbag.py:545} INFO - Filling up the DagBag from /opt/airflow/dags/__init__.py
[2026-04-10T13:33:29.103+0000] {processor.py:842} WARNING - No viable dags retrieved from /opt/airflow/dags/__init__.py
[2026-04-10T13:33:29.129+0000] {processor.py:183} INFO - Processing /opt/airflow/dags/__init__.py took 0.068 seconds
[2026-04-10T13:33:59.577+0000] {processor.py:161} INFO - Started process (PID=274) to work on /opt/airflow/dags/__init__.py
[2026-04-10T13:33:59.578+0000] {processor.py:830} INFO - Processing file /opt/airflow/dags/__init__.py for tasks to queue
[2026-04-10T13:33:59.581+0000] {logging_mixin.py:188} INFO - [2026-04-10T13:33:59.581+0000] {dagbag.py:545} INFO - Filling up the DagBag from /opt/airflow/dags/__init__.py
[2026-04-10T13:33:59.607+0000] {processor.py:842} WARNING - No viable dags retrieved from /opt/airflow/dags/__init__.py
[2026-04-10T13:33:59.631+0000] {processor.py:183} INFO - Processing /opt/airflow/dags/__init__.py took 0.063 seconds
[2026-04-10T13:34:30.224+0000] {processor.py:161} INFO - Started process (PID=284) to work on /opt/airflow/dags/__init__.py
[2026-04-10T13:34:30.226+0000] {processor.py:830} INFO - Processing file /opt/airflow/dags/__init__.py for tasks to queue
[2026-04-10T13:34:30.229+0000] {logging_mixin.py:188} INFO - [2026-04-10T13:34:30.228+0000] {dagbag.py:545} INFO - Filling up the DagBag from /opt/airflow/dags/__init__.py
[2026-04-10T13:34:30.255+0000] {processor.py:842} WARNING - No viable dags retrieved from /opt/airflow/dags/__init__.py
[2026-04-10T13:34:30.279+0000] {processor.py:183} INFO - Processing /opt/airflow/dags/__init__.py took 0.062 seconds
[2026-04-10T13:35:00.720+0000] {processor.py:161} INFO - Started process (PID=294) to work on /opt/airflow/dags/__init__.py
[2026-04-10T13:35:00.722+0000] {processor.py:830} INFO - Processing file /opt/airflow/dags/__init__.py for tasks to queue
[2026-04-10T13:35:00.725+0000] {logging_mixin.py:188} INFO - [2026-04-10T13:35:00.724+0000] {dagbag.py:545} INFO - Filling up the DagBag from /opt/airflow/dags/__init__.py
[2026-04-10T13:35:00.751+0000] {processor.py:842} WARNING - No viable dags retrieved from /opt/airflow/dags/__init__.py
[2026-04-10T13:35:00.773+0000] {processor.py:183} INFO - Processing /opt/airflow/dags/__init__.py took 0.060 seconds
[2026-04-10T13:35:31.148+0000] {processor.py:161} INFO - Started process (PID=314) to work on /opt/airflow/dags/__init__.py
[2026-04-10T13:35:31.150+0000] {processor.py:830} INFO - Processing file /opt/airflow/dags/__init__.py for tasks to queue
[2026-04-10T13:35:31.153+0000] {logging_mixin.py:188} INFO - [2026-04-10T13:35:31.152+0000] {dagbag.py:545} INFO - Filling up the DagBag from /opt/airflow/dags/__init__.py
[2026-04-10T13:35:31.175+0000] {processor.py:842} WARNING - No viable dags retrieved from /opt/airflow/dags/__init__.py
[2026-04-10T13:35:31.198+0000] {processor.py:183} INFO - Processing /opt/airflow/dags/__init__.py took 0.057 seconds
[2026-04-10T13:36:01.752+0000] {processor.py:161} INFO - Started process (PID=326) to work on /opt/airflow/dags/__init__.py
[2026-04-10T13:36:01.754+0000] {processor.py:830} INFO - Processing file /opt/airflow/dags/__init__.py for tasks to queue
[2026-04-10T13:36:01.759+0000] {logging_mixin.py:188} INFO - [2026-04-10T13:36:01.758+0000] {dagbag.py:545} INFO - Filling up the DagBag from /opt/airflow/dags/__init__.py
[2026-04-10T13:36:01.795+0000] {processor.py:842} WARNING - No viable dags retrieved from /opt/airflow/dags/__init__.py
[2026-04-10T13:36:01.824+0000] {processor.py:183} INFO - Processing /opt/airflow/dags/__init__.py took 0.085 seconds
[2026-04-10T13:36:32.232+0000] {processor.py:161} INFO - Started process (PID=336) to work on /opt/airflow/dags/__init__.py
[2026-04-10T13:36:32.233+0000] {processor.py:830} INFO - Processing file /opt/airflow/dags/__init__.py for tasks to queue
[2026-04-10T13:36:32.236+0000] {logging_mixin.py:188} INFO - [2026-04-10T13:36:32.236+0000] {dagbag.py:545} INFO - Filling up the DagBag from /opt/airflow/dags/__init__.py
[2026-04-10T13:36:32.272+0000] {processor.py:842} WARNING - No viable dags retrieved from /opt/airflow/dags/__init__.py
[2026-04-10T13:36:32.300+0000] {processor.py:183} INFO - Processing /opt/airflow/dags/__init__.py took 0.078 seconds
[2026-04-10T13:37:02.720+0000] {processor.py:161} INFO - Started process (PID=346) to work on /opt/airflow/dags/__init__.py
[2026-04-10T13:37:02.721+0000] {processor.py:830} INFO - Processing file /opt/airflow/dags/__init__.py for tasks to queue
[2026-04-10T13:37:02.724+0000] {logging_mixin.py:188} INFO - [2026-04-10T13:37:02.724+0000] {dagbag.py:545} INFO - Filling up the DagBag from /opt/airflow/dags/__init__.py
[2026-04-10T13:37:02.758+0000] {processor.py:842} WARNING - No viable dags retrieved from /opt/airflow/dags/__init__.py
[2026-04-10T13:37:02.780+0000] {processor.py:183} INFO - Processing /opt/airflow/dags/__init__.py took 0.067 seconds
[2026-04-10T13:37:33.173+0000] {processor.py:161} INFO - Started process (PID=368) to work on /opt/airflow/dags/__init__.py
[2026-04-10T13:37:33.175+0000] {processor.py:830} INFO - Processing file /opt/airflow/dags/__init__.py for tasks to queue
[2026-04-10T13:37:33.180+0000] {logging_mixin.py:188} INFO - [2026-04-10T13:37:33.179+0000] {dagbag.py:545} INFO - Filling up the DagBag from /opt/airflow/dags/__init__.py
[2026-04-10T13:37:33.206+0000] {processor.py:842} WARNING - No viable dags retrieved from /opt/airflow/dags/__init__.py
[2026-04-10T13:37:33.240+0000] {processor.py:183} INFO - Processing /opt/airflow/dags/__init__.py took 0.076 seconds
[2026-04-10T13:38:03.789+0000] {processor.py:161} INFO - Started process (PID=378) to work on /opt/airflow/dags/__init__.py
[2026-04-10T13:38:03.790+0000] {processor.py:830} INFO - Processing file /opt/airflow/dags/__init__.py for tasks to queue
[2026-04-10T13:38:03.792+0000] {logging_mixin.py:188} INFO - [2026-04-10T13:38:03.792+0000] {dagbag.py:545} INFO - Filling up the DagBag from /opt/airflow/dags/__init__.py
[2026-04-10T13:38:03.819+0000] {processor.py:842} WARNING - No viable dags retrieved from /opt/airflow/dags/__init__.py
[2026-04-10T13:38:03.840+0000] {processor.py:183} INFO - Processing /opt/airflow/dags/__init__.py took 0.061 seconds
[2026-04-10T13:38:34.383+0000] {processor.py:161} INFO - Started process (PID=388) to work on /opt/airflow/dags/__init__.py
[2026-04-10T13:38:34.385+0000] {processor.py:830} INFO - Processing file /opt/airflow/dags/__init__.py for tasks to queue
[2026-04-10T13:38:34.390+0000] {logging_mixin.py:188} INFO - [2026-04-10T13:38:34.389+0000] {dagbag.py:545} INFO - Filling up the DagBag from /opt/airflow/dags/__init__.py
[2026-04-10T13:38:34.416+0000] {processor.py:842} WARNING - No viable dags retrieved from /opt/airflow/dags/__init__.py
[2026-04-10T13:38:34.454+0000] {processor.py:183} INFO - Processing /opt/airflow/dags/__init__.py took 0.083 seconds
[2026-04-10T13:39:04.947+0000] {processor.py:161} INFO - Started process (PID=398) to work on /opt/airflow/dags/__init__.py
[2026-04-10T13:39:04.948+0000] {processor.py:830} INFO - Processing file /opt/airflow/dags/__init__.py for tasks to queue
[2026-04-10T13:39:04.951+0000] {logging_mixin.py:188} INFO - [2026-04-10T13:39:04.951+0000] {dagbag.py:545} INFO - Filling up the DagBag from /opt/airflow/dags/__init__.py
[2026-04-10T13:39:04.983+0000] {processor.py:842} WARNING - No viable dags retrieved from /opt/airflow/dags/__init__.py
[2026-04-10T13:39:05.013+0000] {processor.py:183} INFO - Processing /opt/airflow/dags/__init__.py took 0.074 seconds
[2026-04-10T13:39:35.640+0000] {processor.py:161} INFO - Started process (PID=408) to work on /opt/airflow/dags/__init__.py
[2026-04-10T13:39:35.641+0000] {processor.py:830} INFO - Processing file /opt/airflow/dags/__init__.py for tasks to queue
[2026-04-10T13:39:35.643+0000] {logging_mixin.py:188} INFO - [2026-04-10T13:39:35.642+0000] {dagbag.py:545} INFO - Filling up the DagBag from /opt/airflow/dags/__init__.py
[2026-04-10T13:39:35.672+0000] {processor.py:842} WARNING - No viable dags retrieved from /opt/airflow/dags/__init__.py
[2026-04-10T13:39:35.700+0000] {processor.py:183} INFO - Processing /opt/airflow/dags/__init__.py took 0.069 seconds
[2026-04-10T13:40:06.271+0000] {processor.py:161} INFO - Started process (PID=418) to work on /opt/airflow/dags/__init__.py
[2026-04-10T13:40:06.272+0000] {processor.py:830} INFO - Processing file /opt/airflow/dags/__init__.py for tasks to queue
[2026-04-10T13:40:06.275+0000] {logging_mixin.py:188} INFO - [2026-04-10T13:40:06.274+0000] {dagbag.py:545} INFO - Filling up the DagBag from /opt/airflow/dags/__init__.py
[2026-04-10T13:40:06.307+0000] {processor.py:842} WARNING - No viable dags retrieved from /opt/airflow/dags/__init__.py
[2026-04-10T13:40:06.328+0000] {processor.py:183} INFO - Processing /opt/airflow/dags/__init__.py took 0.069 seconds
[2026-04-10T13:40:36.802+0000] {processor.py:161} INFO - Started process (PID=428) to work on /opt/airflow/dags/__init__.py
[2026-04-10T13:40:36.804+0000] {processor.py:830} INFO - Processing file /opt/airflow/dags/__init__.py for tasks to queue
[2026-04-10T13:40:36.806+0000] {logging_mixin.py:188} INFO - [2026-04-10T13:40:36.806+0000] {dagbag.py:545} INFO - Filling up the DagBag from /opt/airflow/dags/__init__.py
[2026-04-10T13:40:36.841+0000] {processor.py:842} WARNING - No viable dags retrieved from /opt/airflow/dags/__init__.py
[2026-04-10T13:40:36.868+0000] {processor.py:183} INFO - Processing /opt/airflow/dags/__init__.py took 0.074 seconds
[2026-04-10T13:41:07.348+0000] {processor.py:161} INFO - Started process (PID=438) to work on /opt/airflow/dags/__init__.py
[2026-04-10T13:41:07.350+0000] {processor.py:830} INFO - Processing file /opt/airflow/dags/__init__.py for tasks to queue
[2026-04-10T13:41:07.354+0000] {logging_mixin.py:188} INFO - [2026-04-10T13:41:07.352+0000] {dagbag.py:545} INFO - Filling up the DagBag from /opt/airflow/dags/__init__.py
[2026-04-10T13:41:07.386+0000] {processor.py:842} WARNING - No viable dags retrieved from /opt/airflow/dags/__init__.py
[2026-04-10T13:41:07.412+0000] {processor.py:183} INFO - Processing /opt/airflow/dags/__init__.py took 0.073 seconds
[2026-04-10T13:41:37.890+0000] {processor.py:161} INFO - Started process (PID=448) to work on /opt/airflow/dags/__init__.py
[2026-04-10T13:41:37.891+0000] {processor.py:830} INFO - Processing file /opt/airflow/dags/__init__.py for tasks to queue
[2026-04-10T13:41:37.894+0000] {logging_mixin.py:188} INFO - [2026-04-10T13:41:37.893+0000] {dagbag.py:545} INFO - Filling up the DagBag from /opt/airflow/dags/__init__.py
[2026-04-10T13:41:37.919+0000] {processor.py:842} WARNING - No viable dags retrieved from /opt/airflow/dags/__init__.py
[2026-04-10T13:41:37.941+0000] {processor.py:183} INFO - Processing /opt/airflow/dags/__init__.py took 0.059 seconds
[2026-04-10T13:42:19.768+0000] {processor.py:161} INFO - Started process (PID=172) to work on /opt/airflow/dags/__init__.py
[2026-04-10T13:42:19.770+0000] {processor.py:830} INFO - Processing file /opt/airflow/dags/__init__.py for tasks to queue
[2026-04-10T13:42:19.774+0000] {logging_mixin.py:188} INFO - [2026-04-10T13:42:19.774+0000] {dagbag.py:545} INFO - Filling up the DagBag from /opt/airflow/dags/__init__.py
[2026-04-10T13:42:19.797+0000] {processor.py:842} WARNING - No viable dags retrieved from /opt/airflow/dags/__init__.py
[2026-04-10T13:42:19.829+0000] {processor.py:183} INFO - Processing /opt/airflow/dags/__init__.py took 0.072 seconds
[2026-04-10T13:42:46.355+0000] {processor.py:161} INFO - Started process (PID=172) to work on /opt/airflow/dags/__init__.py
[2026-04-10T13:42:46.357+0000] {processor.py:830} INFO - Processing file /opt/airflow/dags/__init__.py for tasks to queue
[2026-04-10T13:42:46.360+0000] {logging_mixin.py:188} INFO - [2026-04-10T13:42:46.359+0000] {dagbag.py:545} INFO - Filling up the DagBag from /opt/airflow/dags/__init__.py
[2026-04-10T13:42:46.389+0000] {processor.py:842} WARNING - No viable dags retrieved from /opt/airflow/dags/__init__.py
[2026-04-10T13:42:46.414+0000] {processor.py:183} INFO - Processing /opt/airflow/dags/__init__.py took 0.066 seconds
[2026-04-10T13:43:16.791+0000] {processor.py:161} INFO - Started process (PID=190) to work on /opt/airflow/dags/__init__.py
[2026-04-10T13:43:16.793+0000] {processor.py:830} INFO - Processing file /opt/airflow/dags/__init__.py for tasks to queue
[2026-04-10T13:43:16.796+0000] {logging_mixin.py:188} INFO - [2026-04-10T13:43:16.795+0000] {dagbag.py:545} INFO - Filling up the DagBag from /opt/airflow/dags/__init__.py
[2026-04-10T13:43:16.826+0000] {processor.py:842} WARNING - No viable dags retrieved from /opt/airflow/dags/__init__.py
[2026-04-10T13:43:16.847+0000] {processor.py:183} INFO - Processing /opt/airflow/dags/__init__.py took 0.064 seconds
[2026-04-10T13:43:47.358+0000] {processor.py:161} INFO - Started process (PID=203) to work on /opt/airflow/dags/__init__.py
[2026-04-10T13:43:47.360+0000] {processor.py:830} INFO - Processing file /opt/airflow/dags/__init__.py for tasks to queue
[2026-04-10T13:43:47.364+0000] {logging_mixin.py:188} INFO - [2026-04-10T13:43:47.363+0000] {dagbag.py:545} INFO - Filling up the DagBag from /opt/airflow/dags/__init__.py
[2026-04-10T13:43:47.397+0000] {processor.py:842} WARNING - No viable dags retrieved from /opt/airflow/dags/__init__.py
[2026-04-10T13:43:47.432+0000] {processor.py:183} INFO - Processing /opt/airflow/dags/__init__.py took 0.088 seconds
[2026-04-10T13:44:18.006+0000] {processor.py:161} INFO - Started process (PID=213) to work on /opt/airflow/dags/__init__.py
[2026-04-10T13:44:18.008+0000] {processor.py:830} INFO - Processing file /opt/airflow/dags/__init__.py for tasks to queue
[2026-04-10T13:44:18.010+0000] {logging_mixin.py:188} INFO - [2026-04-10T13:44:18.010+0000] {dagbag.py:545} INFO - Filling up the DagBag from /opt/airflow/dags/__init__.py
[2026-04-10T13:44:18.041+0000] {processor.py:842} WARNING - No viable dags retrieved from /opt/airflow/dags/__init__.py
[2026-04-10T13:44:18.066+0000] {processor.py:183} INFO - Processing /opt/airflow/dags/__init__.py took 0.071 seconds
[2026-04-10T13:44:48.463+0000] {processor.py:161} INFO - Started process (PID=223) to work on /opt/airflow/dags/__init__.py
[2026-04-10T13:44:48.464+0000] {processor.py:830} INFO - Processing file /opt/airflow/dags/__init__.py for tasks to queue
[2026-04-10T13:44:48.467+0000] {logging_mixin.py:188} INFO - [2026-04-10T13:44:48.467+0000] {dagbag.py:545} INFO - Filling up the DagBag from /opt/airflow/dags/__init__.py
[2026-04-10T13:44:48.496+0000] {processor.py:842} WARNING - No viable dags retrieved from /opt/airflow/dags/__init__.py
[2026-04-10T13:44:48.520+0000] {processor.py:183} INFO - Processing /opt/airflow/dags/__init__.py took 0.065 seconds
[2026-04-10T13:45:19.098+0000] {processor.py:161} INFO - Started process (PID=233) to work on /opt/airflow/dags/__init__.py
[2026-04-10T13:45:19.099+0000] {processor.py:830} INFO - Processing file /opt/airflow/dags/__init__.py for tasks to queue
[2026-04-10T13:45:19.102+0000] {logging_mixin.py:188} INFO - [2026-04-10T13:45:19.102+0000] {dagbag.py:545} INFO - Filling up the DagBag from /opt/airflow/dags/__init__.py
[2026-04-10T13:45:19.134+0000] {processor.py:842} WARNING - No viable dags retrieved from /opt/airflow/dags/__init__.py
[2026-04-10T13:45:19.155+0000] {processor.py:183} INFO - Processing /opt/airflow/dags/__init__.py took 0.064 seconds
[2026-04-10T13:45:49.597+0000] {processor.py:161} INFO - Started process (PID=243) to work on /opt/airflow/dags/__init__.py
[2026-04-10T13:45:49.599+0000] {processor.py:830} INFO - Processing file /opt/airflow/dags/__init__.py for tasks to queue
[2026-04-10T13:45:49.602+0000] {logging_mixin.py:188} INFO - [2026-04-10T13:45:49.601+0000] {dagbag.py:545} INFO - Filling up the DagBag from /opt/airflow/dags/__init__.py
[2026-04-10T13:45:49.631+0000] {processor.py:842} WARNING - No viable dags retrieved from /opt/airflow/dags/__init__.py
[2026-04-10T13:45:49.655+0000] {processor.py:183} INFO - Processing /opt/airflow/dags/__init__.py took 0.068 seconds
[2026-04-10T13:46:20.054+0000] {processor.py:161} INFO - Started process (PID=253) to work on /opt/airflow/dags/__init__.py
[2026-04-10T13:46:20.056+0000] {processor.py:830} INFO - Processing file /opt/airflow/dags/__init__.py for tasks to queue
[2026-04-10T13:46:20.061+0000] {logging_mixin.py:188} INFO - [2026-04-10T13:46:20.060+0000] {dagbag.py:545} INFO - Filling up the DagBag from /opt/airflow/dags/__init__.py
[2026-04-10T13:46:20.100+0000] {processor.py:842} WARNING - No viable dags retrieved from /opt/airflow/dags/__init__.py
[2026-04-10T13:46:20.128+0000] {processor.py:183} INFO - Processing /opt/airflow/dags/__init__.py took 0.082 seconds
[2026-04-10T13:46:50.604+0000] {processor.py:161} INFO - Started process (PID=263) to work on /opt/airflow/dags/__init__.py
[2026-04-10T13:46:50.605+0000] {processor.py:830} INFO - Processing file /opt/airflow/dags/__init__.py for tasks to queue
[2026-04-10T13:46:50.610+0000] {logging_mixin.py:188} INFO - [2026-04-10T13:46:50.609+0000] {dagbag.py:545} INFO - Filling up the DagBag from /opt/airflow/dags/__init__.py
[2026-04-10T13:46:50.643+0000] {processor.py:842} WARNING - No viable dags retrieved from /opt/airflow/dags/__init__.py
[2026-04-10T13:46:50.691+0000] {processor.py:183} INFO - Processing /opt/airflow/dags/__init__.py took 0.096 seconds
[2026-04-10T13:47:21.222+0000] {processor.py:161} INFO - Started process (PID=273) to work on /opt/airflow/dags/__init__.py
[2026-04-10T13:47:21.223+0000] {processor.py:830} INFO - Processing file /opt/airflow/dags/__init__.py for tasks to queue
[2026-04-10T13:47:21.227+0000] {logging_mixin.py:188} INFO - [2026-04-10T13:47:21.226+0000] {dagbag.py:545} INFO - Filling up the DagBag from /opt/airflow/dags/__init__.py
[2026-04-10T13:47:21.253+0000] {processor.py:842} WARNING - No viable dags retrieved from /opt/airflow/dags/__init__.py
[2026-04-10T13:47:21.280+0000] {processor.py:183} INFO - Processing /opt/airflow/dags/__init__.py took 0.069 seconds
[2026-04-10T13:47:52.149+0000] {processor.py:161} INFO - Started process (PID=283) to work on /opt/airflow/dags/__init__.py
[2026-04-10T13:47:52.152+0000] {processor.py:830} INFO - Processing file /opt/airflow/dags/__init__.py for tasks to queue
[2026-04-10T13:47:52.157+0000] {logging_mixin.py:188} INFO - [2026-04-10T13:47:52.156+0000] {dagbag.py:545} INFO - Filling up the DagBag from /opt/airflow/dags/__init__.py
[2026-04-10T13:47:52.220+0000] {processor.py:842} WARNING - No viable dags retrieved from /opt/airflow/dags/__init__.py
[2026-04-10T13:47:52.259+0000] {processor.py:183} INFO - Processing /opt/airflow/dags/__init__.py took 0.122 seconds
