[2026-04-16T06:36:24.320+0000] {local_task_job_runner.py:120} INFO - ::group::Pre task execution logs
[2026-04-16T06:36:24.375+0000] {taskinstance.py:2076} INFO - Dependencies all met for dep_context=non-requeueable deps ti=<TaskInstance: weather_etl_pipeline_v2.extract manual__2026-04-16T06:36:21+00:00 [queued]>
[2026-04-16T06:36:24.394+0000] {taskinstance.py:2076} INFO - Dependencies all met for dep_context=requeueable deps ti=<TaskInstance: weather_etl_pipeline_v2.extract manual__2026-04-16T06:36:21+00:00 [queued]>
[2026-04-16T06:36:24.396+0000] {taskinstance.py:2306} INFO - Starting attempt 1 of 4
[2026-04-16T06:36:24.414+0000] {taskinstance.py:2330} INFO - Executing <Task(PythonOperator): extract> on 2026-04-16 06:36:21+00:00
[2026-04-16T06:36:24.424+0000] {logging_mixin.py:188} WARNING - /home/airflow/.local/lib/python3.12/site-packages/airflow/task/task_runner/standard_task_runner.py:62 DeprecationWarning: This process (pid=1777) is multi-threaded, use of fork() may lead to deadlocks in the child.
[2026-04-16T06:36:24.423+0000] {standard_task_runner.py:90} INFO - Running: ['airflow', 'tasks', 'run', 'weather_etl_pipeline_v2', 'extract', 'manual__2026-04-16T06:36:21+00:00', '--job-id', '40', '--raw', '--subdir', 'DAGS_FOLDER/weather_etl_dag_v2.py', '--cfg-path', '/tmp/tmpxi3gsj66']
[2026-04-16T06:36:24.425+0000] {standard_task_runner.py:64} INFO - Started process 1778 to run task
[2026-04-16T06:36:24.426+0000] {standard_task_runner.py:91} INFO - Job 40: Subtask extract
[2026-04-16T06:36:24.497+0000] {task_command.py:426} INFO - Running <TaskInstance: weather_etl_pipeline_v2.extract manual__2026-04-16T06:36:21+00:00 [running]> on host cf9362e38fb8
[2026-04-16T06:36:24.618+0000] {taskinstance.py:2648} INFO - Exporting env vars: AIRFLOW_CTX_DAG_OWNER='weather_etl' AIRFLOW_CTX_DAG_ID='weather_etl_pipeline_v2' AIRFLOW_CTX_TASK_ID='extract' AIRFLOW_CTX_EXECUTION_DATE='2026-04-16T06:36:21+00:00' AIRFLOW_CTX_TRY_NUMBER='1' AIRFLOW_CTX_DAG_RUN_ID='manual__2026-04-16T06:36:21+00:00'
[2026-04-16T06:36:24.620+0000] {taskinstance.py:430} INFO - ::endgroup::
[2026-04-16T06:36:24.650+0000] {weather_etl_dag_v2.py:91} INFO - ============================================================
[2026-04-16T06:36:24.653+0000] {weather_etl_dag_v2.py:92} INFO - TASK: EXTRACT — Fetching weather data from OpenWeatherMap API
[2026-04-16T06:36:24.655+0000] {weather_etl_dag_v2.py:93} INFO - ============================================================
[2026-04-16T06:36:24.671+0000] {weather_etl_dag_v2.py:112} INFO - Active cities fetched from DB: ['Ahmedabad', 'Bengaluru', 'Chennai', 'Delhi', 'Mumbai', 'New York']
[2026-04-16T06:36:24.681+0000] {logging_mixin.py:188} WARNING - 2026-04-16 06:36:24 - scripts.extract - INFO - Starting extraction for cities: Ahmedabad, Bengaluru, Chennai, Delhi, Mumbai, New York
[2026-04-16T06:36:24.679+0000] {extract.py:126} INFO - Starting extraction for cities: Ahmedabad, Bengaluru, Chennai, Delhi, Mumbai, New York
[2026-04-16T06:36:24.683+0000] {logging_mixin.py:188} WARNING - 2026-04-16 06:36:24 - scripts.extract - INFO - Starting extraction for 6 cities
[2026-04-16T06:36:24.682+0000] {extract.py:96} INFO - Starting extraction for 6 cities
[2026-04-16T06:36:24.687+0000] {logging_mixin.py:188} WARNING - 2026-04-16 06:36:24 - scripts.extract - INFO - Fetching weather data for Ahmedabad (attempt 1/3)
[2026-04-16T06:36:24.687+0000] {extract.py:47} INFO - Fetching weather data for Ahmedabad (attempt 1/3)
[2026-04-16T06:36:24.946+0000] {logging_mixin.py:188} WARNING - 2026-04-16 06:36:24 - scripts.extract - INFO - Successfully fetched data for Ahmedabad
[2026-04-16T06:36:24.945+0000] {extract.py:53} INFO - Successfully fetched data for Ahmedabad
[2026-04-16T06:36:24.950+0000] {logging_mixin.py:188} WARNING - 2026-04-16 06:36:24 - scripts.extract - INFO - Fetching weather data for Bengaluru (attempt 1/3)
[2026-04-16T06:36:24.949+0000] {extract.py:47} INFO - Fetching weather data for Bengaluru (attempt 1/3)
[2026-04-16T06:36:25.153+0000] {logging_mixin.py:188} WARNING - 2026-04-16 06:36:25 - scripts.extract - INFO - Successfully fetched data for Bengaluru
[2026-04-16T06:36:25.151+0000] {extract.py:53} INFO - Successfully fetched data for Bengaluru
[2026-04-16T06:36:25.160+0000] {logging_mixin.py:188} WARNING - 2026-04-16 06:36:25 - scripts.extract - INFO - Fetching weather data for Chennai (attempt 1/3)
[2026-04-16T06:36:25.159+0000] {extract.py:47} INFO - Fetching weather data for Chennai (attempt 1/3)
[2026-04-16T06:36:25.358+0000] {logging_mixin.py:188} WARNING - 2026-04-16 06:36:25 - scripts.extract - INFO - Successfully fetched data for Chennai
[2026-04-16T06:36:25.357+0000] {extract.py:53} INFO - Successfully fetched data for Chennai
[2026-04-16T06:36:25.362+0000] {logging_mixin.py:188} WARNING - 2026-04-16 06:36:25 - scripts.extract - INFO - Fetching weather data for Delhi (attempt 1/3)
[2026-04-16T06:36:25.361+0000] {extract.py:47} INFO - Fetching weather data for Delhi (attempt 1/3)
[2026-04-16T06:36:25.554+0000] {logging_mixin.py:188} WARNING - 2026-04-16 06:36:25 - scripts.extract - INFO - Successfully fetched data for Delhi
[2026-04-16T06:36:25.553+0000] {extract.py:53} INFO - Successfully fetched data for Delhi
[2026-04-16T06:36:25.558+0000] {logging_mixin.py:188} WARNING - 2026-04-16 06:36:25 - scripts.extract - INFO - Fetching weather data for Mumbai (attempt 1/3)
[2026-04-16T06:36:25.557+0000] {extract.py:47} INFO - Fetching weather data for Mumbai (attempt 1/3)
[2026-04-16T06:36:25.752+0000] {logging_mixin.py:188} WARNING - 2026-04-16 06:36:25 - scripts.extract - INFO - Successfully fetched data for Mumbai
[2026-04-16T06:36:25.751+0000] {extract.py:53} INFO - Successfully fetched data for Mumbai
[2026-04-16T06:36:25.756+0000] {logging_mixin.py:188} WARNING - 2026-04-16 06:36:25 - scripts.extract - INFO - Fetching weather data for New York (attempt 1/3)
[2026-04-16T06:36:25.755+0000] {extract.py:47} INFO - Fetching weather data for New York (attempt 1/3)
[2026-04-16T06:36:25.958+0000] {logging_mixin.py:188} WARNING - 2026-04-16 06:36:25 - scripts.extract - INFO - Successfully fetched data for New York
[2026-04-16T06:36:25.957+0000] {extract.py:53} INFO - Successfully fetched data for New York
[2026-04-16T06:36:25.961+0000] {logging_mixin.py:188} WARNING - 2026-04-16 06:36:25 - scripts.extract - INFO - Extraction complete: 6 successful, 0 failed
[2026-04-16T06:36:25.960+0000] {extract.py:113} INFO - Extraction complete: 6 successful, 0 failed
[2026-04-16T06:36:25.965+0000] {logging_mixin.py:188} WARNING - 2026-04-16 06:36:25 - scripts.extract - INFO - Extracted 6 weather records
[2026-04-16T06:36:25.964+0000] {extract.py:130} INFO - Extracted 6 weather records
[2026-04-16T06:36:26.002+0000] {weather_etl_dag_v2.py:120} INFO - ✓ Extraction complete: 6 records for 6 cities in 1.34s
[2026-04-16T06:36:26.005+0000] {python.py:237} INFO - Done. Returned value was: 6
[2026-04-16T06:36:26.007+0000] {taskinstance.py:441} INFO - ::group::Post task execution logs
[2026-04-16T06:36:26.048+0000] {taskinstance.py:1206} INFO - Marking task as SUCCESS. dag_id=weather_etl_pipeline_v2, task_id=extract, run_id=manual__2026-04-16T06:36:21+00:00, execution_date=20260416T063621, start_date=20260416T063624, end_date=20260416T063626
[2026-04-16T06:36:26.091+0000] {local_task_job_runner.py:243} INFO - Task exited with return code 0
[2026-04-16T06:36:26.145+0000] {taskinstance.py:3503} INFO - 1 downstream tasks scheduled from follow-on schedule check
[2026-04-16T06:36:26.149+0000] {local_task_job_runner.py:222} INFO - ::endgroup::
