[2026-04-16T06:41:30.766+0000] {local_task_job_runner.py:120} INFO - ::group::Pre task execution logs
[2026-04-16T06:41:30.818+0000] {taskinstance.py:2076} INFO - Dependencies all met for dep_context=non-requeueable deps ti=<TaskInstance: weather_etl_pipeline_v2.quality_check manual__2026-04-16T06:41:22.965731+00:00 [queued]>
[2026-04-16T06:41:30.830+0000] {taskinstance.py:2076} INFO - Dependencies all met for dep_context=requeueable deps ti=<TaskInstance: weather_etl_pipeline_v2.quality_check manual__2026-04-16T06:41:22.965731+00:00 [queued]>
[2026-04-16T06:41:30.832+0000] {taskinstance.py:2306} INFO - Starting attempt 1 of 3
[2026-04-16T06:41:30.849+0000] {taskinstance.py:2330} INFO - Executing <Task(PythonOperator): quality_check> on 2026-04-16 06:41:22.965731+00:00
[2026-04-16T06:41:30.859+0000] {logging_mixin.py:188} WARNING - /home/airflow/.local/lib/python3.12/site-packages/airflow/task/task_runner/standard_task_runner.py:62 DeprecationWarning: This process (pid=1980) is multi-threaded, use of fork() may lead to deadlocks in the child.
[2026-04-16T06:41:30.857+0000] {standard_task_runner.py:90} INFO - Running: ['airflow', 'tasks', 'run', 'weather_etl_pipeline_v2', 'quality_check', 'manual__2026-04-16T06:41:22.965731+00:00', '--job-id', '57', '--raw', '--subdir', 'DAGS_FOLDER/weather_etl_dag_v2.py', '--cfg-path', '/tmp/tmpuur595pi']
[2026-04-16T06:41:30.860+0000] {standard_task_runner.py:64} INFO - Started process 1981 to run task
[2026-04-16T06:41:30.861+0000] {standard_task_runner.py:91} INFO - Job 57: Subtask quality_check
[2026-04-16T06:41:30.923+0000] {task_command.py:426} INFO - Running <TaskInstance: weather_etl_pipeline_v2.quality_check manual__2026-04-16T06:41:22.965731+00:00 [running]> on host cf9362e38fb8
[2026-04-16T06:41:31.056+0000] {taskinstance.py:2648} INFO - Exporting env vars: AIRFLOW_CTX_DAG_OWNER='weather_etl' AIRFLOW_CTX_DAG_ID='weather_etl_pipeline_v2' AIRFLOW_CTX_TASK_ID='quality_check' AIRFLOW_CTX_EXECUTION_DATE='2026-04-16T06:41:22.965731+00:00' AIRFLOW_CTX_TRY_NUMBER='1' AIRFLOW_CTX_DAG_RUN_ID='manual__2026-04-16T06:41:22.965731+00:00'
[2026-04-16T06:41:31.058+0000] {taskinstance.py:430} INFO - ::endgroup::
[2026-04-16T06:41:31.084+0000] {weather_etl_dag_v2.py:224} INFO - ============================================================
[2026-04-16T06:41:31.086+0000] {weather_etl_dag_v2.py:225} INFO - TASK: QUALITY_CHECK — Validating clean data quality
[2026-04-16T06:41:31.089+0000] {weather_etl_dag_v2.py:226} INFO - ============================================================
[2026-04-16T06:41:31.104+0000] {logging_mixin.py:188} WARNING - 2026-04-16 06:41:31 - scripts.validate - INFO - Starting data quality validation for 26 records
[2026-04-16T06:41:31.104+0000] {validate.py:201} INFO - Starting data quality validation for 26 records
[2026-04-16T06:41:31.106+0000] {logging_mixin.py:188} WARNING - 2026-04-16 06:41:31 - scripts.validate - INFO - Validation complete: 26 valid, 0 invalid (100.0% pass rate)
[2026-04-16T06:41:31.106+0000] {validate.py:228} INFO - Validation complete: 26 valid, 0 invalid (100.0% pass rate)
[2026-04-16T06:41:31.107+0000] {weather_etl_dag_v2.py:271} INFO - ✓ Quality check: 100.0% pass rate (26/26)
[2026-04-16T06:41:31.126+0000] {python.py:237} INFO - Done. Returned value was: 100.0
[2026-04-16T06:41:31.127+0000] {taskinstance.py:441} INFO - ::group::Post task execution logs
[2026-04-16T06:41:31.153+0000] {taskinstance.py:1206} INFO - Marking task as SUCCESS. dag_id=weather_etl_pipeline_v2, task_id=quality_check, run_id=manual__2026-04-16T06:41:22.965731+00:00, execution_date=20260416T064122, start_date=20260416T064130, end_date=20260416T064131
[2026-04-16T06:41:31.197+0000] {local_task_job_runner.py:243} INFO - Task exited with return code 0
[2026-04-16T06:41:31.242+0000] {taskinstance.py:3503} INFO - 1 downstream tasks scheduled from follow-on schedule check
[2026-04-16T06:41:31.246+0000] {local_task_job_runner.py:222} INFO - ::endgroup::
