[2026-04-16T06:38:37.024+0000] {local_task_job_runner.py:120} INFO - ::group::Pre task execution logs
[2026-04-16T06:38:37.081+0000] {taskinstance.py:2076} INFO - Dependencies all met for dep_context=non-requeueable deps ti=<TaskInstance: weather_etl_pipeline_v2.extract manual__2026-04-16T06:38:35+00:00 [queued]>
[2026-04-16T06:38:37.092+0000] {taskinstance.py:2076} INFO - Dependencies all met for dep_context=requeueable deps ti=<TaskInstance: weather_etl_pipeline_v2.extract manual__2026-04-16T06:38:35+00:00 [queued]>
[2026-04-16T06:38:37.094+0000] {taskinstance.py:2306} INFO - Starting attempt 1 of 4
[2026-04-16T06:38:37.108+0000] {taskinstance.py:2330} INFO - Executing <Task(PythonOperator): extract> on 2026-04-16 06:38:35+00:00
[2026-04-16T06:38:37.117+0000] {standard_task_runner.py:90} INFO - Running: ['airflow', 'tasks', 'run', 'weather_etl_pipeline_v2', 'extract', 'manual__2026-04-16T06:38:35+00:00', '--job-id', '47', '--raw', '--subdir', 'DAGS_FOLDER/weather_etl_dag_v2.py', '--cfg-path', '/tmp/tmpkh92bbd5']
[2026-04-16T06:38:37.119+0000] {logging_mixin.py:188} WARNING - /home/airflow/.local/lib/python3.12/site-packages/airflow/task/task_runner/standard_task_runner.py:62 DeprecationWarning: This process (pid=1870) is multi-threaded, use of fork() may lead to deadlocks in the child.
[2026-04-16T06:38:37.120+0000] {standard_task_runner.py:91} INFO - Job 47: Subtask extract
[2026-04-16T06:38:37.120+0000] {standard_task_runner.py:64} INFO - Started process 1871 to run task
[2026-04-16T06:38:37.178+0000] {task_command.py:426} INFO - Running <TaskInstance: weather_etl_pipeline_v2.extract manual__2026-04-16T06:38:35+00:00 [running]> on host cf9362e38fb8
[2026-04-16T06:38:37.285+0000] {taskinstance.py:2648} INFO - Exporting env vars: AIRFLOW_CTX_DAG_OWNER='weather_etl' AIRFLOW_CTX_DAG_ID='weather_etl_pipeline_v2' AIRFLOW_CTX_TASK_ID='extract' AIRFLOW_CTX_EXECUTION_DATE='2026-04-16T06:38:35+00:00' AIRFLOW_CTX_TRY_NUMBER='1' AIRFLOW_CTX_DAG_RUN_ID='manual__2026-04-16T06:38:35+00:00'
[2026-04-16T06:38:37.287+0000] {taskinstance.py:430} INFO - ::endgroup::
[2026-04-16T06:38:37.303+0000] {weather_etl_dag_v2.py:98} INFO - ============================================================
[2026-04-16T06:38:37.305+0000] {weather_etl_dag_v2.py:99} INFO - TASK: EXTRACT — Fetching weather data from OpenWeatherMap API
[2026-04-16T06:38:37.306+0000] {weather_etl_dag_v2.py:100} INFO - ============================================================
[2026-04-16T06:38:37.317+0000] {weather_etl_dag_v2.py:119} INFO - Active cities fetched from DB: ['Ahmedabad', 'Bengaluru', 'Chennai', 'Delhi', 'Mumbai', 'New York']
[2026-04-16T06:38:37.323+0000] {logging_mixin.py:188} WARNING - 2026-04-16 06:38:37 - scripts.extract - INFO - Starting extraction for cities: Ahmedabad, Bengaluru, Chennai, Delhi, Mumbai, New York
[2026-04-16T06:38:37.323+0000] {extract.py:126} INFO - Starting extraction for cities: Ahmedabad, Bengaluru, Chennai, Delhi, Mumbai, New York
[2026-04-16T06:38:37.325+0000] {logging_mixin.py:188} WARNING - 2026-04-16 06:38:37 - scripts.extract - INFO - Starting extraction for 6 cities
[2026-04-16T06:38:37.325+0000] {extract.py:96} INFO - Starting extraction for 6 cities
[2026-04-16T06:38:37.326+0000] {logging_mixin.py:188} WARNING - 2026-04-16 06:38:37 - scripts.extract - INFO - Fetching weather data for Ahmedabad (attempt 1/3)
[2026-04-16T06:38:37.326+0000] {extract.py:47} INFO - Fetching weather data for Ahmedabad (attempt 1/3)
[2026-04-16T06:38:37.563+0000] {logging_mixin.py:188} WARNING - 2026-04-16 06:38:37 - scripts.extract - INFO - Successfully fetched data for Ahmedabad
[2026-04-16T06:38:37.563+0000] {extract.py:53} INFO - Successfully fetched data for Ahmedabad
[2026-04-16T06:38:37.566+0000] {logging_mixin.py:188} WARNING - 2026-04-16 06:38:37 - scripts.extract - INFO - Fetching weather data for Bengaluru (attempt 1/3)
[2026-04-16T06:38:37.565+0000] {extract.py:47} INFO - Fetching weather data for Bengaluru (attempt 1/3)
[2026-04-16T06:38:37.767+0000] {logging_mixin.py:188} WARNING - 2026-04-16 06:38:37 - scripts.extract - INFO - Successfully fetched data for Bengaluru
[2026-04-16T06:38:37.766+0000] {extract.py:53} INFO - Successfully fetched data for Bengaluru
[2026-04-16T06:38:37.771+0000] {logging_mixin.py:188} WARNING - 2026-04-16 06:38:37 - scripts.extract - INFO - Fetching weather data for Chennai (attempt 1/3)
[2026-04-16T06:38:37.770+0000] {extract.py:47} INFO - Fetching weather data for Chennai (attempt 1/3)
[2026-04-16T06:38:37.992+0000] {logging_mixin.py:188} WARNING - 2026-04-16 06:38:37 - scripts.extract - INFO - Successfully fetched data for Chennai
[2026-04-16T06:38:37.991+0000] {extract.py:53} INFO - Successfully fetched data for Chennai
[2026-04-16T06:38:37.996+0000] {logging_mixin.py:188} WARNING - 2026-04-16 06:38:37 - scripts.extract - INFO - Fetching weather data for Delhi (attempt 1/3)
[2026-04-16T06:38:37.995+0000] {extract.py:47} INFO - Fetching weather data for Delhi (attempt 1/3)
[2026-04-16T06:38:38.220+0000] {logging_mixin.py:188} WARNING - 2026-04-16 06:38:38 - scripts.extract - INFO - Successfully fetched data for Delhi
[2026-04-16T06:38:38.220+0000] {extract.py:53} INFO - Successfully fetched data for Delhi
[2026-04-16T06:38:38.223+0000] {logging_mixin.py:188} WARNING - 2026-04-16 06:38:38 - scripts.extract - INFO - Fetching weather data for Mumbai (attempt 1/3)
[2026-04-16T06:38:38.222+0000] {extract.py:47} INFO - Fetching weather data for Mumbai (attempt 1/3)
[2026-04-16T06:38:38.428+0000] {logging_mixin.py:188} WARNING - 2026-04-16 06:38:38 - scripts.extract - INFO - Successfully fetched data for Mumbai
[2026-04-16T06:38:38.427+0000] {extract.py:53} INFO - Successfully fetched data for Mumbai
[2026-04-16T06:38:38.430+0000] {logging_mixin.py:188} WARNING - 2026-04-16 06:38:38 - scripts.extract - INFO - Fetching weather data for New York (attempt 1/3)
[2026-04-16T06:38:38.429+0000] {extract.py:47} INFO - Fetching weather data for New York (attempt 1/3)
[2026-04-16T06:38:38.638+0000] {logging_mixin.py:188} WARNING - 2026-04-16 06:38:38 - scripts.extract - INFO - Successfully fetched data for New York
[2026-04-16T06:38:38.637+0000] {extract.py:53} INFO - Successfully fetched data for New York
[2026-04-16T06:38:38.640+0000] {logging_mixin.py:188} WARNING - 2026-04-16 06:38:38 - scripts.extract - INFO - Extraction complete: 6 successful, 0 failed
[2026-04-16T06:38:38.639+0000] {extract.py:113} INFO - Extraction complete: 6 successful, 0 failed
[2026-04-16T06:38:38.642+0000] {logging_mixin.py:188} WARNING - 2026-04-16 06:38:38 - scripts.extract - INFO - Extracted 6 weather records
[2026-04-16T06:38:38.641+0000] {extract.py:130} INFO - Extracted 6 weather records
[2026-04-16T06:38:38.656+0000] {weather_etl_dag_v2.py:127} INFO - ✓ Extraction complete: 6 records for 6 cities in 1.35s
[2026-04-16T06:38:38.658+0000] {python.py:237} INFO - Done. Returned value was: 6
[2026-04-16T06:38:38.659+0000] {taskinstance.py:441} INFO - ::group::Post task execution logs
[2026-04-16T06:38:38.683+0000] {taskinstance.py:1206} INFO - Marking task as SUCCESS. dag_id=weather_etl_pipeline_v2, task_id=extract, run_id=manual__2026-04-16T06:38:35+00:00, execution_date=20260416T063835, start_date=20260416T063837, end_date=20260416T063838
[2026-04-16T06:38:38.743+0000] {local_task_job_runner.py:243} INFO - Task exited with return code 0
[2026-04-16T06:38:38.782+0000] {taskinstance.py:3503} INFO - 1 downstream tasks scheduled from follow-on schedule check
[2026-04-16T06:38:38.786+0000] {local_task_job_runner.py:222} INFO - ::endgroup::
