[2026-04-13T06:38:16.155+0000] {local_task_job_runner.py:120} INFO - ::group::Pre task execution logs
[2026-04-13T06:38:16.213+0000] {taskinstance.py:2076} INFO - Dependencies all met for dep_context=non-requeueable deps ti=<TaskInstance: weather_etl_pipeline_v2.extract manual__2026-04-13T06:38:11+00:00 [queued]>
[2026-04-13T06:38:16.226+0000] {taskinstance.py:2076} INFO - Dependencies all met for dep_context=requeueable deps ti=<TaskInstance: weather_etl_pipeline_v2.extract manual__2026-04-13T06:38:11+00:00 [queued]>
[2026-04-13T06:38:16.227+0000] {taskinstance.py:2306} INFO - Starting attempt 1 of 4
[2026-04-13T06:38:16.248+0000] {taskinstance.py:2330} INFO - Executing <Task(PythonOperator): extract> on 2026-04-13 06:38:11+00:00
[2026-04-13T06:38:16.258+0000] {standard_task_runner.py:90} INFO - Running: ['airflow', 'tasks', 'run', 'weather_etl_pipeline_v2', 'extract', 'manual__2026-04-13T06:38:11+00:00', '--job-id', '163', '--raw', '--subdir', 'DAGS_FOLDER/weather_etl_dag_v2.py', '--cfg-path', '/tmp/tmp8zk3vky9']
[2026-04-13T06:38:16.261+0000] {standard_task_runner.py:91} INFO - Job 163: Subtask extract
[2026-04-13T06:38:16.263+0000] {logging_mixin.py:188} WARNING - /home/airflow/.local/lib/python3.12/site-packages/airflow/task/task_runner/standard_task_runner.py:62 DeprecationWarning: This process (pid=180) is multi-threaded, use of fork() may lead to deadlocks in the child.
[2026-04-13T06:38:16.264+0000] {standard_task_runner.py:64} INFO - Started process 181 to run task
[2026-04-13T06:38:16.340+0000] {task_command.py:426} INFO - Running <TaskInstance: weather_etl_pipeline_v2.extract manual__2026-04-13T06:38:11+00:00 [running]> on host 5aae7c9eda2a
[2026-04-13T06:38:16.494+0000] {taskinstance.py:2648} INFO - Exporting env vars: AIRFLOW_CTX_DAG_OWNER='weather_etl' AIRFLOW_CTX_DAG_ID='weather_etl_pipeline_v2' AIRFLOW_CTX_TASK_ID='extract' AIRFLOW_CTX_EXECUTION_DATE='2026-04-13T06:38:11+00:00' AIRFLOW_CTX_TRY_NUMBER='1' AIRFLOW_CTX_DAG_RUN_ID='manual__2026-04-13T06:38:11+00:00'
[2026-04-13T06:38:16.495+0000] {taskinstance.py:430} INFO - ::endgroup::
[2026-04-13T06:38:16.517+0000] {weather_etl_dag_v2.py:66} INFO - ============================================================
[2026-04-13T06:38:16.518+0000] {weather_etl_dag_v2.py:67} INFO - TASK: EXTRACT - Fetching weather data from API
[2026-04-13T06:38:16.520+0000] {weather_etl_dag_v2.py:68} INFO - ============================================================
[2026-04-13T06:38:16.527+0000] {logging_mixin.py:188} WARNING - 2026-04-13 06:38:16 - scripts.extract - INFO - Starting extraction for cities: Ahmedabad, Mumbai, Delhi, Bangalore, Chennai
[2026-04-13T06:38:16.526+0000] {extract.py:126} INFO - Starting extraction for cities: Ahmedabad, Mumbai, Delhi, Bangalore, Chennai
[2026-04-13T06:38:16.530+0000] {logging_mixin.py:188} WARNING - 2026-04-13 06:38:16 - scripts.extract - INFO - Starting extraction for 5 cities
[2026-04-13T06:38:16.529+0000] {extract.py:96} INFO - Starting extraction for 5 cities
[2026-04-13T06:38:16.533+0000] {logging_mixin.py:188} WARNING - 2026-04-13 06:38:16 - scripts.extract - INFO - Fetching weather data for Ahmedabad (attempt 1/3)
[2026-04-13T06:38:16.532+0000] {extract.py:47} INFO - Fetching weather data for Ahmedabad (attempt 1/3)
[2026-04-13T06:38:16.836+0000] {logging_mixin.py:188} WARNING - 2026-04-13 06:38:16 - scripts.extract - INFO - Successfully fetched data for Ahmedabad
[2026-04-13T06:38:16.836+0000] {extract.py:53} INFO - Successfully fetched data for Ahmedabad
[2026-04-13T06:38:16.840+0000] {logging_mixin.py:188} WARNING - 2026-04-13 06:38:16 - scripts.extract - INFO - Fetching weather data for Mumbai (attempt 1/3)
[2026-04-13T06:38:16.839+0000] {extract.py:47} INFO - Fetching weather data for Mumbai (attempt 1/3)
[2026-04-13T06:38:17.151+0000] {logging_mixin.py:188} WARNING - 2026-04-13 06:38:17 - scripts.extract - INFO - Successfully fetched data for Mumbai
[2026-04-13T06:38:17.151+0000] {extract.py:53} INFO - Successfully fetched data for Mumbai
[2026-04-13T06:38:17.155+0000] {logging_mixin.py:188} WARNING - 2026-04-13 06:38:17 - scripts.extract - INFO - Fetching weather data for Delhi (attempt 1/3)
[2026-04-13T06:38:17.154+0000] {extract.py:47} INFO - Fetching weather data for Delhi (attempt 1/3)
[2026-04-13T06:38:17.470+0000] {logging_mixin.py:188} WARNING - 2026-04-13 06:38:17 - scripts.extract - INFO - Successfully fetched data for Delhi
[2026-04-13T06:38:17.470+0000] {extract.py:53} INFO - Successfully fetched data for Delhi
[2026-04-13T06:38:17.474+0000] {logging_mixin.py:188} WARNING - 2026-04-13 06:38:17 - scripts.extract - INFO - Fetching weather data for Bangalore (attempt 1/3)
[2026-04-13T06:38:17.473+0000] {extract.py:47} INFO - Fetching weather data for Bangalore (attempt 1/3)
[2026-04-13T06:38:17.814+0000] {logging_mixin.py:188} WARNING - 2026-04-13 06:38:17 - scripts.extract - INFO - Successfully fetched data for Bangalore
[2026-04-13T06:38:17.813+0000] {extract.py:53} INFO - Successfully fetched data for Bangalore
[2026-04-13T06:38:17.817+0000] {logging_mixin.py:188} WARNING - 2026-04-13 06:38:17 - scripts.extract - INFO - Fetching weather data for Chennai (attempt 1/3)
[2026-04-13T06:38:17.816+0000] {extract.py:47} INFO - Fetching weather data for Chennai (attempt 1/3)
[2026-04-13T06:38:18.113+0000] {logging_mixin.py:188} WARNING - 2026-04-13 06:38:18 - scripts.extract - INFO - Successfully fetched data for Chennai
[2026-04-13T06:38:18.113+0000] {extract.py:53} INFO - Successfully fetched data for Chennai
[2026-04-13T06:38:18.116+0000] {logging_mixin.py:188} WARNING - 2026-04-13 06:38:18 - scripts.extract - INFO - Extraction complete: 5 successful, 0 failed
[2026-04-13T06:38:18.116+0000] {extract.py:113} INFO - Extraction complete: 5 successful, 0 failed
[2026-04-13T06:38:18.118+0000] {logging_mixin.py:188} WARNING - 2026-04-13 06:38:18 - scripts.extract - INFO - Extracted 5 weather records
[2026-04-13T06:38:18.118+0000] {extract.py:130} INFO - Extracted 5 weather records
[2026-04-13T06:38:18.145+0000] {weather_etl_dag_v2.py:77} INFO - ✓ Extraction complete: 5 records fetched
[2026-04-13T06:38:18.147+0000] {python.py:237} INFO - Done. Returned value was: 5
[2026-04-13T06:38:18.148+0000] {taskinstance.py:441} INFO - ::group::Post task execution logs
[2026-04-13T06:38:18.188+0000] {taskinstance.py:1206} INFO - Marking task as SUCCESS. dag_id=weather_etl_pipeline_v2, task_id=extract, run_id=manual__2026-04-13T06:38:11+00:00, execution_date=20260413T063811, start_date=20260413T063816, end_date=20260413T063818
[2026-04-13T06:38:18.249+0000] {local_task_job_runner.py:243} INFO - Task exited with return code 0
[2026-04-13T06:38:18.293+0000] {taskinstance.py:3503} INFO - 1 downstream tasks scheduled from follow-on schedule check
[2026-04-13T06:38:18.296+0000] {local_task_job_runner.py:222} INFO - ::endgroup::
