[2026-04-18T06:14:49.654+0000] {local_task_job_runner.py:120} INFO - ::group::Pre task execution logs
[2026-04-18T06:14:49.742+0000] {taskinstance.py:2076} INFO - Dependencies all met for dep_context=non-requeueable deps ti=<TaskInstance: weather_etl_pipeline_v2.aggregate manual__2026-04-18T06:14:34.296233+00:00 [queued]>
[2026-04-18T06:14:49.766+0000] {taskinstance.py:2076} INFO - Dependencies all met for dep_context=requeueable deps ti=<TaskInstance: weather_etl_pipeline_v2.aggregate manual__2026-04-18T06:14:34.296233+00:00 [queued]>
[2026-04-18T06:14:49.769+0000] {taskinstance.py:2306} INFO - Starting attempt 1 of 3
[2026-04-18T06:14:49.805+0000] {taskinstance.py:2330} INFO - Executing <Task(PythonOperator): aggregate> on 2026-04-18 06:14:34.296233+00:00
[2026-04-18T06:14:49.821+0000] {logging_mixin.py:188} WARNING - /home/airflow/.local/lib/python3.12/site-packages/airflow/task/task_runner/standard_task_runner.py:62 DeprecationWarning: This process (pid=1225) is multi-threaded, use of fork() may lead to deadlocks in the child.
[2026-04-18T06:14:49.824+0000] {standard_task_runner.py:64} INFO - Started process 1226 to run task
[2026-04-18T06:14:49.821+0000] {standard_task_runner.py:90} INFO - Running: ['airflow', 'tasks', 'run', 'weather_etl_pipeline_v2', 'aggregate', 'manual__2026-04-18T06:14:34.296233+00:00', '--job-id', '149', '--raw', '--subdir', 'DAGS_FOLDER/weather_etl_dag_v2.py', '--cfg-path', '/tmp/tmpmo1pwfre']
[2026-04-18T06:14:49.826+0000] {standard_task_runner.py:91} INFO - Job 149: Subtask aggregate
[2026-04-18T06:14:49.937+0000] {task_command.py:426} INFO - Running <TaskInstance: weather_etl_pipeline_v2.aggregate manual__2026-04-18T06:14:34.296233+00:00 [running]> on host fe407dbe3293
[2026-04-18T06:14:50.129+0000] {taskinstance.py:2648} INFO - Exporting env vars: AIRFLOW_CTX_DAG_OWNER='weather_etl' AIRFLOW_CTX_DAG_ID='weather_etl_pipeline_v2' AIRFLOW_CTX_TASK_ID='aggregate' AIRFLOW_CTX_EXECUTION_DATE='2026-04-18T06:14:34.296233+00:00' AIRFLOW_CTX_TRY_NUMBER='1' AIRFLOW_CTX_DAG_RUN_ID='manual__2026-04-18T06:14:34.296233+00:00'
[2026-04-18T06:14:50.132+0000] {taskinstance.py:430} INFO - ::endgroup::
[2026-04-18T06:14:50.158+0000] {weather_etl_dag_v2.py:289} INFO - ============================================================
[2026-04-18T06:14:50.163+0000] {weather_etl_dag_v2.py:290} INFO - TASK: AGGREGATE — Computing city-wise daily metrics
[2026-04-18T06:14:50.166+0000] {weather_etl_dag_v2.py:291} INFO - ============================================================
[2026-04-18T06:14:50.193+0000] {logging_mixin.py:188} WARNING - 2026-04-18 06:14:50 - scripts.aggregator - INFO - WeatherAggregator: connected to PostgreSQL
[2026-04-18T06:14:50.191+0000] {aggregator.py:48} INFO - WeatherAggregator: connected to PostgreSQL
[2026-04-18T06:14:50.196+0000] {logging_mixin.py:188} WARNING - 2026-04-18 06:14:50 - scripts.aggregator - INFO - Starting aggregation for date: 2026-04-17
[2026-04-18T06:14:50.196+0000] {aggregator.py:77} INFO - Starting aggregation for date: 2026-04-17
[2026-04-18T06:14:50.219+0000] {logging_mixin.py:188} WARNING - 2026-04-18 06:14:50 - scripts.aggregator - INFO - ✓ Aggregation complete for 2026-04-17: 11 city-day rows upserted
[2026-04-18T06:14:50.217+0000] {aggregator.py:194} INFO - ✓ Aggregation complete for 2026-04-17: 11 city-day rows upserted
[2026-04-18T06:14:50.224+0000] {logging_mixin.py:188} WARNING - 2026-04-18 06:14:50 - scripts.aggregator - INFO - Daily aggregation run complete: 1 day(s), 11 city-day rows upserted
[2026-04-18T06:14:50.222+0000] {aggregator.py:240} INFO - Daily aggregation run complete: 1 day(s), 11 city-day rows upserted
[2026-04-18T06:14:50.229+0000] {logging_mixin.py:188} WARNING - 2026-04-18 06:14:50 - scripts.aggregator - INFO - WeatherAggregator: DB connection closed
[2026-04-18T06:14:50.227+0000] {aggregator.py:60} INFO - WeatherAggregator: DB connection closed
[2026-04-18T06:14:50.270+0000] {weather_etl_dag_v2.py:298} INFO - ✓ Aggregation complete: 11 city-day rows upserted for 1 day(s)
[2026-04-18T06:14:50.275+0000] {python.py:237} INFO - Done. Returned value was: 11
[2026-04-18T06:14:50.277+0000] {taskinstance.py:441} INFO - ::group::Post task execution logs
[2026-04-18T06:14:50.326+0000] {taskinstance.py:1206} INFO - Marking task as SUCCESS. dag_id=weather_etl_pipeline_v2, task_id=aggregate, run_id=manual__2026-04-18T06:14:34.296233+00:00, execution_date=20260418T061434, start_date=20260418T061449, end_date=20260418T061450
[2026-04-18T06:14:50.363+0000] {local_task_job_runner.py:243} INFO - Task exited with return code 0
[2026-04-18T06:14:50.399+0000] {taskinstance.py:3503} INFO - 0 downstream tasks scheduled from follow-on schedule check
[2026-04-18T06:14:50.403+0000] {local_task_job_runner.py:222} INFO - ::endgroup::
