[2026-04-17T05:24:36.769+0000] {local_task_job_runner.py:120} INFO - ::group::Pre task execution logs
[2026-04-17T05:24:36.828+0000] {taskinstance.py:2076} INFO - Dependencies all met for dep_context=non-requeueable deps ti=<TaskInstance: weather_etl_pipeline_v2.transform_clean manual__2026-04-17T05:24:28.533899+00:00 [queued]>
[2026-04-17T05:24:36.845+0000] {taskinstance.py:2076} INFO - Dependencies all met for dep_context=requeueable deps ti=<TaskInstance: weather_etl_pipeline_v2.transform_clean manual__2026-04-17T05:24:28.533899+00:00 [queued]>
[2026-04-17T05:24:36.847+0000] {taskinstance.py:2306} INFO - Starting attempt 1 of 3
[2026-04-17T05:24:36.874+0000] {taskinstance.py:2330} INFO - Executing <Task(PythonOperator): transform_clean> on 2026-04-17 05:24:28.533899+00:00
[2026-04-17T05:24:36.889+0000] {logging_mixin.py:188} WARNING - /home/airflow/.local/lib/python3.12/site-packages/airflow/task/task_runner/standard_task_runner.py:62 DeprecationWarning: This process (pid=936) is multi-threaded, use of fork() may lead to deadlocks in the child.
[2026-04-17T05:24:36.892+0000] {standard_task_runner.py:64} INFO - Started process 937 to run task
[2026-04-17T05:24:36.889+0000] {standard_task_runner.py:90} INFO - Running: ['airflow', 'tasks', 'run', 'weather_etl_pipeline_v2', 'transform_clean', 'manual__2026-04-17T05:24:28.533899+00:00', '--job-id', '125', '--raw', '--subdir', 'DAGS_FOLDER/weather_etl_dag_v2.py', '--cfg-path', '/tmp/tmphkziv6sz']
[2026-04-17T05:24:36.894+0000] {standard_task_runner.py:91} INFO - Job 125: Subtask transform_clean
[2026-04-17T05:24:36.992+0000] {task_command.py:426} INFO - Running <TaskInstance: weather_etl_pipeline_v2.transform_clean manual__2026-04-17T05:24:28.533899+00:00 [running]> on host 89e29680acec
[2026-04-17T05:24:37.137+0000] {taskinstance.py:2648} INFO - Exporting env vars: AIRFLOW_CTX_DAG_OWNER='weather_etl' AIRFLOW_CTX_DAG_ID='weather_etl_pipeline_v2' AIRFLOW_CTX_TASK_ID='transform_clean' AIRFLOW_CTX_EXECUTION_DATE='2026-04-17T05:24:28.533899+00:00' AIRFLOW_CTX_TRY_NUMBER='1' AIRFLOW_CTX_DAG_RUN_ID='manual__2026-04-17T05:24:28.533899+00:00'
[2026-04-17T05:24:37.140+0000] {taskinstance.py:430} INFO - ::endgroup::
[2026-04-17T05:24:37.161+0000] {weather_etl_dag_v2.py:174} INFO - ============================================================
[2026-04-17T05:24:37.164+0000] {weather_etl_dag_v2.py:175} INFO - TASK: TRANSFORM_CLEAN — Transform & load validated data
[2026-04-17T05:24:37.166+0000] {weather_etl_dag_v2.py:176} INFO - ============================================================
[2026-04-17T05:24:37.194+0000] {logging_mixin.py:188} WARNING - 2026-04-17 05:24:37 - scripts.load_raw - INFO - Successfully connected to PostgreSQL database
[2026-04-17T05:24:37.193+0000] {load_raw.py:38} INFO - Successfully connected to PostgreSQL database
[2026-04-17T05:24:37.207+0000] {logging_mixin.py:188} WARNING - 2026-04-17 05:24:37 - scripts.load_raw - INFO - Retrieved 125 unprocessed raw records (active only)
[2026-04-17T05:24:37.206+0000] {load_raw.py:233} INFO - Retrieved 125 unprocessed raw records (active only)
[2026-04-17T05:24:37.212+0000] {logging_mixin.py:188} WARNING - 2026-04-17 05:24:37 - scripts.load_raw - INFO - Database connection closed
[2026-04-17T05:24:37.210+0000] {load_raw.py:53} INFO - Database connection closed
[2026-04-17T05:24:37.216+0000] {logging_mixin.py:188} WARNING - 2026-04-17 05:24:37 - scripts.load_clean - INFO - Starting transformation and load for 125 raw records
[2026-04-17T05:24:37.215+0000] {load_clean.py:210} INFO - Starting transformation and load for 125 raw records
[2026-04-17T05:24:37.232+0000] {logging_mixin.py:188} WARNING - 2026-04-17 05:24:37 - scripts.load_clean - INFO - Successfully connected to PostgreSQL database
[2026-04-17T05:24:37.231+0000] {load_clean.py:41} INFO - Successfully connected to PostgreSQL database
[2026-04-17T05:24:37.240+0000] {logging_mixin.py:188} WARNING - 2026-04-17 05:24:37 - scripts.load_clean - INFO - Table 'weather_clean' created or already exists
[2026-04-17T05:24:37.239+0000] {load_clean.py:109} INFO - Table 'weather_clean' created or already exists
[2026-04-17T05:24:37.374+0000] {logging_mixin.py:188} WARNING - 2026-04-17 05:24:37 - scripts.load_clean - INFO - Marked 125 raw records as processed
[2026-04-17T05:24:37.373+0000] {load_clean.py:293} INFO - Marked 125 raw records as processed
[2026-04-17T05:24:37.376+0000] {logging_mixin.py:188} WARNING - 2026-04-17 05:24:37 - scripts.load_clean - INFO - Clean data load complete: 125 transformed, 125 validated, 125 loaded, 0 failed
[2026-04-17T05:24:37.376+0000] {load_clean.py:265} INFO - Clean data load complete: 125 transformed, 125 validated, 125 loaded, 0 failed
[2026-04-17T05:24:37.379+0000] {logging_mixin.py:188} WARNING - 2026-04-17 05:24:37 - scripts.load_clean - INFO - Database connection closed
[2026-04-17T05:24:37.378+0000] {load_clean.py:56} INFO - Database connection closed
[2026-04-17T05:24:37.404+0000] {weather_etl_dag_v2.py:190} INFO - ✓ Transform complete: 125 loaded, 0 failed (will be checked in quality_check)
[2026-04-17T05:24:37.408+0000] {python.py:237} INFO - Done. Returned value was: 125
[2026-04-17T05:24:37.409+0000] {taskinstance.py:441} INFO - ::group::Post task execution logs
[2026-04-17T05:24:37.452+0000] {taskinstance.py:1206} INFO - Marking task as SUCCESS. dag_id=weather_etl_pipeline_v2, task_id=transform_clean, run_id=manual__2026-04-17T05:24:28.533899+00:00, execution_date=20260417T052428, start_date=20260417T052436, end_date=20260417T052437
[2026-04-17T05:24:37.512+0000] {local_task_job_runner.py:243} INFO - Task exited with return code 0
[2026-04-17T05:24:37.563+0000] {taskinstance.py:3503} INFO - 1 downstream tasks scheduled from follow-on schedule check
[2026-04-17T05:24:37.568+0000] {local_task_job_runner.py:222} INFO - ::endgroup::
