[2026-04-10T13:42:23.344+0000] {local_task_job_runner.py:120} INFO - ::group::Pre task execution logs
[2026-04-10T13:42:23.398+0000] {taskinstance.py:2076} INFO - Dependencies all met for dep_context=non-requeueable deps ti=<TaskInstance: weather_etl_pipeline_v2.load_raw manual__2026-04-10T13:42:14+00:00 [queued]>
[2026-04-10T13:42:23.414+0000] {taskinstance.py:2076} INFO - Dependencies all met for dep_context=requeueable deps ti=<TaskInstance: weather_etl_pipeline_v2.load_raw manual__2026-04-10T13:42:14+00:00 [queued]>
[2026-04-10T13:42:23.415+0000] {taskinstance.py:2306} INFO - Starting attempt 1 of 3
[2026-04-10T13:42:23.434+0000] {taskinstance.py:2330} INFO - Executing <Task(PythonOperator): load_raw> on 2026-04-10 13:42:14+00:00
[2026-04-10T13:42:23.444+0000] {standard_task_runner.py:90} INFO - Running: ['airflow', 'tasks', 'run', 'weather_etl_pipeline_v2', 'load_raw', 'manual__2026-04-10T13:42:14+00:00', '--job-id', '75', '--raw', '--subdir', 'DAGS_FOLDER/weather_etl_dag_v2.py', '--cfg-path', '/tmp/tmpb39fvcab']
[2026-04-10T13:42:23.447+0000] {standard_task_runner.py:91} INFO - Job 75: Subtask load_raw
[2026-04-10T13:42:23.448+0000] {logging_mixin.py:188} WARNING - /home/airflow/.local/lib/python3.12/site-packages/airflow/task/task_runner/standard_task_runner.py:62 DeprecationWarning: This process (pid=182) is multi-threaded, use of fork() may lead to deadlocks in the child.
[2026-04-10T13:42:23.449+0000] {standard_task_runner.py:64} INFO - Started process 183 to run task
[2026-04-10T13:42:23.521+0000] {task_command.py:426} INFO - Running <TaskInstance: weather_etl_pipeline_v2.load_raw manual__2026-04-10T13:42:14+00:00 [running]> on host e69da4fb5dc4
[2026-04-10T13:42:23.644+0000] {taskinstance.py:2648} INFO - Exporting env vars: AIRFLOW_CTX_DAG_OWNER='weather_etl' AIRFLOW_CTX_DAG_ID='weather_etl_pipeline_v2' AIRFLOW_CTX_TASK_ID='load_raw' AIRFLOW_CTX_EXECUTION_DATE='2026-04-10T13:42:14+00:00' AIRFLOW_CTX_TRY_NUMBER='1' AIRFLOW_CTX_DAG_RUN_ID='manual__2026-04-10T13:42:14+00:00'
[2026-04-10T13:42:23.646+0000] {taskinstance.py:430} INFO - ::endgroup::
[2026-04-10T13:42:23.660+0000] {weather_etl_dag_v2.py:94} INFO - ============================================================
[2026-04-10T13:42:23.662+0000] {weather_etl_dag_v2.py:95} INFO - TASK: LOAD_RAW - Storing raw API responses
[2026-04-10T13:42:23.664+0000] {weather_etl_dag_v2.py:96} INFO - ============================================================
[2026-04-10T13:42:23.684+0000] {logging_mixin.py:188} WARNING - 2026-04-10 13:42:23 - scripts.load_raw - INFO - Starting raw data load for 5 records
[2026-04-10T13:42:23.684+0000] {load_raw.py:134} INFO - Starting raw data load for 5 records
[2026-04-10T13:42:23.693+0000] {logging_mixin.py:188} WARNING - 2026-04-10 13:42:23 - scripts.load_raw - INFO - Successfully connected to PostgreSQL database
[2026-04-10T13:42:23.692+0000] {load_raw.py:38} INFO - Successfully connected to PostgreSQL database
[2026-04-10T13:42:23.696+0000] {logging_mixin.py:188} WARNING - 2026-04-10 13:42:23 - scripts.load_raw - INFO - Table 'weather_raw' created or already exists
[2026-04-10T13:42:23.695+0000] {load_raw.py:78} INFO - Table 'weather_raw' created or already exists
[2026-04-10T13:42:23.702+0000] {logging_mixin.py:188} WARNING - 2026-04-10 13:42:23 - scripts.load_raw - INFO - Raw data load complete: 5 inserted, 0 skipped (duplicates)
[2026-04-10T13:42:23.702+0000] {load_raw.py:162} INFO - Raw data load complete: 5 inserted, 0 skipped (duplicates)
[2026-04-10T13:42:23.705+0000] {logging_mixin.py:188} WARNING - 2026-04-10 13:42:23 - scripts.load_raw - INFO - Database connection closed
[2026-04-10T13:42:23.704+0000] {load_raw.py:53} INFO - Database connection closed
[2026-04-10T13:42:23.706+0000] {weather_etl_dag_v2.py:109} INFO - ✓ Raw data load complete: 5 inserted, 0 skipped
[2026-04-10T13:42:23.707+0000] {python.py:237} INFO - Done. Returned value was: 5
[2026-04-10T13:42:23.707+0000] {taskinstance.py:441} INFO - ::group::Post task execution logs
[2026-04-10T13:42:23.742+0000] {taskinstance.py:1206} INFO - Marking task as SUCCESS. dag_id=weather_etl_pipeline_v2, task_id=load_raw, run_id=manual__2026-04-10T13:42:14+00:00, execution_date=20260410T134214, start_date=20260410T134223, end_date=20260410T134223
[2026-04-10T13:42:23.786+0000] {local_task_job_runner.py:243} INFO - Task exited with return code 0
[2026-04-10T13:42:23.819+0000] {taskinstance.py:3503} INFO - 1 downstream tasks scheduled from follow-on schedule check
[2026-04-10T13:42:23.822+0000] {local_task_job_runner.py:222} INFO - ::endgroup::
