[2026-04-13T06:57:15.296+0000] {local_task_job_runner.py:120} INFO - ::group::Pre task execution logs
[2026-04-13T06:57:15.361+0000] {taskinstance.py:2076} INFO - Dependencies all met for dep_context=non-requeueable deps ti=<TaskInstance: weather_etl_pipeline_v2.extract manual__2026-04-13T06:57:12.159091+00:00 [queued]>
[2026-04-13T06:57:15.388+0000] {taskinstance.py:2076} INFO - Dependencies all met for dep_context=requeueable deps ti=<TaskInstance: weather_etl_pipeline_v2.extract manual__2026-04-13T06:57:12.159091+00:00 [queued]>
[2026-04-13T06:57:15.391+0000] {taskinstance.py:2306} INFO - Starting attempt 1 of 4
[2026-04-13T06:57:15.429+0000] {taskinstance.py:2330} INFO - Executing <Task(PythonOperator): extract> on 2026-04-13 06:57:12.159091+00:00
[2026-04-13T06:57:15.447+0000] {standard_task_runner.py:90} INFO - Running: ['airflow', 'tasks', 'run', 'weather_etl_pipeline_v2', 'extract', 'manual__2026-04-13T06:57:12.159091+00:00', '--job-id', '182', '--raw', '--subdir', 'DAGS_FOLDER/weather_etl_dag_v2.py', '--cfg-path', '/tmp/tmpsk7805fy']
[2026-04-13T06:57:15.456+0000] {logging_mixin.py:188} WARNING - /home/airflow/.local/lib/python3.12/site-packages/airflow/task/task_runner/standard_task_runner.py:62 DeprecationWarning: This process (pid=454) is multi-threaded, use of fork() may lead to deadlocks in the child.
[2026-04-13T06:57:15.456+0000] {standard_task_runner.py:91} INFO - Job 182: Subtask extract
[2026-04-13T06:57:15.458+0000] {standard_task_runner.py:64} INFO - Started process 455 to run task
[2026-04-13T06:57:15.589+0000] {task_command.py:426} INFO - Running <TaskInstance: weather_etl_pipeline_v2.extract manual__2026-04-13T06:57:12.159091+00:00 [running]> on host 5aae7c9eda2a
[2026-04-13T06:57:15.816+0000] {taskinstance.py:2648} INFO - Exporting env vars: AIRFLOW_CTX_DAG_OWNER='weather_etl' AIRFLOW_CTX_DAG_ID='weather_etl_pipeline_v2' AIRFLOW_CTX_TASK_ID='extract' AIRFLOW_CTX_EXECUTION_DATE='2026-04-13T06:57:12.159091+00:00' AIRFLOW_CTX_TRY_NUMBER='1' AIRFLOW_CTX_DAG_RUN_ID='manual__2026-04-13T06:57:12.159091+00:00'
[2026-04-13T06:57:15.819+0000] {taskinstance.py:430} INFO - ::endgroup::
[2026-04-13T06:57:15.848+0000] {weather_etl_dag_v2.py:66} INFO - ============================================================
[2026-04-13T06:57:15.851+0000] {weather_etl_dag_v2.py:67} INFO - TASK: EXTRACT - Fetching weather data from API
[2026-04-13T06:57:15.853+0000] {weather_etl_dag_v2.py:68} INFO - ============================================================
[2026-04-13T06:57:15.870+0000] {weather_etl_dag_v2.py:91} INFO - Fetched 6 cities from database: ['ahmedabad', 'bengaluru', 'chennai', 'Delhi', 'islamabad', 'Mumbai']
[2026-04-13T06:57:15.880+0000] {logging_mixin.py:188} WARNING - 2026-04-13 06:57:15 - scripts.extract - INFO - Starting extraction for cities: ahmedabad, bengaluru, chennai, Delhi, islamabad, Mumbai
[2026-04-13T06:57:15.879+0000] {extract.py:126} INFO - Starting extraction for cities: ahmedabad, bengaluru, chennai, Delhi, islamabad, Mumbai
[2026-04-13T06:57:15.884+0000] {logging_mixin.py:188} WARNING - 2026-04-13 06:57:15 - scripts.extract - INFO - Starting extraction for 6 cities
[2026-04-13T06:57:15.882+0000] {extract.py:96} INFO - Starting extraction for 6 cities
[2026-04-13T06:57:15.888+0000] {logging_mixin.py:188} WARNING - 2026-04-13 06:57:15 - scripts.extract - INFO - Fetching weather data for ahmedabad (attempt 1/3)
[2026-04-13T06:57:15.887+0000] {extract.py:47} INFO - Fetching weather data for ahmedabad (attempt 1/3)
[2026-04-13T06:57:16.249+0000] {logging_mixin.py:188} WARNING - 2026-04-13 06:57:16 - scripts.extract - INFO - Successfully fetched data for ahmedabad
[2026-04-13T06:57:16.247+0000] {extract.py:53} INFO - Successfully fetched data for ahmedabad
[2026-04-13T06:57:16.254+0000] {logging_mixin.py:188} WARNING - 2026-04-13 06:57:16 - scripts.extract - INFO - Fetching weather data for bengaluru (attempt 1/3)
[2026-04-13T06:57:16.253+0000] {extract.py:47} INFO - Fetching weather data for bengaluru (attempt 1/3)
[2026-04-13T06:57:16.558+0000] {logging_mixin.py:188} WARNING - 2026-04-13 06:57:16 - scripts.extract - INFO - Successfully fetched data for bengaluru
[2026-04-13T06:57:16.556+0000] {extract.py:53} INFO - Successfully fetched data for bengaluru
[2026-04-13T06:57:16.564+0000] {logging_mixin.py:188} WARNING - 2026-04-13 06:57:16 - scripts.extract - INFO - Fetching weather data for chennai (attempt 1/3)
[2026-04-13T06:57:16.562+0000] {extract.py:47} INFO - Fetching weather data for chennai (attempt 1/3)
[2026-04-13T06:57:16.871+0000] {logging_mixin.py:188} WARNING - 2026-04-13 06:57:16 - scripts.extract - INFO - Successfully fetched data for chennai
[2026-04-13T06:57:16.868+0000] {extract.py:53} INFO - Successfully fetched data for chennai
[2026-04-13T06:57:16.876+0000] {logging_mixin.py:188} WARNING - 2026-04-13 06:57:16 - scripts.extract - INFO - Fetching weather data for Delhi (attempt 1/3)
[2026-04-13T06:57:16.875+0000] {extract.py:47} INFO - Fetching weather data for Delhi (attempt 1/3)
[2026-04-13T06:57:17.194+0000] {logging_mixin.py:188} WARNING - 2026-04-13 06:57:17 - scripts.extract - INFO - Successfully fetched data for Delhi
[2026-04-13T06:57:17.193+0000] {extract.py:53} INFO - Successfully fetched data for Delhi
[2026-04-13T06:57:17.200+0000] {logging_mixin.py:188} WARNING - 2026-04-13 06:57:17 - scripts.extract - INFO - Fetching weather data for islamabad (attempt 1/3)
[2026-04-13T06:57:17.199+0000] {extract.py:47} INFO - Fetching weather data for islamabad (attempt 1/3)
[2026-04-13T06:57:17.509+0000] {logging_mixin.py:188} WARNING - 2026-04-13 06:57:17 - scripts.extract - INFO - Successfully fetched data for islamabad
[2026-04-13T06:57:17.508+0000] {extract.py:53} INFO - Successfully fetched data for islamabad
[2026-04-13T06:57:17.515+0000] {logging_mixin.py:188} WARNING - 2026-04-13 06:57:17 - scripts.extract - INFO - Fetching weather data for Mumbai (attempt 1/3)
[2026-04-13T06:57:17.513+0000] {extract.py:47} INFO - Fetching weather data for Mumbai (attempt 1/3)
[2026-04-13T06:57:17.828+0000] {logging_mixin.py:188} WARNING - 2026-04-13 06:57:17 - scripts.extract - INFO - Successfully fetched data for Mumbai
[2026-04-13T06:57:17.826+0000] {extract.py:53} INFO - Successfully fetched data for Mumbai
[2026-04-13T06:57:17.834+0000] {logging_mixin.py:188} WARNING - 2026-04-13 06:57:17 - scripts.extract - INFO - Extraction complete: 6 successful, 0 failed
[2026-04-13T06:57:17.832+0000] {extract.py:113} INFO - Extraction complete: 6 successful, 0 failed
[2026-04-13T06:57:17.839+0000] {logging_mixin.py:188} WARNING - 2026-04-13 06:57:17 - scripts.extract - INFO - Extracted 6 weather records
[2026-04-13T06:57:17.837+0000] {extract.py:130} INFO - Extracted 6 weather records
[2026-04-13T06:57:17.888+0000] {weather_etl_dag_v2.py:102} INFO - ✓ Extraction complete: 6 records fetched
[2026-04-13T06:57:17.891+0000] {python.py:237} INFO - Done. Returned value was: 6
[2026-04-13T06:57:17.892+0000] {taskinstance.py:441} INFO - ::group::Post task execution logs
[2026-04-13T06:57:17.946+0000] {taskinstance.py:1206} INFO - Marking task as SUCCESS. dag_id=weather_etl_pipeline_v2, task_id=extract, run_id=manual__2026-04-13T06:57:12.159091+00:00, execution_date=20260413T065712, start_date=20260413T065715, end_date=20260413T065717
[2026-04-13T06:57:17.978+0000] {local_task_job_runner.py:243} INFO - Task exited with return code 0
[2026-04-13T06:57:18.042+0000] {taskinstance.py:3503} INFO - 1 downstream tasks scheduled from follow-on schedule check
[2026-04-13T06:57:18.048+0000] {local_task_job_runner.py:222} INFO - ::endgroup::
