[2026-04-15T08:03:28.954+0000] {local_task_job_runner.py:120} INFO - ::group::Pre task execution logs
[2026-04-15T08:03:28.989+0000] {taskinstance.py:2076} INFO - Dependencies all met for dep_context=non-requeueable deps ti=<TaskInstance: weather_etl_pipeline_v2.load_raw manual__2026-04-15T08:01:22.286568+00:00 [queued]>
[2026-04-15T08:03:29.002+0000] {taskinstance.py:2076} INFO - Dependencies all met for dep_context=requeueable deps ti=<TaskInstance: weather_etl_pipeline_v2.load_raw manual__2026-04-15T08:01:22.286568+00:00 [queued]>
[2026-04-15T08:03:29.003+0000] {taskinstance.py:2306} INFO - Starting attempt 2 of 4
[2026-04-15T08:03:29.022+0000] {taskinstance.py:2330} INFO - Executing <Task(PythonOperator): load_raw> on 2026-04-15 08:01:22.286568+00:00
[2026-04-15T08:03:29.029+0000] {standard_task_runner.py:90} INFO - Running: ['airflow', 'tasks', 'run', 'weather_etl_pipeline_v2', 'load_raw', 'manual__2026-04-15T08:01:22.286568+00:00', '--job-id', '269', '--raw', '--subdir', 'DAGS_FOLDER/weather_etl_dag_v2.py', '--cfg-path', '/tmp/tmpuhi_ujr7']
[2026-04-15T08:03:29.032+0000] {standard_task_runner.py:91} INFO - Job 269: Subtask load_raw
[2026-04-15T08:03:29.032+0000] {logging_mixin.py:188} WARNING - /home/airflow/.local/lib/python3.12/site-packages/airflow/task/task_runner/standard_task_runner.py:62 DeprecationWarning: This process (pid=200) is multi-threaded, use of fork() may lead to deadlocks in the child.
[2026-04-15T08:03:29.033+0000] {standard_task_runner.py:64} INFO - Started process 201 to run task
[2026-04-15T08:03:29.083+0000] {task_command.py:426} INFO - Running <TaskInstance: weather_etl_pipeline_v2.load_raw manual__2026-04-15T08:01:22.286568+00:00 [running]> on host 5352684ecc2b
[2026-04-15T08:03:29.176+0000] {taskinstance.py:2648} INFO - Exporting env vars: AIRFLOW_CTX_DAG_OWNER='weather_etl' AIRFLOW_CTX_DAG_ID='weather_etl_pipeline_v2' AIRFLOW_CTX_TASK_ID='load_raw' AIRFLOW_CTX_EXECUTION_DATE='2026-04-15T08:01:22.286568+00:00' AIRFLOW_CTX_TRY_NUMBER='2' AIRFLOW_CTX_DAG_RUN_ID='manual__2026-04-15T08:01:22.286568+00:00'
[2026-04-15T08:03:29.178+0000] {taskinstance.py:430} INFO - ::endgroup::
[2026-04-15T08:03:29.196+0000] {weather_etl_dag_v2.py:119} INFO - ============================================================
[2026-04-15T08:03:29.203+0000] {weather_etl_dag_v2.py:120} INFO - TASK: LOAD_RAW - Storing raw API responses
[2026-04-15T08:03:29.209+0000] {weather_etl_dag_v2.py:121} INFO - ============================================================
[2026-04-15T08:03:29.228+0000] {logging_mixin.py:188} WARNING - 2026-04-15 08:03:29 - scripts.load_raw - INFO - Starting raw data load for 6 records
[2026-04-15T08:03:29.227+0000] {load_raw.py:143} INFO - Starting raw data load for 6 records
[2026-04-15T08:03:29.233+0000] {logging_mixin.py:188} WARNING - 2026-04-15 08:03:29 - scripts.load_raw - INFO - Successfully connected to PostgreSQL database
[2026-04-15T08:03:29.232+0000] {load_raw.py:38} INFO - Successfully connected to PostgreSQL database
[2026-04-15T08:03:29.236+0000] {logging_mixin.py:188} WARNING - 2026-04-15 08:03:29 - scripts.load_raw - INFO - Table 'weather_raw' created or already exists
[2026-04-15T08:03:29.236+0000] {load_raw.py:78} INFO - Table 'weather_raw' created or already exists
[2026-04-15T08:03:29.244+0000] {logging_mixin.py:188} WARNING - 2026-04-15 08:03:29 - scripts.load_raw - INFO - Raw data load complete: 6 inserted, 0 skipped (duplicates)
[2026-04-15T08:03:29.243+0000] {load_raw.py:171} INFO - Raw data load complete: 6 inserted, 0 skipped (duplicates)
[2026-04-15T08:03:29.245+0000] {logging_mixin.py:188} WARNING - 2026-04-15 08:03:29 - scripts.load_raw - INFO - Database connection closed
[2026-04-15T08:03:29.245+0000] {load_raw.py:53} INFO - Database connection closed
[2026-04-15T08:03:29.246+0000] {weather_etl_dag_v2.py:134} INFO - ✓ Raw data load complete: 6 inserted, 0 skipped
[2026-04-15T08:03:29.248+0000] {python.py:237} INFO - Done. Returned value was: 6
[2026-04-15T08:03:29.249+0000] {taskinstance.py:441} INFO - ::group::Post task execution logs
[2026-04-15T08:03:29.268+0000] {taskinstance.py:1206} INFO - Marking task as SUCCESS. dag_id=weather_etl_pipeline_v2, task_id=load_raw, run_id=manual__2026-04-15T08:01:22.286568+00:00, execution_date=20260415T080122, start_date=20260415T080328, end_date=20260415T080329
[2026-04-15T08:03:29.288+0000] {local_task_job_runner.py:243} INFO - Task exited with return code 0
[2026-04-15T08:03:29.313+0000] {taskinstance.py:3503} INFO - 1 downstream tasks scheduled from follow-on schedule check
[2026-04-15T08:03:29.315+0000] {local_task_job_runner.py:222} INFO - ::endgroup::
