[2026-04-15T08:01:27.700+0000] {local_task_job_runner.py:120} INFO - ::group::Pre task execution logs
[2026-04-15T08:01:27.739+0000] {taskinstance.py:2076} INFO - Dependencies all met for dep_context=non-requeueable deps ti=<TaskInstance: weather_etl_pipeline_v2.load_raw manual__2026-04-15T08:01:22.286568+00:00 [queued]>
[2026-04-15T08:01:27.752+0000] {taskinstance.py:2076} INFO - Dependencies all met for dep_context=requeueable deps ti=<TaskInstance: weather_etl_pipeline_v2.load_raw manual__2026-04-15T08:01:22.286568+00:00 [queued]>
[2026-04-15T08:01:27.754+0000] {taskinstance.py:2306} INFO - Starting attempt 1 of 4
[2026-04-15T08:01:27.772+0000] {taskinstance.py:2330} INFO - Executing <Task(PythonOperator): load_raw> on 2026-04-15 08:01:22.286568+00:00
[2026-04-15T08:01:27.782+0000] {standard_task_runner.py:90} INFO - Running: ['airflow', 'tasks', 'run', 'weather_etl_pipeline_v2', 'load_raw', 'manual__2026-04-15T08:01:22.286568+00:00', '--job-id', '261', '--raw', '--subdir', 'DAGS_FOLDER/weather_etl_dag_v2.py', '--cfg-path', '/tmp/tmpqxh2z53n']
[2026-04-15T08:01:27.785+0000] {standard_task_runner.py:91} INFO - Job 261: Subtask load_raw
[2026-04-15T08:01:27.786+0000] {logging_mixin.py:188} WARNING - /home/airflow/.local/lib/python3.12/site-packages/airflow/task/task_runner/standard_task_runner.py:62 DeprecationWarning: This process (pid=182) is multi-threaded, use of fork() may lead to deadlocks in the child.
[2026-04-15T08:01:27.787+0000] {standard_task_runner.py:64} INFO - Started process 183 to run task
[2026-04-15T08:01:27.844+0000] {task_command.py:426} INFO - Running <TaskInstance: weather_etl_pipeline_v2.load_raw manual__2026-04-15T08:01:22.286568+00:00 [running]> on host 5352684ecc2b
[2026-04-15T08:01:27.949+0000] {taskinstance.py:2648} INFO - Exporting env vars: AIRFLOW_CTX_DAG_OWNER='weather_etl' AIRFLOW_CTX_DAG_ID='weather_etl_pipeline_v2' AIRFLOW_CTX_TASK_ID='load_raw' AIRFLOW_CTX_EXECUTION_DATE='2026-04-15T08:01:22.286568+00:00' AIRFLOW_CTX_TRY_NUMBER='1' AIRFLOW_CTX_DAG_RUN_ID='manual__2026-04-15T08:01:22.286568+00:00'
[2026-04-15T08:01:27.951+0000] {taskinstance.py:430} INFO - ::endgroup::
[2026-04-15T08:01:27.966+0000] {weather_etl_dag_v2.py:119} INFO - ============================================================
[2026-04-15T08:01:27.967+0000] {weather_etl_dag_v2.py:120} INFO - TASK: LOAD_RAW - Storing raw API responses
[2026-04-15T08:01:27.969+0000] {weather_etl_dag_v2.py:121} INFO - ============================================================
[2026-04-15T08:01:27.986+0000] {logging_mixin.py:188} WARNING - 2026-04-15 08:01:27 - scripts.load_raw - INFO - Starting raw data load for 6 records
[2026-04-15T08:01:27.985+0000] {load_raw.py:143} INFO - Starting raw data load for 6 records
[2026-04-15T08:01:27.991+0000] {logging_mixin.py:188} WARNING - 2026-04-15 08:01:27 - scripts.load_raw - INFO - Successfully connected to PostgreSQL database
[2026-04-15T08:01:27.991+0000] {load_raw.py:38} INFO - Successfully connected to PostgreSQL database
[2026-04-15T08:01:27.995+0000] {logging_mixin.py:188} WARNING - 2026-04-15 08:01:27 - scripts.load_raw - ERROR - Error creating table: column "processed" does not exist
[2026-04-15T08:01:27.994+0000] {load_raw.py:81} ERROR - Error creating table: column "processed" does not exist

[2026-04-15T08:01:27.997+0000] {logging_mixin.py:188} WARNING - 2026-04-15 08:01:27 - scripts.load_raw - ERROR - Error during raw data load: column "processed" does not exist
[2026-04-15T08:01:27.996+0000] {load_raw.py:180} ERROR - Error during raw data load: column "processed" does not exist

[2026-04-15T08:01:27.999+0000] {logging_mixin.py:188} WARNING - 2026-04-15 08:01:27 - scripts.load_raw - INFO - Database connection closed
[2026-04-15T08:01:27.998+0000] {load_raw.py:53} INFO - Database connection closed
[2026-04-15T08:01:28.000+0000] {weather_etl_dag_v2.py:139} ERROR - ✗ Raw data load failed: column "processed" does not exist
Traceback (most recent call last):
  File "/opt/airflow/dags/weather_etl_dag_v2.py", line 132, in load_raw_task
    stats = loader.load_raw_data(raw_data)
            ^^^^^^^^^^^^^^^^^^^^^^^^^^^^^^
  File "/opt/airflow/scripts/load_raw.py", line 149, in load_raw_data
    self.create_raw_table_if_not_exists()
  File "/opt/airflow/scripts/load_raw.py", line 76, in create_raw_table_if_not_exists
    self.cursor.execute(create_table_query)
psycopg2.errors.UndefinedColumn: column "processed" does not exist

[2026-04-15T08:01:28.026+0000] {taskinstance.py:441} INFO - ::group::Post task execution logs
[2026-04-15T08:01:28.029+0000] {taskinstance.py:2905} ERROR - Task failed with exception
Traceback (most recent call last):
  File "/home/airflow/.local/lib/python3.12/site-packages/airflow/models/taskinstance.py", line 465, in _execute_task
    result = _execute_callable(context=context, **execute_callable_kwargs)
             ^^^^^^^^^^^^^^^^^^^^^^^^^^^^^^^^^^^^^^^^^^^^^^^^^^^^^^^^^^^^^
  File "/home/airflow/.local/lib/python3.12/site-packages/airflow/models/taskinstance.py", line 432, in _execute_callable
    return execute_callable(context=context, **execute_callable_kwargs)
           ^^^^^^^^^^^^^^^^^^^^^^^^^^^^^^^^^^^^^^^^^^^^^^^^^^^^^^^^^^^^
  File "/home/airflow/.local/lib/python3.12/site-packages/airflow/models/baseoperator.py", line 401, in wrapper
    return func(self, *args, **kwargs)
           ^^^^^^^^^^^^^^^^^^^^^^^^^^^
  File "/home/airflow/.local/lib/python3.12/site-packages/airflow/operators/python.py", line 235, in execute
    return_value = self.execute_callable()
                   ^^^^^^^^^^^^^^^^^^^^^^^
  File "/home/airflow/.local/lib/python3.12/site-packages/airflow/operators/python.py", line 252, in execute_callable
    return self.python_callable(*self.op_args, **self.op_kwargs)
           ^^^^^^^^^^^^^^^^^^^^^^^^^^^^^^^^^^^^^^^^^^^^^^^^^^^^^
  File "/opt/airflow/dags/weather_etl_dag_v2.py", line 132, in load_raw_task
    stats = loader.load_raw_data(raw_data)
            ^^^^^^^^^^^^^^^^^^^^^^^^^^^^^^
  File "/opt/airflow/scripts/load_raw.py", line 149, in load_raw_data
    self.create_raw_table_if_not_exists()
  File "/opt/airflow/scripts/load_raw.py", line 76, in create_raw_table_if_not_exists
    self.cursor.execute(create_table_query)
psycopg2.errors.UndefinedColumn: column "processed" does not exist

[2026-04-15T08:01:28.046+0000] {taskinstance.py:1206} INFO - Marking task as UP_FOR_RETRY. dag_id=weather_etl_pipeline_v2, task_id=load_raw, run_id=manual__2026-04-15T08:01:22.286568+00:00, execution_date=20260415T080122, start_date=20260415T080127, end_date=20260415T080128
[2026-04-15T08:01:28.060+0000] {standard_task_runner.py:110} ERROR - Failed to execute job 261 for task load_raw (column "processed" does not exist
; 183)
[2026-04-15T08:01:28.083+0000] {local_task_job_runner.py:243} INFO - Task exited with return code 1
[2026-04-15T08:01:28.109+0000] {taskinstance.py:3503} INFO - 0 downstream tasks scheduled from follow-on schedule check
[2026-04-15T08:01:28.112+0000] {local_task_job_runner.py:222} INFO - ::endgroup::
