[2026-04-15T08:03:02.870+0000] {local_task_job_runner.py:120} INFO - ::group::Pre task execution logs
[2026-04-15T08:03:02.917+0000] {taskinstance.py:2076} INFO - Dependencies all met for dep_context=non-requeueable deps ti=<TaskInstance: weather_etl_pipeline_v2.transform_clean manual__2026-04-15T08:02:56.721510+00:00 [queued]>
[2026-04-15T08:03:02.930+0000] {taskinstance.py:2076} INFO - Dependencies all met for dep_context=requeueable deps ti=<TaskInstance: weather_etl_pipeline_v2.transform_clean manual__2026-04-15T08:02:56.721510+00:00 [queued]>
[2026-04-15T08:03:02.931+0000] {taskinstance.py:2306} INFO - Starting attempt 1 of 4
[2026-04-15T08:03:02.947+0000] {taskinstance.py:2330} INFO - Executing <Task(PythonOperator): transform_clean> on 2026-04-15 08:02:56.721510+00:00
[2026-04-15T08:03:02.955+0000] {standard_task_runner.py:90} INFO - Running: ['airflow', 'tasks', 'run', 'weather_etl_pipeline_v2', 'transform_clean', 'manual__2026-04-15T08:02:56.721510+00:00', '--job-id', '266', '--raw', '--subdir', 'DAGS_FOLDER/weather_etl_dag_v2.py', '--cfg-path', '/tmp/tmp8eweex11']
[2026-04-15T08:03:02.958+0000] {standard_task_runner.py:91} INFO - Job 266: Subtask transform_clean
[2026-04-15T08:03:02.959+0000] {logging_mixin.py:188} WARNING - /home/airflow/.local/lib/python3.12/site-packages/airflow/task/task_runner/standard_task_runner.py:62 DeprecationWarning: This process (pid=184) is multi-threaded, use of fork() may lead to deadlocks in the child.
[2026-04-15T08:03:02.961+0000] {standard_task_runner.py:64} INFO - Started process 185 to run task
[2026-04-15T08:03:03.020+0000] {task_command.py:426} INFO - Running <TaskInstance: weather_etl_pipeline_v2.transform_clean manual__2026-04-15T08:02:56.721510+00:00 [running]> on host 5352684ecc2b
[2026-04-15T08:03:03.142+0000] {taskinstance.py:2648} INFO - Exporting env vars: AIRFLOW_CTX_DAG_OWNER='weather_etl' AIRFLOW_CTX_DAG_ID='weather_etl_pipeline_v2' AIRFLOW_CTX_TASK_ID='transform_clean' AIRFLOW_CTX_EXECUTION_DATE='2026-04-15T08:02:56.721510+00:00' AIRFLOW_CTX_TRY_NUMBER='1' AIRFLOW_CTX_DAG_RUN_ID='manual__2026-04-15T08:02:56.721510+00:00'
[2026-04-15T08:03:03.145+0000] {taskinstance.py:430} INFO - ::endgroup::
[2026-04-15T08:03:03.165+0000] {weather_etl_dag_v2.py:148} INFO - ============================================================
[2026-04-15T08:03:03.167+0000] {weather_etl_dag_v2.py:149} INFO - TASK: TRANSFORM_CLEAN - Transform and load clean data
[2026-04-15T08:03:03.170+0000] {weather_etl_dag_v2.py:150} INFO - ============================================================
[2026-04-15T08:03:03.197+0000] {logging_mixin.py:188} WARNING - 2026-04-15 08:03:03 - scripts.load_raw - INFO - Successfully connected to PostgreSQL database
[2026-04-15T08:03:03.196+0000] {load_raw.py:38} INFO - Successfully connected to PostgreSQL database
[2026-04-15T08:03:03.202+0000] {logging_mixin.py:188} WARNING - 2026-04-15 08:03:03 - scripts.load_raw - ERROR - Error fetching unprocessed records: column "processed" does not exist
LINE 4:             WHERE processed = FALSE 
                          ^
[2026-04-15T08:03:03.201+0000] {load_raw.py:219} ERROR - Error fetching unprocessed records: column "processed" does not exist
LINE 4:             WHERE processed = FALSE 
                          ^

[2026-04-15T08:03:03.207+0000] {logging_mixin.py:188} WARNING - 2026-04-15 08:03:03 - scripts.load_raw - INFO - Database connection closed
[2026-04-15T08:03:03.205+0000] {load_raw.py:53} INFO - Database connection closed
[2026-04-15T08:03:03.208+0000] {weather_etl_dag_v2.py:160} INFO - No unprocessed raw records found
[2026-04-15T08:03:03.209+0000] {python.py:237} INFO - Done. Returned value was: 0
[2026-04-15T08:03:03.211+0000] {taskinstance.py:441} INFO - ::group::Post task execution logs
[2026-04-15T08:03:03.238+0000] {taskinstance.py:1206} INFO - Marking task as SUCCESS. dag_id=weather_etl_pipeline_v2, task_id=transform_clean, run_id=manual__2026-04-15T08:02:56.721510+00:00, execution_date=20260415T080256, start_date=20260415T080302, end_date=20260415T080303
[2026-04-15T08:03:03.297+0000] {local_task_job_runner.py:243} INFO - Task exited with return code 0
[2026-04-15T08:03:03.345+0000] {taskinstance.py:3503} INFO - 1 downstream tasks scheduled from follow-on schedule check
[2026-04-15T08:03:03.350+0000] {local_task_job_runner.py:222} INFO - ::endgroup::
