[2026-04-13T08:18:10.617+0000] {local_task_job_runner.py:120} INFO - ::group::Pre task execution logs
[2026-04-13T08:18:10.671+0000] {taskinstance.py:2076} INFO - Dependencies all met for dep_context=non-requeueable deps ti=<TaskInstance: weather_etl_pipeline_v2.extract manual__2026-04-13T08:18:07+00:00 [queued]>
[2026-04-13T08:18:10.689+0000] {taskinstance.py:2076} INFO - Dependencies all met for dep_context=requeueable deps ti=<TaskInstance: weather_etl_pipeline_v2.extract manual__2026-04-13T08:18:07+00:00 [queued]>
[2026-04-13T08:18:10.693+0000] {taskinstance.py:2306} INFO - Starting attempt 1 of 4
[2026-04-13T08:18:10.713+0000] {taskinstance.py:2330} INFO - Executing <Task(PythonOperator): extract> on 2026-04-13 08:18:07+00:00
[2026-04-13T08:18:10.722+0000] {standard_task_runner.py:90} INFO - Running: ['airflow', 'tasks', 'run', 'weather_etl_pipeline_v2', 'extract', 'manual__2026-04-13T08:18:07+00:00', '--job-id', '190', '--raw', '--subdir', 'DAGS_FOLDER/weather_etl_dag_v2.py', '--cfg-path', '/tmp/tmpq2jejgda']
[2026-04-13T08:18:10.725+0000] {logging_mixin.py:188} WARNING - /home/airflow/.local/lib/python3.12/site-packages/airflow/task/task_runner/standard_task_runner.py:62 DeprecationWarning: This process (pid=730) is multi-threaded, use of fork() may lead to deadlocks in the child.
[2026-04-13T08:18:10.726+0000] {standard_task_runner.py:91} INFO - Job 190: Subtask extract
[2026-04-13T08:18:10.726+0000] {standard_task_runner.py:64} INFO - Started process 731 to run task
[2026-04-13T08:18:10.793+0000] {task_command.py:426} INFO - Running <TaskInstance: weather_etl_pipeline_v2.extract manual__2026-04-13T08:18:07+00:00 [running]> on host 0e50340581e5
[2026-04-13T08:18:10.946+0000] {taskinstance.py:2648} INFO - Exporting env vars: AIRFLOW_CTX_DAG_OWNER='weather_etl' AIRFLOW_CTX_DAG_ID='weather_etl_pipeline_v2' AIRFLOW_CTX_TASK_ID='extract' AIRFLOW_CTX_EXECUTION_DATE='2026-04-13T08:18:07+00:00' AIRFLOW_CTX_TRY_NUMBER='1' AIRFLOW_CTX_DAG_RUN_ID='manual__2026-04-13T08:18:07+00:00'
[2026-04-13T08:18:10.949+0000] {taskinstance.py:430} INFO - ::endgroup::
[2026-04-13T08:18:10.990+0000] {weather_etl_dag_v2.py:66} INFO - ============================================================
[2026-04-13T08:18:10.993+0000] {weather_etl_dag_v2.py:67} INFO - TASK: EXTRACT - Fetching weather data from API
[2026-04-13T08:18:10.997+0000] {weather_etl_dag_v2.py:68} INFO - ============================================================
[2026-04-13T08:18:11.012+0000] {weather_etl_dag_v2.py:91} INFO - Fetched 7 cities from database: ['ahmedabad', 'bengaluru', 'chennai', 'Delhi', 'islamabad', 'Mumbai', 'pune']
[2026-04-13T08:18:11.022+0000] {logging_mixin.py:188} WARNING - 2026-04-13 08:18:11 - scripts.extract - INFO - Starting extraction for cities: ahmedabad, bengaluru, chennai, Delhi, islamabad, Mumbai, pune
[2026-04-13T08:18:11.021+0000] {extract.py:126} INFO - Starting extraction for cities: ahmedabad, bengaluru, chennai, Delhi, islamabad, Mumbai, pune
[2026-04-13T08:18:11.027+0000] {logging_mixin.py:188} WARNING - 2026-04-13 08:18:11 - scripts.extract - INFO - Starting extraction for 7 cities
[2026-04-13T08:18:11.025+0000] {extract.py:96} INFO - Starting extraction for 7 cities
[2026-04-13T08:18:11.031+0000] {logging_mixin.py:188} WARNING - 2026-04-13 08:18:11 - scripts.extract - INFO - Fetching weather data for ahmedabad (attempt 1/3)
[2026-04-13T08:18:11.030+0000] {extract.py:47} INFO - Fetching weather data for ahmedabad (attempt 1/3)
[2026-04-13T08:18:11.406+0000] {logging_mixin.py:188} WARNING - 2026-04-13 08:18:11 - scripts.extract - INFO - Successfully fetched data for ahmedabad
[2026-04-13T08:18:11.405+0000] {extract.py:53} INFO - Successfully fetched data for ahmedabad
[2026-04-13T08:18:11.410+0000] {logging_mixin.py:188} WARNING - 2026-04-13 08:18:11 - scripts.extract - INFO - Fetching weather data for bengaluru (attempt 1/3)
[2026-04-13T08:18:11.409+0000] {extract.py:47} INFO - Fetching weather data for bengaluru (attempt 1/3)
[2026-04-13T08:18:11.716+0000] {logging_mixin.py:188} WARNING - 2026-04-13 08:18:11 - scripts.extract - INFO - Successfully fetched data for bengaluru
[2026-04-13T08:18:11.715+0000] {extract.py:53} INFO - Successfully fetched data for bengaluru
[2026-04-13T08:18:11.722+0000] {logging_mixin.py:188} WARNING - 2026-04-13 08:18:11 - scripts.extract - INFO - Fetching weather data for chennai (attempt 1/3)
[2026-04-13T08:18:11.720+0000] {extract.py:47} INFO - Fetching weather data for chennai (attempt 1/3)
[2026-04-13T08:18:12.013+0000] {logging_mixin.py:188} WARNING - 2026-04-13 08:18:12 - scripts.extract - INFO - Successfully fetched data for chennai
[2026-04-13T08:18:12.012+0000] {extract.py:53} INFO - Successfully fetched data for chennai
[2026-04-13T08:18:12.016+0000] {logging_mixin.py:188} WARNING - 2026-04-13 08:18:12 - scripts.extract - INFO - Fetching weather data for Delhi (attempt 1/3)
[2026-04-13T08:18:12.015+0000] {extract.py:47} INFO - Fetching weather data for Delhi (attempt 1/3)
[2026-04-13T08:18:12.335+0000] {logging_mixin.py:188} WARNING - 2026-04-13 08:18:12 - scripts.extract - INFO - Successfully fetched data for Delhi
[2026-04-13T08:18:12.334+0000] {extract.py:53} INFO - Successfully fetched data for Delhi
[2026-04-13T08:18:12.340+0000] {logging_mixin.py:188} WARNING - 2026-04-13 08:18:12 - scripts.extract - INFO - Fetching weather data for islamabad (attempt 1/3)
[2026-04-13T08:18:12.339+0000] {extract.py:47} INFO - Fetching weather data for islamabad (attempt 1/3)
[2026-04-13T08:18:12.654+0000] {logging_mixin.py:188} WARNING - 2026-04-13 08:18:12 - scripts.extract - INFO - Successfully fetched data for islamabad
[2026-04-13T08:18:12.652+0000] {extract.py:53} INFO - Successfully fetched data for islamabad
[2026-04-13T08:18:12.658+0000] {logging_mixin.py:188} WARNING - 2026-04-13 08:18:12 - scripts.extract - INFO - Fetching weather data for Mumbai (attempt 1/3)
[2026-04-13T08:18:12.657+0000] {extract.py:47} INFO - Fetching weather data for Mumbai (attempt 1/3)
[2026-04-13T08:18:12.989+0000] {logging_mixin.py:188} WARNING - 2026-04-13 08:18:12 - scripts.extract - INFO - Successfully fetched data for Mumbai
[2026-04-13T08:18:12.988+0000] {extract.py:53} INFO - Successfully fetched data for Mumbai
[2026-04-13T08:18:12.994+0000] {logging_mixin.py:188} WARNING - 2026-04-13 08:18:12 - scripts.extract - INFO - Fetching weather data for pune (attempt 1/3)
[2026-04-13T08:18:12.993+0000] {extract.py:47} INFO - Fetching weather data for pune (attempt 1/3)
[2026-04-13T08:18:13.302+0000] {logging_mixin.py:188} WARNING - 2026-04-13 08:18:13 - scripts.extract - INFO - Successfully fetched data for pune
[2026-04-13T08:18:13.301+0000] {extract.py:53} INFO - Successfully fetched data for pune
[2026-04-13T08:18:13.304+0000] {logging_mixin.py:188} WARNING - 2026-04-13 08:18:13 - scripts.extract - INFO - Extraction complete: 7 successful, 0 failed
[2026-04-13T08:18:13.304+0000] {extract.py:113} INFO - Extraction complete: 7 successful, 0 failed
[2026-04-13T08:18:13.309+0000] {logging_mixin.py:188} WARNING - 2026-04-13 08:18:13 - scripts.extract - INFO - Extracted 7 weather records
[2026-04-13T08:18:13.307+0000] {extract.py:130} INFO - Extracted 7 weather records
[2026-04-13T08:18:13.334+0000] {weather_etl_dag_v2.py:102} INFO - ✓ Extraction complete: 7 records fetched
[2026-04-13T08:18:13.337+0000] {python.py:237} INFO - Done. Returned value was: 7
[2026-04-13T08:18:13.338+0000] {taskinstance.py:441} INFO - ::group::Post task execution logs
[2026-04-13T08:18:13.367+0000] {taskinstance.py:1206} INFO - Marking task as SUCCESS. dag_id=weather_etl_pipeline_v2, task_id=extract, run_id=manual__2026-04-13T08:18:07+00:00, execution_date=20260413T081807, start_date=20260413T081810, end_date=20260413T081813
[2026-04-13T08:18:13.398+0000] {local_task_job_runner.py:243} INFO - Task exited with return code 0
[2026-04-13T08:18:13.412+0000] {local_task_job_runner.py:222} INFO - ::endgroup::
