[2026-04-15T06:08:30.697+0000] {local_task_job_runner.py:120} INFO - ::group::Pre task execution logs
[2026-04-15T06:08:30.733+0000] {taskinstance.py:2076} INFO - Dependencies all met for dep_context=non-requeueable deps ti=<TaskInstance: weather_etl_pipeline_v2.transform_clean manual__2026-04-15T06:08:23.565014+00:00 [queued]>
[2026-04-15T06:08:30.745+0000] {taskinstance.py:2076} INFO - Dependencies all met for dep_context=requeueable deps ti=<TaskInstance: weather_etl_pipeline_v2.transform_clean manual__2026-04-15T06:08:23.565014+00:00 [queued]>
[2026-04-15T06:08:30.746+0000] {taskinstance.py:2306} INFO - Starting attempt 1 of 4
[2026-04-15T06:08:30.763+0000] {taskinstance.py:2330} INFO - Executing <Task(PythonOperator): transform_clean> on 2026-04-15 06:08:23.565014+00:00
[2026-04-15T06:08:30.775+0000] {standard_task_runner.py:90} INFO - Running: ['airflow', 'tasks', 'run', 'weather_etl_pipeline_v2', 'transform_clean', 'manual__2026-04-15T06:08:23.565014+00:00', '--job-id', '247', '--raw', '--subdir', 'DAGS_FOLDER/weather_etl_dag_v2.py', '--cfg-path', '/tmp/tmputr4mi63']
[2026-04-15T06:08:30.781+0000] {standard_task_runner.py:91} INFO - Job 247: Subtask transform_clean
[2026-04-15T06:08:30.791+0000] {logging_mixin.py:188} WARNING - /home/airflow/.local/lib/python3.12/site-packages/airflow/task/task_runner/standard_task_runner.py:62 DeprecationWarning: This process (pid=618) is multi-threaded, use of fork() may lead to deadlocks in the child.
[2026-04-15T06:08:30.792+0000] {standard_task_runner.py:64} INFO - Started process 619 to run task
[2026-04-15T06:08:30.856+0000] {task_command.py:426} INFO - Running <TaskInstance: weather_etl_pipeline_v2.transform_clean manual__2026-04-15T06:08:23.565014+00:00 [running]> on host 157a7326b030
[2026-04-15T06:08:30.986+0000] {taskinstance.py:2648} INFO - Exporting env vars: AIRFLOW_CTX_DAG_OWNER='weather_etl' AIRFLOW_CTX_DAG_ID='weather_etl_pipeline_v2' AIRFLOW_CTX_TASK_ID='transform_clean' AIRFLOW_CTX_EXECUTION_DATE='2026-04-15T06:08:23.565014+00:00' AIRFLOW_CTX_TRY_NUMBER='1' AIRFLOW_CTX_DAG_RUN_ID='manual__2026-04-15T06:08:23.565014+00:00'
[2026-04-15T06:08:30.989+0000] {taskinstance.py:430} INFO - ::endgroup::
[2026-04-15T06:08:31.009+0000] {weather_etl_dag_v2.py:148} INFO - ============================================================
[2026-04-15T06:08:31.011+0000] {weather_etl_dag_v2.py:149} INFO - TASK: TRANSFORM_CLEAN - Transform and load clean data
[2026-04-15T06:08:31.013+0000] {weather_etl_dag_v2.py:150} INFO - ============================================================
[2026-04-15T06:08:31.037+0000] {logging_mixin.py:188} WARNING - 2026-04-15 06:08:31 - scripts.load_raw - INFO - Successfully connected to PostgreSQL database
[2026-04-15T06:08:31.036+0000] {load_raw.py:38} INFO - Successfully connected to PostgreSQL database
[2026-04-15T06:08:31.045+0000] {logging_mixin.py:188} WARNING - 2026-04-15 06:08:31 - scripts.load_raw - INFO - Retrieved 9 unprocessed raw records
[2026-04-15T06:08:31.043+0000] {load_raw.py:211} INFO - Retrieved 9 unprocessed raw records
[2026-04-15T06:08:31.049+0000] {logging_mixin.py:188} WARNING - 2026-04-15 06:08:31 - scripts.load_raw - INFO - Database connection closed
[2026-04-15T06:08:31.048+0000] {load_raw.py:53} INFO - Database connection closed
[2026-04-15T06:08:31.053+0000] {logging_mixin.py:188} WARNING - 2026-04-15 06:08:31 - scripts.load_clean - INFO - Starting transformation and load for 9 raw records
[2026-04-15T06:08:31.052+0000] {load_clean.py:169} INFO - Starting transformation and load for 9 raw records
[2026-04-15T06:08:31.062+0000] {logging_mixin.py:188} WARNING - 2026-04-15 06:08:31 - scripts.load_clean - INFO - Successfully connected to PostgreSQL database
[2026-04-15T06:08:31.061+0000] {load_clean.py:41} INFO - Successfully connected to PostgreSQL database
[2026-04-15T06:08:31.068+0000] {logging_mixin.py:188} WARNING - 2026-04-15 06:08:31 - scripts.load_clean - INFO - Table 'weather_clean' created or already exists
[2026-04-15T06:08:31.067+0000] {load_clean.py:91} INFO - Table 'weather_clean' created or already exists
[2026-04-15T06:08:31.076+0000] {logging_mixin.py:188} WARNING - 2026-04-15 06:08:31 - scripts.load_clean - INFO - Inserted new record for Bengaluru (deleted old records first)
[2026-04-15T06:08:31.074+0000] {load_clean.py:149} INFO - Inserted new record for Bengaluru (deleted old records first)
[2026-04-15T06:08:31.083+0000] {logging_mixin.py:188} WARNING - 2026-04-15 06:08:31 - scripts.load_clean - INFO - Inserted new record for Chennai (deleted old records first)
[2026-04-15T06:08:31.082+0000] {load_clean.py:149} INFO - Inserted new record for Chennai (deleted old records first)
[2026-04-15T06:08:31.088+0000] {logging_mixin.py:188} WARNING - 2026-04-15 06:08:31 - scripts.load_clean - INFO - Inserted new record for Delhi (deleted old records first)
[2026-04-15T06:08:31.087+0000] {load_clean.py:149} INFO - Inserted new record for Delhi (deleted old records first)
[2026-04-15T06:08:31.093+0000] {logging_mixin.py:188} WARNING - 2026-04-15 06:08:31 - scripts.load_clean - INFO - Inserted new record for Islamabad (deleted old records first)
[2026-04-15T06:08:31.092+0000] {load_clean.py:149} INFO - Inserted new record for Islamabad (deleted old records first)
[2026-04-15T06:08:31.099+0000] {logging_mixin.py:188} WARNING - 2026-04-15 06:08:31 - scripts.load_clean - INFO - Inserted new record for Jaipur (deleted old records first)
[2026-04-15T06:08:31.098+0000] {load_clean.py:149} INFO - Inserted new record for Jaipur (deleted old records first)
[2026-04-15T06:08:31.104+0000] {logging_mixin.py:188} WARNING - 2026-04-15 06:08:31 - scripts.load_clean - INFO - Inserted new record for Pune (deleted old records first)
[2026-04-15T06:08:31.103+0000] {load_clean.py:149} INFO - Inserted new record for Pune (deleted old records first)
[2026-04-15T06:08:31.109+0000] {logging_mixin.py:188} WARNING - 2026-04-15 06:08:31 - scripts.load_clean - INFO - Inserted new record for Udaipur (deleted old records first)
[2026-04-15T06:08:31.107+0000] {load_clean.py:149} INFO - Inserted new record for Udaipur (deleted old records first)
[2026-04-15T06:08:31.114+0000] {logging_mixin.py:188} WARNING - 2026-04-15 06:08:31 - scripts.load_clean - INFO - Inserted new record for Amsterdam (deleted old records first)
[2026-04-15T06:08:31.113+0000] {load_clean.py:149} INFO - Inserted new record for Amsterdam (deleted old records first)
[2026-04-15T06:08:31.120+0000] {logging_mixin.py:188} WARNING - 2026-04-15 06:08:31 - scripts.load_clean - INFO - Inserted new record for Surat (deleted old records first)
[2026-04-15T06:08:31.119+0000] {load_clean.py:149} INFO - Inserted new record for Surat (deleted old records first)
[2026-04-15T06:08:31.129+0000] {logging_mixin.py:188} WARNING - 2026-04-15 06:08:31 - scripts.load_clean - INFO - Marked 9 raw records as processed
[2026-04-15T06:08:31.128+0000] {load_clean.py:252} INFO - Marked 9 raw records as processed
[2026-04-15T06:08:31.132+0000] {logging_mixin.py:188} WARNING - 2026-04-15 06:08:31 - scripts.load_clean - INFO - Clean data load complete: 9 transformed, 9 validated, 9 loaded, 0 failed
[2026-04-15T06:08:31.132+0000] {load_clean.py:224} INFO - Clean data load complete: 9 transformed, 9 validated, 9 loaded, 0 failed
[2026-04-15T06:08:31.136+0000] {logging_mixin.py:188} WARNING - 2026-04-15 06:08:31 - scripts.load_clean - INFO - Database connection closed
[2026-04-15T06:08:31.135+0000] {load_clean.py:56} INFO - Database connection closed
[2026-04-15T06:08:31.139+0000] {weather_etl_dag_v2.py:166} INFO - ✓ Transform and load complete: 9 loaded, 0 failed
[2026-04-15T06:08:31.160+0000] {python.py:237} INFO - Done. Returned value was: 9
[2026-04-15T06:08:31.161+0000] {taskinstance.py:441} INFO - ::group::Post task execution logs
[2026-04-15T06:08:31.202+0000] {taskinstance.py:1206} INFO - Marking task as SUCCESS. dag_id=weather_etl_pipeline_v2, task_id=transform_clean, run_id=manual__2026-04-15T06:08:23.565014+00:00, execution_date=20260415T060823, start_date=20260415T060830, end_date=20260415T060831
[2026-04-15T06:08:31.251+0000] {local_task_job_runner.py:243} INFO - Task exited with return code 0
[2026-04-15T06:08:31.310+0000] {taskinstance.py:3503} INFO - 1 downstream tasks scheduled from follow-on schedule check
[2026-04-15T06:08:31.315+0000] {local_task_job_runner.py:222} INFO - ::endgroup::
