[2026-04-15T04:05:40.681+0000] {local_task_job_runner.py:120} INFO - ::group::Pre task execution logs
[2026-04-15T04:05:40.719+0000] {taskinstance.py:2076} INFO - Dependencies all met for dep_context=non-requeueable deps ti=<TaskInstance: weather_etl_pipeline_v2.extract scheduled__2026-04-13T02:00:00+00:00 [queued]>
[2026-04-15T04:05:40.728+0000] {taskinstance.py:2076} INFO - Dependencies all met for dep_context=requeueable deps ti=<TaskInstance: weather_etl_pipeline_v2.extract scheduled__2026-04-13T02:00:00+00:00 [queued]>
[2026-04-15T04:05:40.729+0000] {taskinstance.py:2306} INFO - Starting attempt 1 of 4
[2026-04-15T04:05:40.746+0000] {taskinstance.py:2330} INFO - Executing <Task(PythonOperator): extract> on 2026-04-13 02:00:00+00:00
[2026-04-15T04:05:40.755+0000] {standard_task_runner.py:90} INFO - Running: ['airflow', 'tasks', 'run', 'weather_etl_pipeline_v2', 'extract', 'scheduled__2026-04-13T02:00:00+00:00', '--job-id', '212', '--raw', '--subdir', 'DAGS_FOLDER/weather_etl_dag_v2.py', '--cfg-path', '/tmp/tmpp8y647_h']
[2026-04-15T04:05:40.762+0000] {standard_task_runner.py:91} INFO - Job 212: Subtask extract
[2026-04-15T04:05:40.763+0000] {logging_mixin.py:188} WARNING - /home/airflow/.local/lib/python3.12/site-packages/airflow/task/task_runner/standard_task_runner.py:62 DeprecationWarning: This process (pid=183) is multi-threaded, use of fork() may lead to deadlocks in the child.
[2026-04-15T04:05:40.764+0000] {standard_task_runner.py:64} INFO - Started process 185 to run task
[2026-04-15T04:05:40.835+0000] {task_command.py:426} INFO - Running <TaskInstance: weather_etl_pipeline_v2.extract scheduled__2026-04-13T02:00:00+00:00 [running]> on host 02fa0425b6f9
[2026-04-15T04:05:40.928+0000] {taskinstance.py:2648} INFO - Exporting env vars: AIRFLOW_CTX_DAG_OWNER='weather_etl' AIRFLOW_CTX_DAG_ID='weather_etl_pipeline_v2' AIRFLOW_CTX_TASK_ID='extract' AIRFLOW_CTX_EXECUTION_DATE='2026-04-13T02:00:00+00:00' AIRFLOW_CTX_TRY_NUMBER='1' AIRFLOW_CTX_DAG_RUN_ID='scheduled__2026-04-13T02:00:00+00:00'
[2026-04-15T04:05:40.930+0000] {taskinstance.py:430} INFO - ::endgroup::
[2026-04-15T04:05:40.944+0000] {weather_etl_dag_v2.py:66} INFO - ============================================================
[2026-04-15T04:05:40.945+0000] {weather_etl_dag_v2.py:67} INFO - TASK: EXTRACT - Fetching weather data from API
[2026-04-15T04:05:40.946+0000] {weather_etl_dag_v2.py:68} INFO - ============================================================
[2026-04-15T04:05:40.967+0000] {weather_etl_dag_v2.py:91} INFO - Fetched 7 cities from database: ['ahmedabad', 'bengaluru', 'chennai', 'Delhi', 'islamabad', 'Mumbai', 'pune']
[2026-04-15T04:05:40.972+0000] {logging_mixin.py:188} WARNING - 2026-04-15 04:05:40 - scripts.extract - INFO - Starting extraction for cities: ahmedabad, bengaluru, chennai, Delhi, islamabad, Mumbai, pune
[2026-04-15T04:05:40.971+0000] {extract.py:126} INFO - Starting extraction for cities: ahmedabad, bengaluru, chennai, Delhi, islamabad, Mumbai, pune
[2026-04-15T04:05:40.973+0000] {logging_mixin.py:188} WARNING - 2026-04-15 04:05:40 - scripts.extract - INFO - Starting extraction for 7 cities
[2026-04-15T04:05:40.973+0000] {extract.py:96} INFO - Starting extraction for 7 cities
[2026-04-15T04:05:40.974+0000] {logging_mixin.py:188} WARNING - 2026-04-15 04:05:40 - scripts.extract - INFO - Fetching weather data for ahmedabad (attempt 1/3)
[2026-04-15T04:05:40.974+0000] {extract.py:47} INFO - Fetching weather data for ahmedabad (attempt 1/3)
[2026-04-15T04:05:44.118+0000] {logging_mixin.py:188} WARNING - 2026-04-15 04:05:44 - scripts.extract - INFO - Successfully fetched data for ahmedabad
[2026-04-15T04:05:44.117+0000] {extract.py:53} INFO - Successfully fetched data for ahmedabad
[2026-04-15T04:05:44.121+0000] {logging_mixin.py:188} WARNING - 2026-04-15 04:05:44 - scripts.extract - INFO - Fetching weather data for bengaluru (attempt 1/3)
[2026-04-15T04:05:44.120+0000] {extract.py:47} INFO - Fetching weather data for bengaluru (attempt 1/3)
[2026-04-15T04:06:03.904+0000] {logging_mixin.py:188} WARNING - 2026-04-15 04:06:03 - scripts.extract - ERROR - Request error for bengaluru: HTTPSConnectionPool(host='api.openweathermap.org', port=443): Read timed out. (read timeout=10)
[2026-04-15T04:06:03.903+0000] {extract.py:73} ERROR - Request error for bengaluru: HTTPSConnectionPool(host='api.openweathermap.org', port=443): Read timed out. (read timeout=10)
[2026-04-15T04:06:05.907+0000] {logging_mixin.py:188} WARNING - 2026-04-15 04:06:05 - scripts.extract - INFO - Fetching weather data for bengaluru (attempt 2/3)
[2026-04-15T04:06:05.905+0000] {extract.py:47} INFO - Fetching weather data for bengaluru (attempt 2/3)
[2026-04-15T04:06:17.827+0000] {logging_mixin.py:188} WARNING - 2026-04-15 04:06:17 - scripts.extract - ERROR - Request error for bengaluru: HTTPSConnectionPool(host='api.openweathermap.org', port=443): Max retries exceeded with url: /data/2.5/weather?q=bengaluru&appid=71ea710fd7b13fd6e8f5c5a6253f6f46&units=metric (Caused by SSLError(SSLEOFError(8, '[SSL: UNEXPECTED_EOF_WHILE_READING] EOF occurred in violation of protocol (_ssl.c:1000)')))
[2026-04-15T04:06:17.825+0000] {extract.py:73} ERROR - Request error for bengaluru: HTTPSConnectionPool(host='api.openweathermap.org', port=443): Max retries exceeded with url: /data/2.5/weather?q=bengaluru&appid=71ea710fd7b13fd6e8f5c5a6253f6f46&units=metric (Caused by SSLError(SSLEOFError(8, '[SSL: UNEXPECTED_EOF_WHILE_READING] EOF occurred in violation of protocol (_ssl.c:1000)')))
[2026-04-15T04:06:19.831+0000] {logging_mixin.py:188} WARNING - 2026-04-15 04:06:19 - scripts.extract - INFO - Fetching weather data for bengaluru (attempt 3/3)
[2026-04-15T04:06:19.830+0000] {extract.py:47} INFO - Fetching weather data for bengaluru (attempt 3/3)
[2026-04-15T04:06:22.416+0000] {logging_mixin.py:188} WARNING - 2026-04-15 04:06:22 - scripts.extract - INFO - Successfully fetched data for bengaluru
[2026-04-15T04:06:22.414+0000] {extract.py:53} INFO - Successfully fetched data for bengaluru
[2026-04-15T04:06:22.420+0000] {logging_mixin.py:188} WARNING - 2026-04-15 04:06:22 - scripts.extract - INFO - Fetching weather data for chennai (attempt 1/3)
[2026-04-15T04:06:22.419+0000] {extract.py:47} INFO - Fetching weather data for chennai (attempt 1/3)
[2026-04-15T04:06:23.814+0000] {logging_mixin.py:188} WARNING - 2026-04-15 04:06:23 - scripts.extract - INFO - Successfully fetched data for chennai
[2026-04-15T04:06:23.812+0000] {extract.py:53} INFO - Successfully fetched data for chennai
[2026-04-15T04:06:23.817+0000] {logging_mixin.py:188} WARNING - 2026-04-15 04:06:23 - scripts.extract - INFO - Fetching weather data for Delhi (attempt 1/3)
[2026-04-15T04:06:23.816+0000] {extract.py:47} INFO - Fetching weather data for Delhi (attempt 1/3)
[2026-04-15T04:06:28.340+0000] {logging_mixin.py:188} WARNING - 2026-04-15 04:06:28 - scripts.extract - INFO - Successfully fetched data for Delhi
[2026-04-15T04:06:28.337+0000] {extract.py:53} INFO - Successfully fetched data for Delhi
[2026-04-15T04:06:28.348+0000] {logging_mixin.py:188} WARNING - 2026-04-15 04:06:28 - scripts.extract - INFO - Fetching weather data for islamabad (attempt 1/3)
[2026-04-15T04:06:28.345+0000] {extract.py:47} INFO - Fetching weather data for islamabad (attempt 1/3)
[2026-04-15T04:06:37.699+0000] {logging_mixin.py:188} WARNING - 2026-04-15 04:06:37 - scripts.extract - INFO - Successfully fetched data for islamabad
[2026-04-15T04:06:37.699+0000] {extract.py:53} INFO - Successfully fetched data for islamabad
[2026-04-15T04:06:37.702+0000] {logging_mixin.py:188} WARNING - 2026-04-15 04:06:37 - scripts.extract - INFO - Fetching weather data for Mumbai (attempt 1/3)
[2026-04-15T04:06:37.702+0000] {extract.py:47} INFO - Fetching weather data for Mumbai (attempt 1/3)
[2026-04-15T04:06:47.935+0000] {logging_mixin.py:188} WARNING - 2026-04-15 04:06:47 - scripts.extract - INFO - Successfully fetched data for Mumbai
[2026-04-15T04:06:47.934+0000] {extract.py:53} INFO - Successfully fetched data for Mumbai
[2026-04-15T04:06:47.937+0000] {logging_mixin.py:188} WARNING - 2026-04-15 04:06:47 - scripts.extract - INFO - Fetching weather data for pune (attempt 1/3)
[2026-04-15T04:06:47.937+0000] {extract.py:47} INFO - Fetching weather data for pune (attempt 1/3)
[2026-04-15T04:06:48.449+0000] {logging_mixin.py:188} WARNING - 2026-04-15 04:06:48 - scripts.extract - INFO - Successfully fetched data for pune
[2026-04-15T04:06:48.448+0000] {extract.py:53} INFO - Successfully fetched data for pune
[2026-04-15T04:06:48.452+0000] {logging_mixin.py:188} WARNING - 2026-04-15 04:06:48 - scripts.extract - INFO - Extraction complete: 7 successful, 0 failed
[2026-04-15T04:06:48.451+0000] {extract.py:113} INFO - Extraction complete: 7 successful, 0 failed
[2026-04-15T04:06:48.454+0000] {logging_mixin.py:188} WARNING - 2026-04-15 04:06:48 - scripts.extract - INFO - Extracted 7 weather records
[2026-04-15T04:06:48.453+0000] {extract.py:130} INFO - Extracted 7 weather records
[2026-04-15T04:06:48.474+0000] {weather_etl_dag_v2.py:102} INFO - ✓ Extraction complete: 7 records fetched
[2026-04-15T04:06:48.475+0000] {python.py:237} INFO - Done. Returned value was: 7
[2026-04-15T04:06:48.476+0000] {taskinstance.py:441} INFO - ::group::Post task execution logs
[2026-04-15T04:06:48.497+0000] {taskinstance.py:1206} INFO - Marking task as SUCCESS. dag_id=weather_etl_pipeline_v2, task_id=extract, run_id=scheduled__2026-04-13T02:00:00+00:00, execution_date=20260413T020000, start_date=20260415T040540, end_date=20260415T040648
[2026-04-15T04:06:48.549+0000] {local_task_job_runner.py:243} INFO - Task exited with return code 0
[2026-04-15T04:06:48.593+0000] {taskinstance.py:3503} INFO - 1 downstream tasks scheduled from follow-on schedule check
[2026-04-15T04:06:48.596+0000] {local_task_job_runner.py:222} INFO - ::endgroup::
