[2026-04-10T13:14:17.223+0000] {local_task_job_runner.py:120} INFO - ::group::Pre task execution logs
[2026-04-10T13:14:17.272+0000] {taskinstance.py:2076} INFO - Dependencies all met for dep_context=non-requeueable deps ti=<TaskInstance: weather_etl_pipeline_v2.extract manual__2026-04-10T13:14:13.352674+00:00 [queued]>
[2026-04-10T13:14:17.284+0000] {taskinstance.py:2076} INFO - Dependencies all met for dep_context=requeueable deps ti=<TaskInstance: weather_etl_pipeline_v2.extract manual__2026-04-10T13:14:13.352674+00:00 [queued]>
[2026-04-10T13:14:17.285+0000] {taskinstance.py:2306} INFO - Starting attempt 1 of 4
[2026-04-10T13:14:17.303+0000] {taskinstance.py:2330} INFO - Executing <Task(PythonOperator): extract> on 2026-04-10 13:14:13.352674+00:00
[2026-04-10T13:14:17.315+0000] {standard_task_runner.py:90} INFO - Running: ['airflow', 'tasks', 'run', 'weather_etl_pipeline_v2', 'extract', 'manual__2026-04-10T13:14:13.352674+00:00', '--job-id', '48', '--raw', '--subdir', 'DAGS_FOLDER/weather_etl_dag_v2.py', '--cfg-path', '/tmp/tmpaj2qpbvn']
[2026-04-10T13:14:17.320+0000] {standard_task_runner.py:91} INFO - Job 48: Subtask extract
[2026-04-10T13:14:17.329+0000] {logging_mixin.py:188} WARNING - /home/airflow/.local/lib/python3.12/site-packages/airflow/task/task_runner/standard_task_runner.py:62 DeprecationWarning: This process (pid=445) is multi-threaded, use of fork() may lead to deadlocks in the child.
[2026-04-10T13:14:17.332+0000] {standard_task_runner.py:64} INFO - Started process 446 to run task
[2026-04-10T13:14:17.431+0000] {task_command.py:426} INFO - Running <TaskInstance: weather_etl_pipeline_v2.extract manual__2026-04-10T13:14:13.352674+00:00 [running]> on host 12571985e2d5
[2026-04-10T13:14:17.583+0000] {taskinstance.py:2648} INFO - Exporting env vars: AIRFLOW_CTX_DAG_OWNER='weather_etl' AIRFLOW_CTX_DAG_ID='weather_etl_pipeline_v2' AIRFLOW_CTX_TASK_ID='extract' AIRFLOW_CTX_EXECUTION_DATE='2026-04-10T13:14:13.352674+00:00' AIRFLOW_CTX_TRY_NUMBER='1' AIRFLOW_CTX_DAG_RUN_ID='manual__2026-04-10T13:14:13.352674+00:00'
[2026-04-10T13:14:17.585+0000] {taskinstance.py:430} INFO - ::endgroup::
[2026-04-10T13:14:17.605+0000] {weather_etl_dag_v2.py:66} INFO - ============================================================
[2026-04-10T13:14:17.609+0000] {weather_etl_dag_v2.py:67} INFO - TASK: EXTRACT - Fetching weather data from API
[2026-04-10T13:14:17.612+0000] {weather_etl_dag_v2.py:68} INFO - ============================================================
[2026-04-10T13:14:17.621+0000] {logging_mixin.py:188} WARNING - 2026-04-10 13:14:17 - scripts.extract - INFO - Starting extraction for cities: London, New York, Tokyo, Paris, Sydney
[2026-04-10T13:14:17.619+0000] {extract.py:126} INFO - Starting extraction for cities: London, New York, Tokyo, Paris, Sydney
[2026-04-10T13:14:17.624+0000] {logging_mixin.py:188} WARNING - 2026-04-10 13:14:17 - scripts.extract - INFO - Starting extraction for 5 cities
[2026-04-10T13:14:17.623+0000] {extract.py:96} INFO - Starting extraction for 5 cities
[2026-04-10T13:14:17.627+0000] {logging_mixin.py:188} WARNING - 2026-04-10 13:14:17 - scripts.extract - INFO - Fetching weather data for London (attempt 1/3)
[2026-04-10T13:14:17.626+0000] {extract.py:47} INFO - Fetching weather data for London (attempt 1/3)
[2026-04-10T13:14:17.835+0000] {logging_mixin.py:188} WARNING - 2026-04-10 13:14:17 - scripts.extract - INFO - Successfully fetched data for London
[2026-04-10T13:14:17.834+0000] {extract.py:53} INFO - Successfully fetched data for London
[2026-04-10T13:14:17.838+0000] {logging_mixin.py:188} WARNING - 2026-04-10 13:14:17 - scripts.extract - INFO - Fetching weather data for New York (attempt 1/3)
[2026-04-10T13:14:17.837+0000] {extract.py:47} INFO - Fetching weather data for New York (attempt 1/3)
[2026-04-10T13:14:17.984+0000] {logging_mixin.py:188} WARNING - 2026-04-10 13:14:17 - scripts.extract - INFO - Successfully fetched data for New York
[2026-04-10T13:14:17.983+0000] {extract.py:53} INFO - Successfully fetched data for New York
[2026-04-10T13:14:17.986+0000] {logging_mixin.py:188} WARNING - 2026-04-10 13:14:17 - scripts.extract - INFO - Fetching weather data for Tokyo (attempt 1/3)
[2026-04-10T13:14:17.986+0000] {extract.py:47} INFO - Fetching weather data for Tokyo (attempt 1/3)
[2026-04-10T13:14:18.138+0000] {logging_mixin.py:188} WARNING - 2026-04-10 13:14:18 - scripts.extract - INFO - Successfully fetched data for Tokyo
[2026-04-10T13:14:18.137+0000] {extract.py:53} INFO - Successfully fetched data for Tokyo
[2026-04-10T13:14:18.140+0000] {logging_mixin.py:188} WARNING - 2026-04-10 13:14:18 - scripts.extract - INFO - Fetching weather data for Paris (attempt 1/3)
[2026-04-10T13:14:18.140+0000] {extract.py:47} INFO - Fetching weather data for Paris (attempt 1/3)
[2026-04-10T13:14:18.280+0000] {logging_mixin.py:188} WARNING - 2026-04-10 13:14:18 - scripts.extract - INFO - Successfully fetched data for Paris
[2026-04-10T13:14:18.279+0000] {extract.py:53} INFO - Successfully fetched data for Paris
[2026-04-10T13:14:18.283+0000] {logging_mixin.py:188} WARNING - 2026-04-10 13:14:18 - scripts.extract - INFO - Fetching weather data for Sydney (attempt 1/3)
[2026-04-10T13:14:18.282+0000] {extract.py:47} INFO - Fetching weather data for Sydney (attempt 1/3)
[2026-04-10T13:14:18.441+0000] {logging_mixin.py:188} WARNING - 2026-04-10 13:14:18 - scripts.extract - INFO - Successfully fetched data for Sydney
[2026-04-10T13:14:18.439+0000] {extract.py:53} INFO - Successfully fetched data for Sydney
[2026-04-10T13:14:18.445+0000] {logging_mixin.py:188} WARNING - 2026-04-10 13:14:18 - scripts.extract - INFO - Extraction complete: 5 successful, 0 failed
[2026-04-10T13:14:18.444+0000] {extract.py:113} INFO - Extraction complete: 5 successful, 0 failed
[2026-04-10T13:14:18.451+0000] {logging_mixin.py:188} WARNING - 2026-04-10 13:14:18 - scripts.extract - INFO - Extracted 5 weather records
[2026-04-10T13:14:18.448+0000] {extract.py:130} INFO - Extracted 5 weather records
[2026-04-10T13:14:18.487+0000] {weather_etl_dag_v2.py:77} INFO - ✓ Extraction complete: 5 records fetched
[2026-04-10T13:14:18.490+0000] {python.py:237} INFO - Done. Returned value was: 5
[2026-04-10T13:14:18.491+0000] {taskinstance.py:441} INFO - ::group::Post task execution logs
[2026-04-10T13:14:18.541+0000] {taskinstance.py:1206} INFO - Marking task as SUCCESS. dag_id=weather_etl_pipeline_v2, task_id=extract, run_id=manual__2026-04-10T13:14:13.352674+00:00, execution_date=20260410T131413, start_date=20260410T131417, end_date=20260410T131418
[2026-04-10T13:14:18.597+0000] {local_task_job_runner.py:243} INFO - Task exited with return code 0
[2026-04-10T13:14:18.650+0000] {taskinstance.py:3503} INFO - 1 downstream tasks scheduled from follow-on schedule check
[2026-04-10T13:14:18.655+0000] {local_task_job_runner.py:222} INFO - ::endgroup::
