[2026-04-16T06:05:42.629+0000] {local_task_job_runner.py:120} INFO - ::group::Pre task execution logs
[2026-04-16T06:05:42.696+0000] {taskinstance.py:2076} INFO - Dependencies all met for dep_context=non-requeueable deps ti=<TaskInstance: weather_etl_pipeline_v2.transform_clean manual__2026-04-16T06:05:37.432043+00:00 [queued]>
[2026-04-16T06:05:42.713+0000] {taskinstance.py:2076} INFO - Dependencies all met for dep_context=requeueable deps ti=<TaskInstance: weather_etl_pipeline_v2.transform_clean manual__2026-04-16T06:05:37.432043+00:00 [queued]>
[2026-04-16T06:05:42.715+0000] {taskinstance.py:2306} INFO - Starting attempt 1 of 3
[2026-04-16T06:05:42.737+0000] {taskinstance.py:2330} INFO - Executing <Task(PythonOperator): transform_clean> on 2026-04-16 06:05:37.432043+00:00
[2026-04-16T06:05:42.746+0000] {logging_mixin.py:188} WARNING - /home/airflow/.local/lib/python3.12/site-packages/airflow/task/task_runner/standard_task_runner.py:62 DeprecationWarning: This process (pid=742) is multi-threaded, use of fork() may lead to deadlocks in the child.
[2026-04-16T06:05:42.746+0000] {standard_task_runner.py:90} INFO - Running: ['airflow', 'tasks', 'run', 'weather_etl_pipeline_v2', 'transform_clean', 'manual__2026-04-16T06:05:37.432043+00:00', '--job-id', '21', '--raw', '--subdir', 'DAGS_FOLDER/weather_etl_dag_v2.py', '--cfg-path', '/tmp/tmpd824ty9i']
[2026-04-16T06:05:42.749+0000] {standard_task_runner.py:64} INFO - Started process 743 to run task
[2026-04-16T06:05:42.750+0000] {standard_task_runner.py:91} INFO - Job 21: Subtask transform_clean
[2026-04-16T06:05:42.824+0000] {task_command.py:426} INFO - Running <TaskInstance: weather_etl_pipeline_v2.transform_clean manual__2026-04-16T06:05:37.432043+00:00 [running]> on host cf9362e38fb8
[2026-04-16T06:05:42.959+0000] {taskinstance.py:2648} INFO - Exporting env vars: AIRFLOW_CTX_DAG_OWNER='weather_etl' AIRFLOW_CTX_DAG_ID='weather_etl_pipeline_v2' AIRFLOW_CTX_TASK_ID='transform_clean' AIRFLOW_CTX_EXECUTION_DATE='2026-04-16T06:05:37.432043+00:00' AIRFLOW_CTX_TRY_NUMBER='1' AIRFLOW_CTX_DAG_RUN_ID='manual__2026-04-16T06:05:37.432043+00:00'
[2026-04-16T06:05:42.961+0000] {taskinstance.py:430} INFO - ::endgroup::
[2026-04-16T06:05:42.977+0000] {weather_etl_dag_v2.py:177} INFO - ============================================================
[2026-04-16T06:05:42.979+0000] {weather_etl_dag_v2.py:178} INFO - TASK: TRANSFORM_CLEAN — Transform & load validated data
[2026-04-16T06:05:42.981+0000] {weather_etl_dag_v2.py:179} INFO - ============================================================
[2026-04-16T06:05:43.004+0000] {logging_mixin.py:188} WARNING - 2026-04-16 06:05:43 - scripts.load_raw - INFO - Successfully connected to PostgreSQL database
[2026-04-16T06:05:43.004+0000] {load_raw.py:38} INFO - Successfully connected to PostgreSQL database
[2026-04-16T06:05:43.011+0000] {logging_mixin.py:188} WARNING - 2026-04-16 06:05:43 - scripts.load_raw - INFO - Retrieved 15 unprocessed raw records (active only)
[2026-04-16T06:05:43.010+0000] {load_raw.py:232} INFO - Retrieved 15 unprocessed raw records (active only)
[2026-04-16T06:05:43.017+0000] {logging_mixin.py:188} WARNING - 2026-04-16 06:05:43 - scripts.load_raw - INFO - Database connection closed
[2026-04-16T06:05:43.013+0000] {load_raw.py:53} INFO - Database connection closed
[2026-04-16T06:05:43.021+0000] {logging_mixin.py:188} WARNING - 2026-04-16 06:05:43 - scripts.load_clean - INFO - Starting transformation and load for 15 raw records
[2026-04-16T06:05:43.020+0000] {load_clean.py:210} INFO - Starting transformation and load for 15 raw records
[2026-04-16T06:05:43.036+0000] {logging_mixin.py:188} WARNING - 2026-04-16 06:05:43 - scripts.load_clean - INFO - Successfully connected to PostgreSQL database
[2026-04-16T06:05:43.035+0000] {load_clean.py:41} INFO - Successfully connected to PostgreSQL database
[2026-04-16T06:05:43.044+0000] {logging_mixin.py:188} WARNING - 2026-04-16 06:05:43 - scripts.load_clean - INFO - Table 'weather_clean' created or already exists
[2026-04-16T06:05:43.042+0000] {load_clean.py:109} INFO - Table 'weather_clean' created or already exists
[2026-04-16T06:05:43.081+0000] {logging_mixin.py:188} WARNING - 2026-04-16 06:05:43 - scripts.load_clean - INFO - Marked 15 raw records as processed
[2026-04-16T06:05:43.080+0000] {load_clean.py:293} INFO - Marked 15 raw records as processed
[2026-04-16T06:05:43.085+0000] {logging_mixin.py:188} WARNING - 2026-04-16 06:05:43 - scripts.load_clean - INFO - Clean data load complete: 15 transformed, 15 validated, 15 loaded, 0 failed
[2026-04-16T06:05:43.084+0000] {load_clean.py:265} INFO - Clean data load complete: 15 transformed, 15 validated, 15 loaded, 0 failed
[2026-04-16T06:05:43.092+0000] {logging_mixin.py:188} WARNING - 2026-04-16 06:05:43 - scripts.load_clean - INFO - Database connection closed
[2026-04-16T06:05:43.088+0000] {load_clean.py:56} INFO - Database connection closed
[2026-04-16T06:05:43.128+0000] {weather_etl_dag_v2.py:193} INFO - ✓ Transform complete: 15 loaded, 0 failed (will be checked in quality_check)
[2026-04-16T06:05:43.130+0000] {python.py:237} INFO - Done. Returned value was: 15
[2026-04-16T06:05:43.132+0000] {taskinstance.py:441} INFO - ::group::Post task execution logs
[2026-04-16T06:05:43.172+0000] {taskinstance.py:1206} INFO - Marking task as SUCCESS. dag_id=weather_etl_pipeline_v2, task_id=transform_clean, run_id=manual__2026-04-16T06:05:37.432043+00:00, execution_date=20260416T060537, start_date=20260416T060542, end_date=20260416T060543
[2026-04-16T06:05:43.249+0000] {local_task_job_runner.py:243} INFO - Task exited with return code 0
[2026-04-16T06:05:43.296+0000] {taskinstance.py:3503} INFO - 1 downstream tasks scheduled from follow-on schedule check
[2026-04-16T06:05:43.299+0000] {local_task_job_runner.py:222} INFO - ::endgroup::
