[2026-04-16T06:41:23.472+0000] {local_task_job_runner.py:120} INFO - ::group::Pre task execution logs
[2026-04-16T06:41:23.526+0000] {taskinstance.py:2076} INFO - Dependencies all met for dep_context=non-requeueable deps ti=<TaskInstance: weather_etl_pipeline_v2.generate_run_id manual__2026-04-16T06:41:22.965731+00:00 [queued]>
[2026-04-16T06:41:23.544+0000] {taskinstance.py:2076} INFO - Dependencies all met for dep_context=requeueable deps ti=<TaskInstance: weather_etl_pipeline_v2.generate_run_id manual__2026-04-16T06:41:22.965731+00:00 [queued]>
[2026-04-16T06:41:23.546+0000] {taskinstance.py:2306} INFO - Starting attempt 1 of 4
[2026-04-16T06:41:23.570+0000] {taskinstance.py:2330} INFO - Executing <Task(PythonOperator): generate_run_id> on 2026-04-16 06:41:22.965731+00:00
[2026-04-16T06:41:23.584+0000] {logging_mixin.py:188} WARNING - /home/airflow/.local/lib/python3.12/site-packages/airflow/task/task_runner/standard_task_runner.py:62 DeprecationWarning: This process (pid=1970) is multi-threaded, use of fork() may lead to deadlocks in the child.
[2026-04-16T06:41:23.581+0000] {standard_task_runner.py:90} INFO - Running: ['airflow', 'tasks', 'run', 'weather_etl_pipeline_v2', 'generate_run_id', 'manual__2026-04-16T06:41:22.965731+00:00', '--job-id', '53', '--raw', '--subdir', 'DAGS_FOLDER/weather_etl_dag_v2.py', '--cfg-path', '/tmp/tmpnzl16rbh']
[2026-04-16T06:41:23.587+0000] {standard_task_runner.py:64} INFO - Started process 1973 to run task
[2026-04-16T06:41:23.587+0000] {standard_task_runner.py:91} INFO - Job 53: Subtask generate_run_id
[2026-04-16T06:41:23.667+0000] {task_command.py:426} INFO - Running <TaskInstance: weather_etl_pipeline_v2.generate_run_id manual__2026-04-16T06:41:22.965731+00:00 [running]> on host cf9362e38fb8
[2026-04-16T06:41:23.789+0000] {taskinstance.py:2648} INFO - Exporting env vars: AIRFLOW_CTX_DAG_OWNER='weather_etl' AIRFLOW_CTX_DAG_ID='weather_etl_pipeline_v2' AIRFLOW_CTX_TASK_ID='generate_run_id' AIRFLOW_CTX_EXECUTION_DATE='2026-04-16T06:41:22.965731+00:00' AIRFLOW_CTX_TRY_NUMBER='1' AIRFLOW_CTX_DAG_RUN_ID='manual__2026-04-16T06:41:22.965731+00:00'
[2026-04-16T06:41:23.792+0000] {taskinstance.py:430} INFO - ::endgroup::
[2026-04-16T06:41:23.816+0000] {weather_etl_dag_v2.py:80} INFO - Generated run_id: scheduled_2026-04-16_064123
[2026-04-16T06:41:23.865+0000] {logging_mixin.py:188} WARNING - 2026-04-16 06:41:23 - scripts.metadata_manager - INFO - Successfully connected to PostgreSQL database
[2026-04-16T06:41:23.863+0000] {metadata_manager.py:38} INFO - Successfully connected to PostgreSQL database
[2026-04-16T06:41:23.875+0000] {logging_mixin.py:188} WARNING - 2026-04-16 06:41:23 - scripts.metadata_manager - INFO - Table 'pipeline_metadata' created or already exists
[2026-04-16T06:41:23.874+0000] {metadata_manager.py:92} INFO - Table 'pipeline_metadata' created or already exists
[2026-04-16T06:41:23.880+0000] {logging_mixin.py:188} WARNING - 2026-04-16 06:41:23 - scripts.metadata_manager - INFO - Pipeline weather_etl_pipeline_v2 marked as RUNNING with run_id: scheduled_2026-04-16_064123
[2026-04-16T06:41:23.879+0000] {metadata_manager.py:170} INFO - Pipeline weather_etl_pipeline_v2 marked as RUNNING with run_id: scheduled_2026-04-16_064123
[2026-04-16T06:41:23.884+0000] {logging_mixin.py:188} WARNING - 2026-04-16 06:41:23 - scripts.metadata_manager - INFO - Database connection closed
[2026-04-16T06:41:23.883+0000] {metadata_manager.py:53} INFO - Database connection closed
[2026-04-16T06:41:23.886+0000] {python.py:237} INFO - Done. Returned value was: scheduled_2026-04-16_064123
[2026-04-16T06:41:23.887+0000] {taskinstance.py:441} INFO - ::group::Post task execution logs
[2026-04-16T06:41:23.922+0000] {taskinstance.py:1206} INFO - Marking task as SUCCESS. dag_id=weather_etl_pipeline_v2, task_id=generate_run_id, run_id=manual__2026-04-16T06:41:22.965731+00:00, execution_date=20260416T064122, start_date=20260416T064123, end_date=20260416T064123
[2026-04-16T06:41:23.964+0000] {local_task_job_runner.py:243} INFO - Task exited with return code 0
[2026-04-16T06:41:24.012+0000] {taskinstance.py:3503} INFO - 1 downstream tasks scheduled from follow-on schedule check
[2026-04-16T06:41:24.017+0000] {local_task_job_runner.py:222} INFO - ::endgroup::
