[2026-04-16T06:54:39.961+0000] {local_task_job_runner.py:120} INFO - ::group::Pre task execution logs
[2026-04-16T06:54:40.009+0000] {taskinstance.py:2076} INFO - Dependencies all met for dep_context=non-requeueable deps ti=<TaskInstance: weather_etl_pipeline_v2.aggregate manual__2026-04-16T06:54:30+00:00 [queued]>
[2026-04-16T06:54:40.022+0000] {taskinstance.py:2076} INFO - Dependencies all met for dep_context=requeueable deps ti=<TaskInstance: weather_etl_pipeline_v2.aggregate manual__2026-04-16T06:54:30+00:00 [queued]>
[2026-04-16T06:54:40.023+0000] {taskinstance.py:2306} INFO - Starting attempt 1 of 3
[2026-04-16T06:54:40.043+0000] {taskinstance.py:2330} INFO - Executing <Task(PythonOperator): aggregate> on 2026-04-16 06:54:30+00:00
[2026-04-16T06:54:40.053+0000] {logging_mixin.py:188} WARNING - /home/airflow/.local/lib/python3.12/site-packages/airflow/task/task_runner/standard_task_runner.py:62 DeprecationWarning: This process (pid=2438) is multi-threaded, use of fork() may lead to deadlocks in the child.
[2026-04-16T06:54:40.055+0000] {standard_task_runner.py:64} INFO - Started process 2439 to run task
[2026-04-16T06:54:40.053+0000] {standard_task_runner.py:90} INFO - Running: ['airflow', 'tasks', 'run', 'weather_etl_pipeline_v2', 'aggregate', 'manual__2026-04-16T06:54:30+00:00', '--job-id', '72', '--raw', '--subdir', 'DAGS_FOLDER/weather_etl_dag_v2.py', '--cfg-path', '/tmp/tmpm6ewahd6']
[2026-04-16T06:54:40.056+0000] {standard_task_runner.py:91} INFO - Job 72: Subtask aggregate
[2026-04-16T06:54:40.132+0000] {task_command.py:426} INFO - Running <TaskInstance: weather_etl_pipeline_v2.aggregate manual__2026-04-16T06:54:30+00:00 [running]> on host cf9362e38fb8
[2026-04-16T06:54:40.256+0000] {taskinstance.py:2648} INFO - Exporting env vars: AIRFLOW_CTX_DAG_OWNER='weather_etl' AIRFLOW_CTX_DAG_ID='weather_etl_pipeline_v2' AIRFLOW_CTX_TASK_ID='aggregate' AIRFLOW_CTX_EXECUTION_DATE='2026-04-16T06:54:30+00:00' AIRFLOW_CTX_TRY_NUMBER='1' AIRFLOW_CTX_DAG_RUN_ID='manual__2026-04-16T06:54:30+00:00'
[2026-04-16T06:54:40.259+0000] {taskinstance.py:430} INFO - ::endgroup::
[2026-04-16T06:54:40.281+0000] {weather_etl_dag_v2.py:299} INFO - ============================================================
[2026-04-16T06:54:40.284+0000] {weather_etl_dag_v2.py:300} INFO - TASK: AGGREGATE — Computing city-wise daily metrics
[2026-04-16T06:54:40.286+0000] {weather_etl_dag_v2.py:301} INFO - ============================================================
[2026-04-16T06:54:40.305+0000] {logging_mixin.py:188} WARNING - 2026-04-16 06:54:40 - scripts.aggregator - INFO - WeatherAggregator: connected to PostgreSQL
[2026-04-16T06:54:40.304+0000] {aggregator.py:55} INFO - WeatherAggregator: connected to PostgreSQL
[2026-04-16T06:54:40.307+0000] {logging_mixin.py:188} WARNING - 2026-04-16 06:54:40 - scripts.aggregator - INFO - Starting aggregation for date: 2026-04-15
[2026-04-16T06:54:40.307+0000] {aggregator.py:84} INFO - Starting aggregation for date: 2026-04-15
[2026-04-16T06:54:40.316+0000] {logging_mixin.py:188} WARNING - 2026-04-16 06:54:40 - scripts.aggregator - INFO - ✓ Aggregation complete for 2026-04-15: 0 city-day rows upserted
[2026-04-16T06:54:40.315+0000] {aggregator.py:201} INFO - ✓ Aggregation complete for 2026-04-15: 0 city-day rows upserted
[2026-04-16T06:54:40.318+0000] {logging_mixin.py:188} WARNING - 2026-04-16 06:54:40 - scripts.aggregator - INFO - Daily aggregation run complete: 1 day(s), 0 city-day rows upserted
[2026-04-16T06:54:40.317+0000] {aggregator.py:247} INFO - Daily aggregation run complete: 1 day(s), 0 city-day rows upserted
[2026-04-16T06:54:40.320+0000] {logging_mixin.py:188} WARNING - 2026-04-16 06:54:40 - scripts.aggregator - INFO - WeatherAggregator: DB connection closed
[2026-04-16T06:54:40.320+0000] {aggregator.py:67} INFO - WeatherAggregator: DB connection closed
[2026-04-16T06:54:40.342+0000] {weather_etl_dag_v2.py:308} INFO - ✓ Aggregation complete: 0 city-day rows upserted for 1 day(s)
[2026-04-16T06:54:40.344+0000] {python.py:237} INFO - Done. Returned value was: 0
[2026-04-16T06:54:40.345+0000] {taskinstance.py:441} INFO - ::group::Post task execution logs
[2026-04-16T06:54:40.385+0000] {taskinstance.py:1206} INFO - Marking task as SUCCESS. dag_id=weather_etl_pipeline_v2, task_id=aggregate, run_id=manual__2026-04-16T06:54:30+00:00, execution_date=20260416T065430, start_date=20260416T065440, end_date=20260416T065440
[2026-04-16T06:54:40.431+0000] {local_task_job_runner.py:243} INFO - Task exited with return code 0
[2026-04-16T06:54:40.470+0000] {taskinstance.py:3503} INFO - 1 downstream tasks scheduled from follow-on schedule check
[2026-04-16T06:54:40.480+0000] {local_task_job_runner.py:222} INFO - ::endgroup::
