[2026-04-15T06:05:38.866+0000] {local_task_job_runner.py:120} INFO - ::group::Pre task execution logs
[2026-04-15T06:05:38.920+0000] {taskinstance.py:2076} INFO - Dependencies all met for dep_context=non-requeueable deps ti=<TaskInstance: weather_etl_pipeline_v2.extract manual__2026-04-15T06:05:36.429600+00:00 [queued]>
[2026-04-15T06:05:38.935+0000] {taskinstance.py:2076} INFO - Dependencies all met for dep_context=requeueable deps ti=<TaskInstance: weather_etl_pipeline_v2.extract manual__2026-04-15T06:05:36.429600+00:00 [queued]>
[2026-04-15T06:05:38.936+0000] {taskinstance.py:2306} INFO - Starting attempt 1 of 4
[2026-04-15T06:05:38.958+0000] {taskinstance.py:2330} INFO - Executing <Task(PythonOperator): extract> on 2026-04-15 06:05:36.429600+00:00
[2026-04-15T06:05:38.967+0000] {standard_task_runner.py:90} INFO - Running: ['airflow', 'tasks', 'run', 'weather_etl_pipeline_v2', 'extract', 'manual__2026-04-15T06:05:36.429600+00:00', '--job-id', '239', '--raw', '--subdir', 'DAGS_FOLDER/weather_etl_dag_v2.py', '--cfg-path', '/tmp/tmp8z0gwrks']
[2026-04-15T06:05:38.970+0000] {standard_task_runner.py:91} INFO - Job 239: Subtask extract
[2026-04-15T06:05:38.974+0000] {logging_mixin.py:188} WARNING - /home/airflow/.local/lib/python3.12/site-packages/airflow/task/task_runner/standard_task_runner.py:62 DeprecationWarning: This process (pid=542) is multi-threaded, use of fork() may lead to deadlocks in the child.
[2026-04-15T06:05:38.977+0000] {standard_task_runner.py:64} INFO - Started process 543 to run task
[2026-04-15T06:05:39.036+0000] {task_command.py:426} INFO - Running <TaskInstance: weather_etl_pipeline_v2.extract manual__2026-04-15T06:05:36.429600+00:00 [running]> on host 157a7326b030
[2026-04-15T06:05:39.188+0000] {taskinstance.py:2648} INFO - Exporting env vars: AIRFLOW_CTX_DAG_OWNER='weather_etl' AIRFLOW_CTX_DAG_ID='weather_etl_pipeline_v2' AIRFLOW_CTX_TASK_ID='extract' AIRFLOW_CTX_EXECUTION_DATE='2026-04-15T06:05:36.429600+00:00' AIRFLOW_CTX_TRY_NUMBER='1' AIRFLOW_CTX_DAG_RUN_ID='manual__2026-04-15T06:05:36.429600+00:00'
[2026-04-15T06:05:39.189+0000] {taskinstance.py:430} INFO - ::endgroup::
[2026-04-15T06:05:39.206+0000] {weather_etl_dag_v2.py:66} INFO - ============================================================
[2026-04-15T06:05:39.208+0000] {weather_etl_dag_v2.py:67} INFO - TASK: EXTRACT - Fetching weather data from API
[2026-04-15T06:05:39.208+0000] {weather_etl_dag_v2.py:68} INFO - ============================================================
[2026-04-15T06:05:39.215+0000] {weather_etl_dag_v2.py:91} INFO - Fetched 4 cities from database: ['Ahmedabad', 'Amsterdam', 'Chicago', 'Mumbai']
[2026-04-15T06:05:39.221+0000] {logging_mixin.py:188} WARNING - 2026-04-15 06:05:39 - scripts.extract - INFO - Starting extraction for cities: Ahmedabad, Amsterdam, Chicago, Mumbai
[2026-04-15T06:05:39.220+0000] {extract.py:126} INFO - Starting extraction for cities: Ahmedabad, Amsterdam, Chicago, Mumbai
[2026-04-15T06:05:39.223+0000] {logging_mixin.py:188} WARNING - 2026-04-15 06:05:39 - scripts.extract - INFO - Starting extraction for 4 cities
[2026-04-15T06:05:39.222+0000] {extract.py:96} INFO - Starting extraction for 4 cities
[2026-04-15T06:05:39.224+0000] {logging_mixin.py:188} WARNING - 2026-04-15 06:05:39 - scripts.extract - INFO - Fetching weather data for Ahmedabad (attempt 1/3)
[2026-04-15T06:05:39.223+0000] {extract.py:47} INFO - Fetching weather data for Ahmedabad (attempt 1/3)
[2026-04-15T06:05:39.380+0000] {logging_mixin.py:188} WARNING - 2026-04-15 06:05:39 - scripts.extract - INFO - Successfully fetched data for Ahmedabad
[2026-04-15T06:05:39.379+0000] {extract.py:53} INFO - Successfully fetched data for Ahmedabad
[2026-04-15T06:05:39.383+0000] {logging_mixin.py:188} WARNING - 2026-04-15 06:05:39 - scripts.extract - INFO - Fetching weather data for Amsterdam (attempt 1/3)
[2026-04-15T06:05:39.382+0000] {extract.py:47} INFO - Fetching weather data for Amsterdam (attempt 1/3)
[2026-04-15T06:05:39.530+0000] {logging_mixin.py:188} WARNING - 2026-04-15 06:05:39 - scripts.extract - INFO - Successfully fetched data for Amsterdam
[2026-04-15T06:05:39.529+0000] {extract.py:53} INFO - Successfully fetched data for Amsterdam
[2026-04-15T06:05:39.534+0000] {logging_mixin.py:188} WARNING - 2026-04-15 06:05:39 - scripts.extract - INFO - Fetching weather data for Chicago (attempt 1/3)
[2026-04-15T06:05:39.533+0000] {extract.py:47} INFO - Fetching weather data for Chicago (attempt 1/3)
[2026-04-15T06:05:39.679+0000] {logging_mixin.py:188} WARNING - 2026-04-15 06:05:39 - scripts.extract - INFO - Successfully fetched data for Chicago
[2026-04-15T06:05:39.678+0000] {extract.py:53} INFO - Successfully fetched data for Chicago
[2026-04-15T06:05:39.682+0000] {logging_mixin.py:188} WARNING - 2026-04-15 06:05:39 - scripts.extract - INFO - Fetching weather data for Mumbai (attempt 1/3)
[2026-04-15T06:05:39.681+0000] {extract.py:47} INFO - Fetching weather data for Mumbai (attempt 1/3)
[2026-04-15T06:05:39.833+0000] {logging_mixin.py:188} WARNING - 2026-04-15 06:05:39 - scripts.extract - INFO - Successfully fetched data for Mumbai
[2026-04-15T06:05:39.832+0000] {extract.py:53} INFO - Successfully fetched data for Mumbai
[2026-04-15T06:05:39.836+0000] {logging_mixin.py:188} WARNING - 2026-04-15 06:05:39 - scripts.extract - INFO - Extraction complete: 4 successful, 0 failed
[2026-04-15T06:05:39.835+0000] {extract.py:113} INFO - Extraction complete: 4 successful, 0 failed
[2026-04-15T06:05:39.839+0000] {logging_mixin.py:188} WARNING - 2026-04-15 06:05:39 - scripts.extract - INFO - Extracted 4 weather records
[2026-04-15T06:05:39.838+0000] {extract.py:130} INFO - Extracted 4 weather records
[2026-04-15T06:05:39.854+0000] {weather_etl_dag_v2.py:102} INFO - ✓ Extraction complete: 4 records fetched
[2026-04-15T06:05:39.855+0000] {python.py:237} INFO - Done. Returned value was: 4
[2026-04-15T06:05:39.856+0000] {taskinstance.py:441} INFO - ::group::Post task execution logs
[2026-04-15T06:05:39.877+0000] {taskinstance.py:1206} INFO - Marking task as SUCCESS. dag_id=weather_etl_pipeline_v2, task_id=extract, run_id=manual__2026-04-15T06:05:36.429600+00:00, execution_date=20260415T060536, start_date=20260415T060538, end_date=20260415T060539
[2026-04-15T06:05:39.918+0000] {local_task_job_runner.py:243} INFO - Task exited with return code 0
[2026-04-15T06:05:39.953+0000] {taskinstance.py:3503} INFO - 1 downstream tasks scheduled from follow-on schedule check
[2026-04-15T06:05:39.955+0000] {local_task_job_runner.py:222} INFO - ::endgroup::
