[2026-04-11T11:16:29.515+0000] {local_task_job_runner.py:120} INFO - ::group::Pre task execution logs
[2026-04-11T11:16:29.556+0000] {taskinstance.py:2076} INFO - Dependencies all met for dep_context=non-requeueable deps ti=<TaskInstance: weather_etl_pipeline_v2.update_metadata_success manual__2026-04-11T11:16:21+00:00 [queued]>
[2026-04-11T11:16:29.566+0000] {taskinstance.py:2076} INFO - Dependencies all met for dep_context=requeueable deps ti=<TaskInstance: weather_etl_pipeline_v2.update_metadata_success manual__2026-04-11T11:16:21+00:00 [queued]>
[2026-04-11T11:16:29.568+0000] {taskinstance.py:2306} INFO - Starting attempt 1 of 4
[2026-04-11T11:16:29.587+0000] {taskinstance.py:2330} INFO - Executing <Task(PythonOperator): update_metadata_success> on 2026-04-11 11:16:21+00:00
[2026-04-11T11:16:29.598+0000] {standard_task_runner.py:90} INFO - Running: ['airflow', 'tasks', 'run', 'weather_etl_pipeline_v2', 'update_metadata_success', 'manual__2026-04-11T11:16:21+00:00', '--job-id', '99', '--raw', '--subdir', 'DAGS_FOLDER/weather_etl_dag_v2.py', '--cfg-path', '/tmp/tmpmu61jst2']
[2026-04-11T11:16:29.601+0000] {standard_task_runner.py:91} INFO - Job 99: Subtask update_metadata_success
[2026-04-11T11:16:29.610+0000] {logging_mixin.py:188} WARNING - /home/airflow/.local/lib/python3.12/site-packages/airflow/task/task_runner/standard_task_runner.py:62 DeprecationWarning: This process (pid=198) is multi-threaded, use of fork() may lead to deadlocks in the child.
[2026-04-11T11:16:29.612+0000] {standard_task_runner.py:64} INFO - Started process 199 to run task
[2026-04-11T11:16:29.688+0000] {task_command.py:426} INFO - Running <TaskInstance: weather_etl_pipeline_v2.update_metadata_success manual__2026-04-11T11:16:21+00:00 [running]> on host 9514c60f7b76
[2026-04-11T11:16:29.829+0000] {taskinstance.py:2648} INFO - Exporting env vars: AIRFLOW_CTX_DAG_OWNER='weather_etl' AIRFLOW_CTX_DAG_ID='weather_etl_pipeline_v2' AIRFLOW_CTX_TASK_ID='update_metadata_success' AIRFLOW_CTX_EXECUTION_DATE='2026-04-11T11:16:21+00:00' AIRFLOW_CTX_TRY_NUMBER='1' AIRFLOW_CTX_DAG_RUN_ID='manual__2026-04-11T11:16:21+00:00'
[2026-04-11T11:16:29.831+0000] {taskinstance.py:430} INFO - ::endgroup::
[2026-04-11T11:16:29.849+0000] {weather_etl_dag_v2.py:229} INFO - ============================================================
[2026-04-11T11:16:29.851+0000] {weather_etl_dag_v2.py:230} INFO - TASK: UPDATE_METADATA_SUCCESS - Recording successful run
[2026-04-11T11:16:29.852+0000] {weather_etl_dag_v2.py:231} INFO - ============================================================
[2026-04-11T11:16:29.929+0000] {logging_mixin.py:188} WARNING - 2026-04-11 11:16:29 - scripts.metadata_manager - INFO - Successfully connected to PostgreSQL database
[2026-04-11T11:16:29.928+0000] {metadata_manager.py:38} INFO - Successfully connected to PostgreSQL database
[2026-04-11T11:16:29.936+0000] {logging_mixin.py:188} WARNING - 2026-04-11 11:16:29 - scripts.metadata_manager - INFO - Table 'pipeline_metadata' created or already exists
[2026-04-11T11:16:29.935+0000] {metadata_manager.py:92} INFO - Table 'pipeline_metadata' created or already exists
[2026-04-11T11:16:29.941+0000] {logging_mixin.py:188} WARNING - 2026-04-11 11:16:29 - scripts.metadata_manager - INFO - Pipeline weather_etl_pipeline_v2 marked as SUCCESS: 5 processed, 10 inserted, 0 failed
[2026-04-11T11:16:29.940+0000] {metadata_manager.py:241} INFO - Pipeline weather_etl_pipeline_v2 marked as SUCCESS: 5 processed, 10 inserted, 0 failed
[2026-04-11T11:16:29.943+0000] {logging_mixin.py:188} WARNING - 2026-04-11 11:16:29 - scripts.metadata_manager - INFO - Database connection closed
[2026-04-11T11:16:29.942+0000] {metadata_manager.py:53} INFO - Database connection closed
[2026-04-11T11:16:29.944+0000] {weather_etl_dag_v2.py:253} INFO - ✓ Metadata updated: Pipeline marked as SUCCESS
[2026-04-11T11:16:29.946+0000] {weather_etl_dag_v2.py:254} INFO -   - Records processed: 5
[2026-04-11T11:16:29.947+0000] {weather_etl_dag_v2.py:255} INFO -   - Records inserted: 10
[2026-04-11T11:16:29.948+0000] {weather_etl_dag_v2.py:256} INFO -   - Validation rate: 100.0%
[2026-04-11T11:16:29.949+0000] {python.py:237} INFO - Done. Returned value was: True
[2026-04-11T11:16:29.950+0000] {taskinstance.py:441} INFO - ::group::Post task execution logs
[2026-04-11T11:16:29.973+0000] {taskinstance.py:1206} INFO - Marking task as SUCCESS. dag_id=weather_etl_pipeline_v2, task_id=update_metadata_success, run_id=manual__2026-04-11T11:16:21+00:00, execution_date=20260411T111621, start_date=20260411T111629, end_date=20260411T111629
[2026-04-11T11:16:29.988+0000] {local_task_job_runner.py:243} INFO - Task exited with return code 0
[2026-04-11T11:16:30.012+0000] {taskinstance.py:3503} INFO - 0 downstream tasks scheduled from follow-on schedule check
[2026-04-11T11:16:30.016+0000] {local_task_job_runner.py:222} INFO - ::endgroup::
