[2026-04-16T05:58:00.171+0000] {local_task_job_runner.py:120} INFO - ::group::Pre task execution logs
[2026-04-16T05:58:00.211+0000] {taskinstance.py:2076} INFO - Dependencies all met for dep_context=non-requeueable deps ti=<TaskInstance: weather_etl_pipeline_v2.transform_clean manual__2026-04-16T05:57:00+00:00 [queued]>
[2026-04-16T05:58:00.222+0000] {taskinstance.py:2076} INFO - Dependencies all met for dep_context=requeueable deps ti=<TaskInstance: weather_etl_pipeline_v2.transform_clean manual__2026-04-16T05:57:00+00:00 [queued]>
[2026-04-16T05:58:00.223+0000] {taskinstance.py:2306} INFO - Starting attempt 1 of 3
[2026-04-16T05:58:00.239+0000] {taskinstance.py:2330} INFO - Executing <Task(PythonOperator): transform_clean> on 2026-04-16 05:57:00+00:00
[2026-04-16T05:58:00.247+0000] {logging_mixin.py:188} WARNING - /home/airflow/.local/lib/python3.12/site-packages/airflow/task/task_runner/standard_task_runner.py:62 DeprecationWarning: This process (pid=302) is multi-threaded, use of fork() may lead to deadlocks in the child.
[2026-04-16T05:58:00.247+0000] {standard_task_runner.py:90} INFO - Running: ['airflow', 'tasks', 'run', 'weather_etl_pipeline_v2', 'transform_clean', 'manual__2026-04-16T05:57:00+00:00', '--job-id', '5', '--raw', '--subdir', 'DAGS_FOLDER/weather_etl_dag_v2.py', '--cfg-path', '/tmp/tmphyvyngy8']
[2026-04-16T05:58:00.249+0000] {standard_task_runner.py:64} INFO - Started process 303 to run task
[2026-04-16T05:58:00.250+0000] {standard_task_runner.py:91} INFO - Job 5: Subtask transform_clean
[2026-04-16T05:58:00.314+0000] {task_command.py:426} INFO - Running <TaskInstance: weather_etl_pipeline_v2.transform_clean manual__2026-04-16T05:57:00+00:00 [running]> on host cf9362e38fb8
[2026-04-16T05:58:00.414+0000] {taskinstance.py:2648} INFO - Exporting env vars: AIRFLOW_CTX_DAG_OWNER='weather_etl' AIRFLOW_CTX_DAG_ID='weather_etl_pipeline_v2' AIRFLOW_CTX_TASK_ID='transform_clean' AIRFLOW_CTX_EXECUTION_DATE='2026-04-16T05:57:00+00:00' AIRFLOW_CTX_TRY_NUMBER='1' AIRFLOW_CTX_DAG_RUN_ID='manual__2026-04-16T05:57:00+00:00'
[2026-04-16T05:58:00.416+0000] {taskinstance.py:430} INFO - ::endgroup::
[2026-04-16T05:58:00.429+0000] {weather_etl_dag_v2.py:177} INFO - ============================================================
[2026-04-16T05:58:00.431+0000] {weather_etl_dag_v2.py:178} INFO - TASK: TRANSFORM_CLEAN — Transform & load validated data
[2026-04-16T05:58:00.432+0000] {weather_etl_dag_v2.py:179} INFO - ============================================================
[2026-04-16T05:58:00.452+0000] {logging_mixin.py:188} WARNING - 2026-04-16 05:58:00 - scripts.load_raw - INFO - Successfully connected to PostgreSQL database
[2026-04-16T05:58:00.452+0000] {load_raw.py:38} INFO - Successfully connected to PostgreSQL database
[2026-04-16T05:58:00.456+0000] {logging_mixin.py:188} WARNING - 2026-04-16 05:58:00 - scripts.load_raw - INFO - Retrieved 0 unprocessed raw records (active only)
[2026-04-16T05:58:00.456+0000] {load_raw.py:244} INFO - Retrieved 0 unprocessed raw records (active only)
[2026-04-16T05:58:00.458+0000] {logging_mixin.py:188} WARNING - 2026-04-16 05:58:00 - scripts.load_raw - INFO - Database connection closed
[2026-04-16T05:58:00.458+0000] {load_raw.py:53} INFO - Database connection closed
[2026-04-16T05:58:00.460+0000] {weather_etl_dag_v2.py:187} INFO - No unprocessed raw records found — skipping transform
[2026-04-16T05:58:00.461+0000] {python.py:237} INFO - Done. Returned value was: 0
[2026-04-16T05:58:00.462+0000] {taskinstance.py:441} INFO - ::group::Post task execution logs
[2026-04-16T05:58:00.491+0000] {taskinstance.py:1206} INFO - Marking task as SUCCESS. dag_id=weather_etl_pipeline_v2, task_id=transform_clean, run_id=manual__2026-04-16T05:57:00+00:00, execution_date=20260416T055700, start_date=20260416T055800, end_date=20260416T055800
[2026-04-16T05:58:00.545+0000] {local_task_job_runner.py:243} INFO - Task exited with return code 0
[2026-04-16T05:58:00.602+0000] {taskinstance.py:3503} INFO - 1 downstream tasks scheduled from follow-on schedule check
[2026-04-16T05:58:00.607+0000] {local_task_job_runner.py:222} INFO - ::endgroup::
