[2026-04-16T06:16:25.253+0000] {local_task_job_runner.py:120} INFO - ::group::Pre task execution logs
[2026-04-16T06:16:25.292+0000] {taskinstance.py:2076} INFO - Dependencies all met for dep_context=non-requeueable deps ti=<TaskInstance: weather_etl_pipeline_v2.extract manual__2026-04-16T06:16:22.281493+00:00 [queued]>
[2026-04-16T06:16:25.312+0000] {taskinstance.py:2076} INFO - Dependencies all met for dep_context=requeueable deps ti=<TaskInstance: weather_etl_pipeline_v2.extract manual__2026-04-16T06:16:22.281493+00:00 [queued]>
[2026-04-16T06:16:25.314+0000] {taskinstance.py:2306} INFO - Starting attempt 1 of 4
[2026-04-16T06:16:25.346+0000] {taskinstance.py:2330} INFO - Executing <Task(PythonOperator): extract> on 2026-04-16 06:16:22.281493+00:00
[2026-04-16T06:16:25.383+0000] {logging_mixin.py:188} WARNING - /home/airflow/.local/lib/python3.12/site-packages/airflow/task/task_runner/standard_task_runner.py:62 DeprecationWarning: This process (pid=1111) is multi-threaded, use of fork() may lead to deadlocks in the child.
[2026-04-16T06:16:25.382+0000] {standard_task_runner.py:90} INFO - Running: ['airflow', 'tasks', 'run', 'weather_etl_pipeline_v2', 'extract', 'manual__2026-04-16T06:16:22.281493+00:00', '--job-id', '33', '--raw', '--subdir', 'DAGS_FOLDER/weather_etl_dag_v2.py', '--cfg-path', '/tmp/tmpt5cn5ui4']
[2026-04-16T06:16:25.395+0000] {standard_task_runner.py:64} INFO - Started process 1112 to run task
[2026-04-16T06:16:25.408+0000] {standard_task_runner.py:91} INFO - Job 33: Subtask extract
[2026-04-16T06:16:25.564+0000] {task_command.py:426} INFO - Running <TaskInstance: weather_etl_pipeline_v2.extract manual__2026-04-16T06:16:22.281493+00:00 [running]> on host cf9362e38fb8
[2026-04-16T06:16:25.686+0000] {taskinstance.py:2648} INFO - Exporting env vars: AIRFLOW_CTX_DAG_OWNER='weather_etl' AIRFLOW_CTX_DAG_ID='weather_etl_pipeline_v2' AIRFLOW_CTX_TASK_ID='extract' AIRFLOW_CTX_EXECUTION_DATE='2026-04-16T06:16:22.281493+00:00' AIRFLOW_CTX_TRY_NUMBER='1' AIRFLOW_CTX_DAG_RUN_ID='manual__2026-04-16T06:16:22.281493+00:00'
[2026-04-16T06:16:25.688+0000] {taskinstance.py:430} INFO - ::endgroup::
[2026-04-16T06:16:25.708+0000] {weather_etl_dag_v2.py:91} INFO - ============================================================
[2026-04-16T06:16:25.710+0000] {weather_etl_dag_v2.py:92} INFO - TASK: EXTRACT — Fetching weather data from OpenWeatherMap API
[2026-04-16T06:16:25.712+0000] {weather_etl_dag_v2.py:93} INFO - ============================================================
[2026-04-16T06:16:25.723+0000] {weather_etl_dag_v2.py:112} INFO - Active cities fetched from DB: ['Ahmedabad', 'Bengaluru', 'Chennai', 'Delhi', 'Mumbai', 'New York', 'Romania']
[2026-04-16T06:16:25.731+0000] {logging_mixin.py:188} WARNING - 2026-04-16 06:16:25 - scripts.extract - INFO - Starting extraction for cities: Ahmedabad, Bengaluru, Chennai, Delhi, Mumbai, New York, Romania
[2026-04-16T06:16:25.730+0000] {extract.py:126} INFO - Starting extraction for cities: Ahmedabad, Bengaluru, Chennai, Delhi, Mumbai, New York, Romania
[2026-04-16T06:16:25.733+0000] {logging_mixin.py:188} WARNING - 2026-04-16 06:16:25 - scripts.extract - INFO - Starting extraction for 7 cities
[2026-04-16T06:16:25.732+0000] {extract.py:96} INFO - Starting extraction for 7 cities
[2026-04-16T06:16:25.735+0000] {logging_mixin.py:188} WARNING - 2026-04-16 06:16:25 - scripts.extract - INFO - Fetching weather data for Ahmedabad (attempt 1/3)
[2026-04-16T06:16:25.735+0000] {extract.py:47} INFO - Fetching weather data for Ahmedabad (attempt 1/3)
[2026-04-16T06:16:26.054+0000] {logging_mixin.py:188} WARNING - 2026-04-16 06:16:26 - scripts.extract - INFO - Successfully fetched data for Ahmedabad
[2026-04-16T06:16:26.053+0000] {extract.py:53} INFO - Successfully fetched data for Ahmedabad
[2026-04-16T06:16:26.060+0000] {logging_mixin.py:188} WARNING - 2026-04-16 06:16:26 - scripts.extract - INFO - Fetching weather data for Bengaluru (attempt 1/3)
[2026-04-16T06:16:26.056+0000] {extract.py:47} INFO - Fetching weather data for Bengaluru (attempt 1/3)
[2026-04-16T06:16:26.268+0000] {logging_mixin.py:188} WARNING - 2026-04-16 06:16:26 - scripts.extract - INFO - Successfully fetched data for Bengaluru
[2026-04-16T06:16:26.267+0000] {extract.py:53} INFO - Successfully fetched data for Bengaluru
[2026-04-16T06:16:26.273+0000] {logging_mixin.py:188} WARNING - 2026-04-16 06:16:26 - scripts.extract - INFO - Fetching weather data for Chennai (attempt 1/3)
[2026-04-16T06:16:26.272+0000] {extract.py:47} INFO - Fetching weather data for Chennai (attempt 1/3)
[2026-04-16T06:16:26.463+0000] {logging_mixin.py:188} WARNING - 2026-04-16 06:16:26 - scripts.extract - INFO - Successfully fetched data for Chennai
[2026-04-16T06:16:26.462+0000] {extract.py:53} INFO - Successfully fetched data for Chennai
[2026-04-16T06:16:26.465+0000] {logging_mixin.py:188} WARNING - 2026-04-16 06:16:26 - scripts.extract - INFO - Fetching weather data for Delhi (attempt 1/3)
[2026-04-16T06:16:26.465+0000] {extract.py:47} INFO - Fetching weather data for Delhi (attempt 1/3)
[2026-04-16T06:16:26.683+0000] {logging_mixin.py:188} WARNING - 2026-04-16 06:16:26 - scripts.extract - INFO - Successfully fetched data for Delhi
[2026-04-16T06:16:26.682+0000] {extract.py:53} INFO - Successfully fetched data for Delhi
[2026-04-16T06:16:26.687+0000] {logging_mixin.py:188} WARNING - 2026-04-16 06:16:26 - scripts.extract - INFO - Fetching weather data for Mumbai (attempt 1/3)
[2026-04-16T06:16:26.686+0000] {extract.py:47} INFO - Fetching weather data for Mumbai (attempt 1/3)
[2026-04-16T06:16:26.915+0000] {logging_mixin.py:188} WARNING - 2026-04-16 06:16:26 - scripts.extract - INFO - Successfully fetched data for Mumbai
[2026-04-16T06:16:26.914+0000] {extract.py:53} INFO - Successfully fetched data for Mumbai
[2026-04-16T06:16:26.917+0000] {logging_mixin.py:188} WARNING - 2026-04-16 06:16:26 - scripts.extract - INFO - Fetching weather data for New York (attempt 1/3)
[2026-04-16T06:16:26.916+0000] {extract.py:47} INFO - Fetching weather data for New York (attempt 1/3)
[2026-04-16T06:16:27.122+0000] {logging_mixin.py:188} WARNING - 2026-04-16 06:16:27 - scripts.extract - INFO - Successfully fetched data for New York
[2026-04-16T06:16:27.121+0000] {extract.py:53} INFO - Successfully fetched data for New York
[2026-04-16T06:16:27.124+0000] {logging_mixin.py:188} WARNING - 2026-04-16 06:16:27 - scripts.extract - INFO - Fetching weather data for Romania (attempt 1/3)
[2026-04-16T06:16:27.123+0000] {extract.py:47} INFO - Fetching weather data for Romania (attempt 1/3)
[2026-04-16T06:16:27.340+0000] {logging_mixin.py:188} WARNING - 2026-04-16 06:16:27 - scripts.extract - INFO - Successfully fetched data for Romania
[2026-04-16T06:16:27.338+0000] {extract.py:53} INFO - Successfully fetched data for Romania
[2026-04-16T06:16:27.357+0000] {logging_mixin.py:188} WARNING - 2026-04-16 06:16:27 - scripts.extract - INFO - Extraction complete: 7 successful, 0 failed
[2026-04-16T06:16:27.350+0000] {extract.py:113} INFO - Extraction complete: 7 successful, 0 failed
[2026-04-16T06:16:27.360+0000] {logging_mixin.py:188} WARNING - 2026-04-16 06:16:27 - scripts.extract - INFO - Extracted 7 weather records
[2026-04-16T06:16:27.359+0000] {extract.py:130} INFO - Extracted 7 weather records
[2026-04-16T06:16:27.381+0000] {weather_etl_dag_v2.py:120} INFO - ✓ Extraction complete: 7 records for 7 cities in 1.67s
[2026-04-16T06:16:27.384+0000] {python.py:237} INFO - Done. Returned value was: 7
[2026-04-16T06:16:27.386+0000] {taskinstance.py:441} INFO - ::group::Post task execution logs
[2026-04-16T06:16:27.415+0000] {taskinstance.py:1206} INFO - Marking task as SUCCESS. dag_id=weather_etl_pipeline_v2, task_id=extract, run_id=manual__2026-04-16T06:16:22.281493+00:00, execution_date=20260416T061622, start_date=20260416T061625, end_date=20260416T061627
[2026-04-16T06:16:27.447+0000] {local_task_job_runner.py:243} INFO - Task exited with return code 0
[2026-04-16T06:16:27.474+0000] {taskinstance.py:3503} INFO - 1 downstream tasks scheduled from follow-on schedule check
[2026-04-16T06:16:27.477+0000] {local_task_job_runner.py:222} INFO - ::endgroup::
