[2026-04-17T05:02:26.137+0000] {local_task_job_runner.py:120} INFO - ::group::Pre task execution logs
[2026-04-17T05:02:26.180+0000] {taskinstance.py:2076} INFO - Dependencies all met for dep_context=non-requeueable deps ti=<TaskInstance: weather_etl_pipeline_v2.extract scheduled__2026-04-16T02:00:00+00:00 [queued]>
[2026-04-17T05:02:26.191+0000] {taskinstance.py:2076} INFO - Dependencies all met for dep_context=requeueable deps ti=<TaskInstance: weather_etl_pipeline_v2.extract scheduled__2026-04-16T02:00:00+00:00 [queued]>
[2026-04-17T05:02:26.193+0000] {taskinstance.py:2306} INFO - Starting attempt 1 of 4
[2026-04-17T05:02:26.210+0000] {taskinstance.py:2330} INFO - Executing <Task(PythonOperator): extract> on 2026-04-16 02:00:00+00:00
[2026-04-17T05:02:26.222+0000] {logging_mixin.py:188} WARNING - /home/airflow/.local/lib/python3.12/site-packages/airflow/task/task_runner/standard_task_runner.py:62 DeprecationWarning: This process (pid=194) is multi-threaded, use of fork() may lead to deadlocks in the child.
[2026-04-17T05:02:26.224+0000] {standard_task_runner.py:64} INFO - Started process 195 to run task
[2026-04-17T05:02:26.221+0000] {standard_task_runner.py:90} INFO - Running: ['airflow', 'tasks', 'run', 'weather_etl_pipeline_v2', 'extract', 'scheduled__2026-04-16T02:00:00+00:00', '--job-id', '109', '--raw', '--subdir', 'DAGS_FOLDER/weather_etl_dag_v2.py', '--cfg-path', '/tmp/tmpm3byggri']
[2026-04-17T05:02:26.225+0000] {standard_task_runner.py:91} INFO - Job 109: Subtask extract
[2026-04-17T05:02:26.305+0000] {task_command.py:426} INFO - Running <TaskInstance: weather_etl_pipeline_v2.extract scheduled__2026-04-16T02:00:00+00:00 [running]> on host 89e29680acec
[2026-04-17T05:02:26.463+0000] {taskinstance.py:2648} INFO - Exporting env vars: AIRFLOW_CTX_DAG_OWNER='weather_etl' AIRFLOW_CTX_DAG_ID='weather_etl_pipeline_v2' AIRFLOW_CTX_TASK_ID='extract' AIRFLOW_CTX_EXECUTION_DATE='2026-04-16T02:00:00+00:00' AIRFLOW_CTX_TRY_NUMBER='1' AIRFLOW_CTX_DAG_RUN_ID='scheduled__2026-04-16T02:00:00+00:00'
[2026-04-17T05:02:26.465+0000] {taskinstance.py:430} INFO - ::endgroup::
[2026-04-17T05:02:26.491+0000] {weather_etl_dag_v2.py:88} INFO - ============================================================
[2026-04-17T05:02:26.495+0000] {weather_etl_dag_v2.py:89} INFO - TASK: EXTRACT — Fetching weather data from OpenWeatherMap API
[2026-04-17T05:02:26.501+0000] {weather_etl_dag_v2.py:90} INFO - ============================================================
[2026-04-17T05:02:26.524+0000] {weather_etl_dag_v2.py:109} INFO - Active cities fetched from DB: ['Ahmedabad', 'Bengaluru', 'Chennai', 'Delhi', 'Indore', 'Manali', 'Mumbai', 'New York', 'Palanpur']
[2026-04-17T05:02:26.542+0000] {logging_mixin.py:188} WARNING - 2026-04-17 05:02:26 - scripts.extract - INFO - Starting extraction for cities: Ahmedabad, Bengaluru, Chennai, Delhi, Indore, Manali, Mumbai, New York, Palanpur
[2026-04-17T05:02:26.539+0000] {extract.py:127} INFO - Starting extraction for cities: Ahmedabad, Bengaluru, Chennai, Delhi, Indore, Manali, Mumbai, New York, Palanpur
[2026-04-17T05:02:26.551+0000] {logging_mixin.py:188} WARNING - 2026-04-17 05:02:26 - scripts.extract - INFO - Starting extraction for 9 cities
[2026-04-17T05:02:26.549+0000] {extract.py:96} INFO - Starting extraction for 9 cities
[2026-04-17T05:02:26.556+0000] {logging_mixin.py:188} WARNING - 2026-04-17 05:02:26 - scripts.extract - INFO - Fetching weather data for Ahmedabad (attempt 1/3)
[2026-04-17T05:02:26.554+0000] {extract.py:47} INFO - Fetching weather data for Ahmedabad (attempt 1/3)
[2026-04-17T05:02:26.853+0000] {logging_mixin.py:188} WARNING - 2026-04-17 05:02:26 - scripts.extract - INFO - Successfully fetched data for Ahmedabad
[2026-04-17T05:02:26.852+0000] {extract.py:53} INFO - Successfully fetched data for Ahmedabad
[2026-04-17T05:02:26.856+0000] {logging_mixin.py:188} WARNING - 2026-04-17 05:02:26 - scripts.extract - INFO - Fetching weather data for Bengaluru (attempt 1/3)
[2026-04-17T05:02:26.855+0000] {extract.py:47} INFO - Fetching weather data for Bengaluru (attempt 1/3)
[2026-04-17T05:02:27.085+0000] {logging_mixin.py:188} WARNING - 2026-04-17 05:02:27 - scripts.extract - INFO - Successfully fetched data for Bengaluru
[2026-04-17T05:02:27.084+0000] {extract.py:53} INFO - Successfully fetched data for Bengaluru
[2026-04-17T05:02:27.089+0000] {logging_mixin.py:188} WARNING - 2026-04-17 05:02:27 - scripts.extract - INFO - Fetching weather data for Chennai (attempt 1/3)
[2026-04-17T05:02:27.088+0000] {extract.py:47} INFO - Fetching weather data for Chennai (attempt 1/3)
[2026-04-17T05:02:27.338+0000] {logging_mixin.py:188} WARNING - 2026-04-17 05:02:27 - scripts.extract - INFO - Successfully fetched data for Chennai
[2026-04-17T05:02:27.337+0000] {extract.py:53} INFO - Successfully fetched data for Chennai
[2026-04-17T05:02:27.340+0000] {logging_mixin.py:188} WARNING - 2026-04-17 05:02:27 - scripts.extract - INFO - Fetching weather data for Delhi (attempt 1/3)
[2026-04-17T05:02:27.339+0000] {extract.py:47} INFO - Fetching weather data for Delhi (attempt 1/3)
[2026-04-17T05:02:27.567+0000] {logging_mixin.py:188} WARNING - 2026-04-17 05:02:27 - scripts.extract - INFO - Successfully fetched data for Delhi
[2026-04-17T05:02:27.566+0000] {extract.py:53} INFO - Successfully fetched data for Delhi
[2026-04-17T05:02:27.570+0000] {logging_mixin.py:188} WARNING - 2026-04-17 05:02:27 - scripts.extract - INFO - Fetching weather data for Indore (attempt 1/3)
[2026-04-17T05:02:27.569+0000] {extract.py:47} INFO - Fetching weather data for Indore (attempt 1/3)
[2026-04-17T05:02:27.812+0000] {logging_mixin.py:188} WARNING - 2026-04-17 05:02:27 - scripts.extract - INFO - Successfully fetched data for Indore
[2026-04-17T05:02:27.810+0000] {extract.py:53} INFO - Successfully fetched data for Indore
[2026-04-17T05:02:27.820+0000] {logging_mixin.py:188} WARNING - 2026-04-17 05:02:27 - scripts.extract - INFO - Fetching weather data for Manali (attempt 1/3)
[2026-04-17T05:02:27.818+0000] {extract.py:47} INFO - Fetching weather data for Manali (attempt 1/3)
[2026-04-17T05:02:28.049+0000] {logging_mixin.py:188} WARNING - 2026-04-17 05:02:28 - scripts.extract - INFO - Successfully fetched data for Manali
[2026-04-17T05:02:28.049+0000] {extract.py:53} INFO - Successfully fetched data for Manali
[2026-04-17T05:02:28.053+0000] {logging_mixin.py:188} WARNING - 2026-04-17 05:02:28 - scripts.extract - INFO - Fetching weather data for Mumbai (attempt 1/3)
[2026-04-17T05:02:28.052+0000] {extract.py:47} INFO - Fetching weather data for Mumbai (attempt 1/3)
[2026-04-17T05:02:28.286+0000] {logging_mixin.py:188} WARNING - 2026-04-17 05:02:28 - scripts.extract - INFO - Successfully fetched data for Mumbai
[2026-04-17T05:02:28.285+0000] {extract.py:53} INFO - Successfully fetched data for Mumbai
[2026-04-17T05:02:28.289+0000] {logging_mixin.py:188} WARNING - 2026-04-17 05:02:28 - scripts.extract - INFO - Fetching weather data for New York (attempt 1/3)
[2026-04-17T05:02:28.288+0000] {extract.py:47} INFO - Fetching weather data for New York (attempt 1/3)
[2026-04-17T05:02:28.510+0000] {logging_mixin.py:188} WARNING - 2026-04-17 05:02:28 - scripts.extract - INFO - Successfully fetched data for New York
[2026-04-17T05:02:28.509+0000] {extract.py:53} INFO - Successfully fetched data for New York
[2026-04-17T05:02:28.513+0000] {logging_mixin.py:188} WARNING - 2026-04-17 05:02:28 - scripts.extract - INFO - Fetching weather data for Palanpur (attempt 1/3)
[2026-04-17T05:02:28.512+0000] {extract.py:47} INFO - Fetching weather data for Palanpur (attempt 1/3)
[2026-04-17T05:02:28.747+0000] {logging_mixin.py:188} WARNING - 2026-04-17 05:02:28 - scripts.extract - INFO - Successfully fetched data for Palanpur
[2026-04-17T05:02:28.746+0000] {extract.py:53} INFO - Successfully fetched data for Palanpur
[2026-04-17T05:02:28.752+0000] {logging_mixin.py:188} WARNING - 2026-04-17 05:02:28 - scripts.extract - INFO - Extraction complete: 9 successful, 0 failed
[2026-04-17T05:02:28.750+0000] {extract.py:114} INFO - Extraction complete: 9 successful, 0 failed
[2026-04-17T05:02:28.756+0000] {logging_mixin.py:188} WARNING - 2026-04-17 05:02:28 - scripts.extract - INFO - Extracted 9 weather records
[2026-04-17T05:02:28.755+0000] {extract.py:131} INFO - Extracted 9 weather records
[2026-04-17T05:02:28.780+0000] {weather_etl_dag_v2.py:117} INFO - ✓ Extraction complete: 9 records for 9 cities in 2.28s
[2026-04-17T05:02:28.783+0000] {python.py:237} INFO - Done. Returned value was: 9
[2026-04-17T05:02:28.784+0000] {taskinstance.py:441} INFO - ::group::Post task execution logs
[2026-04-17T05:02:28.831+0000] {taskinstance.py:1206} INFO - Marking task as SUCCESS. dag_id=weather_etl_pipeline_v2, task_id=extract, run_id=scheduled__2026-04-16T02:00:00+00:00, execution_date=20260416T020000, start_date=20260417T050226, end_date=20260417T050228
[2026-04-17T05:02:28.895+0000] {local_task_job_runner.py:243} INFO - Task exited with return code 0
[2026-04-17T05:02:28.945+0000] {taskinstance.py:3503} INFO - 0 downstream tasks scheduled from follow-on schedule check
[2026-04-17T05:02:28.948+0000] {local_task_job_runner.py:222} INFO - ::endgroup::
