[2026-04-10T13:42:52.592+0000] {local_task_job_runner.py:120} INFO - ::group::Pre task execution logs
[2026-04-10T13:42:52.635+0000] {taskinstance.py:2076} INFO - Dependencies all met for dep_context=non-requeueable deps ti=<TaskInstance: weather_etl_pipeline_v2.quality_check manual__2026-04-10T13:42:45+00:00 [queued]>
[2026-04-10T13:42:52.646+0000] {taskinstance.py:2076} INFO - Dependencies all met for dep_context=requeueable deps ti=<TaskInstance: weather_etl_pipeline_v2.quality_check manual__2026-04-10T13:42:45+00:00 [queued]>
[2026-04-10T13:42:52.649+0000] {taskinstance.py:2306} INFO - Starting attempt 1 of 2
[2026-04-10T13:42:52.666+0000] {taskinstance.py:2330} INFO - Executing <Task(PythonOperator): quality_check> on 2026-04-10 13:42:45+00:00
[2026-04-10T13:42:52.674+0000] {standard_task_runner.py:90} INFO - Running: ['airflow', 'tasks', 'run', 'weather_etl_pipeline_v2', 'quality_check', 'manual__2026-04-10T13:42:45+00:00', '--job-id', '84', '--raw', '--subdir', 'DAGS_FOLDER/weather_etl_dag_v2.py', '--cfg-path', '/tmp/tmp09nb53xl']
[2026-04-10T13:42:52.677+0000] {logging_mixin.py:188} WARNING - /home/airflow/.local/lib/python3.12/site-packages/airflow/task/task_runner/standard_task_runner.py:62 DeprecationWarning: This process (pid=186) is multi-threaded, use of fork() may lead to deadlocks in the child.
[2026-04-10T13:42:52.678+0000] {standard_task_runner.py:91} INFO - Job 84: Subtask quality_check
[2026-04-10T13:42:52.678+0000] {standard_task_runner.py:64} INFO - Started process 187 to run task
[2026-04-10T13:42:52.746+0000] {task_command.py:426} INFO - Running <TaskInstance: weather_etl_pipeline_v2.quality_check manual__2026-04-10T13:42:45+00:00 [running]> on host e69da4fb5dc4
[2026-04-10T13:42:52.863+0000] {taskinstance.py:2648} INFO - Exporting env vars: AIRFLOW_CTX_DAG_OWNER='weather_etl' AIRFLOW_CTX_DAG_ID='weather_etl_pipeline_v2' AIRFLOW_CTX_TASK_ID='quality_check' AIRFLOW_CTX_EXECUTION_DATE='2026-04-10T13:42:45+00:00' AIRFLOW_CTX_TRY_NUMBER='1' AIRFLOW_CTX_DAG_RUN_ID='manual__2026-04-10T13:42:45+00:00'
[2026-04-10T13:42:52.864+0000] {taskinstance.py:430} INFO - ::endgroup::
[2026-04-10T13:42:52.879+0000] {weather_etl_dag_v2.py:158} INFO - ============================================================
[2026-04-10T13:42:52.881+0000] {weather_etl_dag_v2.py:159} INFO - TASK: QUALITY_CHECK - Validating data quality
[2026-04-10T13:42:52.883+0000] {weather_etl_dag_v2.py:160} INFO - ============================================================
[2026-04-10T13:42:52.898+0000] {logging_mixin.py:188} WARNING - 2026-04-10 13:42:52 - scripts.validate - INFO - Starting data quality validation for 7 records
[2026-04-10T13:42:52.898+0000] {validate.py:201} INFO - Starting data quality validation for 7 records
[2026-04-10T13:42:52.902+0000] {logging_mixin.py:188} WARNING - 2026-04-10 13:42:52 - scripts.validate - INFO - Validation complete: 7 valid, 0 invalid (100.0% pass rate)
[2026-04-10T13:42:52.901+0000] {validate.py:228} INFO - Validation complete: 7 valid, 0 invalid (100.0% pass rate)
[2026-04-10T13:42:52.903+0000] {weather_etl_dag_v2.py:207} INFO - ✓ Quality check complete: 100.0% pass rate
[2026-04-10T13:42:52.922+0000] {python.py:237} INFO - Done. Returned value was: 100.0
[2026-04-10T13:42:52.923+0000] {taskinstance.py:441} INFO - ::group::Post task execution logs
[2026-04-10T13:42:52.948+0000] {taskinstance.py:1206} INFO - Marking task as SUCCESS. dag_id=weather_etl_pipeline_v2, task_id=quality_check, run_id=manual__2026-04-10T13:42:45+00:00, execution_date=20260410T134245, start_date=20260410T134252, end_date=20260410T134252
[2026-04-10T13:42:52.974+0000] {local_task_job_runner.py:243} INFO - Task exited with return code 0
[2026-04-10T13:42:53.003+0000] {taskinstance.py:3503} INFO - 1 downstream tasks scheduled from follow-on schedule check
[2026-04-10T13:42:53.008+0000] {local_task_job_runner.py:222} INFO - ::endgroup::
