[2026-04-21T05:57:50.550+0000] {local_task_job_runner.py:120} INFO - ::group::Pre task execution logs
[2026-04-21T05:57:50.606+0000] {taskinstance.py:2076} INFO - Dependencies all met for dep_context=non-requeueable deps ti=<TaskInstance: weather_etl_pipeline_v2.extract scheduled__2026-04-20T02:00:00+00:00 [queued]>
[2026-04-21T05:57:50.622+0000] {taskinstance.py:2076} INFO - Dependencies all met for dep_context=requeueable deps ti=<TaskInstance: weather_etl_pipeline_v2.extract scheduled__2026-04-20T02:00:00+00:00 [queued]>
[2026-04-21T05:57:50.624+0000] {taskinstance.py:2306} INFO - Starting attempt 1 of 4
[2026-04-21T05:57:50.647+0000] {taskinstance.py:2330} INFO - Executing <Task(PythonOperator): extract> on 2026-04-20 02:00:00+00:00
[2026-04-21T05:57:50.659+0000] {logging_mixin.py:188} WARNING - /home/airflow/.local/lib/python3.12/site-packages/airflow/task/task_runner/standard_task_runner.py:62 DeprecationWarning: This process (pid=195) is multi-threaded, use of fork() may lead to deadlocks in the child.
[2026-04-21T05:57:50.658+0000] {standard_task_runner.py:90} INFO - Running: ['airflow', 'tasks', 'run', 'weather_etl_pipeline_v2', 'extract', 'scheduled__2026-04-20T02:00:00+00:00', '--job-id', '175', '--raw', '--subdir', 'DAGS_FOLDER/weather_etl_dag_v2.py', '--cfg-path', '/tmp/tmp8y9btpnm']
[2026-04-21T05:57:50.661+0000] {standard_task_runner.py:64} INFO - Started process 196 to run task
[2026-04-21T05:57:50.661+0000] {standard_task_runner.py:91} INFO - Job 175: Subtask extract
[2026-04-21T05:57:50.756+0000] {task_command.py:426} INFO - Running <TaskInstance: weather_etl_pipeline_v2.extract scheduled__2026-04-20T02:00:00+00:00 [running]> on host 0986b561c3e9
[2026-04-21T05:57:50.896+0000] {taskinstance.py:2648} INFO - Exporting env vars: AIRFLOW_CTX_DAG_OWNER='weather_etl' AIRFLOW_CTX_DAG_ID='weather_etl_pipeline_v2' AIRFLOW_CTX_TASK_ID='extract' AIRFLOW_CTX_EXECUTION_DATE='2026-04-20T02:00:00+00:00' AIRFLOW_CTX_TRY_NUMBER='1' AIRFLOW_CTX_DAG_RUN_ID='scheduled__2026-04-20T02:00:00+00:00'
[2026-04-21T05:57:50.900+0000] {taskinstance.py:430} INFO - ::endgroup::
[2026-04-21T05:57:50.924+0000] {weather_etl_dag_v2.py:88} INFO - ============================================================
[2026-04-21T05:57:50.926+0000] {weather_etl_dag_v2.py:89} INFO - TASK: EXTRACT — Fetching weather data from OpenWeatherMap API
[2026-04-21T05:57:50.929+0000] {weather_etl_dag_v2.py:90} INFO - ============================================================
[2026-04-21T05:57:50.946+0000] {weather_etl_dag_v2.py:109} INFO - Active cities fetched from DB: ['Ahmedabad', 'Bengaluru', 'Chennai', 'Delhi', 'Indore', 'Kolkata', 'Kota', 'Kyiv', 'Los Angeles', 'Manali', 'Moscow', 'Mumbai', 'New York', 'Palanpur']
[2026-04-21T05:57:50.957+0000] {logging_mixin.py:188} WARNING - 2026-04-21 05:57:50 - scripts.extract - INFO - Starting extraction for cities: Ahmedabad, Bengaluru, Chennai, Delhi, Indore, Kolkata, Kota, Kyiv, Los Angeles, Manali, Moscow, Mumbai, New York, Palanpur
[2026-04-21T05:57:50.956+0000] {extract.py:127} INFO - Starting extraction for cities: Ahmedabad, Bengaluru, Chennai, Delhi, Indore, Kolkata, Kota, Kyiv, Los Angeles, Manali, Moscow, Mumbai, New York, Palanpur
[2026-04-21T05:57:50.958+0000] {logging_mixin.py:188} WARNING - 2026-04-21 05:57:50 - scripts.extract - INFO - Starting extraction for 14 cities
[2026-04-21T05:57:50.958+0000] {extract.py:96} INFO - Starting extraction for 14 cities
[2026-04-21T05:57:50.960+0000] {logging_mixin.py:188} WARNING - 2026-04-21 05:57:50 - scripts.extract - INFO - Fetching weather data for Ahmedabad (attempt 1/3)
[2026-04-21T05:57:50.959+0000] {extract.py:47} INFO - Fetching weather data for Ahmedabad (attempt 1/3)
[2026-04-21T05:57:51.168+0000] {logging_mixin.py:188} WARNING - 2026-04-21 05:57:51 - scripts.extract - INFO - Successfully fetched data for Ahmedabad
[2026-04-21T05:57:51.167+0000] {extract.py:53} INFO - Successfully fetched data for Ahmedabad
[2026-04-21T05:57:51.172+0000] {logging_mixin.py:188} WARNING - 2026-04-21 05:57:51 - scripts.extract - INFO - Fetching weather data for Bengaluru (attempt 1/3)
[2026-04-21T05:57:51.171+0000] {extract.py:47} INFO - Fetching weather data for Bengaluru (attempt 1/3)
[2026-04-21T05:57:51.368+0000] {logging_mixin.py:188} WARNING - 2026-04-21 05:57:51 - scripts.extract - INFO - Successfully fetched data for Bengaluru
[2026-04-21T05:57:51.366+0000] {extract.py:53} INFO - Successfully fetched data for Bengaluru
[2026-04-21T05:57:51.374+0000] {logging_mixin.py:188} WARNING - 2026-04-21 05:57:51 - scripts.extract - INFO - Fetching weather data for Chennai (attempt 1/3)
[2026-04-21T05:57:51.372+0000] {extract.py:47} INFO - Fetching weather data for Chennai (attempt 1/3)
[2026-04-21T05:57:51.561+0000] {logging_mixin.py:188} WARNING - 2026-04-21 05:57:51 - scripts.extract - INFO - Successfully fetched data for Chennai
[2026-04-21T05:57:51.557+0000] {extract.py:53} INFO - Successfully fetched data for Chennai
[2026-04-21T05:57:51.567+0000] {logging_mixin.py:188} WARNING - 2026-04-21 05:57:51 - scripts.extract - INFO - Fetching weather data for Delhi (attempt 1/3)
[2026-04-21T05:57:51.564+0000] {extract.py:47} INFO - Fetching weather data for Delhi (attempt 1/3)
[2026-04-21T05:57:51.738+0000] {logging_mixin.py:188} WARNING - 2026-04-21 05:57:51 - scripts.extract - INFO - Successfully fetched data for Delhi
[2026-04-21T05:57:51.736+0000] {extract.py:53} INFO - Successfully fetched data for Delhi
[2026-04-21T05:57:51.743+0000] {logging_mixin.py:188} WARNING - 2026-04-21 05:57:51 - scripts.extract - INFO - Fetching weather data for Indore (attempt 1/3)
[2026-04-21T05:57:51.742+0000] {extract.py:47} INFO - Fetching weather data for Indore (attempt 1/3)
[2026-04-21T05:57:51.928+0000] {logging_mixin.py:188} WARNING - 2026-04-21 05:57:51 - scripts.extract - INFO - Successfully fetched data for Indore
[2026-04-21T05:57:51.926+0000] {extract.py:53} INFO - Successfully fetched data for Indore
[2026-04-21T05:57:51.933+0000] {logging_mixin.py:188} WARNING - 2026-04-21 05:57:51 - scripts.extract - INFO - Fetching weather data for Kolkata (attempt 1/3)
[2026-04-21T05:57:51.931+0000] {extract.py:47} INFO - Fetching weather data for Kolkata (attempt 1/3)
[2026-04-21T05:57:52.095+0000] {logging_mixin.py:188} WARNING - 2026-04-21 05:57:52 - scripts.extract - INFO - Successfully fetched data for Kolkata
[2026-04-21T05:57:52.094+0000] {extract.py:53} INFO - Successfully fetched data for Kolkata
[2026-04-21T05:57:52.100+0000] {logging_mixin.py:188} WARNING - 2026-04-21 05:57:52 - scripts.extract - INFO - Fetching weather data for Kota (attempt 1/3)
[2026-04-21T05:57:52.099+0000] {extract.py:47} INFO - Fetching weather data for Kota (attempt 1/3)
[2026-04-21T05:57:52.297+0000] {logging_mixin.py:188} WARNING - 2026-04-21 05:57:52 - scripts.extract - INFO - Successfully fetched data for Kota
[2026-04-21T05:57:52.295+0000] {extract.py:53} INFO - Successfully fetched data for Kota
[2026-04-21T05:57:52.301+0000] {logging_mixin.py:188} WARNING - 2026-04-21 05:57:52 - scripts.extract - INFO - Fetching weather data for Kyiv (attempt 1/3)
[2026-04-21T05:57:52.299+0000] {extract.py:47} INFO - Fetching weather data for Kyiv (attempt 1/3)
[2026-04-21T05:57:52.464+0000] {logging_mixin.py:188} WARNING - 2026-04-21 05:57:52 - scripts.extract - INFO - Successfully fetched data for Kyiv
[2026-04-21T05:57:52.463+0000] {extract.py:53} INFO - Successfully fetched data for Kyiv
[2026-04-21T05:57:52.467+0000] {logging_mixin.py:188} WARNING - 2026-04-21 05:57:52 - scripts.extract - INFO - Fetching weather data for Los Angeles (attempt 1/3)
[2026-04-21T05:57:52.466+0000] {extract.py:47} INFO - Fetching weather data for Los Angeles (attempt 1/3)
[2026-04-21T05:57:52.655+0000] {logging_mixin.py:188} WARNING - 2026-04-21 05:57:52 - scripts.extract - INFO - Successfully fetched data for Los Angeles
[2026-04-21T05:57:52.654+0000] {extract.py:53} INFO - Successfully fetched data for Los Angeles
[2026-04-21T05:57:52.658+0000] {logging_mixin.py:188} WARNING - 2026-04-21 05:57:52 - scripts.extract - INFO - Fetching weather data for Manali (attempt 1/3)
[2026-04-21T05:57:52.658+0000] {extract.py:47} INFO - Fetching weather data for Manali (attempt 1/3)
[2026-04-21T05:57:52.850+0000] {logging_mixin.py:188} WARNING - 2026-04-21 05:57:52 - scripts.extract - INFO - Successfully fetched data for Manali
[2026-04-21T05:57:52.848+0000] {extract.py:53} INFO - Successfully fetched data for Manali
[2026-04-21T05:57:52.852+0000] {logging_mixin.py:188} WARNING - 2026-04-21 05:57:52 - scripts.extract - INFO - Fetching weather data for Moscow (attempt 1/3)
[2026-04-21T05:57:52.852+0000] {extract.py:47} INFO - Fetching weather data for Moscow (attempt 1/3)
[2026-04-21T05:57:52.997+0000] {logging_mixin.py:188} WARNING - 2026-04-21 05:57:52 - scripts.extract - INFO - Successfully fetched data for Moscow
[2026-04-21T05:57:52.996+0000] {extract.py:53} INFO - Successfully fetched data for Moscow
[2026-04-21T05:57:52.999+0000] {logging_mixin.py:188} WARNING - 2026-04-21 05:57:52 - scripts.extract - INFO - Fetching weather data for Mumbai (attempt 1/3)
[2026-04-21T05:57:52.998+0000] {extract.py:47} INFO - Fetching weather data for Mumbai (attempt 1/3)
[2026-04-21T05:57:53.188+0000] {logging_mixin.py:188} WARNING - 2026-04-21 05:57:53 - scripts.extract - INFO - Successfully fetched data for Mumbai
[2026-04-21T05:57:53.187+0000] {extract.py:53} INFO - Successfully fetched data for Mumbai
[2026-04-21T05:57:53.191+0000] {logging_mixin.py:188} WARNING - 2026-04-21 05:57:53 - scripts.extract - INFO - Fetching weather data for New York (attempt 1/3)
[2026-04-21T05:57:53.191+0000] {extract.py:47} INFO - Fetching weather data for New York (attempt 1/3)
[2026-04-21T05:57:53.337+0000] {logging_mixin.py:188} WARNING - 2026-04-21 05:57:53 - scripts.extract - INFO - Successfully fetched data for New York
[2026-04-21T05:57:53.336+0000] {extract.py:53} INFO - Successfully fetched data for New York
[2026-04-21T05:57:53.341+0000] {logging_mixin.py:188} WARNING - 2026-04-21 05:57:53 - scripts.extract - INFO - Fetching weather data for Palanpur (attempt 1/3)
[2026-04-21T05:57:53.340+0000] {extract.py:47} INFO - Fetching weather data for Palanpur (attempt 1/3)
[2026-04-21T05:57:53.534+0000] {logging_mixin.py:188} WARNING - 2026-04-21 05:57:53 - scripts.extract - INFO - Successfully fetched data for Palanpur
[2026-04-21T05:57:53.534+0000] {extract.py:53} INFO - Successfully fetched data for Palanpur
[2026-04-21T05:57:53.536+0000] {logging_mixin.py:188} WARNING - 2026-04-21 05:57:53 - scripts.extract - INFO - Extraction complete: 14 successful, 0 failed
[2026-04-21T05:57:53.536+0000] {extract.py:114} INFO - Extraction complete: 14 successful, 0 failed
[2026-04-21T05:57:53.538+0000] {logging_mixin.py:188} WARNING - 2026-04-21 05:57:53 - scripts.extract - INFO - Extracted 14 weather records
[2026-04-21T05:57:53.538+0000] {extract.py:131} INFO - Extracted 14 weather records
[2026-04-21T05:57:53.564+0000] {weather_etl_dag_v2.py:117} INFO - ✓ Extraction complete: 14 records for 14 cities in 2.64s
[2026-04-21T05:57:53.566+0000] {python.py:237} INFO - Done. Returned value was: 14
[2026-04-21T05:57:53.567+0000] {taskinstance.py:441} INFO - ::group::Post task execution logs
[2026-04-21T05:57:53.596+0000] {taskinstance.py:1206} INFO - Marking task as SUCCESS. dag_id=weather_etl_pipeline_v2, task_id=extract, run_id=scheduled__2026-04-20T02:00:00+00:00, execution_date=20260420T020000, start_date=20260421T055750, end_date=20260421T055753
[2026-04-21T05:57:53.651+0000] {local_task_job_runner.py:243} INFO - Task exited with return code 0
[2026-04-21T05:57:53.686+0000] {taskinstance.py:3503} INFO - 1 downstream tasks scheduled from follow-on schedule check
[2026-04-21T05:57:53.689+0000] {local_task_job_runner.py:222} INFO - ::endgroup::
