[2026-04-21T05:58:02.859+0000] {local_task_job_runner.py:120} INFO - ::group::Pre task execution logs
[2026-04-21T05:58:02.935+0000] {taskinstance.py:2076} INFO - Dependencies all met for dep_context=non-requeueable deps ti=<TaskInstance: weather_etl_pipeline_v2.update_metadata_success scheduled__2026-04-20T02:00:00+00:00 [queued]>
[2026-04-21T05:58:02.954+0000] {taskinstance.py:2076} INFO - Dependencies all met for dep_context=requeueable deps ti=<TaskInstance: weather_etl_pipeline_v2.update_metadata_success scheduled__2026-04-20T02:00:00+00:00 [queued]>
[2026-04-21T05:58:02.957+0000] {taskinstance.py:2306} INFO - Starting attempt 1 of 4
[2026-04-21T05:58:02.985+0000] {taskinstance.py:2330} INFO - Executing <Task(PythonOperator): update_metadata_success> on 2026-04-20 02:00:00+00:00
[2026-04-21T05:58:03.002+0000] {logging_mixin.py:188} WARNING - /home/airflow/.local/lib/python3.12/site-packages/airflow/task/task_runner/standard_task_runner.py:62 DeprecationWarning: This process (pid=205) is multi-threaded, use of fork() may lead to deadlocks in the child.
[2026-04-21T05:58:03.006+0000] {standard_task_runner.py:64} INFO - Started process 206 to run task
[2026-04-21T05:58:03.004+0000] {standard_task_runner.py:90} INFO - Running: ['airflow', 'tasks', 'run', 'weather_etl_pipeline_v2', 'update_metadata_success', 'scheduled__2026-04-20T02:00:00+00:00', '--job-id', '180', '--raw', '--subdir', 'DAGS_FOLDER/weather_etl_dag_v2.py', '--cfg-path', '/tmp/tmpyutv7312']
[2026-04-21T05:58:03.009+0000] {standard_task_runner.py:91} INFO - Job 180: Subtask update_metadata_success
[2026-04-21T05:58:03.101+0000] {task_command.py:426} INFO - Running <TaskInstance: weather_etl_pipeline_v2.update_metadata_success scheduled__2026-04-20T02:00:00+00:00 [running]> on host 0986b561c3e9
[2026-04-21T05:58:03.254+0000] {taskinstance.py:2648} INFO - Exporting env vars: AIRFLOW_CTX_DAG_OWNER='weather_etl' AIRFLOW_CTX_DAG_ID='weather_etl_pipeline_v2' AIRFLOW_CTX_TASK_ID='update_metadata_success' AIRFLOW_CTX_EXECUTION_DATE='2026-04-20T02:00:00+00:00' AIRFLOW_CTX_TRY_NUMBER='1' AIRFLOW_CTX_DAG_RUN_ID='scheduled__2026-04-20T02:00:00+00:00'
[2026-04-21T05:58:03.256+0000] {taskinstance.py:430} INFO - ::endgroup::
[2026-04-21T05:58:03.276+0000] {weather_etl_dag_v2.py:316} INFO - ============================================================
[2026-04-21T05:58:03.278+0000] {weather_etl_dag_v2.py:317} INFO - TASK: UPDATE_METADATA_SUCCESS — Recording successful pipeline run
[2026-04-21T05:58:03.281+0000] {weather_etl_dag_v2.py:318} INFO - ============================================================
[2026-04-21T05:58:03.406+0000] {logging_mixin.py:188} WARNING - 2026-04-21 05:58:03 - scripts.metadata_manager - INFO - Successfully connected to PostgreSQL database
[2026-04-21T05:58:03.402+0000] {metadata_manager.py:38} INFO - Successfully connected to PostgreSQL database
[2026-04-21T05:58:03.414+0000] {logging_mixin.py:188} WARNING - 2026-04-21 05:58:03 - scripts.metadata_manager - INFO - Table 'pipeline_metadata' created or already exists
[2026-04-21T05:58:03.414+0000] {metadata_manager.py:92} INFO - Table 'pipeline_metadata' created or already exists
[2026-04-21T05:58:03.422+0000] {logging_mixin.py:188} WARNING - 2026-04-21 05:58:03 - scripts.metadata_manager - INFO - Pipeline weather_etl_pipeline_v2 marked as SUCCESS: 14 processed, 212 inserted, 0 failed
[2026-04-21T05:58:03.421+0000] {metadata_manager.py:241} INFO - Pipeline weather_etl_pipeline_v2 marked as SUCCESS: 14 processed, 212 inserted, 0 failed
[2026-04-21T05:58:03.426+0000] {logging_mixin.py:188} WARNING - 2026-04-21 05:58:03 - scripts.metadata_manager - INFO - Database connection closed
[2026-04-21T05:58:03.424+0000] {metadata_manager.py:53} INFO - Database connection closed
[2026-04-21T05:58:03.430+0000] {weather_etl_dag_v2.py:338} INFO - ✓ Pipeline marked as SUCCESS
[2026-04-21T05:58:03.432+0000] {weather_etl_dag_v2.py:339} INFO -   Records extracted  : 14
[2026-04-21T05:58:03.434+0000] {weather_etl_dag_v2.py:340} INFO -   Records inserted   : 212
[2026-04-21T05:58:03.435+0000] {weather_etl_dag_v2.py:341} INFO -   Records failed     : 0
[2026-04-21T05:58:03.439+0000] {weather_etl_dag_v2.py:342} INFO -   Validation rate    : 100.0%
[2026-04-21T05:58:03.442+0000] {weather_etl_dag_v2.py:343} INFO -   Agg rows upserted  : 14
[2026-04-21T05:58:03.443+0000] {python.py:237} INFO - Done. Returned value was: True
[2026-04-21T05:58:03.444+0000] {taskinstance.py:441} INFO - ::group::Post task execution logs
[2026-04-21T05:58:03.482+0000] {taskinstance.py:1206} INFO - Marking task as SUCCESS. dag_id=weather_etl_pipeline_v2, task_id=update_metadata_success, run_id=scheduled__2026-04-20T02:00:00+00:00, execution_date=20260420T020000, start_date=20260421T055802, end_date=20260421T055803
[2026-04-21T05:58:03.545+0000] {local_task_job_runner.py:243} INFO - Task exited with return code 0
[2026-04-21T05:58:03.569+0000] {taskinstance.py:3503} INFO - 0 downstream tasks scheduled from follow-on schedule check
[2026-04-21T05:58:03.572+0000] {local_task_job_runner.py:222} INFO - ::endgroup::
