[2026-04-11T11:42:55.041+0000] {local_task_job_runner.py:120} INFO - ::group::Pre task execution logs
[2026-04-11T11:42:55.125+0000] {taskinstance.py:2076} INFO - Dependencies all met for dep_context=non-requeueable deps ti=<TaskInstance: weather_etl_pipeline_v2.transform_clean manual__2026-04-11T11:42:45+00:00 [queued]>
[2026-04-11T11:42:55.149+0000] {taskinstance.py:2076} INFO - Dependencies all met for dep_context=requeueable deps ti=<TaskInstance: weather_etl_pipeline_v2.transform_clean manual__2026-04-11T11:42:45+00:00 [queued]>
[2026-04-11T11:42:55.153+0000] {taskinstance.py:2306} INFO - Starting attempt 1 of 4
[2026-04-11T11:42:55.184+0000] {taskinstance.py:2330} INFO - Executing <Task(PythonOperator): transform_clean> on 2026-04-11 11:42:45+00:00
[2026-04-11T11:42:55.200+0000] {standard_task_runner.py:90} INFO - Running: ['airflow', 'tasks', 'run', 'weather_etl_pipeline_v2', 'transform_clean', 'manual__2026-04-11T11:42:45+00:00', '--job-id', '132', '--raw', '--subdir', 'DAGS_FOLDER/weather_etl_dag_v2.py', '--cfg-path', '/tmp/tmpccg1x43i']
[2026-04-11T11:42:55.206+0000] {logging_mixin.py:188} WARNING - /home/airflow/.local/lib/python3.12/site-packages/airflow/task/task_runner/standard_task_runner.py:62 DeprecationWarning: This process (pid=184) is multi-threaded, use of fork() may lead to deadlocks in the child.
[2026-04-11T11:42:55.207+0000] {standard_task_runner.py:91} INFO - Job 132: Subtask transform_clean
[2026-04-11T11:42:55.208+0000] {standard_task_runner.py:64} INFO - Started process 185 to run task
[2026-04-11T11:42:55.322+0000] {task_command.py:426} INFO - Running <TaskInstance: weather_etl_pipeline_v2.transform_clean manual__2026-04-11T11:42:45+00:00 [running]> on host 9514c60f7b76
[2026-04-11T11:42:55.501+0000] {taskinstance.py:2648} INFO - Exporting env vars: AIRFLOW_CTX_DAG_OWNER='weather_etl' AIRFLOW_CTX_DAG_ID='weather_etl_pipeline_v2' AIRFLOW_CTX_TASK_ID='transform_clean' AIRFLOW_CTX_EXECUTION_DATE='2026-04-11T11:42:45+00:00' AIRFLOW_CTX_TRY_NUMBER='1' AIRFLOW_CTX_DAG_RUN_ID='manual__2026-04-11T11:42:45+00:00'
[2026-04-11T11:42:55.503+0000] {taskinstance.py:430} INFO - ::endgroup::
[2026-04-11T11:42:55.519+0000] {weather_etl_dag_v2.py:123} INFO - ============================================================
[2026-04-11T11:42:55.520+0000] {weather_etl_dag_v2.py:124} INFO - TASK: TRANSFORM_CLEAN - Transform and load clean data
[2026-04-11T11:42:55.522+0000] {weather_etl_dag_v2.py:125} INFO - ============================================================
[2026-04-11T11:42:55.545+0000] {logging_mixin.py:188} WARNING - 2026-04-11 11:42:55 - scripts.load_raw - INFO - Successfully connected to PostgreSQL database
[2026-04-11T11:42:55.544+0000] {load_raw.py:38} INFO - Successfully connected to PostgreSQL database
[2026-04-11T11:42:55.551+0000] {logging_mixin.py:188} WARNING - 2026-04-11 11:42:55 - scripts.load_raw - INFO - Retrieved 35 unprocessed raw records
[2026-04-11T11:42:55.550+0000] {load_raw.py:206} INFO - Retrieved 35 unprocessed raw records
[2026-04-11T11:42:55.554+0000] {logging_mixin.py:188} WARNING - 2026-04-11 11:42:55 - scripts.load_raw - INFO - Database connection closed
[2026-04-11T11:42:55.553+0000] {load_raw.py:53} INFO - Database connection closed
[2026-04-11T11:42:55.556+0000] {logging_mixin.py:188} WARNING - 2026-04-11 11:42:55 - scripts.load_clean - INFO - Starting transformation and load for 35 raw records
[2026-04-11T11:42:55.555+0000] {load_clean.py:162} INFO - Starting transformation and load for 35 raw records
[2026-04-11T11:42:55.566+0000] {logging_mixin.py:188} WARNING - 2026-04-11 11:42:55 - scripts.load_clean - INFO - Successfully connected to PostgreSQL database
[2026-04-11T11:42:55.565+0000] {load_clean.py:41} INFO - Successfully connected to PostgreSQL database
[2026-04-11T11:42:55.570+0000] {logging_mixin.py:188} WARNING - 2026-04-11 11:42:55 - scripts.load_clean - INFO - Table 'weather_clean' created or already exists
[2026-04-11T11:42:55.570+0000] {load_clean.py:91} INFO - Table 'weather_clean' created or already exists
[2026-04-11T11:42:55.576+0000] {logging_mixin.py:188} WARNING - 2026-04-11 11:42:55 - scripts.load_clean - INFO - Inserted record for Ahmedabad
[2026-04-11T11:42:55.575+0000] {load_clean.py:142} INFO - Inserted record for Ahmedabad
[2026-04-11T11:42:55.580+0000] {logging_mixin.py:188} WARNING - 2026-04-11 11:42:55 - scripts.load_clean - INFO - Inserted record for Mumbai
[2026-04-11T11:42:55.579+0000] {load_clean.py:142} INFO - Inserted record for Mumbai
[2026-04-11T11:42:55.583+0000] {logging_mixin.py:188} WARNING - 2026-04-11 11:42:55 - scripts.load_clean - INFO - Inserted record for Delhi
[2026-04-11T11:42:55.583+0000] {load_clean.py:142} INFO - Inserted record for Delhi
[2026-04-11T11:42:55.587+0000] {logging_mixin.py:188} WARNING - 2026-04-11 11:42:55 - scripts.load_clean - INFO - Inserted record for Bengaluru
[2026-04-11T11:42:55.586+0000] {load_clean.py:142} INFO - Inserted record for Bengaluru
[2026-04-11T11:42:55.592+0000] {logging_mixin.py:188} WARNING - 2026-04-11 11:42:55 - scripts.load_clean - INFO - Inserted record for Chennai
[2026-04-11T11:42:55.591+0000] {load_clean.py:142} INFO - Inserted record for Chennai
[2026-04-11T11:42:55.596+0000] {logging_mixin.py:188} WARNING - 2026-04-11 11:42:55 - scripts.load_clean - INFO - Inserted record for Ahmedabad
[2026-04-11T11:42:55.595+0000] {load_clean.py:142} INFO - Inserted record for Ahmedabad
[2026-04-11T11:42:55.599+0000] {logging_mixin.py:188} WARNING - 2026-04-11 11:42:55 - scripts.load_clean - INFO - Inserted record for Mumbai
[2026-04-11T11:42:55.598+0000] {load_clean.py:142} INFO - Inserted record for Mumbai
[2026-04-11T11:42:55.604+0000] {logging_mixin.py:188} WARNING - 2026-04-11 11:42:55 - scripts.load_clean - INFO - Inserted record for Delhi
[2026-04-11T11:42:55.603+0000] {load_clean.py:142} INFO - Inserted record for Delhi
[2026-04-11T11:42:55.608+0000] {logging_mixin.py:188} WARNING - 2026-04-11 11:42:55 - scripts.load_clean - INFO - Inserted record for Bengaluru
[2026-04-11T11:42:55.607+0000] {load_clean.py:142} INFO - Inserted record for Bengaluru
[2026-04-11T11:42:55.613+0000] {logging_mixin.py:188} WARNING - 2026-04-11 11:42:55 - scripts.load_clean - INFO - Inserted record for Chennai
[2026-04-11T11:42:55.611+0000] {load_clean.py:142} INFO - Inserted record for Chennai
[2026-04-11T11:42:55.617+0000] {logging_mixin.py:188} WARNING - 2026-04-11 11:42:55 - scripts.load_clean - INFO - Inserted record for Ahmedabad
[2026-04-11T11:42:55.616+0000] {load_clean.py:142} INFO - Inserted record for Ahmedabad
[2026-04-11T11:42:55.621+0000] {logging_mixin.py:188} WARNING - 2026-04-11 11:42:55 - scripts.load_clean - INFO - Inserted record for Mumbai
[2026-04-11T11:42:55.620+0000] {load_clean.py:142} INFO - Inserted record for Mumbai
[2026-04-11T11:42:55.626+0000] {logging_mixin.py:188} WARNING - 2026-04-11 11:42:55 - scripts.load_clean - INFO - Inserted record for Delhi
[2026-04-11T11:42:55.625+0000] {load_clean.py:142} INFO - Inserted record for Delhi
[2026-04-11T11:42:55.630+0000] {logging_mixin.py:188} WARNING - 2026-04-11 11:42:55 - scripts.load_clean - INFO - Inserted record for Bengaluru
[2026-04-11T11:42:55.629+0000] {load_clean.py:142} INFO - Inserted record for Bengaluru
[2026-04-11T11:42:55.633+0000] {logging_mixin.py:188} WARNING - 2026-04-11 11:42:55 - scripts.load_clean - INFO - Inserted record for Chennai
[2026-04-11T11:42:55.632+0000] {load_clean.py:142} INFO - Inserted record for Chennai
[2026-04-11T11:42:55.636+0000] {logging_mixin.py:188} WARNING - 2026-04-11 11:42:55 - scripts.load_clean - INFO - Inserted record for Ahmedabad
[2026-04-11T11:42:55.636+0000] {load_clean.py:142} INFO - Inserted record for Ahmedabad
[2026-04-11T11:42:55.639+0000] {logging_mixin.py:188} WARNING - 2026-04-11 11:42:55 - scripts.load_clean - INFO - Inserted record for Mumbai
[2026-04-11T11:42:55.639+0000] {load_clean.py:142} INFO - Inserted record for Mumbai
[2026-04-11T11:42:55.642+0000] {logging_mixin.py:188} WARNING - 2026-04-11 11:42:55 - scripts.load_clean - INFO - Inserted record for Delhi
[2026-04-11T11:42:55.641+0000] {load_clean.py:142} INFO - Inserted record for Delhi
[2026-04-11T11:42:55.644+0000] {logging_mixin.py:188} WARNING - 2026-04-11 11:42:55 - scripts.load_clean - INFO - Inserted record for Bengaluru
[2026-04-11T11:42:55.644+0000] {load_clean.py:142} INFO - Inserted record for Bengaluru
[2026-04-11T11:42:55.648+0000] {logging_mixin.py:188} WARNING - 2026-04-11 11:42:55 - scripts.load_clean - INFO - Inserted record for Chennai
[2026-04-11T11:42:55.647+0000] {load_clean.py:142} INFO - Inserted record for Chennai
[2026-04-11T11:42:55.652+0000] {logging_mixin.py:188} WARNING - 2026-04-11 11:42:55 - scripts.load_clean - INFO - Inserted record for Ahmedabad
[2026-04-11T11:42:55.651+0000] {load_clean.py:142} INFO - Inserted record for Ahmedabad
[2026-04-11T11:42:55.654+0000] {logging_mixin.py:188} WARNING - 2026-04-11 11:42:55 - scripts.load_clean - INFO - Inserted record for Mumbai
[2026-04-11T11:42:55.654+0000] {load_clean.py:142} INFO - Inserted record for Mumbai
[2026-04-11T11:42:55.657+0000] {logging_mixin.py:188} WARNING - 2026-04-11 11:42:55 - scripts.load_clean - INFO - Inserted record for Delhi
[2026-04-11T11:42:55.656+0000] {load_clean.py:142} INFO - Inserted record for Delhi
[2026-04-11T11:42:55.660+0000] {logging_mixin.py:188} WARNING - 2026-04-11 11:42:55 - scripts.load_clean - INFO - Inserted record for Bengaluru
[2026-04-11T11:42:55.659+0000] {load_clean.py:142} INFO - Inserted record for Bengaluru
[2026-04-11T11:42:55.663+0000] {logging_mixin.py:188} WARNING - 2026-04-11 11:42:55 - scripts.load_clean - INFO - Inserted record for Chennai
[2026-04-11T11:42:55.662+0000] {load_clean.py:142} INFO - Inserted record for Chennai
[2026-04-11T11:42:55.667+0000] {logging_mixin.py:188} WARNING - 2026-04-11 11:42:55 - scripts.load_clean - INFO - Inserted record for Ahmedabad
[2026-04-11T11:42:55.666+0000] {load_clean.py:142} INFO - Inserted record for Ahmedabad
[2026-04-11T11:42:55.672+0000] {logging_mixin.py:188} WARNING - 2026-04-11 11:42:55 - scripts.load_clean - INFO - Inserted record for Mumbai
[2026-04-11T11:42:55.671+0000] {load_clean.py:142} INFO - Inserted record for Mumbai
[2026-04-11T11:42:55.675+0000] {logging_mixin.py:188} WARNING - 2026-04-11 11:42:55 - scripts.load_clean - INFO - Inserted record for Delhi
[2026-04-11T11:42:55.675+0000] {load_clean.py:142} INFO - Inserted record for Delhi
[2026-04-11T11:42:55.678+0000] {logging_mixin.py:188} WARNING - 2026-04-11 11:42:55 - scripts.load_clean - INFO - Inserted record for Bengaluru
[2026-04-11T11:42:55.677+0000] {load_clean.py:142} INFO - Inserted record for Bengaluru
[2026-04-11T11:42:55.681+0000] {logging_mixin.py:188} WARNING - 2026-04-11 11:42:55 - scripts.load_clean - INFO - Inserted record for Chennai
[2026-04-11T11:42:55.680+0000] {load_clean.py:142} INFO - Inserted record for Chennai
[2026-04-11T11:42:55.685+0000] {logging_mixin.py:188} WARNING - 2026-04-11 11:42:55 - scripts.load_clean - INFO - Inserted record for Ahmedabad
[2026-04-11T11:42:55.684+0000] {load_clean.py:142} INFO - Inserted record for Ahmedabad
[2026-04-11T11:42:55.688+0000] {logging_mixin.py:188} WARNING - 2026-04-11 11:42:55 - scripts.load_clean - INFO - Inserted record for Mumbai
[2026-04-11T11:42:55.687+0000] {load_clean.py:142} INFO - Inserted record for Mumbai
[2026-04-11T11:42:55.692+0000] {logging_mixin.py:188} WARNING - 2026-04-11 11:42:55 - scripts.load_clean - INFO - Inserted record for Delhi
[2026-04-11T11:42:55.691+0000] {load_clean.py:142} INFO - Inserted record for Delhi
[2026-04-11T11:42:55.696+0000] {logging_mixin.py:188} WARNING - 2026-04-11 11:42:55 - scripts.load_clean - INFO - Inserted record for Bengaluru
[2026-04-11T11:42:55.695+0000] {load_clean.py:142} INFO - Inserted record for Bengaluru
[2026-04-11T11:42:55.701+0000] {logging_mixin.py:188} WARNING - 2026-04-11 11:42:55 - scripts.load_clean - INFO - Inserted record for Chennai
[2026-04-11T11:42:55.700+0000] {load_clean.py:142} INFO - Inserted record for Chennai
[2026-04-11T11:42:55.712+0000] {logging_mixin.py:188} WARNING - 2026-04-11 11:42:55 - scripts.load_clean - INFO - Marked 35 raw records as processed
[2026-04-11T11:42:55.711+0000] {load_clean.py:245} INFO - Marked 35 raw records as processed
[2026-04-11T11:42:55.715+0000] {logging_mixin.py:188} WARNING - 2026-04-11 11:42:55 - scripts.load_clean - INFO - Clean data load complete: 35 transformed, 35 validated, 35 loaded, 0 failed
[2026-04-11T11:42:55.714+0000] {load_clean.py:217} INFO - Clean data load complete: 35 transformed, 35 validated, 35 loaded, 0 failed
[2026-04-11T11:42:55.718+0000] {logging_mixin.py:188} WARNING - 2026-04-11 11:42:55 - scripts.load_clean - INFO - Database connection closed
[2026-04-11T11:42:55.717+0000] {load_clean.py:56} INFO - Database connection closed
[2026-04-11T11:42:55.720+0000] {weather_etl_dag_v2.py:141} INFO - ✓ Transform and load complete: 35 loaded, 0 failed
[2026-04-11T11:42:55.751+0000] {python.py:237} INFO - Done. Returned value was: 35
[2026-04-11T11:42:55.753+0000] {taskinstance.py:441} INFO - ::group::Post task execution logs
[2026-04-11T11:42:55.792+0000] {taskinstance.py:1206} INFO - Marking task as SUCCESS. dag_id=weather_etl_pipeline_v2, task_id=transform_clean, run_id=manual__2026-04-11T11:42:45+00:00, execution_date=20260411T114245, start_date=20260411T114255, end_date=20260411T114255
[2026-04-11T11:42:55.828+0000] {local_task_job_runner.py:243} INFO - Task exited with return code 0
[2026-04-11T11:42:55.875+0000] {taskinstance.py:3503} INFO - 1 downstream tasks scheduled from follow-on schedule check
[2026-04-11T11:42:55.881+0000] {local_task_job_runner.py:222} INFO - ::endgroup::
