[2026-04-16T12:00:23.968+0000] {local_task_job_runner.py:120} INFO - ::group::Pre task execution logs
[2026-04-16T12:00:24.011+0000] {taskinstance.py:2076} INFO - Dependencies all met for dep_context=non-requeueable deps ti=<TaskInstance: weather_etl_pipeline_v2.generate_run_id manual__2026-04-16T12:00:22.316960+00:00 [queued]>
[2026-04-16T12:00:24.020+0000] {taskinstance.py:2076} INFO - Dependencies all met for dep_context=requeueable deps ti=<TaskInstance: weather_etl_pipeline_v2.generate_run_id manual__2026-04-16T12:00:22.316960+00:00 [queued]>
[2026-04-16T12:00:24.022+0000] {taskinstance.py:2306} INFO - Starting attempt 1 of 4
[2026-04-16T12:00:24.036+0000] {taskinstance.py:2330} INFO - Executing <Task(PythonOperator): generate_run_id> on 2026-04-16 12:00:22.316960+00:00
[2026-04-16T12:00:24.043+0000] {logging_mixin.py:188} WARNING - /home/airflow/.local/lib/python3.12/site-packages/airflow/task/task_runner/standard_task_runner.py:62 DeprecationWarning: This process (pid=236) is multi-threaded, use of fork() may lead to deadlocks in the child.
[2026-04-16T12:00:24.045+0000] {standard_task_runner.py:64} INFO - Started process 244 to run task
[2026-04-16T12:00:24.043+0000] {standard_task_runner.py:90} INFO - Running: ['airflow', 'tasks', 'run', 'weather_etl_pipeline_v2', 'generate_run_id', 'manual__2026-04-16T12:00:22.316960+00:00', '--job-id', '83', '--raw', '--subdir', 'DAGS_FOLDER/weather_etl_dag_v2.py', '--cfg-path', '/tmp/tmpxjbztrwb']
[2026-04-16T12:00:24.046+0000] {standard_task_runner.py:91} INFO - Job 83: Subtask generate_run_id
[2026-04-16T12:00:24.107+0000] {task_command.py:426} INFO - Running <TaskInstance: weather_etl_pipeline_v2.generate_run_id manual__2026-04-16T12:00:22.316960+00:00 [running]> on host 88d0b309bcf7
[2026-04-16T12:00:24.229+0000] {taskinstance.py:2648} INFO - Exporting env vars: AIRFLOW_CTX_DAG_OWNER='weather_etl' AIRFLOW_CTX_DAG_ID='weather_etl_pipeline_v2' AIRFLOW_CTX_TASK_ID='generate_run_id' AIRFLOW_CTX_EXECUTION_DATE='2026-04-16T12:00:22.316960+00:00' AIRFLOW_CTX_TRY_NUMBER='1' AIRFLOW_CTX_DAG_RUN_ID='manual__2026-04-16T12:00:22.316960+00:00'
[2026-04-16T12:00:24.230+0000] {taskinstance.py:430} INFO - ::endgroup::
[2026-04-16T12:00:24.265+0000] {weather_etl_dag_v2.py:70} INFO - Generated run_id: scheduled_2026-04-16_120024
[2026-04-16T12:00:24.291+0000] {logging_mixin.py:188} WARNING - 2026-04-16 12:00:24 - scripts.metadata_manager - INFO - Successfully connected to PostgreSQL database
[2026-04-16T12:00:24.291+0000] {metadata_manager.py:38} INFO - Successfully connected to PostgreSQL database
[2026-04-16T12:00:24.297+0000] {logging_mixin.py:188} WARNING - 2026-04-16 12:00:24 - scripts.metadata_manager - INFO - Table 'pipeline_metadata' created or already exists
[2026-04-16T12:00:24.296+0000] {metadata_manager.py:92} INFO - Table 'pipeline_metadata' created or already exists
[2026-04-16T12:00:24.302+0000] {logging_mixin.py:188} WARNING - 2026-04-16 12:00:24 - scripts.metadata_manager - INFO - Pipeline weather_etl_pipeline_v2 marked as RUNNING with run_id: scheduled_2026-04-16_120024
[2026-04-16T12:00:24.302+0000] {metadata_manager.py:170} INFO - Pipeline weather_etl_pipeline_v2 marked as RUNNING with run_id: scheduled_2026-04-16_120024
[2026-04-16T12:00:24.304+0000] {logging_mixin.py:188} WARNING - 2026-04-16 12:00:24 - scripts.metadata_manager - INFO - Database connection closed
[2026-04-16T12:00:24.303+0000] {metadata_manager.py:53} INFO - Database connection closed
[2026-04-16T12:00:24.305+0000] {python.py:237} INFO - Done. Returned value was: scheduled_2026-04-16_120024
[2026-04-16T12:00:24.306+0000] {taskinstance.py:441} INFO - ::group::Post task execution logs
[2026-04-16T12:00:24.328+0000] {taskinstance.py:1206} INFO - Marking task as SUCCESS. dag_id=weather_etl_pipeline_v2, task_id=generate_run_id, run_id=manual__2026-04-16T12:00:22.316960+00:00, execution_date=20260416T120022, start_date=20260416T120024, end_date=20260416T120024
[2026-04-16T12:00:24.381+0000] {local_task_job_runner.py:243} INFO - Task exited with return code 0
[2026-04-16T12:00:24.412+0000] {taskinstance.py:3503} INFO - 1 downstream tasks scheduled from follow-on schedule check
[2026-04-16T12:00:24.414+0000] {local_task_job_runner.py:222} INFO - ::endgroup::
