[2026-04-10T13:04:12.988+0000] {local_task_job_runner.py:120} INFO - ::group::Pre task execution logs
[2026-04-10T13:04:13.030+0000] {taskinstance.py:2076} INFO - Dependencies all met for dep_context=non-requeueable deps ti=<TaskInstance: weather_etl_pipeline_v2.extract scheduled__2026-04-09T02:00:00+00:00 [queued]>
[2026-04-10T13:04:13.042+0000] {taskinstance.py:2076} INFO - Dependencies all met for dep_context=requeueable deps ti=<TaskInstance: weather_etl_pipeline_v2.extract scheduled__2026-04-09T02:00:00+00:00 [queued]>
[2026-04-10T13:04:13.043+0000] {taskinstance.py:2306} INFO - Starting attempt 1 of 4
[2026-04-10T13:04:13.057+0000] {taskinstance.py:2330} INFO - Executing <Task(PythonOperator): extract> on 2026-04-09 02:00:00+00:00
[2026-04-10T13:04:13.066+0000] {standard_task_runner.py:90} INFO - Running: ['airflow', 'tasks', 'run', 'weather_etl_pipeline_v2', 'extract', 'scheduled__2026-04-09T02:00:00+00:00', '--job-id', '38', '--raw', '--subdir', 'DAGS_FOLDER/weather_etl_dag_v2.py', '--cfg-path', '/tmp/tmp1ah86q1g']
[2026-04-10T13:04:13.070+0000] {logging_mixin.py:188} WARNING - /home/airflow/.local/lib/python3.12/site-packages/airflow/task/task_runner/standard_task_runner.py:62 DeprecationWarning: This process (pid=223) is multi-threaded, use of fork() may lead to deadlocks in the child.
[2026-04-10T13:04:13.071+0000] {standard_task_runner.py:91} INFO - Job 38: Subtask extract
[2026-04-10T13:04:13.072+0000] {standard_task_runner.py:64} INFO - Started process 225 to run task
[2026-04-10T13:04:13.146+0000] {task_command.py:426} INFO - Running <TaskInstance: weather_etl_pipeline_v2.extract scheduled__2026-04-09T02:00:00+00:00 [running]> on host 12571985e2d5
[2026-04-10T13:04:13.237+0000] {taskinstance.py:2648} INFO - Exporting env vars: AIRFLOW_CTX_DAG_OWNER='weather_etl' AIRFLOW_CTX_DAG_ID='weather_etl_pipeline_v2' AIRFLOW_CTX_TASK_ID='extract' AIRFLOW_CTX_EXECUTION_DATE='2026-04-09T02:00:00+00:00' AIRFLOW_CTX_TRY_NUMBER='1' AIRFLOW_CTX_DAG_RUN_ID='scheduled__2026-04-09T02:00:00+00:00'
[2026-04-10T13:04:13.239+0000] {taskinstance.py:430} INFO - ::endgroup::
[2026-04-10T13:04:13.254+0000] {weather_etl_dag_v2.py:66} INFO - ============================================================
[2026-04-10T13:04:13.256+0000] {weather_etl_dag_v2.py:67} INFO - TASK: EXTRACT - Fetching weather data from API
[2026-04-10T13:04:13.257+0000] {weather_etl_dag_v2.py:68} INFO - ============================================================
[2026-04-10T13:04:13.262+0000] {logging_mixin.py:188} WARNING - 2026-04-10 13:04:13 - scripts.extract - INFO - Starting extraction for cities: London, New York, Tokyo, Paris, Sydney
[2026-04-10T13:04:13.261+0000] {extract.py:126} INFO - Starting extraction for cities: London, New York, Tokyo, Paris, Sydney
[2026-04-10T13:04:13.264+0000] {logging_mixin.py:188} WARNING - 2026-04-10 13:04:13 - scripts.extract - INFO - Starting extraction for 5 cities
[2026-04-10T13:04:13.263+0000] {extract.py:96} INFO - Starting extraction for 5 cities
[2026-04-10T13:04:13.265+0000] {logging_mixin.py:188} WARNING - 2026-04-10 13:04:13 - scripts.extract - INFO - Fetching weather data for London (attempt 1/3)
[2026-04-10T13:04:13.265+0000] {extract.py:47} INFO - Fetching weather data for London (attempt 1/3)
[2026-04-10T13:04:13.605+0000] {logging_mixin.py:188} WARNING - 2026-04-10 13:04:13 - scripts.extract - INFO - Successfully fetched data for London
[2026-04-10T13:04:13.604+0000] {extract.py:53} INFO - Successfully fetched data for London
[2026-04-10T13:04:13.610+0000] {logging_mixin.py:188} WARNING - 2026-04-10 13:04:13 - scripts.extract - INFO - Fetching weather data for New York (attempt 1/3)
[2026-04-10T13:04:13.609+0000] {extract.py:47} INFO - Fetching weather data for New York (attempt 1/3)
[2026-04-10T13:04:13.783+0000] {logging_mixin.py:188} WARNING - 2026-04-10 13:04:13 - scripts.extract - INFO - Successfully fetched data for New York
[2026-04-10T13:04:13.783+0000] {extract.py:53} INFO - Successfully fetched data for New York
[2026-04-10T13:04:13.786+0000] {logging_mixin.py:188} WARNING - 2026-04-10 13:04:13 - scripts.extract - INFO - Fetching weather data for Tokyo (attempt 1/3)
[2026-04-10T13:04:13.785+0000] {extract.py:47} INFO - Fetching weather data for Tokyo (attempt 1/3)
[2026-04-10T13:04:13.924+0000] {logging_mixin.py:188} WARNING - 2026-04-10 13:04:13 - scripts.extract - INFO - Successfully fetched data for Tokyo
[2026-04-10T13:04:13.922+0000] {extract.py:53} INFO - Successfully fetched data for Tokyo
[2026-04-10T13:04:13.926+0000] {logging_mixin.py:188} WARNING - 2026-04-10 13:04:13 - scripts.extract - INFO - Fetching weather data for Paris (attempt 1/3)
[2026-04-10T13:04:13.926+0000] {extract.py:47} INFO - Fetching weather data for Paris (attempt 1/3)
[2026-04-10T13:04:14.077+0000] {logging_mixin.py:188} WARNING - 2026-04-10 13:04:14 - scripts.extract - INFO - Successfully fetched data for Paris
[2026-04-10T13:04:14.075+0000] {extract.py:53} INFO - Successfully fetched data for Paris
[2026-04-10T13:04:14.082+0000] {logging_mixin.py:188} WARNING - 2026-04-10 13:04:14 - scripts.extract - INFO - Fetching weather data for Sydney (attempt 1/3)
[2026-04-10T13:04:14.081+0000] {extract.py:47} INFO - Fetching weather data for Sydney (attempt 1/3)
[2026-04-10T13:04:14.237+0000] {logging_mixin.py:188} WARNING - 2026-04-10 13:04:14 - scripts.extract - INFO - Successfully fetched data for Sydney
[2026-04-10T13:04:14.236+0000] {extract.py:53} INFO - Successfully fetched data for Sydney
[2026-04-10T13:04:14.239+0000] {logging_mixin.py:188} WARNING - 2026-04-10 13:04:14 - scripts.extract - INFO - Extraction complete: 5 successful, 0 failed
[2026-04-10T13:04:14.238+0000] {extract.py:113} INFO - Extraction complete: 5 successful, 0 failed
[2026-04-10T13:04:14.242+0000] {logging_mixin.py:188} WARNING - 2026-04-10 13:04:14 - scripts.extract - INFO - Extracted 5 weather records
[2026-04-10T13:04:14.241+0000] {extract.py:130} INFO - Extracted 5 weather records
[2026-04-10T13:04:14.273+0000] {weather_etl_dag_v2.py:77} INFO - ✓ Extraction complete: 5 records fetched
[2026-04-10T13:04:14.277+0000] {python.py:237} INFO - Done. Returned value was: 5
[2026-04-10T13:04:14.277+0000] {taskinstance.py:441} INFO - ::group::Post task execution logs
[2026-04-10T13:04:14.311+0000] {taskinstance.py:1206} INFO - Marking task as SUCCESS. dag_id=weather_etl_pipeline_v2, task_id=extract, run_id=scheduled__2026-04-09T02:00:00+00:00, execution_date=20260409T020000, start_date=20260410T130413, end_date=20260410T130414
[2026-04-10T13:04:14.332+0000] {local_task_job_runner.py:243} INFO - Task exited with return code 0
[2026-04-10T13:04:14.370+0000] {taskinstance.py:3503} INFO - 1 downstream tasks scheduled from follow-on schedule check
[2026-04-10T13:04:14.373+0000] {local_task_job_runner.py:222} INFO - ::endgroup::
