[2026-04-20T06:15:12.177+0000] {local_task_job_runner.py:120} INFO - ::group::Pre task execution logs
[2026-04-20T06:15:12.233+0000] {taskinstance.py:2076} INFO - Dependencies all met for dep_context=non-requeueable deps ti=<TaskInstance: weather_etl_pipeline_v2.transform_clean scheduled__2026-04-19T02:00:00+00:00 [queued]>
[2026-04-20T06:15:12.256+0000] {taskinstance.py:2076} INFO - Dependencies all met for dep_context=requeueable deps ti=<TaskInstance: weather_etl_pipeline_v2.transform_clean scheduled__2026-04-19T02:00:00+00:00 [queued]>
[2026-04-20T06:15:12.259+0000] {taskinstance.py:2306} INFO - Starting attempt 1 of 3
[2026-04-20T06:15:12.289+0000] {taskinstance.py:2330} INFO - Executing <Task(PythonOperator): transform_clean> on 2026-04-19 02:00:00+00:00
[2026-04-20T06:15:12.303+0000] {logging_mixin.py:188} WARNING - /home/airflow/.local/lib/python3.12/site-packages/airflow/task/task_runner/standard_task_runner.py:62 DeprecationWarning: This process (pid=205) is multi-threaded, use of fork() may lead to deadlocks in the child.
[2026-04-20T06:15:12.302+0000] {standard_task_runner.py:90} INFO - Running: ['airflow', 'tasks', 'run', 'weather_etl_pipeline_v2', 'transform_clean', 'scheduled__2026-04-19T02:00:00+00:00', '--job-id', '155', '--raw', '--subdir', 'DAGS_FOLDER/weather_etl_dag_v2.py', '--cfg-path', '/tmp/tmp9ek2okv9']
[2026-04-20T06:15:12.306+0000] {standard_task_runner.py:64} INFO - Started process 206 to run task
[2026-04-20T06:15:12.308+0000] {standard_task_runner.py:91} INFO - Job 155: Subtask transform_clean
[2026-04-20T06:15:12.426+0000] {task_command.py:426} INFO - Running <TaskInstance: weather_etl_pipeline_v2.transform_clean scheduled__2026-04-19T02:00:00+00:00 [running]> on host 0986b561c3e9
[2026-04-20T06:15:12.585+0000] {taskinstance.py:2648} INFO - Exporting env vars: AIRFLOW_CTX_DAG_OWNER='weather_etl' AIRFLOW_CTX_DAG_ID='weather_etl_pipeline_v2' AIRFLOW_CTX_TASK_ID='transform_clean' AIRFLOW_CTX_EXECUTION_DATE='2026-04-19T02:00:00+00:00' AIRFLOW_CTX_TRY_NUMBER='1' AIRFLOW_CTX_DAG_RUN_ID='scheduled__2026-04-19T02:00:00+00:00'
[2026-04-20T06:15:12.587+0000] {taskinstance.py:430} INFO - ::endgroup::
[2026-04-20T06:15:12.605+0000] {weather_etl_dag_v2.py:174} INFO - ============================================================
[2026-04-20T06:15:12.607+0000] {weather_etl_dag_v2.py:175} INFO - TASK: TRANSFORM_CLEAN — Transform & load validated data
[2026-04-20T06:15:12.609+0000] {weather_etl_dag_v2.py:176} INFO - ============================================================
[2026-04-20T06:15:12.639+0000] {logging_mixin.py:188} WARNING - 2026-04-20 06:15:12 - scripts.load_raw - INFO - Successfully connected to PostgreSQL database
[2026-04-20T06:15:12.637+0000] {load_raw.py:38} INFO - Successfully connected to PostgreSQL database
[2026-04-20T06:15:12.662+0000] {logging_mixin.py:188} WARNING - 2026-04-20 06:15:12 - scripts.load_raw - INFO - Retrieved 171 unprocessed raw records (active only)
[2026-04-20T06:15:12.660+0000] {load_raw.py:233} INFO - Retrieved 171 unprocessed raw records (active only)
[2026-04-20T06:15:12.666+0000] {logging_mixin.py:188} WARNING - 2026-04-20 06:15:12 - scripts.load_raw - INFO - Database connection closed
[2026-04-20T06:15:12.665+0000] {load_raw.py:53} INFO - Database connection closed
[2026-04-20T06:15:12.670+0000] {logging_mixin.py:188} WARNING - 2026-04-20 06:15:12 - scripts.load_clean - INFO - Starting transformation and load for 171 raw records
[2026-04-20T06:15:12.669+0000] {load_clean.py:210} INFO - Starting transformation and load for 171 raw records
[2026-04-20T06:15:12.684+0000] {logging_mixin.py:188} WARNING - 2026-04-20 06:15:12 - scripts.load_clean - INFO - Successfully connected to PostgreSQL database
[2026-04-20T06:15:12.683+0000] {load_clean.py:41} INFO - Successfully connected to PostgreSQL database
[2026-04-20T06:15:12.691+0000] {logging_mixin.py:188} WARNING - 2026-04-20 06:15:12 - scripts.load_clean - INFO - Table 'weather_clean' created or already exists
[2026-04-20T06:15:12.689+0000] {load_clean.py:109} INFO - Table 'weather_clean' created or already exists
[2026-04-20T06:15:12.921+0000] {logging_mixin.py:188} WARNING - 2026-04-20 06:15:12 - scripts.load_clean - INFO - Marked 171 raw records as processed
[2026-04-20T06:15:12.920+0000] {load_clean.py:293} INFO - Marked 171 raw records as processed
[2026-04-20T06:15:12.923+0000] {logging_mixin.py:188} WARNING - 2026-04-20 06:15:12 - scripts.load_clean - INFO - Clean data load complete: 171 transformed, 171 validated, 171 loaded, 0 failed
[2026-04-20T06:15:12.923+0000] {load_clean.py:265} INFO - Clean data load complete: 171 transformed, 171 validated, 171 loaded, 0 failed
[2026-04-20T06:15:12.927+0000] {logging_mixin.py:188} WARNING - 2026-04-20 06:15:12 - scripts.load_clean - INFO - Database connection closed
[2026-04-20T06:15:12.926+0000] {load_clean.py:56} INFO - Database connection closed
[2026-04-20T06:15:12.957+0000] {weather_etl_dag_v2.py:190} INFO - ✓ Transform complete: 171 loaded, 0 failed (will be checked in quality_check)
[2026-04-20T06:15:12.965+0000] {python.py:237} INFO - Done. Returned value was: 171
[2026-04-20T06:15:12.967+0000] {taskinstance.py:441} INFO - ::group::Post task execution logs
[2026-04-20T06:15:13.008+0000] {taskinstance.py:1206} INFO - Marking task as SUCCESS. dag_id=weather_etl_pipeline_v2, task_id=transform_clean, run_id=scheduled__2026-04-19T02:00:00+00:00, execution_date=20260419T020000, start_date=20260420T061512, end_date=20260420T061513
[2026-04-20T06:15:13.050+0000] {local_task_job_runner.py:243} INFO - Task exited with return code 0
[2026-04-20T06:15:13.109+0000] {taskinstance.py:3503} INFO - 1 downstream tasks scheduled from follow-on schedule check
[2026-04-20T06:15:13.115+0000] {local_task_job_runner.py:222} INFO - ::endgroup::
