[2026-04-20T06:52:00.935+0000] {local_task_job_runner.py:120} INFO - ::group::Pre task execution logs
[2026-04-20T06:52:00.981+0000] {taskinstance.py:2076} INFO - Dependencies all met for dep_context=non-requeueable deps ti=<TaskInstance: weather_etl_pipeline_v2.update_metadata_success manual__2026-04-20T06:51:48.405706+00:00 [queued]>
[2026-04-20T06:52:01.000+0000] {taskinstance.py:2076} INFO - Dependencies all met for dep_context=requeueable deps ti=<TaskInstance: weather_etl_pipeline_v2.update_metadata_success manual__2026-04-20T06:51:48.405706+00:00 [queued]>
[2026-04-20T06:52:01.002+0000] {taskinstance.py:2306} INFO - Starting attempt 1 of 4
[2026-04-20T06:52:01.022+0000] {taskinstance.py:2330} INFO - Executing <Task(PythonOperator): update_metadata_success> on 2026-04-20 06:51:48.405706+00:00
[2026-04-20T06:52:01.034+0000] {logging_mixin.py:188} WARNING - /home/airflow/.local/lib/python3.12/site-packages/airflow/task/task_runner/standard_task_runner.py:62 DeprecationWarning: This process (pid=1404) is multi-threaded, use of fork() may lead to deadlocks in the child.
[2026-04-20T06:52:01.036+0000] {standard_task_runner.py:64} INFO - Started process 1405 to run task
[2026-04-20T06:52:01.035+0000] {standard_task_runner.py:90} INFO - Running: ['airflow', 'tasks', 'run', 'weather_etl_pipeline_v2', 'update_metadata_success', 'manual__2026-04-20T06:51:48.405706+00:00', '--job-id', '165', '--raw', '--subdir', 'DAGS_FOLDER/weather_etl_dag_v2.py', '--cfg-path', '/tmp/tmpinb6c6d5']
[2026-04-20T06:52:01.040+0000] {standard_task_runner.py:91} INFO - Job 165: Subtask update_metadata_success
[2026-04-20T06:52:01.136+0000] {task_command.py:426} INFO - Running <TaskInstance: weather_etl_pipeline_v2.update_metadata_success manual__2026-04-20T06:51:48.405706+00:00 [running]> on host 0986b561c3e9
[2026-04-20T06:52:01.265+0000] {taskinstance.py:2648} INFO - Exporting env vars: AIRFLOW_CTX_DAG_OWNER='weather_etl' AIRFLOW_CTX_DAG_ID='weather_etl_pipeline_v2' AIRFLOW_CTX_TASK_ID='update_metadata_success' AIRFLOW_CTX_EXECUTION_DATE='2026-04-20T06:51:48.405706+00:00' AIRFLOW_CTX_TRY_NUMBER='1' AIRFLOW_CTX_DAG_RUN_ID='manual__2026-04-20T06:51:48.405706+00:00'
[2026-04-20T06:52:01.267+0000] {taskinstance.py:430} INFO - ::endgroup::
[2026-04-20T06:52:01.288+0000] {weather_etl_dag_v2.py:316} INFO - ============================================================
[2026-04-20T06:52:01.290+0000] {weather_etl_dag_v2.py:317} INFO - TASK: UPDATE_METADATA_SUCCESS — Recording successful pipeline run
[2026-04-20T06:52:01.291+0000] {weather_etl_dag_v2.py:318} INFO - ============================================================
[2026-04-20T06:52:01.382+0000] {logging_mixin.py:188} WARNING - 2026-04-20 06:52:01 - scripts.metadata_manager - INFO - Successfully connected to PostgreSQL database
[2026-04-20T06:52:01.381+0000] {metadata_manager.py:38} INFO - Successfully connected to PostgreSQL database
[2026-04-20T06:52:01.390+0000] {logging_mixin.py:188} WARNING - 2026-04-20 06:52:01 - scripts.metadata_manager - INFO - Table 'pipeline_metadata' created or already exists
[2026-04-20T06:52:01.389+0000] {metadata_manager.py:92} INFO - Table 'pipeline_metadata' created or already exists
[2026-04-20T06:52:01.397+0000] {logging_mixin.py:188} WARNING - 2026-04-20 06:52:01 - scripts.metadata_manager - INFO - Pipeline weather_etl_pipeline_v2 marked as SUCCESS: 13 processed, 184 inserted, 0 failed
[2026-04-20T06:52:01.396+0000] {metadata_manager.py:241} INFO - Pipeline weather_etl_pipeline_v2 marked as SUCCESS: 13 processed, 184 inserted, 0 failed
[2026-04-20T06:52:01.401+0000] {logging_mixin.py:188} WARNING - 2026-04-20 06:52:01 - scripts.metadata_manager - INFO - Database connection closed
[2026-04-20T06:52:01.400+0000] {metadata_manager.py:53} INFO - Database connection closed
[2026-04-20T06:52:01.402+0000] {weather_etl_dag_v2.py:338} INFO - ✓ Pipeline marked as SUCCESS
[2026-04-20T06:52:01.405+0000] {weather_etl_dag_v2.py:339} INFO -   Records extracted  : 13
[2026-04-20T06:52:01.408+0000] {weather_etl_dag_v2.py:340} INFO -   Records inserted   : 184
[2026-04-20T06:52:01.409+0000] {weather_etl_dag_v2.py:341} INFO -   Records failed     : 0
[2026-04-20T06:52:01.412+0000] {weather_etl_dag_v2.py:342} INFO -   Validation rate    : 100.0%
[2026-04-20T06:52:01.414+0000] {weather_etl_dag_v2.py:343} INFO -   Agg rows upserted  : 0
[2026-04-20T06:52:01.416+0000] {python.py:237} INFO - Done. Returned value was: True
[2026-04-20T06:52:01.417+0000] {taskinstance.py:441} INFO - ::group::Post task execution logs
[2026-04-20T06:52:01.453+0000] {taskinstance.py:1206} INFO - Marking task as SUCCESS. dag_id=weather_etl_pipeline_v2, task_id=update_metadata_success, run_id=manual__2026-04-20T06:51:48.405706+00:00, execution_date=20260420T065148, start_date=20260420T065200, end_date=20260420T065201
[2026-04-20T06:52:01.496+0000] {local_task_job_runner.py:243} INFO - Task exited with return code 0
[2026-04-20T06:52:01.538+0000] {taskinstance.py:3503} INFO - 0 downstream tasks scheduled from follow-on schedule check
[2026-04-20T06:52:01.542+0000] {local_task_job_runner.py:222} INFO - ::endgroup::
