[2026-04-15T06:08:25.859+0000] {local_task_job_runner.py:120} INFO - ::group::Pre task execution logs
[2026-04-15T06:08:25.913+0000] {taskinstance.py:2076} INFO - Dependencies all met for dep_context=non-requeueable deps ti=<TaskInstance: weather_etl_pipeline_v2.extract manual__2026-04-15T06:08:23.565014+00:00 [queued]>
[2026-04-15T06:08:25.933+0000] {taskinstance.py:2076} INFO - Dependencies all met for dep_context=requeueable deps ti=<TaskInstance: weather_etl_pipeline_v2.extract manual__2026-04-15T06:08:23.565014+00:00 [queued]>
[2026-04-15T06:08:25.935+0000] {taskinstance.py:2306} INFO - Starting attempt 1 of 4
[2026-04-15T06:08:25.965+0000] {taskinstance.py:2330} INFO - Executing <Task(PythonOperator): extract> on 2026-04-15 06:08:23.565014+00:00
[2026-04-15T06:08:25.993+0000] {standard_task_runner.py:90} INFO - Running: ['airflow', 'tasks', 'run', 'weather_etl_pipeline_v2', 'extract', 'manual__2026-04-15T06:08:23.565014+00:00', '--job-id', '245', '--raw', '--subdir', 'DAGS_FOLDER/weather_etl_dag_v2.py', '--cfg-path', '/tmp/tmpl1ahy1n7']
[2026-04-15T06:08:26.005+0000] {standard_task_runner.py:91} INFO - Job 245: Subtask extract
[2026-04-15T06:08:26.009+0000] {logging_mixin.py:188} WARNING - /home/airflow/.local/lib/python3.12/site-packages/airflow/task/task_runner/standard_task_runner.py:62 DeprecationWarning: This process (pid=614) is multi-threaded, use of fork() may lead to deadlocks in the child.
[2026-04-15T06:08:26.010+0000] {standard_task_runner.py:64} INFO - Started process 615 to run task
[2026-04-15T06:08:26.084+0000] {task_command.py:426} INFO - Running <TaskInstance: weather_etl_pipeline_v2.extract manual__2026-04-15T06:08:23.565014+00:00 [running]> on host 157a7326b030
[2026-04-15T06:08:26.219+0000] {taskinstance.py:2648} INFO - Exporting env vars: AIRFLOW_CTX_DAG_OWNER='weather_etl' AIRFLOW_CTX_DAG_ID='weather_etl_pipeline_v2' AIRFLOW_CTX_TASK_ID='extract' AIRFLOW_CTX_EXECUTION_DATE='2026-04-15T06:08:23.565014+00:00' AIRFLOW_CTX_TRY_NUMBER='1' AIRFLOW_CTX_DAG_RUN_ID='manual__2026-04-15T06:08:23.565014+00:00'
[2026-04-15T06:08:26.220+0000] {taskinstance.py:430} INFO - ::endgroup::
[2026-04-15T06:08:26.236+0000] {weather_etl_dag_v2.py:66} INFO - ============================================================
[2026-04-15T06:08:26.238+0000] {weather_etl_dag_v2.py:67} INFO - TASK: EXTRACT - Fetching weather data from API
[2026-04-15T06:08:26.239+0000] {weather_etl_dag_v2.py:68} INFO - ============================================================
[2026-04-15T06:08:26.246+0000] {weather_etl_dag_v2.py:91} INFO - Fetched 6 cities from database: ['Ahmedabad', 'Amsterdam', 'Chicago', 'Mumbai', 'New York', 'Surat']
[2026-04-15T06:08:26.252+0000] {logging_mixin.py:188} WARNING - 2026-04-15 06:08:26 - scripts.extract - INFO - Starting extraction for cities: Ahmedabad, Amsterdam, Chicago, Mumbai, New York, Surat
[2026-04-15T06:08:26.251+0000] {extract.py:126} INFO - Starting extraction for cities: Ahmedabad, Amsterdam, Chicago, Mumbai, New York, Surat
[2026-04-15T06:08:26.254+0000] {logging_mixin.py:188} WARNING - 2026-04-15 06:08:26 - scripts.extract - INFO - Starting extraction for 6 cities
[2026-04-15T06:08:26.253+0000] {extract.py:96} INFO - Starting extraction for 6 cities
[2026-04-15T06:08:26.256+0000] {logging_mixin.py:188} WARNING - 2026-04-15 06:08:26 - scripts.extract - INFO - Fetching weather data for Ahmedabad (attempt 1/3)
[2026-04-15T06:08:26.255+0000] {extract.py:47} INFO - Fetching weather data for Ahmedabad (attempt 1/3)
[2026-04-15T06:08:26.538+0000] {logging_mixin.py:188} WARNING - 2026-04-15 06:08:26 - scripts.extract - INFO - Successfully fetched data for Ahmedabad
[2026-04-15T06:08:26.537+0000] {extract.py:53} INFO - Successfully fetched data for Ahmedabad
[2026-04-15T06:08:26.542+0000] {logging_mixin.py:188} WARNING - 2026-04-15 06:08:26 - scripts.extract - INFO - Fetching weather data for Amsterdam (attempt 1/3)
[2026-04-15T06:08:26.541+0000] {extract.py:47} INFO - Fetching weather data for Amsterdam (attempt 1/3)
[2026-04-15T06:08:26.709+0000] {logging_mixin.py:188} WARNING - 2026-04-15 06:08:26 - scripts.extract - INFO - Successfully fetched data for Amsterdam
[2026-04-15T06:08:26.708+0000] {extract.py:53} INFO - Successfully fetched data for Amsterdam
[2026-04-15T06:08:26.712+0000] {logging_mixin.py:188} WARNING - 2026-04-15 06:08:26 - scripts.extract - INFO - Fetching weather data for Chicago (attempt 1/3)
[2026-04-15T06:08:26.711+0000] {extract.py:47} INFO - Fetching weather data for Chicago (attempt 1/3)
[2026-04-15T06:08:26.977+0000] {logging_mixin.py:188} WARNING - 2026-04-15 06:08:26 - scripts.extract - INFO - Successfully fetched data for Chicago
[2026-04-15T06:08:26.976+0000] {extract.py:53} INFO - Successfully fetched data for Chicago
[2026-04-15T06:08:26.980+0000] {logging_mixin.py:188} WARNING - 2026-04-15 06:08:26 - scripts.extract - INFO - Fetching weather data for Mumbai (attempt 1/3)
[2026-04-15T06:08:26.979+0000] {extract.py:47} INFO - Fetching weather data for Mumbai (attempt 1/3)
[2026-04-15T06:08:27.113+0000] {logging_mixin.py:188} WARNING - 2026-04-15 06:08:27 - scripts.extract - INFO - Successfully fetched data for Mumbai
[2026-04-15T06:08:27.112+0000] {extract.py:53} INFO - Successfully fetched data for Mumbai
[2026-04-15T06:08:27.117+0000] {logging_mixin.py:188} WARNING - 2026-04-15 06:08:27 - scripts.extract - INFO - Fetching weather data for New York (attempt 1/3)
[2026-04-15T06:08:27.115+0000] {extract.py:47} INFO - Fetching weather data for New York (attempt 1/3)
[2026-04-15T06:08:27.278+0000] {logging_mixin.py:188} WARNING - 2026-04-15 06:08:27 - scripts.extract - INFO - Successfully fetched data for New York
[2026-04-15T06:08:27.277+0000] {extract.py:53} INFO - Successfully fetched data for New York
[2026-04-15T06:08:27.284+0000] {logging_mixin.py:188} WARNING - 2026-04-15 06:08:27 - scripts.extract - INFO - Fetching weather data for Surat (attempt 1/3)
[2026-04-15T06:08:27.283+0000] {extract.py:47} INFO - Fetching weather data for Surat (attempt 1/3)
[2026-04-15T06:08:27.749+0000] {logging_mixin.py:188} WARNING - 2026-04-15 06:08:27 - scripts.extract - INFO - Successfully fetched data for Surat
[2026-04-15T06:08:27.748+0000] {extract.py:53} INFO - Successfully fetched data for Surat
[2026-04-15T06:08:27.752+0000] {logging_mixin.py:188} WARNING - 2026-04-15 06:08:27 - scripts.extract - INFO - Extraction complete: 6 successful, 0 failed
[2026-04-15T06:08:27.751+0000] {extract.py:113} INFO - Extraction complete: 6 successful, 0 failed
[2026-04-15T06:08:27.755+0000] {logging_mixin.py:188} WARNING - 2026-04-15 06:08:27 - scripts.extract - INFO - Extracted 6 weather records
[2026-04-15T06:08:27.754+0000] {extract.py:130} INFO - Extracted 6 weather records
[2026-04-15T06:08:27.780+0000] {weather_etl_dag_v2.py:102} INFO - ✓ Extraction complete: 6 records fetched
[2026-04-15T06:08:27.785+0000] {python.py:237} INFO - Done. Returned value was: 6
[2026-04-15T06:08:27.787+0000] {taskinstance.py:441} INFO - ::group::Post task execution logs
[2026-04-15T06:08:27.822+0000] {taskinstance.py:1206} INFO - Marking task as SUCCESS. dag_id=weather_etl_pipeline_v2, task_id=extract, run_id=manual__2026-04-15T06:08:23.565014+00:00, execution_date=20260415T060823, start_date=20260415T060825, end_date=20260415T060827
[2026-04-15T06:08:27.879+0000] {local_task_job_runner.py:243} INFO - Task exited with return code 0
[2026-04-15T06:08:27.933+0000] {taskinstance.py:3503} INFO - 1 downstream tasks scheduled from follow-on schedule check
[2026-04-15T06:08:27.939+0000] {local_task_job_runner.py:222} INFO - ::endgroup::
