[2026-04-17T05:33:35.308+0000] {local_task_job_runner.py:120} INFO - ::group::Pre task execution logs
[2026-04-17T05:33:35.374+0000] {taskinstance.py:2076} INFO - Dependencies all met for dep_context=non-requeueable deps ti=<TaskInstance: weather_etl_pipeline_v2.transform_clean manual__2026-04-17T05:33:25.340887+00:00 [queued]>
[2026-04-17T05:33:35.393+0000] {taskinstance.py:2076} INFO - Dependencies all met for dep_context=requeueable deps ti=<TaskInstance: weather_etl_pipeline_v2.transform_clean manual__2026-04-17T05:33:25.340887+00:00 [queued]>
[2026-04-17T05:33:35.395+0000] {taskinstance.py:2306} INFO - Starting attempt 1 of 3
[2026-04-17T05:33:35.434+0000] {taskinstance.py:2330} INFO - Executing <Task(PythonOperator): transform_clean> on 2026-04-17 05:33:25.340887+00:00
[2026-04-17T05:33:35.447+0000] {logging_mixin.py:188} WARNING - /home/airflow/.local/lib/python3.12/site-packages/airflow/task/task_runner/standard_task_runner.py:62 DeprecationWarning: This process (pid=1247) is multi-threaded, use of fork() may lead to deadlocks in the child.
[2026-04-17T05:33:35.446+0000] {standard_task_runner.py:90} INFO - Running: ['airflow', 'tasks', 'run', 'weather_etl_pipeline_v2', 'transform_clean', 'manual__2026-04-17T05:33:25.340887+00:00', '--job-id', '132', '--raw', '--subdir', 'DAGS_FOLDER/weather_etl_dag_v2.py', '--cfg-path', '/tmp/tmpwdxheott']
[2026-04-17T05:33:35.450+0000] {standard_task_runner.py:64} INFO - Started process 1248 to run task
[2026-04-17T05:33:35.451+0000] {standard_task_runner.py:91} INFO - Job 132: Subtask transform_clean
[2026-04-17T05:33:35.564+0000] {task_command.py:426} INFO - Running <TaskInstance: weather_etl_pipeline_v2.transform_clean manual__2026-04-17T05:33:25.340887+00:00 [running]> on host 89e29680acec
[2026-04-17T05:33:35.738+0000] {taskinstance.py:2648} INFO - Exporting env vars: AIRFLOW_CTX_DAG_OWNER='weather_etl' AIRFLOW_CTX_DAG_ID='weather_etl_pipeline_v2' AIRFLOW_CTX_TASK_ID='transform_clean' AIRFLOW_CTX_EXECUTION_DATE='2026-04-17T05:33:25.340887+00:00' AIRFLOW_CTX_TRY_NUMBER='1' AIRFLOW_CTX_DAG_RUN_ID='manual__2026-04-17T05:33:25.340887+00:00'
[2026-04-17T05:33:35.741+0000] {taskinstance.py:430} INFO - ::endgroup::
[2026-04-17T05:33:35.764+0000] {weather_etl_dag_v2.py:174} INFO - ============================================================
[2026-04-17T05:33:35.766+0000] {weather_etl_dag_v2.py:175} INFO - TASK: TRANSFORM_CLEAN — Transform & load validated data
[2026-04-17T05:33:35.769+0000] {weather_etl_dag_v2.py:176} INFO - ============================================================
[2026-04-17T05:33:35.797+0000] {logging_mixin.py:188} WARNING - 2026-04-17 05:33:35 - scripts.load_raw - INFO - Successfully connected to PostgreSQL database
[2026-04-17T05:33:35.796+0000] {load_raw.py:38} INFO - Successfully connected to PostgreSQL database
[2026-04-17T05:33:35.810+0000] {logging_mixin.py:188} WARNING - 2026-04-17 05:33:35 - scripts.load_raw - INFO - Retrieved 136 unprocessed raw records (active only)
[2026-04-17T05:33:35.807+0000] {load_raw.py:233} INFO - Retrieved 136 unprocessed raw records (active only)
[2026-04-17T05:33:35.813+0000] {logging_mixin.py:188} WARNING - 2026-04-17 05:33:35 - scripts.load_raw - INFO - Database connection closed
[2026-04-17T05:33:35.813+0000] {load_raw.py:53} INFO - Database connection closed
[2026-04-17T05:33:35.815+0000] {logging_mixin.py:188} WARNING - 2026-04-17 05:33:35 - scripts.load_clean - INFO - Starting transformation and load for 136 raw records
[2026-04-17T05:33:35.814+0000] {load_clean.py:210} INFO - Starting transformation and load for 136 raw records
[2026-04-17T05:33:35.827+0000] {logging_mixin.py:188} WARNING - 2026-04-17 05:33:35 - scripts.load_clean - INFO - Successfully connected to PostgreSQL database
[2026-04-17T05:33:35.826+0000] {load_clean.py:41} INFO - Successfully connected to PostgreSQL database
[2026-04-17T05:33:35.832+0000] {logging_mixin.py:188} WARNING - 2026-04-17 05:33:35 - scripts.load_clean - INFO - Table 'weather_clean' created or already exists
[2026-04-17T05:33:35.831+0000] {load_clean.py:109} INFO - Table 'weather_clean' created or already exists
[2026-04-17T05:33:36.037+0000] {logging_mixin.py:188} WARNING - 2026-04-17 05:33:36 - scripts.load_clean - INFO - Marked 136 raw records as processed
[2026-04-17T05:33:36.031+0000] {load_clean.py:293} INFO - Marked 136 raw records as processed
[2026-04-17T05:33:36.043+0000] {logging_mixin.py:188} WARNING - 2026-04-17 05:33:36 - scripts.load_clean - INFO - Clean data load complete: 136 transformed, 136 validated, 136 loaded, 0 failed
[2026-04-17T05:33:36.042+0000] {load_clean.py:265} INFO - Clean data load complete: 136 transformed, 136 validated, 136 loaded, 0 failed
[2026-04-17T05:33:36.046+0000] {logging_mixin.py:188} WARNING - 2026-04-17 05:33:36 - scripts.load_clean - INFO - Database connection closed
[2026-04-17T05:33:36.045+0000] {load_clean.py:56} INFO - Database connection closed
[2026-04-17T05:33:36.071+0000] {weather_etl_dag_v2.py:190} INFO - ✓ Transform complete: 136 loaded, 0 failed (will be checked in quality_check)
[2026-04-17T05:33:36.075+0000] {python.py:237} INFO - Done. Returned value was: 136
[2026-04-17T05:33:36.076+0000] {taskinstance.py:441} INFO - ::group::Post task execution logs
[2026-04-17T05:33:36.114+0000] {taskinstance.py:1206} INFO - Marking task as SUCCESS. dag_id=weather_etl_pipeline_v2, task_id=transform_clean, run_id=manual__2026-04-17T05:33:25.340887+00:00, execution_date=20260417T053325, start_date=20260417T053335, end_date=20260417T053336
[2026-04-17T05:33:36.150+0000] {local_task_job_runner.py:243} INFO - Task exited with return code 0
[2026-04-17T05:33:36.210+0000] {taskinstance.py:3503} INFO - 1 downstream tasks scheduled from follow-on schedule check
[2026-04-17T05:33:36.215+0000] {local_task_job_runner.py:222} INFO - ::endgroup::
