[2026-04-11T11:13:31.157+0000] {processor.py:161} INFO - Started process (PID=172) to work on /opt/airflow/dags/__init__.py
[2026-04-11T11:13:31.159+0000] {processor.py:830} INFO - Processing file /opt/airflow/dags/__init__.py for tasks to queue
[2026-04-11T11:13:31.162+0000] {logging_mixin.py:188} INFO - [2026-04-11T11:13:31.161+0000] {dagbag.py:545} INFO - Filling up the DagBag from /opt/airflow/dags/__init__.py
[2026-04-11T11:13:31.187+0000] {processor.py:842} WARNING - No viable dags retrieved from /opt/airflow/dags/__init__.py
[2026-04-11T11:13:31.206+0000] {processor.py:183} INFO - Processing /opt/airflow/dags/__init__.py took 0.057 seconds
[2026-04-11T11:14:01.654+0000] {processor.py:161} INFO - Started process (PID=190) to work on /opt/airflow/dags/__init__.py
[2026-04-11T11:14:01.655+0000] {processor.py:830} INFO - Processing file /opt/airflow/dags/__init__.py for tasks to queue
[2026-04-11T11:14:01.658+0000] {logging_mixin.py:188} INFO - [2026-04-11T11:14:01.658+0000] {dagbag.py:545} INFO - Filling up the DagBag from /opt/airflow/dags/__init__.py
[2026-04-11T11:14:01.692+0000] {processor.py:842} WARNING - No viable dags retrieved from /opt/airflow/dags/__init__.py
[2026-04-11T11:14:01.725+0000] {processor.py:183} INFO - Processing /opt/airflow/dags/__init__.py took 0.083 seconds
[2026-04-11T11:15:41.764+0000] {processor.py:161} INFO - Started process (PID=171) to work on /opt/airflow/dags/__init__.py
[2026-04-11T11:15:41.765+0000] {processor.py:830} INFO - Processing file /opt/airflow/dags/__init__.py for tasks to queue
[2026-04-11T11:15:41.768+0000] {logging_mixin.py:188} INFO - [2026-04-11T11:15:41.768+0000] {dagbag.py:545} INFO - Filling up the DagBag from /opt/airflow/dags/__init__.py
[2026-04-11T11:15:41.800+0000] {processor.py:842} WARNING - No viable dags retrieved from /opt/airflow/dags/__init__.py
[2026-04-11T11:15:41.828+0000] {processor.py:183} INFO - Processing /opt/airflow/dags/__init__.py took 0.070 seconds
[2026-04-11T11:16:12.294+0000] {processor.py:161} INFO - Started process (PID=181) to work on /opt/airflow/dags/__init__.py
[2026-04-11T11:16:12.295+0000] {processor.py:830} INFO - Processing file /opt/airflow/dags/__init__.py for tasks to queue
[2026-04-11T11:16:12.298+0000] {logging_mixin.py:188} INFO - [2026-04-11T11:16:12.298+0000] {dagbag.py:545} INFO - Filling up the DagBag from /opt/airflow/dags/__init__.py
[2026-04-11T11:16:12.328+0000] {processor.py:842} WARNING - No viable dags retrieved from /opt/airflow/dags/__init__.py
[2026-04-11T11:16:12.347+0000] {processor.py:183} INFO - Processing /opt/airflow/dags/__init__.py took 0.060 seconds
[2026-04-11T11:16:42.804+0000] {processor.py:161} INFO - Started process (PID=203) to work on /opt/airflow/dags/__init__.py
[2026-04-11T11:16:42.806+0000] {processor.py:830} INFO - Processing file /opt/airflow/dags/__init__.py for tasks to queue
[2026-04-11T11:16:42.809+0000] {logging_mixin.py:188} INFO - [2026-04-11T11:16:42.808+0000] {dagbag.py:545} INFO - Filling up the DagBag from /opt/airflow/dags/__init__.py
[2026-04-11T11:16:42.836+0000] {processor.py:842} WARNING - No viable dags retrieved from /opt/airflow/dags/__init__.py
[2026-04-11T11:16:42.865+0000] {processor.py:183} INFO - Processing /opt/airflow/dags/__init__.py took 0.069 seconds
[2026-04-11T11:17:13.370+0000] {processor.py:161} INFO - Started process (PID=213) to work on /opt/airflow/dags/__init__.py
[2026-04-11T11:17:13.371+0000] {processor.py:830} INFO - Processing file /opt/airflow/dags/__init__.py for tasks to queue
[2026-04-11T11:17:13.373+0000] {logging_mixin.py:188} INFO - [2026-04-11T11:17:13.373+0000] {dagbag.py:545} INFO - Filling up the DagBag from /opt/airflow/dags/__init__.py
[2026-04-11T11:17:13.405+0000] {processor.py:842} WARNING - No viable dags retrieved from /opt/airflow/dags/__init__.py
[2026-04-11T11:17:13.435+0000] {processor.py:183} INFO - Processing /opt/airflow/dags/__init__.py took 0.071 seconds
[2026-04-11T11:17:43.911+0000] {processor.py:161} INFO - Started process (PID=223) to work on /opt/airflow/dags/__init__.py
[2026-04-11T11:17:43.913+0000] {processor.py:830} INFO - Processing file /opt/airflow/dags/__init__.py for tasks to queue
[2026-04-11T11:17:43.916+0000] {logging_mixin.py:188} INFO - [2026-04-11T11:17:43.915+0000] {dagbag.py:545} INFO - Filling up the DagBag from /opt/airflow/dags/__init__.py
[2026-04-11T11:17:43.952+0000] {processor.py:842} WARNING - No viable dags retrieved from /opt/airflow/dags/__init__.py
[2026-04-11T11:17:43.982+0000] {processor.py:183} INFO - Processing /opt/airflow/dags/__init__.py took 0.078 seconds
[2026-04-11T11:18:14.518+0000] {processor.py:161} INFO - Started process (PID=233) to work on /opt/airflow/dags/__init__.py
[2026-04-11T11:18:14.521+0000] {processor.py:830} INFO - Processing file /opt/airflow/dags/__init__.py for tasks to queue
[2026-04-11T11:18:14.528+0000] {logging_mixin.py:188} INFO - [2026-04-11T11:18:14.527+0000] {dagbag.py:545} INFO - Filling up the DagBag from /opt/airflow/dags/__init__.py
[2026-04-11T11:18:14.601+0000] {processor.py:842} WARNING - No viable dags retrieved from /opt/airflow/dags/__init__.py
[2026-04-11T11:18:14.653+0000] {processor.py:183} INFO - Processing /opt/airflow/dags/__init__.py took 0.152 seconds
[2026-04-11T11:18:45.205+0000] {processor.py:161} INFO - Started process (PID=243) to work on /opt/airflow/dags/__init__.py
[2026-04-11T11:18:45.207+0000] {processor.py:830} INFO - Processing file /opt/airflow/dags/__init__.py for tasks to queue
[2026-04-11T11:18:45.212+0000] {logging_mixin.py:188} INFO - [2026-04-11T11:18:45.211+0000] {dagbag.py:545} INFO - Filling up the DagBag from /opt/airflow/dags/__init__.py
[2026-04-11T11:18:45.240+0000] {processor.py:842} WARNING - No viable dags retrieved from /opt/airflow/dags/__init__.py
[2026-04-11T11:18:45.271+0000] {processor.py:183} INFO - Processing /opt/airflow/dags/__init__.py took 0.076 seconds
[2026-04-11T11:19:15.991+0000] {processor.py:161} INFO - Started process (PID=253) to work on /opt/airflow/dags/__init__.py
[2026-04-11T11:19:15.993+0000] {processor.py:830} INFO - Processing file /opt/airflow/dags/__init__.py for tasks to queue
[2026-04-11T11:19:15.998+0000] {logging_mixin.py:188} INFO - [2026-04-11T11:19:15.997+0000] {dagbag.py:545} INFO - Filling up the DagBag from /opt/airflow/dags/__init__.py
[2026-04-11T11:19:16.021+0000] {processor.py:842} WARNING - No viable dags retrieved from /opt/airflow/dags/__init__.py
[2026-04-11T11:19:16.054+0000] {processor.py:183} INFO - Processing /opt/airflow/dags/__init__.py took 0.075 seconds
[2026-04-11T11:19:46.749+0000] {processor.py:161} INFO - Started process (PID=263) to work on /opt/airflow/dags/__init__.py
[2026-04-11T11:19:46.752+0000] {processor.py:830} INFO - Processing file /opt/airflow/dags/__init__.py for tasks to queue
[2026-04-11T11:19:46.758+0000] {logging_mixin.py:188} INFO - [2026-04-11T11:19:46.757+0000] {dagbag.py:545} INFO - Filling up the DagBag from /opt/airflow/dags/__init__.py
[2026-04-11T11:19:46.821+0000] {processor.py:842} WARNING - No viable dags retrieved from /opt/airflow/dags/__init__.py
[2026-04-11T11:19:46.868+0000] {processor.py:183} INFO - Processing /opt/airflow/dags/__init__.py took 0.136 seconds
[2026-04-11T11:20:17.543+0000] {processor.py:161} INFO - Started process (PID=273) to work on /opt/airflow/dags/__init__.py
[2026-04-11T11:20:17.547+0000] {processor.py:830} INFO - Processing file /opt/airflow/dags/__init__.py for tasks to queue
[2026-04-11T11:20:17.554+0000] {logging_mixin.py:188} INFO - [2026-04-11T11:20:17.553+0000] {dagbag.py:545} INFO - Filling up the DagBag from /opt/airflow/dags/__init__.py
[2026-04-11T11:20:17.630+0000] {processor.py:842} WARNING - No viable dags retrieved from /opt/airflow/dags/__init__.py
[2026-04-11T11:20:17.678+0000] {processor.py:183} INFO - Processing /opt/airflow/dags/__init__.py took 0.149 seconds
[2026-04-11T11:20:48.422+0000] {processor.py:161} INFO - Started process (PID=283) to work on /opt/airflow/dags/__init__.py
[2026-04-11T11:20:48.425+0000] {processor.py:830} INFO - Processing file /opt/airflow/dags/__init__.py for tasks to queue
[2026-04-11T11:20:48.432+0000] {logging_mixin.py:188} INFO - [2026-04-11T11:20:48.431+0000] {dagbag.py:545} INFO - Filling up the DagBag from /opt/airflow/dags/__init__.py
[2026-04-11T11:20:48.453+0000] {processor.py:842} WARNING - No viable dags retrieved from /opt/airflow/dags/__init__.py
[2026-04-11T11:20:48.486+0000] {processor.py:183} INFO - Processing /opt/airflow/dags/__init__.py took 0.074 seconds
[2026-04-11T11:21:18.605+0000] {processor.py:161} INFO - Started process (PID=290) to work on /opt/airflow/dags/__init__.py
[2026-04-11T11:21:18.607+0000] {processor.py:830} INFO - Processing file /opt/airflow/dags/__init__.py for tasks to queue
[2026-04-11T11:21:18.611+0000] {logging_mixin.py:188} INFO - [2026-04-11T11:21:18.610+0000] {dagbag.py:545} INFO - Filling up the DagBag from /opt/airflow/dags/__init__.py
[2026-04-11T11:21:18.647+0000] {processor.py:842} WARNING - No viable dags retrieved from /opt/airflow/dags/__init__.py
[2026-04-11T11:21:18.675+0000] {processor.py:183} INFO - Processing /opt/airflow/dags/__init__.py took 0.080 seconds
[2026-04-11T11:21:49.235+0000] {processor.py:161} INFO - Started process (PID=300) to work on /opt/airflow/dags/__init__.py
[2026-04-11T11:21:49.237+0000] {processor.py:830} INFO - Processing file /opt/airflow/dags/__init__.py for tasks to queue
[2026-04-11T11:21:49.242+0000] {logging_mixin.py:188} INFO - [2026-04-11T11:21:49.241+0000] {dagbag.py:545} INFO - Filling up the DagBag from /opt/airflow/dags/__init__.py
[2026-04-11T11:21:49.273+0000] {processor.py:842} WARNING - No viable dags retrieved from /opt/airflow/dags/__init__.py
[2026-04-11T11:21:49.310+0000] {processor.py:183} INFO - Processing /opt/airflow/dags/__init__.py took 0.086 seconds
[2026-04-11T11:22:19.801+0000] {processor.py:161} INFO - Started process (PID=310) to work on /opt/airflow/dags/__init__.py
[2026-04-11T11:22:19.803+0000] {processor.py:830} INFO - Processing file /opt/airflow/dags/__init__.py for tasks to queue
[2026-04-11T11:22:19.806+0000] {logging_mixin.py:188} INFO - [2026-04-11T11:22:19.806+0000] {dagbag.py:545} INFO - Filling up the DagBag from /opt/airflow/dags/__init__.py
[2026-04-11T11:22:19.833+0000] {processor.py:842} WARNING - No viable dags retrieved from /opt/airflow/dags/__init__.py
[2026-04-11T11:22:19.863+0000] {processor.py:183} INFO - Processing /opt/airflow/dags/__init__.py took 0.078 seconds
[2026-04-11T11:22:50.399+0000] {processor.py:161} INFO - Started process (PID=320) to work on /opt/airflow/dags/__init__.py
[2026-04-11T11:22:50.401+0000] {processor.py:830} INFO - Processing file /opt/airflow/dags/__init__.py for tasks to queue
[2026-04-11T11:22:50.405+0000] {logging_mixin.py:188} INFO - [2026-04-11T11:22:50.404+0000] {dagbag.py:545} INFO - Filling up the DagBag from /opt/airflow/dags/__init__.py
[2026-04-11T11:22:50.439+0000] {processor.py:842} WARNING - No viable dags retrieved from /opt/airflow/dags/__init__.py
[2026-04-11T11:22:50.470+0000] {processor.py:183} INFO - Processing /opt/airflow/dags/__init__.py took 0.084 seconds
[2026-04-11T11:23:20.979+0000] {processor.py:161} INFO - Started process (PID=330) to work on /opt/airflow/dags/__init__.py
[2026-04-11T11:23:20.981+0000] {processor.py:830} INFO - Processing file /opt/airflow/dags/__init__.py for tasks to queue
[2026-04-11T11:23:20.985+0000] {logging_mixin.py:188} INFO - [2026-04-11T11:23:20.984+0000] {dagbag.py:545} INFO - Filling up the DagBag from /opt/airflow/dags/__init__.py
[2026-04-11T11:23:21.014+0000] {processor.py:842} WARNING - No viable dags retrieved from /opt/airflow/dags/__init__.py
[2026-04-11T11:23:21.040+0000] {processor.py:183} INFO - Processing /opt/airflow/dags/__init__.py took 0.072 seconds
[2026-04-11T11:23:51.563+0000] {processor.py:161} INFO - Started process (PID=340) to work on /opt/airflow/dags/__init__.py
[2026-04-11T11:23:51.564+0000] {processor.py:830} INFO - Processing file /opt/airflow/dags/__init__.py for tasks to queue
[2026-04-11T11:23:51.567+0000] {logging_mixin.py:188} INFO - [2026-04-11T11:23:51.567+0000] {dagbag.py:545} INFO - Filling up the DagBag from /opt/airflow/dags/__init__.py
[2026-04-11T11:23:51.604+0000] {processor.py:842} WARNING - No viable dags retrieved from /opt/airflow/dags/__init__.py
[2026-04-11T11:23:51.627+0000] {processor.py:183} INFO - Processing /opt/airflow/dags/__init__.py took 0.072 seconds
[2026-04-11T11:24:22.250+0000] {processor.py:161} INFO - Started process (PID=350) to work on /opt/airflow/dags/__init__.py
[2026-04-11T11:24:22.253+0000] {processor.py:830} INFO - Processing file /opt/airflow/dags/__init__.py for tasks to queue
[2026-04-11T11:24:22.258+0000] {logging_mixin.py:188} INFO - [2026-04-11T11:24:22.257+0000] {dagbag.py:545} INFO - Filling up the DagBag from /opt/airflow/dags/__init__.py
[2026-04-11T11:24:22.296+0000] {processor.py:842} WARNING - No viable dags retrieved from /opt/airflow/dags/__init__.py
[2026-04-11T11:24:22.327+0000] {processor.py:183} INFO - Processing /opt/airflow/dags/__init__.py took 0.101 seconds
[2026-04-11T11:24:52.868+0000] {processor.py:161} INFO - Started process (PID=360) to work on /opt/airflow/dags/__init__.py
[2026-04-11T11:24:52.871+0000] {processor.py:830} INFO - Processing file /opt/airflow/dags/__init__.py for tasks to queue
[2026-04-11T11:24:52.874+0000] {logging_mixin.py:188} INFO - [2026-04-11T11:24:52.874+0000] {dagbag.py:545} INFO - Filling up the DagBag from /opt/airflow/dags/__init__.py
[2026-04-11T11:24:52.916+0000] {processor.py:842} WARNING - No viable dags retrieved from /opt/airflow/dags/__init__.py
[2026-04-11T11:24:52.948+0000] {processor.py:183} INFO - Processing /opt/airflow/dags/__init__.py took 0.091 seconds
[2026-04-11T11:25:23.403+0000] {processor.py:161} INFO - Started process (PID=370) to work on /opt/airflow/dags/__init__.py
[2026-04-11T11:25:23.405+0000] {processor.py:830} INFO - Processing file /opt/airflow/dags/__init__.py for tasks to queue
[2026-04-11T11:25:23.408+0000] {logging_mixin.py:188} INFO - [2026-04-11T11:25:23.408+0000] {dagbag.py:545} INFO - Filling up the DagBag from /opt/airflow/dags/__init__.py
[2026-04-11T11:25:23.435+0000] {processor.py:842} WARNING - No viable dags retrieved from /opt/airflow/dags/__init__.py
[2026-04-11T11:25:23.463+0000] {processor.py:183} INFO - Processing /opt/airflow/dags/__init__.py took 0.070 seconds
[2026-04-11T11:25:54.169+0000] {processor.py:161} INFO - Started process (PID=380) to work on /opt/airflow/dags/__init__.py
[2026-04-11T11:25:54.172+0000] {processor.py:830} INFO - Processing file /opt/airflow/dags/__init__.py for tasks to queue
[2026-04-11T11:25:54.176+0000] {logging_mixin.py:188} INFO - [2026-04-11T11:25:54.175+0000] {dagbag.py:545} INFO - Filling up the DagBag from /opt/airflow/dags/__init__.py
[2026-04-11T11:25:54.208+0000] {processor.py:842} WARNING - No viable dags retrieved from /opt/airflow/dags/__init__.py
[2026-04-11T11:25:54.227+0000] {processor.py:183} INFO - Processing /opt/airflow/dags/__init__.py took 0.070 seconds
[2026-04-11T11:26:24.938+0000] {processor.py:161} INFO - Started process (PID=395) to work on /opt/airflow/dags/__init__.py
[2026-04-11T11:26:24.940+0000] {processor.py:830} INFO - Processing file /opt/airflow/dags/__init__.py for tasks to queue
[2026-04-11T11:26:24.943+0000] {logging_mixin.py:188} INFO - [2026-04-11T11:26:24.943+0000] {dagbag.py:545} INFO - Filling up the DagBag from /opt/airflow/dags/__init__.py
[2026-04-11T11:26:24.978+0000] {processor.py:842} WARNING - No viable dags retrieved from /opt/airflow/dags/__init__.py
[2026-04-11T11:26:24.997+0000] {processor.py:183} INFO - Processing /opt/airflow/dags/__init__.py took 0.067 seconds
[2026-04-11T11:26:58.665+0000] {processor.py:161} INFO - Started process (PID=172) to work on /opt/airflow/dags/__init__.py
[2026-04-11T11:26:58.667+0000] {processor.py:830} INFO - Processing file /opt/airflow/dags/__init__.py for tasks to queue
[2026-04-11T11:26:58.670+0000] {logging_mixin.py:188} INFO - [2026-04-11T11:26:58.669+0000] {dagbag.py:545} INFO - Filling up the DagBag from /opt/airflow/dags/__init__.py
[2026-04-11T11:26:58.698+0000] {processor.py:842} WARNING - No viable dags retrieved from /opt/airflow/dags/__init__.py
[2026-04-11T11:26:58.723+0000] {processor.py:183} INFO - Processing /opt/airflow/dags/__init__.py took 0.069 seconds
[2026-04-11T11:27:29.204+0000] {processor.py:161} INFO - Started process (PID=195) to work on /opt/airflow/dags/__init__.py
[2026-04-11T11:27:29.205+0000] {processor.py:830} INFO - Processing file /opt/airflow/dags/__init__.py for tasks to queue
[2026-04-11T11:27:29.208+0000] {logging_mixin.py:188} INFO - [2026-04-11T11:27:29.207+0000] {dagbag.py:545} INFO - Filling up the DagBag from /opt/airflow/dags/__init__.py
[2026-04-11T11:27:29.232+0000] {processor.py:842} WARNING - No viable dags retrieved from /opt/airflow/dags/__init__.py
[2026-04-11T11:27:29.256+0000] {processor.py:183} INFO - Processing /opt/airflow/dags/__init__.py took 0.059 seconds
[2026-04-11T11:27:59.779+0000] {processor.py:161} INFO - Started process (PID=205) to work on /opt/airflow/dags/__init__.py
[2026-04-11T11:27:59.781+0000] {processor.py:830} INFO - Processing file /opt/airflow/dags/__init__.py for tasks to queue
[2026-04-11T11:27:59.785+0000] {logging_mixin.py:188} INFO - [2026-04-11T11:27:59.784+0000] {dagbag.py:545} INFO - Filling up the DagBag from /opt/airflow/dags/__init__.py
[2026-04-11T11:27:59.811+0000] {processor.py:842} WARNING - No viable dags retrieved from /opt/airflow/dags/__init__.py
[2026-04-11T11:27:59.831+0000] {processor.py:183} INFO - Processing /opt/airflow/dags/__init__.py took 0.068 seconds
[2026-04-11T11:28:30.365+0000] {processor.py:161} INFO - Started process (PID=215) to work on /opt/airflow/dags/__init__.py
[2026-04-11T11:28:30.368+0000] {processor.py:830} INFO - Processing file /opt/airflow/dags/__init__.py for tasks to queue
[2026-04-11T11:28:30.370+0000] {logging_mixin.py:188} INFO - [2026-04-11T11:28:30.370+0000] {dagbag.py:545} INFO - Filling up the DagBag from /opt/airflow/dags/__init__.py
[2026-04-11T11:28:30.398+0000] {processor.py:842} WARNING - No viable dags retrieved from /opt/airflow/dags/__init__.py
[2026-04-11T11:28:30.435+0000] {processor.py:183} INFO - Processing /opt/airflow/dags/__init__.py took 0.088 seconds
[2026-04-11T11:29:01.073+0000] {processor.py:161} INFO - Started process (PID=227) to work on /opt/airflow/dags/__init__.py
[2026-04-11T11:29:01.075+0000] {processor.py:830} INFO - Processing file /opt/airflow/dags/__init__.py for tasks to queue
[2026-04-11T11:29:01.077+0000] {logging_mixin.py:188} INFO - [2026-04-11T11:29:01.077+0000] {dagbag.py:545} INFO - Filling up the DagBag from /opt/airflow/dags/__init__.py
[2026-04-11T11:29:01.109+0000] {processor.py:842} WARNING - No viable dags retrieved from /opt/airflow/dags/__init__.py
[2026-04-11T11:29:01.130+0000] {processor.py:183} INFO - Processing /opt/airflow/dags/__init__.py took 0.065 seconds
[2026-04-11T11:29:24.110+0000] {processor.py:161} INFO - Started process (PID=172) to work on /opt/airflow/dags/__init__.py
[2026-04-11T11:29:24.112+0000] {processor.py:830} INFO - Processing file /opt/airflow/dags/__init__.py for tasks to queue
[2026-04-11T11:29:24.115+0000] {logging_mixin.py:188} INFO - [2026-04-11T11:29:24.115+0000] {dagbag.py:545} INFO - Filling up the DagBag from /opt/airflow/dags/__init__.py
[2026-04-11T11:29:24.139+0000] {processor.py:842} WARNING - No viable dags retrieved from /opt/airflow/dags/__init__.py
[2026-04-11T11:29:24.163+0000] {processor.py:183} INFO - Processing /opt/airflow/dags/__init__.py took 0.063 seconds
[2026-04-11T11:29:54.621+0000] {processor.py:161} INFO - Started process (PID=193) to work on /opt/airflow/dags/__init__.py
[2026-04-11T11:29:54.622+0000] {processor.py:830} INFO - Processing file /opt/airflow/dags/__init__.py for tasks to queue
[2026-04-11T11:29:54.625+0000] {logging_mixin.py:188} INFO - [2026-04-11T11:29:54.624+0000] {dagbag.py:545} INFO - Filling up the DagBag from /opt/airflow/dags/__init__.py
[2026-04-11T11:29:54.654+0000] {processor.py:842} WARNING - No viable dags retrieved from /opt/airflow/dags/__init__.py
[2026-04-11T11:29:54.683+0000] {processor.py:183} INFO - Processing /opt/airflow/dags/__init__.py took 0.070 seconds
[2026-04-11T11:30:25.226+0000] {processor.py:161} INFO - Started process (PID=203) to work on /opt/airflow/dags/__init__.py
[2026-04-11T11:30:25.229+0000] {processor.py:830} INFO - Processing file /opt/airflow/dags/__init__.py for tasks to queue
[2026-04-11T11:30:25.234+0000] {logging_mixin.py:188} INFO - [2026-04-11T11:30:25.233+0000] {dagbag.py:545} INFO - Filling up the DagBag from /opt/airflow/dags/__init__.py
[2026-04-11T11:30:25.281+0000] {processor.py:842} WARNING - No viable dags retrieved from /opt/airflow/dags/__init__.py
[2026-04-11T11:30:25.302+0000] {processor.py:183} INFO - Processing /opt/airflow/dags/__init__.py took 0.090 seconds
[2026-04-11T11:30:55.808+0000] {processor.py:161} INFO - Started process (PID=213) to work on /opt/airflow/dags/__init__.py
[2026-04-11T11:30:55.810+0000] {processor.py:830} INFO - Processing file /opt/airflow/dags/__init__.py for tasks to queue
[2026-04-11T11:30:55.814+0000] {logging_mixin.py:188} INFO - [2026-04-11T11:30:55.813+0000] {dagbag.py:545} INFO - Filling up the DagBag from /opt/airflow/dags/__init__.py
[2026-04-11T11:30:55.841+0000] {processor.py:842} WARNING - No viable dags retrieved from /opt/airflow/dags/__init__.py
[2026-04-11T11:30:55.864+0000] {processor.py:183} INFO - Processing /opt/airflow/dags/__init__.py took 0.063 seconds
[2026-04-11T11:31:12.872+0000] {processor.py:161} INFO - Started process (PID=172) to work on /opt/airflow/dags/__init__.py
[2026-04-11T11:31:12.874+0000] {processor.py:830} INFO - Processing file /opt/airflow/dags/__init__.py for tasks to queue
[2026-04-11T11:31:12.877+0000] {logging_mixin.py:188} INFO - [2026-04-11T11:31:12.877+0000] {dagbag.py:545} INFO - Filling up the DagBag from /opt/airflow/dags/__init__.py
[2026-04-11T11:31:12.901+0000] {processor.py:842} WARNING - No viable dags retrieved from /opt/airflow/dags/__init__.py
[2026-04-11T11:31:12.927+0000] {processor.py:183} INFO - Processing /opt/airflow/dags/__init__.py took 0.062 seconds
[2026-04-11T11:31:43.439+0000] {processor.py:161} INFO - Started process (PID=193) to work on /opt/airflow/dags/__init__.py
[2026-04-11T11:31:43.441+0000] {processor.py:830} INFO - Processing file /opt/airflow/dags/__init__.py for tasks to queue
[2026-04-11T11:31:43.446+0000] {logging_mixin.py:188} INFO - [2026-04-11T11:31:43.445+0000] {dagbag.py:545} INFO - Filling up the DagBag from /opt/airflow/dags/__init__.py
[2026-04-11T11:31:43.488+0000] {processor.py:842} WARNING - No viable dags retrieved from /opt/airflow/dags/__init__.py
[2026-04-11T11:31:43.514+0000] {processor.py:183} INFO - Processing /opt/airflow/dags/__init__.py took 0.088 seconds
[2026-04-11T11:32:14.070+0000] {processor.py:161} INFO - Started process (PID=207) to work on /opt/airflow/dags/__init__.py
[2026-04-11T11:32:14.071+0000] {processor.py:830} INFO - Processing file /opt/airflow/dags/__init__.py for tasks to queue
[2026-04-11T11:32:14.074+0000] {logging_mixin.py:188} INFO - [2026-04-11T11:32:14.073+0000] {dagbag.py:545} INFO - Filling up the DagBag from /opt/airflow/dags/__init__.py
[2026-04-11T11:32:14.101+0000] {processor.py:842} WARNING - No viable dags retrieved from /opt/airflow/dags/__init__.py
[2026-04-11T11:32:14.134+0000] {processor.py:183} INFO - Processing /opt/airflow/dags/__init__.py took 0.075 seconds
[2026-04-11T11:32:44.704+0000] {processor.py:161} INFO - Started process (PID=225) to work on /opt/airflow/dags/__init__.py
[2026-04-11T11:32:44.705+0000] {processor.py:830} INFO - Processing file /opt/airflow/dags/__init__.py for tasks to queue
[2026-04-11T11:32:44.708+0000] {logging_mixin.py:188} INFO - [2026-04-11T11:32:44.708+0000] {dagbag.py:545} INFO - Filling up the DagBag from /opt/airflow/dags/__init__.py
[2026-04-11T11:32:44.742+0000] {processor.py:842} WARNING - No viable dags retrieved from /opt/airflow/dags/__init__.py
[2026-04-11T11:32:44.763+0000] {processor.py:183} INFO - Processing /opt/airflow/dags/__init__.py took 0.066 seconds
[2026-04-11T11:33:15.283+0000] {processor.py:161} INFO - Started process (PID=235) to work on /opt/airflow/dags/__init__.py
[2026-04-11T11:33:15.284+0000] {processor.py:830} INFO - Processing file /opt/airflow/dags/__init__.py for tasks to queue
[2026-04-11T11:33:15.286+0000] {logging_mixin.py:188} INFO - [2026-04-11T11:33:15.286+0000] {dagbag.py:545} INFO - Filling up the DagBag from /opt/airflow/dags/__init__.py
[2026-04-11T11:33:15.314+0000] {processor.py:842} WARNING - No viable dags retrieved from /opt/airflow/dags/__init__.py
[2026-04-11T11:33:15.341+0000] {processor.py:183} INFO - Processing /opt/airflow/dags/__init__.py took 0.063 seconds
[2026-04-11T11:33:45.866+0000] {processor.py:161} INFO - Started process (PID=245) to work on /opt/airflow/dags/__init__.py
[2026-04-11T11:33:45.867+0000] {processor.py:830} INFO - Processing file /opt/airflow/dags/__init__.py for tasks to queue
[2026-04-11T11:33:45.869+0000] {logging_mixin.py:188} INFO - [2026-04-11T11:33:45.868+0000] {dagbag.py:545} INFO - Filling up the DagBag from /opt/airflow/dags/__init__.py
[2026-04-11T11:33:45.884+0000] {processor.py:842} WARNING - No viable dags retrieved from /opt/airflow/dags/__init__.py
[2026-04-11T11:33:45.900+0000] {processor.py:183} INFO - Processing /opt/airflow/dags/__init__.py took 0.040 seconds
[2026-04-11T11:34:16.435+0000] {processor.py:161} INFO - Started process (PID=255) to work on /opt/airflow/dags/__init__.py
[2026-04-11T11:34:16.436+0000] {processor.py:830} INFO - Processing file /opt/airflow/dags/__init__.py for tasks to queue
[2026-04-11T11:34:16.439+0000] {logging_mixin.py:188} INFO - [2026-04-11T11:34:16.438+0000] {dagbag.py:545} INFO - Filling up the DagBag from /opt/airflow/dags/__init__.py
[2026-04-11T11:34:16.462+0000] {processor.py:842} WARNING - No viable dags retrieved from /opt/airflow/dags/__init__.py
[2026-04-11T11:34:16.482+0000] {processor.py:183} INFO - Processing /opt/airflow/dags/__init__.py took 0.054 seconds
[2026-04-11T11:34:46.941+0000] {processor.py:161} INFO - Started process (PID=265) to work on /opt/airflow/dags/__init__.py
[2026-04-11T11:34:46.943+0000] {processor.py:830} INFO - Processing file /opt/airflow/dags/__init__.py for tasks to queue
[2026-04-11T11:34:46.946+0000] {logging_mixin.py:188} INFO - [2026-04-11T11:34:46.945+0000] {dagbag.py:545} INFO - Filling up the DagBag from /opt/airflow/dags/__init__.py
[2026-04-11T11:34:46.979+0000] {processor.py:842} WARNING - No viable dags retrieved from /opt/airflow/dags/__init__.py
[2026-04-11T11:34:47.019+0000] {processor.py:183} INFO - Processing /opt/airflow/dags/__init__.py took 0.089 seconds
[2026-04-11T11:35:17.556+0000] {processor.py:161} INFO - Started process (PID=275) to work on /opt/airflow/dags/__init__.py
[2026-04-11T11:35:17.558+0000] {processor.py:830} INFO - Processing file /opt/airflow/dags/__init__.py for tasks to queue
[2026-04-11T11:35:17.562+0000] {logging_mixin.py:188} INFO - [2026-04-11T11:35:17.561+0000] {dagbag.py:545} INFO - Filling up the DagBag from /opt/airflow/dags/__init__.py
[2026-04-11T11:35:17.589+0000] {processor.py:842} WARNING - No viable dags retrieved from /opt/airflow/dags/__init__.py
[2026-04-11T11:35:17.613+0000] {processor.py:183} INFO - Processing /opt/airflow/dags/__init__.py took 0.073 seconds
[2026-04-11T11:35:48.137+0000] {processor.py:161} INFO - Started process (PID=285) to work on /opt/airflow/dags/__init__.py
[2026-04-11T11:35:48.139+0000] {processor.py:830} INFO - Processing file /opt/airflow/dags/__init__.py for tasks to queue
[2026-04-11T11:35:48.142+0000] {logging_mixin.py:188} INFO - [2026-04-11T11:35:48.142+0000] {dagbag.py:545} INFO - Filling up the DagBag from /opt/airflow/dags/__init__.py
[2026-04-11T11:35:48.169+0000] {processor.py:842} WARNING - No viable dags retrieved from /opt/airflow/dags/__init__.py
[2026-04-11T11:35:48.186+0000] {processor.py:183} INFO - Processing /opt/airflow/dags/__init__.py took 0.057 seconds
[2026-04-11T11:36:18.629+0000] {processor.py:161} INFO - Started process (PID=295) to work on /opt/airflow/dags/__init__.py
[2026-04-11T11:36:18.631+0000] {processor.py:830} INFO - Processing file /opt/airflow/dags/__init__.py for tasks to queue
[2026-04-11T11:36:18.634+0000] {logging_mixin.py:188} INFO - [2026-04-11T11:36:18.633+0000] {dagbag.py:545} INFO - Filling up the DagBag from /opt/airflow/dags/__init__.py
[2026-04-11T11:36:18.658+0000] {processor.py:842} WARNING - No viable dags retrieved from /opt/airflow/dags/__init__.py
[2026-04-11T11:36:18.683+0000] {processor.py:183} INFO - Processing /opt/airflow/dags/__init__.py took 0.064 seconds
[2026-04-11T11:36:49.196+0000] {processor.py:161} INFO - Started process (PID=305) to work on /opt/airflow/dags/__init__.py
[2026-04-11T11:36:49.198+0000] {processor.py:830} INFO - Processing file /opt/airflow/dags/__init__.py for tasks to queue
[2026-04-11T11:36:49.200+0000] {logging_mixin.py:188} INFO - [2026-04-11T11:36:49.200+0000] {dagbag.py:545} INFO - Filling up the DagBag from /opt/airflow/dags/__init__.py
[2026-04-11T11:36:49.233+0000] {processor.py:842} WARNING - No viable dags retrieved from /opt/airflow/dags/__init__.py
[2026-04-11T11:36:49.264+0000] {processor.py:183} INFO - Processing /opt/airflow/dags/__init__.py took 0.075 seconds
[2026-04-11T11:37:19.789+0000] {processor.py:161} INFO - Started process (PID=315) to work on /opt/airflow/dags/__init__.py
[2026-04-11T11:37:19.790+0000] {processor.py:830} INFO - Processing file /opt/airflow/dags/__init__.py for tasks to queue
[2026-04-11T11:37:19.794+0000] {logging_mixin.py:188} INFO - [2026-04-11T11:37:19.794+0000] {dagbag.py:545} INFO - Filling up the DagBag from /opt/airflow/dags/__init__.py
[2026-04-11T11:37:19.826+0000] {processor.py:842} WARNING - No viable dags retrieved from /opt/airflow/dags/__init__.py
[2026-04-11T11:37:19.851+0000] {processor.py:183} INFO - Processing /opt/airflow/dags/__init__.py took 0.071 seconds
[2026-04-11T11:37:50.349+0000] {processor.py:161} INFO - Started process (PID=325) to work on /opt/airflow/dags/__init__.py
[2026-04-11T11:37:50.350+0000] {processor.py:830} INFO - Processing file /opt/airflow/dags/__init__.py for tasks to queue
[2026-04-11T11:37:50.353+0000] {logging_mixin.py:188} INFO - [2026-04-11T11:37:50.353+0000] {dagbag.py:545} INFO - Filling up the DagBag from /opt/airflow/dags/__init__.py
[2026-04-11T11:37:50.378+0000] {processor.py:842} WARNING - No viable dags retrieved from /opt/airflow/dags/__init__.py
[2026-04-11T11:37:50.402+0000] {processor.py:183} INFO - Processing /opt/airflow/dags/__init__.py took 0.064 seconds
[2026-04-11T11:38:20.867+0000] {processor.py:161} INFO - Started process (PID=335) to work on /opt/airflow/dags/__init__.py
[2026-04-11T11:38:20.868+0000] {processor.py:830} INFO - Processing file /opt/airflow/dags/__init__.py for tasks to queue
[2026-04-11T11:38:20.871+0000] {logging_mixin.py:188} INFO - [2026-04-11T11:38:20.871+0000] {dagbag.py:545} INFO - Filling up the DagBag from /opt/airflow/dags/__init__.py
[2026-04-11T11:38:20.908+0000] {processor.py:842} WARNING - No viable dags retrieved from /opt/airflow/dags/__init__.py
[2026-04-11T11:38:20.942+0000] {processor.py:183} INFO - Processing /opt/airflow/dags/__init__.py took 0.081 seconds
[2026-04-11T11:38:51.419+0000] {processor.py:161} INFO - Started process (PID=345) to work on /opt/airflow/dags/__init__.py
[2026-04-11T11:38:51.420+0000] {processor.py:830} INFO - Processing file /opt/airflow/dags/__init__.py for tasks to queue
[2026-04-11T11:38:51.423+0000] {logging_mixin.py:188} INFO - [2026-04-11T11:38:51.423+0000] {dagbag.py:545} INFO - Filling up the DagBag from /opt/airflow/dags/__init__.py
[2026-04-11T11:38:51.454+0000] {processor.py:842} WARNING - No viable dags retrieved from /opt/airflow/dags/__init__.py
[2026-04-11T11:38:51.479+0000] {processor.py:183} INFO - Processing /opt/airflow/dags/__init__.py took 0.068 seconds
[2026-04-11T11:39:22.010+0000] {processor.py:161} INFO - Started process (PID=355) to work on /opt/airflow/dags/__init__.py
[2026-04-11T11:39:22.012+0000] {processor.py:830} INFO - Processing file /opt/airflow/dags/__init__.py for tasks to queue
[2026-04-11T11:39:22.016+0000] {logging_mixin.py:188} INFO - [2026-04-11T11:39:22.015+0000] {dagbag.py:545} INFO - Filling up the DagBag from /opt/airflow/dags/__init__.py
[2026-04-11T11:39:22.054+0000] {processor.py:842} WARNING - No viable dags retrieved from /opt/airflow/dags/__init__.py
[2026-04-11T11:39:22.088+0000] {processor.py:183} INFO - Processing /opt/airflow/dags/__init__.py took 0.092 seconds
[2026-04-11T11:39:52.554+0000] {processor.py:161} INFO - Started process (PID=365) to work on /opt/airflow/dags/__init__.py
[2026-04-11T11:39:52.555+0000] {processor.py:830} INFO - Processing file /opt/airflow/dags/__init__.py for tasks to queue
[2026-04-11T11:39:52.558+0000] {logging_mixin.py:188} INFO - [2026-04-11T11:39:52.557+0000] {dagbag.py:545} INFO - Filling up the DagBag from /opt/airflow/dags/__init__.py
[2026-04-11T11:39:52.580+0000] {processor.py:842} WARNING - No viable dags retrieved from /opt/airflow/dags/__init__.py
[2026-04-11T11:39:52.605+0000] {processor.py:183} INFO - Processing /opt/airflow/dags/__init__.py took 0.059 seconds
[2026-04-11T11:40:23.113+0000] {processor.py:161} INFO - Started process (PID=375) to work on /opt/airflow/dags/__init__.py
[2026-04-11T11:40:23.114+0000] {processor.py:830} INFO - Processing file /opt/airflow/dags/__init__.py for tasks to queue
[2026-04-11T11:40:23.118+0000] {logging_mixin.py:188} INFO - [2026-04-11T11:40:23.118+0000] {dagbag.py:545} INFO - Filling up the DagBag from /opt/airflow/dags/__init__.py
[2026-04-11T11:40:23.150+0000] {processor.py:842} WARNING - No viable dags retrieved from /opt/airflow/dags/__init__.py
[2026-04-11T11:40:23.179+0000] {processor.py:183} INFO - Processing /opt/airflow/dags/__init__.py took 0.075 seconds
[2026-04-11T11:40:53.698+0000] {processor.py:161} INFO - Started process (PID=385) to work on /opt/airflow/dags/__init__.py
[2026-04-11T11:40:53.700+0000] {processor.py:830} INFO - Processing file /opt/airflow/dags/__init__.py for tasks to queue
[2026-04-11T11:40:53.704+0000] {logging_mixin.py:188} INFO - [2026-04-11T11:40:53.703+0000] {dagbag.py:545} INFO - Filling up the DagBag from /opt/airflow/dags/__init__.py
[2026-04-11T11:40:53.746+0000] {processor.py:842} WARNING - No viable dags retrieved from /opt/airflow/dags/__init__.py
[2026-04-11T11:40:53.773+0000] {processor.py:183} INFO - Processing /opt/airflow/dags/__init__.py took 0.083 seconds
[2026-04-11T11:41:24.450+0000] {processor.py:161} INFO - Started process (PID=395) to work on /opt/airflow/dags/__init__.py
[2026-04-11T11:41:24.451+0000] {processor.py:830} INFO - Processing file /opt/airflow/dags/__init__.py for tasks to queue
[2026-04-11T11:41:24.454+0000] {logging_mixin.py:188} INFO - [2026-04-11T11:41:24.454+0000] {dagbag.py:545} INFO - Filling up the DagBag from /opt/airflow/dags/__init__.py
[2026-04-11T11:41:24.476+0000] {processor.py:842} WARNING - No viable dags retrieved from /opt/airflow/dags/__init__.py
[2026-04-11T11:41:24.501+0000] {processor.py:183} INFO - Processing /opt/airflow/dags/__init__.py took 0.059 seconds
[2026-04-11T11:41:55.123+0000] {processor.py:161} INFO - Started process (PID=405) to work on /opt/airflow/dags/__init__.py
[2026-04-11T11:41:55.127+0000] {processor.py:830} INFO - Processing file /opt/airflow/dags/__init__.py for tasks to queue
[2026-04-11T11:41:55.132+0000] {logging_mixin.py:188} INFO - [2026-04-11T11:41:55.131+0000] {dagbag.py:545} INFO - Filling up the DagBag from /opt/airflow/dags/__init__.py
[2026-04-11T11:41:55.193+0000] {processor.py:842} WARNING - No viable dags retrieved from /opt/airflow/dags/__init__.py
[2026-04-11T11:41:55.235+0000] {processor.py:183} INFO - Processing /opt/airflow/dags/__init__.py took 0.126 seconds
[2026-04-11T11:42:25.798+0000] {processor.py:161} INFO - Started process (PID=415) to work on /opt/airflow/dags/__init__.py
[2026-04-11T11:42:25.800+0000] {processor.py:830} INFO - Processing file /opt/airflow/dags/__init__.py for tasks to queue
[2026-04-11T11:42:25.805+0000] {logging_mixin.py:188} INFO - [2026-04-11T11:42:25.805+0000] {dagbag.py:545} INFO - Filling up the DagBag from /opt/airflow/dags/__init__.py
[2026-04-11T11:42:25.849+0000] {processor.py:842} WARNING - No viable dags retrieved from /opt/airflow/dags/__init__.py
[2026-04-11T11:42:25.885+0000] {processor.py:183} INFO - Processing /opt/airflow/dags/__init__.py took 0.098 seconds
[2026-04-11T11:42:49.528+0000] {processor.py:161} INFO - Started process (PID=172) to work on /opt/airflow/dags/__init__.py
[2026-04-11T11:42:49.531+0000] {processor.py:830} INFO - Processing file /opt/airflow/dags/__init__.py for tasks to queue
[2026-04-11T11:42:49.536+0000] {logging_mixin.py:188} INFO - [2026-04-11T11:42:49.535+0000] {dagbag.py:545} INFO - Filling up the DagBag from /opt/airflow/dags/__init__.py
[2026-04-11T11:42:49.569+0000] {processor.py:842} WARNING - No viable dags retrieved from /opt/airflow/dags/__init__.py
[2026-04-11T11:42:49.605+0000] {processor.py:183} INFO - Processing /opt/airflow/dags/__init__.py took 0.089 seconds
[2026-04-11T11:43:20.136+0000] {processor.py:161} INFO - Started process (PID=193) to work on /opt/airflow/dags/__init__.py
[2026-04-11T11:43:20.137+0000] {processor.py:830} INFO - Processing file /opt/airflow/dags/__init__.py for tasks to queue
[2026-04-11T11:43:20.142+0000] {logging_mixin.py:188} INFO - [2026-04-11T11:43:20.141+0000] {dagbag.py:545} INFO - Filling up the DagBag from /opt/airflow/dags/__init__.py
[2026-04-11T11:43:20.172+0000] {processor.py:842} WARNING - No viable dags retrieved from /opt/airflow/dags/__init__.py
[2026-04-11T11:43:20.199+0000] {processor.py:183} INFO - Processing /opt/airflow/dags/__init__.py took 0.072 seconds
[2026-04-11T11:43:50.743+0000] {processor.py:161} INFO - Started process (PID=203) to work on /opt/airflow/dags/__init__.py
[2026-04-11T11:43:50.746+0000] {processor.py:830} INFO - Processing file /opt/airflow/dags/__init__.py for tasks to queue
[2026-04-11T11:43:50.749+0000] {logging_mixin.py:188} INFO - [2026-04-11T11:43:50.749+0000] {dagbag.py:545} INFO - Filling up the DagBag from /opt/airflow/dags/__init__.py
[2026-04-11T11:43:50.778+0000] {processor.py:842} WARNING - No viable dags retrieved from /opt/airflow/dags/__init__.py
[2026-04-11T11:43:50.807+0000] {processor.py:183} INFO - Processing /opt/airflow/dags/__init__.py took 0.081 seconds
[2026-04-11T11:44:21.676+0000] {processor.py:161} INFO - Started process (PID=213) to work on /opt/airflow/dags/__init__.py
[2026-04-11T11:44:21.678+0000] {processor.py:830} INFO - Processing file /opt/airflow/dags/__init__.py for tasks to queue
[2026-04-11T11:44:21.682+0000] {logging_mixin.py:188} INFO - [2026-04-11T11:44:21.681+0000] {dagbag.py:545} INFO - Filling up the DagBag from /opt/airflow/dags/__init__.py
[2026-04-11T11:44:21.714+0000] {processor.py:842} WARNING - No viable dags retrieved from /opt/airflow/dags/__init__.py
[2026-04-11T11:44:21.760+0000] {processor.py:183} INFO - Processing /opt/airflow/dags/__init__.py took 0.094 seconds
[2026-04-11T11:44:52.398+0000] {processor.py:161} INFO - Started process (PID=223) to work on /opt/airflow/dags/__init__.py
[2026-04-11T11:44:52.400+0000] {processor.py:830} INFO - Processing file /opt/airflow/dags/__init__.py for tasks to queue
[2026-04-11T11:44:52.403+0000] {logging_mixin.py:188} INFO - [2026-04-11T11:44:52.402+0000] {dagbag.py:545} INFO - Filling up the DagBag from /opt/airflow/dags/__init__.py
[2026-04-11T11:44:52.432+0000] {processor.py:842} WARNING - No viable dags retrieved from /opt/airflow/dags/__init__.py
[2026-04-11T11:44:52.464+0000] {processor.py:183} INFO - Processing /opt/airflow/dags/__init__.py took 0.075 seconds
[2026-04-11T11:45:23.058+0000] {processor.py:161} INFO - Started process (PID=245) to work on /opt/airflow/dags/__init__.py
[2026-04-11T11:45:23.060+0000] {processor.py:830} INFO - Processing file /opt/airflow/dags/__init__.py for tasks to queue
[2026-04-11T11:45:23.065+0000] {logging_mixin.py:188} INFO - [2026-04-11T11:45:23.065+0000] {dagbag.py:545} INFO - Filling up the DagBag from /opt/airflow/dags/__init__.py
[2026-04-11T11:45:23.129+0000] {processor.py:842} WARNING - No viable dags retrieved from /opt/airflow/dags/__init__.py
[2026-04-11T11:45:23.182+0000] {processor.py:183} INFO - Processing /opt/airflow/dags/__init__.py took 0.136 seconds
[2026-04-11T11:45:53.737+0000] {processor.py:161} INFO - Started process (PID=255) to work on /opt/airflow/dags/__init__.py
[2026-04-11T11:45:53.740+0000] {processor.py:830} INFO - Processing file /opt/airflow/dags/__init__.py for tasks to queue
[2026-04-11T11:45:53.744+0000] {logging_mixin.py:188} INFO - [2026-04-11T11:45:53.744+0000] {dagbag.py:545} INFO - Filling up the DagBag from /opt/airflow/dags/__init__.py
[2026-04-11T11:45:53.774+0000] {processor.py:842} WARNING - No viable dags retrieved from /opt/airflow/dags/__init__.py
[2026-04-11T11:45:53.807+0000] {processor.py:183} INFO - Processing /opt/airflow/dags/__init__.py took 0.091 seconds
[2026-04-11T11:46:24.486+0000] {processor.py:161} INFO - Started process (PID=265) to work on /opt/airflow/dags/__init__.py
[2026-04-11T11:46:24.489+0000] {processor.py:830} INFO - Processing file /opt/airflow/dags/__init__.py for tasks to queue
[2026-04-11T11:46:24.494+0000] {logging_mixin.py:188} INFO - [2026-04-11T11:46:24.493+0000] {dagbag.py:545} INFO - Filling up the DagBag from /opt/airflow/dags/__init__.py
[2026-04-11T11:46:24.542+0000] {processor.py:842} WARNING - No viable dags retrieved from /opt/airflow/dags/__init__.py
[2026-04-11T11:46:24.595+0000] {processor.py:183} INFO - Processing /opt/airflow/dags/__init__.py took 0.120 seconds
