[2026-04-11T11:13:31.151+0000] {processor.py:161} INFO - Started process (PID=169) to work on /opt/airflow/dags/weather_etl_dag_v2.py
[2026-04-11T11:13:31.153+0000] {processor.py:830} INFO - Processing file /opt/airflow/dags/weather_etl_dag_v2.py for tasks to queue
[2026-04-11T11:13:31.155+0000] {logging_mixin.py:188} INFO - [2026-04-11T11:13:31.155+0000] {dagbag.py:545} INFO - Filling up the DagBag from /opt/airflow/dags/weather_etl_dag_v2.py
[2026-04-11T11:13:31.230+0000] {logging_mixin.py:188} INFO - [2026-04-11T11:13:31.230+0000] {config.py:59} INFO - Configuration validation passed
[2026-04-11T11:13:31.292+0000] {processor.py:840} INFO - DAG(s) 'weather_etl_pipeline_v2' retrieved from /opt/airflow/dags/weather_etl_dag_v2.py
[2026-04-11T11:13:31.592+0000] {logging_mixin.py:188} INFO - [2026-04-11T11:13:31.592+0000] {dag.py:3089} INFO - Sync 1 DAGs
[2026-04-11T11:13:31.613+0000] {logging_mixin.py:188} INFO - [2026-04-11T11:13:31.613+0000] {dag.py:3947} INFO - Setting next_dagrun for weather_etl_pipeline_v2 to 2026-04-11 02:00:00+00:00, run_after=2026-04-12 02:00:00+00:00
[2026-04-11T11:13:31.636+0000] {processor.py:183} INFO - Processing /opt/airflow/dags/weather_etl_dag_v2.py took 0.493 seconds
[2026-04-11T11:14:01.824+0000] {processor.py:161} INFO - Started process (PID=195) to work on /opt/airflow/dags/weather_etl_dag_v2.py
[2026-04-11T11:14:01.826+0000] {processor.py:830} INFO - Processing file /opt/airflow/dags/weather_etl_dag_v2.py for tasks to queue
[2026-04-11T11:14:01.830+0000] {logging_mixin.py:188} INFO - [2026-04-11T11:14:01.829+0000] {dagbag.py:545} INFO - Filling up the DagBag from /opt/airflow/dags/weather_etl_dag_v2.py
[2026-04-11T11:14:01.937+0000] {logging_mixin.py:188} INFO - [2026-04-11T11:14:01.936+0000] {config.py:59} INFO - Configuration validation passed
[2026-04-11T11:14:02.052+0000] {processor.py:840} INFO - DAG(s) 'weather_etl_pipeline_v2' retrieved from /opt/airflow/dags/weather_etl_dag_v2.py
[2026-04-11T11:14:02.095+0000] {logging_mixin.py:188} INFO - [2026-04-11T11:14:02.094+0000] {dag.py:3089} INFO - Sync 1 DAGs
[2026-04-11T11:14:02.120+0000] {logging_mixin.py:188} INFO - [2026-04-11T11:14:02.120+0000] {dag.py:3947} INFO - Setting next_dagrun for weather_etl_pipeline_v2 to 2026-04-11 02:00:00+00:00, run_after=2026-04-12 02:00:00+00:00
[2026-04-11T11:14:02.148+0000] {processor.py:183} INFO - Processing /opt/airflow/dags/weather_etl_dag_v2.py took 0.332 seconds
[2026-04-11T11:15:41.759+0000] {processor.py:161} INFO - Started process (PID=168) to work on /opt/airflow/dags/weather_etl_dag_v2.py
[2026-04-11T11:15:41.760+0000] {processor.py:830} INFO - Processing file /opt/airflow/dags/weather_etl_dag_v2.py for tasks to queue
[2026-04-11T11:15:41.763+0000] {logging_mixin.py:188} INFO - [2026-04-11T11:15:41.763+0000] {dagbag.py:545} INFO - Filling up the DagBag from /opt/airflow/dags/weather_etl_dag_v2.py
[2026-04-11T11:15:41.872+0000] {logging_mixin.py:188} INFO - [2026-04-11T11:15:41.871+0000] {config.py:59} INFO - Configuration validation passed
[2026-04-11T11:15:41.960+0000] {processor.py:840} INFO - DAG(s) 'weather_etl_pipeline_v2' retrieved from /opt/airflow/dags/weather_etl_dag_v2.py
[2026-04-11T11:15:42.029+0000] {logging_mixin.py:188} INFO - [2026-04-11T11:15:42.029+0000] {dag.py:3089} INFO - Sync 1 DAGs
[2026-04-11T11:15:42.055+0000] {logging_mixin.py:188} INFO - [2026-04-11T11:15:42.055+0000] {dag.py:3947} INFO - Setting next_dagrun for weather_etl_pipeline_v2 to 2026-04-11 02:00:00+00:00, run_after=2026-04-12 02:00:00+00:00
[2026-04-11T11:15:42.094+0000] {processor.py:183} INFO - Processing /opt/airflow/dags/weather_etl_dag_v2.py took 0.342 seconds
[2026-04-11T11:16:12.291+0000] {processor.py:161} INFO - Started process (PID=178) to work on /opt/airflow/dags/weather_etl_dag_v2.py
[2026-04-11T11:16:12.293+0000] {processor.py:830} INFO - Processing file /opt/airflow/dags/weather_etl_dag_v2.py for tasks to queue
[2026-04-11T11:16:12.298+0000] {logging_mixin.py:188} INFO - [2026-04-11T11:16:12.296+0000] {dagbag.py:545} INFO - Filling up the DagBag from /opt/airflow/dags/weather_etl_dag_v2.py
[2026-04-11T11:16:12.404+0000] {logging_mixin.py:188} INFO - [2026-04-11T11:16:12.403+0000] {config.py:59} INFO - Configuration validation passed
[2026-04-11T11:16:12.502+0000] {processor.py:840} INFO - DAG(s) 'weather_etl_pipeline_v2' retrieved from /opt/airflow/dags/weather_etl_dag_v2.py
[2026-04-11T11:16:12.542+0000] {logging_mixin.py:188} INFO - [2026-04-11T11:16:12.542+0000] {dag.py:3089} INFO - Sync 1 DAGs
[2026-04-11T11:16:12.572+0000] {logging_mixin.py:188} INFO - [2026-04-11T11:16:12.572+0000] {dag.py:3947} INFO - Setting next_dagrun for weather_etl_pipeline_v2 to 2026-04-11 02:00:00+00:00, run_after=2026-04-12 02:00:00+00:00
[2026-04-11T11:16:12.603+0000] {processor.py:183} INFO - Processing /opt/airflow/dags/weather_etl_dag_v2.py took 0.322 seconds
[2026-04-11T11:16:42.793+0000] {processor.py:161} INFO - Started process (PID=200) to work on /opt/airflow/dags/weather_etl_dag_v2.py
[2026-04-11T11:16:42.795+0000] {processor.py:830} INFO - Processing file /opt/airflow/dags/weather_etl_dag_v2.py for tasks to queue
[2026-04-11T11:16:42.797+0000] {logging_mixin.py:188} INFO - [2026-04-11T11:16:42.797+0000] {dagbag.py:545} INFO - Filling up the DagBag from /opt/airflow/dags/weather_etl_dag_v2.py
[2026-04-11T11:16:42.886+0000] {logging_mixin.py:188} INFO - [2026-04-11T11:16:42.885+0000] {config.py:59} INFO - Configuration validation passed
[2026-04-11T11:16:42.998+0000] {processor.py:840} INFO - DAG(s) 'weather_etl_pipeline_v2' retrieved from /opt/airflow/dags/weather_etl_dag_v2.py
[2026-04-11T11:16:43.044+0000] {logging_mixin.py:188} INFO - [2026-04-11T11:16:43.044+0000] {dag.py:3089} INFO - Sync 1 DAGs
[2026-04-11T11:16:43.071+0000] {logging_mixin.py:188} INFO - [2026-04-11T11:16:43.071+0000] {dag.py:3947} INFO - Setting next_dagrun for weather_etl_pipeline_v2 to 2026-04-11 02:00:00+00:00, run_after=2026-04-12 02:00:00+00:00
[2026-04-11T11:16:43.106+0000] {processor.py:183} INFO - Processing /opt/airflow/dags/weather_etl_dag_v2.py took 0.321 seconds
[2026-04-11T11:17:13.364+0000] {processor.py:161} INFO - Started process (PID=210) to work on /opt/airflow/dags/weather_etl_dag_v2.py
[2026-04-11T11:17:13.366+0000] {processor.py:830} INFO - Processing file /opt/airflow/dags/weather_etl_dag_v2.py for tasks to queue
[2026-04-11T11:17:13.369+0000] {logging_mixin.py:188} INFO - [2026-04-11T11:17:13.368+0000] {dagbag.py:545} INFO - Filling up the DagBag from /opt/airflow/dags/weather_etl_dag_v2.py
[2026-04-11T11:17:13.473+0000] {logging_mixin.py:188} INFO - [2026-04-11T11:17:13.472+0000] {config.py:59} INFO - Configuration validation passed
[2026-04-11T11:17:13.579+0000] {processor.py:840} INFO - DAG(s) 'weather_etl_pipeline_v2' retrieved from /opt/airflow/dags/weather_etl_dag_v2.py
[2026-04-11T11:17:13.628+0000] {logging_mixin.py:188} INFO - [2026-04-11T11:17:13.628+0000] {dag.py:3089} INFO - Sync 1 DAGs
[2026-04-11T11:17:13.658+0000] {logging_mixin.py:188} INFO - [2026-04-11T11:17:13.658+0000] {dag.py:3947} INFO - Setting next_dagrun for weather_etl_pipeline_v2 to 2026-04-11 02:00:00+00:00, run_after=2026-04-12 02:00:00+00:00
[2026-04-11T11:17:13.705+0000] {processor.py:183} INFO - Processing /opt/airflow/dags/weather_etl_dag_v2.py took 0.348 seconds
[2026-04-11T11:17:43.904+0000] {processor.py:161} INFO - Started process (PID=220) to work on /opt/airflow/dags/weather_etl_dag_v2.py
[2026-04-11T11:17:43.906+0000] {processor.py:830} INFO - Processing file /opt/airflow/dags/weather_etl_dag_v2.py for tasks to queue
[2026-04-11T11:17:43.908+0000] {logging_mixin.py:188} INFO - [2026-04-11T11:17:43.908+0000] {dagbag.py:545} INFO - Filling up the DagBag from /opt/airflow/dags/weather_etl_dag_v2.py
[2026-04-11T11:17:44.021+0000] {logging_mixin.py:188} INFO - [2026-04-11T11:17:44.021+0000] {config.py:59} INFO - Configuration validation passed
[2026-04-11T11:17:44.128+0000] {processor.py:840} INFO - DAG(s) 'weather_etl_pipeline_v2' retrieved from /opt/airflow/dags/weather_etl_dag_v2.py
[2026-04-11T11:17:44.168+0000] {logging_mixin.py:188} INFO - [2026-04-11T11:17:44.168+0000] {dag.py:3089} INFO - Sync 1 DAGs
[2026-04-11T11:17:44.193+0000] {logging_mixin.py:188} INFO - [2026-04-11T11:17:44.192+0000] {dag.py:3947} INFO - Setting next_dagrun for weather_etl_pipeline_v2 to 2026-04-11 02:00:00+00:00, run_after=2026-04-12 02:00:00+00:00
[2026-04-11T11:17:44.219+0000] {processor.py:183} INFO - Processing /opt/airflow/dags/weather_etl_dag_v2.py took 0.322 seconds
[2026-04-11T11:18:14.496+0000] {processor.py:161} INFO - Started process (PID=230) to work on /opt/airflow/dags/weather_etl_dag_v2.py
[2026-04-11T11:18:14.500+0000] {processor.py:830} INFO - Processing file /opt/airflow/dags/weather_etl_dag_v2.py for tasks to queue
[2026-04-11T11:18:14.506+0000] {logging_mixin.py:188} INFO - [2026-04-11T11:18:14.505+0000] {dagbag.py:545} INFO - Filling up the DagBag from /opt/airflow/dags/weather_etl_dag_v2.py
[2026-04-11T11:18:14.715+0000] {logging_mixin.py:188} INFO - [2026-04-11T11:18:14.714+0000] {config.py:59} INFO - Configuration validation passed
[2026-04-11T11:18:14.901+0000] {processor.py:840} INFO - DAG(s) 'weather_etl_pipeline_v2' retrieved from /opt/airflow/dags/weather_etl_dag_v2.py
[2026-04-11T11:18:14.982+0000] {logging_mixin.py:188} INFO - [2026-04-11T11:18:14.981+0000] {dag.py:3089} INFO - Sync 1 DAGs
[2026-04-11T11:18:15.037+0000] {logging_mixin.py:188} INFO - [2026-04-11T11:18:15.036+0000] {dag.py:3947} INFO - Setting next_dagrun for weather_etl_pipeline_v2 to 2026-04-11 02:00:00+00:00, run_after=2026-04-12 02:00:00+00:00
[2026-04-11T11:18:15.096+0000] {processor.py:183} INFO - Processing /opt/airflow/dags/weather_etl_dag_v2.py took 0.614 seconds
[2026-04-11T11:18:45.197+0000] {processor.py:161} INFO - Started process (PID=240) to work on /opt/airflow/dags/weather_etl_dag_v2.py
[2026-04-11T11:18:45.199+0000] {processor.py:830} INFO - Processing file /opt/airflow/dags/weather_etl_dag_v2.py for tasks to queue
[2026-04-11T11:18:45.202+0000] {logging_mixin.py:188} INFO - [2026-04-11T11:18:45.202+0000] {dagbag.py:545} INFO - Filling up the DagBag from /opt/airflow/dags/weather_etl_dag_v2.py
[2026-04-11T11:18:45.289+0000] {logging_mixin.py:188} INFO - [2026-04-11T11:18:45.289+0000] {config.py:59} INFO - Configuration validation passed
[2026-04-11T11:18:45.386+0000] {processor.py:840} INFO - DAG(s) 'weather_etl_pipeline_v2' retrieved from /opt/airflow/dags/weather_etl_dag_v2.py
[2026-04-11T11:18:45.445+0000] {logging_mixin.py:188} INFO - [2026-04-11T11:18:45.445+0000] {dag.py:3089} INFO - Sync 1 DAGs
[2026-04-11T11:18:45.490+0000] {logging_mixin.py:188} INFO - [2026-04-11T11:18:45.490+0000] {dag.py:3947} INFO - Setting next_dagrun for weather_etl_pipeline_v2 to 2026-04-11 02:00:00+00:00, run_after=2026-04-12 02:00:00+00:00
[2026-04-11T11:18:45.524+0000] {processor.py:183} INFO - Processing /opt/airflow/dags/weather_etl_dag_v2.py took 0.338 seconds
[2026-04-11T11:19:15.982+0000] {processor.py:161} INFO - Started process (PID=250) to work on /opt/airflow/dags/weather_etl_dag_v2.py
[2026-04-11T11:19:15.985+0000] {processor.py:830} INFO - Processing file /opt/airflow/dags/weather_etl_dag_v2.py for tasks to queue
[2026-04-11T11:19:15.989+0000] {logging_mixin.py:188} INFO - [2026-04-11T11:19:15.989+0000] {dagbag.py:545} INFO - Filling up the DagBag from /opt/airflow/dags/weather_etl_dag_v2.py
[2026-04-11T11:19:16.084+0000] {logging_mixin.py:188} INFO - [2026-04-11T11:19:16.084+0000] {config.py:59} INFO - Configuration validation passed
[2026-04-11T11:19:16.167+0000] {processor.py:840} INFO - DAG(s) 'weather_etl_pipeline_v2' retrieved from /opt/airflow/dags/weather_etl_dag_v2.py
[2026-04-11T11:19:16.236+0000] {logging_mixin.py:188} INFO - [2026-04-11T11:19:16.236+0000] {dag.py:3089} INFO - Sync 1 DAGs
[2026-04-11T11:19:16.272+0000] {logging_mixin.py:188} INFO - [2026-04-11T11:19:16.272+0000] {dag.py:3947} INFO - Setting next_dagrun for weather_etl_pipeline_v2 to 2026-04-11 02:00:00+00:00, run_after=2026-04-12 02:00:00+00:00
[2026-04-11T11:19:16.312+0000] {processor.py:183} INFO - Processing /opt/airflow/dags/weather_etl_dag_v2.py took 0.340 seconds
[2026-04-11T11:19:46.727+0000] {processor.py:161} INFO - Started process (PID=260) to work on /opt/airflow/dags/weather_etl_dag_v2.py
[2026-04-11T11:19:46.729+0000] {processor.py:830} INFO - Processing file /opt/airflow/dags/weather_etl_dag_v2.py for tasks to queue
[2026-04-11T11:19:46.734+0000] {logging_mixin.py:188} INFO - [2026-04-11T11:19:46.733+0000] {dagbag.py:545} INFO - Filling up the DagBag from /opt/airflow/dags/weather_etl_dag_v2.py
[2026-04-11T11:19:46.916+0000] {logging_mixin.py:188} INFO - [2026-04-11T11:19:46.915+0000] {config.py:59} INFO - Configuration validation passed
[2026-04-11T11:19:47.077+0000] {processor.py:840} INFO - DAG(s) 'weather_etl_pipeline_v2' retrieved from /opt/airflow/dags/weather_etl_dag_v2.py
[2026-04-11T11:19:47.142+0000] {logging_mixin.py:188} INFO - [2026-04-11T11:19:47.141+0000] {dag.py:3089} INFO - Sync 1 DAGs
[2026-04-11T11:19:47.192+0000] {logging_mixin.py:188} INFO - [2026-04-11T11:19:47.192+0000] {dag.py:3947} INFO - Setting next_dagrun for weather_etl_pipeline_v2 to 2026-04-11 02:00:00+00:00, run_after=2026-04-12 02:00:00+00:00
[2026-04-11T11:19:47.218+0000] {processor.py:183} INFO - Processing /opt/airflow/dags/weather_etl_dag_v2.py took 0.506 seconds
[2026-04-11T11:20:17.527+0000] {processor.py:161} INFO - Started process (PID=270) to work on /opt/airflow/dags/weather_etl_dag_v2.py
[2026-04-11T11:20:17.530+0000] {processor.py:830} INFO - Processing file /opt/airflow/dags/weather_etl_dag_v2.py for tasks to queue
[2026-04-11T11:20:17.535+0000] {logging_mixin.py:188} INFO - [2026-04-11T11:20:17.534+0000] {dagbag.py:545} INFO - Filling up the DagBag from /opt/airflow/dags/weather_etl_dag_v2.py
[2026-04-11T11:20:17.713+0000] {logging_mixin.py:188} INFO - [2026-04-11T11:20:17.713+0000] {config.py:59} INFO - Configuration validation passed
[2026-04-11T11:20:17.874+0000] {processor.py:840} INFO - DAG(s) 'weather_etl_pipeline_v2' retrieved from /opt/airflow/dags/weather_etl_dag_v2.py
[2026-04-11T11:20:17.928+0000] {logging_mixin.py:188} INFO - [2026-04-11T11:20:17.928+0000] {dag.py:3089} INFO - Sync 1 DAGs
[2026-04-11T11:20:17.961+0000] {logging_mixin.py:188} INFO - [2026-04-11T11:20:17.960+0000] {dag.py:3947} INFO - Setting next_dagrun for weather_etl_pipeline_v2 to 2026-04-11 02:00:00+00:00, run_after=2026-04-12 02:00:00+00:00
[2026-04-11T11:20:17.994+0000] {processor.py:183} INFO - Processing /opt/airflow/dags/weather_etl_dag_v2.py took 0.479 seconds
[2026-04-11T11:20:48.414+0000] {processor.py:161} INFO - Started process (PID=280) to work on /opt/airflow/dags/weather_etl_dag_v2.py
[2026-04-11T11:20:48.417+0000] {processor.py:830} INFO - Processing file /opt/airflow/dags/weather_etl_dag_v2.py for tasks to queue
[2026-04-11T11:20:48.421+0000] {logging_mixin.py:188} INFO - [2026-04-11T11:20:48.420+0000] {dagbag.py:545} INFO - Filling up the DagBag from /opt/airflow/dags/weather_etl_dag_v2.py
[2026-04-11T11:20:48.499+0000] {logging_mixin.py:188} INFO - [2026-04-11T11:20:48.498+0000] {config.py:59} INFO - Configuration validation passed
[2026-04-11T11:20:48.586+0000] {processor.py:840} INFO - DAG(s) 'weather_etl_pipeline_v2' retrieved from /opt/airflow/dags/weather_etl_dag_v2.py
[2026-04-11T11:20:48.638+0000] {logging_mixin.py:188} INFO - [2026-04-11T11:20:48.638+0000] {dag.py:3089} INFO - Sync 1 DAGs
[2026-04-11T11:20:48.707+0000] {logging_mixin.py:188} INFO - [2026-04-11T11:20:48.707+0000] {dag.py:3947} INFO - Setting next_dagrun for weather_etl_pipeline_v2 to 2026-04-11 02:00:00+00:00, run_after=2026-04-12 02:00:00+00:00
[2026-04-11T11:20:48.745+0000] {processor.py:183} INFO - Processing /opt/airflow/dags/weather_etl_dag_v2.py took 0.342 seconds
[2026-04-11T11:21:19.788+0000] {processor.py:161} INFO - Started process (PID=295) to work on /opt/airflow/dags/weather_etl_dag_v2.py
[2026-04-11T11:21:19.790+0000] {processor.py:830} INFO - Processing file /opt/airflow/dags/weather_etl_dag_v2.py for tasks to queue
[2026-04-11T11:21:19.794+0000] {logging_mixin.py:188} INFO - [2026-04-11T11:21:19.794+0000] {dagbag.py:545} INFO - Filling up the DagBag from /opt/airflow/dags/weather_etl_dag_v2.py
[2026-04-11T11:21:19.863+0000] {logging_mixin.py:188} INFO - [2026-04-11T11:21:19.863+0000] {config.py:59} INFO - Configuration validation passed
[2026-04-11T11:21:19.934+0000] {processor.py:840} INFO - DAG(s) 'weather_etl_pipeline_v2' retrieved from /opt/airflow/dags/weather_etl_dag_v2.py
[2026-04-11T11:21:20.030+0000] {logging_mixin.py:188} INFO - [2026-04-11T11:21:20.030+0000] {dag.py:3089} INFO - Sync 1 DAGs
[2026-04-11T11:21:20.084+0000] {logging_mixin.py:188} INFO - [2026-04-11T11:21:20.083+0000] {dag.py:3947} INFO - Setting next_dagrun for weather_etl_pipeline_v2 to 2026-04-11 02:00:00+00:00, run_after=2026-04-12 02:00:00+00:00
[2026-04-11T11:21:20.128+0000] {processor.py:183} INFO - Processing /opt/airflow/dags/weather_etl_dag_v2.py took 0.348 seconds
[2026-04-11T11:21:50.253+0000] {processor.py:161} INFO - Started process (PID=305) to work on /opt/airflow/dags/weather_etl_dag_v2.py
[2026-04-11T11:21:50.256+0000] {processor.py:830} INFO - Processing file /opt/airflow/dags/weather_etl_dag_v2.py for tasks to queue
[2026-04-11T11:21:50.259+0000] {logging_mixin.py:188} INFO - [2026-04-11T11:21:50.258+0000] {dagbag.py:545} INFO - Filling up the DagBag from /opt/airflow/dags/weather_etl_dag_v2.py
[2026-04-11T11:21:50.330+0000] {logging_mixin.py:188} INFO - [2026-04-11T11:21:50.330+0000] {config.py:59} INFO - Configuration validation passed
[2026-04-11T11:21:50.420+0000] {processor.py:840} INFO - DAG(s) 'weather_etl_pipeline_v2' retrieved from /opt/airflow/dags/weather_etl_dag_v2.py
[2026-04-11T11:21:50.491+0000] {logging_mixin.py:188} INFO - [2026-04-11T11:21:50.490+0000] {dag.py:3089} INFO - Sync 1 DAGs
[2026-04-11T11:21:50.530+0000] {logging_mixin.py:188} INFO - [2026-04-11T11:21:50.530+0000] {dag.py:3947} INFO - Setting next_dagrun for weather_etl_pipeline_v2 to 2026-04-11 02:00:00+00:00, run_after=2026-04-12 02:00:00+00:00
[2026-04-11T11:21:50.565+0000] {processor.py:183} INFO - Processing /opt/airflow/dags/weather_etl_dag_v2.py took 0.321 seconds
[2026-04-11T11:22:20.828+0000] {processor.py:161} INFO - Started process (PID=315) to work on /opt/airflow/dags/weather_etl_dag_v2.py
[2026-04-11T11:22:20.830+0000] {processor.py:830} INFO - Processing file /opt/airflow/dags/weather_etl_dag_v2.py for tasks to queue
[2026-04-11T11:22:20.833+0000] {logging_mixin.py:188} INFO - [2026-04-11T11:22:20.833+0000] {dagbag.py:545} INFO - Filling up the DagBag from /opt/airflow/dags/weather_etl_dag_v2.py
[2026-04-11T11:22:20.938+0000] {logging_mixin.py:188} INFO - [2026-04-11T11:22:20.938+0000] {config.py:59} INFO - Configuration validation passed
[2026-04-11T11:22:21.030+0000] {processor.py:840} INFO - DAG(s) 'weather_etl_pipeline_v2' retrieved from /opt/airflow/dags/weather_etl_dag_v2.py
[2026-04-11T11:22:21.087+0000] {logging_mixin.py:188} INFO - [2026-04-11T11:22:21.086+0000] {dag.py:3089} INFO - Sync 1 DAGs
[2026-04-11T11:22:21.125+0000] {logging_mixin.py:188} INFO - [2026-04-11T11:22:21.124+0000] {dag.py:3947} INFO - Setting next_dagrun for weather_etl_pipeline_v2 to 2026-04-11 02:00:00+00:00, run_after=2026-04-12 02:00:00+00:00
[2026-04-11T11:22:21.161+0000] {processor.py:183} INFO - Processing /opt/airflow/dags/weather_etl_dag_v2.py took 0.341 seconds
[2026-04-11T11:22:51.464+0000] {processor.py:161} INFO - Started process (PID=325) to work on /opt/airflow/dags/weather_etl_dag_v2.py
[2026-04-11T11:22:51.466+0000] {processor.py:830} INFO - Processing file /opt/airflow/dags/weather_etl_dag_v2.py for tasks to queue
[2026-04-11T11:22:51.470+0000] {logging_mixin.py:188} INFO - [2026-04-11T11:22:51.469+0000] {dagbag.py:545} INFO - Filling up the DagBag from /opt/airflow/dags/weather_etl_dag_v2.py
[2026-04-11T11:22:51.566+0000] {logging_mixin.py:188} INFO - [2026-04-11T11:22:51.566+0000] {config.py:59} INFO - Configuration validation passed
[2026-04-11T11:22:51.640+0000] {processor.py:840} INFO - DAG(s) 'weather_etl_pipeline_v2' retrieved from /opt/airflow/dags/weather_etl_dag_v2.py
[2026-04-11T11:22:51.691+0000] {logging_mixin.py:188} INFO - [2026-04-11T11:22:51.690+0000] {dag.py:3089} INFO - Sync 1 DAGs
[2026-04-11T11:22:51.721+0000] {logging_mixin.py:188} INFO - [2026-04-11T11:22:51.720+0000] {dag.py:3947} INFO - Setting next_dagrun for weather_etl_pipeline_v2 to 2026-04-11 02:00:00+00:00, run_after=2026-04-12 02:00:00+00:00
[2026-04-11T11:22:51.758+0000] {processor.py:183} INFO - Processing /opt/airflow/dags/weather_etl_dag_v2.py took 0.304 seconds
[2026-04-11T11:23:22.035+0000] {processor.py:161} INFO - Started process (PID=335) to work on /opt/airflow/dags/weather_etl_dag_v2.py
[2026-04-11T11:23:22.037+0000] {processor.py:830} INFO - Processing file /opt/airflow/dags/weather_etl_dag_v2.py for tasks to queue
[2026-04-11T11:23:22.041+0000] {logging_mixin.py:188} INFO - [2026-04-11T11:23:22.040+0000] {dagbag.py:545} INFO - Filling up the DagBag from /opt/airflow/dags/weather_etl_dag_v2.py
[2026-04-11T11:23:22.149+0000] {logging_mixin.py:188} INFO - [2026-04-11T11:23:22.149+0000] {config.py:59} INFO - Configuration validation passed
[2026-04-11T11:23:22.226+0000] {processor.py:840} INFO - DAG(s) 'weather_etl_pipeline_v2' retrieved from /opt/airflow/dags/weather_etl_dag_v2.py
[2026-04-11T11:23:22.274+0000] {logging_mixin.py:188} INFO - [2026-04-11T11:23:22.274+0000] {dag.py:3089} INFO - Sync 1 DAGs
[2026-04-11T11:23:22.299+0000] {logging_mixin.py:188} INFO - [2026-04-11T11:23:22.299+0000] {dag.py:3947} INFO - Setting next_dagrun for weather_etl_pipeline_v2 to 2026-04-11 02:00:00+00:00, run_after=2026-04-12 02:00:00+00:00
[2026-04-11T11:23:22.324+0000] {processor.py:183} INFO - Processing /opt/airflow/dags/weather_etl_dag_v2.py took 0.301 seconds
[2026-04-11T11:23:52.644+0000] {processor.py:161} INFO - Started process (PID=345) to work on /opt/airflow/dags/weather_etl_dag_v2.py
[2026-04-11T11:23:52.647+0000] {processor.py:830} INFO - Processing file /opt/airflow/dags/weather_etl_dag_v2.py for tasks to queue
[2026-04-11T11:23:52.652+0000] {logging_mixin.py:188} INFO - [2026-04-11T11:23:52.651+0000] {dagbag.py:545} INFO - Filling up the DagBag from /opt/airflow/dags/weather_etl_dag_v2.py
[2026-04-11T11:23:52.789+0000] {logging_mixin.py:188} INFO - [2026-04-11T11:23:52.788+0000] {config.py:59} INFO - Configuration validation passed
[2026-04-11T11:23:52.889+0000] {processor.py:840} INFO - DAG(s) 'weather_etl_pipeline_v2' retrieved from /opt/airflow/dags/weather_etl_dag_v2.py
[2026-04-11T11:23:52.931+0000] {logging_mixin.py:188} INFO - [2026-04-11T11:23:52.930+0000] {dag.py:3089} INFO - Sync 1 DAGs
[2026-04-11T11:23:52.960+0000] {logging_mixin.py:188} INFO - [2026-04-11T11:23:52.959+0000] {dag.py:3947} INFO - Setting next_dagrun for weather_etl_pipeline_v2 to 2026-04-11 02:00:00+00:00, run_after=2026-04-12 02:00:00+00:00
[2026-04-11T11:23:52.992+0000] {processor.py:183} INFO - Processing /opt/airflow/dags/weather_etl_dag_v2.py took 0.364 seconds
[2026-04-11T11:24:23.273+0000] {processor.py:161} INFO - Started process (PID=355) to work on /opt/airflow/dags/weather_etl_dag_v2.py
[2026-04-11T11:24:23.276+0000] {processor.py:830} INFO - Processing file /opt/airflow/dags/weather_etl_dag_v2.py for tasks to queue
[2026-04-11T11:24:23.279+0000] {logging_mixin.py:188} INFO - [2026-04-11T11:24:23.279+0000] {dagbag.py:545} INFO - Filling up the DagBag from /opt/airflow/dags/weather_etl_dag_v2.py
[2026-04-11T11:24:23.380+0000] {logging_mixin.py:188} INFO - [2026-04-11T11:24:23.379+0000] {config.py:59} INFO - Configuration validation passed
[2026-04-11T11:24:23.451+0000] {processor.py:840} INFO - DAG(s) 'weather_etl_pipeline_v2' retrieved from /opt/airflow/dags/weather_etl_dag_v2.py
[2026-04-11T11:24:23.507+0000] {logging_mixin.py:188} INFO - [2026-04-11T11:24:23.506+0000] {dag.py:3089} INFO - Sync 1 DAGs
[2026-04-11T11:24:23.534+0000] {logging_mixin.py:188} INFO - [2026-04-11T11:24:23.534+0000] {dag.py:3947} INFO - Setting next_dagrun for weather_etl_pipeline_v2 to 2026-04-11 02:00:00+00:00, run_after=2026-04-12 02:00:00+00:00
[2026-04-11T11:24:23.562+0000] {processor.py:183} INFO - Processing /opt/airflow/dags/weather_etl_dag_v2.py took 0.300 seconds
[2026-04-11T11:24:53.913+0000] {processor.py:161} INFO - Started process (PID=365) to work on /opt/airflow/dags/weather_etl_dag_v2.py
[2026-04-11T11:24:53.915+0000] {processor.py:830} INFO - Processing file /opt/airflow/dags/weather_etl_dag_v2.py for tasks to queue
[2026-04-11T11:24:53.919+0000] {logging_mixin.py:188} INFO - [2026-04-11T11:24:53.919+0000] {dagbag.py:545} INFO - Filling up the DagBag from /opt/airflow/dags/weather_etl_dag_v2.py
[2026-04-11T11:24:54.058+0000] {logging_mixin.py:188} INFO - [2026-04-11T11:24:54.058+0000] {config.py:59} INFO - Configuration validation passed
[2026-04-11T11:24:54.172+0000] {processor.py:840} INFO - DAG(s) 'weather_etl_pipeline_v2' retrieved from /opt/airflow/dags/weather_etl_dag_v2.py
[2026-04-11T11:24:54.236+0000] {logging_mixin.py:188} INFO - [2026-04-11T11:24:54.236+0000] {dag.py:3089} INFO - Sync 1 DAGs
[2026-04-11T11:24:54.261+0000] {logging_mixin.py:188} INFO - [2026-04-11T11:24:54.260+0000] {dag.py:3947} INFO - Setting next_dagrun for weather_etl_pipeline_v2 to 2026-04-11 02:00:00+00:00, run_after=2026-04-12 02:00:00+00:00
[2026-04-11T11:24:54.287+0000] {processor.py:183} INFO - Processing /opt/airflow/dags/weather_etl_dag_v2.py took 0.387 seconds
[2026-04-11T11:25:24.465+0000] {processor.py:161} INFO - Started process (PID=375) to work on /opt/airflow/dags/weather_etl_dag_v2.py
[2026-04-11T11:25:24.467+0000] {processor.py:830} INFO - Processing file /opt/airflow/dags/weather_etl_dag_v2.py for tasks to queue
[2026-04-11T11:25:24.471+0000] {logging_mixin.py:188} INFO - [2026-04-11T11:25:24.471+0000] {dagbag.py:545} INFO - Filling up the DagBag from /opt/airflow/dags/weather_etl_dag_v2.py
[2026-04-11T11:25:24.578+0000] {logging_mixin.py:188} INFO - [2026-04-11T11:25:24.577+0000] {config.py:59} INFO - Configuration validation passed
[2026-04-11T11:25:24.700+0000] {processor.py:840} INFO - DAG(s) 'weather_etl_pipeline_v2' retrieved from /opt/airflow/dags/weather_etl_dag_v2.py
[2026-04-11T11:25:24.734+0000] {logging_mixin.py:188} INFO - [2026-04-11T11:25:24.734+0000] {dag.py:3089} INFO - Sync 1 DAGs
[2026-04-11T11:25:24.758+0000] {logging_mixin.py:188} INFO - [2026-04-11T11:25:24.758+0000] {dag.py:3947} INFO - Setting next_dagrun for weather_etl_pipeline_v2 to 2026-04-11 02:00:00+00:00, run_after=2026-04-12 02:00:00+00:00
[2026-04-11T11:25:24.779+0000] {processor.py:183} INFO - Processing /opt/airflow/dags/weather_etl_dag_v2.py took 0.324 seconds
[2026-04-11T11:25:55.248+0000] {processor.py:161} INFO - Started process (PID=385) to work on /opt/airflow/dags/weather_etl_dag_v2.py
[2026-04-11T11:25:55.250+0000] {processor.py:830} INFO - Processing file /opt/airflow/dags/weather_etl_dag_v2.py for tasks to queue
[2026-04-11T11:25:55.254+0000] {logging_mixin.py:188} INFO - [2026-04-11T11:25:55.253+0000] {dagbag.py:545} INFO - Filling up the DagBag from /opt/airflow/dags/weather_etl_dag_v2.py
[2026-04-11T11:25:55.326+0000] {logging_mixin.py:188} INFO - [2026-04-11T11:25:55.326+0000] {config.py:59} INFO - Configuration validation passed
[2026-04-11T11:25:55.388+0000] {processor.py:840} INFO - DAG(s) 'weather_etl_pipeline_v2' retrieved from /opt/airflow/dags/weather_etl_dag_v2.py
[2026-04-11T11:25:55.439+0000] {logging_mixin.py:188} INFO - [2026-04-11T11:25:55.439+0000] {dag.py:3089} INFO - Sync 1 DAGs
[2026-04-11T11:25:55.474+0000] {logging_mixin.py:188} INFO - [2026-04-11T11:25:55.474+0000] {dag.py:3947} INFO - Setting next_dagrun for weather_etl_pipeline_v2 to 2026-04-11 02:00:00+00:00, run_after=2026-04-12 02:00:00+00:00
[2026-04-11T11:25:55.514+0000] {processor.py:183} INFO - Processing /opt/airflow/dags/weather_etl_dag_v2.py took 0.274 seconds
[2026-04-11T11:26:22.696+0000] {processor.py:161} INFO - Started process (PID=390) to work on /opt/airflow/dags/weather_etl_dag_v2.py
[2026-04-11T11:26:22.698+0000] {processor.py:830} INFO - Processing file /opt/airflow/dags/weather_etl_dag_v2.py for tasks to queue
[2026-04-11T11:26:22.702+0000] {logging_mixin.py:188} INFO - [2026-04-11T11:26:22.702+0000] {dagbag.py:545} INFO - Filling up the DagBag from /opt/airflow/dags/weather_etl_dag_v2.py
[2026-04-11T11:26:22.835+0000] {logging_mixin.py:188} INFO - [2026-04-11T11:26:22.834+0000] {config.py:59} INFO - Configuration validation passed
[2026-04-11T11:26:22.934+0000] {processor.py:840} INFO - DAG(s) 'weather_etl_pipeline_v2' retrieved from /opt/airflow/dags/weather_etl_dag_v2.py
[2026-04-11T11:26:22.983+0000] {logging_mixin.py:188} INFO - [2026-04-11T11:26:22.982+0000] {dag.py:3089} INFO - Sync 1 DAGs
[2026-04-11T11:26:23.014+0000] {logging_mixin.py:188} INFO - [2026-04-11T11:26:23.014+0000] {dag.py:3947} INFO - Setting next_dagrun for weather_etl_pipeline_v2 to 2026-04-11 02:00:00+00:00, run_after=2026-04-12 02:00:00+00:00
[2026-04-11T11:26:23.055+0000] {processor.py:183} INFO - Processing /opt/airflow/dags/weather_etl_dag_v2.py took 0.368 seconds
[2026-04-11T11:26:37.089+0000] {processor.py:161} INFO - Started process (PID=400) to work on /opt/airflow/dags/weather_etl_dag_v2.py
[2026-04-11T11:26:37.091+0000] {processor.py:830} INFO - Processing file /opt/airflow/dags/weather_etl_dag_v2.py for tasks to queue
[2026-04-11T11:26:37.094+0000] {logging_mixin.py:188} INFO - [2026-04-11T11:26:37.094+0000] {dagbag.py:545} INFO - Filling up the DagBag from /opt/airflow/dags/weather_etl_dag_v2.py
[2026-04-11T11:26:37.235+0000] {logging_mixin.py:188} INFO - [2026-04-11T11:26:37.235+0000] {config.py:59} INFO - Configuration validation passed
[2026-04-11T11:26:37.383+0000] {logging_mixin.py:188} INFO - [2026-04-11T11:26:37.365+0000] {dagbag.py:355} ERROR - Failed to import: /opt/airflow/dags/weather_etl_dag_v2.py
Traceback (most recent call last):
  File "/home/airflow/.local/lib/python3.12/site-packages/airflow/models/dagbag.py", line 351, in parse
    loader.exec_module(new_module)
  File "<frozen importlib._bootstrap_external>", line 995, in exec_module
  File "<frozen importlib._bootstrap>", line 488, in _call_with_frames_removed
  File "/opt/airflow/dags/weather_etl_dag_v2.py", line 383, in <module>
    load_raw = PythonOperator(
               ^^^^^^^^^^^^^^^
  File "/home/airflow/.local/lib/python3.12/site-packages/airflow/models/baseoperator.py", line 485, in apply_defaults
    result = func(self, **kwargs, default_args=default_args)
             ^^^^^^^^^^^^^^^^^^^^^^^^^^^^^^^^^^^^^^^^^^^^^^^
  File "/home/airflow/.local/lib/python3.12/site-packages/airflow/operators/python.py", line 220, in __init__
    super().__init__(**kwargs)
  File "/home/airflow/.local/lib/python3.12/site-packages/airflow/models/baseoperator.py", line 485, in apply_defaults
    result = func(self, **kwargs, default_args=default_args)
             ^^^^^^^^^^^^^^^^^^^^^^^^^^^^^^^^^^^^^^^^^^^^^^^
  File "/home/airflow/.local/lib/python3.12/site-packages/airflow/models/baseoperator.py", line 900, in __init__
    task_group.add(self)
  File "/home/airflow/.local/lib/python3.12/site-packages/airflow/utils/task_group.py", line 232, in add
    raise DuplicateTaskIdFound(f"{node_type} id '{key}' has already been added to the DAG")
airflow.exceptions.DuplicateTaskIdFound: Task id 'load_raw' has already been added to the DAG
[2026-04-11T11:26:37.384+0000] {processor.py:842} WARNING - No viable dags retrieved from /opt/airflow/dags/weather_etl_dag_v2.py
[2026-04-11T11:26:37.422+0000] {processor.py:183} INFO - Processing /opt/airflow/dags/weather_etl_dag_v2.py took 0.341 seconds
[2026-04-11T11:26:42.596+0000] {processor.py:161} INFO - Started process (PID=405) to work on /opt/airflow/dags/weather_etl_dag_v2.py
[2026-04-11T11:26:42.600+0000] {processor.py:830} INFO - Processing file /opt/airflow/dags/weather_etl_dag_v2.py for tasks to queue
[2026-04-11T11:26:42.603+0000] {logging_mixin.py:188} INFO - [2026-04-11T11:26:42.603+0000] {dagbag.py:545} INFO - Filling up the DagBag from /opt/airflow/dags/weather_etl_dag_v2.py
[2026-04-11T11:26:42.764+0000] {logging_mixin.py:188} INFO - [2026-04-11T11:26:42.763+0000] {config.py:59} INFO - Configuration validation passed
[2026-04-11T11:26:42.855+0000] {processor.py:840} INFO - DAG(s) 'weather_etl_pipeline_v2' retrieved from /opt/airflow/dags/weather_etl_dag_v2.py
[2026-04-11T11:26:43.147+0000] {logging_mixin.py:188} INFO - [2026-04-11T11:26:43.147+0000] {dag.py:3089} INFO - Sync 1 DAGs
[2026-04-11T11:26:43.182+0000] {logging_mixin.py:188} INFO - [2026-04-11T11:26:43.182+0000] {dag.py:3947} INFO - Setting next_dagrun for weather_etl_pipeline_v2 to 2026-04-11 02:00:00+00:00, run_after=2026-04-12 02:00:00+00:00
[2026-04-11T11:26:43.224+0000] {processor.py:183} INFO - Processing /opt/airflow/dags/weather_etl_dag_v2.py took 0.636 seconds
[2026-04-11T11:26:58.665+0000] {processor.py:161} INFO - Started process (PID=169) to work on /opt/airflow/dags/weather_etl_dag_v2.py
[2026-04-11T11:26:58.667+0000] {processor.py:830} INFO - Processing file /opt/airflow/dags/weather_etl_dag_v2.py for tasks to queue
[2026-04-11T11:26:58.670+0000] {logging_mixin.py:188} INFO - [2026-04-11T11:26:58.669+0000] {dagbag.py:545} INFO - Filling up the DagBag from /opt/airflow/dags/weather_etl_dag_v2.py
[2026-04-11T11:26:58.745+0000] {logging_mixin.py:188} INFO - [2026-04-11T11:26:58.744+0000] {config.py:59} INFO - Configuration validation passed
[2026-04-11T11:26:58.823+0000] {processor.py:840} INFO - DAG(s) 'weather_etl_pipeline_v2' retrieved from /opt/airflow/dags/weather_etl_dag_v2.py
[2026-04-11T11:26:58.873+0000] {logging_mixin.py:188} INFO - [2026-04-11T11:26:58.873+0000] {dag.py:3089} INFO - Sync 1 DAGs
[2026-04-11T11:26:58.912+0000] {logging_mixin.py:188} INFO - [2026-04-11T11:26:58.912+0000] {dag.py:3947} INFO - Setting next_dagrun for weather_etl_pipeline_v2 to 2026-04-11 02:00:00+00:00, run_after=2026-04-12 02:00:00+00:00
[2026-04-11T11:26:58.941+0000] {processor.py:183} INFO - Processing /opt/airflow/dags/weather_etl_dag_v2.py took 0.285 seconds
[2026-04-11T11:27:29.194+0000] {processor.py:161} INFO - Started process (PID=192) to work on /opt/airflow/dags/weather_etl_dag_v2.py
[2026-04-11T11:27:29.196+0000] {processor.py:830} INFO - Processing file /opt/airflow/dags/weather_etl_dag_v2.py for tasks to queue
[2026-04-11T11:27:29.199+0000] {logging_mixin.py:188} INFO - [2026-04-11T11:27:29.198+0000] {dagbag.py:545} INFO - Filling up the DagBag from /opt/airflow/dags/weather_etl_dag_v2.py
[2026-04-11T11:27:29.273+0000] {logging_mixin.py:188} INFO - [2026-04-11T11:27:29.273+0000] {config.py:59} INFO - Configuration validation passed
[2026-04-11T11:27:29.362+0000] {processor.py:840} INFO - DAG(s) 'weather_etl_pipeline_v2' retrieved from /opt/airflow/dags/weather_etl_dag_v2.py
[2026-04-11T11:27:29.415+0000] {logging_mixin.py:188} INFO - [2026-04-11T11:27:29.415+0000] {dag.py:3089} INFO - Sync 1 DAGs
[2026-04-11T11:27:29.447+0000] {logging_mixin.py:188} INFO - [2026-04-11T11:27:29.447+0000] {dag.py:3947} INFO - Setting next_dagrun for weather_etl_pipeline_v2 to 2026-04-11 02:00:00+00:00, run_after=2026-04-12 02:00:00+00:00
[2026-04-11T11:27:29.483+0000] {processor.py:183} INFO - Processing /opt/airflow/dags/weather_etl_dag_v2.py took 0.294 seconds
[2026-04-11T11:27:59.747+0000] {processor.py:161} INFO - Started process (PID=202) to work on /opt/airflow/dags/weather_etl_dag_v2.py
[2026-04-11T11:27:59.755+0000] {processor.py:830} INFO - Processing file /opt/airflow/dags/weather_etl_dag_v2.py for tasks to queue
[2026-04-11T11:27:59.763+0000] {logging_mixin.py:188} INFO - [2026-04-11T11:27:59.762+0000] {dagbag.py:545} INFO - Filling up the DagBag from /opt/airflow/dags/weather_etl_dag_v2.py
[2026-04-11T11:27:59.864+0000] {logging_mixin.py:188} INFO - [2026-04-11T11:27:59.864+0000] {config.py:59} INFO - Configuration validation passed
[2026-04-11T11:27:59.967+0000] {processor.py:840} INFO - DAG(s) 'weather_etl_pipeline_v2' retrieved from /opt/airflow/dags/weather_etl_dag_v2.py
[2026-04-11T11:28:00.009+0000] {logging_mixin.py:188} INFO - [2026-04-11T11:28:00.009+0000] {dag.py:3089} INFO - Sync 1 DAGs
[2026-04-11T11:28:00.046+0000] {logging_mixin.py:188} INFO - [2026-04-11T11:28:00.046+0000] {dag.py:3947} INFO - Setting next_dagrun for weather_etl_pipeline_v2 to 2026-04-11 02:00:00+00:00, run_after=2026-04-12 02:00:00+00:00
[2026-04-11T11:28:00.069+0000] {processor.py:183} INFO - Processing /opt/airflow/dags/weather_etl_dag_v2.py took 0.333 seconds
[2026-04-11T11:28:30.344+0000] {processor.py:161} INFO - Started process (PID=212) to work on /opt/airflow/dags/weather_etl_dag_v2.py
[2026-04-11T11:28:30.346+0000] {processor.py:830} INFO - Processing file /opt/airflow/dags/weather_etl_dag_v2.py for tasks to queue
[2026-04-11T11:28:30.352+0000] {logging_mixin.py:188} INFO - [2026-04-11T11:28:30.350+0000] {dagbag.py:545} INFO - Filling up the DagBag from /opt/airflow/dags/weather_etl_dag_v2.py
[2026-04-11T11:28:30.468+0000] {logging_mixin.py:188} INFO - [2026-04-11T11:28:30.467+0000] {config.py:59} INFO - Configuration validation passed
[2026-04-11T11:28:30.558+0000] {processor.py:840} INFO - DAG(s) 'weather_etl_pipeline_v2' retrieved from /opt/airflow/dags/weather_etl_dag_v2.py
[2026-04-11T11:28:30.591+0000] {logging_mixin.py:188} INFO - [2026-04-11T11:28:30.591+0000] {dag.py:3089} INFO - Sync 1 DAGs
[2026-04-11T11:28:30.624+0000] {logging_mixin.py:188} INFO - [2026-04-11T11:28:30.623+0000] {dag.py:3947} INFO - Setting next_dagrun for weather_etl_pipeline_v2 to 2026-04-11 02:00:00+00:00, run_after=2026-04-12 02:00:00+00:00
[2026-04-11T11:28:30.658+0000] {processor.py:183} INFO - Processing /opt/airflow/dags/weather_etl_dag_v2.py took 0.321 seconds
[2026-04-11T11:28:58.876+0000] {processor.py:161} INFO - Started process (PID=222) to work on /opt/airflow/dags/weather_etl_dag_v2.py
[2026-04-11T11:28:58.879+0000] {processor.py:830} INFO - Processing file /opt/airflow/dags/weather_etl_dag_v2.py for tasks to queue
[2026-04-11T11:28:58.883+0000] {logging_mixin.py:188} INFO - [2026-04-11T11:28:58.882+0000] {dagbag.py:545} INFO - Filling up the DagBag from /opt/airflow/dags/weather_etl_dag_v2.py
[2026-04-11T11:28:59.036+0000] {logging_mixin.py:188} INFO - [2026-04-11T11:28:59.036+0000] {config.py:59} INFO - Configuration validation passed
[2026-04-11T11:28:59.178+0000] {logging_mixin.py:188} INFO - [2026-04-11T11:28:59.159+0000] {dagbag.py:355} ERROR - Failed to import: /opt/airflow/dags/weather_etl_dag_v2.py
Traceback (most recent call last):
  File "/home/airflow/.local/lib/python3.12/site-packages/airflow/models/dagbag.py", line 351, in parse
    loader.exec_module(new_module)
  File "<frozen importlib._bootstrap_external>", line 995, in exec_module
  File "<frozen importlib._bootstrap>", line 488, in _call_with_frames_removed
  File "/opt/airflow/dags/weather_etl_dag_v2.py", line 338, in <module>
    python_callable=cleanup_old_records_task,
                    ^^^^^^^^^^^^^^^^^^^^^^^^
NameError: name 'cleanup_old_records_task' is not defined
[2026-04-11T11:28:59.186+0000] {processor.py:842} WARNING - No viable dags retrieved from /opt/airflow/dags/weather_etl_dag_v2.py
[2026-04-11T11:28:59.219+0000] {processor.py:183} INFO - Processing /opt/airflow/dags/weather_etl_dag_v2.py took 0.352 seconds
[2026-04-11T11:29:05.274+0000] {processor.py:161} INFO - Started process (PID=232) to work on /opt/airflow/dags/weather_etl_dag_v2.py
[2026-04-11T11:29:05.277+0000] {processor.py:830} INFO - Processing file /opt/airflow/dags/weather_etl_dag_v2.py for tasks to queue
[2026-04-11T11:29:05.281+0000] {logging_mixin.py:188} INFO - [2026-04-11T11:29:05.280+0000] {dagbag.py:545} INFO - Filling up the DagBag from /opt/airflow/dags/weather_etl_dag_v2.py
[2026-04-11T11:29:05.408+0000] {logging_mixin.py:188} INFO - [2026-04-11T11:29:05.408+0000] {config.py:59} INFO - Configuration validation passed
[2026-04-11T11:29:05.489+0000] {processor.py:840} INFO - DAG(s) 'weather_etl_pipeline_v2' retrieved from /opt/airflow/dags/weather_etl_dag_v2.py
[2026-04-11T11:29:05.631+0000] {logging_mixin.py:188} INFO - [2026-04-11T11:29:05.630+0000] {dag.py:3089} INFO - Sync 1 DAGs
[2026-04-11T11:29:05.663+0000] {logging_mixin.py:188} INFO - [2026-04-11T11:29:05.663+0000] {dag.py:3947} INFO - Setting next_dagrun for weather_etl_pipeline_v2 to 2026-04-11 02:00:00+00:00, run_after=2026-04-12 02:00:00+00:00
[2026-04-11T11:29:05.715+0000] {processor.py:183} INFO - Processing /opt/airflow/dags/weather_etl_dag_v2.py took 0.449 seconds
[2026-04-11T11:29:24.098+0000] {processor.py:161} INFO - Started process (PID=169) to work on /opt/airflow/dags/weather_etl_dag_v2.py
[2026-04-11T11:29:24.100+0000] {processor.py:830} INFO - Processing file /opt/airflow/dags/weather_etl_dag_v2.py for tasks to queue
[2026-04-11T11:29:24.103+0000] {logging_mixin.py:188} INFO - [2026-04-11T11:29:24.103+0000] {dagbag.py:545} INFO - Filling up the DagBag from /opt/airflow/dags/weather_etl_dag_v2.py
[2026-04-11T11:29:24.180+0000] {logging_mixin.py:188} INFO - [2026-04-11T11:29:24.179+0000] {config.py:59} INFO - Configuration validation passed
[2026-04-11T11:29:24.283+0000] {processor.py:840} INFO - DAG(s) 'weather_etl_pipeline_v2' retrieved from /opt/airflow/dags/weather_etl_dag_v2.py
[2026-04-11T11:29:24.344+0000] {logging_mixin.py:188} INFO - [2026-04-11T11:29:24.344+0000] {dag.py:3089} INFO - Sync 1 DAGs
[2026-04-11T11:29:24.373+0000] {logging_mixin.py:188} INFO - [2026-04-11T11:29:24.373+0000] {dag.py:3947} INFO - Setting next_dagrun for weather_etl_pipeline_v2 to 2026-04-11 02:00:00+00:00, run_after=2026-04-12 02:00:00+00:00
[2026-04-11T11:29:24.403+0000] {processor.py:183} INFO - Processing /opt/airflow/dags/weather_etl_dag_v2.py took 0.312 seconds
[2026-04-11T11:29:54.612+0000] {processor.py:161} INFO - Started process (PID=190) to work on /opt/airflow/dags/weather_etl_dag_v2.py
[2026-04-11T11:29:54.614+0000] {processor.py:830} INFO - Processing file /opt/airflow/dags/weather_etl_dag_v2.py for tasks to queue
[2026-04-11T11:29:54.617+0000] {logging_mixin.py:188} INFO - [2026-04-11T11:29:54.616+0000] {dagbag.py:545} INFO - Filling up the DagBag from /opt/airflow/dags/weather_etl_dag_v2.py
[2026-04-11T11:29:54.737+0000] {logging_mixin.py:188} INFO - [2026-04-11T11:29:54.736+0000] {config.py:59} INFO - Configuration validation passed
[2026-04-11T11:29:54.858+0000] {processor.py:840} INFO - DAG(s) 'weather_etl_pipeline_v2' retrieved from /opt/airflow/dags/weather_etl_dag_v2.py
[2026-04-11T11:29:54.913+0000] {logging_mixin.py:188} INFO - [2026-04-11T11:29:54.913+0000] {dag.py:3089} INFO - Sync 1 DAGs
[2026-04-11T11:29:54.943+0000] {logging_mixin.py:188} INFO - [2026-04-11T11:29:54.943+0000] {dag.py:3947} INFO - Setting next_dagrun for weather_etl_pipeline_v2 to 2026-04-11 02:00:00+00:00, run_after=2026-04-12 02:00:00+00:00
[2026-04-11T11:29:54.978+0000] {processor.py:183} INFO - Processing /opt/airflow/dags/weather_etl_dag_v2.py took 0.373 seconds
[2026-04-11T11:30:25.205+0000] {processor.py:161} INFO - Started process (PID=200) to work on /opt/airflow/dags/weather_etl_dag_v2.py
[2026-04-11T11:30:25.208+0000] {processor.py:830} INFO - Processing file /opt/airflow/dags/weather_etl_dag_v2.py for tasks to queue
[2026-04-11T11:30:25.211+0000] {logging_mixin.py:188} INFO - [2026-04-11T11:30:25.211+0000] {dagbag.py:545} INFO - Filling up the DagBag from /opt/airflow/dags/weather_etl_dag_v2.py
[2026-04-11T11:30:25.327+0000] {logging_mixin.py:188} INFO - [2026-04-11T11:30:25.326+0000] {config.py:59} INFO - Configuration validation passed
[2026-04-11T11:30:25.424+0000] {processor.py:840} INFO - DAG(s) 'weather_etl_pipeline_v2' retrieved from /opt/airflow/dags/weather_etl_dag_v2.py
[2026-04-11T11:30:25.459+0000] {logging_mixin.py:188} INFO - [2026-04-11T11:30:25.459+0000] {dag.py:3089} INFO - Sync 1 DAGs
[2026-04-11T11:30:25.488+0000] {logging_mixin.py:188} INFO - [2026-04-11T11:30:25.488+0000] {dag.py:3947} INFO - Setting next_dagrun for weather_etl_pipeline_v2 to 2026-04-11 02:00:00+00:00, run_after=2026-04-12 02:00:00+00:00
[2026-04-11T11:30:25.516+0000] {processor.py:183} INFO - Processing /opt/airflow/dags/weather_etl_dag_v2.py took 0.320 seconds
[2026-04-11T11:30:55.798+0000] {processor.py:161} INFO - Started process (PID=210) to work on /opt/airflow/dags/weather_etl_dag_v2.py
[2026-04-11T11:30:55.800+0000] {processor.py:830} INFO - Processing file /opt/airflow/dags/weather_etl_dag_v2.py for tasks to queue
[2026-04-11T11:30:55.804+0000] {logging_mixin.py:188} INFO - [2026-04-11T11:30:55.803+0000] {dagbag.py:545} INFO - Filling up the DagBag from /opt/airflow/dags/weather_etl_dag_v2.py
[2026-04-11T11:30:55.892+0000] {logging_mixin.py:188} INFO - [2026-04-11T11:30:55.891+0000] {config.py:59} INFO - Configuration validation passed
[2026-04-11T11:30:55.994+0000] {processor.py:840} INFO - DAG(s) 'weather_etl_pipeline_v2' retrieved from /opt/airflow/dags/weather_etl_dag_v2.py
[2026-04-11T11:30:56.033+0000] {logging_mixin.py:188} INFO - [2026-04-11T11:30:56.033+0000] {dag.py:3089} INFO - Sync 1 DAGs
[2026-04-11T11:30:56.058+0000] {logging_mixin.py:188} INFO - [2026-04-11T11:30:56.058+0000] {dag.py:3947} INFO - Setting next_dagrun for weather_etl_pipeline_v2 to 2026-04-11 02:00:00+00:00, run_after=2026-04-12 02:00:00+00:00
[2026-04-11T11:30:56.085+0000] {processor.py:183} INFO - Processing /opt/airflow/dags/weather_etl_dag_v2.py took 0.297 seconds
[2026-04-11T11:31:12.868+0000] {processor.py:161} INFO - Started process (PID=169) to work on /opt/airflow/dags/weather_etl_dag_v2.py
[2026-04-11T11:31:12.871+0000] {processor.py:830} INFO - Processing file /opt/airflow/dags/weather_etl_dag_v2.py for tasks to queue
[2026-04-11T11:31:12.875+0000] {logging_mixin.py:188} INFO - [2026-04-11T11:31:12.874+0000] {dagbag.py:545} INFO - Filling up the DagBag from /opt/airflow/dags/weather_etl_dag_v2.py
[2026-04-11T11:31:12.961+0000] {logging_mixin.py:188} INFO - [2026-04-11T11:31:12.960+0000] {config.py:59} INFO - Configuration validation passed
[2026-04-11T11:31:13.037+0000] {processor.py:840} INFO - DAG(s) 'weather_etl_pipeline_v2' retrieved from /opt/airflow/dags/weather_etl_dag_v2.py
[2026-04-11T11:31:13.100+0000] {logging_mixin.py:188} INFO - [2026-04-11T11:31:13.100+0000] {dag.py:3089} INFO - Sync 1 DAGs
[2026-04-11T11:31:13.129+0000] {logging_mixin.py:188} INFO - [2026-04-11T11:31:13.129+0000] {dag.py:3947} INFO - Setting next_dagrun for weather_etl_pipeline_v2 to 2026-04-11 02:00:00+00:00, run_after=2026-04-12 02:00:00+00:00
[2026-04-11T11:31:13.155+0000] {processor.py:183} INFO - Processing /opt/airflow/dags/weather_etl_dag_v2.py took 0.297 seconds
[2026-04-11T11:31:43.427+0000] {processor.py:161} INFO - Started process (PID=190) to work on /opt/airflow/dags/weather_etl_dag_v2.py
[2026-04-11T11:31:43.429+0000] {processor.py:830} INFO - Processing file /opt/airflow/dags/weather_etl_dag_v2.py for tasks to queue
[2026-04-11T11:31:43.434+0000] {logging_mixin.py:188} INFO - [2026-04-11T11:31:43.433+0000] {dagbag.py:545} INFO - Filling up the DagBag from /opt/airflow/dags/weather_etl_dag_v2.py
[2026-04-11T11:31:43.550+0000] {logging_mixin.py:188} INFO - [2026-04-11T11:31:43.550+0000] {config.py:59} INFO - Configuration validation passed
[2026-04-11T11:31:43.636+0000] {processor.py:840} INFO - DAG(s) 'weather_etl_pipeline_v2' retrieved from /opt/airflow/dags/weather_etl_dag_v2.py
[2026-04-11T11:31:43.686+0000] {logging_mixin.py:188} INFO - [2026-04-11T11:31:43.686+0000] {dag.py:3089} INFO - Sync 1 DAGs
[2026-04-11T11:31:43.725+0000] {logging_mixin.py:188} INFO - [2026-04-11T11:31:43.725+0000] {dag.py:3947} INFO - Setting next_dagrun for weather_etl_pipeline_v2 to 2026-04-11 02:00:00+00:00, run_after=2026-04-12 02:00:00+00:00
[2026-04-11T11:31:43.761+0000] {processor.py:183} INFO - Processing /opt/airflow/dags/weather_etl_dag_v2.py took 0.345 seconds
[2026-04-11T11:32:14.059+0000] {processor.py:161} INFO - Started process (PID=204) to work on /opt/airflow/dags/weather_etl_dag_v2.py
[2026-04-11T11:32:14.061+0000] {processor.py:830} INFO - Processing file /opt/airflow/dags/weather_etl_dag_v2.py for tasks to queue
[2026-04-11T11:32:14.064+0000] {logging_mixin.py:188} INFO - [2026-04-11T11:32:14.064+0000] {dagbag.py:545} INFO - Filling up the DagBag from /opt/airflow/dags/weather_etl_dag_v2.py
[2026-04-11T11:32:14.168+0000] {logging_mixin.py:188} INFO - [2026-04-11T11:32:14.167+0000] {config.py:59} INFO - Configuration validation passed
[2026-04-11T11:32:14.245+0000] {processor.py:840} INFO - DAG(s) 'weather_etl_pipeline_v2' retrieved from /opt/airflow/dags/weather_etl_dag_v2.py
[2026-04-11T11:32:14.285+0000] {logging_mixin.py:188} INFO - [2026-04-11T11:32:14.285+0000] {dag.py:3089} INFO - Sync 1 DAGs
[2026-04-11T11:32:14.311+0000] {logging_mixin.py:188} INFO - [2026-04-11T11:32:14.311+0000] {dag.py:3947} INFO - Setting next_dagrun for weather_etl_pipeline_v2 to 2026-04-11 02:00:00+00:00, run_after=2026-04-12 02:00:00+00:00
[2026-04-11T11:32:14.341+0000] {processor.py:183} INFO - Processing /opt/airflow/dags/weather_etl_dag_v2.py took 0.291 seconds
[2026-04-11T11:32:44.698+0000] {processor.py:161} INFO - Started process (PID=222) to work on /opt/airflow/dags/weather_etl_dag_v2.py
[2026-04-11T11:32:44.699+0000] {processor.py:830} INFO - Processing file /opt/airflow/dags/weather_etl_dag_v2.py for tasks to queue
[2026-04-11T11:32:44.702+0000] {logging_mixin.py:188} INFO - [2026-04-11T11:32:44.702+0000] {dagbag.py:545} INFO - Filling up the DagBag from /opt/airflow/dags/weather_etl_dag_v2.py
[2026-04-11T11:32:44.803+0000] {logging_mixin.py:188} INFO - [2026-04-11T11:32:44.803+0000] {config.py:59} INFO - Configuration validation passed
[2026-04-11T11:32:44.896+0000] {processor.py:840} INFO - DAG(s) 'weather_etl_pipeline_v2' retrieved from /opt/airflow/dags/weather_etl_dag_v2.py
[2026-04-11T11:32:44.934+0000] {logging_mixin.py:188} INFO - [2026-04-11T11:32:44.934+0000] {dag.py:3089} INFO - Sync 1 DAGs
[2026-04-11T11:32:44.955+0000] {logging_mixin.py:188} INFO - [2026-04-11T11:32:44.955+0000] {dag.py:3947} INFO - Setting next_dagrun for weather_etl_pipeline_v2 to 2026-04-11 02:00:00+00:00, run_after=2026-04-12 02:00:00+00:00
[2026-04-11T11:32:44.975+0000] {processor.py:183} INFO - Processing /opt/airflow/dags/weather_etl_dag_v2.py took 0.284 seconds
[2026-04-11T11:33:15.277+0000] {processor.py:161} INFO - Started process (PID=232) to work on /opt/airflow/dags/weather_etl_dag_v2.py
[2026-04-11T11:33:15.279+0000] {processor.py:830} INFO - Processing file /opt/airflow/dags/weather_etl_dag_v2.py for tasks to queue
[2026-04-11T11:33:15.282+0000] {logging_mixin.py:188} INFO - [2026-04-11T11:33:15.282+0000] {dagbag.py:545} INFO - Filling up the DagBag from /opt/airflow/dags/weather_etl_dag_v2.py
[2026-04-11T11:33:15.379+0000] {logging_mixin.py:188} INFO - [2026-04-11T11:33:15.378+0000] {config.py:59} INFO - Configuration validation passed
[2026-04-11T11:33:15.479+0000] {processor.py:840} INFO - DAG(s) 'weather_etl_pipeline_v2' retrieved from /opt/airflow/dags/weather_etl_dag_v2.py
[2026-04-11T11:33:15.517+0000] {logging_mixin.py:188} INFO - [2026-04-11T11:33:15.517+0000] {dag.py:3089} INFO - Sync 1 DAGs
[2026-04-11T11:33:15.540+0000] {logging_mixin.py:188} INFO - [2026-04-11T11:33:15.539+0000] {dag.py:3947} INFO - Setting next_dagrun for weather_etl_pipeline_v2 to 2026-04-11 02:00:00+00:00, run_after=2026-04-12 02:00:00+00:00
[2026-04-11T11:33:15.563+0000] {processor.py:183} INFO - Processing /opt/airflow/dags/weather_etl_dag_v2.py took 0.292 seconds
[2026-04-11T11:33:45.861+0000] {processor.py:161} INFO - Started process (PID=242) to work on /opt/airflow/dags/weather_etl_dag_v2.py
[2026-04-11T11:33:45.863+0000] {processor.py:830} INFO - Processing file /opt/airflow/dags/weather_etl_dag_v2.py for tasks to queue
[2026-04-11T11:33:45.865+0000] {logging_mixin.py:188} INFO - [2026-04-11T11:33:45.865+0000] {dagbag.py:545} INFO - Filling up the DagBag from /opt/airflow/dags/weather_etl_dag_v2.py
[2026-04-11T11:33:45.923+0000] {logging_mixin.py:188} INFO - [2026-04-11T11:33:45.923+0000] {config.py:59} INFO - Configuration validation passed
[2026-04-11T11:33:46.023+0000] {processor.py:840} INFO - DAG(s) 'weather_etl_pipeline_v2' retrieved from /opt/airflow/dags/weather_etl_dag_v2.py
[2026-04-11T11:33:46.079+0000] {logging_mixin.py:188} INFO - [2026-04-11T11:33:46.079+0000] {dag.py:3089} INFO - Sync 1 DAGs
[2026-04-11T11:33:46.105+0000] {logging_mixin.py:188} INFO - [2026-04-11T11:33:46.104+0000] {dag.py:3947} INFO - Setting next_dagrun for weather_etl_pipeline_v2 to 2026-04-11 02:00:00+00:00, run_after=2026-04-12 02:00:00+00:00
[2026-04-11T11:33:46.136+0000] {processor.py:183} INFO - Processing /opt/airflow/dags/weather_etl_dag_v2.py took 0.281 seconds
[2026-04-11T11:34:16.424+0000] {processor.py:161} INFO - Started process (PID=252) to work on /opt/airflow/dags/weather_etl_dag_v2.py
[2026-04-11T11:34:16.426+0000] {processor.py:830} INFO - Processing file /opt/airflow/dags/weather_etl_dag_v2.py for tasks to queue
[2026-04-11T11:34:16.428+0000] {logging_mixin.py:188} INFO - [2026-04-11T11:34:16.428+0000] {dagbag.py:545} INFO - Filling up the DagBag from /opt/airflow/dags/weather_etl_dag_v2.py
[2026-04-11T11:34:16.504+0000] {logging_mixin.py:188} INFO - [2026-04-11T11:34:16.504+0000] {config.py:59} INFO - Configuration validation passed
[2026-04-11T11:34:16.583+0000] {processor.py:840} INFO - DAG(s) 'weather_etl_pipeline_v2' retrieved from /opt/airflow/dags/weather_etl_dag_v2.py
[2026-04-11T11:34:16.628+0000] {logging_mixin.py:188} INFO - [2026-04-11T11:34:16.628+0000] {dag.py:3089} INFO - Sync 1 DAGs
[2026-04-11T11:34:16.654+0000] {logging_mixin.py:188} INFO - [2026-04-11T11:34:16.653+0000] {dag.py:3947} INFO - Setting next_dagrun for weather_etl_pipeline_v2 to 2026-04-11 02:00:00+00:00, run_after=2026-04-12 02:00:00+00:00
[2026-04-11T11:34:16.678+0000] {processor.py:183} INFO - Processing /opt/airflow/dags/weather_etl_dag_v2.py took 0.260 seconds
[2026-04-11T11:34:46.934+0000] {processor.py:161} INFO - Started process (PID=262) to work on /opt/airflow/dags/weather_etl_dag_v2.py
[2026-04-11T11:34:46.935+0000] {processor.py:830} INFO - Processing file /opt/airflow/dags/weather_etl_dag_v2.py for tasks to queue
[2026-04-11T11:34:46.937+0000] {logging_mixin.py:188} INFO - [2026-04-11T11:34:46.937+0000] {dagbag.py:545} INFO - Filling up the DagBag from /opt/airflow/dags/weather_etl_dag_v2.py
[2026-04-11T11:34:47.052+0000] {logging_mixin.py:188} INFO - [2026-04-11T11:34:47.052+0000] {config.py:59} INFO - Configuration validation passed
[2026-04-11T11:34:47.180+0000] {processor.py:840} INFO - DAG(s) 'weather_etl_pipeline_v2' retrieved from /opt/airflow/dags/weather_etl_dag_v2.py
[2026-04-11T11:34:47.230+0000] {logging_mixin.py:188} INFO - [2026-04-11T11:34:47.230+0000] {dag.py:3089} INFO - Sync 1 DAGs
[2026-04-11T11:34:47.273+0000] {logging_mixin.py:188} INFO - [2026-04-11T11:34:47.273+0000] {dag.py:3947} INFO - Setting next_dagrun for weather_etl_pipeline_v2 to 2026-04-11 02:00:00+00:00, run_after=2026-04-12 02:00:00+00:00
[2026-04-11T11:34:47.316+0000] {processor.py:183} INFO - Processing /opt/airflow/dags/weather_etl_dag_v2.py took 0.391 seconds
[2026-04-11T11:35:17.541+0000] {processor.py:161} INFO - Started process (PID=272) to work on /opt/airflow/dags/weather_etl_dag_v2.py
[2026-04-11T11:35:17.544+0000] {processor.py:830} INFO - Processing file /opt/airflow/dags/weather_etl_dag_v2.py for tasks to queue
[2026-04-11T11:35:17.549+0000] {logging_mixin.py:188} INFO - [2026-04-11T11:35:17.548+0000] {dagbag.py:545} INFO - Filling up the DagBag from /opt/airflow/dags/weather_etl_dag_v2.py
[2026-04-11T11:35:17.657+0000] {logging_mixin.py:188} INFO - [2026-04-11T11:35:17.657+0000] {config.py:59} INFO - Configuration validation passed
[2026-04-11T11:35:17.760+0000] {processor.py:840} INFO - DAG(s) 'weather_etl_pipeline_v2' retrieved from /opt/airflow/dags/weather_etl_dag_v2.py
[2026-04-11T11:35:17.807+0000] {logging_mixin.py:188} INFO - [2026-04-11T11:35:17.807+0000] {dag.py:3089} INFO - Sync 1 DAGs
[2026-04-11T11:35:17.841+0000] {logging_mixin.py:188} INFO - [2026-04-11T11:35:17.840+0000] {dag.py:3947} INFO - Setting next_dagrun for weather_etl_pipeline_v2 to 2026-04-11 02:00:00+00:00, run_after=2026-04-12 02:00:00+00:00
[2026-04-11T11:35:17.865+0000] {processor.py:183} INFO - Processing /opt/airflow/dags/weather_etl_dag_v2.py took 0.339 seconds
[2026-04-11T11:35:48.126+0000] {processor.py:161} INFO - Started process (PID=282) to work on /opt/airflow/dags/weather_etl_dag_v2.py
[2026-04-11T11:35:48.128+0000] {processor.py:830} INFO - Processing file /opt/airflow/dags/weather_etl_dag_v2.py for tasks to queue
[2026-04-11T11:35:48.131+0000] {logging_mixin.py:188} INFO - [2026-04-11T11:35:48.130+0000] {dagbag.py:545} INFO - Filling up the DagBag from /opt/airflow/dags/weather_etl_dag_v2.py
[2026-04-11T11:35:48.218+0000] {logging_mixin.py:188} INFO - [2026-04-11T11:35:48.218+0000] {config.py:59} INFO - Configuration validation passed
[2026-04-11T11:35:48.335+0000] {processor.py:840} INFO - DAG(s) 'weather_etl_pipeline_v2' retrieved from /opt/airflow/dags/weather_etl_dag_v2.py
[2026-04-11T11:35:48.374+0000] {logging_mixin.py:188} INFO - [2026-04-11T11:35:48.374+0000] {dag.py:3089} INFO - Sync 1 DAGs
[2026-04-11T11:35:48.410+0000] {logging_mixin.py:188} INFO - [2026-04-11T11:35:48.409+0000] {dag.py:3947} INFO - Setting next_dagrun for weather_etl_pipeline_v2 to 2026-04-11 02:00:00+00:00, run_after=2026-04-12 02:00:00+00:00
[2026-04-11T11:35:48.452+0000] {processor.py:183} INFO - Processing /opt/airflow/dags/weather_etl_dag_v2.py took 0.334 seconds
[2026-04-11T11:36:18.618+0000] {processor.py:161} INFO - Started process (PID=292) to work on /opt/airflow/dags/weather_etl_dag_v2.py
[2026-04-11T11:36:18.621+0000] {processor.py:830} INFO - Processing file /opt/airflow/dags/weather_etl_dag_v2.py for tasks to queue
[2026-04-11T11:36:18.626+0000] {logging_mixin.py:188} INFO - [2026-04-11T11:36:18.625+0000] {dagbag.py:545} INFO - Filling up the DagBag from /opt/airflow/dags/weather_etl_dag_v2.py
[2026-04-11T11:36:18.709+0000] {logging_mixin.py:188} INFO - [2026-04-11T11:36:18.708+0000] {config.py:59} INFO - Configuration validation passed
[2026-04-11T11:36:18.827+0000] {processor.py:840} INFO - DAG(s) 'weather_etl_pipeline_v2' retrieved from /opt/airflow/dags/weather_etl_dag_v2.py
[2026-04-11T11:36:18.866+0000] {logging_mixin.py:188} INFO - [2026-04-11T11:36:18.866+0000] {dag.py:3089} INFO - Sync 1 DAGs
[2026-04-11T11:36:18.897+0000] {logging_mixin.py:188} INFO - [2026-04-11T11:36:18.896+0000] {dag.py:3947} INFO - Setting next_dagrun for weather_etl_pipeline_v2 to 2026-04-11 02:00:00+00:00, run_after=2026-04-12 02:00:00+00:00
[2026-04-11T11:36:18.925+0000] {processor.py:183} INFO - Processing /opt/airflow/dags/weather_etl_dag_v2.py took 0.316 seconds
[2026-04-11T11:36:49.186+0000] {processor.py:161} INFO - Started process (PID=302) to work on /opt/airflow/dags/weather_etl_dag_v2.py
[2026-04-11T11:36:49.188+0000] {processor.py:830} INFO - Processing file /opt/airflow/dags/weather_etl_dag_v2.py for tasks to queue
[2026-04-11T11:36:49.190+0000] {logging_mixin.py:188} INFO - [2026-04-11T11:36:49.190+0000] {dagbag.py:545} INFO - Filling up the DagBag from /opt/airflow/dags/weather_etl_dag_v2.py
[2026-04-11T11:36:49.294+0000] {logging_mixin.py:188} INFO - [2026-04-11T11:36:49.294+0000] {config.py:59} INFO - Configuration validation passed
[2026-04-11T11:36:49.386+0000] {processor.py:840} INFO - DAG(s) 'weather_etl_pipeline_v2' retrieved from /opt/airflow/dags/weather_etl_dag_v2.py
[2026-04-11T11:36:49.438+0000] {logging_mixin.py:188} INFO - [2026-04-11T11:36:49.437+0000] {dag.py:3089} INFO - Sync 1 DAGs
[2026-04-11T11:36:49.471+0000] {logging_mixin.py:188} INFO - [2026-04-11T11:36:49.471+0000] {dag.py:3947} INFO - Setting next_dagrun for weather_etl_pipeline_v2 to 2026-04-11 02:00:00+00:00, run_after=2026-04-12 02:00:00+00:00
[2026-04-11T11:36:49.511+0000] {processor.py:183} INFO - Processing /opt/airflow/dags/weather_etl_dag_v2.py took 0.331 seconds
[2026-04-11T11:37:19.775+0000] {processor.py:161} INFO - Started process (PID=312) to work on /opt/airflow/dags/weather_etl_dag_v2.py
[2026-04-11T11:37:19.777+0000] {processor.py:830} INFO - Processing file /opt/airflow/dags/weather_etl_dag_v2.py for tasks to queue
[2026-04-11T11:37:19.780+0000] {logging_mixin.py:188} INFO - [2026-04-11T11:37:19.780+0000] {dagbag.py:545} INFO - Filling up the DagBag from /opt/airflow/dags/weather_etl_dag_v2.py
[2026-04-11T11:37:19.867+0000] {logging_mixin.py:188} INFO - [2026-04-11T11:37:19.867+0000] {config.py:59} INFO - Configuration validation passed
[2026-04-11T11:37:19.946+0000] {processor.py:840} INFO - DAG(s) 'weather_etl_pipeline_v2' retrieved from /opt/airflow/dags/weather_etl_dag_v2.py
[2026-04-11T11:37:19.984+0000] {logging_mixin.py:188} INFO - [2026-04-11T11:37:19.984+0000] {dag.py:3089} INFO - Sync 1 DAGs
[2026-04-11T11:37:20.015+0000] {logging_mixin.py:188} INFO - [2026-04-11T11:37:20.014+0000] {dag.py:3947} INFO - Setting next_dagrun for weather_etl_pipeline_v2 to 2026-04-11 02:00:00+00:00, run_after=2026-04-12 02:00:00+00:00
[2026-04-11T11:37:20.043+0000] {processor.py:183} INFO - Processing /opt/airflow/dags/weather_etl_dag_v2.py took 0.278 seconds
[2026-04-11T11:37:50.336+0000] {processor.py:161} INFO - Started process (PID=322) to work on /opt/airflow/dags/weather_etl_dag_v2.py
[2026-04-11T11:37:50.338+0000] {processor.py:830} INFO - Processing file /opt/airflow/dags/weather_etl_dag_v2.py for tasks to queue
[2026-04-11T11:37:50.340+0000] {logging_mixin.py:188} INFO - [2026-04-11T11:37:50.340+0000] {dagbag.py:545} INFO - Filling up the DagBag from /opt/airflow/dags/weather_etl_dag_v2.py
[2026-04-11T11:37:50.423+0000] {logging_mixin.py:188} INFO - [2026-04-11T11:37:50.422+0000] {config.py:59} INFO - Configuration validation passed
[2026-04-11T11:37:50.512+0000] {processor.py:840} INFO - DAG(s) 'weather_etl_pipeline_v2' retrieved from /opt/airflow/dags/weather_etl_dag_v2.py
[2026-04-11T11:37:50.554+0000] {logging_mixin.py:188} INFO - [2026-04-11T11:37:50.554+0000] {dag.py:3089} INFO - Sync 1 DAGs
[2026-04-11T11:37:50.583+0000] {logging_mixin.py:188} INFO - [2026-04-11T11:37:50.583+0000] {dag.py:3947} INFO - Setting next_dagrun for weather_etl_pipeline_v2 to 2026-04-11 02:00:00+00:00, run_after=2026-04-12 02:00:00+00:00
[2026-04-11T11:37:50.616+0000] {processor.py:183} INFO - Processing /opt/airflow/dags/weather_etl_dag_v2.py took 0.288 seconds
[2026-04-11T11:38:20.857+0000] {processor.py:161} INFO - Started process (PID=332) to work on /opt/airflow/dags/weather_etl_dag_v2.py
[2026-04-11T11:38:20.858+0000] {processor.py:830} INFO - Processing file /opt/airflow/dags/weather_etl_dag_v2.py for tasks to queue
[2026-04-11T11:38:20.861+0000] {logging_mixin.py:188} INFO - [2026-04-11T11:38:20.860+0000] {dagbag.py:545} INFO - Filling up the DagBag from /opt/airflow/dags/weather_etl_dag_v2.py
[2026-04-11T11:38:20.950+0000] {logging_mixin.py:188} INFO - [2026-04-11T11:38:20.950+0000] {config.py:59} INFO - Configuration validation passed
[2026-04-11T11:38:21.052+0000] {processor.py:840} INFO - DAG(s) 'weather_etl_pipeline_v2' retrieved from /opt/airflow/dags/weather_etl_dag_v2.py
[2026-04-11T11:38:21.090+0000] {logging_mixin.py:188} INFO - [2026-04-11T11:38:21.089+0000] {dag.py:3089} INFO - Sync 1 DAGs
[2026-04-11T11:38:21.113+0000] {logging_mixin.py:188} INFO - [2026-04-11T11:38:21.113+0000] {dag.py:3947} INFO - Setting next_dagrun for weather_etl_pipeline_v2 to 2026-04-11 02:00:00+00:00, run_after=2026-04-12 02:00:00+00:00
[2026-04-11T11:38:21.137+0000] {processor.py:183} INFO - Processing /opt/airflow/dags/weather_etl_dag_v2.py took 0.289 seconds
[2026-04-11T11:38:51.410+0000] {processor.py:161} INFO - Started process (PID=342) to work on /opt/airflow/dags/weather_etl_dag_v2.py
[2026-04-11T11:38:51.411+0000] {processor.py:830} INFO - Processing file /opt/airflow/dags/weather_etl_dag_v2.py for tasks to queue
[2026-04-11T11:38:51.414+0000] {logging_mixin.py:188} INFO - [2026-04-11T11:38:51.414+0000] {dagbag.py:545} INFO - Filling up the DagBag from /opt/airflow/dags/weather_etl_dag_v2.py
[2026-04-11T11:38:51.511+0000] {logging_mixin.py:188} INFO - [2026-04-11T11:38:51.511+0000] {config.py:59} INFO - Configuration validation passed
[2026-04-11T11:38:51.631+0000] {processor.py:840} INFO - DAG(s) 'weather_etl_pipeline_v2' retrieved from /opt/airflow/dags/weather_etl_dag_v2.py
[2026-04-11T11:38:51.666+0000] {logging_mixin.py:188} INFO - [2026-04-11T11:38:51.666+0000] {dag.py:3089} INFO - Sync 1 DAGs
[2026-04-11T11:38:51.691+0000] {logging_mixin.py:188} INFO - [2026-04-11T11:38:51.691+0000] {dag.py:3947} INFO - Setting next_dagrun for weather_etl_pipeline_v2 to 2026-04-11 02:00:00+00:00, run_after=2026-04-12 02:00:00+00:00
[2026-04-11T11:38:51.716+0000] {processor.py:183} INFO - Processing /opt/airflow/dags/weather_etl_dag_v2.py took 0.314 seconds
[2026-04-11T11:39:22.001+0000] {processor.py:161} INFO - Started process (PID=352) to work on /opt/airflow/dags/weather_etl_dag_v2.py
[2026-04-11T11:39:22.004+0000] {processor.py:830} INFO - Processing file /opt/airflow/dags/weather_etl_dag_v2.py for tasks to queue
[2026-04-11T11:39:22.008+0000] {logging_mixin.py:188} INFO - [2026-04-11T11:39:22.008+0000] {dagbag.py:545} INFO - Filling up the DagBag from /opt/airflow/dags/weather_etl_dag_v2.py
[2026-04-11T11:39:22.124+0000] {logging_mixin.py:188} INFO - [2026-04-11T11:39:22.124+0000] {config.py:59} INFO - Configuration validation passed
[2026-04-11T11:39:22.225+0000] {processor.py:840} INFO - DAG(s) 'weather_etl_pipeline_v2' retrieved from /opt/airflow/dags/weather_etl_dag_v2.py
[2026-04-11T11:39:22.272+0000] {logging_mixin.py:188} INFO - [2026-04-11T11:39:22.272+0000] {dag.py:3089} INFO - Sync 1 DAGs
[2026-04-11T11:39:22.300+0000] {logging_mixin.py:188} INFO - [2026-04-11T11:39:22.300+0000] {dag.py:3947} INFO - Setting next_dagrun for weather_etl_pipeline_v2 to 2026-04-11 02:00:00+00:00, run_after=2026-04-12 02:00:00+00:00
[2026-04-11T11:39:22.329+0000] {processor.py:183} INFO - Processing /opt/airflow/dags/weather_etl_dag_v2.py took 0.342 seconds
[2026-04-11T11:39:52.546+0000] {processor.py:161} INFO - Started process (PID=362) to work on /opt/airflow/dags/weather_etl_dag_v2.py
[2026-04-11T11:39:52.547+0000] {processor.py:830} INFO - Processing file /opt/airflow/dags/weather_etl_dag_v2.py for tasks to queue
[2026-04-11T11:39:52.550+0000] {logging_mixin.py:188} INFO - [2026-04-11T11:39:52.550+0000] {dagbag.py:545} INFO - Filling up the DagBag from /opt/airflow/dags/weather_etl_dag_v2.py
[2026-04-11T11:39:52.638+0000] {logging_mixin.py:188} INFO - [2026-04-11T11:39:52.638+0000] {config.py:59} INFO - Configuration validation passed
[2026-04-11T11:39:52.755+0000] {processor.py:840} INFO - DAG(s) 'weather_etl_pipeline_v2' retrieved from /opt/airflow/dags/weather_etl_dag_v2.py
[2026-04-11T11:39:52.785+0000] {logging_mixin.py:188} INFO - [2026-04-11T11:39:52.784+0000] {dag.py:3089} INFO - Sync 1 DAGs
[2026-04-11T11:39:52.819+0000] {logging_mixin.py:188} INFO - [2026-04-11T11:39:52.818+0000] {dag.py:3947} INFO - Setting next_dagrun for weather_etl_pipeline_v2 to 2026-04-11 02:00:00+00:00, run_after=2026-04-12 02:00:00+00:00
[2026-04-11T11:39:52.846+0000] {processor.py:183} INFO - Processing /opt/airflow/dags/weather_etl_dag_v2.py took 0.307 seconds
[2026-04-11T11:40:23.104+0000] {processor.py:161} INFO - Started process (PID=372) to work on /opt/airflow/dags/weather_etl_dag_v2.py
[2026-04-11T11:40:23.106+0000] {processor.py:830} INFO - Processing file /opt/airflow/dags/weather_etl_dag_v2.py for tasks to queue
[2026-04-11T11:40:23.109+0000] {logging_mixin.py:188} INFO - [2026-04-11T11:40:23.109+0000] {dagbag.py:545} INFO - Filling up the DagBag from /opt/airflow/dags/weather_etl_dag_v2.py
[2026-04-11T11:40:23.204+0000] {logging_mixin.py:188} INFO - [2026-04-11T11:40:23.204+0000] {config.py:59} INFO - Configuration validation passed
[2026-04-11T11:40:23.302+0000] {processor.py:840} INFO - DAG(s) 'weather_etl_pipeline_v2' retrieved from /opt/airflow/dags/weather_etl_dag_v2.py
[2026-04-11T11:40:23.342+0000] {logging_mixin.py:188} INFO - [2026-04-11T11:40:23.342+0000] {dag.py:3089} INFO - Sync 1 DAGs
[2026-04-11T11:40:23.369+0000] {logging_mixin.py:188} INFO - [2026-04-11T11:40:23.368+0000] {dag.py:3947} INFO - Setting next_dagrun for weather_etl_pipeline_v2 to 2026-04-11 02:00:00+00:00, run_after=2026-04-12 02:00:00+00:00
[2026-04-11T11:40:23.397+0000] {processor.py:183} INFO - Processing /opt/airflow/dags/weather_etl_dag_v2.py took 0.303 seconds
[2026-04-11T11:40:53.689+0000] {processor.py:161} INFO - Started process (PID=382) to work on /opt/airflow/dags/weather_etl_dag_v2.py
[2026-04-11T11:40:53.691+0000] {processor.py:830} INFO - Processing file /opt/airflow/dags/weather_etl_dag_v2.py for tasks to queue
[2026-04-11T11:40:53.694+0000] {logging_mixin.py:188} INFO - [2026-04-11T11:40:53.694+0000] {dagbag.py:545} INFO - Filling up the DagBag from /opt/airflow/dags/weather_etl_dag_v2.py
[2026-04-11T11:40:53.805+0000] {logging_mixin.py:188} INFO - [2026-04-11T11:40:53.804+0000] {config.py:59} INFO - Configuration validation passed
[2026-04-11T11:40:53.922+0000] {processor.py:840} INFO - DAG(s) 'weather_etl_pipeline_v2' retrieved from /opt/airflow/dags/weather_etl_dag_v2.py
[2026-04-11T11:40:53.973+0000] {logging_mixin.py:188} INFO - [2026-04-11T11:40:53.972+0000] {dag.py:3089} INFO - Sync 1 DAGs
[2026-04-11T11:40:54.004+0000] {logging_mixin.py:188} INFO - [2026-04-11T11:40:54.003+0000] {dag.py:3947} INFO - Setting next_dagrun for weather_etl_pipeline_v2 to 2026-04-11 02:00:00+00:00, run_after=2026-04-12 02:00:00+00:00
[2026-04-11T11:40:54.031+0000] {processor.py:183} INFO - Processing /opt/airflow/dags/weather_etl_dag_v2.py took 0.351 seconds
[2026-04-11T11:41:24.430+0000] {processor.py:161} INFO - Started process (PID=392) to work on /opt/airflow/dags/weather_etl_dag_v2.py
[2026-04-11T11:41:24.432+0000] {processor.py:830} INFO - Processing file /opt/airflow/dags/weather_etl_dag_v2.py for tasks to queue
[2026-04-11T11:41:24.434+0000] {logging_mixin.py:188} INFO - [2026-04-11T11:41:24.434+0000] {dagbag.py:545} INFO - Filling up the DagBag from /opt/airflow/dags/weather_etl_dag_v2.py
[2026-04-11T11:41:24.516+0000] {logging_mixin.py:188} INFO - [2026-04-11T11:41:24.515+0000] {config.py:59} INFO - Configuration validation passed
[2026-04-11T11:41:24.627+0000] {processor.py:840} INFO - DAG(s) 'weather_etl_pipeline_v2' retrieved from /opt/airflow/dags/weather_etl_dag_v2.py
[2026-04-11T11:41:24.678+0000] {logging_mixin.py:188} INFO - [2026-04-11T11:41:24.678+0000] {dag.py:3089} INFO - Sync 1 DAGs
[2026-04-11T11:41:24.707+0000] {logging_mixin.py:188} INFO - [2026-04-11T11:41:24.707+0000] {dag.py:3947} INFO - Setting next_dagrun for weather_etl_pipeline_v2 to 2026-04-11 02:00:00+00:00, run_after=2026-04-12 02:00:00+00:00
[2026-04-11T11:41:24.738+0000] {processor.py:183} INFO - Processing /opt/airflow/dags/weather_etl_dag_v2.py took 0.315 seconds
[2026-04-11T11:41:55.102+0000] {processor.py:161} INFO - Started process (PID=402) to work on /opt/airflow/dags/weather_etl_dag_v2.py
[2026-04-11T11:41:55.106+0000] {processor.py:830} INFO - Processing file /opt/airflow/dags/weather_etl_dag_v2.py for tasks to queue
[2026-04-11T11:41:55.110+0000] {logging_mixin.py:188} INFO - [2026-04-11T11:41:55.109+0000] {dagbag.py:545} INFO - Filling up the DagBag from /opt/airflow/dags/weather_etl_dag_v2.py
[2026-04-11T11:41:55.299+0000] {logging_mixin.py:188} INFO - [2026-04-11T11:41:55.298+0000] {config.py:59} INFO - Configuration validation passed
[2026-04-11T11:41:55.453+0000] {processor.py:840} INFO - DAG(s) 'weather_etl_pipeline_v2' retrieved from /opt/airflow/dags/weather_etl_dag_v2.py
[2026-04-11T11:41:55.525+0000] {logging_mixin.py:188} INFO - [2026-04-11T11:41:55.525+0000] {dag.py:3089} INFO - Sync 1 DAGs
[2026-04-11T11:41:55.609+0000] {logging_mixin.py:188} INFO - [2026-04-11T11:41:55.608+0000] {dag.py:3947} INFO - Setting next_dagrun for weather_etl_pipeline_v2 to 2026-04-11 02:00:00+00:00, run_after=2026-04-12 02:00:00+00:00
[2026-04-11T11:41:55.653+0000] {processor.py:183} INFO - Processing /opt/airflow/dags/weather_etl_dag_v2.py took 0.563 seconds
[2026-04-11T11:42:25.779+0000] {processor.py:161} INFO - Started process (PID=412) to work on /opt/airflow/dags/weather_etl_dag_v2.py
[2026-04-11T11:42:25.782+0000] {processor.py:830} INFO - Processing file /opt/airflow/dags/weather_etl_dag_v2.py for tasks to queue
[2026-04-11T11:42:25.787+0000] {logging_mixin.py:188} INFO - [2026-04-11T11:42:25.787+0000] {dagbag.py:545} INFO - Filling up the DagBag from /opt/airflow/dags/weather_etl_dag_v2.py
[2026-04-11T11:42:25.927+0000] {logging_mixin.py:188} INFO - [2026-04-11T11:42:25.927+0000] {config.py:59} INFO - Configuration validation passed
[2026-04-11T11:42:26.120+0000] {processor.py:840} INFO - DAG(s) 'weather_etl_pipeline_v2' retrieved from /opt/airflow/dags/weather_etl_dag_v2.py
[2026-04-11T11:42:26.167+0000] {logging_mixin.py:188} INFO - [2026-04-11T11:42:26.166+0000] {dag.py:3089} INFO - Sync 1 DAGs
[2026-04-11T11:42:26.201+0000] {logging_mixin.py:188} INFO - [2026-04-11T11:42:26.200+0000] {dag.py:3947} INFO - Setting next_dagrun for weather_etl_pipeline_v2 to 2026-04-11 02:00:00+00:00, run_after=2026-04-12 02:00:00+00:00
[2026-04-11T11:42:26.238+0000] {processor.py:183} INFO - Processing /opt/airflow/dags/weather_etl_dag_v2.py took 0.468 seconds
[2026-04-11T11:42:49.514+0000] {processor.py:161} INFO - Started process (PID=169) to work on /opt/airflow/dags/weather_etl_dag_v2.py
[2026-04-11T11:42:49.518+0000] {processor.py:830} INFO - Processing file /opt/airflow/dags/weather_etl_dag_v2.py for tasks to queue
[2026-04-11T11:42:49.525+0000] {logging_mixin.py:188} INFO - [2026-04-11T11:42:49.524+0000] {dagbag.py:545} INFO - Filling up the DagBag from /opt/airflow/dags/weather_etl_dag_v2.py
[2026-04-11T11:42:49.641+0000] {logging_mixin.py:188} INFO - [2026-04-11T11:42:49.641+0000] {config.py:59} INFO - Configuration validation passed
[2026-04-11T11:42:49.722+0000] {processor.py:840} INFO - DAG(s) 'weather_etl_pipeline_v2' retrieved from /opt/airflow/dags/weather_etl_dag_v2.py
[2026-04-11T11:42:49.813+0000] {logging_mixin.py:188} INFO - [2026-04-11T11:42:49.813+0000] {dag.py:3089} INFO - Sync 1 DAGs
[2026-04-11T11:42:49.860+0000] {logging_mixin.py:188} INFO - [2026-04-11T11:42:49.859+0000] {dag.py:3947} INFO - Setting next_dagrun for weather_etl_pipeline_v2 to 2026-04-11 02:00:00+00:00, run_after=2026-04-12 02:00:00+00:00
[2026-04-11T11:42:49.893+0000] {processor.py:183} INFO - Processing /opt/airflow/dags/weather_etl_dag_v2.py took 0.395 seconds
[2026-04-11T11:43:20.123+0000] {processor.py:161} INFO - Started process (PID=190) to work on /opt/airflow/dags/weather_etl_dag_v2.py
[2026-04-11T11:43:20.126+0000] {processor.py:830} INFO - Processing file /opt/airflow/dags/weather_etl_dag_v2.py for tasks to queue
[2026-04-11T11:43:20.130+0000] {logging_mixin.py:188} INFO - [2026-04-11T11:43:20.129+0000] {dagbag.py:545} INFO - Filling up the DagBag from /opt/airflow/dags/weather_etl_dag_v2.py
[2026-04-11T11:43:20.220+0000] {logging_mixin.py:188} INFO - [2026-04-11T11:43:20.220+0000] {config.py:59} INFO - Configuration validation passed
[2026-04-11T11:43:20.294+0000] {processor.py:840} INFO - DAG(s) 'weather_etl_pipeline_v2' retrieved from /opt/airflow/dags/weather_etl_dag_v2.py
[2026-04-11T11:43:20.363+0000] {logging_mixin.py:188} INFO - [2026-04-11T11:43:20.363+0000] {dag.py:3089} INFO - Sync 1 DAGs
[2026-04-11T11:43:20.451+0000] {logging_mixin.py:188} INFO - [2026-04-11T11:43:20.450+0000] {dag.py:3947} INFO - Setting next_dagrun for weather_etl_pipeline_v2 to 2026-04-11 02:00:00+00:00, run_after=2026-04-12 02:00:00+00:00
[2026-04-11T11:43:20.488+0000] {processor.py:183} INFO - Processing /opt/airflow/dags/weather_etl_dag_v2.py took 0.375 seconds
[2026-04-11T11:43:50.724+0000] {processor.py:161} INFO - Started process (PID=200) to work on /opt/airflow/dags/weather_etl_dag_v2.py
[2026-04-11T11:43:50.728+0000] {processor.py:830} INFO - Processing file /opt/airflow/dags/weather_etl_dag_v2.py for tasks to queue
[2026-04-11T11:43:50.732+0000] {logging_mixin.py:188} INFO - [2026-04-11T11:43:50.731+0000] {dagbag.py:545} INFO - Filling up the DagBag from /opt/airflow/dags/weather_etl_dag_v2.py
[2026-04-11T11:43:50.818+0000] {logging_mixin.py:188} INFO - [2026-04-11T11:43:50.817+0000] {config.py:59} INFO - Configuration validation passed
[2026-04-11T11:43:50.901+0000] {processor.py:840} INFO - DAG(s) 'weather_etl_pipeline_v2' retrieved from /opt/airflow/dags/weather_etl_dag_v2.py
[2026-04-11T11:43:50.950+0000] {logging_mixin.py:188} INFO - [2026-04-11T11:43:50.949+0000] {dag.py:3089} INFO - Sync 1 DAGs
[2026-04-11T11:43:50.988+0000] {logging_mixin.py:188} INFO - [2026-04-11T11:43:50.987+0000] {dag.py:3947} INFO - Setting next_dagrun for weather_etl_pipeline_v2 to 2026-04-11 02:00:00+00:00, run_after=2026-04-12 02:00:00+00:00
[2026-04-11T11:43:51.019+0000] {processor.py:183} INFO - Processing /opt/airflow/dags/weather_etl_dag_v2.py took 0.305 seconds
[2026-04-11T11:44:21.667+0000] {processor.py:161} INFO - Started process (PID=210) to work on /opt/airflow/dags/weather_etl_dag_v2.py
[2026-04-11T11:44:21.669+0000] {processor.py:830} INFO - Processing file /opt/airflow/dags/weather_etl_dag_v2.py for tasks to queue
[2026-04-11T11:44:21.674+0000] {logging_mixin.py:188} INFO - [2026-04-11T11:44:21.674+0000] {dagbag.py:545} INFO - Filling up the DagBag from /opt/airflow/dags/weather_etl_dag_v2.py
[2026-04-11T11:44:21.792+0000] {logging_mixin.py:188} INFO - [2026-04-11T11:44:21.791+0000] {config.py:59} INFO - Configuration validation passed
[2026-04-11T11:44:21.903+0000] {processor.py:840} INFO - DAG(s) 'weather_etl_pipeline_v2' retrieved from /opt/airflow/dags/weather_etl_dag_v2.py
[2026-04-11T11:44:21.981+0000] {logging_mixin.py:188} INFO - [2026-04-11T11:44:21.980+0000] {dag.py:3089} INFO - Sync 1 DAGs
[2026-04-11T11:44:22.049+0000] {logging_mixin.py:188} INFO - [2026-04-11T11:44:22.049+0000] {dag.py:3947} INFO - Setting next_dagrun for weather_etl_pipeline_v2 to 2026-04-11 02:00:00+00:00, run_after=2026-04-12 02:00:00+00:00
[2026-04-11T11:44:22.109+0000] {processor.py:183} INFO - Processing /opt/airflow/dags/weather_etl_dag_v2.py took 0.452 seconds
[2026-04-11T11:44:52.388+0000] {processor.py:161} INFO - Started process (PID=220) to work on /opt/airflow/dags/weather_etl_dag_v2.py
[2026-04-11T11:44:52.390+0000] {processor.py:830} INFO - Processing file /opt/airflow/dags/weather_etl_dag_v2.py for tasks to queue
[2026-04-11T11:44:52.393+0000] {logging_mixin.py:188} INFO - [2026-04-11T11:44:52.392+0000] {dagbag.py:545} INFO - Filling up the DagBag from /opt/airflow/dags/weather_etl_dag_v2.py
[2026-04-11T11:44:52.487+0000] {logging_mixin.py:188} INFO - [2026-04-11T11:44:52.486+0000] {config.py:59} INFO - Configuration validation passed
[2026-04-11T11:44:52.587+0000] {processor.py:840} INFO - DAG(s) 'weather_etl_pipeline_v2' retrieved from /opt/airflow/dags/weather_etl_dag_v2.py
[2026-04-11T11:44:52.654+0000] {logging_mixin.py:188} INFO - [2026-04-11T11:44:52.653+0000] {dag.py:3089} INFO - Sync 1 DAGs
[2026-04-11T11:44:52.700+0000] {logging_mixin.py:188} INFO - [2026-04-11T11:44:52.700+0000] {dag.py:3947} INFO - Setting next_dagrun for weather_etl_pipeline_v2 to 2026-04-11 02:00:00+00:00, run_after=2026-04-12 02:00:00+00:00
[2026-04-11T11:44:52.735+0000] {processor.py:183} INFO - Processing /opt/airflow/dags/weather_etl_dag_v2.py took 0.357 seconds
[2026-04-11T11:45:23.040+0000] {processor.py:161} INFO - Started process (PID=242) to work on /opt/airflow/dags/weather_etl_dag_v2.py
[2026-04-11T11:45:23.043+0000] {processor.py:830} INFO - Processing file /opt/airflow/dags/weather_etl_dag_v2.py for tasks to queue
[2026-04-11T11:45:23.048+0000] {logging_mixin.py:188} INFO - [2026-04-11T11:45:23.047+0000] {dagbag.py:545} INFO - Filling up the DagBag from /opt/airflow/dags/weather_etl_dag_v2.py
[2026-04-11T11:45:23.240+0000] {logging_mixin.py:188} INFO - [2026-04-11T11:45:23.239+0000] {config.py:59} INFO - Configuration validation passed
[2026-04-11T11:45:23.404+0000] {processor.py:840} INFO - DAG(s) 'weather_etl_pipeline_v2' retrieved from /opt/airflow/dags/weather_etl_dag_v2.py
[2026-04-11T11:45:23.457+0000] {logging_mixin.py:188} INFO - [2026-04-11T11:45:23.457+0000] {dag.py:3089} INFO - Sync 1 DAGs
[2026-04-11T11:45:23.508+0000] {logging_mixin.py:188} INFO - [2026-04-11T11:45:23.507+0000] {dag.py:3947} INFO - Setting next_dagrun for weather_etl_pipeline_v2 to 2026-04-11 02:00:00+00:00, run_after=2026-04-12 02:00:00+00:00
[2026-04-11T11:45:23.558+0000] {processor.py:183} INFO - Processing /opt/airflow/dags/weather_etl_dag_v2.py took 0.530 seconds
[2026-04-11T11:45:53.724+0000] {processor.py:161} INFO - Started process (PID=252) to work on /opt/airflow/dags/weather_etl_dag_v2.py
[2026-04-11T11:45:53.728+0000] {processor.py:830} INFO - Processing file /opt/airflow/dags/weather_etl_dag_v2.py for tasks to queue
[2026-04-11T11:45:53.735+0000] {logging_mixin.py:188} INFO - [2026-04-11T11:45:53.734+0000] {dagbag.py:545} INFO - Filling up the DagBag from /opt/airflow/dags/weather_etl_dag_v2.py
[2026-04-11T11:45:53.826+0000] {logging_mixin.py:188} INFO - [2026-04-11T11:45:53.825+0000] {config.py:59} INFO - Configuration validation passed
[2026-04-11T11:45:53.912+0000] {processor.py:840} INFO - DAG(s) 'weather_etl_pipeline_v2' retrieved from /opt/airflow/dags/weather_etl_dag_v2.py
[2026-04-11T11:45:53.970+0000] {logging_mixin.py:188} INFO - [2026-04-11T11:45:53.970+0000] {dag.py:3089} INFO - Sync 1 DAGs
[2026-04-11T11:45:54.018+0000] {logging_mixin.py:188} INFO - [2026-04-11T11:45:54.018+0000] {dag.py:3947} INFO - Setting next_dagrun for weather_etl_pipeline_v2 to 2026-04-11 02:00:00+00:00, run_after=2026-04-12 02:00:00+00:00
[2026-04-11T11:45:54.051+0000] {processor.py:183} INFO - Processing /opt/airflow/dags/weather_etl_dag_v2.py took 0.338 seconds
[2026-04-11T11:46:24.473+0000] {processor.py:161} INFO - Started process (PID=262) to work on /opt/airflow/dags/weather_etl_dag_v2.py
[2026-04-11T11:46:24.476+0000] {processor.py:830} INFO - Processing file /opt/airflow/dags/weather_etl_dag_v2.py for tasks to queue
[2026-04-11T11:46:24.480+0000] {logging_mixin.py:188} INFO - [2026-04-11T11:46:24.480+0000] {dagbag.py:545} INFO - Filling up the DagBag from /opt/airflow/dags/weather_etl_dag_v2.py
[2026-04-11T11:46:24.666+0000] {logging_mixin.py:188} INFO - [2026-04-11T11:46:24.665+0000] {config.py:59} INFO - Configuration validation passed
[2026-04-11T11:46:24.806+0000] {processor.py:840} INFO - DAG(s) 'weather_etl_pipeline_v2' retrieved from /opt/airflow/dags/weather_etl_dag_v2.py
[2026-04-11T11:46:24.878+0000] {logging_mixin.py:188} INFO - [2026-04-11T11:46:24.877+0000] {dag.py:3089} INFO - Sync 1 DAGs
[2026-04-11T11:46:24.927+0000] {logging_mixin.py:188} INFO - [2026-04-11T11:46:24.927+0000] {dag.py:3947} INFO - Setting next_dagrun for weather_etl_pipeline_v2 to 2026-04-11 02:00:00+00:00, run_after=2026-04-12 02:00:00+00:00
[2026-04-11T11:46:24.985+0000] {processor.py:183} INFO - Processing /opt/airflow/dags/weather_etl_dag_v2.py took 0.522 seconds
