[2026-04-11T11:27:07.169+0000] {local_task_job_runner.py:120} INFO - ::group::Pre task execution logs
[2026-04-11T11:27:07.216+0000] {taskinstance.py:2076} INFO - Dependencies all met for dep_context=non-requeueable deps ti=<TaskInstance: weather_etl_pipeline_v2.update_metadata_success manual__2026-04-11T11:26:55+00:00 [queued]>
[2026-04-11T11:27:07.230+0000] {taskinstance.py:2076} INFO - Dependencies all met for dep_context=requeueable deps ti=<TaskInstance: weather_etl_pipeline_v2.update_metadata_success manual__2026-04-11T11:26:55+00:00 [queued]>
[2026-04-11T11:27:07.231+0000] {taskinstance.py:2306} INFO - Starting attempt 1 of 4
[2026-04-11T11:27:07.249+0000] {taskinstance.py:2330} INFO - Executing <Task(PythonOperator): update_metadata_success> on 2026-04-11 11:26:55+00:00
[2026-04-11T11:27:07.260+0000] {standard_task_runner.py:90} INFO - Running: ['airflow', 'tasks', 'run', 'weather_etl_pipeline_v2', 'update_metadata_success', 'manual__2026-04-11T11:26:55+00:00', '--job-id', '107', '--raw', '--subdir', 'DAGS_FOLDER/weather_etl_dag_v2.py', '--cfg-path', '/tmp/tmp87c1ndfr']
[2026-04-11T11:27:07.266+0000] {standard_task_runner.py:91} INFO - Job 107: Subtask update_metadata_success
[2026-04-11T11:27:07.266+0000] {logging_mixin.py:188} WARNING - /home/airflow/.local/lib/python3.12/site-packages/airflow/task/task_runner/standard_task_runner.py:62 DeprecationWarning: This process (pid=190) is multi-threaded, use of fork() may lead to deadlocks in the child.
[2026-04-11T11:27:07.268+0000] {standard_task_runner.py:64} INFO - Started process 191 to run task
[2026-04-11T11:27:07.374+0000] {task_command.py:426} INFO - Running <TaskInstance: weather_etl_pipeline_v2.update_metadata_success manual__2026-04-11T11:26:55+00:00 [running]> on host 9514c60f7b76
[2026-04-11T11:27:07.477+0000] {taskinstance.py:2648} INFO - Exporting env vars: AIRFLOW_CTX_DAG_OWNER='weather_etl' AIRFLOW_CTX_DAG_ID='weather_etl_pipeline_v2' AIRFLOW_CTX_TASK_ID='update_metadata_success' AIRFLOW_CTX_EXECUTION_DATE='2026-04-11T11:26:55+00:00' AIRFLOW_CTX_TRY_NUMBER='1' AIRFLOW_CTX_DAG_RUN_ID='manual__2026-04-11T11:26:55+00:00'
[2026-04-11T11:27:07.478+0000] {taskinstance.py:430} INFO - ::endgroup::
[2026-04-11T11:27:07.494+0000] {weather_etl_dag_v2.py:256} INFO - ============================================================
[2026-04-11T11:27:07.495+0000] {weather_etl_dag_v2.py:257} INFO - TASK: UPDATE_METADATA_SUCCESS - Recording successful run
[2026-04-11T11:27:07.497+0000] {weather_etl_dag_v2.py:258} INFO - ============================================================
[2026-04-11T11:27:07.599+0000] {logging_mixin.py:188} WARNING - 2026-04-11 11:27:07 - scripts.metadata_manager - INFO - Successfully connected to PostgreSQL database
[2026-04-11T11:27:07.598+0000] {metadata_manager.py:38} INFO - Successfully connected to PostgreSQL database
[2026-04-11T11:27:07.610+0000] {logging_mixin.py:188} WARNING - 2026-04-11 11:27:07 - scripts.metadata_manager - INFO - Table 'pipeline_metadata' created or already exists
[2026-04-11T11:27:07.609+0000] {metadata_manager.py:92} INFO - Table 'pipeline_metadata' created or already exists
[2026-04-11T11:27:07.616+0000] {logging_mixin.py:188} WARNING - 2026-04-11 11:27:07 - scripts.metadata_manager - INFO - Pipeline weather_etl_pipeline_v2 marked as SUCCESS: 5 processed, 15 inserted, 0 failed
[2026-04-11T11:27:07.615+0000] {metadata_manager.py:241} INFO - Pipeline weather_etl_pipeline_v2 marked as SUCCESS: 5 processed, 15 inserted, 0 failed
[2026-04-11T11:27:07.619+0000] {logging_mixin.py:188} WARNING - 2026-04-11 11:27:07 - scripts.metadata_manager - INFO - Database connection closed
[2026-04-11T11:27:07.618+0000] {metadata_manager.py:53} INFO - Database connection closed
[2026-04-11T11:27:07.620+0000] {weather_etl_dag_v2.py:280} INFO - ✓ Metadata updated: Pipeline marked as SUCCESS
[2026-04-11T11:27:07.621+0000] {weather_etl_dag_v2.py:281} INFO -   - Records processed: 5
[2026-04-11T11:27:07.624+0000] {weather_etl_dag_v2.py:282} INFO -   - Records inserted: 15
[2026-04-11T11:27:07.625+0000] {weather_etl_dag_v2.py:283} INFO -   - Validation rate: 100.0%
[2026-04-11T11:27:07.627+0000] {python.py:237} INFO - Done. Returned value was: True
[2026-04-11T11:27:07.628+0000] {taskinstance.py:441} INFO - ::group::Post task execution logs
[2026-04-11T11:27:07.661+0000] {taskinstance.py:1206} INFO - Marking task as SUCCESS. dag_id=weather_etl_pipeline_v2, task_id=update_metadata_success, run_id=manual__2026-04-11T11:26:55+00:00, execution_date=20260411T112655, start_date=20260411T112707, end_date=20260411T112707
[2026-04-11T11:27:07.687+0000] {local_task_job_runner.py:243} INFO - Task exited with return code 0
[2026-04-11T11:27:07.714+0000] {taskinstance.py:3503} INFO - 0 downstream tasks scheduled from follow-on schedule check
[2026-04-11T11:27:07.719+0000] {local_task_job_runner.py:222} INFO - ::endgroup::
