[2026-04-22T07:05:16.333+0000] {local_task_job_runner.py:120} INFO - ::group::Pre task execution logs
[2026-04-22T07:05:16.400+0000] {taskinstance.py:2076} INFO - Dependencies all met for dep_context=non-requeueable deps ti=<TaskInstance: weather_etl_pipeline_v2.transform_clean scheduled__2026-04-21T02:00:00+00:00 [queued]>
[2026-04-22T07:05:16.420+0000] {taskinstance.py:2076} INFO - Dependencies all met for dep_context=requeueable deps ti=<TaskInstance: weather_etl_pipeline_v2.transform_clean scheduled__2026-04-21T02:00:00+00:00 [queued]>
[2026-04-22T07:05:16.422+0000] {taskinstance.py:2306} INFO - Starting attempt 1 of 3
[2026-04-22T07:05:16.447+0000] {taskinstance.py:2330} INFO - Executing <Task(PythonOperator): transform_clean> on 2026-04-21 02:00:00+00:00
[2026-04-22T07:05:16.460+0000] {logging_mixin.py:188} WARNING - /home/airflow/.local/lib/python3.12/site-packages/airflow/task/task_runner/standard_task_runner.py:62 DeprecationWarning: This process (pid=215) is multi-threaded, use of fork() may lead to deadlocks in the child.
[2026-04-22T07:05:16.462+0000] {standard_task_runner.py:64} INFO - Started process 216 to run task
[2026-04-22T07:05:16.459+0000] {standard_task_runner.py:90} INFO - Running: ['airflow', 'tasks', 'run', 'weather_etl_pipeline_v2', 'transform_clean', 'scheduled__2026-04-21T02:00:00+00:00', '--job-id', '185', '--raw', '--subdir', 'DAGS_FOLDER/weather_etl_dag_v2.py', '--cfg-path', '/tmp/tmp1v703ulc']
[2026-04-22T07:05:16.464+0000] {standard_task_runner.py:91} INFO - Job 185: Subtask transform_clean
[2026-04-22T07:05:16.545+0000] {task_command.py:426} INFO - Running <TaskInstance: weather_etl_pipeline_v2.transform_clean scheduled__2026-04-21T02:00:00+00:00 [running]> on host 0986b561c3e9
[2026-04-22T07:05:16.682+0000] {taskinstance.py:2648} INFO - Exporting env vars: AIRFLOW_CTX_DAG_OWNER='weather_etl' AIRFLOW_CTX_DAG_ID='weather_etl_pipeline_v2' AIRFLOW_CTX_TASK_ID='transform_clean' AIRFLOW_CTX_EXECUTION_DATE='2026-04-21T02:00:00+00:00' AIRFLOW_CTX_TRY_NUMBER='1' AIRFLOW_CTX_DAG_RUN_ID='scheduled__2026-04-21T02:00:00+00:00'
[2026-04-22T07:05:16.684+0000] {taskinstance.py:430} INFO - ::endgroup::
[2026-04-22T07:05:16.702+0000] {weather_etl_dag_v2.py:174} INFO - ============================================================
[2026-04-22T07:05:16.704+0000] {weather_etl_dag_v2.py:175} INFO - TASK: TRANSFORM_CLEAN — Transform & load validated data
[2026-04-22T07:05:16.706+0000] {weather_etl_dag_v2.py:176} INFO - ============================================================
[2026-04-22T07:05:16.736+0000] {logging_mixin.py:188} WARNING - 2026-04-22 07:05:16 - scripts.load_raw - INFO - Successfully connected to PostgreSQL database
[2026-04-22T07:05:16.730+0000] {load_raw.py:38} INFO - Successfully connected to PostgreSQL database
[2026-04-22T07:05:16.756+0000] {logging_mixin.py:188} WARNING - 2026-04-22 07:05:16 - scripts.load_raw - INFO - Retrieved 215 unprocessed raw records (active only)
[2026-04-22T07:05:16.755+0000] {load_raw.py:233} INFO - Retrieved 215 unprocessed raw records (active only)
[2026-04-22T07:05:16.759+0000] {logging_mixin.py:188} WARNING - 2026-04-22 07:05:16 - scripts.load_raw - INFO - Database connection closed
[2026-04-22T07:05:16.758+0000] {load_raw.py:53} INFO - Database connection closed
[2026-04-22T07:05:16.763+0000] {logging_mixin.py:188} WARNING - 2026-04-22 07:05:16 - scripts.load_clean - INFO - Starting transformation and load for 215 raw records
[2026-04-22T07:05:16.762+0000] {load_clean.py:210} INFO - Starting transformation and load for 215 raw records
[2026-04-22T07:05:16.773+0000] {logging_mixin.py:188} WARNING - 2026-04-22 07:05:16 - scripts.load_clean - INFO - Successfully connected to PostgreSQL database
[2026-04-22T07:05:16.772+0000] {load_clean.py:41} INFO - Successfully connected to PostgreSQL database
[2026-04-22T07:05:16.778+0000] {logging_mixin.py:188} WARNING - 2026-04-22 07:05:16 - scripts.load_clean - INFO - Table 'weather_clean' created or already exists
[2026-04-22T07:05:16.777+0000] {load_clean.py:109} INFO - Table 'weather_clean' created or already exists
[2026-04-22T07:05:17.039+0000] {logging_mixin.py:188} WARNING - 2026-04-22 07:05:17 - scripts.load_clean - INFO - Marked 215 raw records as processed
[2026-04-22T07:05:17.038+0000] {load_clean.py:293} INFO - Marked 215 raw records as processed
[2026-04-22T07:05:17.043+0000] {logging_mixin.py:188} WARNING - 2026-04-22 07:05:17 - scripts.load_clean - INFO - Clean data load complete: 215 transformed, 215 validated, 215 loaded, 0 failed
[2026-04-22T07:05:17.042+0000] {load_clean.py:265} INFO - Clean data load complete: 215 transformed, 215 validated, 215 loaded, 0 failed
[2026-04-22T07:05:17.050+0000] {logging_mixin.py:188} WARNING - 2026-04-22 07:05:17 - scripts.load_clean - INFO - Database connection closed
[2026-04-22T07:05:17.047+0000] {load_clean.py:56} INFO - Database connection closed
[2026-04-22T07:05:17.084+0000] {weather_etl_dag_v2.py:190} INFO - ✓ Transform complete: 215 loaded, 0 failed (will be checked in quality_check)
[2026-04-22T07:05:17.088+0000] {python.py:237} INFO - Done. Returned value was: 215
[2026-04-22T07:05:17.089+0000] {taskinstance.py:441} INFO - ::group::Post task execution logs
[2026-04-22T07:05:17.124+0000] {taskinstance.py:1206} INFO - Marking task as SUCCESS. dag_id=weather_etl_pipeline_v2, task_id=transform_clean, run_id=scheduled__2026-04-21T02:00:00+00:00, execution_date=20260421T020000, start_date=20260422T070516, end_date=20260422T070517
[2026-04-22T07:05:17.160+0000] {local_task_job_runner.py:243} INFO - Task exited with return code 0
[2026-04-22T07:05:17.204+0000] {taskinstance.py:3503} INFO - 1 downstream tasks scheduled from follow-on schedule check
[2026-04-22T07:05:17.210+0000] {local_task_job_runner.py:222} INFO - ::endgroup::
