[2026-04-13T06:53:04.358+0000] {local_task_job_runner.py:120} INFO - ::group::Pre task execution logs
[2026-04-13T06:53:04.450+0000] {taskinstance.py:2076} INFO - Dependencies all met for dep_context=non-requeueable deps ti=<TaskInstance: weather_etl_pipeline_v2.extract manual__2026-04-13T06:53:00.994401+00:00 [queued]>
[2026-04-13T06:53:04.470+0000] {taskinstance.py:2076} INFO - Dependencies all met for dep_context=requeueable deps ti=<TaskInstance: weather_etl_pipeline_v2.extract manual__2026-04-13T06:53:00.994401+00:00 [queued]>
[2026-04-13T06:53:04.471+0000] {taskinstance.py:2306} INFO - Starting attempt 1 of 4
[2026-04-13T06:53:04.497+0000] {taskinstance.py:2330} INFO - Executing <Task(PythonOperator): extract> on 2026-04-13 06:53:00.994401+00:00
[2026-04-13T06:53:04.512+0000] {standard_task_runner.py:90} INFO - Running: ['airflow', 'tasks', 'run', 'weather_etl_pipeline_v2', 'extract', 'manual__2026-04-13T06:53:00.994401+00:00', '--job-id', '176', '--raw', '--subdir', 'DAGS_FOLDER/weather_etl_dag_v2.py', '--cfg-path', '/tmp/tmp5camvi6j']
[2026-04-13T06:53:04.520+0000] {standard_task_runner.py:91} INFO - Job 176: Subtask extract
[2026-04-13T06:53:04.520+0000] {logging_mixin.py:188} WARNING - /home/airflow/.local/lib/python3.12/site-packages/airflow/task/task_runner/standard_task_runner.py:62 DeprecationWarning: This process (pid=362) is multi-threaded, use of fork() may lead to deadlocks in the child.
[2026-04-13T06:53:04.522+0000] {standard_task_runner.py:64} INFO - Started process 363 to run task
[2026-04-13T06:53:04.664+0000] {task_command.py:426} INFO - Running <TaskInstance: weather_etl_pipeline_v2.extract manual__2026-04-13T06:53:00.994401+00:00 [running]> on host 5aae7c9eda2a
[2026-04-13T06:53:04.845+0000] {taskinstance.py:2648} INFO - Exporting env vars: AIRFLOW_CTX_DAG_OWNER='weather_etl' AIRFLOW_CTX_DAG_ID='weather_etl_pipeline_v2' AIRFLOW_CTX_TASK_ID='extract' AIRFLOW_CTX_EXECUTION_DATE='2026-04-13T06:53:00.994401+00:00' AIRFLOW_CTX_TRY_NUMBER='1' AIRFLOW_CTX_DAG_RUN_ID='manual__2026-04-13T06:53:00.994401+00:00'
[2026-04-13T06:53:04.847+0000] {taskinstance.py:430} INFO - ::endgroup::
[2026-04-13T06:53:04.870+0000] {weather_etl_dag_v2.py:66} INFO - ============================================================
[2026-04-13T06:53:04.872+0000] {weather_etl_dag_v2.py:67} INFO - TASK: EXTRACT - Fetching weather data from API
[2026-04-13T06:53:04.873+0000] {weather_etl_dag_v2.py:68} INFO - ============================================================
[2026-04-13T06:53:04.886+0000] {weather_etl_dag_v2.py:91} INFO - Fetched 4 cities from database: ['Chennai', 'Delhi', 'islamabad', 'Mumbai']
[2026-04-13T06:53:04.894+0000] {logging_mixin.py:188} WARNING - 2026-04-13 06:53:04 - scripts.extract - INFO - Starting extraction for cities: Chennai, Delhi, islamabad, Mumbai
[2026-04-13T06:53:04.894+0000] {extract.py:126} INFO - Starting extraction for cities: Chennai, Delhi, islamabad, Mumbai
[2026-04-13T06:53:04.899+0000] {logging_mixin.py:188} WARNING - 2026-04-13 06:53:04 - scripts.extract - INFO - Starting extraction for 4 cities
[2026-04-13T06:53:04.898+0000] {extract.py:96} INFO - Starting extraction for 4 cities
[2026-04-13T06:53:04.901+0000] {logging_mixin.py:188} WARNING - 2026-04-13 06:53:04 - scripts.extract - INFO - Fetching weather data for Chennai (attempt 1/3)
[2026-04-13T06:53:04.901+0000] {extract.py:47} INFO - Fetching weather data for Chennai (attempt 1/3)
[2026-04-13T06:53:05.306+0000] {logging_mixin.py:188} WARNING - 2026-04-13 06:53:05 - scripts.extract - INFO - Successfully fetched data for Chennai
[2026-04-13T06:53:05.305+0000] {extract.py:53} INFO - Successfully fetched data for Chennai
[2026-04-13T06:53:05.310+0000] {logging_mixin.py:188} WARNING - 2026-04-13 06:53:05 - scripts.extract - INFO - Fetching weather data for Delhi (attempt 1/3)
[2026-04-13T06:53:05.309+0000] {extract.py:47} INFO - Fetching weather data for Delhi (attempt 1/3)
[2026-04-13T06:53:05.631+0000] {logging_mixin.py:188} WARNING - 2026-04-13 06:53:05 - scripts.extract - INFO - Successfully fetched data for Delhi
[2026-04-13T06:53:05.630+0000] {extract.py:53} INFO - Successfully fetched data for Delhi
[2026-04-13T06:53:05.635+0000] {logging_mixin.py:188} WARNING - 2026-04-13 06:53:05 - scripts.extract - INFO - Fetching weather data for islamabad (attempt 1/3)
[2026-04-13T06:53:05.634+0000] {extract.py:47} INFO - Fetching weather data for islamabad (attempt 1/3)
[2026-04-13T06:53:05.950+0000] {logging_mixin.py:188} WARNING - 2026-04-13 06:53:05 - scripts.extract - INFO - Successfully fetched data for islamabad
[2026-04-13T06:53:05.947+0000] {extract.py:53} INFO - Successfully fetched data for islamabad
[2026-04-13T06:53:05.956+0000] {logging_mixin.py:188} WARNING - 2026-04-13 06:53:05 - scripts.extract - INFO - Fetching weather data for Mumbai (attempt 1/3)
[2026-04-13T06:53:05.955+0000] {extract.py:47} INFO - Fetching weather data for Mumbai (attempt 1/3)
[2026-04-13T06:53:06.278+0000] {logging_mixin.py:188} WARNING - 2026-04-13 06:53:06 - scripts.extract - INFO - Successfully fetched data for Mumbai
[2026-04-13T06:53:06.277+0000] {extract.py:53} INFO - Successfully fetched data for Mumbai
[2026-04-13T06:53:06.282+0000] {logging_mixin.py:188} WARNING - 2026-04-13 06:53:06 - scripts.extract - INFO - Extraction complete: 4 successful, 0 failed
[2026-04-13T06:53:06.281+0000] {extract.py:113} INFO - Extraction complete: 4 successful, 0 failed
[2026-04-13T06:53:06.287+0000] {logging_mixin.py:188} WARNING - 2026-04-13 06:53:06 - scripts.extract - INFO - Extracted 4 weather records
[2026-04-13T06:53:06.285+0000] {extract.py:130} INFO - Extracted 4 weather records
[2026-04-13T06:53:06.322+0000] {weather_etl_dag_v2.py:102} INFO - ✓ Extraction complete: 4 records fetched
[2026-04-13T06:53:06.326+0000] {python.py:237} INFO - Done. Returned value was: 4
[2026-04-13T06:53:06.327+0000] {taskinstance.py:441} INFO - ::group::Post task execution logs
[2026-04-13T06:53:06.375+0000] {taskinstance.py:1206} INFO - Marking task as SUCCESS. dag_id=weather_etl_pipeline_v2, task_id=extract, run_id=manual__2026-04-13T06:53:00.994401+00:00, execution_date=20260413T065300, start_date=20260413T065304, end_date=20260413T065306
[2026-04-13T06:53:06.433+0000] {local_task_job_runner.py:243} INFO - Task exited with return code 0
[2026-04-13T06:53:06.492+0000] {taskinstance.py:3503} INFO - 1 downstream tasks scheduled from follow-on schedule check
[2026-04-13T06:53:06.497+0000] {local_task_job_runner.py:222} INFO - ::endgroup::
