[2026-04-17T05:02:30.876+0000] {local_task_job_runner.py:120} INFO - ::group::Pre task execution logs
[2026-04-17T05:02:30.920+0000] {taskinstance.py:2076} INFO - Dependencies all met for dep_context=non-requeueable deps ti=<TaskInstance: weather_etl_pipeline_v2.transform_clean scheduled__2026-04-16T02:00:00+00:00 [queued]>
[2026-04-17T05:02:30.932+0000] {taskinstance.py:2076} INFO - Dependencies all met for dep_context=requeueable deps ti=<TaskInstance: weather_etl_pipeline_v2.transform_clean scheduled__2026-04-16T02:00:00+00:00 [queued]>
[2026-04-17T05:02:30.936+0000] {taskinstance.py:2306} INFO - Starting attempt 1 of 3
[2026-04-17T05:02:30.956+0000] {taskinstance.py:2330} INFO - Executing <Task(PythonOperator): transform_clean> on 2026-04-16 02:00:00+00:00
[2026-04-17T05:02:30.965+0000] {logging_mixin.py:188} WARNING - /home/airflow/.local/lib/python3.12/site-packages/airflow/task/task_runner/standard_task_runner.py:62 DeprecationWarning: This process (pid=205) is multi-threaded, use of fork() may lead to deadlocks in the child.
[2026-04-17T05:02:30.964+0000] {standard_task_runner.py:90} INFO - Running: ['airflow', 'tasks', 'run', 'weather_etl_pipeline_v2', 'transform_clean', 'scheduled__2026-04-16T02:00:00+00:00', '--job-id', '111', '--raw', '--subdir', 'DAGS_FOLDER/weather_etl_dag_v2.py', '--cfg-path', '/tmp/tmp5s_ddev6']
[2026-04-17T05:02:30.967+0000] {standard_task_runner.py:64} INFO - Started process 206 to run task
[2026-04-17T05:02:30.967+0000] {standard_task_runner.py:91} INFO - Job 111: Subtask transform_clean
[2026-04-17T05:02:31.044+0000] {task_command.py:426} INFO - Running <TaskInstance: weather_etl_pipeline_v2.transform_clean scheduled__2026-04-16T02:00:00+00:00 [running]> on host 89e29680acec
[2026-04-17T05:02:31.165+0000] {taskinstance.py:2648} INFO - Exporting env vars: AIRFLOW_CTX_DAG_OWNER='weather_etl' AIRFLOW_CTX_DAG_ID='weather_etl_pipeline_v2' AIRFLOW_CTX_TASK_ID='transform_clean' AIRFLOW_CTX_EXECUTION_DATE='2026-04-16T02:00:00+00:00' AIRFLOW_CTX_TRY_NUMBER='1' AIRFLOW_CTX_DAG_RUN_ID='scheduled__2026-04-16T02:00:00+00:00'
[2026-04-17T05:02:31.166+0000] {taskinstance.py:430} INFO - ::endgroup::
[2026-04-17T05:02:31.186+0000] {weather_etl_dag_v2.py:174} INFO - ============================================================
[2026-04-17T05:02:31.187+0000] {weather_etl_dag_v2.py:175} INFO - TASK: TRANSFORM_CLEAN — Transform & load validated data
[2026-04-17T05:02:31.188+0000] {weather_etl_dag_v2.py:176} INFO - ============================================================
[2026-04-17T05:02:31.208+0000] {logging_mixin.py:188} WARNING - 2026-04-17 05:02:31 - scripts.load_raw - INFO - Successfully connected to PostgreSQL database
[2026-04-17T05:02:31.208+0000] {load_raw.py:38} INFO - Successfully connected to PostgreSQL database
[2026-04-17T05:02:31.223+0000] {logging_mixin.py:188} WARNING - 2026-04-17 05:02:31 - scripts.load_raw - INFO - Retrieved 104 unprocessed raw records (active only)
[2026-04-17T05:02:31.222+0000] {load_raw.py:233} INFO - Retrieved 104 unprocessed raw records (active only)
[2026-04-17T05:02:31.224+0000] {logging_mixin.py:188} WARNING - 2026-04-17 05:02:31 - scripts.load_raw - INFO - Database connection closed
[2026-04-17T05:02:31.224+0000] {load_raw.py:53} INFO - Database connection closed
[2026-04-17T05:02:31.226+0000] {logging_mixin.py:188} WARNING - 2026-04-17 05:02:31 - scripts.load_clean - INFO - Starting transformation and load for 104 raw records
[2026-04-17T05:02:31.226+0000] {load_clean.py:210} INFO - Starting transformation and load for 104 raw records
[2026-04-17T05:02:31.234+0000] {logging_mixin.py:188} WARNING - 2026-04-17 05:02:31 - scripts.load_clean - INFO - Successfully connected to PostgreSQL database
[2026-04-17T05:02:31.233+0000] {load_clean.py:41} INFO - Successfully connected to PostgreSQL database
[2026-04-17T05:02:31.237+0000] {logging_mixin.py:188} WARNING - 2026-04-17 05:02:31 - scripts.load_clean - INFO - Table 'weather_clean' created or already exists
[2026-04-17T05:02:31.237+0000] {load_clean.py:109} INFO - Table 'weather_clean' created or already exists
[2026-04-17T05:02:31.318+0000] {logging_mixin.py:188} WARNING - 2026-04-17 05:02:31 - scripts.load_clean - INFO - Marked 104 raw records as processed
[2026-04-17T05:02:31.318+0000] {load_clean.py:293} INFO - Marked 104 raw records as processed
[2026-04-17T05:02:31.320+0000] {logging_mixin.py:188} WARNING - 2026-04-17 05:02:31 - scripts.load_clean - INFO - Clean data load complete: 104 transformed, 104 validated, 104 loaded, 0 failed
[2026-04-17T05:02:31.320+0000] {load_clean.py:265} INFO - Clean data load complete: 104 transformed, 104 validated, 104 loaded, 0 failed
[2026-04-17T05:02:31.324+0000] {logging_mixin.py:188} WARNING - 2026-04-17 05:02:31 - scripts.load_clean - INFO - Database connection closed
[2026-04-17T05:02:31.321+0000] {load_clean.py:56} INFO - Database connection closed
[2026-04-17T05:02:31.346+0000] {weather_etl_dag_v2.py:190} INFO - ✓ Transform complete: 104 loaded, 0 failed (will be checked in quality_check)
[2026-04-17T05:02:31.348+0000] {python.py:237} INFO - Done. Returned value was: 104
[2026-04-17T05:02:31.349+0000] {taskinstance.py:441} INFO - ::group::Post task execution logs
[2026-04-17T05:02:31.373+0000] {taskinstance.py:1206} INFO - Marking task as SUCCESS. dag_id=weather_etl_pipeline_v2, task_id=transform_clean, run_id=scheduled__2026-04-16T02:00:00+00:00, execution_date=20260416T020000, start_date=20260417T050230, end_date=20260417T050231
[2026-04-17T05:02:31.423+0000] {local_task_job_runner.py:243} INFO - Task exited with return code 0
[2026-04-17T05:02:31.459+0000] {taskinstance.py:3503} INFO - 1 downstream tasks scheduled from follow-on schedule check
[2026-04-17T05:02:31.462+0000] {local_task_job_runner.py:222} INFO - ::endgroup::
