[2026-04-16T05:52:57.193+0000] {local_task_job_runner.py:120} INFO - ::group::Pre task execution logs
[2026-04-16T05:52:57.233+0000] {taskinstance.py:2076} INFO - Dependencies all met for dep_context=non-requeueable deps ti=<TaskInstance: weather_etl_pipeline_v2.generate_run_id scheduled__2026-04-15T02:00:00+00:00 [queued]>
[2026-04-16T05:52:57.245+0000] {taskinstance.py:2076} INFO - Dependencies all met for dep_context=requeueable deps ti=<TaskInstance: weather_etl_pipeline_v2.generate_run_id scheduled__2026-04-15T02:00:00+00:00 [queued]>
[2026-04-16T05:52:57.246+0000] {taskinstance.py:2306} INFO - Starting attempt 1 of 4
[2026-04-16T05:52:57.264+0000] {taskinstance.py:2330} INFO - Executing <Task(PythonOperator): generate_run_id> on 2026-04-15 02:00:00+00:00
[2026-04-16T05:52:57.274+0000] {logging_mixin.py:188} WARNING - /home/airflow/.local/lib/python3.12/site-packages/airflow/task/task_runner/standard_task_runner.py:62 DeprecationWarning: This process (pid=183) is multi-threaded, use of fork() may lead to deadlocks in the child.
[2026-04-16T05:52:57.274+0000] {standard_task_runner.py:90} INFO - Running: ['airflow', 'tasks', 'run', 'weather_etl_pipeline_v2', 'generate_run_id', 'scheduled__2026-04-15T02:00:00+00:00', '--job-id', '274', '--raw', '--subdir', 'DAGS_FOLDER/weather_etl_dag_v2.py', '--cfg-path', '/tmp/tmpn8iuvtdy']
[2026-04-16T05:52:57.277+0000] {standard_task_runner.py:64} INFO - Started process 192 to run task
[2026-04-16T05:52:57.278+0000] {standard_task_runner.py:91} INFO - Job 274: Subtask generate_run_id
[2026-04-16T05:52:57.358+0000] {task_command.py:426} INFO - Running <TaskInstance: weather_etl_pipeline_v2.generate_run_id scheduled__2026-04-15T02:00:00+00:00 [running]> on host c46c29a8ca21
[2026-04-16T05:52:57.489+0000] {taskinstance.py:2648} INFO - Exporting env vars: AIRFLOW_CTX_DAG_OWNER='weather_etl' AIRFLOW_CTX_DAG_ID='weather_etl_pipeline_v2' AIRFLOW_CTX_TASK_ID='generate_run_id' AIRFLOW_CTX_EXECUTION_DATE='2026-04-15T02:00:00+00:00' AIRFLOW_CTX_TRY_NUMBER='1' AIRFLOW_CTX_DAG_RUN_ID='scheduled__2026-04-15T02:00:00+00:00'
[2026-04-16T05:52:57.491+0000] {taskinstance.py:430} INFO - ::endgroup::
[2026-04-16T05:52:57.531+0000] {weather_etl_dag_v2.py:78} INFO - Generated run_id: scheduled_2026-04-15_055257
[2026-04-16T05:52:57.549+0000] {python.py:237} INFO - Done. Returned value was: scheduled_2026-04-15_055257
[2026-04-16T05:52:57.551+0000] {taskinstance.py:441} INFO - ::group::Post task execution logs
[2026-04-16T05:52:57.573+0000] {taskinstance.py:1206} INFO - Marking task as SUCCESS. dag_id=weather_etl_pipeline_v2, task_id=generate_run_id, run_id=scheduled__2026-04-15T02:00:00+00:00, execution_date=20260415T020000, start_date=20260416T055257, end_date=20260416T055257
[2026-04-16T05:52:57.615+0000] {local_task_job_runner.py:243} INFO - Task exited with return code 0
[2026-04-16T05:52:57.639+0000] {taskinstance.py:3503} INFO - 1 downstream tasks scheduled from follow-on schedule check
[2026-04-16T05:52:57.642+0000] {local_task_job_runner.py:222} INFO - ::endgroup::
[2026-04-16T06:00:23.995+0000] {local_task_job_runner.py:120} INFO - ::group::Pre task execution logs
[2026-04-16T06:00:24.038+0000] {taskinstance.py:2076} INFO - Dependencies all met for dep_context=non-requeueable deps ti=<TaskInstance: weather_etl_pipeline_v2.generate_run_id scheduled__2026-04-15T02:00:00+00:00 [queued]>
[2026-04-16T06:00:24.048+0000] {taskinstance.py:2076} INFO - Dependencies all met for dep_context=requeueable deps ti=<TaskInstance: weather_etl_pipeline_v2.generate_run_id scheduled__2026-04-15T02:00:00+00:00 [queued]>
[2026-04-16T06:00:24.049+0000] {taskinstance.py:2306} INFO - Starting attempt 1 of 4
[2026-04-16T06:00:24.065+0000] {taskinstance.py:2330} INFO - Executing <Task(PythonOperator): generate_run_id> on 2026-04-15 02:00:00+00:00
[2026-04-16T06:00:24.075+0000] {logging_mixin.py:188} WARNING - /home/airflow/.local/lib/python3.12/site-packages/airflow/task/task_runner/standard_task_runner.py:62 DeprecationWarning: This process (pid=464) is multi-threaded, use of fork() may lead to deadlocks in the child.
[2026-04-16T06:00:24.077+0000] {standard_task_runner.py:64} INFO - Started process 465 to run task
[2026-04-16T06:00:24.074+0000] {standard_task_runner.py:90} INFO - Running: ['airflow', 'tasks', 'run', 'weather_etl_pipeline_v2', 'generate_run_id', 'scheduled__2026-04-15T02:00:00+00:00', '--job-id', '10', '--raw', '--subdir', 'DAGS_FOLDER/weather_etl_dag_v2.py', '--cfg-path', '/tmp/tmpjextcxts']
[2026-04-16T06:00:24.079+0000] {standard_task_runner.py:91} INFO - Job 10: Subtask generate_run_id
[2026-04-16T06:00:24.146+0000] {task_command.py:426} INFO - Running <TaskInstance: weather_etl_pipeline_v2.generate_run_id scheduled__2026-04-15T02:00:00+00:00 [running]> on host cf9362e38fb8
[2026-04-16T06:00:24.234+0000] {taskinstance.py:2648} INFO - Exporting env vars: AIRFLOW_CTX_DAG_OWNER='weather_etl' AIRFLOW_CTX_DAG_ID='weather_etl_pipeline_v2' AIRFLOW_CTX_TASK_ID='generate_run_id' AIRFLOW_CTX_EXECUTION_DATE='2026-04-15T02:00:00+00:00' AIRFLOW_CTX_TRY_NUMBER='1' AIRFLOW_CTX_DAG_RUN_ID='scheduled__2026-04-15T02:00:00+00:00'
[2026-04-16T06:00:24.236+0000] {taskinstance.py:430} INFO - ::endgroup::
[2026-04-16T06:00:24.247+0000] {weather_etl_dag_v2.py:78} INFO - Generated run_id: scheduled_2026-04-15_060024
[2026-04-16T06:00:24.265+0000] {python.py:237} INFO - Done. Returned value was: scheduled_2026-04-15_060024
[2026-04-16T06:00:24.266+0000] {taskinstance.py:441} INFO - ::group::Post task execution logs
[2026-04-16T06:00:24.289+0000] {taskinstance.py:1206} INFO - Marking task as SUCCESS. dag_id=weather_etl_pipeline_v2, task_id=generate_run_id, run_id=scheduled__2026-04-15T02:00:00+00:00, execution_date=20260415T020000, start_date=20260416T060024, end_date=20260416T060024
[2026-04-16T06:00:24.333+0000] {local_task_job_runner.py:243} INFO - Task exited with return code 0
[2026-04-16T06:00:24.364+0000] {taskinstance.py:3503} INFO - 1 downstream tasks scheduled from follow-on schedule check
[2026-04-16T06:00:24.367+0000] {local_task_job_runner.py:222} INFO - ::endgroup::
