[2026-04-09T11:33:22.896+0000] {local_task_job_runner.py:120} INFO - ::group::Pre task execution logs
[2026-04-09T11:33:22.979+0000] {taskinstance.py:2076} INFO - Dependencies all met for dep_context=non-requeueable deps ti=<TaskInstance: weather_etl_pipeline.transform manual__2026-04-09T11:33:16.841040+00:00 [queued]>
[2026-04-09T11:33:23.003+0000] {taskinstance.py:2076} INFO - Dependencies all met for dep_context=requeueable deps ti=<TaskInstance: weather_etl_pipeline.transform manual__2026-04-09T11:33:16.841040+00:00 [queued]>
[2026-04-09T11:33:23.005+0000] {taskinstance.py:2306} INFO - Starting attempt 1 of 3
[2026-04-09T11:33:23.038+0000] {taskinstance.py:2330} INFO - Executing <Task(PythonOperator): transform> on 2026-04-09 11:33:16.841040+00:00
[2026-04-09T11:33:23.052+0000] {standard_task_runner.py:90} INFO - Running: ['airflow', 'tasks', 'run', 'weather_etl_pipeline', 'transform', 'manual__2026-04-09T11:33:16.841040+00:00', '--job-id', '29', '--raw', '--subdir', 'DAGS_FOLDER/weather_etl_dag.py', '--cfg-path', '/tmp/tmpemdkrjak']
[2026-04-09T11:33:23.058+0000] {standard_task_runner.py:91} INFO - Job 29: Subtask transform
[2026-04-09T11:33:23.063+0000] {logging_mixin.py:188} WARNING - /home/airflow/.local/lib/python3.12/site-packages/airflow/task/task_runner/standard_task_runner.py:62 DeprecationWarning: This process (pid=302) is multi-threaded, use of fork() may lead to deadlocks in the child.
[2026-04-09T11:33:23.065+0000] {standard_task_runner.py:64} INFO - Started process 308 to run task
[2026-04-09T11:33:23.171+0000] {task_command.py:426} INFO - Running <TaskInstance: weather_etl_pipeline.transform manual__2026-04-09T11:33:16.841040+00:00 [running]> on host 7f2361d1f94e
[2026-04-09T11:33:23.357+0000] {taskinstance.py:2648} INFO - Exporting env vars: AIRFLOW_CTX_DAG_OWNER='weather_etl' AIRFLOW_CTX_DAG_ID='weather_etl_pipeline' AIRFLOW_CTX_TASK_ID='transform' AIRFLOW_CTX_EXECUTION_DATE='2026-04-09T11:33:16.841040+00:00' AIRFLOW_CTX_TRY_NUMBER='1' AIRFLOW_CTX_DAG_RUN_ID='manual__2026-04-09T11:33:16.841040+00:00'
[2026-04-09T11:33:23.359+0000] {taskinstance.py:430} INFO - ::endgroup::
[2026-04-09T11:33:23.387+0000] {logger.py:59} INFO - ============================================================
[2026-04-09T11:33:23.391+0000] {logger.py:60} INFO - Starting Weather Transformation
[2026-04-09T11:33:23.394+0000] {logger.py:61} INFO - Execution time: 2026-04-09 11:33:23
[2026-04-09T11:33:23.397+0000] {logger.py:62} INFO - ============================================================
[2026-04-09T11:33:23.427+0000] {logging_mixin.py:188} WARNING - 2026-04-09 11:33:23 - scripts.transform - INFO - Starting transformation for 5 records
[2026-04-09T11:33:23.426+0000] {transform.py:118} INFO - Starting transformation for 5 records
[2026-04-09T11:33:23.430+0000] {logging_mixin.py:188} WARNING - 2026-04-09 11:33:23 - scripts.transform - INFO - Transformation complete: 5 successful, 0 failed
[2026-04-09T11:33:23.430+0000] {transform.py:132} INFO - Transformation complete: 5 successful, 0 failed
[2026-04-09T11:33:23.461+0000] {weather_etl_dag.py:109} INFO - Transformed 5 records
[2026-04-09T11:33:23.463+0000] {logger.py:67} INFO - ============================================================
[2026-04-09T11:33:23.465+0000] {logger.py:68} INFO - Finished Weather Transformation
[2026-04-09T11:33:23.467+0000] {logger.py:69} INFO - Status: SUCCESS
[2026-04-09T11:33:23.468+0000] {logger.py:70} INFO - Execution time: 2026-04-09 11:33:23
[2026-04-09T11:33:23.471+0000] {logger.py:71} INFO - ============================================================
[2026-04-09T11:33:23.473+0000] {python.py:237} INFO - Done. Returned value was: 5
[2026-04-09T11:33:23.474+0000] {taskinstance.py:441} INFO - ::group::Post task execution logs
[2026-04-09T11:33:23.512+0000] {taskinstance.py:1206} INFO - Marking task as SUCCESS. dag_id=weather_etl_pipeline, task_id=transform, run_id=manual__2026-04-09T11:33:16.841040+00:00, execution_date=20260409T113316, start_date=20260409T113322, end_date=20260409T113323
[2026-04-09T11:33:23.564+0000] {local_task_job_runner.py:243} INFO - Task exited with return code 0
[2026-04-09T11:33:23.604+0000] {taskinstance.py:3503} INFO - 1 downstream tasks scheduled from follow-on schedule check
[2026-04-09T11:33:23.608+0000] {local_task_job_runner.py:222} INFO - ::endgroup::
