[2026-04-10T13:37:08.840+0000] {local_task_job_runner.py:120} INFO - ::group::Pre task execution logs
[2026-04-10T13:37:08.878+0000] {taskinstance.py:2076} INFO - Dependencies all met for dep_context=non-requeueable deps ti=<TaskInstance: weather_etl_pipeline_v2.extract manual__2026-04-10T13:37:06+00:00 [queued]>
[2026-04-10T13:37:08.889+0000] {taskinstance.py:2076} INFO - Dependencies all met for dep_context=requeueable deps ti=<TaskInstance: weather_etl_pipeline_v2.extract manual__2026-04-10T13:37:06+00:00 [queued]>
[2026-04-10T13:37:08.890+0000] {taskinstance.py:2306} INFO - Starting attempt 1 of 4
[2026-04-10T13:37:08.905+0000] {taskinstance.py:2330} INFO - Executing <Task(PythonOperator): extract> on 2026-04-10 13:37:06+00:00
[2026-04-10T13:37:08.915+0000] {standard_task_runner.py:90} INFO - Running: ['airflow', 'tasks', 'run', 'weather_etl_pipeline_v2', 'extract', 'manual__2026-04-10T13:37:06+00:00', '--job-id', '67', '--raw', '--subdir', 'DAGS_FOLDER/weather_etl_dag_v2.py', '--cfg-path', '/tmp/tmp4_p5660o']
[2026-04-10T13:37:08.918+0000] {standard_task_runner.py:91} INFO - Job 67: Subtask extract
[2026-04-10T13:37:08.922+0000] {logging_mixin.py:188} WARNING - /home/airflow/.local/lib/python3.12/site-packages/airflow/task/task_runner/standard_task_runner.py:62 DeprecationWarning: This process (pid=355) is multi-threaded, use of fork() may lead to deadlocks in the child.
[2026-04-10T13:37:08.924+0000] {standard_task_runner.py:64} INFO - Started process 356 to run task
[2026-04-10T13:37:08.982+0000] {task_command.py:426} INFO - Running <TaskInstance: weather_etl_pipeline_v2.extract manual__2026-04-10T13:37:06+00:00 [running]> on host e69da4fb5dc4
[2026-04-10T13:37:09.089+0000] {taskinstance.py:2648} INFO - Exporting env vars: AIRFLOW_CTX_DAG_OWNER='weather_etl' AIRFLOW_CTX_DAG_ID='weather_etl_pipeline_v2' AIRFLOW_CTX_TASK_ID='extract' AIRFLOW_CTX_EXECUTION_DATE='2026-04-10T13:37:06+00:00' AIRFLOW_CTX_TRY_NUMBER='1' AIRFLOW_CTX_DAG_RUN_ID='manual__2026-04-10T13:37:06+00:00'
[2026-04-10T13:37:09.091+0000] {taskinstance.py:430} INFO - ::endgroup::
[2026-04-10T13:37:09.107+0000] {weather_etl_dag_v2.py:66} INFO - ============================================================
[2026-04-10T13:37:09.109+0000] {weather_etl_dag_v2.py:67} INFO - TASK: EXTRACT - Fetching weather data from API
[2026-04-10T13:37:09.111+0000] {weather_etl_dag_v2.py:68} INFO - ============================================================
[2026-04-10T13:37:09.116+0000] {logging_mixin.py:188} WARNING - 2026-04-10 13:37:09 - scripts.extract - INFO - Starting extraction for cities: London, New York, Tokyo, Paris, Sydney
[2026-04-10T13:37:09.115+0000] {extract.py:126} INFO - Starting extraction for cities: London, New York, Tokyo, Paris, Sydney
[2026-04-10T13:37:09.118+0000] {logging_mixin.py:188} WARNING - 2026-04-10 13:37:09 - scripts.extract - INFO - Starting extraction for 5 cities
[2026-04-10T13:37:09.118+0000] {extract.py:96} INFO - Starting extraction for 5 cities
[2026-04-10T13:37:09.120+0000] {logging_mixin.py:188} WARNING - 2026-04-10 13:37:09 - scripts.extract - INFO - Fetching weather data for London (attempt 1/3)
[2026-04-10T13:37:09.119+0000] {extract.py:47} INFO - Fetching weather data for London (attempt 1/3)
[2026-04-10T13:37:09.475+0000] {logging_mixin.py:188} WARNING - 2026-04-10 13:37:09 - scripts.extract - INFO - Successfully fetched data for London
[2026-04-10T13:37:09.474+0000] {extract.py:53} INFO - Successfully fetched data for London
[2026-04-10T13:37:09.480+0000] {logging_mixin.py:188} WARNING - 2026-04-10 13:37:09 - scripts.extract - INFO - Fetching weather data for New York (attempt 1/3)
[2026-04-10T13:37:09.478+0000] {extract.py:47} INFO - Fetching weather data for New York (attempt 1/3)
[2026-04-10T13:37:09.635+0000] {logging_mixin.py:188} WARNING - 2026-04-10 13:37:09 - scripts.extract - INFO - Successfully fetched data for New York
[2026-04-10T13:37:09.635+0000] {extract.py:53} INFO - Successfully fetched data for New York
[2026-04-10T13:37:09.637+0000] {logging_mixin.py:188} WARNING - 2026-04-10 13:37:09 - scripts.extract - INFO - Fetching weather data for Tokyo (attempt 1/3)
[2026-04-10T13:37:09.637+0000] {extract.py:47} INFO - Fetching weather data for Tokyo (attempt 1/3)
[2026-04-10T13:37:09.786+0000] {logging_mixin.py:188} WARNING - 2026-04-10 13:37:09 - scripts.extract - INFO - Successfully fetched data for Tokyo
[2026-04-10T13:37:09.786+0000] {extract.py:53} INFO - Successfully fetched data for Tokyo
[2026-04-10T13:37:09.791+0000] {logging_mixin.py:188} WARNING - 2026-04-10 13:37:09 - scripts.extract - INFO - Fetching weather data for Paris (attempt 1/3)
[2026-04-10T13:37:09.790+0000] {extract.py:47} INFO - Fetching weather data for Paris (attempt 1/3)
[2026-04-10T13:37:09.949+0000] {logging_mixin.py:188} WARNING - 2026-04-10 13:37:09 - scripts.extract - INFO - Successfully fetched data for Paris
[2026-04-10T13:37:09.948+0000] {extract.py:53} INFO - Successfully fetched data for Paris
[2026-04-10T13:37:09.952+0000] {logging_mixin.py:188} WARNING - 2026-04-10 13:37:09 - scripts.extract - INFO - Fetching weather data for Sydney (attempt 1/3)
[2026-04-10T13:37:09.951+0000] {extract.py:47} INFO - Fetching weather data for Sydney (attempt 1/3)
[2026-04-10T13:37:10.115+0000] {logging_mixin.py:188} WARNING - 2026-04-10 13:37:10 - scripts.extract - INFO - Successfully fetched data for Sydney
[2026-04-10T13:37:10.115+0000] {extract.py:53} INFO - Successfully fetched data for Sydney
[2026-04-10T13:37:10.117+0000] {logging_mixin.py:188} WARNING - 2026-04-10 13:37:10 - scripts.extract - INFO - Extraction complete: 5 successful, 0 failed
[2026-04-10T13:37:10.117+0000] {extract.py:113} INFO - Extraction complete: 5 successful, 0 failed
[2026-04-10T13:37:10.119+0000] {logging_mixin.py:188} WARNING - 2026-04-10 13:37:10 - scripts.extract - INFO - Extracted 5 weather records
[2026-04-10T13:37:10.118+0000] {extract.py:130} INFO - Extracted 5 weather records
[2026-04-10T13:37:10.137+0000] {weather_etl_dag_v2.py:77} INFO - ✓ Extraction complete: 5 records fetched
[2026-04-10T13:37:10.139+0000] {python.py:237} INFO - Done. Returned value was: 5
[2026-04-10T13:37:10.140+0000] {taskinstance.py:441} INFO - ::group::Post task execution logs
[2026-04-10T13:37:10.169+0000] {taskinstance.py:1206} INFO - Marking task as SUCCESS. dag_id=weather_etl_pipeline_v2, task_id=extract, run_id=manual__2026-04-10T13:37:06+00:00, execution_date=20260410T133706, start_date=20260410T133708, end_date=20260410T133710
[2026-04-10T13:37:10.226+0000] {local_task_job_runner.py:243} INFO - Task exited with return code 0
[2026-04-10T13:37:10.254+0000] {taskinstance.py:3503} INFO - 1 downstream tasks scheduled from follow-on schedule check
[2026-04-10T13:37:10.257+0000] {local_task_job_runner.py:222} INFO - ::endgroup::
