[2026-04-11T11:32:21.135+0000] {local_task_job_runner.py:120} INFO - ::group::Pre task execution logs
[2026-04-11T11:32:21.200+0000] {taskinstance.py:2076} INFO - Dependencies all met for dep_context=non-requeueable deps ti=<TaskInstance: weather_etl_pipeline_v2.update_metadata_success manual__2026-04-11T11:32:10.539233+00:00 [queued]>
[2026-04-11T11:32:21.215+0000] {taskinstance.py:2076} INFO - Dependencies all met for dep_context=requeueable deps ti=<TaskInstance: weather_etl_pipeline_v2.update_metadata_success manual__2026-04-11T11:32:10.539233+00:00 [queued]>
[2026-04-11T11:32:21.218+0000] {taskinstance.py:2306} INFO - Starting attempt 1 of 4
[2026-04-11T11:32:21.241+0000] {taskinstance.py:2330} INFO - Executing <Task(PythonOperator): update_metadata_success> on 2026-04-11 11:32:10.539233+00:00
[2026-04-11T11:32:21.251+0000] {standard_task_runner.py:90} INFO - Running: ['airflow', 'tasks', 'run', 'weather_etl_pipeline_v2', 'update_metadata_success', 'manual__2026-04-11T11:32:10.539233+00:00', '--job-id', '127', '--raw', '--subdir', 'DAGS_FOLDER/weather_etl_dag_v2.py', '--cfg-path', '/tmp/tmpatl7abtd']
[2026-04-11T11:32:21.254+0000] {standard_task_runner.py:91} INFO - Job 127: Subtask update_metadata_success
[2026-04-11T11:32:21.255+0000] {logging_mixin.py:188} WARNING - /home/airflow/.local/lib/python3.12/site-packages/airflow/task/task_runner/standard_task_runner.py:62 DeprecationWarning: This process (pid=220) is multi-threaded, use of fork() may lead to deadlocks in the child.
[2026-04-11T11:32:21.256+0000] {standard_task_runner.py:64} INFO - Started process 221 to run task
[2026-04-11T11:32:21.336+0000] {task_command.py:426} INFO - Running <TaskInstance: weather_etl_pipeline_v2.update_metadata_success manual__2026-04-11T11:32:10.539233+00:00 [running]> on host 9514c60f7b76
[2026-04-11T11:32:21.484+0000] {taskinstance.py:2648} INFO - Exporting env vars: AIRFLOW_CTX_DAG_OWNER='weather_etl' AIRFLOW_CTX_DAG_ID='weather_etl_pipeline_v2' AIRFLOW_CTX_TASK_ID='update_metadata_success' AIRFLOW_CTX_EXECUTION_DATE='2026-04-11T11:32:10.539233+00:00' AIRFLOW_CTX_TRY_NUMBER='1' AIRFLOW_CTX_DAG_RUN_ID='manual__2026-04-11T11:32:10.539233+00:00'
[2026-04-11T11:32:21.486+0000] {taskinstance.py:430} INFO - ::endgroup::
[2026-04-11T11:32:21.502+0000] {weather_etl_dag_v2.py:229} INFO - ============================================================
[2026-04-11T11:32:21.505+0000] {weather_etl_dag_v2.py:230} INFO - TASK: UPDATE_METADATA_SUCCESS - Recording successful run
[2026-04-11T11:32:21.507+0000] {weather_etl_dag_v2.py:231} INFO - ============================================================
[2026-04-11T11:32:21.592+0000] {logging_mixin.py:188} WARNING - 2026-04-11 11:32:21 - scripts.metadata_manager - INFO - Successfully connected to PostgreSQL database
[2026-04-11T11:32:21.591+0000] {metadata_manager.py:38} INFO - Successfully connected to PostgreSQL database
[2026-04-11T11:32:21.601+0000] {logging_mixin.py:188} WARNING - 2026-04-11 11:32:21 - scripts.metadata_manager - INFO - Table 'pipeline_metadata' created or already exists
[2026-04-11T11:32:21.599+0000] {metadata_manager.py:92} INFO - Table 'pipeline_metadata' created or already exists
[2026-04-11T11:32:21.607+0000] {logging_mixin.py:188} WARNING - 2026-04-11 11:32:21 - scripts.metadata_manager - INFO - Pipeline weather_etl_pipeline_v2 marked as SUCCESS: 5 processed, 30 inserted, 0 failed
[2026-04-11T11:32:21.606+0000] {metadata_manager.py:241} INFO - Pipeline weather_etl_pipeline_v2 marked as SUCCESS: 5 processed, 30 inserted, 0 failed
[2026-04-11T11:32:21.610+0000] {logging_mixin.py:188} WARNING - 2026-04-11 11:32:21 - scripts.metadata_manager - INFO - Database connection closed
[2026-04-11T11:32:21.609+0000] {metadata_manager.py:53} INFO - Database connection closed
[2026-04-11T11:32:21.613+0000] {weather_etl_dag_v2.py:253} INFO - ✓ Metadata updated: Pipeline marked as SUCCESS
[2026-04-11T11:32:21.615+0000] {weather_etl_dag_v2.py:254} INFO -   - Records processed: 5
[2026-04-11T11:32:21.617+0000] {weather_etl_dag_v2.py:255} INFO -   - Records inserted: 30
[2026-04-11T11:32:21.619+0000] {weather_etl_dag_v2.py:256} INFO -   - Validation rate: 100.0%
[2026-04-11T11:32:21.622+0000] {python.py:237} INFO - Done. Returned value was: True
[2026-04-11T11:32:21.624+0000] {taskinstance.py:441} INFO - ::group::Post task execution logs
[2026-04-11T11:32:21.669+0000] {taskinstance.py:1206} INFO - Marking task as SUCCESS. dag_id=weather_etl_pipeline_v2, task_id=update_metadata_success, run_id=manual__2026-04-11T11:32:10.539233+00:00, execution_date=20260411T113210, start_date=20260411T113221, end_date=20260411T113221
[2026-04-11T11:32:21.714+0000] {local_task_job_runner.py:243} INFO - Task exited with return code 0
[2026-04-11T11:32:21.750+0000] {taskinstance.py:3503} INFO - 0 downstream tasks scheduled from follow-on schedule check
[2026-04-11T11:32:21.755+0000] {local_task_job_runner.py:222} INFO - ::endgroup::
