[2026-04-09T11:11:08.039+0000] {local_task_job_runner.py:120} INFO - ::group::Pre task execution logs
[2026-04-09T11:11:08.091+0000] {taskinstance.py:2076} INFO - Dependencies all met for dep_context=non-requeueable deps ti=<TaskInstance: weather_etl_pipeline_mock.load scheduled__2026-04-08T02:00:00+00:00 [queued]>
[2026-04-09T11:11:08.107+0000] {taskinstance.py:2076} INFO - Dependencies all met for dep_context=requeueable deps ti=<TaskInstance: weather_etl_pipeline_mock.load scheduled__2026-04-08T02:00:00+00:00 [queued]>
[2026-04-09T11:11:08.109+0000] {taskinstance.py:2306} INFO - Starting attempt 1 of 3
[2026-04-09T11:11:08.127+0000] {taskinstance.py:2330} INFO - Executing <Task(PythonOperator): load> on 2026-04-08 02:00:00+00:00
[2026-04-09T11:11:08.143+0000] {logging_mixin.py:188} WARNING - /home/airflow/.local/lib/python3.12/site-packages/airflow/task/task_runner/standard_task_runner.py:62 DeprecationWarning: This process (pid=338) is multi-threaded, use of fork() may lead to deadlocks in the child.
[2026-04-09T11:11:08.139+0000] {standard_task_runner.py:90} INFO - Running: ['airflow', 'tasks', 'run', 'weather_etl_pipeline_mock', 'load', 'scheduled__2026-04-08T02:00:00+00:00', '--job-id', '23', '--raw', '--subdir', 'DAGS_FOLDER/weather_etl_dag_mock.py', '--cfg-path', '/tmp/tmperwl1fsi']
[2026-04-09T11:11:08.146+0000] {standard_task_runner.py:64} INFO - Started process 340 to run task
[2026-04-09T11:11:08.146+0000] {standard_task_runner.py:91} INFO - Job 23: Subtask load
[2026-04-09T11:11:08.297+0000] {task_command.py:426} INFO - Running <TaskInstance: weather_etl_pipeline_mock.load scheduled__2026-04-08T02:00:00+00:00 [running]> on host bbdcd07d63cf
[2026-04-09T11:11:08.448+0000] {taskinstance.py:2648} INFO - Exporting env vars: AIRFLOW_CTX_DAG_OWNER='weather_etl' AIRFLOW_CTX_DAG_ID='weather_etl_pipeline_mock' AIRFLOW_CTX_TASK_ID='load' AIRFLOW_CTX_EXECUTION_DATE='2026-04-08T02:00:00+00:00' AIRFLOW_CTX_TRY_NUMBER='1' AIRFLOW_CTX_DAG_RUN_ID='scheduled__2026-04-08T02:00:00+00:00'
[2026-04-09T11:11:08.451+0000] {taskinstance.py:430} INFO - ::endgroup::
[2026-04-09T11:11:08.478+0000] {logger.py:59} INFO - ============================================================
[2026-04-09T11:11:08.480+0000] {logger.py:60} INFO - Starting Data Loading
[2026-04-09T11:11:08.482+0000] {logger.py:61} INFO - Execution time: 2026-04-09 11:11:08
[2026-04-09T11:11:08.484+0000] {logger.py:62} INFO - ============================================================
[2026-04-09T11:11:08.518+0000] {logging_mixin.py:188} WARNING - 2026-04-09 11:11:08 - scripts.load - INFO - Starting load for 5 records
[2026-04-09T11:11:08.517+0000] {load.py:190} INFO - Starting load for 5 records
[2026-04-09T11:11:08.529+0000] {logging_mixin.py:188} WARNING - 2026-04-09 11:11:08 - scripts.load - INFO - Successfully connected to PostgreSQL database
[2026-04-09T11:11:08.529+0000] {load.py:43} INFO - Successfully connected to PostgreSQL database
[2026-04-09T11:11:08.536+0000] {logging_mixin.py:188} WARNING - 2026-04-09 11:11:08 - scripts.load - INFO - Table 'weather_data' created or already exists
[2026-04-09T11:11:08.535+0000] {load.py:118} INFO - Table 'weather_data' created or already exists
[2026-04-09T11:11:08.544+0000] {logging_mixin.py:188} WARNING - 2026-04-09 11:11:08 - scripts.load - INFO - Load complete: 5 inserted, 0 skipped (duplicates/errors)
[2026-04-09T11:11:08.543+0000] {load.py:218} INFO - Load complete: 5 inserted, 0 skipped (duplicates/errors)
[2026-04-09T11:11:08.547+0000] {logging_mixin.py:188} WARNING - 2026-04-09 11:11:08 - scripts.load - INFO - Database connection closed
[2026-04-09T11:11:08.547+0000] {load.py:59} INFO - Database connection closed
[2026-04-09T11:11:08.550+0000] {weather_etl_dag_mock.py:154} INFO - Load statistics: {'total': 5, 'inserted': 5, 'skipped': 0}
[2026-04-09T11:11:08.553+0000] {logger.py:67} INFO - ============================================================
[2026-04-09T11:11:08.554+0000] {logger.py:68} INFO - Finished Data Loading
[2026-04-09T11:11:08.555+0000] {logger.py:69} INFO - Status: SUCCESS
[2026-04-09T11:11:08.557+0000] {logger.py:70} INFO - Execution time: 2026-04-09 11:11:08
[2026-04-09T11:11:08.560+0000] {logger.py:71} INFO - ============================================================
[2026-04-09T11:11:08.562+0000] {python.py:237} INFO - Done. Returned value was: 5
[2026-04-09T11:11:08.563+0000] {taskinstance.py:441} INFO - ::group::Post task execution logs
[2026-04-09T11:11:08.618+0000] {taskinstance.py:1206} INFO - Marking task as SUCCESS. dag_id=weather_etl_pipeline_mock, task_id=load, run_id=scheduled__2026-04-08T02:00:00+00:00, execution_date=20260408T020000, start_date=20260409T111108, end_date=20260409T111108
[2026-04-09T11:11:08.685+0000] {local_task_job_runner.py:243} INFO - Task exited with return code 0
[2026-04-09T11:11:08.715+0000] {taskinstance.py:3503} INFO - 1 downstream tasks scheduled from follow-on schedule check
[2026-04-09T11:11:08.718+0000] {local_task_job_runner.py:222} INFO - ::endgroup::
