[2026-04-17T05:22:06.043+0000] {local_task_job_runner.py:120} INFO - ::group::Pre task execution logs
[2026-04-17T05:22:06.087+0000] {taskinstance.py:2076} INFO - Dependencies all met for dep_context=non-requeueable deps ti=<TaskInstance: weather_etl_pipeline_v2.transform_clean manual__2026-04-17T05:21:58.192987+00:00 [queued]>
[2026-04-17T05:22:06.098+0000] {taskinstance.py:2076} INFO - Dependencies all met for dep_context=requeueable deps ti=<TaskInstance: weather_etl_pipeline_v2.transform_clean manual__2026-04-17T05:21:58.192987+00:00 [queued]>
[2026-04-17T05:22:06.100+0000] {taskinstance.py:2306} INFO - Starting attempt 1 of 3
[2026-04-17T05:22:06.115+0000] {taskinstance.py:2330} INFO - Executing <Task(PythonOperator): transform_clean> on 2026-04-17 05:21:58.192987+00:00
[2026-04-17T05:22:06.124+0000] {logging_mixin.py:188} WARNING - /home/airflow/.local/lib/python3.12/site-packages/airflow/task/task_runner/standard_task_runner.py:62 DeprecationWarning: This process (pid=844) is multi-threaded, use of fork() may lead to deadlocks in the child.
[2026-04-17T05:22:06.125+0000] {standard_task_runner.py:64} INFO - Started process 845 to run task
[2026-04-17T05:22:06.124+0000] {standard_task_runner.py:90} INFO - Running: ['airflow', 'tasks', 'run', 'weather_etl_pipeline_v2', 'transform_clean', 'manual__2026-04-17T05:21:58.192987+00:00', '--job-id', '118', '--raw', '--subdir', 'DAGS_FOLDER/weather_etl_dag_v2.py', '--cfg-path', '/tmp/tmpy0xu8pva']
[2026-04-17T05:22:06.127+0000] {standard_task_runner.py:91} INFO - Job 118: Subtask transform_clean
[2026-04-17T05:22:06.187+0000] {task_command.py:426} INFO - Running <TaskInstance: weather_etl_pipeline_v2.transform_clean manual__2026-04-17T05:21:58.192987+00:00 [running]> on host 89e29680acec
[2026-04-17T05:22:06.282+0000] {taskinstance.py:2648} INFO - Exporting env vars: AIRFLOW_CTX_DAG_OWNER='weather_etl' AIRFLOW_CTX_DAG_ID='weather_etl_pipeline_v2' AIRFLOW_CTX_TASK_ID='transform_clean' AIRFLOW_CTX_EXECUTION_DATE='2026-04-17T05:21:58.192987+00:00' AIRFLOW_CTX_TRY_NUMBER='1' AIRFLOW_CTX_DAG_RUN_ID='manual__2026-04-17T05:21:58.192987+00:00'
[2026-04-17T05:22:06.283+0000] {taskinstance.py:430} INFO - ::endgroup::
[2026-04-17T05:22:06.299+0000] {weather_etl_dag_v2.py:174} INFO - ============================================================
[2026-04-17T05:22:06.302+0000] {weather_etl_dag_v2.py:175} INFO - TASK: TRANSFORM_CLEAN — Transform & load validated data
[2026-04-17T05:22:06.303+0000] {weather_etl_dag_v2.py:176} INFO - ============================================================
[2026-04-17T05:22:06.320+0000] {logging_mixin.py:188} WARNING - 2026-04-17 05:22:06 - scripts.load_raw - INFO - Successfully connected to PostgreSQL database
[2026-04-17T05:22:06.319+0000] {load_raw.py:38} INFO - Successfully connected to PostgreSQL database
[2026-04-17T05:22:06.326+0000] {logging_mixin.py:188} WARNING - 2026-04-17 05:22:06 - scripts.load_raw - INFO - Retrieved 114 unprocessed raw records (active only)
[2026-04-17T05:22:06.325+0000] {load_raw.py:233} INFO - Retrieved 114 unprocessed raw records (active only)
[2026-04-17T05:22:06.329+0000] {logging_mixin.py:188} WARNING - 2026-04-17 05:22:06 - scripts.load_raw - INFO - Database connection closed
[2026-04-17T05:22:06.328+0000] {load_raw.py:53} INFO - Database connection closed
[2026-04-17T05:22:06.331+0000] {logging_mixin.py:188} WARNING - 2026-04-17 05:22:06 - scripts.load_clean - INFO - Starting transformation and load for 114 raw records
[2026-04-17T05:22:06.330+0000] {load_clean.py:210} INFO - Starting transformation and load for 114 raw records
[2026-04-17T05:22:06.338+0000] {logging_mixin.py:188} WARNING - 2026-04-17 05:22:06 - scripts.load_clean - INFO - Successfully connected to PostgreSQL database
[2026-04-17T05:22:06.337+0000] {load_clean.py:41} INFO - Successfully connected to PostgreSQL database
[2026-04-17T05:22:06.342+0000] {logging_mixin.py:188} WARNING - 2026-04-17 05:22:06 - scripts.load_clean - INFO - Table 'weather_clean' created or already exists
[2026-04-17T05:22:06.341+0000] {load_clean.py:109} INFO - Table 'weather_clean' created or already exists
[2026-04-17T05:22:06.446+0000] {logging_mixin.py:188} WARNING - 2026-04-17 05:22:06 - scripts.load_clean - INFO - Marked 114 raw records as processed
[2026-04-17T05:22:06.445+0000] {load_clean.py:293} INFO - Marked 114 raw records as processed
[2026-04-17T05:22:06.448+0000] {logging_mixin.py:188} WARNING - 2026-04-17 05:22:06 - scripts.load_clean - INFO - Clean data load complete: 114 transformed, 114 validated, 114 loaded, 0 failed
[2026-04-17T05:22:06.448+0000] {load_clean.py:265} INFO - Clean data load complete: 114 transformed, 114 validated, 114 loaded, 0 failed
[2026-04-17T05:22:06.450+0000] {logging_mixin.py:188} WARNING - 2026-04-17 05:22:06 - scripts.load_clean - INFO - Database connection closed
[2026-04-17T05:22:06.450+0000] {load_clean.py:56} INFO - Database connection closed
[2026-04-17T05:22:06.470+0000] {weather_etl_dag_v2.py:190} INFO - ✓ Transform complete: 114 loaded, 0 failed (will be checked in quality_check)
[2026-04-17T05:22:06.472+0000] {python.py:237} INFO - Done. Returned value was: 114
[2026-04-17T05:22:06.473+0000] {taskinstance.py:441} INFO - ::group::Post task execution logs
[2026-04-17T05:22:06.502+0000] {taskinstance.py:1206} INFO - Marking task as SUCCESS. dag_id=weather_etl_pipeline_v2, task_id=transform_clean, run_id=manual__2026-04-17T05:21:58.192987+00:00, execution_date=20260417T052158, start_date=20260417T052206, end_date=20260417T052206
[2026-04-17T05:22:06.542+0000] {local_task_job_runner.py:243} INFO - Task exited with return code 0
[2026-04-17T05:22:06.583+0000] {taskinstance.py:3503} INFO - 1 downstream tasks scheduled from follow-on schedule check
[2026-04-17T05:22:06.587+0000] {local_task_job_runner.py:222} INFO - ::endgroup::
