[2026-04-13T06:38:20.940+0000] {local_task_job_runner.py:120} INFO - ::group::Pre task execution logs
[2026-04-13T06:38:20.997+0000] {taskinstance.py:2076} INFO - Dependencies all met for dep_context=non-requeueable deps ti=<TaskInstance: weather_etl_pipeline_v2.transform_clean manual__2026-04-13T06:38:11+00:00 [queued]>
[2026-04-13T06:38:21.010+0000] {taskinstance.py:2076} INFO - Dependencies all met for dep_context=requeueable deps ti=<TaskInstance: weather_etl_pipeline_v2.transform_clean manual__2026-04-13T06:38:11+00:00 [queued]>
[2026-04-13T06:38:21.012+0000] {taskinstance.py:2306} INFO - Starting attempt 1 of 4
[2026-04-13T06:38:21.030+0000] {taskinstance.py:2330} INFO - Executing <Task(PythonOperator): transform_clean> on 2026-04-13 06:38:11+00:00
[2026-04-13T06:38:21.040+0000] {standard_task_runner.py:90} INFO - Running: ['airflow', 'tasks', 'run', 'weather_etl_pipeline_v2', 'transform_clean', 'manual__2026-04-13T06:38:11+00:00', '--job-id', '165', '--raw', '--subdir', 'DAGS_FOLDER/weather_etl_dag_v2.py', '--cfg-path', '/tmp/tmpvc2jp696']
[2026-04-13T06:38:21.045+0000] {logging_mixin.py:188} WARNING - /home/airflow/.local/lib/python3.12/site-packages/airflow/task/task_runner/standard_task_runner.py:62 DeprecationWarning: This process (pid=184) is multi-threaded, use of fork() may lead to deadlocks in the child.
[2026-04-13T06:38:21.045+0000] {standard_task_runner.py:91} INFO - Job 165: Subtask transform_clean
[2026-04-13T06:38:21.046+0000] {standard_task_runner.py:64} INFO - Started process 185 to run task
[2026-04-13T06:38:21.143+0000] {task_command.py:426} INFO - Running <TaskInstance: weather_etl_pipeline_v2.transform_clean manual__2026-04-13T06:38:11+00:00 [running]> on host 5aae7c9eda2a
[2026-04-13T06:38:21.299+0000] {taskinstance.py:2648} INFO - Exporting env vars: AIRFLOW_CTX_DAG_OWNER='weather_etl' AIRFLOW_CTX_DAG_ID='weather_etl_pipeline_v2' AIRFLOW_CTX_TASK_ID='transform_clean' AIRFLOW_CTX_EXECUTION_DATE='2026-04-13T06:38:11+00:00' AIRFLOW_CTX_TRY_NUMBER='1' AIRFLOW_CTX_DAG_RUN_ID='manual__2026-04-13T06:38:11+00:00'
[2026-04-13T06:38:21.301+0000] {taskinstance.py:430} INFO - ::endgroup::
[2026-04-13T06:38:21.321+0000] {weather_etl_dag_v2.py:123} INFO - ============================================================
[2026-04-13T06:38:21.323+0000] {weather_etl_dag_v2.py:124} INFO - TASK: TRANSFORM_CLEAN - Transform and load clean data
[2026-04-13T06:38:21.324+0000] {weather_etl_dag_v2.py:125} INFO - ============================================================
[2026-04-13T06:38:21.347+0000] {logging_mixin.py:188} WARNING - 2026-04-13 06:38:21 - scripts.load_raw - INFO - Successfully connected to PostgreSQL database
[2026-04-13T06:38:21.346+0000] {load_raw.py:38} INFO - Successfully connected to PostgreSQL database
[2026-04-13T06:38:21.355+0000] {logging_mixin.py:188} WARNING - 2026-04-13 06:38:21 - scripts.load_raw - INFO - Retrieved 59 unprocessed raw records
[2026-04-13T06:38:21.354+0000] {load_raw.py:206} INFO - Retrieved 59 unprocessed raw records
[2026-04-13T06:38:21.357+0000] {logging_mixin.py:188} WARNING - 2026-04-13 06:38:21 - scripts.load_raw - INFO - Database connection closed
[2026-04-13T06:38:21.357+0000] {load_raw.py:53} INFO - Database connection closed
[2026-04-13T06:38:21.359+0000] {logging_mixin.py:188} WARNING - 2026-04-13 06:38:21 - scripts.load_clean - INFO - Starting transformation and load for 59 raw records
[2026-04-13T06:38:21.359+0000] {load_clean.py:169} INFO - Starting transformation and load for 59 raw records
[2026-04-13T06:38:21.368+0000] {logging_mixin.py:188} WARNING - 2026-04-13 06:38:21 - scripts.load_clean - INFO - Successfully connected to PostgreSQL database
[2026-04-13T06:38:21.367+0000] {load_clean.py:41} INFO - Successfully connected to PostgreSQL database
[2026-04-13T06:38:21.372+0000] {logging_mixin.py:188} WARNING - 2026-04-13 06:38:21 - scripts.load_clean - INFO - Table 'weather_clean' created or already exists
[2026-04-13T06:38:21.372+0000] {load_clean.py:91} INFO - Table 'weather_clean' created or already exists
[2026-04-13T06:38:21.380+0000] {logging_mixin.py:188} WARNING - 2026-04-13 06:38:21 - scripts.load_clean - INFO - Inserted new record for Ahmedabad (deleted old records first)
[2026-04-13T06:38:21.379+0000] {load_clean.py:149} INFO - Inserted new record for Ahmedabad (deleted old records first)
[2026-04-13T06:38:21.383+0000] {logging_mixin.py:188} WARNING - 2026-04-13 06:38:21 - scripts.load_clean - INFO - Inserted new record for Mumbai (deleted old records first)
[2026-04-13T06:38:21.383+0000] {load_clean.py:149} INFO - Inserted new record for Mumbai (deleted old records first)
[2026-04-13T06:38:21.387+0000] {logging_mixin.py:188} WARNING - 2026-04-13 06:38:21 - scripts.load_clean - INFO - Inserted new record for Delhi (deleted old records first)
[2026-04-13T06:38:21.386+0000] {load_clean.py:149} INFO - Inserted new record for Delhi (deleted old records first)
[2026-04-13T06:38:21.392+0000] {logging_mixin.py:188} WARNING - 2026-04-13 06:38:21 - scripts.load_clean - INFO - Inserted new record for Bengaluru (deleted old records first)
[2026-04-13T06:38:21.390+0000] {load_clean.py:149} INFO - Inserted new record for Bengaluru (deleted old records first)
[2026-04-13T06:38:21.399+0000] {logging_mixin.py:188} WARNING - 2026-04-13 06:38:21 - scripts.load_clean - INFO - Inserted new record for Chennai (deleted old records first)
[2026-04-13T06:38:21.397+0000] {load_clean.py:149} INFO - Inserted new record for Chennai (deleted old records first)
[2026-04-13T06:38:21.403+0000] {logging_mixin.py:188} WARNING - 2026-04-13 06:38:21 - scripts.load_clean - INFO - Inserted new record for Ahmedabad (deleted old records first)
[2026-04-13T06:38:21.402+0000] {load_clean.py:149} INFO - Inserted new record for Ahmedabad (deleted old records first)
[2026-04-13T06:38:21.406+0000] {logging_mixin.py:188} WARNING - 2026-04-13 06:38:21 - scripts.load_clean - INFO - Inserted new record for Mumbai (deleted old records first)
[2026-04-13T06:38:21.405+0000] {load_clean.py:149} INFO - Inserted new record for Mumbai (deleted old records first)
[2026-04-13T06:38:21.409+0000] {logging_mixin.py:188} WARNING - 2026-04-13 06:38:21 - scripts.load_clean - INFO - Inserted new record for Delhi (deleted old records first)
[2026-04-13T06:38:21.408+0000] {load_clean.py:149} INFO - Inserted new record for Delhi (deleted old records first)
[2026-04-13T06:38:21.411+0000] {logging_mixin.py:188} WARNING - 2026-04-13 06:38:21 - scripts.load_clean - INFO - Inserted new record for Bengaluru (deleted old records first)
[2026-04-13T06:38:21.411+0000] {load_clean.py:149} INFO - Inserted new record for Bengaluru (deleted old records first)
[2026-04-13T06:38:21.415+0000] {logging_mixin.py:188} WARNING - 2026-04-13 06:38:21 - scripts.load_clean - INFO - Inserted new record for Chennai (deleted old records first)
[2026-04-13T06:38:21.414+0000] {load_clean.py:149} INFO - Inserted new record for Chennai (deleted old records first)
[2026-04-13T06:38:21.417+0000] {logging_mixin.py:188} WARNING - 2026-04-13 06:38:21 - scripts.load_clean - INFO - Inserted new record for Ahmedabad (deleted old records first)
[2026-04-13T06:38:21.417+0000] {load_clean.py:149} INFO - Inserted new record for Ahmedabad (deleted old records first)
[2026-04-13T06:38:21.420+0000] {logging_mixin.py:188} WARNING - 2026-04-13 06:38:21 - scripts.load_clean - INFO - Inserted new record for Mumbai (deleted old records first)
[2026-04-13T06:38:21.420+0000] {load_clean.py:149} INFO - Inserted new record for Mumbai (deleted old records first)
[2026-04-13T06:38:21.423+0000] {logging_mixin.py:188} WARNING - 2026-04-13 06:38:21 - scripts.load_clean - INFO - Inserted new record for Delhi (deleted old records first)
[2026-04-13T06:38:21.423+0000] {load_clean.py:149} INFO - Inserted new record for Delhi (deleted old records first)
[2026-04-13T06:38:21.427+0000] {logging_mixin.py:188} WARNING - 2026-04-13 06:38:21 - scripts.load_clean - INFO - Inserted new record for Bengaluru (deleted old records first)
[2026-04-13T06:38:21.426+0000] {load_clean.py:149} INFO - Inserted new record for Bengaluru (deleted old records first)
[2026-04-13T06:38:21.430+0000] {logging_mixin.py:188} WARNING - 2026-04-13 06:38:21 - scripts.load_clean - INFO - Inserted new record for Chennai (deleted old records first)
[2026-04-13T06:38:21.430+0000] {load_clean.py:149} INFO - Inserted new record for Chennai (deleted old records first)
[2026-04-13T06:38:21.434+0000] {logging_mixin.py:188} WARNING - 2026-04-13 06:38:21 - scripts.load_clean - INFO - Inserted new record for Ahmedabad (deleted old records first)
[2026-04-13T06:38:21.434+0000] {load_clean.py:149} INFO - Inserted new record for Ahmedabad (deleted old records first)
[2026-04-13T06:38:21.438+0000] {logging_mixin.py:188} WARNING - 2026-04-13 06:38:21 - scripts.load_clean - INFO - Inserted new record for Mumbai (deleted old records first)
[2026-04-13T06:38:21.438+0000] {load_clean.py:149} INFO - Inserted new record for Mumbai (deleted old records first)
[2026-04-13T06:38:21.442+0000] {logging_mixin.py:188} WARNING - 2026-04-13 06:38:21 - scripts.load_clean - INFO - Inserted new record for Delhi (deleted old records first)
[2026-04-13T06:38:21.441+0000] {load_clean.py:149} INFO - Inserted new record for Delhi (deleted old records first)
[2026-04-13T06:38:21.447+0000] {logging_mixin.py:188} WARNING - 2026-04-13 06:38:21 - scripts.load_clean - INFO - Inserted new record for Bengaluru (deleted old records first)
[2026-04-13T06:38:21.446+0000] {load_clean.py:149} INFO - Inserted new record for Bengaluru (deleted old records first)
[2026-04-13T06:38:21.450+0000] {logging_mixin.py:188} WARNING - 2026-04-13 06:38:21 - scripts.load_clean - INFO - Inserted new record for Chennai (deleted old records first)
[2026-04-13T06:38:21.450+0000] {load_clean.py:149} INFO - Inserted new record for Chennai (deleted old records first)
[2026-04-13T06:38:21.454+0000] {logging_mixin.py:188} WARNING - 2026-04-13 06:38:21 - scripts.load_clean - INFO - Inserted new record for Ahmedabad (deleted old records first)
[2026-04-13T06:38:21.453+0000] {load_clean.py:149} INFO - Inserted new record for Ahmedabad (deleted old records first)
[2026-04-13T06:38:21.457+0000] {logging_mixin.py:188} WARNING - 2026-04-13 06:38:21 - scripts.load_clean - INFO - Inserted new record for Mumbai (deleted old records first)
[2026-04-13T06:38:21.456+0000] {load_clean.py:149} INFO - Inserted new record for Mumbai (deleted old records first)
[2026-04-13T06:38:21.460+0000] {logging_mixin.py:188} WARNING - 2026-04-13 06:38:21 - scripts.load_clean - INFO - Inserted new record for Delhi (deleted old records first)
[2026-04-13T06:38:21.460+0000] {load_clean.py:149} INFO - Inserted new record for Delhi (deleted old records first)
[2026-04-13T06:38:21.464+0000] {logging_mixin.py:188} WARNING - 2026-04-13 06:38:21 - scripts.load_clean - INFO - Inserted new record for Bengaluru (deleted old records first)
[2026-04-13T06:38:21.463+0000] {load_clean.py:149} INFO - Inserted new record for Bengaluru (deleted old records first)
[2026-04-13T06:38:21.468+0000] {logging_mixin.py:188} WARNING - 2026-04-13 06:38:21 - scripts.load_clean - INFO - Inserted new record for Chennai (deleted old records first)
[2026-04-13T06:38:21.467+0000] {load_clean.py:149} INFO - Inserted new record for Chennai (deleted old records first)
[2026-04-13T06:38:21.471+0000] {logging_mixin.py:188} WARNING - 2026-04-13 06:38:21 - scripts.load_clean - INFO - Inserted new record for Ahmedabad (deleted old records first)
[2026-04-13T06:38:21.470+0000] {load_clean.py:149} INFO - Inserted new record for Ahmedabad (deleted old records first)
[2026-04-13T06:38:21.475+0000] {logging_mixin.py:188} WARNING - 2026-04-13 06:38:21 - scripts.load_clean - INFO - Inserted new record for Mumbai (deleted old records first)
[2026-04-13T06:38:21.474+0000] {load_clean.py:149} INFO - Inserted new record for Mumbai (deleted old records first)
[2026-04-13T06:38:21.479+0000] {logging_mixin.py:188} WARNING - 2026-04-13 06:38:21 - scripts.load_clean - INFO - Inserted new record for Delhi (deleted old records first)
[2026-04-13T06:38:21.478+0000] {load_clean.py:149} INFO - Inserted new record for Delhi (deleted old records first)
[2026-04-13T06:38:21.482+0000] {logging_mixin.py:188} WARNING - 2026-04-13 06:38:21 - scripts.load_clean - INFO - Inserted new record for Bengaluru (deleted old records first)
[2026-04-13T06:38:21.482+0000] {load_clean.py:149} INFO - Inserted new record for Bengaluru (deleted old records first)
[2026-04-13T06:38:21.486+0000] {logging_mixin.py:188} WARNING - 2026-04-13 06:38:21 - scripts.load_clean - INFO - Inserted new record for Chennai (deleted old records first)
[2026-04-13T06:38:21.485+0000] {load_clean.py:149} INFO - Inserted new record for Chennai (deleted old records first)
[2026-04-13T06:38:21.490+0000] {logging_mixin.py:188} WARNING - 2026-04-13 06:38:21 - scripts.load_clean - INFO - Inserted new record for Ahmedabad (deleted old records first)
[2026-04-13T06:38:21.489+0000] {load_clean.py:149} INFO - Inserted new record for Ahmedabad (deleted old records first)
[2026-04-13T06:38:21.494+0000] {logging_mixin.py:188} WARNING - 2026-04-13 06:38:21 - scripts.load_clean - INFO - Inserted new record for Mumbai (deleted old records first)
[2026-04-13T06:38:21.493+0000] {load_clean.py:149} INFO - Inserted new record for Mumbai (deleted old records first)
[2026-04-13T06:38:21.498+0000] {logging_mixin.py:188} WARNING - 2026-04-13 06:38:21 - scripts.load_clean - INFO - Inserted new record for Delhi (deleted old records first)
[2026-04-13T06:38:21.497+0000] {load_clean.py:149} INFO - Inserted new record for Delhi (deleted old records first)
[2026-04-13T06:38:21.502+0000] {logging_mixin.py:188} WARNING - 2026-04-13 06:38:21 - scripts.load_clean - INFO - Inserted new record for Bengaluru (deleted old records first)
[2026-04-13T06:38:21.501+0000] {load_clean.py:149} INFO - Inserted new record for Bengaluru (deleted old records first)
[2026-04-13T06:38:21.507+0000] {logging_mixin.py:188} WARNING - 2026-04-13 06:38:21 - scripts.load_clean - INFO - Inserted new record for Chennai (deleted old records first)
[2026-04-13T06:38:21.506+0000] {load_clean.py:149} INFO - Inserted new record for Chennai (deleted old records first)
[2026-04-13T06:38:21.511+0000] {logging_mixin.py:188} WARNING - 2026-04-13 06:38:21 - scripts.load_clean - INFO - Inserted new record for Ahmedabad (deleted old records first)
[2026-04-13T06:38:21.510+0000] {load_clean.py:149} INFO - Inserted new record for Ahmedabad (deleted old records first)
[2026-04-13T06:38:21.516+0000] {logging_mixin.py:188} WARNING - 2026-04-13 06:38:21 - scripts.load_clean - INFO - Inserted new record for Mumbai (deleted old records first)
[2026-04-13T06:38:21.515+0000] {load_clean.py:149} INFO - Inserted new record for Mumbai (deleted old records first)
[2026-04-13T06:38:21.520+0000] {logging_mixin.py:188} WARNING - 2026-04-13 06:38:21 - scripts.load_clean - INFO - Inserted new record for Delhi (deleted old records first)
[2026-04-13T06:38:21.520+0000] {load_clean.py:149} INFO - Inserted new record for Delhi (deleted old records first)
[2026-04-13T06:38:21.525+0000] {logging_mixin.py:188} WARNING - 2026-04-13 06:38:21 - scripts.load_clean - INFO - Inserted new record for Bengaluru (deleted old records first)
[2026-04-13T06:38:21.524+0000] {load_clean.py:149} INFO - Inserted new record for Bengaluru (deleted old records first)
[2026-04-13T06:38:21.529+0000] {logging_mixin.py:188} WARNING - 2026-04-13 06:38:21 - scripts.load_clean - INFO - Inserted new record for Chennai (deleted old records first)
[2026-04-13T06:38:21.528+0000] {load_clean.py:149} INFO - Inserted new record for Chennai (deleted old records first)
[2026-04-13T06:38:21.534+0000] {logging_mixin.py:188} WARNING - 2026-04-13 06:38:21 - scripts.load_clean - INFO - Inserted new record for Ahmedabad (deleted old records first)
[2026-04-13T06:38:21.533+0000] {load_clean.py:149} INFO - Inserted new record for Ahmedabad (deleted old records first)
[2026-04-13T06:38:21.539+0000] {logging_mixin.py:188} WARNING - 2026-04-13 06:38:21 - scripts.load_clean - INFO - Inserted new record for Ahmedabad (deleted old records first)
[2026-04-13T06:38:21.538+0000] {load_clean.py:149} INFO - Inserted new record for Ahmedabad (deleted old records first)
[2026-04-13T06:38:21.542+0000] {logging_mixin.py:188} WARNING - 2026-04-13 06:38:21 - scripts.load_clean - INFO - Inserted new record for Mumbai (deleted old records first)
[2026-04-13T06:38:21.542+0000] {load_clean.py:149} INFO - Inserted new record for Mumbai (deleted old records first)
[2026-04-13T06:38:21.547+0000] {logging_mixin.py:188} WARNING - 2026-04-13 06:38:21 - scripts.load_clean - INFO - Inserted new record for Delhi (deleted old records first)
[2026-04-13T06:38:21.547+0000] {load_clean.py:149} INFO - Inserted new record for Delhi (deleted old records first)
[2026-04-13T06:38:21.553+0000] {logging_mixin.py:188} WARNING - 2026-04-13 06:38:21 - scripts.load_clean - INFO - Inserted new record for Bengaluru (deleted old records first)
[2026-04-13T06:38:21.553+0000] {load_clean.py:149} INFO - Inserted new record for Bengaluru (deleted old records first)
[2026-04-13T06:38:21.557+0000] {logging_mixin.py:188} WARNING - 2026-04-13 06:38:21 - scripts.load_clean - INFO - Inserted new record for Chennai (deleted old records first)
[2026-04-13T06:38:21.556+0000] {load_clean.py:149} INFO - Inserted new record for Chennai (deleted old records first)
[2026-04-13T06:38:21.562+0000] {logging_mixin.py:188} WARNING - 2026-04-13 06:38:21 - scripts.load_clean - INFO - Inserted new record for Delhi (deleted old records first)
[2026-04-13T06:38:21.561+0000] {load_clean.py:149} INFO - Inserted new record for Delhi (deleted old records first)
[2026-04-13T06:38:21.566+0000] {logging_mixin.py:188} WARNING - 2026-04-13 06:38:21 - scripts.load_clean - INFO - Inserted new record for Bengaluru (deleted old records first)
[2026-04-13T06:38:21.565+0000] {load_clean.py:149} INFO - Inserted new record for Bengaluru (deleted old records first)
[2026-04-13T06:38:21.571+0000] {logging_mixin.py:188} WARNING - 2026-04-13 06:38:21 - scripts.load_clean - INFO - Inserted new record for Chennai (deleted old records first)
[2026-04-13T06:38:21.569+0000] {load_clean.py:149} INFO - Inserted new record for Chennai (deleted old records first)
[2026-04-13T06:38:21.575+0000] {logging_mixin.py:188} WARNING - 2026-04-13 06:38:21 - scripts.load_clean - INFO - Inserted new record for Ahmedabad (deleted old records first)
[2026-04-13T06:38:21.574+0000] {load_clean.py:149} INFO - Inserted new record for Ahmedabad (deleted old records first)
[2026-04-13T06:38:21.579+0000] {logging_mixin.py:188} WARNING - 2026-04-13 06:38:21 - scripts.load_clean - INFO - Inserted new record for Mumbai (deleted old records first)
[2026-04-13T06:38:21.578+0000] {load_clean.py:149} INFO - Inserted new record for Mumbai (deleted old records first)
[2026-04-13T06:38:21.584+0000] {logging_mixin.py:188} WARNING - 2026-04-13 06:38:21 - scripts.load_clean - INFO - Inserted new record for Delhi (deleted old records first)
[2026-04-13T06:38:21.583+0000] {load_clean.py:149} INFO - Inserted new record for Delhi (deleted old records first)
[2026-04-13T06:38:21.588+0000] {logging_mixin.py:188} WARNING - 2026-04-13 06:38:21 - scripts.load_clean - INFO - Inserted new record for Bengaluru (deleted old records first)
[2026-04-13T06:38:21.587+0000] {load_clean.py:149} INFO - Inserted new record for Bengaluru (deleted old records first)
[2026-04-13T06:38:21.592+0000] {logging_mixin.py:188} WARNING - 2026-04-13 06:38:21 - scripts.load_clean - INFO - Inserted new record for Chennai (deleted old records first)
[2026-04-13T06:38:21.591+0000] {load_clean.py:149} INFO - Inserted new record for Chennai (deleted old records first)
[2026-04-13T06:38:21.595+0000] {logging_mixin.py:188} WARNING - 2026-04-13 06:38:21 - scripts.load_clean - INFO - Inserted new record for Ahmedabad (deleted old records first)
[2026-04-13T06:38:21.595+0000] {load_clean.py:149} INFO - Inserted new record for Ahmedabad (deleted old records first)
[2026-04-13T06:38:21.601+0000] {logging_mixin.py:188} WARNING - 2026-04-13 06:38:21 - scripts.load_clean - INFO - Inserted new record for Mumbai (deleted old records first)
[2026-04-13T06:38:21.599+0000] {load_clean.py:149} INFO - Inserted new record for Mumbai (deleted old records first)
[2026-04-13T06:38:21.604+0000] {logging_mixin.py:188} WARNING - 2026-04-13 06:38:21 - scripts.load_clean - INFO - Inserted new record for Delhi (deleted old records first)
[2026-04-13T06:38:21.604+0000] {load_clean.py:149} INFO - Inserted new record for Delhi (deleted old records first)
[2026-04-13T06:38:21.608+0000] {logging_mixin.py:188} WARNING - 2026-04-13 06:38:21 - scripts.load_clean - INFO - Inserted new record for Bengaluru (deleted old records first)
[2026-04-13T06:38:21.608+0000] {load_clean.py:149} INFO - Inserted new record for Bengaluru (deleted old records first)
[2026-04-13T06:38:21.612+0000] {logging_mixin.py:188} WARNING - 2026-04-13 06:38:21 - scripts.load_clean - INFO - Inserted new record for Chennai (deleted old records first)
[2026-04-13T06:38:21.611+0000] {load_clean.py:149} INFO - Inserted new record for Chennai (deleted old records first)
[2026-04-13T06:38:21.622+0000] {logging_mixin.py:188} WARNING - 2026-04-13 06:38:21 - scripts.load_clean - INFO - Marked 59 raw records as processed
[2026-04-13T06:38:21.621+0000] {load_clean.py:252} INFO - Marked 59 raw records as processed
[2026-04-13T06:38:21.624+0000] {logging_mixin.py:188} WARNING - 2026-04-13 06:38:21 - scripts.load_clean - INFO - Clean data load complete: 59 transformed, 59 validated, 59 loaded, 0 failed
[2026-04-13T06:38:21.623+0000] {load_clean.py:224} INFO - Clean data load complete: 59 transformed, 59 validated, 59 loaded, 0 failed
[2026-04-13T06:38:21.626+0000] {logging_mixin.py:188} WARNING - 2026-04-13 06:38:21 - scripts.load_clean - INFO - Database connection closed
[2026-04-13T06:38:21.625+0000] {load_clean.py:56} INFO - Database connection closed
[2026-04-13T06:38:21.628+0000] {weather_etl_dag_v2.py:141} INFO - ✓ Transform and load complete: 59 loaded, 0 failed
[2026-04-13T06:38:21.654+0000] {python.py:237} INFO - Done. Returned value was: 59
[2026-04-13T06:38:21.657+0000] {taskinstance.py:441} INFO - ::group::Post task execution logs
[2026-04-13T06:38:21.691+0000] {taskinstance.py:1206} INFO - Marking task as SUCCESS. dag_id=weather_etl_pipeline_v2, task_id=transform_clean, run_id=manual__2026-04-13T06:38:11+00:00, execution_date=20260413T063811, start_date=20260413T063820, end_date=20260413T063821
[2026-04-13T06:38:21.745+0000] {local_task_job_runner.py:243} INFO - Task exited with return code 0
[2026-04-13T06:38:21.791+0000] {taskinstance.py:3503} INFO - 1 downstream tasks scheduled from follow-on schedule check
[2026-04-13T06:38:21.795+0000] {local_task_job_runner.py:222} INFO - ::endgroup::
