[2026-04-11T11:32:17.228+0000] {local_task_job_runner.py:120} INFO - ::group::Pre task execution logs
[2026-04-11T11:32:17.303+0000] {taskinstance.py:2076} INFO - Dependencies all met for dep_context=non-requeueable deps ti=<TaskInstance: weather_etl_pipeline_v2.transform_clean manual__2026-04-11T11:32:10.539233+00:00 [queued]>
[2026-04-11T11:32:17.329+0000] {taskinstance.py:2076} INFO - Dependencies all met for dep_context=requeueable deps ti=<TaskInstance: weather_etl_pipeline_v2.transform_clean manual__2026-04-11T11:32:10.539233+00:00 [queued]>
[2026-04-11T11:32:17.333+0000] {taskinstance.py:2306} INFO - Starting attempt 1 of 4
[2026-04-11T11:32:17.370+0000] {taskinstance.py:2330} INFO - Executing <Task(PythonOperator): transform_clean> on 2026-04-11 11:32:10.539233+00:00
[2026-04-11T11:32:17.385+0000] {standard_task_runner.py:90} INFO - Running: ['airflow', 'tasks', 'run', 'weather_etl_pipeline_v2', 'transform_clean', 'manual__2026-04-11T11:32:10.539233+00:00', '--job-id', '125', '--raw', '--subdir', 'DAGS_FOLDER/weather_etl_dag_v2.py', '--cfg-path', '/tmp/tmp_up6p7sv']
[2026-04-11T11:32:17.389+0000] {logging_mixin.py:188} WARNING - /home/airflow/.local/lib/python3.12/site-packages/airflow/task/task_runner/standard_task_runner.py:62 DeprecationWarning: This process (pid=216) is multi-threaded, use of fork() may lead to deadlocks in the child.
[2026-04-11T11:32:17.390+0000] {standard_task_runner.py:91} INFO - Job 125: Subtask transform_clean
[2026-04-11T11:32:17.392+0000] {standard_task_runner.py:64} INFO - Started process 217 to run task
[2026-04-11T11:32:17.498+0000] {task_command.py:426} INFO - Running <TaskInstance: weather_etl_pipeline_v2.transform_clean manual__2026-04-11T11:32:10.539233+00:00 [running]> on host 9514c60f7b76
[2026-04-11T11:32:17.608+0000] {taskinstance.py:2648} INFO - Exporting env vars: AIRFLOW_CTX_DAG_OWNER='weather_etl' AIRFLOW_CTX_DAG_ID='weather_etl_pipeline_v2' AIRFLOW_CTX_TASK_ID='transform_clean' AIRFLOW_CTX_EXECUTION_DATE='2026-04-11T11:32:10.539233+00:00' AIRFLOW_CTX_TRY_NUMBER='1' AIRFLOW_CTX_DAG_RUN_ID='manual__2026-04-11T11:32:10.539233+00:00'
[2026-04-11T11:32:17.609+0000] {taskinstance.py:430} INFO - ::endgroup::
[2026-04-11T11:32:17.639+0000] {weather_etl_dag_v2.py:123} INFO - ============================================================
[2026-04-11T11:32:17.641+0000] {weather_etl_dag_v2.py:124} INFO - TASK: TRANSFORM_CLEAN - Transform and load clean data
[2026-04-11T11:32:17.644+0000] {weather_etl_dag_v2.py:125} INFO - ============================================================
[2026-04-11T11:32:17.680+0000] {logging_mixin.py:188} WARNING - 2026-04-11 11:32:17 - scripts.load_raw - INFO - Successfully connected to PostgreSQL database
[2026-04-11T11:32:17.678+0000] {load_raw.py:38} INFO - Successfully connected to PostgreSQL database
[2026-04-11T11:32:17.693+0000] {logging_mixin.py:188} WARNING - 2026-04-11 11:32:17 - scripts.load_raw - INFO - Retrieved 30 unprocessed raw records
[2026-04-11T11:32:17.692+0000] {load_raw.py:206} INFO - Retrieved 30 unprocessed raw records
[2026-04-11T11:32:17.696+0000] {logging_mixin.py:188} WARNING - 2026-04-11 11:32:17 - scripts.load_raw - INFO - Database connection closed
[2026-04-11T11:32:17.695+0000] {load_raw.py:53} INFO - Database connection closed
[2026-04-11T11:32:17.698+0000] {logging_mixin.py:188} WARNING - 2026-04-11 11:32:17 - scripts.load_clean - INFO - Starting transformation and load for 30 raw records
[2026-04-11T11:32:17.697+0000] {load_clean.py:214} INFO - Starting transformation and load for 30 raw records
[2026-04-11T11:32:17.710+0000] {logging_mixin.py:188} WARNING - 2026-04-11 11:32:17 - scripts.load_clean - INFO - Successfully connected to PostgreSQL database
[2026-04-11T11:32:17.710+0000] {load_clean.py:41} INFO - Successfully connected to PostgreSQL database
[2026-04-11T11:32:17.713+0000] {logging_mixin.py:188} WARNING - 2026-04-11 11:32:17 - scripts.load_clean - INFO - Table 'weather_clean' created or already exists
[2026-04-11T11:32:17.713+0000] {load_clean.py:91} INFO - Table 'weather_clean' created or already exists
[2026-04-11T11:32:17.718+0000] {logging_mixin.py:188} WARNING - 2026-04-11 11:32:17 - scripts.load_clean - INFO - Updated existing record for Ahmedabad
[2026-04-11T11:32:17.717+0000] {load_clean.py:158} INFO - Updated existing record for Ahmedabad
[2026-04-11T11:32:17.721+0000] {logging_mixin.py:188} WARNING - 2026-04-11 11:32:17 - scripts.load_clean - INFO - Updated existing record for Mumbai
[2026-04-11T11:32:17.720+0000] {load_clean.py:158} INFO - Updated existing record for Mumbai
[2026-04-11T11:32:17.726+0000] {logging_mixin.py:188} WARNING - 2026-04-11 11:32:17 - scripts.load_clean - INFO - Updated existing record for Delhi
[2026-04-11T11:32:17.725+0000] {load_clean.py:158} INFO - Updated existing record for Delhi
[2026-04-11T11:32:17.728+0000] {logging_mixin.py:188} WARNING - 2026-04-11 11:32:17 - scripts.load_clean - INFO - Updated existing record for Bengaluru
[2026-04-11T11:32:17.728+0000] {load_clean.py:158} INFO - Updated existing record for Bengaluru
[2026-04-11T11:32:17.732+0000] {logging_mixin.py:188} WARNING - 2026-04-11 11:32:17 - scripts.load_clean - INFO - Updated existing record for Chennai
[2026-04-11T11:32:17.731+0000] {load_clean.py:158} INFO - Updated existing record for Chennai
[2026-04-11T11:32:17.733+0000] {logging_mixin.py:188} WARNING - 2026-04-11 11:32:17 - scripts.load_clean - INFO - Updated existing record for Ahmedabad
[2026-04-11T11:32:17.733+0000] {load_clean.py:158} INFO - Updated existing record for Ahmedabad
[2026-04-11T11:32:17.737+0000] {logging_mixin.py:188} WARNING - 2026-04-11 11:32:17 - scripts.load_clean - INFO - Updated existing record for Mumbai
[2026-04-11T11:32:17.735+0000] {load_clean.py:158} INFO - Updated existing record for Mumbai
[2026-04-11T11:32:17.740+0000] {logging_mixin.py:188} WARNING - 2026-04-11 11:32:17 - scripts.load_clean - INFO - Updated existing record for Delhi
[2026-04-11T11:32:17.740+0000] {load_clean.py:158} INFO - Updated existing record for Delhi
[2026-04-11T11:32:17.744+0000] {logging_mixin.py:188} WARNING - 2026-04-11 11:32:17 - scripts.load_clean - INFO - Updated existing record for Bengaluru
[2026-04-11T11:32:17.743+0000] {load_clean.py:158} INFO - Updated existing record for Bengaluru
[2026-04-11T11:32:17.746+0000] {logging_mixin.py:188} WARNING - 2026-04-11 11:32:17 - scripts.load_clean - INFO - Updated existing record for Chennai
[2026-04-11T11:32:17.746+0000] {load_clean.py:158} INFO - Updated existing record for Chennai
[2026-04-11T11:32:17.747+0000] {logging_mixin.py:188} WARNING - 2026-04-11 11:32:17 - scripts.load_clean - INFO - Updated existing record for Ahmedabad
[2026-04-11T11:32:17.747+0000] {load_clean.py:158} INFO - Updated existing record for Ahmedabad
[2026-04-11T11:32:17.751+0000] {logging_mixin.py:188} WARNING - 2026-04-11 11:32:17 - scripts.load_clean - INFO - Updated existing record for Mumbai
[2026-04-11T11:32:17.749+0000] {load_clean.py:158} INFO - Updated existing record for Mumbai
[2026-04-11T11:32:17.756+0000] {logging_mixin.py:188} WARNING - 2026-04-11 11:32:17 - scripts.load_clean - INFO - Updated existing record for Delhi
[2026-04-11T11:32:17.755+0000] {load_clean.py:158} INFO - Updated existing record for Delhi
[2026-04-11T11:32:17.761+0000] {logging_mixin.py:188} WARNING - 2026-04-11 11:32:17 - scripts.load_clean - INFO - Updated existing record for Bengaluru
[2026-04-11T11:32:17.760+0000] {load_clean.py:158} INFO - Updated existing record for Bengaluru
[2026-04-11T11:32:17.766+0000] {logging_mixin.py:188} WARNING - 2026-04-11 11:32:17 - scripts.load_clean - INFO - Updated existing record for Chennai
[2026-04-11T11:32:17.765+0000] {load_clean.py:158} INFO - Updated existing record for Chennai
[2026-04-11T11:32:17.771+0000] {logging_mixin.py:188} WARNING - 2026-04-11 11:32:17 - scripts.load_clean - INFO - Updated existing record for Ahmedabad
[2026-04-11T11:32:17.770+0000] {load_clean.py:158} INFO - Updated existing record for Ahmedabad
[2026-04-11T11:32:17.775+0000] {logging_mixin.py:188} WARNING - 2026-04-11 11:32:17 - scripts.load_clean - INFO - Updated existing record for Mumbai
[2026-04-11T11:32:17.774+0000] {load_clean.py:158} INFO - Updated existing record for Mumbai
[2026-04-11T11:32:17.778+0000] {logging_mixin.py:188} WARNING - 2026-04-11 11:32:17 - scripts.load_clean - INFO - Updated existing record for Delhi
[2026-04-11T11:32:17.777+0000] {load_clean.py:158} INFO - Updated existing record for Delhi
[2026-04-11T11:32:17.781+0000] {logging_mixin.py:188} WARNING - 2026-04-11 11:32:17 - scripts.load_clean - INFO - Updated existing record for Bengaluru
[2026-04-11T11:32:17.780+0000] {load_clean.py:158} INFO - Updated existing record for Bengaluru
[2026-04-11T11:32:17.784+0000] {logging_mixin.py:188} WARNING - 2026-04-11 11:32:17 - scripts.load_clean - INFO - Updated existing record for Chennai
[2026-04-11T11:32:17.783+0000] {load_clean.py:158} INFO - Updated existing record for Chennai
[2026-04-11T11:32:17.788+0000] {logging_mixin.py:188} WARNING - 2026-04-11 11:32:17 - scripts.load_clean - INFO - Updated existing record for Ahmedabad
[2026-04-11T11:32:17.787+0000] {load_clean.py:158} INFO - Updated existing record for Ahmedabad
[2026-04-11T11:32:17.792+0000] {logging_mixin.py:188} WARNING - 2026-04-11 11:32:17 - scripts.load_clean - INFO - Updated existing record for Mumbai
[2026-04-11T11:32:17.791+0000] {load_clean.py:158} INFO - Updated existing record for Mumbai
[2026-04-11T11:32:17.795+0000] {logging_mixin.py:188} WARNING - 2026-04-11 11:32:17 - scripts.load_clean - INFO - Updated existing record for Delhi
[2026-04-11T11:32:17.794+0000] {load_clean.py:158} INFO - Updated existing record for Delhi
[2026-04-11T11:32:17.796+0000] {logging_mixin.py:188} WARNING - 2026-04-11 11:32:17 - scripts.load_clean - INFO - Updated existing record for Bengaluru
[2026-04-11T11:32:17.796+0000] {load_clean.py:158} INFO - Updated existing record for Bengaluru
[2026-04-11T11:32:17.799+0000] {logging_mixin.py:188} WARNING - 2026-04-11 11:32:17 - scripts.load_clean - INFO - Updated existing record for Chennai
[2026-04-11T11:32:17.798+0000] {load_clean.py:158} INFO - Updated existing record for Chennai
[2026-04-11T11:32:17.801+0000] {logging_mixin.py:188} WARNING - 2026-04-11 11:32:17 - scripts.load_clean - INFO - Updated existing record for Ahmedabad
[2026-04-11T11:32:17.801+0000] {load_clean.py:158} INFO - Updated existing record for Ahmedabad
[2026-04-11T11:32:17.803+0000] {logging_mixin.py:188} WARNING - 2026-04-11 11:32:17 - scripts.load_clean - INFO - Updated existing record for Mumbai
[2026-04-11T11:32:17.803+0000] {load_clean.py:158} INFO - Updated existing record for Mumbai
[2026-04-11T11:32:17.805+0000] {logging_mixin.py:188} WARNING - 2026-04-11 11:32:17 - scripts.load_clean - INFO - Updated existing record for Delhi
[2026-04-11T11:32:17.804+0000] {load_clean.py:158} INFO - Updated existing record for Delhi
[2026-04-11T11:32:17.807+0000] {logging_mixin.py:188} WARNING - 2026-04-11 11:32:17 - scripts.load_clean - INFO - Updated existing record for Bengaluru
[2026-04-11T11:32:17.807+0000] {load_clean.py:158} INFO - Updated existing record for Bengaluru
[2026-04-11T11:32:17.809+0000] {logging_mixin.py:188} WARNING - 2026-04-11 11:32:17 - scripts.load_clean - INFO - Updated existing record for Chennai
[2026-04-11T11:32:17.808+0000] {load_clean.py:158} INFO - Updated existing record for Chennai
[2026-04-11T11:32:17.813+0000] {logging_mixin.py:188} WARNING - 2026-04-11 11:32:17 - scripts.load_clean - INFO - Marked 30 raw records as processed
[2026-04-11T11:32:17.812+0000] {load_clean.py:297} INFO - Marked 30 raw records as processed
[2026-04-11T11:32:17.814+0000] {logging_mixin.py:188} WARNING - 2026-04-11 11:32:17 - scripts.load_clean - INFO - Clean data load complete: 30 transformed, 30 validated, 30 loaded, 0 failed
[2026-04-11T11:32:17.814+0000] {load_clean.py:269} INFO - Clean data load complete: 30 transformed, 30 validated, 30 loaded, 0 failed
[2026-04-11T11:32:17.816+0000] {logging_mixin.py:188} WARNING - 2026-04-11 11:32:17 - scripts.load_clean - INFO - Database connection closed
[2026-04-11T11:32:17.815+0000] {load_clean.py:56} INFO - Database connection closed
[2026-04-11T11:32:17.816+0000] {weather_etl_dag_v2.py:141} INFO - ✓ Transform and load complete: 30 loaded, 0 failed
[2026-04-11T11:32:17.831+0000] {python.py:237} INFO - Done. Returned value was: 30
[2026-04-11T11:32:17.832+0000] {taskinstance.py:441} INFO - ::group::Post task execution logs
[2026-04-11T11:32:17.863+0000] {taskinstance.py:1206} INFO - Marking task as SUCCESS. dag_id=weather_etl_pipeline_v2, task_id=transform_clean, run_id=manual__2026-04-11T11:32:10.539233+00:00, execution_date=20260411T113210, start_date=20260411T113217, end_date=20260411T113217
[2026-04-11T11:32:17.894+0000] {local_task_job_runner.py:243} INFO - Task exited with return code 0
[2026-04-11T11:32:17.934+0000] {taskinstance.py:3503} INFO - 1 downstream tasks scheduled from follow-on schedule check
[2026-04-11T11:32:17.940+0000] {local_task_job_runner.py:222} INFO - ::endgroup::
