[2026-04-25T05:46:34.410+0000] {processor.py:161} INFO - Started process (PID=186) to work on /opt/airflow/dags/__init__.py
[2026-04-25T05:46:34.412+0000] {processor.py:830} INFO - Processing file /opt/airflow/dags/__init__.py for tasks to queue
[2026-04-25T05:46:34.414+0000] {logging_mixin.py:188} INFO - [2026-04-25T05:46:34.414+0000] {dagbag.py:545} INFO - Filling up the DagBag from /opt/airflow/dags/__init__.py
[2026-04-25T05:46:34.432+0000] {processor.py:842} WARNING - No viable dags retrieved from /opt/airflow/dags/__init__.py
[2026-04-25T05:46:34.454+0000] {processor.py:183} INFO - Processing /opt/airflow/dags/__init__.py took 0.051 seconds
[2026-04-25T05:47:04.805+0000] {processor.py:161} INFO - Started process (PID=206) to work on /opt/airflow/dags/__init__.py
[2026-04-25T05:47:04.806+0000] {processor.py:830} INFO - Processing file /opt/airflow/dags/__init__.py for tasks to queue
[2026-04-25T05:47:04.810+0000] {logging_mixin.py:188} INFO - [2026-04-25T05:47:04.809+0000] {dagbag.py:545} INFO - Filling up the DagBag from /opt/airflow/dags/__init__.py
[2026-04-25T05:47:04.836+0000] {processor.py:842} WARNING - No viable dags retrieved from /opt/airflow/dags/__init__.py
[2026-04-25T05:47:04.874+0000] {processor.py:183} INFO - Processing /opt/airflow/dags/__init__.py took 0.080 seconds
[2026-04-25T05:47:35.435+0000] {processor.py:161} INFO - Started process (PID=224) to work on /opt/airflow/dags/__init__.py
[2026-04-25T05:47:35.438+0000] {processor.py:830} INFO - Processing file /opt/airflow/dags/__init__.py for tasks to queue
[2026-04-25T05:47:35.444+0000] {logging_mixin.py:188} INFO - [2026-04-25T05:47:35.443+0000] {dagbag.py:545} INFO - Filling up the DagBag from /opt/airflow/dags/__init__.py
[2026-04-25T05:47:35.509+0000] {processor.py:842} WARNING - No viable dags retrieved from /opt/airflow/dags/__init__.py
[2026-04-25T05:47:35.558+0000] {processor.py:183} INFO - Processing /opt/airflow/dags/__init__.py took 0.139 seconds
[2026-04-25T05:48:05.790+0000] {processor.py:161} INFO - Started process (PID=241) to work on /opt/airflow/dags/__init__.py
[2026-04-25T05:48:05.794+0000] {processor.py:830} INFO - Processing file /opt/airflow/dags/__init__.py for tasks to queue
[2026-04-25T05:48:05.800+0000] {logging_mixin.py:188} INFO - [2026-04-25T05:48:05.799+0000] {dagbag.py:545} INFO - Filling up the DagBag from /opt/airflow/dags/__init__.py
[2026-04-25T05:48:05.865+0000] {processor.py:842} WARNING - No viable dags retrieved from /opt/airflow/dags/__init__.py
[2026-04-25T05:48:05.919+0000] {processor.py:183} INFO - Processing /opt/airflow/dags/__init__.py took 0.144 seconds
[2026-04-25T05:48:36.502+0000] {processor.py:161} INFO - Started process (PID=259) to work on /opt/airflow/dags/__init__.py
[2026-04-25T05:48:36.505+0000] {processor.py:830} INFO - Processing file /opt/airflow/dags/__init__.py for tasks to queue
[2026-04-25T05:48:36.510+0000] {logging_mixin.py:188} INFO - [2026-04-25T05:48:36.509+0000] {dagbag.py:545} INFO - Filling up the DagBag from /opt/airflow/dags/__init__.py
[2026-04-25T05:48:36.550+0000] {processor.py:842} WARNING - No viable dags retrieved from /opt/airflow/dags/__init__.py
[2026-04-25T05:48:36.597+0000] {processor.py:183} INFO - Processing /opt/airflow/dags/__init__.py took 0.113 seconds
[2026-04-25T05:49:07.179+0000] {processor.py:161} INFO - Started process (PID=276) to work on /opt/airflow/dags/__init__.py
[2026-04-25T05:49:07.183+0000] {processor.py:830} INFO - Processing file /opt/airflow/dags/__init__.py for tasks to queue
[2026-04-25T05:49:07.189+0000] {logging_mixin.py:188} INFO - [2026-04-25T05:49:07.188+0000] {dagbag.py:545} INFO - Filling up the DagBag from /opt/airflow/dags/__init__.py
[2026-04-25T05:49:07.248+0000] {processor.py:842} WARNING - No viable dags retrieved from /opt/airflow/dags/__init__.py
[2026-04-25T05:49:07.273+0000] {processor.py:183} INFO - Processing /opt/airflow/dags/__init__.py took 0.110 seconds
[2026-04-25T05:49:37.807+0000] {processor.py:161} INFO - Started process (PID=293) to work on /opt/airflow/dags/__init__.py
[2026-04-25T05:49:37.808+0000] {processor.py:830} INFO - Processing file /opt/airflow/dags/__init__.py for tasks to queue
[2026-04-25T05:49:37.810+0000] {logging_mixin.py:188} INFO - [2026-04-25T05:49:37.810+0000] {dagbag.py:545} INFO - Filling up the DagBag from /opt/airflow/dags/__init__.py
[2026-04-25T05:49:37.849+0000] {processor.py:842} WARNING - No viable dags retrieved from /opt/airflow/dags/__init__.py
[2026-04-25T05:49:37.886+0000] {processor.py:183} INFO - Processing /opt/airflow/dags/__init__.py took 0.086 seconds
[2026-04-25T05:50:08.467+0000] {processor.py:161} INFO - Started process (PID=310) to work on /opt/airflow/dags/__init__.py
[2026-04-25T05:50:08.471+0000] {processor.py:830} INFO - Processing file /opt/airflow/dags/__init__.py for tasks to queue
[2026-04-25T05:50:08.475+0000] {logging_mixin.py:188} INFO - [2026-04-25T05:50:08.475+0000] {dagbag.py:545} INFO - Filling up the DagBag from /opt/airflow/dags/__init__.py
[2026-04-25T05:50:08.528+0000] {processor.py:842} WARNING - No viable dags retrieved from /opt/airflow/dags/__init__.py
[2026-04-25T05:50:08.573+0000] {processor.py:183} INFO - Processing /opt/airflow/dags/__init__.py took 0.120 seconds
[2026-04-25T05:50:38.731+0000] {processor.py:161} INFO - Started process (PID=327) to work on /opt/airflow/dags/__init__.py
[2026-04-25T05:50:38.733+0000] {processor.py:830} INFO - Processing file /opt/airflow/dags/__init__.py for tasks to queue
[2026-04-25T05:50:38.737+0000] {logging_mixin.py:188} INFO - [2026-04-25T05:50:38.736+0000] {dagbag.py:545} INFO - Filling up the DagBag from /opt/airflow/dags/__init__.py
[2026-04-25T05:50:38.768+0000] {processor.py:842} WARNING - No viable dags retrieved from /opt/airflow/dags/__init__.py
[2026-04-25T05:50:38.797+0000] {processor.py:183} INFO - Processing /opt/airflow/dags/__init__.py took 0.078 seconds
[2026-04-25T05:51:09.309+0000] {processor.py:161} INFO - Started process (PID=344) to work on /opt/airflow/dags/__init__.py
[2026-04-25T05:51:09.311+0000] {processor.py:830} INFO - Processing file /opt/airflow/dags/__init__.py for tasks to queue
[2026-04-25T05:51:09.315+0000] {logging_mixin.py:188} INFO - [2026-04-25T05:51:09.315+0000] {dagbag.py:545} INFO - Filling up the DagBag from /opt/airflow/dags/__init__.py
[2026-04-25T05:51:09.346+0000] {processor.py:842} WARNING - No viable dags retrieved from /opt/airflow/dags/__init__.py
[2026-04-25T05:51:09.365+0000] {processor.py:183} INFO - Processing /opt/airflow/dags/__init__.py took 0.066 seconds
