[2026-04-25T05:46:34.401+0000] {processor.py:161} INFO - Started process (PID=182) to work on /opt/airflow/dags/weather_etl_dag_v2.py
[2026-04-25T05:46:34.403+0000] {processor.py:830} INFO - Processing file /opt/airflow/dags/weather_etl_dag_v2.py for tasks to queue
[2026-04-25T05:46:34.407+0000] {logging_mixin.py:188} INFO - [2026-04-25T05:46:34.407+0000] {dagbag.py:545} INFO - Filling up the DagBag from /opt/airflow/dags/weather_etl_dag_v2.py
[2026-04-25T05:46:34.476+0000] {logging_mixin.py:188} INFO - [2026-04-25T05:46:34.476+0000] {config.py:59} INFO - Configuration validation passed
[2026-04-25T05:46:34.567+0000] {processor.py:840} INFO - DAG(s) 'weather_etl_pipeline_v2' retrieved from /opt/airflow/dags/weather_etl_dag_v2.py
[2026-04-25T05:46:34.837+0000] {logging_mixin.py:188} INFO - [2026-04-25T05:46:34.836+0000] {dag.py:3089} INFO - Sync 1 DAGs
[2026-04-25T05:46:34.881+0000] {processor.py:183} INFO - Processing /opt/airflow/dags/weather_etl_dag_v2.py took 0.490 seconds
[2026-04-25T05:47:04.963+0000] {processor.py:161} INFO - Started process (PID=211) to work on /opt/airflow/dags/weather_etl_dag_v2.py
[2026-04-25T05:47:04.968+0000] {processor.py:830} INFO - Processing file /opt/airflow/dags/weather_etl_dag_v2.py for tasks to queue
[2026-04-25T05:47:04.971+0000] {logging_mixin.py:188} INFO - [2026-04-25T05:47:04.970+0000] {dagbag.py:545} INFO - Filling up the DagBag from /opt/airflow/dags/weather_etl_dag_v2.py
[2026-04-25T05:47:05.087+0000] {logging_mixin.py:188} INFO - [2026-04-25T05:47:05.086+0000] {config.py:59} INFO - Configuration validation passed
[2026-04-25T05:47:05.318+0000] {processor.py:840} INFO - DAG(s) 'weather_etl_pipeline_v2' retrieved from /opt/airflow/dags/weather_etl_dag_v2.py
[2026-04-25T05:47:05.390+0000] {logging_mixin.py:188} INFO - [2026-04-25T05:47:05.389+0000] {dag.py:3089} INFO - Sync 1 DAGs
[2026-04-25T05:47:05.437+0000] {logging_mixin.py:188} INFO - [2026-04-25T05:47:05.437+0000] {dag.py:3947} INFO - Setting next_dagrun for weather_etl_pipeline_v2 to 2026-04-25 02:00:00+00:00, run_after=2026-04-26 02:00:00+00:00
[2026-04-25T05:47:05.481+0000] {processor.py:183} INFO - Processing /opt/airflow/dags/weather_etl_dag_v2.py took 0.531 seconds
[2026-04-25T05:47:35.716+0000] {processor.py:161} INFO - Started process (PID=229) to work on /opt/airflow/dags/weather_etl_dag_v2.py
[2026-04-25T05:47:35.718+0000] {processor.py:830} INFO - Processing file /opt/airflow/dags/weather_etl_dag_v2.py for tasks to queue
[2026-04-25T05:47:35.721+0000] {logging_mixin.py:188} INFO - [2026-04-25T05:47:35.720+0000] {dagbag.py:545} INFO - Filling up the DagBag from /opt/airflow/dags/weather_etl_dag_v2.py
[2026-04-25T05:47:35.850+0000] {logging_mixin.py:188} INFO - [2026-04-25T05:47:35.849+0000] {config.py:59} INFO - Configuration validation passed
[2026-04-25T05:47:36.077+0000] {processor.py:840} INFO - DAG(s) 'weather_etl_pipeline_v2' retrieved from /opt/airflow/dags/weather_etl_dag_v2.py
[2026-04-25T05:47:36.141+0000] {logging_mixin.py:188} INFO - [2026-04-25T05:47:36.141+0000] {dag.py:3089} INFO - Sync 1 DAGs
[2026-04-25T05:47:36.192+0000] {logging_mixin.py:188} INFO - [2026-04-25T05:47:36.191+0000] {dag.py:3947} INFO - Setting next_dagrun for weather_etl_pipeline_v2 to 2026-04-25 02:00:00+00:00, run_after=2026-04-26 02:00:00+00:00
[2026-04-25T05:47:36.241+0000] {processor.py:183} INFO - Processing /opt/airflow/dags/weather_etl_dag_v2.py took 0.535 seconds
[2026-04-25T05:48:06.832+0000] {processor.py:161} INFO - Started process (PID=246) to work on /opt/airflow/dags/weather_etl_dag_v2.py
[2026-04-25T05:48:06.835+0000] {processor.py:830} INFO - Processing file /opt/airflow/dags/weather_etl_dag_v2.py for tasks to queue
[2026-04-25T05:48:06.839+0000] {logging_mixin.py:188} INFO - [2026-04-25T05:48:06.838+0000] {dagbag.py:545} INFO - Filling up the DagBag from /opt/airflow/dags/weather_etl_dag_v2.py
[2026-04-25T05:48:07.045+0000] {logging_mixin.py:188} INFO - [2026-04-25T05:48:07.044+0000] {config.py:59} INFO - Configuration validation passed
[2026-04-25T05:48:07.233+0000] {processor.py:840} INFO - DAG(s) 'weather_etl_pipeline_v2' retrieved from /opt/airflow/dags/weather_etl_dag_v2.py
[2026-04-25T05:48:07.278+0000] {logging_mixin.py:188} INFO - [2026-04-25T05:48:07.278+0000] {dag.py:3089} INFO - Sync 1 DAGs
[2026-04-25T05:48:07.307+0000] {logging_mixin.py:188} INFO - [2026-04-25T05:48:07.307+0000] {dag.py:3947} INFO - Setting next_dagrun for weather_etl_pipeline_v2 to 2026-04-25 02:00:00+00:00, run_after=2026-04-26 02:00:00+00:00
[2026-04-25T05:48:07.330+0000] {processor.py:183} INFO - Processing /opt/airflow/dags/weather_etl_dag_v2.py took 0.510 seconds
[2026-04-25T05:48:37.507+0000] {processor.py:161} INFO - Started process (PID=264) to work on /opt/airflow/dags/weather_etl_dag_v2.py
[2026-04-25T05:48:37.509+0000] {processor.py:830} INFO - Processing file /opt/airflow/dags/weather_etl_dag_v2.py for tasks to queue
[2026-04-25T05:48:37.511+0000] {logging_mixin.py:188} INFO - [2026-04-25T05:48:37.511+0000] {dagbag.py:545} INFO - Filling up the DagBag from /opt/airflow/dags/weather_etl_dag_v2.py
[2026-04-25T05:48:37.628+0000] {logging_mixin.py:188} INFO - [2026-04-25T05:48:37.628+0000] {config.py:59} INFO - Configuration validation passed
[2026-04-25T05:48:37.765+0000] {processor.py:840} INFO - DAG(s) 'weather_etl_pipeline_v2' retrieved from /opt/airflow/dags/weather_etl_dag_v2.py
[2026-04-25T05:48:37.810+0000] {logging_mixin.py:188} INFO - [2026-04-25T05:48:37.809+0000] {dag.py:3089} INFO - Sync 1 DAGs
[2026-04-25T05:48:37.837+0000] {logging_mixin.py:188} INFO - [2026-04-25T05:48:37.837+0000] {dag.py:3947} INFO - Setting next_dagrun for weather_etl_pipeline_v2 to 2026-04-25 02:00:00+00:00, run_after=2026-04-26 02:00:00+00:00
[2026-04-25T05:48:37.864+0000] {processor.py:183} INFO - Processing /opt/airflow/dags/weather_etl_dag_v2.py took 0.369 seconds
[2026-04-25T05:49:08.245+0000] {processor.py:161} INFO - Started process (PID=281) to work on /opt/airflow/dags/weather_etl_dag_v2.py
[2026-04-25T05:49:08.248+0000] {processor.py:830} INFO - Processing file /opt/airflow/dags/weather_etl_dag_v2.py for tasks to queue
[2026-04-25T05:49:08.254+0000] {logging_mixin.py:188} INFO - [2026-04-25T05:49:08.253+0000] {dagbag.py:545} INFO - Filling up the DagBag from /opt/airflow/dags/weather_etl_dag_v2.py
[2026-04-25T05:49:08.369+0000] {logging_mixin.py:188} INFO - [2026-04-25T05:49:08.369+0000] {config.py:59} INFO - Configuration validation passed
[2026-04-25T05:49:08.530+0000] {processor.py:840} INFO - DAG(s) 'weather_etl_pipeline_v2' retrieved from /opt/airflow/dags/weather_etl_dag_v2.py
[2026-04-25T05:49:08.590+0000] {logging_mixin.py:188} INFO - [2026-04-25T05:49:08.590+0000] {dag.py:3089} INFO - Sync 1 DAGs
[2026-04-25T05:49:08.642+0000] {logging_mixin.py:188} INFO - [2026-04-25T05:49:08.641+0000] {dag.py:3947} INFO - Setting next_dagrun for weather_etl_pipeline_v2 to 2026-04-25 02:00:00+00:00, run_after=2026-04-26 02:00:00+00:00
[2026-04-25T05:49:08.686+0000] {processor.py:183} INFO - Processing /opt/airflow/dags/weather_etl_dag_v2.py took 0.451 seconds
[2026-04-25T05:49:38.842+0000] {processor.py:161} INFO - Started process (PID=298) to work on /opt/airflow/dags/weather_etl_dag_v2.py
[2026-04-25T05:49:38.844+0000] {processor.py:830} INFO - Processing file /opt/airflow/dags/weather_etl_dag_v2.py for tasks to queue
[2026-04-25T05:49:38.847+0000] {logging_mixin.py:188} INFO - [2026-04-25T05:49:38.846+0000] {dagbag.py:545} INFO - Filling up the DagBag from /opt/airflow/dags/weather_etl_dag_v2.py
[2026-04-25T05:49:38.999+0000] {logging_mixin.py:188} INFO - [2026-04-25T05:49:38.998+0000] {config.py:59} INFO - Configuration validation passed
[2026-04-25T05:49:39.268+0000] {processor.py:840} INFO - DAG(s) 'weather_etl_pipeline_v2' retrieved from /opt/airflow/dags/weather_etl_dag_v2.py
[2026-04-25T05:49:39.360+0000] {logging_mixin.py:188} INFO - [2026-04-25T05:49:39.360+0000] {dag.py:3089} INFO - Sync 1 DAGs
[2026-04-25T05:49:39.398+0000] {logging_mixin.py:188} INFO - [2026-04-25T05:49:39.398+0000] {dag.py:3947} INFO - Setting next_dagrun for weather_etl_pipeline_v2 to 2026-04-25 02:00:00+00:00, run_after=2026-04-26 02:00:00+00:00
[2026-04-25T05:49:39.437+0000] {processor.py:183} INFO - Processing /opt/airflow/dags/weather_etl_dag_v2.py took 0.604 seconds
[2026-04-25T05:50:09.748+0000] {processor.py:161} INFO - Started process (PID=315) to work on /opt/airflow/dags/weather_etl_dag_v2.py
[2026-04-25T05:50:09.750+0000] {processor.py:830} INFO - Processing file /opt/airflow/dags/weather_etl_dag_v2.py for tasks to queue
[2026-04-25T05:50:09.756+0000] {logging_mixin.py:188} INFO - [2026-04-25T05:50:09.755+0000] {dagbag.py:545} INFO - Filling up the DagBag from /opt/airflow/dags/weather_etl_dag_v2.py
[2026-04-25T05:50:09.881+0000] {logging_mixin.py:188} INFO - [2026-04-25T05:50:09.880+0000] {config.py:59} INFO - Configuration validation passed
[2026-04-25T05:50:10.091+0000] {processor.py:840} INFO - DAG(s) 'weather_etl_pipeline_v2' retrieved from /opt/airflow/dags/weather_etl_dag_v2.py
[2026-04-25T05:50:10.130+0000] {logging_mixin.py:188} INFO - [2026-04-25T05:50:10.130+0000] {dag.py:3089} INFO - Sync 1 DAGs
[2026-04-25T05:50:10.158+0000] {logging_mixin.py:188} INFO - [2026-04-25T05:50:10.157+0000] {dag.py:3947} INFO - Setting next_dagrun for weather_etl_pipeline_v2 to 2026-04-25 02:00:00+00:00, run_after=2026-04-26 02:00:00+00:00
[2026-04-25T05:50:10.183+0000] {processor.py:183} INFO - Processing /opt/airflow/dags/weather_etl_dag_v2.py took 0.447 seconds
[2026-04-25T05:50:40.778+0000] {processor.py:161} INFO - Started process (PID=332) to work on /opt/airflow/dags/weather_etl_dag_v2.py
[2026-04-25T05:50:40.779+0000] {processor.py:830} INFO - Processing file /opt/airflow/dags/weather_etl_dag_v2.py for tasks to queue
[2026-04-25T05:50:40.781+0000] {logging_mixin.py:188} INFO - [2026-04-25T05:50:40.781+0000] {dagbag.py:545} INFO - Filling up the DagBag from /opt/airflow/dags/weather_etl_dag_v2.py
[2026-04-25T05:50:40.938+0000] {logging_mixin.py:188} INFO - [2026-04-25T05:50:40.938+0000] {config.py:59} INFO - Configuration validation passed
[2026-04-25T05:50:41.173+0000] {processor.py:840} INFO - DAG(s) 'weather_etl_pipeline_v2' retrieved from /opt/airflow/dags/weather_etl_dag_v2.py
[2026-04-25T05:50:41.209+0000] {logging_mixin.py:188} INFO - [2026-04-25T05:50:41.208+0000] {dag.py:3089} INFO - Sync 1 DAGs
[2026-04-25T05:50:41.235+0000] {logging_mixin.py:188} INFO - [2026-04-25T05:50:41.234+0000] {dag.py:3947} INFO - Setting next_dagrun for weather_etl_pipeline_v2 to 2026-04-25 02:00:00+00:00, run_after=2026-04-26 02:00:00+00:00
[2026-04-25T05:50:41.265+0000] {processor.py:183} INFO - Processing /opt/airflow/dags/weather_etl_dag_v2.py took 0.493 seconds
