[2026-04-17T05:24:40.704+0000] {local_task_job_runner.py:120} INFO - ::group::Pre task execution logs
[2026-04-17T05:24:40.753+0000] {taskinstance.py:2076} INFO - Dependencies all met for dep_context=non-requeueable deps ti=<TaskInstance: weather_etl_pipeline_v2.aggregate manual__2026-04-17T05:24:28.533899+00:00 [queued]>
[2026-04-17T05:24:40.770+0000] {taskinstance.py:2076} INFO - Dependencies all met for dep_context=requeueable deps ti=<TaskInstance: weather_etl_pipeline_v2.aggregate manual__2026-04-17T05:24:28.533899+00:00 [queued]>
[2026-04-17T05:24:40.773+0000] {taskinstance.py:2306} INFO - Starting attempt 1 of 3
[2026-04-17T05:24:40.799+0000] {taskinstance.py:2330} INFO - Executing <Task(PythonOperator): aggregate> on 2026-04-17 05:24:28.533899+00:00
[2026-04-17T05:24:40.811+0000] {standard_task_runner.py:90} INFO - Running: ['airflow', 'tasks', 'run', 'weather_etl_pipeline_v2', 'aggregate', 'manual__2026-04-17T05:24:28.533899+00:00', '--job-id', '127', '--raw', '--subdir', 'DAGS_FOLDER/weather_etl_dag_v2.py', '--cfg-path', '/tmp/tmplo4dltsa']
[2026-04-17T05:24:40.814+0000] {logging_mixin.py:188} WARNING - /home/airflow/.local/lib/python3.12/site-packages/airflow/task/task_runner/standard_task_runner.py:62 DeprecationWarning: This process (pid=940) is multi-threaded, use of fork() may lead to deadlocks in the child.
[2026-04-17T05:24:40.814+0000] {standard_task_runner.py:91} INFO - Job 127: Subtask aggregate
[2026-04-17T05:24:40.815+0000] {standard_task_runner.py:64} INFO - Started process 941 to run task
[2026-04-17T05:24:40.896+0000] {task_command.py:426} INFO - Running <TaskInstance: weather_etl_pipeline_v2.aggregate manual__2026-04-17T05:24:28.533899+00:00 [running]> on host 89e29680acec
[2026-04-17T05:24:41.042+0000] {taskinstance.py:2648} INFO - Exporting env vars: AIRFLOW_CTX_DAG_OWNER='weather_etl' AIRFLOW_CTX_DAG_ID='weather_etl_pipeline_v2' AIRFLOW_CTX_TASK_ID='aggregate' AIRFLOW_CTX_EXECUTION_DATE='2026-04-17T05:24:28.533899+00:00' AIRFLOW_CTX_TRY_NUMBER='1' AIRFLOW_CTX_DAG_RUN_ID='manual__2026-04-17T05:24:28.533899+00:00'
[2026-04-17T05:24:41.043+0000] {taskinstance.py:430} INFO - ::endgroup::
[2026-04-17T05:24:41.063+0000] {weather_etl_dag_v2.py:289} INFO - ============================================================
[2026-04-17T05:24:41.065+0000] {weather_etl_dag_v2.py:290} INFO - TASK: AGGREGATE — Computing city-wise daily metrics
[2026-04-17T05:24:41.066+0000] {weather_etl_dag_v2.py:291} INFO - ============================================================
[2026-04-17T05:24:41.082+0000] {logging_mixin.py:188} WARNING - 2026-04-17 05:24:41 - scripts.aggregator - INFO - WeatherAggregator: connected to PostgreSQL
[2026-04-17T05:24:41.081+0000] {aggregator.py:48} INFO - WeatherAggregator: connected to PostgreSQL
[2026-04-17T05:24:41.085+0000] {logging_mixin.py:188} WARNING - 2026-04-17 05:24:41 - scripts.aggregator - INFO - Starting aggregation for date: 2026-04-16
[2026-04-17T05:24:41.084+0000] {aggregator.py:77} INFO - Starting aggregation for date: 2026-04-16
[2026-04-17T05:24:41.099+0000] {logging_mixin.py:188} WARNING - 2026-04-17 05:24:41 - scripts.aggregator - INFO - ✓ Aggregation complete for 2026-04-16: 9 city-day rows upserted
[2026-04-17T05:24:41.098+0000] {aggregator.py:194} INFO - ✓ Aggregation complete for 2026-04-16: 9 city-day rows upserted
[2026-04-17T05:24:41.101+0000] {logging_mixin.py:188} WARNING - 2026-04-17 05:24:41 - scripts.aggregator - INFO - Daily aggregation run complete: 1 day(s), 9 city-day rows upserted
[2026-04-17T05:24:41.100+0000] {aggregator.py:240} INFO - Daily aggregation run complete: 1 day(s), 9 city-day rows upserted
[2026-04-17T05:24:41.104+0000] {logging_mixin.py:188} WARNING - 2026-04-17 05:24:41 - scripts.aggregator - INFO - WeatherAggregator: DB connection closed
[2026-04-17T05:24:41.103+0000] {aggregator.py:60} INFO - WeatherAggregator: DB connection closed
[2026-04-17T05:24:41.127+0000] {weather_etl_dag_v2.py:298} INFO - ✓ Aggregation complete: 9 city-day rows upserted for 1 day(s)
[2026-04-17T05:24:41.128+0000] {python.py:237} INFO - Done. Returned value was: 9
[2026-04-17T05:24:41.129+0000] {taskinstance.py:441} INFO - ::group::Post task execution logs
[2026-04-17T05:24:41.160+0000] {taskinstance.py:1206} INFO - Marking task as SUCCESS. dag_id=weather_etl_pipeline_v2, task_id=aggregate, run_id=manual__2026-04-17T05:24:28.533899+00:00, execution_date=20260417T052428, start_date=20260417T052440, end_date=20260417T052441
[2026-04-17T05:24:41.192+0000] {local_task_job_runner.py:243} INFO - Task exited with return code 0
[2026-04-17T05:24:41.234+0000] {taskinstance.py:3503} INFO - 1 downstream tasks scheduled from follow-on schedule check
[2026-04-17T05:24:41.240+0000] {local_task_job_runner.py:222} INFO - ::endgroup::
