[2026-04-17T05:24:39.033+0000] {local_task_job_runner.py:120} INFO - ::group::Pre task execution logs
[2026-04-17T05:24:39.086+0000] {taskinstance.py:2076} INFO - Dependencies all met for dep_context=non-requeueable deps ti=<TaskInstance: weather_etl_pipeline_v2.quality_check manual__2026-04-17T05:24:28.533899+00:00 [queued]>
[2026-04-17T05:24:39.102+0000] {taskinstance.py:2076} INFO - Dependencies all met for dep_context=requeueable deps ti=<TaskInstance: weather_etl_pipeline_v2.quality_check manual__2026-04-17T05:24:28.533899+00:00 [queued]>
[2026-04-17T05:24:39.103+0000] {taskinstance.py:2306} INFO - Starting attempt 1 of 3
[2026-04-17T05:24:39.124+0000] {taskinstance.py:2330} INFO - Executing <Task(PythonOperator): quality_check> on 2026-04-17 05:24:28.533899+00:00
[2026-04-17T05:24:39.135+0000] {logging_mixin.py:188} WARNING - /home/airflow/.local/lib/python3.12/site-packages/airflow/task/task_runner/standard_task_runner.py:62 DeprecationWarning: This process (pid=938) is multi-threaded, use of fork() may lead to deadlocks in the child.
[2026-04-17T05:24:39.135+0000] {standard_task_runner.py:90} INFO - Running: ['airflow', 'tasks', 'run', 'weather_etl_pipeline_v2', 'quality_check', 'manual__2026-04-17T05:24:28.533899+00:00', '--job-id', '126', '--raw', '--subdir', 'DAGS_FOLDER/weather_etl_dag_v2.py', '--cfg-path', '/tmp/tmpu_9zwdhy']
[2026-04-17T05:24:39.137+0000] {standard_task_runner.py:64} INFO - Started process 939 to run task
[2026-04-17T05:24:39.137+0000] {standard_task_runner.py:91} INFO - Job 126: Subtask quality_check
[2026-04-17T05:24:39.207+0000] {task_command.py:426} INFO - Running <TaskInstance: weather_etl_pipeline_v2.quality_check manual__2026-04-17T05:24:28.533899+00:00 [running]> on host 89e29680acec
[2026-04-17T05:24:39.338+0000] {taskinstance.py:2648} INFO - Exporting env vars: AIRFLOW_CTX_DAG_OWNER='weather_etl' AIRFLOW_CTX_DAG_ID='weather_etl_pipeline_v2' AIRFLOW_CTX_TASK_ID='quality_check' AIRFLOW_CTX_EXECUTION_DATE='2026-04-17T05:24:28.533899+00:00' AIRFLOW_CTX_TRY_NUMBER='1' AIRFLOW_CTX_DAG_RUN_ID='manual__2026-04-17T05:24:28.533899+00:00'
[2026-04-17T05:24:39.340+0000] {taskinstance.py:430} INFO - ::endgroup::
[2026-04-17T05:24:39.361+0000] {weather_etl_dag_v2.py:214} INFO - ============================================================
[2026-04-17T05:24:39.363+0000] {weather_etl_dag_v2.py:215} INFO - TASK: QUALITY_CHECK — Validating clean data quality
[2026-04-17T05:24:39.365+0000] {weather_etl_dag_v2.py:216} INFO - ============================================================
[2026-04-17T05:24:39.381+0000] {logging_mixin.py:188} WARNING - 2026-04-17 05:24:39 - scripts.validate - INFO - Starting data quality validation for 67 records
[2026-04-17T05:24:39.380+0000] {validate.py:201} INFO - Starting data quality validation for 67 records
[2026-04-17T05:24:39.384+0000] {logging_mixin.py:188} WARNING - 2026-04-17 05:24:39 - scripts.validate - INFO - Validation complete: 67 valid, 0 invalid (100.0% pass rate)
[2026-04-17T05:24:39.383+0000] {validate.py:228} INFO - Validation complete: 67 valid, 0 invalid (100.0% pass rate)
[2026-04-17T05:24:39.386+0000] {weather_etl_dag_v2.py:261} INFO - ✓ Quality check: 100.0% pass rate (67/67)
[2026-04-17T05:24:39.410+0000] {python.py:237} INFO - Done. Returned value was: 100.0
[2026-04-17T05:24:39.411+0000] {taskinstance.py:441} INFO - ::group::Post task execution logs
[2026-04-17T05:24:39.443+0000] {taskinstance.py:1206} INFO - Marking task as SUCCESS. dag_id=weather_etl_pipeline_v2, task_id=quality_check, run_id=manual__2026-04-17T05:24:28.533899+00:00, execution_date=20260417T052428, start_date=20260417T052439, end_date=20260417T052439
[2026-04-17T05:24:39.473+0000] {local_task_job_runner.py:243} INFO - Task exited with return code 0
[2026-04-17T05:24:39.513+0000] {taskinstance.py:3503} INFO - 1 downstream tasks scheduled from follow-on schedule check
[2026-04-17T05:24:39.517+0000] {local_task_job_runner.py:222} INFO - ::endgroup::
