[2026-04-09T11:33:24.659+0000] {local_task_job_runner.py:120} INFO - ::group::Pre task execution logs
[2026-04-09T11:33:24.726+0000] {taskinstance.py:2076} INFO - Dependencies all met for dep_context=non-requeueable deps ti=<TaskInstance: weather_etl_pipeline.quality_check manual__2026-04-09T11:33:16.841040+00:00 [queued]>
[2026-04-09T11:33:24.748+0000] {taskinstance.py:2076} INFO - Dependencies all met for dep_context=requeueable deps ti=<TaskInstance: weather_etl_pipeline.quality_check manual__2026-04-09T11:33:16.841040+00:00 [queued]>
[2026-04-09T11:33:24.751+0000] {taskinstance.py:2306} INFO - Starting attempt 1 of 3
[2026-04-09T11:33:24.779+0000] {taskinstance.py:2330} INFO - Executing <Task(PythonOperator): quality_check> on 2026-04-09 11:33:16.841040+00:00
[2026-04-09T11:33:24.791+0000] {standard_task_runner.py:90} INFO - Running: ['airflow', 'tasks', 'run', 'weather_etl_pipeline', 'quality_check', 'manual__2026-04-09T11:33:16.841040+00:00', '--job-id', '30', '--raw', '--subdir', 'DAGS_FOLDER/weather_etl_dag.py', '--cfg-path', '/tmp/tmp8n59pgr9']
[2026-04-09T11:33:24.795+0000] {standard_task_runner.py:91} INFO - Job 30: Subtask quality_check
[2026-04-09T11:33:24.801+0000] {logging_mixin.py:188} WARNING - /home/airflow/.local/lib/python3.12/site-packages/airflow/task/task_runner/standard_task_runner.py:62 DeprecationWarning: This process (pid=314) is multi-threaded, use of fork() may lead to deadlocks in the child.
[2026-04-09T11:33:24.803+0000] {standard_task_runner.py:64} INFO - Started process 315 to run task
[2026-04-09T11:33:24.910+0000] {task_command.py:426} INFO - Running <TaskInstance: weather_etl_pipeline.quality_check manual__2026-04-09T11:33:16.841040+00:00 [running]> on host 7f2361d1f94e
[2026-04-09T11:33:25.098+0000] {taskinstance.py:2648} INFO - Exporting env vars: AIRFLOW_CTX_DAG_OWNER='weather_etl' AIRFLOW_CTX_DAG_ID='weather_etl_pipeline' AIRFLOW_CTX_TASK_ID='quality_check' AIRFLOW_CTX_EXECUTION_DATE='2026-04-09T11:33:16.841040+00:00' AIRFLOW_CTX_TRY_NUMBER='1' AIRFLOW_CTX_DAG_RUN_ID='manual__2026-04-09T11:33:16.841040+00:00'
[2026-04-09T11:33:25.101+0000] {taskinstance.py:430} INFO - ::endgroup::
[2026-04-09T11:33:25.126+0000] {logger.py:59} INFO - ============================================================
[2026-04-09T11:33:25.129+0000] {logger.py:60} INFO - Starting Data Quality Check
[2026-04-09T11:33:25.132+0000] {logger.py:61} INFO - Execution time: 2026-04-09 11:33:25
[2026-04-09T11:33:25.135+0000] {logger.py:62} INFO - ============================================================
[2026-04-09T11:33:25.171+0000] {logging_mixin.py:188} WARNING - 2026-04-09 11:33:25 - scripts.validate - INFO - Starting data quality validation for 5 records
[2026-04-09T11:33:25.169+0000] {validate.py:201} INFO - Starting data quality validation for 5 records
[2026-04-09T11:33:25.175+0000] {logging_mixin.py:188} WARNING - 2026-04-09 11:33:25 - scripts.validate - INFO - Validation complete: 5 valid, 0 invalid (100.0% pass rate)
[2026-04-09T11:33:25.174+0000] {validate.py:228} INFO - Validation complete: 5 valid, 0 invalid (100.0% pass rate)
[2026-04-09T11:33:25.178+0000] {weather_etl_dag.py:136} INFO - 
============================================================
DATA QUALITY VALIDATION REPORT
============================================================
Total Records: 5
Valid Records: 5
Invalid Records: 0
Validation Rate: 100.0%

============================================================
[2026-04-09T11:33:25.243+0000] {logger.py:67} INFO - ============================================================
[2026-04-09T11:33:25.246+0000] {logger.py:68} INFO - Finished Data Quality Check
[2026-04-09T11:33:25.249+0000] {logger.py:69} INFO - Status: SUCCESS
[2026-04-09T11:33:25.252+0000] {logger.py:70} INFO - Execution time: 2026-04-09 11:33:25
[2026-04-09T11:33:25.254+0000] {logger.py:71} INFO - ============================================================
[2026-04-09T11:33:25.258+0000] {python.py:237} INFO - Done. Returned value was: 100.0
[2026-04-09T11:33:25.260+0000] {taskinstance.py:441} INFO - ::group::Post task execution logs
[2026-04-09T11:33:25.306+0000] {taskinstance.py:1206} INFO - Marking task as SUCCESS. dag_id=weather_etl_pipeline, task_id=quality_check, run_id=manual__2026-04-09T11:33:16.841040+00:00, execution_date=20260409T113316, start_date=20260409T113324, end_date=20260409T113325
[2026-04-09T11:33:25.345+0000] {local_task_job_runner.py:243} INFO - Task exited with return code 0
[2026-04-09T11:33:25.403+0000] {taskinstance.py:3503} INFO - 1 downstream tasks scheduled from follow-on schedule check
[2026-04-09T11:33:25.408+0000] {local_task_job_runner.py:222} INFO - ::endgroup::
