[2026-04-15T04:06:53.735+0000] {local_task_job_runner.py:120} INFO - ::group::Pre task execution logs
[2026-04-15T04:06:53.778+0000] {taskinstance.py:2076} INFO - Dependencies all met for dep_context=non-requeueable deps ti=<TaskInstance: weather_etl_pipeline_v2.update_metadata_success scheduled__2026-04-13T02:00:00+00:00 [queued]>
[2026-04-15T04:06:53.789+0000] {taskinstance.py:2076} INFO - Dependencies all met for dep_context=requeueable deps ti=<TaskInstance: weather_etl_pipeline_v2.update_metadata_success scheduled__2026-04-13T02:00:00+00:00 [queued]>
[2026-04-15T04:06:53.791+0000] {taskinstance.py:2306} INFO - Starting attempt 1 of 4
[2026-04-15T04:06:53.803+0000] {taskinstance.py:2330} INFO - Executing <Task(PythonOperator): update_metadata_success> on 2026-04-13 02:00:00+00:00
[2026-04-15T04:06:53.810+0000] {standard_task_runner.py:90} INFO - Running: ['airflow', 'tasks', 'run', 'weather_etl_pipeline_v2', 'update_metadata_success', 'scheduled__2026-04-13T02:00:00+00:00', '--job-id', '220', '--raw', '--subdir', 'DAGS_FOLDER/weather_etl_dag_v2.py', '--cfg-path', '/tmp/tmplrvq28lq']
[2026-04-15T04:06:53.814+0000] {standard_task_runner.py:91} INFO - Job 220: Subtask update_metadata_success
[2026-04-15T04:06:53.821+0000] {logging_mixin.py:188} WARNING - /home/airflow/.local/lib/python3.12/site-packages/airflow/task/task_runner/standard_task_runner.py:62 DeprecationWarning: This process (pid=220) is multi-threaded, use of fork() may lead to deadlocks in the child.
[2026-04-15T04:06:53.826+0000] {standard_task_runner.py:64} INFO - Started process 221 to run task
[2026-04-15T04:06:53.872+0000] {task_command.py:426} INFO - Running <TaskInstance: weather_etl_pipeline_v2.update_metadata_success scheduled__2026-04-13T02:00:00+00:00 [running]> on host 02fa0425b6f9
[2026-04-15T04:06:53.963+0000] {taskinstance.py:2648} INFO - Exporting env vars: AIRFLOW_CTX_DAG_OWNER='weather_etl' AIRFLOW_CTX_DAG_ID='weather_etl_pipeline_v2' AIRFLOW_CTX_TASK_ID='update_metadata_success' AIRFLOW_CTX_EXECUTION_DATE='2026-04-13T02:00:00+00:00' AIRFLOW_CTX_TRY_NUMBER='1' AIRFLOW_CTX_DAG_RUN_ID='scheduled__2026-04-13T02:00:00+00:00'
[2026-04-15T04:06:53.964+0000] {taskinstance.py:430} INFO - ::endgroup::
[2026-04-15T04:06:53.984+0000] {weather_etl_dag_v2.py:254} INFO - ============================================================
[2026-04-15T04:06:53.986+0000] {weather_etl_dag_v2.py:255} INFO - TASK: UPDATE_METADATA_SUCCESS - Recording successful run
[2026-04-15T04:06:53.989+0000] {weather_etl_dag_v2.py:256} INFO - ============================================================
[2026-04-15T04:06:54.048+0000] {logging_mixin.py:188} WARNING - 2026-04-15 04:06:54 - scripts.metadata_manager - INFO - Successfully connected to PostgreSQL database
[2026-04-15T04:06:54.046+0000] {metadata_manager.py:38} INFO - Successfully connected to PostgreSQL database
[2026-04-15T04:06:54.059+0000] {logging_mixin.py:188} WARNING - 2026-04-15 04:06:54 - scripts.metadata_manager - INFO - Table 'pipeline_metadata' created or already exists
[2026-04-15T04:06:54.058+0000] {metadata_manager.py:92} INFO - Table 'pipeline_metadata' created or already exists
[2026-04-15T04:06:54.065+0000] {logging_mixin.py:188} WARNING - 2026-04-15 04:06:54 - scripts.metadata_manager - INFO - Pipeline weather_etl_pipeline_v2 marked as SUCCESS: 7 processed, 110 inserted, 0 failed
[2026-04-15T04:06:54.064+0000] {metadata_manager.py:241} INFO - Pipeline weather_etl_pipeline_v2 marked as SUCCESS: 7 processed, 110 inserted, 0 failed
[2026-04-15T04:06:54.070+0000] {logging_mixin.py:188} WARNING - 2026-04-15 04:06:54 - scripts.metadata_manager - INFO - Database connection closed
[2026-04-15T04:06:54.069+0000] {metadata_manager.py:53} INFO - Database connection closed
[2026-04-15T04:06:54.071+0000] {weather_etl_dag_v2.py:278} INFO - ✓ Metadata updated: Pipeline marked as SUCCESS
[2026-04-15T04:06:54.075+0000] {weather_etl_dag_v2.py:279} INFO -   - Records processed: 7
[2026-04-15T04:06:54.082+0000] {weather_etl_dag_v2.py:280} INFO -   - Records inserted: 110
[2026-04-15T04:06:54.090+0000] {weather_etl_dag_v2.py:281} INFO -   - Validation rate: 100.0%
[2026-04-15T04:06:54.098+0000] {python.py:237} INFO - Done. Returned value was: True
[2026-04-15T04:06:54.102+0000] {taskinstance.py:441} INFO - ::group::Post task execution logs
[2026-04-15T04:06:54.133+0000] {taskinstance.py:1206} INFO - Marking task as SUCCESS. dag_id=weather_etl_pipeline_v2, task_id=update_metadata_success, run_id=scheduled__2026-04-13T02:00:00+00:00, execution_date=20260413T020000, start_date=20260415T040653, end_date=20260415T040654
[2026-04-15T04:06:54.163+0000] {local_task_job_runner.py:243} INFO - Task exited with return code 0
[2026-04-15T04:06:54.188+0000] {taskinstance.py:3503} INFO - 0 downstream tasks scheduled from follow-on schedule check
[2026-04-15T04:06:54.192+0000] {local_task_job_runner.py:222} INFO - ::endgroup::
