[2026-04-13T08:18:16.299+0000] {local_task_job_runner.py:120} INFO - ::group::Pre task execution logs
[2026-04-13T08:18:16.372+0000] {taskinstance.py:2076} INFO - Dependencies all met for dep_context=non-requeueable deps ti=<TaskInstance: weather_etl_pipeline_v2.transform_clean manual__2026-04-13T08:18:07+00:00 [queued]>
[2026-04-13T08:18:16.399+0000] {taskinstance.py:2076} INFO - Dependencies all met for dep_context=requeueable deps ti=<TaskInstance: weather_etl_pipeline_v2.transform_clean manual__2026-04-13T08:18:07+00:00 [queued]>
[2026-04-13T08:18:16.403+0000] {taskinstance.py:2306} INFO - Starting attempt 1 of 4
[2026-04-13T08:18:16.430+0000] {taskinstance.py:2330} INFO - Executing <Task(PythonOperator): transform_clean> on 2026-04-13 08:18:07+00:00
[2026-04-13T08:18:16.453+0000] {standard_task_runner.py:90} INFO - Running: ['airflow', 'tasks', 'run', 'weather_etl_pipeline_v2', 'transform_clean', 'manual__2026-04-13T08:18:07+00:00', '--job-id', '192', '--raw', '--subdir', 'DAGS_FOLDER/weather_etl_dag_v2.py', '--cfg-path', '/tmp/tmp14jba0p9']
[2026-04-13T08:18:16.459+0000] {logging_mixin.py:188} WARNING - /home/airflow/.local/lib/python3.12/site-packages/airflow/task/task_runner/standard_task_runner.py:62 DeprecationWarning: This process (pid=734) is multi-threaded, use of fork() may lead to deadlocks in the child.
[2026-04-13T08:18:16.460+0000] {standard_task_runner.py:91} INFO - Job 192: Subtask transform_clean
[2026-04-13T08:18:16.461+0000] {standard_task_runner.py:64} INFO - Started process 735 to run task
[2026-04-13T08:18:16.556+0000] {task_command.py:426} INFO - Running <TaskInstance: weather_etl_pipeline_v2.transform_clean manual__2026-04-13T08:18:07+00:00 [running]> on host 0e50340581e5
[2026-04-13T08:18:16.756+0000] {taskinstance.py:2648} INFO - Exporting env vars: AIRFLOW_CTX_DAG_OWNER='weather_etl' AIRFLOW_CTX_DAG_ID='weather_etl_pipeline_v2' AIRFLOW_CTX_TASK_ID='transform_clean' AIRFLOW_CTX_EXECUTION_DATE='2026-04-13T08:18:07+00:00' AIRFLOW_CTX_TRY_NUMBER='1' AIRFLOW_CTX_DAG_RUN_ID='manual__2026-04-13T08:18:07+00:00'
[2026-04-13T08:18:16.765+0000] {taskinstance.py:430} INFO - ::endgroup::
[2026-04-13T08:18:16.799+0000] {weather_etl_dag_v2.py:148} INFO - ============================================================
[2026-04-13T08:18:16.807+0000] {weather_etl_dag_v2.py:149} INFO - TASK: TRANSFORM_CLEAN - Transform and load clean data
[2026-04-13T08:18:16.819+0000] {weather_etl_dag_v2.py:150} INFO - ============================================================
[2026-04-13T08:18:16.909+0000] {logging_mixin.py:188} WARNING - 2026-04-13 08:18:16 - scripts.load_raw - INFO - Successfully connected to PostgreSQL database
[2026-04-13T08:18:16.902+0000] {load_raw.py:38} INFO - Successfully connected to PostgreSQL database
[2026-04-13T08:18:16.939+0000] {logging_mixin.py:188} WARNING - 2026-04-13 08:18:16 - scripts.load_raw - INFO - Retrieved 81 unprocessed raw records
[2026-04-13T08:18:16.932+0000] {load_raw.py:206} INFO - Retrieved 81 unprocessed raw records
[2026-04-13T08:18:16.955+0000] {logging_mixin.py:188} WARNING - 2026-04-13 08:18:16 - scripts.load_raw - INFO - Database connection closed
[2026-04-13T08:18:16.951+0000] {load_raw.py:53} INFO - Database connection closed
[2026-04-13T08:18:16.968+0000] {logging_mixin.py:188} WARNING - 2026-04-13 08:18:16 - scripts.load_clean - INFO - Starting transformation and load for 81 raw records
[2026-04-13T08:18:16.965+0000] {load_clean.py:169} INFO - Starting transformation and load for 81 raw records
[2026-04-13T08:18:16.984+0000] {logging_mixin.py:188} WARNING - 2026-04-13 08:18:16 - scripts.load_clean - INFO - Successfully connected to PostgreSQL database
[2026-04-13T08:18:16.981+0000] {load_clean.py:41} INFO - Successfully connected to PostgreSQL database
[2026-04-13T08:18:16.997+0000] {logging_mixin.py:188} WARNING - 2026-04-13 08:18:16 - scripts.load_clean - INFO - Table 'weather_clean' created or already exists
[2026-04-13T08:18:16.994+0000] {load_clean.py:91} INFO - Table 'weather_clean' created or already exists
[2026-04-13T08:18:17.028+0000] {logging_mixin.py:188} WARNING - 2026-04-13 08:18:17 - scripts.load_clean - INFO - Inserted new record for Ahmedabad (deleted old records first)
[2026-04-13T08:18:17.027+0000] {load_clean.py:149} INFO - Inserted new record for Ahmedabad (deleted old records first)
[2026-04-13T08:18:17.035+0000] {logging_mixin.py:188} WARNING - 2026-04-13 08:18:17 - scripts.load_clean - INFO - Inserted new record for Mumbai (deleted old records first)
[2026-04-13T08:18:17.033+0000] {load_clean.py:149} INFO - Inserted new record for Mumbai (deleted old records first)
[2026-04-13T08:18:17.046+0000] {logging_mixin.py:188} WARNING - 2026-04-13 08:18:17 - scripts.load_clean - INFO - Inserted new record for Delhi (deleted old records first)
[2026-04-13T08:18:17.045+0000] {load_clean.py:149} INFO - Inserted new record for Delhi (deleted old records first)
[2026-04-13T08:18:17.056+0000] {logging_mixin.py:188} WARNING - 2026-04-13 08:18:17 - scripts.load_clean - INFO - Inserted new record for Bengaluru (deleted old records first)
[2026-04-13T08:18:17.054+0000] {load_clean.py:149} INFO - Inserted new record for Bengaluru (deleted old records first)
[2026-04-13T08:18:17.066+0000] {logging_mixin.py:188} WARNING - 2026-04-13 08:18:17 - scripts.load_clean - INFO - Inserted new record for Chennai (deleted old records first)
[2026-04-13T08:18:17.063+0000] {load_clean.py:149} INFO - Inserted new record for Chennai (deleted old records first)
[2026-04-13T08:18:17.077+0000] {logging_mixin.py:188} WARNING - 2026-04-13 08:18:17 - scripts.load_clean - INFO - Inserted new record for Ahmedabad (deleted old records first)
[2026-04-13T08:18:17.075+0000] {load_clean.py:149} INFO - Inserted new record for Ahmedabad (deleted old records first)
[2026-04-13T08:18:17.091+0000] {logging_mixin.py:188} WARNING - 2026-04-13 08:18:17 - scripts.load_clean - INFO - Inserted new record for Mumbai (deleted old records first)
[2026-04-13T08:18:17.089+0000] {load_clean.py:149} INFO - Inserted new record for Mumbai (deleted old records first)
[2026-04-13T08:18:17.103+0000] {logging_mixin.py:188} WARNING - 2026-04-13 08:18:17 - scripts.load_clean - INFO - Inserted new record for Delhi (deleted old records first)
[2026-04-13T08:18:17.102+0000] {load_clean.py:149} INFO - Inserted new record for Delhi (deleted old records first)
[2026-04-13T08:18:17.114+0000] {logging_mixin.py:188} WARNING - 2026-04-13 08:18:17 - scripts.load_clean - INFO - Inserted new record for Bengaluru (deleted old records first)
[2026-04-13T08:18:17.109+0000] {load_clean.py:149} INFO - Inserted new record for Bengaluru (deleted old records first)
[2026-04-13T08:18:17.121+0000] {logging_mixin.py:188} WARNING - 2026-04-13 08:18:17 - scripts.load_clean - INFO - Inserted new record for Chennai (deleted old records first)
[2026-04-13T08:18:17.119+0000] {load_clean.py:149} INFO - Inserted new record for Chennai (deleted old records first)
[2026-04-13T08:18:17.137+0000] {logging_mixin.py:188} WARNING - 2026-04-13 08:18:17 - scripts.load_clean - INFO - Inserted new record for Ahmedabad (deleted old records first)
[2026-04-13T08:18:17.133+0000] {load_clean.py:149} INFO - Inserted new record for Ahmedabad (deleted old records first)
[2026-04-13T08:18:17.145+0000] {logging_mixin.py:188} WARNING - 2026-04-13 08:18:17 - scripts.load_clean - INFO - Inserted new record for Mumbai (deleted old records first)
[2026-04-13T08:18:17.144+0000] {load_clean.py:149} INFO - Inserted new record for Mumbai (deleted old records first)
[2026-04-13T08:18:17.154+0000] {logging_mixin.py:188} WARNING - 2026-04-13 08:18:17 - scripts.load_clean - INFO - Inserted new record for Delhi (deleted old records first)
[2026-04-13T08:18:17.152+0000] {load_clean.py:149} INFO - Inserted new record for Delhi (deleted old records first)
[2026-04-13T08:18:17.166+0000] {logging_mixin.py:188} WARNING - 2026-04-13 08:18:17 - scripts.load_clean - INFO - Inserted new record for Bengaluru (deleted old records first)
[2026-04-13T08:18:17.161+0000] {load_clean.py:149} INFO - Inserted new record for Bengaluru (deleted old records first)
[2026-04-13T08:18:17.173+0000] {logging_mixin.py:188} WARNING - 2026-04-13 08:18:17 - scripts.load_clean - INFO - Inserted new record for Chennai (deleted old records first)
[2026-04-13T08:18:17.171+0000] {load_clean.py:149} INFO - Inserted new record for Chennai (deleted old records first)
[2026-04-13T08:18:17.182+0000] {logging_mixin.py:188} WARNING - 2026-04-13 08:18:17 - scripts.load_clean - INFO - Inserted new record for Ahmedabad (deleted old records first)
[2026-04-13T08:18:17.179+0000] {load_clean.py:149} INFO - Inserted new record for Ahmedabad (deleted old records first)
[2026-04-13T08:18:17.190+0000] {logging_mixin.py:188} WARNING - 2026-04-13 08:18:17 - scripts.load_clean - INFO - Inserted new record for Mumbai (deleted old records first)
[2026-04-13T08:18:17.188+0000] {load_clean.py:149} INFO - Inserted new record for Mumbai (deleted old records first)
[2026-04-13T08:18:17.201+0000] {logging_mixin.py:188} WARNING - 2026-04-13 08:18:17 - scripts.load_clean - INFO - Inserted new record for Delhi (deleted old records first)
[2026-04-13T08:18:17.200+0000] {load_clean.py:149} INFO - Inserted new record for Delhi (deleted old records first)
[2026-04-13T08:18:17.213+0000] {logging_mixin.py:188} WARNING - 2026-04-13 08:18:17 - scripts.load_clean - INFO - Inserted new record for Bengaluru (deleted old records first)
[2026-04-13T08:18:17.208+0000] {load_clean.py:149} INFO - Inserted new record for Bengaluru (deleted old records first)
[2026-04-13T08:18:17.221+0000] {logging_mixin.py:188} WARNING - 2026-04-13 08:18:17 - scripts.load_clean - INFO - Inserted new record for Chennai (deleted old records first)
[2026-04-13T08:18:17.220+0000] {load_clean.py:149} INFO - Inserted new record for Chennai (deleted old records first)
[2026-04-13T08:18:17.236+0000] {logging_mixin.py:188} WARNING - 2026-04-13 08:18:17 - scripts.load_clean - INFO - Inserted new record for Ahmedabad (deleted old records first)
[2026-04-13T08:18:17.233+0000] {load_clean.py:149} INFO - Inserted new record for Ahmedabad (deleted old records first)
[2026-04-13T08:18:17.245+0000] {logging_mixin.py:188} WARNING - 2026-04-13 08:18:17 - scripts.load_clean - INFO - Inserted new record for Mumbai (deleted old records first)
[2026-04-13T08:18:17.242+0000] {load_clean.py:149} INFO - Inserted new record for Mumbai (deleted old records first)
[2026-04-13T08:18:17.254+0000] {logging_mixin.py:188} WARNING - 2026-04-13 08:18:17 - scripts.load_clean - INFO - Inserted new record for Delhi (deleted old records first)
[2026-04-13T08:18:17.252+0000] {load_clean.py:149} INFO - Inserted new record for Delhi (deleted old records first)
[2026-04-13T08:18:17.261+0000] {logging_mixin.py:188} WARNING - 2026-04-13 08:18:17 - scripts.load_clean - INFO - Inserted new record for Bengaluru (deleted old records first)
[2026-04-13T08:18:17.259+0000] {load_clean.py:149} INFO - Inserted new record for Bengaluru (deleted old records first)
[2026-04-13T08:18:17.268+0000] {logging_mixin.py:188} WARNING - 2026-04-13 08:18:17 - scripts.load_clean - INFO - Inserted new record for Chennai (deleted old records first)
[2026-04-13T08:18:17.267+0000] {load_clean.py:149} INFO - Inserted new record for Chennai (deleted old records first)
[2026-04-13T08:18:17.276+0000] {logging_mixin.py:188} WARNING - 2026-04-13 08:18:17 - scripts.load_clean - INFO - Inserted new record for Ahmedabad (deleted old records first)
[2026-04-13T08:18:17.275+0000] {load_clean.py:149} INFO - Inserted new record for Ahmedabad (deleted old records first)
[2026-04-13T08:18:17.290+0000] {logging_mixin.py:188} WARNING - 2026-04-13 08:18:17 - scripts.load_clean - INFO - Inserted new record for Mumbai (deleted old records first)
[2026-04-13T08:18:17.285+0000] {load_clean.py:149} INFO - Inserted new record for Mumbai (deleted old records first)
[2026-04-13T08:18:17.305+0000] {logging_mixin.py:188} WARNING - 2026-04-13 08:18:17 - scripts.load_clean - INFO - Inserted new record for Delhi (deleted old records first)
[2026-04-13T08:18:17.296+0000] {load_clean.py:149} INFO - Inserted new record for Delhi (deleted old records first)
[2026-04-13T08:18:17.312+0000] {logging_mixin.py:188} WARNING - 2026-04-13 08:18:17 - scripts.load_clean - INFO - Inserted new record for Bengaluru (deleted old records first)
[2026-04-13T08:18:17.311+0000] {load_clean.py:149} INFO - Inserted new record for Bengaluru (deleted old records first)
[2026-04-13T08:18:17.322+0000] {logging_mixin.py:188} WARNING - 2026-04-13 08:18:17 - scripts.load_clean - INFO - Inserted new record for Chennai (deleted old records first)
[2026-04-13T08:18:17.318+0000] {load_clean.py:149} INFO - Inserted new record for Chennai (deleted old records first)
[2026-04-13T08:18:17.328+0000] {logging_mixin.py:188} WARNING - 2026-04-13 08:18:17 - scripts.load_clean - INFO - Inserted new record for Ahmedabad (deleted old records first)
[2026-04-13T08:18:17.327+0000] {load_clean.py:149} INFO - Inserted new record for Ahmedabad (deleted old records first)
[2026-04-13T08:18:17.336+0000] {logging_mixin.py:188} WARNING - 2026-04-13 08:18:17 - scripts.load_clean - INFO - Inserted new record for Mumbai (deleted old records first)
[2026-04-13T08:18:17.334+0000] {load_clean.py:149} INFO - Inserted new record for Mumbai (deleted old records first)
[2026-04-13T08:18:17.344+0000] {logging_mixin.py:188} WARNING - 2026-04-13 08:18:17 - scripts.load_clean - INFO - Inserted new record for Delhi (deleted old records first)
[2026-04-13T08:18:17.343+0000] {load_clean.py:149} INFO - Inserted new record for Delhi (deleted old records first)
[2026-04-13T08:18:17.353+0000] {logging_mixin.py:188} WARNING - 2026-04-13 08:18:17 - scripts.load_clean - INFO - Inserted new record for Bengaluru (deleted old records first)
[2026-04-13T08:18:17.352+0000] {load_clean.py:149} INFO - Inserted new record for Bengaluru (deleted old records first)
[2026-04-13T08:18:17.363+0000] {logging_mixin.py:188} WARNING - 2026-04-13 08:18:17 - scripts.load_clean - INFO - Inserted new record for Chennai (deleted old records first)
[2026-04-13T08:18:17.362+0000] {load_clean.py:149} INFO - Inserted new record for Chennai (deleted old records first)
[2026-04-13T08:18:17.372+0000] {logging_mixin.py:188} WARNING - 2026-04-13 08:18:17 - scripts.load_clean - INFO - Inserted new record for Ahmedabad (deleted old records first)
[2026-04-13T08:18:17.370+0000] {load_clean.py:149} INFO - Inserted new record for Ahmedabad (deleted old records first)
[2026-04-13T08:18:17.380+0000] {logging_mixin.py:188} WARNING - 2026-04-13 08:18:17 - scripts.load_clean - INFO - Inserted new record for Mumbai (deleted old records first)
[2026-04-13T08:18:17.379+0000] {load_clean.py:149} INFO - Inserted new record for Mumbai (deleted old records first)
[2026-04-13T08:18:17.391+0000] {logging_mixin.py:188} WARNING - 2026-04-13 08:18:17 - scripts.load_clean - INFO - Inserted new record for Delhi (deleted old records first)
[2026-04-13T08:18:17.388+0000] {load_clean.py:149} INFO - Inserted new record for Delhi (deleted old records first)
[2026-04-13T08:18:17.402+0000] {logging_mixin.py:188} WARNING - 2026-04-13 08:18:17 - scripts.load_clean - INFO - Inserted new record for Bengaluru (deleted old records first)
[2026-04-13T08:18:17.400+0000] {load_clean.py:149} INFO - Inserted new record for Bengaluru (deleted old records first)
[2026-04-13T08:18:17.412+0000] {logging_mixin.py:188} WARNING - 2026-04-13 08:18:17 - scripts.load_clean - INFO - Inserted new record for Chennai (deleted old records first)
[2026-04-13T08:18:17.408+0000] {load_clean.py:149} INFO - Inserted new record for Chennai (deleted old records first)
[2026-04-13T08:18:17.418+0000] {logging_mixin.py:188} WARNING - 2026-04-13 08:18:17 - scripts.load_clean - INFO - Inserted new record for Ahmedabad (deleted old records first)
[2026-04-13T08:18:17.417+0000] {load_clean.py:149} INFO - Inserted new record for Ahmedabad (deleted old records first)
[2026-04-13T08:18:17.429+0000] {logging_mixin.py:188} WARNING - 2026-04-13 08:18:17 - scripts.load_clean - INFO - Inserted new record for Ahmedabad (deleted old records first)
[2026-04-13T08:18:17.428+0000] {load_clean.py:149} INFO - Inserted new record for Ahmedabad (deleted old records first)
[2026-04-13T08:18:17.439+0000] {logging_mixin.py:188} WARNING - 2026-04-13 08:18:17 - scripts.load_clean - INFO - Inserted new record for Mumbai (deleted old records first)
[2026-04-13T08:18:17.435+0000] {load_clean.py:149} INFO - Inserted new record for Mumbai (deleted old records first)
[2026-04-13T08:18:17.448+0000] {logging_mixin.py:188} WARNING - 2026-04-13 08:18:17 - scripts.load_clean - INFO - Inserted new record for Delhi (deleted old records first)
[2026-04-13T08:18:17.446+0000] {load_clean.py:149} INFO - Inserted new record for Delhi (deleted old records first)
[2026-04-13T08:18:17.458+0000] {logging_mixin.py:188} WARNING - 2026-04-13 08:18:17 - scripts.load_clean - INFO - Inserted new record for Bengaluru (deleted old records first)
[2026-04-13T08:18:17.457+0000] {load_clean.py:149} INFO - Inserted new record for Bengaluru (deleted old records first)
[2026-04-13T08:18:17.468+0000] {logging_mixin.py:188} WARNING - 2026-04-13 08:18:17 - scripts.load_clean - INFO - Inserted new record for Chennai (deleted old records first)
[2026-04-13T08:18:17.464+0000] {load_clean.py:149} INFO - Inserted new record for Chennai (deleted old records first)
[2026-04-13T08:18:17.473+0000] {logging_mixin.py:188} WARNING - 2026-04-13 08:18:17 - scripts.load_clean - INFO - Inserted new record for Delhi (deleted old records first)
[2026-04-13T08:18:17.472+0000] {load_clean.py:149} INFO - Inserted new record for Delhi (deleted old records first)
[2026-04-13T08:18:17.480+0000] {logging_mixin.py:188} WARNING - 2026-04-13 08:18:17 - scripts.load_clean - INFO - Inserted new record for Bengaluru (deleted old records first)
[2026-04-13T08:18:17.479+0000] {load_clean.py:149} INFO - Inserted new record for Bengaluru (deleted old records first)
[2026-04-13T08:18:17.486+0000] {logging_mixin.py:188} WARNING - 2026-04-13 08:18:17 - scripts.load_clean - INFO - Inserted new record for Chennai (deleted old records first)
[2026-04-13T08:18:17.485+0000] {load_clean.py:149} INFO - Inserted new record for Chennai (deleted old records first)
[2026-04-13T08:18:17.493+0000] {logging_mixin.py:188} WARNING - 2026-04-13 08:18:17 - scripts.load_clean - INFO - Inserted new record for Ahmedabad (deleted old records first)
[2026-04-13T08:18:17.492+0000] {load_clean.py:149} INFO - Inserted new record for Ahmedabad (deleted old records first)
[2026-04-13T08:18:17.500+0000] {logging_mixin.py:188} WARNING - 2026-04-13 08:18:17 - scripts.load_clean - INFO - Inserted new record for Mumbai (deleted old records first)
[2026-04-13T08:18:17.499+0000] {load_clean.py:149} INFO - Inserted new record for Mumbai (deleted old records first)
[2026-04-13T08:18:17.505+0000] {logging_mixin.py:188} WARNING - 2026-04-13 08:18:17 - scripts.load_clean - INFO - Inserted new record for Delhi (deleted old records first)
[2026-04-13T08:18:17.504+0000] {load_clean.py:149} INFO - Inserted new record for Delhi (deleted old records first)
[2026-04-13T08:18:17.531+0000] {logging_mixin.py:188} WARNING - 2026-04-13 08:18:17 - scripts.load_clean - INFO - Inserted new record for Bengaluru (deleted old records first)
[2026-04-13T08:18:17.531+0000] {load_clean.py:149} INFO - Inserted new record for Bengaluru (deleted old records first)
[2026-04-13T08:18:17.537+0000] {logging_mixin.py:188} WARNING - 2026-04-13 08:18:17 - scripts.load_clean - INFO - Inserted new record for Chennai (deleted old records first)
[2026-04-13T08:18:17.535+0000] {load_clean.py:149} INFO - Inserted new record for Chennai (deleted old records first)
[2026-04-13T08:18:17.542+0000] {logging_mixin.py:188} WARNING - 2026-04-13 08:18:17 - scripts.load_clean - INFO - Inserted new record for Ahmedabad (deleted old records first)
[2026-04-13T08:18:17.541+0000] {load_clean.py:149} INFO - Inserted new record for Ahmedabad (deleted old records first)
[2026-04-13T08:18:17.547+0000] {logging_mixin.py:188} WARNING - 2026-04-13 08:18:17 - scripts.load_clean - INFO - Inserted new record for Mumbai (deleted old records first)
[2026-04-13T08:18:17.546+0000] {load_clean.py:149} INFO - Inserted new record for Mumbai (deleted old records first)
[2026-04-13T08:18:17.552+0000] {logging_mixin.py:188} WARNING - 2026-04-13 08:18:17 - scripts.load_clean - INFO - Inserted new record for Delhi (deleted old records first)
[2026-04-13T08:18:17.551+0000] {load_clean.py:149} INFO - Inserted new record for Delhi (deleted old records first)
[2026-04-13T08:18:17.557+0000] {logging_mixin.py:188} WARNING - 2026-04-13 08:18:17 - scripts.load_clean - INFO - Inserted new record for Bengaluru (deleted old records first)
[2026-04-13T08:18:17.556+0000] {load_clean.py:149} INFO - Inserted new record for Bengaluru (deleted old records first)
[2026-04-13T08:18:17.563+0000] {logging_mixin.py:188} WARNING - 2026-04-13 08:18:17 - scripts.load_clean - INFO - Inserted new record for Chennai (deleted old records first)
[2026-04-13T08:18:17.562+0000] {load_clean.py:149} INFO - Inserted new record for Chennai (deleted old records first)
[2026-04-13T08:18:17.569+0000] {logging_mixin.py:188} WARNING - 2026-04-13 08:18:17 - scripts.load_clean - INFO - Inserted new record for Ahmedabad (deleted old records first)
[2026-04-13T08:18:17.568+0000] {load_clean.py:149} INFO - Inserted new record for Ahmedabad (deleted old records first)
[2026-04-13T08:18:17.576+0000] {logging_mixin.py:188} WARNING - 2026-04-13 08:18:17 - scripts.load_clean - INFO - Inserted new record for Bengaluru (deleted old records first)
[2026-04-13T08:18:17.575+0000] {load_clean.py:149} INFO - Inserted new record for Bengaluru (deleted old records first)
[2026-04-13T08:18:17.585+0000] {logging_mixin.py:188} WARNING - 2026-04-13 08:18:17 - scripts.load_clean - INFO - Inserted new record for Chennai (deleted old records first)
[2026-04-13T08:18:17.584+0000] {load_clean.py:149} INFO - Inserted new record for Chennai (deleted old records first)
[2026-04-13T08:18:17.590+0000] {logging_mixin.py:188} WARNING - 2026-04-13 08:18:17 - scripts.load_clean - INFO - Inserted new record for Delhi (deleted old records first)
[2026-04-13T08:18:17.589+0000] {load_clean.py:149} INFO - Inserted new record for Delhi (deleted old records first)
[2026-04-13T08:18:17.598+0000] {logging_mixin.py:188} WARNING - 2026-04-13 08:18:17 - scripts.load_clean - INFO - Inserted new record for Mumbai (deleted old records first)
[2026-04-13T08:18:17.596+0000] {load_clean.py:149} INFO - Inserted new record for Mumbai (deleted old records first)
[2026-04-13T08:18:17.603+0000] {logging_mixin.py:188} WARNING - 2026-04-13 08:18:17 - scripts.load_clean - INFO - Inserted new record for Chennai (deleted old records first)
[2026-04-13T08:18:17.602+0000] {load_clean.py:149} INFO - Inserted new record for Chennai (deleted old records first)
[2026-04-13T08:18:17.609+0000] {logging_mixin.py:188} WARNING - 2026-04-13 08:18:17 - scripts.load_clean - INFO - Inserted new record for Delhi (deleted old records first)
[2026-04-13T08:18:17.608+0000] {load_clean.py:149} INFO - Inserted new record for Delhi (deleted old records first)
[2026-04-13T08:18:17.615+0000] {logging_mixin.py:188} WARNING - 2026-04-13 08:18:17 - scripts.load_clean - INFO - Inserted new record for Islamabad (deleted old records first)
[2026-04-13T08:18:17.614+0000] {load_clean.py:149} INFO - Inserted new record for Islamabad (deleted old records first)
[2026-04-13T08:18:17.620+0000] {logging_mixin.py:188} WARNING - 2026-04-13 08:18:17 - scripts.load_clean - INFO - Inserted new record for Mumbai (deleted old records first)
[2026-04-13T08:18:17.619+0000] {load_clean.py:149} INFO - Inserted new record for Mumbai (deleted old records first)
[2026-04-13T08:18:17.625+0000] {logging_mixin.py:188} WARNING - 2026-04-13 08:18:17 - scripts.load_clean - INFO - Inserted new record for Ahmedabad (deleted old records first)
[2026-04-13T08:18:17.624+0000] {load_clean.py:149} INFO - Inserted new record for Ahmedabad (deleted old records first)
[2026-04-13T08:18:17.631+0000] {logging_mixin.py:188} WARNING - 2026-04-13 08:18:17 - scripts.load_clean - INFO - Inserted new record for Bengaluru (deleted old records first)
[2026-04-13T08:18:17.629+0000] {load_clean.py:149} INFO - Inserted new record for Bengaluru (deleted old records first)
[2026-04-13T08:18:17.637+0000] {logging_mixin.py:188} WARNING - 2026-04-13 08:18:17 - scripts.load_clean - INFO - Inserted new record for Chennai (deleted old records first)
[2026-04-13T08:18:17.636+0000] {load_clean.py:149} INFO - Inserted new record for Chennai (deleted old records first)
[2026-04-13T08:18:17.643+0000] {logging_mixin.py:188} WARNING - 2026-04-13 08:18:17 - scripts.load_clean - INFO - Inserted new record for Delhi (deleted old records first)
[2026-04-13T08:18:17.643+0000] {load_clean.py:149} INFO - Inserted new record for Delhi (deleted old records first)
[2026-04-13T08:18:17.649+0000] {logging_mixin.py:188} WARNING - 2026-04-13 08:18:17 - scripts.load_clean - INFO - Inserted new record for Islamabad (deleted old records first)
[2026-04-13T08:18:17.647+0000] {load_clean.py:149} INFO - Inserted new record for Islamabad (deleted old records first)
[2026-04-13T08:18:17.656+0000] {logging_mixin.py:188} WARNING - 2026-04-13 08:18:17 - scripts.load_clean - INFO - Inserted new record for Mumbai (deleted old records first)
[2026-04-13T08:18:17.655+0000] {load_clean.py:149} INFO - Inserted new record for Mumbai (deleted old records first)
[2026-04-13T08:18:17.662+0000] {logging_mixin.py:188} WARNING - 2026-04-13 08:18:17 - scripts.load_clean - INFO - Inserted new record for Ahmedabad (deleted old records first)
[2026-04-13T08:18:17.660+0000] {load_clean.py:149} INFO - Inserted new record for Ahmedabad (deleted old records first)
[2026-04-13T08:18:17.668+0000] {logging_mixin.py:188} WARNING - 2026-04-13 08:18:17 - scripts.load_clean - INFO - Inserted new record for Bengaluru (deleted old records first)
[2026-04-13T08:18:17.667+0000] {load_clean.py:149} INFO - Inserted new record for Bengaluru (deleted old records first)
[2026-04-13T08:18:17.673+0000] {logging_mixin.py:188} WARNING - 2026-04-13 08:18:17 - scripts.load_clean - INFO - Inserted new record for Chennai (deleted old records first)
[2026-04-13T08:18:17.672+0000] {load_clean.py:149} INFO - Inserted new record for Chennai (deleted old records first)
[2026-04-13T08:18:17.680+0000] {logging_mixin.py:188} WARNING - 2026-04-13 08:18:17 - scripts.load_clean - INFO - Inserted new record for Delhi (deleted old records first)
[2026-04-13T08:18:17.679+0000] {load_clean.py:149} INFO - Inserted new record for Delhi (deleted old records first)
[2026-04-13T08:18:17.685+0000] {logging_mixin.py:188} WARNING - 2026-04-13 08:18:17 - scripts.load_clean - INFO - Inserted new record for Islamabad (deleted old records first)
[2026-04-13T08:18:17.685+0000] {load_clean.py:149} INFO - Inserted new record for Islamabad (deleted old records first)
[2026-04-13T08:18:17.691+0000] {logging_mixin.py:188} WARNING - 2026-04-13 08:18:17 - scripts.load_clean - INFO - Inserted new record for Mumbai (deleted old records first)
[2026-04-13T08:18:17.690+0000] {load_clean.py:149} INFO - Inserted new record for Mumbai (deleted old records first)
[2026-04-13T08:18:17.699+0000] {logging_mixin.py:188} WARNING - 2026-04-13 08:18:17 - scripts.load_clean - INFO - Inserted new record for Pune (deleted old records first)
[2026-04-13T08:18:17.698+0000] {load_clean.py:149} INFO - Inserted new record for Pune (deleted old records first)
[2026-04-13T08:18:17.718+0000] {logging_mixin.py:188} WARNING - 2026-04-13 08:18:17 - scripts.load_clean - INFO - Marked 81 raw records as processed
[2026-04-13T08:18:17.717+0000] {load_clean.py:252} INFO - Marked 81 raw records as processed
[2026-04-13T08:18:17.722+0000] {logging_mixin.py:188} WARNING - 2026-04-13 08:18:17 - scripts.load_clean - INFO - Clean data load complete: 81 transformed, 81 validated, 81 loaded, 0 failed
[2026-04-13T08:18:17.721+0000] {load_clean.py:224} INFO - Clean data load complete: 81 transformed, 81 validated, 81 loaded, 0 failed
[2026-04-13T08:18:17.727+0000] {logging_mixin.py:188} WARNING - 2026-04-13 08:18:17 - scripts.load_clean - INFO - Database connection closed
[2026-04-13T08:18:17.725+0000] {load_clean.py:56} INFO - Database connection closed
[2026-04-13T08:18:17.730+0000] {weather_etl_dag_v2.py:166} INFO - ✓ Transform and load complete: 81 loaded, 0 failed
[2026-04-13T08:18:17.766+0000] {python.py:237} INFO - Done. Returned value was: 81
[2026-04-13T08:18:17.767+0000] {taskinstance.py:441} INFO - ::group::Post task execution logs
[2026-04-13T08:18:17.813+0000] {taskinstance.py:1206} INFO - Marking task as SUCCESS. dag_id=weather_etl_pipeline_v2, task_id=transform_clean, run_id=manual__2026-04-13T08:18:07+00:00, execution_date=20260413T081807, start_date=20260413T081816, end_date=20260413T081817
[2026-04-13T08:18:17.885+0000] {local_task_job_runner.py:243} INFO - Task exited with return code 0
[2026-04-13T08:18:17.946+0000] {taskinstance.py:3503} INFO - 1 downstream tasks scheduled from follow-on schedule check
[2026-04-13T08:18:17.949+0000] {local_task_job_runner.py:222} INFO - ::endgroup::
