[2026-04-13T08:33:50.533+0000] {local_task_job_runner.py:120} INFO - ::group::Pre task execution logs
[2026-04-13T08:33:50.605+0000] {taskinstance.py:2076} INFO - Dependencies all met for dep_context=non-requeueable deps ti=<TaskInstance: weather_etl_pipeline_v2.quality_check manual__2026-04-13T08:33:36.622670+00:00 [queued]>
[2026-04-13T08:33:50.625+0000] {taskinstance.py:2076} INFO - Dependencies all met for dep_context=requeueable deps ti=<TaskInstance: weather_etl_pipeline_v2.quality_check manual__2026-04-13T08:33:36.622670+00:00 [queued]>
[2026-04-13T08:33:50.627+0000] {taskinstance.py:2306} INFO - Starting attempt 1 of 3
[2026-04-13T08:33:50.660+0000] {taskinstance.py:2330} INFO - Executing <Task(PythonOperator): quality_check> on 2026-04-13 08:33:36.622670+00:00
[2026-04-13T08:33:50.673+0000] {standard_task_runner.py:90} INFO - Running: ['airflow', 'tasks', 'run', 'weather_etl_pipeline_v2', 'quality_check', 'manual__2026-04-13T08:33:36.622670+00:00', '--job-id', '205', '--raw', '--subdir', 'DAGS_FOLDER/weather_etl_dag_v2.py', '--cfg-path', '/tmp/tmpr2rmjl27']
[2026-04-13T08:33:50.678+0000] {standard_task_runner.py:91} INFO - Job 205: Subtask quality_check
[2026-04-13T08:33:50.680+0000] {logging_mixin.py:188} WARNING - /home/airflow/.local/lib/python3.12/site-packages/airflow/task/task_runner/standard_task_runner.py:62 DeprecationWarning: This process (pid=1065) is multi-threaded, use of fork() may lead to deadlocks in the child.
[2026-04-13T08:33:50.682+0000] {standard_task_runner.py:64} INFO - Started process 1066 to run task
[2026-04-13T08:33:50.793+0000] {task_command.py:426} INFO - Running <TaskInstance: weather_etl_pipeline_v2.quality_check manual__2026-04-13T08:33:36.622670+00:00 [running]> on host 0e50340581e5
[2026-04-13T08:33:50.968+0000] {taskinstance.py:2648} INFO - Exporting env vars: AIRFLOW_CTX_DAG_OWNER='weather_etl' AIRFLOW_CTX_DAG_ID='weather_etl_pipeline_v2' AIRFLOW_CTX_TASK_ID='quality_check' AIRFLOW_CTX_EXECUTION_DATE='2026-04-13T08:33:36.622670+00:00' AIRFLOW_CTX_TRY_NUMBER='1' AIRFLOW_CTX_DAG_RUN_ID='manual__2026-04-13T08:33:36.622670+00:00'
[2026-04-13T08:33:50.970+0000] {taskinstance.py:430} INFO - ::endgroup::
[2026-04-13T08:33:50.993+0000] {weather_etl_dag_v2.py:183} INFO - ============================================================
[2026-04-13T08:33:50.996+0000] {weather_etl_dag_v2.py:184} INFO - TASK: QUALITY_CHECK - Validating data quality
[2026-04-13T08:33:50.999+0000] {weather_etl_dag_v2.py:185} INFO - ============================================================
[2026-04-13T08:33:51.022+0000] {logging_mixin.py:188} WARNING - 2026-04-13 08:33:51 - scripts.validate - INFO - Starting data quality validation for 8 records
[2026-04-13T08:33:51.021+0000] {validate.py:201} INFO - Starting data quality validation for 8 records
[2026-04-13T08:33:51.026+0000] {logging_mixin.py:188} WARNING - 2026-04-13 08:33:51 - scripts.validate - INFO - Validation complete: 8 valid, 0 invalid (100.0% pass rate)
[2026-04-13T08:33:51.025+0000] {validate.py:228} INFO - Validation complete: 8 valid, 0 invalid (100.0% pass rate)
[2026-04-13T08:33:51.028+0000] {weather_etl_dag_v2.py:232} INFO - ✓ Quality check complete: 100.0% pass rate
[2026-04-13T08:33:51.062+0000] {python.py:237} INFO - Done. Returned value was: 100.0
[2026-04-13T08:33:51.065+0000] {taskinstance.py:441} INFO - ::group::Post task execution logs
[2026-04-13T08:33:51.104+0000] {taskinstance.py:1206} INFO - Marking task as SUCCESS. dag_id=weather_etl_pipeline_v2, task_id=quality_check, run_id=manual__2026-04-13T08:33:36.622670+00:00, execution_date=20260413T083336, start_date=20260413T083350, end_date=20260413T083351
[2026-04-13T08:33:51.141+0000] {local_task_job_runner.py:243} INFO - Task exited with return code 0
[2026-04-13T08:33:51.191+0000] {taskinstance.py:3503} INFO - 1 downstream tasks scheduled from follow-on schedule check
[2026-04-13T08:33:51.201+0000] {local_task_job_runner.py:222} INFO - ::endgroup::
