[2026-04-20T06:51:50.732+0000] {local_task_job_runner.py:120} INFO - ::group::Pre task execution logs
[2026-04-20T06:51:50.769+0000] {taskinstance.py:2076} INFO - Dependencies all met for dep_context=non-requeueable deps ti=<TaskInstance: weather_etl_pipeline_v2.extract manual__2026-04-20T06:51:48.405706+00:00 [queued]>
[2026-04-20T06:51:50.781+0000] {taskinstance.py:2076} INFO - Dependencies all met for dep_context=requeueable deps ti=<TaskInstance: weather_etl_pipeline_v2.extract manual__2026-04-20T06:51:48.405706+00:00 [queued]>
[2026-04-20T06:51:50.782+0000] {taskinstance.py:2306} INFO - Starting attempt 1 of 4
[2026-04-20T06:51:50.798+0000] {taskinstance.py:2330} INFO - Executing <Task(PythonOperator): extract> on 2026-04-20 06:51:48.405706+00:00
[2026-04-20T06:51:50.807+0000] {logging_mixin.py:188} WARNING - /home/airflow/.local/lib/python3.12/site-packages/airflow/task/task_runner/standard_task_runner.py:62 DeprecationWarning: This process (pid=1389) is multi-threaded, use of fork() may lead to deadlocks in the child.
[2026-04-20T06:51:50.809+0000] {standard_task_runner.py:64} INFO - Started process 1390 to run task
[2026-04-20T06:51:50.807+0000] {standard_task_runner.py:90} INFO - Running: ['airflow', 'tasks', 'run', 'weather_etl_pipeline_v2', 'extract', 'manual__2026-04-20T06:51:48.405706+00:00', '--job-id', '160', '--raw', '--subdir', 'DAGS_FOLDER/weather_etl_dag_v2.py', '--cfg-path', '/tmp/tmp5o_vgmq2']
[2026-04-20T06:51:50.810+0000] {standard_task_runner.py:91} INFO - Job 160: Subtask extract
[2026-04-20T06:51:50.881+0000] {task_command.py:426} INFO - Running <TaskInstance: weather_etl_pipeline_v2.extract manual__2026-04-20T06:51:48.405706+00:00 [running]> on host 0986b561c3e9
[2026-04-20T06:51:51.023+0000] {taskinstance.py:2648} INFO - Exporting env vars: AIRFLOW_CTX_DAG_OWNER='weather_etl' AIRFLOW_CTX_DAG_ID='weather_etl_pipeline_v2' AIRFLOW_CTX_TASK_ID='extract' AIRFLOW_CTX_EXECUTION_DATE='2026-04-20T06:51:48.405706+00:00' AIRFLOW_CTX_TRY_NUMBER='1' AIRFLOW_CTX_DAG_RUN_ID='manual__2026-04-20T06:51:48.405706+00:00'
[2026-04-20T06:51:51.025+0000] {taskinstance.py:430} INFO - ::endgroup::
[2026-04-20T06:51:51.056+0000] {weather_etl_dag_v2.py:88} INFO - ============================================================
[2026-04-20T06:51:51.060+0000] {weather_etl_dag_v2.py:89} INFO - TASK: EXTRACT — Fetching weather data from OpenWeatherMap API
[2026-04-20T06:51:51.064+0000] {weather_etl_dag_v2.py:90} INFO - ============================================================
[2026-04-20T06:51:51.076+0000] {weather_etl_dag_v2.py:109} INFO - Active cities fetched from DB: ['Ahmedabad', 'Bengaluru', 'Chennai', 'Delhi', 'Indore', 'Kolkata', 'Kota', 'Kyiv', 'Los Angeles', 'Manali', 'Mumbai', 'New York', 'Palanpur']
[2026-04-20T06:51:51.084+0000] {logging_mixin.py:188} WARNING - 2026-04-20 06:51:51 - scripts.extract - INFO - Starting extraction for cities: Ahmedabad, Bengaluru, Chennai, Delhi, Indore, Kolkata, Kota, Kyiv, Los Angeles, Manali, Mumbai, New York, Palanpur
[2026-04-20T06:51:51.083+0000] {extract.py:127} INFO - Starting extraction for cities: Ahmedabad, Bengaluru, Chennai, Delhi, Indore, Kolkata, Kota, Kyiv, Los Angeles, Manali, Mumbai, New York, Palanpur
[2026-04-20T06:51:51.086+0000] {logging_mixin.py:188} WARNING - 2026-04-20 06:51:51 - scripts.extract - INFO - Starting extraction for 13 cities
[2026-04-20T06:51:51.085+0000] {extract.py:96} INFO - Starting extraction for 13 cities
[2026-04-20T06:51:51.088+0000] {logging_mixin.py:188} WARNING - 2026-04-20 06:51:51 - scripts.extract - INFO - Fetching weather data for Ahmedabad (attempt 1/3)
[2026-04-20T06:51:51.087+0000] {extract.py:47} INFO - Fetching weather data for Ahmedabad (attempt 1/3)
[2026-04-20T06:51:51.262+0000] {logging_mixin.py:188} WARNING - 2026-04-20 06:51:51 - scripts.extract - INFO - Successfully fetched data for Ahmedabad
[2026-04-20T06:51:51.261+0000] {extract.py:53} INFO - Successfully fetched data for Ahmedabad
[2026-04-20T06:51:51.267+0000] {logging_mixin.py:188} WARNING - 2026-04-20 06:51:51 - scripts.extract - INFO - Fetching weather data for Bengaluru (attempt 1/3)
[2026-04-20T06:51:51.266+0000] {extract.py:47} INFO - Fetching weather data for Bengaluru (attempt 1/3)
[2026-04-20T06:51:51.433+0000] {logging_mixin.py:188} WARNING - 2026-04-20 06:51:51 - scripts.extract - INFO - Successfully fetched data for Bengaluru
[2026-04-20T06:51:51.432+0000] {extract.py:53} INFO - Successfully fetched data for Bengaluru
[2026-04-20T06:51:51.437+0000] {logging_mixin.py:188} WARNING - 2026-04-20 06:51:51 - scripts.extract - INFO - Fetching weather data for Chennai (attempt 1/3)
[2026-04-20T06:51:51.436+0000] {extract.py:47} INFO - Fetching weather data for Chennai (attempt 1/3)
[2026-04-20T06:51:51.604+0000] {logging_mixin.py:188} WARNING - 2026-04-20 06:51:51 - scripts.extract - INFO - Successfully fetched data for Chennai
[2026-04-20T06:51:51.602+0000] {extract.py:53} INFO - Successfully fetched data for Chennai
[2026-04-20T06:51:51.607+0000] {logging_mixin.py:188} WARNING - 2026-04-20 06:51:51 - scripts.extract - INFO - Fetching weather data for Delhi (attempt 1/3)
[2026-04-20T06:51:51.606+0000] {extract.py:47} INFO - Fetching weather data for Delhi (attempt 1/3)
[2026-04-20T06:51:51.764+0000] {logging_mixin.py:188} WARNING - 2026-04-20 06:51:51 - scripts.extract - INFO - Successfully fetched data for Delhi
[2026-04-20T06:51:51.763+0000] {extract.py:53} INFO - Successfully fetched data for Delhi
[2026-04-20T06:51:51.767+0000] {logging_mixin.py:188} WARNING - 2026-04-20 06:51:51 - scripts.extract - INFO - Fetching weather data for Indore (attempt 1/3)
[2026-04-20T06:51:51.767+0000] {extract.py:47} INFO - Fetching weather data for Indore (attempt 1/3)
[2026-04-20T06:51:51.936+0000] {logging_mixin.py:188} WARNING - 2026-04-20 06:51:51 - scripts.extract - INFO - Successfully fetched data for Indore
[2026-04-20T06:51:51.935+0000] {extract.py:53} INFO - Successfully fetched data for Indore
[2026-04-20T06:51:51.941+0000] {logging_mixin.py:188} WARNING - 2026-04-20 06:51:51 - scripts.extract - INFO - Fetching weather data for Kolkata (attempt 1/3)
[2026-04-20T06:51:51.940+0000] {extract.py:47} INFO - Fetching weather data for Kolkata (attempt 1/3)
[2026-04-20T06:51:52.091+0000] {logging_mixin.py:188} WARNING - 2026-04-20 06:51:52 - scripts.extract - INFO - Successfully fetched data for Kolkata
[2026-04-20T06:51:52.090+0000] {extract.py:53} INFO - Successfully fetched data for Kolkata
[2026-04-20T06:51:52.095+0000] {logging_mixin.py:188} WARNING - 2026-04-20 06:51:52 - scripts.extract - INFO - Fetching weather data for Kota (attempt 1/3)
[2026-04-20T06:51:52.094+0000] {extract.py:47} INFO - Fetching weather data for Kota (attempt 1/3)
[2026-04-20T06:51:52.246+0000] {logging_mixin.py:188} WARNING - 2026-04-20 06:51:52 - scripts.extract - INFO - Successfully fetched data for Kota
[2026-04-20T06:51:52.245+0000] {extract.py:53} INFO - Successfully fetched data for Kota
[2026-04-20T06:51:52.249+0000] {logging_mixin.py:188} WARNING - 2026-04-20 06:51:52 - scripts.extract - INFO - Fetching weather data for Kyiv (attempt 1/3)
[2026-04-20T06:51:52.249+0000] {extract.py:47} INFO - Fetching weather data for Kyiv (attempt 1/3)
[2026-04-20T06:51:52.402+0000] {logging_mixin.py:188} WARNING - 2026-04-20 06:51:52 - scripts.extract - INFO - Successfully fetched data for Kyiv
[2026-04-20T06:51:52.401+0000] {extract.py:53} INFO - Successfully fetched data for Kyiv
[2026-04-20T06:51:52.405+0000] {logging_mixin.py:188} WARNING - 2026-04-20 06:51:52 - scripts.extract - INFO - Fetching weather data for Los Angeles (attempt 1/3)
[2026-04-20T06:51:52.404+0000] {extract.py:47} INFO - Fetching weather data for Los Angeles (attempt 1/3)
[2026-04-20T06:51:52.557+0000] {logging_mixin.py:188} WARNING - 2026-04-20 06:51:52 - scripts.extract - INFO - Successfully fetched data for Los Angeles
[2026-04-20T06:51:52.555+0000] {extract.py:53} INFO - Successfully fetched data for Los Angeles
[2026-04-20T06:51:52.562+0000] {logging_mixin.py:188} WARNING - 2026-04-20 06:51:52 - scripts.extract - INFO - Fetching weather data for Manali (attempt 1/3)
[2026-04-20T06:51:52.559+0000] {extract.py:47} INFO - Fetching weather data for Manali (attempt 1/3)
[2026-04-20T06:51:52.735+0000] {logging_mixin.py:188} WARNING - 2026-04-20 06:51:52 - scripts.extract - INFO - Successfully fetched data for Manali
[2026-04-20T06:51:52.734+0000] {extract.py:53} INFO - Successfully fetched data for Manali
[2026-04-20T06:51:52.738+0000] {logging_mixin.py:188} WARNING - 2026-04-20 06:51:52 - scripts.extract - INFO - Fetching weather data for Mumbai (attempt 1/3)
[2026-04-20T06:51:52.737+0000] {extract.py:47} INFO - Fetching weather data for Mumbai (attempt 1/3)
[2026-04-20T06:51:52.904+0000] {logging_mixin.py:188} WARNING - 2026-04-20 06:51:52 - scripts.extract - INFO - Successfully fetched data for Mumbai
[2026-04-20T06:51:52.903+0000] {extract.py:53} INFO - Successfully fetched data for Mumbai
[2026-04-20T06:51:52.909+0000] {logging_mixin.py:188} WARNING - 2026-04-20 06:51:52 - scripts.extract - INFO - Fetching weather data for New York (attempt 1/3)
[2026-04-20T06:51:52.908+0000] {extract.py:47} INFO - Fetching weather data for New York (attempt 1/3)
[2026-04-20T06:51:53.071+0000] {logging_mixin.py:188} WARNING - 2026-04-20 06:51:53 - scripts.extract - INFO - Successfully fetched data for New York
[2026-04-20T06:51:53.070+0000] {extract.py:53} INFO - Successfully fetched data for New York
[2026-04-20T06:51:53.077+0000] {logging_mixin.py:188} WARNING - 2026-04-20 06:51:53 - scripts.extract - INFO - Fetching weather data for Palanpur (attempt 1/3)
[2026-04-20T06:51:53.075+0000] {extract.py:47} INFO - Fetching weather data for Palanpur (attempt 1/3)
[2026-04-20T06:51:53.236+0000] {logging_mixin.py:188} WARNING - 2026-04-20 06:51:53 - scripts.extract - INFO - Successfully fetched data for Palanpur
[2026-04-20T06:51:53.235+0000] {extract.py:53} INFO - Successfully fetched data for Palanpur
[2026-04-20T06:51:53.239+0000] {logging_mixin.py:188} WARNING - 2026-04-20 06:51:53 - scripts.extract - INFO - Extraction complete: 13 successful, 0 failed
[2026-04-20T06:51:53.238+0000] {extract.py:114} INFO - Extraction complete: 13 successful, 0 failed
[2026-04-20T06:51:53.242+0000] {logging_mixin.py:188} WARNING - 2026-04-20 06:51:53 - scripts.extract - INFO - Extracted 13 weather records
[2026-04-20T06:51:53.241+0000] {extract.py:131} INFO - Extracted 13 weather records
[2026-04-20T06:51:53.270+0000] {weather_etl_dag_v2.py:117} INFO - ✓ Extraction complete: 13 records for 13 cities in 2.2s
[2026-04-20T06:51:53.272+0000] {python.py:237} INFO - Done. Returned value was: 13
[2026-04-20T06:51:53.272+0000] {taskinstance.py:441} INFO - ::group::Post task execution logs
[2026-04-20T06:51:53.305+0000] {taskinstance.py:1206} INFO - Marking task as SUCCESS. dag_id=weather_etl_pipeline_v2, task_id=extract, run_id=manual__2026-04-20T06:51:48.405706+00:00, execution_date=20260420T065148, start_date=20260420T065150, end_date=20260420T065153
[2026-04-20T06:51:53.363+0000] {local_task_job_runner.py:243} INFO - Task exited with return code 0
[2026-04-20T06:51:53.400+0000] {taskinstance.py:3503} INFO - 1 downstream tasks scheduled from follow-on schedule check
[2026-04-20T06:51:53.404+0000] {local_task_job_runner.py:222} INFO - ::endgroup::
