[2026-04-16T06:00:04.742+0000] {local_task_job_runner.py:120} INFO - ::group::Pre task execution logs
[2026-04-16T06:00:04.777+0000] {taskinstance.py:2076} INFO - Dependencies all met for dep_context=non-requeueable deps ti=<TaskInstance: weather_etl_pipeline_v2.update_metadata_failure manual__2026-04-16T05:57:00+00:00 [queued]>
[2026-04-16T06:00:04.787+0000] {taskinstance.py:2076} INFO - Dependencies all met for dep_context=requeueable deps ti=<TaskInstance: weather_etl_pipeline_v2.update_metadata_failure manual__2026-04-16T05:57:00+00:00 [queued]>
[2026-04-16T06:00:04.789+0000] {taskinstance.py:2306} INFO - Starting attempt 1 of 4
[2026-04-16T06:00:04.805+0000] {taskinstance.py:2330} INFO - Executing <Task(PythonOperator): update_metadata_failure> on 2026-04-16 05:57:00+00:00
[2026-04-16T06:00:04.811+0000] {logging_mixin.py:188} WARNING - /home/airflow/.local/lib/python3.12/site-packages/airflow/task/task_runner/standard_task_runner.py:62 DeprecationWarning: This process (pid=428) is multi-threaded, use of fork() may lead to deadlocks in the child.
[2026-04-16T06:00:04.812+0000] {standard_task_runner.py:64} INFO - Started process 429 to run task
[2026-04-16T06:00:04.811+0000] {standard_task_runner.py:90} INFO - Running: ['airflow', 'tasks', 'run', 'weather_etl_pipeline_v2', 'update_metadata_failure', 'manual__2026-04-16T05:57:00+00:00', '--job-id', '9', '--raw', '--subdir', 'DAGS_FOLDER/weather_etl_dag_v2.py', '--cfg-path', '/tmp/tmphchz0hh_']
[2026-04-16T06:00:04.813+0000] {standard_task_runner.py:91} INFO - Job 9: Subtask update_metadata_failure
[2026-04-16T06:00:04.877+0000] {task_command.py:426} INFO - Running <TaskInstance: weather_etl_pipeline_v2.update_metadata_failure manual__2026-04-16T05:57:00+00:00 [running]> on host cf9362e38fb8
[2026-04-16T06:00:04.970+0000] {taskinstance.py:2648} INFO - Exporting env vars: AIRFLOW_CTX_DAG_OWNER='weather_etl' AIRFLOW_CTX_DAG_ID='weather_etl_pipeline_v2' AIRFLOW_CTX_TASK_ID='update_metadata_failure' AIRFLOW_CTX_EXECUTION_DATE='2026-04-16T05:57:00+00:00' AIRFLOW_CTX_TRY_NUMBER='1' AIRFLOW_CTX_DAG_RUN_ID='manual__2026-04-16T05:57:00+00:00'
[2026-04-16T06:00:04.971+0000] {taskinstance.py:430} INFO - ::endgroup::
[2026-04-16T06:00:04.984+0000] {weather_etl_dag_v2.py:360} INFO - ============================================================
[2026-04-16T06:00:04.986+0000] {weather_etl_dag_v2.py:361} INFO - TASK: UPDATE_METADATA_FAILURE — Recording pipeline failure
[2026-04-16T06:00:04.987+0000] {weather_etl_dag_v2.py:362} INFO - ============================================================
[2026-04-16T06:00:05.019+0000] {logging_mixin.py:188} WARNING - 2026-04-16 06:00:05 - scripts.metadata_manager - INFO - Successfully connected to PostgreSQL database
[2026-04-16T06:00:05.018+0000] {metadata_manager.py:38} INFO - Successfully connected to PostgreSQL database
[2026-04-16T06:00:05.028+0000] {logging_mixin.py:188} WARNING - 2026-04-16 06:00:05 - scripts.metadata_manager - INFO - Table 'pipeline_metadata' created or already exists
[2026-04-16T06:00:05.028+0000] {metadata_manager.py:92} INFO - Table 'pipeline_metadata' created or already exists
[2026-04-16T06:00:05.033+0000] {logging_mixin.py:188} WARNING - 2026-04-16 06:00:05 - scripts.metadata_manager - INFO - Pipeline weather_etl_pipeline_v2 marked as FAILED: 0 processed, 0 inserted, 0 failed
[2026-04-16T06:00:05.032+0000] {metadata_manager.py:241} INFO - Pipeline weather_etl_pipeline_v2 marked as FAILED: 0 processed, 0 inserted, 0 failed
[2026-04-16T06:00:05.036+0000] {logging_mixin.py:188} WARNING - 2026-04-16 06:00:05 - scripts.metadata_manager - INFO - Database connection closed
[2026-04-16T06:00:05.035+0000] {metadata_manager.py:53} INFO - Database connection closed
[2026-04-16T06:00:05.037+0000] {weather_etl_dag_v2.py:376} WARNING - ✗ Pipeline marked as FAILED — error: Unknown error
[2026-04-16T06:00:05.039+0000] {python.py:237} INFO - Done. Returned value was: True
[2026-04-16T06:00:05.040+0000] {taskinstance.py:441} INFO - ::group::Post task execution logs
[2026-04-16T06:00:05.072+0000] {taskinstance.py:1206} INFO - Marking task as SUCCESS. dag_id=weather_etl_pipeline_v2, task_id=update_metadata_failure, run_id=manual__2026-04-16T05:57:00+00:00, execution_date=20260416T055700, start_date=20260416T060004, end_date=20260416T060005
[2026-04-16T06:00:05.107+0000] {local_task_job_runner.py:243} INFO - Task exited with return code 0
[2026-04-16T06:00:05.135+0000] {taskinstance.py:3503} INFO - 0 downstream tasks scheduled from follow-on schedule check
[2026-04-16T06:00:05.140+0000] {local_task_job_runner.py:222} INFO - ::endgroup::
