[2026-04-11T11:42:50.969+0000] {local_task_job_runner.py:120} INFO - ::group::Pre task execution logs
[2026-04-11T11:42:51.017+0000] {taskinstance.py:2076} INFO - Dependencies all met for dep_context=non-requeueable deps ti=<TaskInstance: weather_etl_pipeline_v2.extract manual__2026-04-11T11:42:45+00:00 [queued]>
[2026-04-11T11:42:51.030+0000] {taskinstance.py:2076} INFO - Dependencies all met for dep_context=requeueable deps ti=<TaskInstance: weather_etl_pipeline_v2.extract manual__2026-04-11T11:42:45+00:00 [queued]>
[2026-04-11T11:42:51.032+0000] {taskinstance.py:2306} INFO - Starting attempt 1 of 4
[2026-04-11T11:42:51.050+0000] {taskinstance.py:2330} INFO - Executing <Task(PythonOperator): extract> on 2026-04-11 11:42:45+00:00
[2026-04-11T11:42:51.062+0000] {standard_task_runner.py:90} INFO - Running: ['airflow', 'tasks', 'run', 'weather_etl_pipeline_v2', 'extract', 'manual__2026-04-11T11:42:45+00:00', '--job-id', '130', '--raw', '--subdir', 'DAGS_FOLDER/weather_etl_dag_v2.py', '--cfg-path', '/tmp/tmp1qszu_d4']
[2026-04-11T11:42:51.069+0000] {standard_task_runner.py:91} INFO - Job 130: Subtask extract
[2026-04-11T11:42:51.072+0000] {logging_mixin.py:188} WARNING - /home/airflow/.local/lib/python3.12/site-packages/airflow/task/task_runner/standard_task_runner.py:62 DeprecationWarning: This process (pid=180) is multi-threaded, use of fork() may lead to deadlocks in the child.
[2026-04-11T11:42:51.074+0000] {standard_task_runner.py:64} INFO - Started process 181 to run task
[2026-04-11T11:42:51.209+0000] {task_command.py:426} INFO - Running <TaskInstance: weather_etl_pipeline_v2.extract manual__2026-04-11T11:42:45+00:00 [running]> on host 9514c60f7b76
[2026-04-11T11:42:51.389+0000] {taskinstance.py:2648} INFO - Exporting env vars: AIRFLOW_CTX_DAG_OWNER='weather_etl' AIRFLOW_CTX_DAG_ID='weather_etl_pipeline_v2' AIRFLOW_CTX_TASK_ID='extract' AIRFLOW_CTX_EXECUTION_DATE='2026-04-11T11:42:45+00:00' AIRFLOW_CTX_TRY_NUMBER='1' AIRFLOW_CTX_DAG_RUN_ID='manual__2026-04-11T11:42:45+00:00'
[2026-04-11T11:42:51.390+0000] {taskinstance.py:430} INFO - ::endgroup::
[2026-04-11T11:42:51.407+0000] {weather_etl_dag_v2.py:66} INFO - ============================================================
[2026-04-11T11:42:51.409+0000] {weather_etl_dag_v2.py:67} INFO - TASK: EXTRACT - Fetching weather data from API
[2026-04-11T11:42:51.410+0000] {weather_etl_dag_v2.py:68} INFO - ============================================================
[2026-04-11T11:42:51.418+0000] {logging_mixin.py:188} WARNING - 2026-04-11 11:42:51 - scripts.extract - INFO - Starting extraction for cities: Ahmedabad, Mumbai, Delhi, Bangalore, Chennai
[2026-04-11T11:42:51.417+0000] {extract.py:126} INFO - Starting extraction for cities: Ahmedabad, Mumbai, Delhi, Bangalore, Chennai
[2026-04-11T11:42:51.421+0000] {logging_mixin.py:188} WARNING - 2026-04-11 11:42:51 - scripts.extract - INFO - Starting extraction for 5 cities
[2026-04-11T11:42:51.421+0000] {extract.py:96} INFO - Starting extraction for 5 cities
[2026-04-11T11:42:51.424+0000] {logging_mixin.py:188} WARNING - 2026-04-11 11:42:51 - scripts.extract - INFO - Fetching weather data for Ahmedabad (attempt 1/3)
[2026-04-11T11:42:51.423+0000] {extract.py:47} INFO - Fetching weather data for Ahmedabad (attempt 1/3)
[2026-04-11T11:42:51.647+0000] {logging_mixin.py:188} WARNING - 2026-04-11 11:42:51 - scripts.extract - INFO - Successfully fetched data for Ahmedabad
[2026-04-11T11:42:51.646+0000] {extract.py:53} INFO - Successfully fetched data for Ahmedabad
[2026-04-11T11:42:51.651+0000] {logging_mixin.py:188} WARNING - 2026-04-11 11:42:51 - scripts.extract - INFO - Fetching weather data for Mumbai (attempt 1/3)
[2026-04-11T11:42:51.650+0000] {extract.py:47} INFO - Fetching weather data for Mumbai (attempt 1/3)
[2026-04-11T11:42:51.803+0000] {logging_mixin.py:188} WARNING - 2026-04-11 11:42:51 - scripts.extract - INFO - Successfully fetched data for Mumbai
[2026-04-11T11:42:51.801+0000] {extract.py:53} INFO - Successfully fetched data for Mumbai
[2026-04-11T11:42:51.807+0000] {logging_mixin.py:188} WARNING - 2026-04-11 11:42:51 - scripts.extract - INFO - Fetching weather data for Delhi (attempt 1/3)
[2026-04-11T11:42:51.806+0000] {extract.py:47} INFO - Fetching weather data for Delhi (attempt 1/3)
[2026-04-11T11:42:51.967+0000] {logging_mixin.py:188} WARNING - 2026-04-11 11:42:51 - scripts.extract - INFO - Successfully fetched data for Delhi
[2026-04-11T11:42:51.966+0000] {extract.py:53} INFO - Successfully fetched data for Delhi
[2026-04-11T11:42:51.973+0000] {logging_mixin.py:188} WARNING - 2026-04-11 11:42:51 - scripts.extract - INFO - Fetching weather data for Bangalore (attempt 1/3)
[2026-04-11T11:42:51.971+0000] {extract.py:47} INFO - Fetching weather data for Bangalore (attempt 1/3)
[2026-04-11T11:42:52.124+0000] {logging_mixin.py:188} WARNING - 2026-04-11 11:42:52 - scripts.extract - INFO - Successfully fetched data for Bangalore
[2026-04-11T11:42:52.121+0000] {extract.py:53} INFO - Successfully fetched data for Bangalore
[2026-04-11T11:42:52.130+0000] {logging_mixin.py:188} WARNING - 2026-04-11 11:42:52 - scripts.extract - INFO - Fetching weather data for Chennai (attempt 1/3)
[2026-04-11T11:42:52.129+0000] {extract.py:47} INFO - Fetching weather data for Chennai (attempt 1/3)
[2026-04-11T11:42:52.287+0000] {logging_mixin.py:188} WARNING - 2026-04-11 11:42:52 - scripts.extract - INFO - Successfully fetched data for Chennai
[2026-04-11T11:42:52.286+0000] {extract.py:53} INFO - Successfully fetched data for Chennai
[2026-04-11T11:42:52.290+0000] {logging_mixin.py:188} WARNING - 2026-04-11 11:42:52 - scripts.extract - INFO - Extraction complete: 5 successful, 0 failed
[2026-04-11T11:42:52.289+0000] {extract.py:113} INFO - Extraction complete: 5 successful, 0 failed
[2026-04-11T11:42:52.292+0000] {logging_mixin.py:188} WARNING - 2026-04-11 11:42:52 - scripts.extract - INFO - Extracted 5 weather records
[2026-04-11T11:42:52.292+0000] {extract.py:130} INFO - Extracted 5 weather records
[2026-04-11T11:42:52.318+0000] {weather_etl_dag_v2.py:77} INFO - ✓ Extraction complete: 5 records fetched
[2026-04-11T11:42:52.320+0000] {python.py:237} INFO - Done. Returned value was: 5
[2026-04-11T11:42:52.321+0000] {taskinstance.py:441} INFO - ::group::Post task execution logs
[2026-04-11T11:42:52.356+0000] {taskinstance.py:1206} INFO - Marking task as SUCCESS. dag_id=weather_etl_pipeline_v2, task_id=extract, run_id=manual__2026-04-11T11:42:45+00:00, execution_date=20260411T114245, start_date=20260411T114251, end_date=20260411T114252
[2026-04-11T11:42:52.379+0000] {local_task_job_runner.py:243} INFO - Task exited with return code 0
[2026-04-11T11:42:52.413+0000] {taskinstance.py:3503} INFO - 1 downstream tasks scheduled from follow-on schedule check
[2026-04-11T11:42:52.415+0000] {local_task_job_runner.py:222} INFO - ::endgroup::
