[2026-04-18T05:42:48.036+0000] {local_task_job_runner.py:120} INFO - ::group::Pre task execution logs
[2026-04-18T05:42:48.072+0000] {taskinstance.py:2076} INFO - Dependencies all met for dep_context=non-requeueable deps ti=<TaskInstance: weather_etl_pipeline_v2.update_metadata_success scheduled__2026-04-17T02:00:00+00:00 [queued]>
[2026-04-18T05:42:48.081+0000] {taskinstance.py:2076} INFO - Dependencies all met for dep_context=requeueable deps ti=<TaskInstance: weather_etl_pipeline_v2.update_metadata_success scheduled__2026-04-17T02:00:00+00:00 [queued]>
[2026-04-18T05:42:48.082+0000] {taskinstance.py:2306} INFO - Starting attempt 1 of 4
[2026-04-18T05:42:48.099+0000] {taskinstance.py:2330} INFO - Executing <Task(PythonOperator): update_metadata_success> on 2026-04-17 02:00:00+00:00
[2026-04-18T05:42:48.108+0000] {logging_mixin.py:188} WARNING - /home/airflow/.local/lib/python3.12/site-packages/airflow/task/task_runner/standard_task_runner.py:62 DeprecationWarning: This process (pid=204) is multi-threaded, use of fork() may lead to deadlocks in the child.
[2026-04-18T05:42:48.108+0000] {standard_task_runner.py:90} INFO - Running: ['airflow', 'tasks', 'run', 'weather_etl_pipeline_v2', 'update_metadata_success', 'scheduled__2026-04-17T02:00:00+00:00', '--job-id', '143', '--raw', '--subdir', 'DAGS_FOLDER/weather_etl_dag_v2.py', '--cfg-path', '/tmp/tmpis6i4xqo']
[2026-04-18T05:42:48.110+0000] {standard_task_runner.py:64} INFO - Started process 205 to run task
[2026-04-18T05:42:48.110+0000] {standard_task_runner.py:91} INFO - Job 143: Subtask update_metadata_success
[2026-04-18T05:42:48.163+0000] {task_command.py:426} INFO - Running <TaskInstance: weather_etl_pipeline_v2.update_metadata_success scheduled__2026-04-17T02:00:00+00:00 [running]> on host fe407dbe3293
[2026-04-18T05:42:48.273+0000] {taskinstance.py:2648} INFO - Exporting env vars: AIRFLOW_CTX_DAG_OWNER='weather_etl' AIRFLOW_CTX_DAG_ID='weather_etl_pipeline_v2' AIRFLOW_CTX_TASK_ID='update_metadata_success' AIRFLOW_CTX_EXECUTION_DATE='2026-04-17T02:00:00+00:00' AIRFLOW_CTX_TRY_NUMBER='1' AIRFLOW_CTX_DAG_RUN_ID='scheduled__2026-04-17T02:00:00+00:00'
[2026-04-18T05:42:48.275+0000] {taskinstance.py:430} INFO - ::endgroup::
[2026-04-18T05:42:48.288+0000] {weather_etl_dag_v2.py:316} INFO - ============================================================
[2026-04-18T05:42:48.290+0000] {weather_etl_dag_v2.py:317} INFO - TASK: UPDATE_METADATA_SUCCESS — Recording successful pipeline run
[2026-04-18T05:42:48.292+0000] {weather_etl_dag_v2.py:318} INFO - ============================================================
[2026-04-18T05:42:48.355+0000] {logging_mixin.py:188} WARNING - 2026-04-18 05:42:48 - scripts.metadata_manager - INFO - Successfully connected to PostgreSQL database
[2026-04-18T05:42:48.354+0000] {metadata_manager.py:38} INFO - Successfully connected to PostgreSQL database
[2026-04-18T05:42:48.364+0000] {logging_mixin.py:188} WARNING - 2026-04-18 05:42:48 - scripts.metadata_manager - INFO - Table 'pipeline_metadata' created or already exists
[2026-04-18T05:42:48.363+0000] {metadata_manager.py:92} INFO - Table 'pipeline_metadata' created or already exists
[2026-04-18T05:42:48.373+0000] {logging_mixin.py:188} WARNING - 2026-04-18 05:42:48 - scripts.metadata_manager - INFO - Pipeline weather_etl_pipeline_v2 marked as SUCCESS: 11 processed, 147 inserted, 0 failed
[2026-04-18T05:42:48.372+0000] {metadata_manager.py:241} INFO - Pipeline weather_etl_pipeline_v2 marked as SUCCESS: 11 processed, 147 inserted, 0 failed
[2026-04-18T05:42:48.376+0000] {logging_mixin.py:188} WARNING - 2026-04-18 05:42:48 - scripts.metadata_manager - INFO - Database connection closed
[2026-04-18T05:42:48.376+0000] {metadata_manager.py:53} INFO - Database connection closed
[2026-04-18T05:42:48.378+0000] {weather_etl_dag_v2.py:338} INFO - ✓ Pipeline marked as SUCCESS
[2026-04-18T05:42:48.379+0000] {weather_etl_dag_v2.py:339} INFO -   Records extracted  : 11
[2026-04-18T05:42:48.380+0000] {weather_etl_dag_v2.py:340} INFO -   Records inserted   : 147
[2026-04-18T05:42:48.381+0000] {weather_etl_dag_v2.py:341} INFO -   Records failed     : 0
[2026-04-18T05:42:48.383+0000] {weather_etl_dag_v2.py:342} INFO -   Validation rate    : 100.0%
[2026-04-18T05:42:48.384+0000] {weather_etl_dag_v2.py:343} INFO -   Agg rows upserted  : 11
[2026-04-18T05:42:48.385+0000] {python.py:237} INFO - Done. Returned value was: True
[2026-04-18T05:42:48.386+0000] {taskinstance.py:441} INFO - ::group::Post task execution logs
[2026-04-18T05:42:48.423+0000] {taskinstance.py:1206} INFO - Marking task as SUCCESS. dag_id=weather_etl_pipeline_v2, task_id=update_metadata_success, run_id=scheduled__2026-04-17T02:00:00+00:00, execution_date=20260417T020000, start_date=20260418T054248, end_date=20260418T054248
[2026-04-18T05:42:48.487+0000] {local_task_job_runner.py:243} INFO - Task exited with return code 0
[2026-04-18T05:42:48.518+0000] {taskinstance.py:3503} INFO - 0 downstream tasks scheduled from follow-on schedule check
[2026-04-18T05:42:48.522+0000] {local_task_job_runner.py:222} INFO - ::endgroup::
