[2026-04-16T05:52:58.409+0000] {local_task_job_runner.py:120} INFO - ::group::Pre task execution logs
[2026-04-16T05:52:58.450+0000] {taskinstance.py:2076} INFO - Dependencies all met for dep_context=non-requeueable deps ti=<TaskInstance: weather_etl_pipeline_v2.extract scheduled__2026-04-15T02:00:00+00:00 [queued]>
[2026-04-16T05:52:58.461+0000] {taskinstance.py:2076} INFO - Dependencies all met for dep_context=requeueable deps ti=<TaskInstance: weather_etl_pipeline_v2.extract scheduled__2026-04-15T02:00:00+00:00 [queued]>
[2026-04-16T05:52:58.463+0000] {taskinstance.py:2306} INFO - Starting attempt 1 of 4
[2026-04-16T05:52:58.478+0000] {taskinstance.py:2330} INFO - Executing <Task(PythonOperator): extract> on 2026-04-15 02:00:00+00:00
[2026-04-16T05:52:58.488+0000] {logging_mixin.py:188} WARNING - /home/airflow/.local/lib/python3.12/site-packages/airflow/task/task_runner/standard_task_runner.py:62 DeprecationWarning: This process (pid=195) is multi-threaded, use of fork() may lead to deadlocks in the child.
[2026-04-16T05:52:58.487+0000] {standard_task_runner.py:90} INFO - Running: ['airflow', 'tasks', 'run', 'weather_etl_pipeline_v2', 'extract', 'scheduled__2026-04-15T02:00:00+00:00', '--job-id', '275', '--raw', '--subdir', 'DAGS_FOLDER/weather_etl_dag_v2.py', '--cfg-path', '/tmp/tmpbebelgdw']
[2026-04-16T05:52:58.490+0000] {standard_task_runner.py:64} INFO - Started process 196 to run task
[2026-04-16T05:52:58.490+0000] {standard_task_runner.py:91} INFO - Job 275: Subtask extract
[2026-04-16T05:52:58.553+0000] {task_command.py:426} INFO - Running <TaskInstance: weather_etl_pipeline_v2.extract scheduled__2026-04-15T02:00:00+00:00 [running]> on host c46c29a8ca21
[2026-04-16T05:52:58.651+0000] {taskinstance.py:2648} INFO - Exporting env vars: AIRFLOW_CTX_DAG_OWNER='weather_etl' AIRFLOW_CTX_DAG_ID='weather_etl_pipeline_v2' AIRFLOW_CTX_TASK_ID='extract' AIRFLOW_CTX_EXECUTION_DATE='2026-04-15T02:00:00+00:00' AIRFLOW_CTX_TRY_NUMBER='1' AIRFLOW_CTX_DAG_RUN_ID='scheduled__2026-04-15T02:00:00+00:00'
[2026-04-16T05:52:58.654+0000] {taskinstance.py:430} INFO - ::endgroup::
[2026-04-16T05:52:58.674+0000] {weather_etl_dag_v2.py:91} INFO - ============================================================
[2026-04-16T05:52:58.676+0000] {weather_etl_dag_v2.py:92} INFO - TASK: EXTRACT — Fetching weather data from OpenWeatherMap API
[2026-04-16T05:52:58.679+0000] {weather_etl_dag_v2.py:93} INFO - ============================================================
[2026-04-16T05:52:58.691+0000] {weather_etl_dag_v2.py:112} INFO - Active cities fetched from DB: ['Ahmedabad', 'Amsterdam', 'Chicago', 'Mumbai', 'New York', 'Surat']
[2026-04-16T05:52:58.700+0000] {logging_mixin.py:188} WARNING - 2026-04-16 05:52:58 - scripts.extract - INFO - Starting extraction for cities: Ahmedabad, Amsterdam, Chicago, Mumbai, New York, Surat
[2026-04-16T05:52:58.699+0000] {extract.py:126} INFO - Starting extraction for cities: Ahmedabad, Amsterdam, Chicago, Mumbai, New York, Surat
[2026-04-16T05:52:58.701+0000] {logging_mixin.py:188} WARNING - 2026-04-16 05:52:58 - scripts.extract - INFO - Starting extraction for 6 cities
[2026-04-16T05:52:58.701+0000] {extract.py:96} INFO - Starting extraction for 6 cities
[2026-04-16T05:52:58.704+0000] {logging_mixin.py:188} WARNING - 2026-04-16 05:52:58 - scripts.extract - INFO - Fetching weather data for Ahmedabad (attempt 1/3)
[2026-04-16T05:52:58.703+0000] {extract.py:47} INFO - Fetching weather data for Ahmedabad (attempt 1/3)
[2026-04-16T05:52:58.977+0000] {logging_mixin.py:188} WARNING - 2026-04-16 05:52:58 - scripts.extract - INFO - Successfully fetched data for Ahmedabad
[2026-04-16T05:52:58.976+0000] {extract.py:53} INFO - Successfully fetched data for Ahmedabad
[2026-04-16T05:52:58.982+0000] {logging_mixin.py:188} WARNING - 2026-04-16 05:52:58 - scripts.extract - INFO - Fetching weather data for Amsterdam (attempt 1/3)
[2026-04-16T05:52:58.980+0000] {extract.py:47} INFO - Fetching weather data for Amsterdam (attempt 1/3)
[2026-04-16T05:52:59.180+0000] {logging_mixin.py:188} WARNING - 2026-04-16 05:52:59 - scripts.extract - INFO - Successfully fetched data for Amsterdam
[2026-04-16T05:52:59.179+0000] {extract.py:53} INFO - Successfully fetched data for Amsterdam
[2026-04-16T05:52:59.185+0000] {logging_mixin.py:188} WARNING - 2026-04-16 05:52:59 - scripts.extract - INFO - Fetching weather data for Chicago (attempt 1/3)
[2026-04-16T05:52:59.184+0000] {extract.py:47} INFO - Fetching weather data for Chicago (attempt 1/3)
[2026-04-16T05:52:59.394+0000] {logging_mixin.py:188} WARNING - 2026-04-16 05:52:59 - scripts.extract - INFO - Successfully fetched data for Chicago
[2026-04-16T05:52:59.393+0000] {extract.py:53} INFO - Successfully fetched data for Chicago
[2026-04-16T05:52:59.399+0000] {logging_mixin.py:188} WARNING - 2026-04-16 05:52:59 - scripts.extract - INFO - Fetching weather data for Mumbai (attempt 1/3)
[2026-04-16T05:52:59.397+0000] {extract.py:47} INFO - Fetching weather data for Mumbai (attempt 1/3)
[2026-04-16T05:52:59.592+0000] {logging_mixin.py:188} WARNING - 2026-04-16 05:52:59 - scripts.extract - INFO - Successfully fetched data for Mumbai
[2026-04-16T05:52:59.591+0000] {extract.py:53} INFO - Successfully fetched data for Mumbai
[2026-04-16T05:52:59.594+0000] {logging_mixin.py:188} WARNING - 2026-04-16 05:52:59 - scripts.extract - INFO - Fetching weather data for New York (attempt 1/3)
[2026-04-16T05:52:59.593+0000] {extract.py:47} INFO - Fetching weather data for New York (attempt 1/3)
[2026-04-16T05:52:59.791+0000] {logging_mixin.py:188} WARNING - 2026-04-16 05:52:59 - scripts.extract - INFO - Successfully fetched data for New York
[2026-04-16T05:52:59.790+0000] {extract.py:53} INFO - Successfully fetched data for New York
[2026-04-16T05:52:59.797+0000] {logging_mixin.py:188} WARNING - 2026-04-16 05:52:59 - scripts.extract - INFO - Fetching weather data for Surat (attempt 1/3)
[2026-04-16T05:52:59.796+0000] {extract.py:47} INFO - Fetching weather data for Surat (attempt 1/3)
[2026-04-16T05:52:59.984+0000] {logging_mixin.py:188} WARNING - 2026-04-16 05:52:59 - scripts.extract - INFO - Successfully fetched data for Surat
[2026-04-16T05:52:59.984+0000] {extract.py:53} INFO - Successfully fetched data for Surat
[2026-04-16T05:52:59.988+0000] {logging_mixin.py:188} WARNING - 2026-04-16 05:52:59 - scripts.extract - INFO - Extraction complete: 6 successful, 0 failed
[2026-04-16T05:52:59.986+0000] {extract.py:113} INFO - Extraction complete: 6 successful, 0 failed
[2026-04-16T05:52:59.990+0000] {logging_mixin.py:188} WARNING - 2026-04-16 05:52:59 - scripts.extract - INFO - Extracted 6 weather records
[2026-04-16T05:52:59.990+0000] {extract.py:130} INFO - Extracted 6 weather records
[2026-04-16T05:53:00.010+0000] {weather_etl_dag_v2.py:120} INFO - ✓ Extraction complete: 6 records for 6 cities in 1.33s
[2026-04-16T05:53:00.017+0000] {python.py:237} INFO - Done. Returned value was: 6
[2026-04-16T05:53:00.021+0000] {taskinstance.py:441} INFO - ::group::Post task execution logs
[2026-04-16T05:53:00.051+0000] {taskinstance.py:1206} INFO - Marking task as SUCCESS. dag_id=weather_etl_pipeline_v2, task_id=extract, run_id=scheduled__2026-04-15T02:00:00+00:00, execution_date=20260415T020000, start_date=20260416T055258, end_date=20260416T055300
[2026-04-16T05:53:00.073+0000] {local_task_job_runner.py:243} INFO - Task exited with return code 0
[2026-04-16T05:53:00.103+0000] {taskinstance.py:3503} INFO - 1 downstream tasks scheduled from follow-on schedule check
[2026-04-16T05:53:00.106+0000] {local_task_job_runner.py:222} INFO - ::endgroup::
[2026-04-16T06:00:24.821+0000] {local_task_job_runner.py:120} INFO - ::group::Pre task execution logs
[2026-04-16T06:00:24.868+0000] {taskinstance.py:2076} INFO - Dependencies all met for dep_context=non-requeueable deps ti=<TaskInstance: weather_etl_pipeline_v2.extract scheduled__2026-04-15T02:00:00+00:00 [queued]>
[2026-04-16T06:00:24.886+0000] {taskinstance.py:2076} INFO - Dependencies all met for dep_context=requeueable deps ti=<TaskInstance: weather_etl_pipeline_v2.extract scheduled__2026-04-15T02:00:00+00:00 [queued]>
[2026-04-16T06:00:24.888+0000] {taskinstance.py:2306} INFO - Starting attempt 1 of 4
[2026-04-16T06:00:24.916+0000] {taskinstance.py:2330} INFO - Executing <Task(PythonOperator): extract> on 2026-04-15 02:00:00+00:00
[2026-04-16T06:00:24.926+0000] {logging_mixin.py:188} WARNING - /home/airflow/.local/lib/python3.12/site-packages/airflow/task/task_runner/standard_task_runner.py:62 DeprecationWarning: This process (pid=466) is multi-threaded, use of fork() may lead to deadlocks in the child.
[2026-04-16T06:00:24.926+0000] {standard_task_runner.py:90} INFO - Running: ['airflow', 'tasks', 'run', 'weather_etl_pipeline_v2', 'extract', 'scheduled__2026-04-15T02:00:00+00:00', '--job-id', '11', '--raw', '--subdir', 'DAGS_FOLDER/weather_etl_dag_v2.py', '--cfg-path', '/tmp/tmpjf5az8fr']
[2026-04-16T06:00:24.929+0000] {standard_task_runner.py:64} INFO - Started process 467 to run task
[2026-04-16T06:00:24.930+0000] {standard_task_runner.py:91} INFO - Job 11: Subtask extract
[2026-04-16T06:00:25.005+0000] {task_command.py:426} INFO - Running <TaskInstance: weather_etl_pipeline_v2.extract scheduled__2026-04-15T02:00:00+00:00 [running]> on host cf9362e38fb8
[2026-04-16T06:00:25.117+0000] {taskinstance.py:2648} INFO - Exporting env vars: AIRFLOW_CTX_DAG_OWNER='weather_etl' AIRFLOW_CTX_DAG_ID='weather_etl_pipeline_v2' AIRFLOW_CTX_TASK_ID='extract' AIRFLOW_CTX_EXECUTION_DATE='2026-04-15T02:00:00+00:00' AIRFLOW_CTX_TRY_NUMBER='1' AIRFLOW_CTX_DAG_RUN_ID='scheduled__2026-04-15T02:00:00+00:00'
[2026-04-16T06:00:25.119+0000] {taskinstance.py:430} INFO - ::endgroup::
[2026-04-16T06:00:25.133+0000] {weather_etl_dag_v2.py:91} INFO - ============================================================
[2026-04-16T06:00:25.135+0000] {weather_etl_dag_v2.py:92} INFO - TASK: EXTRACT — Fetching weather data from OpenWeatherMap API
[2026-04-16T06:00:25.137+0000] {weather_etl_dag_v2.py:93} INFO - ============================================================
[2026-04-16T06:00:25.148+0000] {weather_etl_dag_v2.py:112} INFO - Active cities fetched from DB: ['Ahmedabad', 'Bengaluru', 'Chennai', 'Delhi', 'Mumbai']
[2026-04-16T06:00:25.157+0000] {logging_mixin.py:188} WARNING - 2026-04-16 06:00:25 - scripts.extract - INFO - Starting extraction for cities: Ahmedabad, Bengaluru, Chennai, Delhi, Mumbai
[2026-04-16T06:00:25.157+0000] {extract.py:126} INFO - Starting extraction for cities: Ahmedabad, Bengaluru, Chennai, Delhi, Mumbai
[2026-04-16T06:00:25.160+0000] {logging_mixin.py:188} WARNING - 2026-04-16 06:00:25 - scripts.extract - INFO - Starting extraction for 5 cities
[2026-04-16T06:00:25.160+0000] {extract.py:96} INFO - Starting extraction for 5 cities
[2026-04-16T06:00:25.163+0000] {logging_mixin.py:188} WARNING - 2026-04-16 06:00:25 - scripts.extract - INFO - Fetching weather data for Ahmedabad (attempt 1/3)
[2026-04-16T06:00:25.163+0000] {extract.py:47} INFO - Fetching weather data for Ahmedabad (attempt 1/3)
[2026-04-16T06:00:25.398+0000] {logging_mixin.py:188} WARNING - 2026-04-16 06:00:25 - scripts.extract - INFO - Successfully fetched data for Ahmedabad
[2026-04-16T06:00:25.397+0000] {extract.py:53} INFO - Successfully fetched data for Ahmedabad
[2026-04-16T06:00:25.401+0000] {logging_mixin.py:188} WARNING - 2026-04-16 06:00:25 - scripts.extract - INFO - Fetching weather data for Bengaluru (attempt 1/3)
[2026-04-16T06:00:25.400+0000] {extract.py:47} INFO - Fetching weather data for Bengaluru (attempt 1/3)
[2026-04-16T06:00:25.598+0000] {logging_mixin.py:188} WARNING - 2026-04-16 06:00:25 - scripts.extract - INFO - Successfully fetched data for Bengaluru
[2026-04-16T06:00:25.597+0000] {extract.py:53} INFO - Successfully fetched data for Bengaluru
[2026-04-16T06:00:25.603+0000] {logging_mixin.py:188} WARNING - 2026-04-16 06:00:25 - scripts.extract - INFO - Fetching weather data for Chennai (attempt 1/3)
[2026-04-16T06:00:25.601+0000] {extract.py:47} INFO - Fetching weather data for Chennai (attempt 1/3)
[2026-04-16T06:00:25.812+0000] {logging_mixin.py:188} WARNING - 2026-04-16 06:00:25 - scripts.extract - INFO - Successfully fetched data for Chennai
[2026-04-16T06:00:25.811+0000] {extract.py:53} INFO - Successfully fetched data for Chennai
[2026-04-16T06:00:25.815+0000] {logging_mixin.py:188} WARNING - 2026-04-16 06:00:25 - scripts.extract - INFO - Fetching weather data for Delhi (attempt 1/3)
[2026-04-16T06:00:25.814+0000] {extract.py:47} INFO - Fetching weather data for Delhi (attempt 1/3)
[2026-04-16T06:00:26.048+0000] {logging_mixin.py:188} WARNING - 2026-04-16 06:00:26 - scripts.extract - INFO - Successfully fetched data for Delhi
[2026-04-16T06:00:26.046+0000] {extract.py:53} INFO - Successfully fetched data for Delhi
[2026-04-16T06:00:26.050+0000] {logging_mixin.py:188} WARNING - 2026-04-16 06:00:26 - scripts.extract - INFO - Fetching weather data for Mumbai (attempt 1/3)
[2026-04-16T06:00:26.049+0000] {extract.py:47} INFO - Fetching weather data for Mumbai (attempt 1/3)
[2026-04-16T06:00:26.260+0000] {logging_mixin.py:188} WARNING - 2026-04-16 06:00:26 - scripts.extract - INFO - Successfully fetched data for Mumbai
[2026-04-16T06:00:26.259+0000] {extract.py:53} INFO - Successfully fetched data for Mumbai
[2026-04-16T06:00:26.264+0000] {logging_mixin.py:188} WARNING - 2026-04-16 06:00:26 - scripts.extract - INFO - Extraction complete: 5 successful, 0 failed
[2026-04-16T06:00:26.262+0000] {extract.py:113} INFO - Extraction complete: 5 successful, 0 failed
[2026-04-16T06:00:26.267+0000] {logging_mixin.py:188} WARNING - 2026-04-16 06:00:26 - scripts.extract - INFO - Extracted 5 weather records
[2026-04-16T06:00:26.266+0000] {extract.py:130} INFO - Extracted 5 weather records
[2026-04-16T06:00:26.300+0000] {weather_etl_dag_v2.py:120} INFO - ✓ Extraction complete: 5 records for 5 cities in 1.16s
[2026-04-16T06:00:26.304+0000] {python.py:237} INFO - Done. Returned value was: 5
[2026-04-16T06:00:26.305+0000] {taskinstance.py:441} INFO - ::group::Post task execution logs
[2026-04-16T06:00:26.346+0000] {taskinstance.py:1206} INFO - Marking task as SUCCESS. dag_id=weather_etl_pipeline_v2, task_id=extract, run_id=scheduled__2026-04-15T02:00:00+00:00, execution_date=20260415T020000, start_date=20260416T060024, end_date=20260416T060026
[2026-04-16T06:00:26.394+0000] {local_task_job_runner.py:243} INFO - Task exited with return code 0
[2026-04-16T06:00:26.428+0000] {taskinstance.py:3503} INFO - 1 downstream tasks scheduled from follow-on schedule check
[2026-04-16T06:00:26.431+0000] {local_task_job_runner.py:222} INFO - ::endgroup::
