[2026-04-17T05:22:07.213+0000] {local_task_job_runner.py:120} INFO - ::group::Pre task execution logs
[2026-04-17T05:22:07.266+0000] {taskinstance.py:2076} INFO - Dependencies all met for dep_context=non-requeueable deps ti=<TaskInstance: weather_etl_pipeline_v2.quality_check manual__2026-04-17T05:21:58.192987+00:00 [queued]>
[2026-04-17T05:22:07.284+0000] {taskinstance.py:2076} INFO - Dependencies all met for dep_context=requeueable deps ti=<TaskInstance: weather_etl_pipeline_v2.quality_check manual__2026-04-17T05:21:58.192987+00:00 [queued]>
[2026-04-17T05:22:07.285+0000] {taskinstance.py:2306} INFO - Starting attempt 1 of 3
[2026-04-17T05:22:07.312+0000] {taskinstance.py:2330} INFO - Executing <Task(PythonOperator): quality_check> on 2026-04-17 05:21:58.192987+00:00
[2026-04-17T05:22:07.320+0000] {logging_mixin.py:188} WARNING - /home/airflow/.local/lib/python3.12/site-packages/airflow/task/task_runner/standard_task_runner.py:62 DeprecationWarning: This process (pid=846) is multi-threaded, use of fork() may lead to deadlocks in the child.
[2026-04-17T05:22:07.320+0000] {standard_task_runner.py:90} INFO - Running: ['airflow', 'tasks', 'run', 'weather_etl_pipeline_v2', 'quality_check', 'manual__2026-04-17T05:21:58.192987+00:00', '--job-id', '119', '--raw', '--subdir', 'DAGS_FOLDER/weather_etl_dag_v2.py', '--cfg-path', '/tmp/tmpx7mx28cl']
[2026-04-17T05:22:07.327+0000] {standard_task_runner.py:64} INFO - Started process 847 to run task
[2026-04-17T05:22:07.331+0000] {standard_task_runner.py:91} INFO - Job 119: Subtask quality_check
[2026-04-17T05:22:07.389+0000] {task_command.py:426} INFO - Running <TaskInstance: weather_etl_pipeline_v2.quality_check manual__2026-04-17T05:21:58.192987+00:00 [running]> on host 89e29680acec
[2026-04-17T05:22:07.513+0000] {taskinstance.py:2648} INFO - Exporting env vars: AIRFLOW_CTX_DAG_OWNER='weather_etl' AIRFLOW_CTX_DAG_ID='weather_etl_pipeline_v2' AIRFLOW_CTX_TASK_ID='quality_check' AIRFLOW_CTX_EXECUTION_DATE='2026-04-17T05:21:58.192987+00:00' AIRFLOW_CTX_TRY_NUMBER='1' AIRFLOW_CTX_DAG_RUN_ID='manual__2026-04-17T05:21:58.192987+00:00'
[2026-04-17T05:22:07.514+0000] {taskinstance.py:430} INFO - ::endgroup::
[2026-04-17T05:22:07.528+0000] {weather_etl_dag_v2.py:214} INFO - ============================================================
[2026-04-17T05:22:07.529+0000] {weather_etl_dag_v2.py:215} INFO - TASK: QUALITY_CHECK — Validating clean data quality
[2026-04-17T05:22:07.531+0000] {weather_etl_dag_v2.py:216} INFO - ============================================================
[2026-04-17T05:22:07.545+0000] {logging_mixin.py:188} WARNING - 2026-04-17 05:22:07 - scripts.validate - INFO - Starting data quality validation for 66 records
[2026-04-17T05:22:07.545+0000] {validate.py:201} INFO - Starting data quality validation for 66 records
[2026-04-17T05:22:07.547+0000] {logging_mixin.py:188} WARNING - 2026-04-17 05:22:07 - scripts.validate - INFO - Validation complete: 66 valid, 0 invalid (100.0% pass rate)
[2026-04-17T05:22:07.547+0000] {validate.py:228} INFO - Validation complete: 66 valid, 0 invalid (100.0% pass rate)
[2026-04-17T05:22:07.548+0000] {weather_etl_dag_v2.py:261} INFO - ✓ Quality check: 100.0% pass rate (66/66)
[2026-04-17T05:22:07.565+0000] {python.py:237} INFO - Done. Returned value was: 100.0
[2026-04-17T05:22:07.566+0000] {taskinstance.py:441} INFO - ::group::Post task execution logs
[2026-04-17T05:22:07.590+0000] {taskinstance.py:1206} INFO - Marking task as SUCCESS. dag_id=weather_etl_pipeline_v2, task_id=quality_check, run_id=manual__2026-04-17T05:21:58.192987+00:00, execution_date=20260417T052158, start_date=20260417T052207, end_date=20260417T052207
[2026-04-17T05:22:07.625+0000] {local_task_job_runner.py:243} INFO - Task exited with return code 0
[2026-04-17T05:22:07.660+0000] {taskinstance.py:3503} INFO - 1 downstream tasks scheduled from follow-on schedule check
[2026-04-17T05:22:07.663+0000] {local_task_job_runner.py:222} INFO - ::endgroup::
