[2026-04-20T06:52:49.726+0000] {local_task_job_runner.py:120} INFO - ::group::Pre task execution logs
[2026-04-20T06:52:49.772+0000] {taskinstance.py:2076} INFO - Dependencies all met for dep_context=non-requeueable deps ti=<TaskInstance: weather_etl_pipeline_v2.transform_clean manual__2026-04-20T06:52:41.281677+00:00 [queued]>
[2026-04-20T06:52:49.787+0000] {taskinstance.py:2076} INFO - Dependencies all met for dep_context=requeueable deps ti=<TaskInstance: weather_etl_pipeline_v2.transform_clean manual__2026-04-20T06:52:41.281677+00:00 [queued]>
[2026-04-20T06:52:49.788+0000] {taskinstance.py:2306} INFO - Starting attempt 1 of 3
[2026-04-20T06:52:49.807+0000] {taskinstance.py:2330} INFO - Executing <Task(PythonOperator): transform_clean> on 2026-04-20 06:52:41.281677+00:00
[2026-04-20T06:52:49.817+0000] {logging_mixin.py:188} WARNING - /home/airflow/.local/lib/python3.12/site-packages/airflow/task/task_runner/standard_task_runner.py:62 DeprecationWarning: This process (pid=1441) is multi-threaded, use of fork() may lead to deadlocks in the child.
[2026-04-20T06:52:49.821+0000] {standard_task_runner.py:64} INFO - Started process 1442 to run task
[2026-04-20T06:52:49.817+0000] {standard_task_runner.py:90} INFO - Running: ['airflow', 'tasks', 'run', 'weather_etl_pipeline_v2', 'transform_clean', 'manual__2026-04-20T06:52:41.281677+00:00', '--job-id', '169', '--raw', '--subdir', 'DAGS_FOLDER/weather_etl_dag_v2.py', '--cfg-path', '/tmp/tmpm1gpsflb']
[2026-04-20T06:52:49.823+0000] {standard_task_runner.py:91} INFO - Job 169: Subtask transform_clean
[2026-04-20T06:52:49.919+0000] {task_command.py:426} INFO - Running <TaskInstance: weather_etl_pipeline_v2.transform_clean manual__2026-04-20T06:52:41.281677+00:00 [running]> on host 0986b561c3e9
[2026-04-20T06:52:50.089+0000] {taskinstance.py:2648} INFO - Exporting env vars: AIRFLOW_CTX_DAG_OWNER='weather_etl' AIRFLOW_CTX_DAG_ID='weather_etl_pipeline_v2' AIRFLOW_CTX_TASK_ID='transform_clean' AIRFLOW_CTX_EXECUTION_DATE='2026-04-20T06:52:41.281677+00:00' AIRFLOW_CTX_TRY_NUMBER='1' AIRFLOW_CTX_DAG_RUN_ID='manual__2026-04-20T06:52:41.281677+00:00'
[2026-04-20T06:52:50.092+0000] {taskinstance.py:430} INFO - ::endgroup::
[2026-04-20T06:52:50.114+0000] {weather_etl_dag_v2.py:174} INFO - ============================================================
[2026-04-20T06:52:50.117+0000] {weather_etl_dag_v2.py:175} INFO - TASK: TRANSFORM_CLEAN — Transform & load validated data
[2026-04-20T06:52:50.119+0000] {weather_etl_dag_v2.py:176} INFO - ============================================================
[2026-04-20T06:52:50.144+0000] {logging_mixin.py:188} WARNING - 2026-04-20 06:52:50 - scripts.load_raw - INFO - Successfully connected to PostgreSQL database
[2026-04-20T06:52:50.143+0000] {load_raw.py:38} INFO - Successfully connected to PostgreSQL database
[2026-04-20T06:52:50.157+0000] {logging_mixin.py:188} WARNING - 2026-04-20 06:52:50 - scripts.load_raw - INFO - Retrieved 198 unprocessed raw records (active only)
[2026-04-20T06:52:50.156+0000] {load_raw.py:233} INFO - Retrieved 198 unprocessed raw records (active only)
[2026-04-20T06:52:50.160+0000] {logging_mixin.py:188} WARNING - 2026-04-20 06:52:50 - scripts.load_raw - INFO - Database connection closed
[2026-04-20T06:52:50.159+0000] {load_raw.py:53} INFO - Database connection closed
[2026-04-20T06:52:50.163+0000] {logging_mixin.py:188} WARNING - 2026-04-20 06:52:50 - scripts.load_clean - INFO - Starting transformation and load for 198 raw records
[2026-04-20T06:52:50.162+0000] {load_clean.py:210} INFO - Starting transformation and load for 198 raw records
[2026-04-20T06:52:50.175+0000] {logging_mixin.py:188} WARNING - 2026-04-20 06:52:50 - scripts.load_clean - INFO - Successfully connected to PostgreSQL database
[2026-04-20T06:52:50.174+0000] {load_clean.py:41} INFO - Successfully connected to PostgreSQL database
[2026-04-20T06:52:50.181+0000] {logging_mixin.py:188} WARNING - 2026-04-20 06:52:50 - scripts.load_clean - INFO - Table 'weather_clean' created or already exists
[2026-04-20T06:52:50.180+0000] {load_clean.py:109} INFO - Table 'weather_clean' created or already exists
[2026-04-20T06:52:50.385+0000] {logging_mixin.py:188} WARNING - 2026-04-20 06:52:50 - scripts.load_clean - INFO - Marked 198 raw records as processed
[2026-04-20T06:52:50.384+0000] {load_clean.py:293} INFO - Marked 198 raw records as processed
[2026-04-20T06:52:50.390+0000] {logging_mixin.py:188} WARNING - 2026-04-20 06:52:50 - scripts.load_clean - INFO - Clean data load complete: 198 transformed, 198 validated, 198 loaded, 0 failed
[2026-04-20T06:52:50.389+0000] {load_clean.py:265} INFO - Clean data load complete: 198 transformed, 198 validated, 198 loaded, 0 failed
[2026-04-20T06:52:50.396+0000] {logging_mixin.py:188} WARNING - 2026-04-20 06:52:50 - scripts.load_clean - INFO - Database connection closed
[2026-04-20T06:52:50.395+0000] {load_clean.py:56} INFO - Database connection closed
[2026-04-20T06:52:50.421+0000] {weather_etl_dag_v2.py:190} INFO - ✓ Transform complete: 198 loaded, 0 failed (will be checked in quality_check)
[2026-04-20T06:52:50.424+0000] {python.py:237} INFO - Done. Returned value was: 198
[2026-04-20T06:52:50.425+0000] {taskinstance.py:441} INFO - ::group::Post task execution logs
[2026-04-20T06:52:50.457+0000] {taskinstance.py:1206} INFO - Marking task as SUCCESS. dag_id=weather_etl_pipeline_v2, task_id=transform_clean, run_id=manual__2026-04-20T06:52:41.281677+00:00, execution_date=20260420T065241, start_date=20260420T065249, end_date=20260420T065250
[2026-04-20T06:52:50.480+0000] {local_task_job_runner.py:243} INFO - Task exited with return code 0
[2026-04-20T06:52:50.519+0000] {taskinstance.py:3503} INFO - 1 downstream tasks scheduled from follow-on schedule check
[2026-04-20T06:52:50.522+0000] {local_task_job_runner.py:222} INFO - ::endgroup::
