[2026-04-15T08:03:32.097+0000] {local_task_job_runner.py:120} INFO - ::group::Pre task execution logs
[2026-04-15T08:03:32.130+0000] {taskinstance.py:2076} INFO - Dependencies all met for dep_context=non-requeueable deps ti=<TaskInstance: weather_etl_pipeline_v2.update_metadata_success manual__2026-04-15T08:01:22.286568+00:00 [queued]>
[2026-04-15T08:03:32.140+0000] {taskinstance.py:2076} INFO - Dependencies all met for dep_context=requeueable deps ti=<TaskInstance: weather_etl_pipeline_v2.update_metadata_success manual__2026-04-15T08:01:22.286568+00:00 [queued]>
[2026-04-15T08:03:32.141+0000] {taskinstance.py:2306} INFO - Starting attempt 1 of 4
[2026-04-15T08:03:32.152+0000] {taskinstance.py:2330} INFO - Executing <Task(PythonOperator): update_metadata_success> on 2026-04-15 08:01:22.286568+00:00
[2026-04-15T08:03:32.159+0000] {standard_task_runner.py:90} INFO - Running: ['airflow', 'tasks', 'run', 'weather_etl_pipeline_v2', 'update_metadata_success', 'manual__2026-04-15T08:01:22.286568+00:00', '--job-id', '272', '--raw', '--subdir', 'DAGS_FOLDER/weather_etl_dag_v2.py', '--cfg-path', '/tmp/tmp92ggm0sh']
[2026-04-15T08:03:32.162+0000] {standard_task_runner.py:91} INFO - Job 272: Subtask update_metadata_success
[2026-04-15T08:03:32.162+0000] {logging_mixin.py:188} WARNING - /home/airflow/.local/lib/python3.12/site-packages/airflow/task/task_runner/standard_task_runner.py:62 DeprecationWarning: This process (pid=206) is multi-threaded, use of fork() may lead to deadlocks in the child.
[2026-04-15T08:03:32.163+0000] {standard_task_runner.py:64} INFO - Started process 207 to run task
[2026-04-15T08:03:32.205+0000] {task_command.py:426} INFO - Running <TaskInstance: weather_etl_pipeline_v2.update_metadata_success manual__2026-04-15T08:01:22.286568+00:00 [running]> on host 5352684ecc2b
[2026-04-15T08:03:32.291+0000] {taskinstance.py:2648} INFO - Exporting env vars: AIRFLOW_CTX_DAG_OWNER='weather_etl' AIRFLOW_CTX_DAG_ID='weather_etl_pipeline_v2' AIRFLOW_CTX_TASK_ID='update_metadata_success' AIRFLOW_CTX_EXECUTION_DATE='2026-04-15T08:01:22.286568+00:00' AIRFLOW_CTX_TRY_NUMBER='1' AIRFLOW_CTX_DAG_RUN_ID='manual__2026-04-15T08:01:22.286568+00:00'
[2026-04-15T08:03:32.293+0000] {taskinstance.py:430} INFO - ::endgroup::
[2026-04-15T08:03:32.305+0000] {weather_etl_dag_v2.py:254} INFO - ============================================================
[2026-04-15T08:03:32.306+0000] {weather_etl_dag_v2.py:255} INFO - TASK: UPDATE_METADATA_SUCCESS - Recording successful run
[2026-04-15T08:03:32.307+0000] {weather_etl_dag_v2.py:256} INFO - ============================================================
[2026-04-15T08:03:32.351+0000] {logging_mixin.py:188} WARNING - 2026-04-15 08:03:32 - scripts.metadata_manager - INFO - Successfully connected to PostgreSQL database
[2026-04-15T08:03:32.350+0000] {metadata_manager.py:38} INFO - Successfully connected to PostgreSQL database
[2026-04-15T08:03:32.355+0000] {logging_mixin.py:188} WARNING - 2026-04-15 08:03:32 - scripts.metadata_manager - INFO - Table 'pipeline_metadata' created or already exists
[2026-04-15T08:03:32.355+0000] {metadata_manager.py:92} INFO - Table 'pipeline_metadata' created or already exists
[2026-04-15T08:03:32.360+0000] {logging_mixin.py:188} WARNING - 2026-04-15 08:03:32 - scripts.metadata_manager - INFO - Pipeline weather_etl_pipeline_v2 marked as SUCCESS: 6 processed, 0 inserted, 0 failed
[2026-04-15T08:03:32.359+0000] {metadata_manager.py:241} INFO - Pipeline weather_etl_pipeline_v2 marked as SUCCESS: 6 processed, 0 inserted, 0 failed
[2026-04-15T08:03:32.361+0000] {logging_mixin.py:188} WARNING - 2026-04-15 08:03:32 - scripts.metadata_manager - INFO - Database connection closed
[2026-04-15T08:03:32.361+0000] {metadata_manager.py:53} INFO - Database connection closed
[2026-04-15T08:03:32.362+0000] {weather_etl_dag_v2.py:278} INFO - ✓ Metadata updated: Pipeline marked as SUCCESS
[2026-04-15T08:03:32.363+0000] {weather_etl_dag_v2.py:279} INFO -   - Records processed: 6
[2026-04-15T08:03:32.365+0000] {weather_etl_dag_v2.py:280} INFO -   - Records inserted: 0
[2026-04-15T08:03:32.367+0000] {weather_etl_dag_v2.py:281} INFO -   - Validation rate: 100.0%
[2026-04-15T08:03:32.368+0000] {python.py:237} INFO - Done. Returned value was: True
[2026-04-15T08:03:32.369+0000] {taskinstance.py:441} INFO - ::group::Post task execution logs
[2026-04-15T08:03:32.398+0000] {taskinstance.py:1206} INFO - Marking task as SUCCESS. dag_id=weather_etl_pipeline_v2, task_id=update_metadata_success, run_id=manual__2026-04-15T08:01:22.286568+00:00, execution_date=20260415T080122, start_date=20260415T080332, end_date=20260415T080332
[2026-04-15T08:03:32.417+0000] {local_task_job_runner.py:243} INFO - Task exited with return code 0
[2026-04-15T08:03:32.433+0000] {taskinstance.py:3503} INFO - 0 downstream tasks scheduled from follow-on schedule check
[2026-04-15T08:03:32.435+0000] {local_task_job_runner.py:222} INFO - ::endgroup::
