[2026-04-25T05:46:41.914+0000] {local_task_job_runner.py:120} INFO - ::group::Pre task execution logs
[2026-04-25T05:46:41.963+0000] {taskinstance.py:2076} INFO - Dependencies all met for dep_context=non-requeueable deps ti=<TaskInstance: weather_etl_pipeline_v2.quality_check scheduled__2026-04-24T02:00:00+00:00 [queued]>
[2026-04-25T05:46:41.976+0000] {taskinstance.py:2076} INFO - Dependencies all met for dep_context=requeueable deps ti=<TaskInstance: weather_etl_pipeline_v2.quality_check scheduled__2026-04-24T02:00:00+00:00 [queued]>
[2026-04-25T05:46:41.978+0000] {taskinstance.py:2306} INFO - Starting attempt 1 of 3
[2026-04-25T05:46:41.998+0000] {taskinstance.py:2330} INFO - Executing <Task(PythonOperator): quality_check> on 2026-04-24 02:00:00+00:00
[2026-04-25T05:46:42.008+0000] {logging_mixin.py:188} WARNING - /home/airflow/.local/lib/python3.12/site-packages/airflow/task/task_runner/standard_task_runner.py:62 DeprecationWarning: This process (pid=200) is multi-threaded, use of fork() may lead to deadlocks in the child.
[2026-04-25T05:46:42.010+0000] {standard_task_runner.py:64} INFO - Started process 201 to run task
[2026-04-25T05:46:42.007+0000] {standard_task_runner.py:90} INFO - Running: ['airflow', 'tasks', 'run', 'weather_etl_pipeline_v2', 'quality_check', 'scheduled__2026-04-24T02:00:00+00:00', '--job-id', '194', '--raw', '--subdir', 'DAGS_FOLDER/weather_etl_dag_v2.py', '--cfg-path', '/tmp/tmpp4sufukv']
[2026-04-25T05:46:42.011+0000] {standard_task_runner.py:91} INFO - Job 194: Subtask quality_check
[2026-04-25T05:46:42.081+0000] {task_command.py:426} INFO - Running <TaskInstance: weather_etl_pipeline_v2.quality_check scheduled__2026-04-24T02:00:00+00:00 [running]> on host 1d106a615a00
[2026-04-25T05:46:42.188+0000] {taskinstance.py:2648} INFO - Exporting env vars: AIRFLOW_CTX_DAG_OWNER='weather_etl' AIRFLOW_CTX_DAG_ID='weather_etl_pipeline_v2' AIRFLOW_CTX_TASK_ID='quality_check' AIRFLOW_CTX_EXECUTION_DATE='2026-04-24T02:00:00+00:00' AIRFLOW_CTX_TRY_NUMBER='1' AIRFLOW_CTX_DAG_RUN_ID='scheduled__2026-04-24T02:00:00+00:00'
[2026-04-25T05:46:42.191+0000] {taskinstance.py:430} INFO - ::endgroup::
[2026-04-25T05:46:42.210+0000] {weather_etl_dag_v2.py:214} INFO - ============================================================
[2026-04-25T05:46:42.212+0000] {weather_etl_dag_v2.py:215} INFO - TASK: QUALITY_CHECK — Validating clean data quality
[2026-04-25T05:46:42.213+0000] {weather_etl_dag_v2.py:216} INFO - ============================================================
[2026-04-25T05:46:42.230+0000] {logging_mixin.py:188} WARNING - 2026-04-25 05:46:42 - scripts.validate - INFO - Starting data quality validation for 158 records
[2026-04-25T05:46:42.228+0000] {validate.py:201} INFO - Starting data quality validation for 158 records
[2026-04-25T05:46:42.232+0000] {logging_mixin.py:188} WARNING - 2026-04-25 05:46:42 - scripts.validate - INFO - Validation complete: 158 valid, 0 invalid (100.0% pass rate)
[2026-04-25T05:46:42.232+0000] {validate.py:228} INFO - Validation complete: 158 valid, 0 invalid (100.0% pass rate)
[2026-04-25T05:46:42.233+0000] {weather_etl_dag_v2.py:261} INFO - ✓ Quality check: 100.0% pass rate (158/158)
[2026-04-25T05:46:42.250+0000] {python.py:237} INFO - Done. Returned value was: 100.0
[2026-04-25T05:46:42.251+0000] {taskinstance.py:441} INFO - ::group::Post task execution logs
[2026-04-25T05:46:42.274+0000] {taskinstance.py:1206} INFO - Marking task as SUCCESS. dag_id=weather_etl_pipeline_v2, task_id=quality_check, run_id=scheduled__2026-04-24T02:00:00+00:00, execution_date=20260424T020000, start_date=20260425T054641, end_date=20260425T054642
[2026-04-25T05:46:42.305+0000] {local_task_job_runner.py:243} INFO - Task exited with return code 0
[2026-04-25T05:46:42.362+0000] {taskinstance.py:3503} INFO - 1 downstream tasks scheduled from follow-on schedule check
[2026-04-25T05:46:42.367+0000] {local_task_job_runner.py:222} INFO - ::endgroup::
