[2026-04-20T06:51:59.716+0000] {local_task_job_runner.py:120} INFO - ::group::Pre task execution logs
[2026-04-20T06:51:59.767+0000] {taskinstance.py:2076} INFO - Dependencies all met for dep_context=non-requeueable deps ti=<TaskInstance: weather_etl_pipeline_v2.aggregate manual__2026-04-20T06:51:48.405706+00:00 [queued]>
[2026-04-20T06:51:59.786+0000] {taskinstance.py:2076} INFO - Dependencies all met for dep_context=requeueable deps ti=<TaskInstance: weather_etl_pipeline_v2.aggregate manual__2026-04-20T06:51:48.405706+00:00 [queued]>
[2026-04-20T06:51:59.789+0000] {taskinstance.py:2306} INFO - Starting attempt 1 of 3
[2026-04-20T06:51:59.807+0000] {taskinstance.py:2330} INFO - Executing <Task(PythonOperator): aggregate> on 2026-04-20 06:51:48.405706+00:00
[2026-04-20T06:51:59.818+0000] {logging_mixin.py:188} WARNING - /home/airflow/.local/lib/python3.12/site-packages/airflow/task/task_runner/standard_task_runner.py:62 DeprecationWarning: This process (pid=1402) is multi-threaded, use of fork() may lead to deadlocks in the child.
[2026-04-20T06:51:59.818+0000] {standard_task_runner.py:90} INFO - Running: ['airflow', 'tasks', 'run', 'weather_etl_pipeline_v2', 'aggregate', 'manual__2026-04-20T06:51:48.405706+00:00', '--job-id', '164', '--raw', '--subdir', 'DAGS_FOLDER/weather_etl_dag_v2.py', '--cfg-path', '/tmp/tmpvh23zjnj']
[2026-04-20T06:51:59.820+0000] {standard_task_runner.py:64} INFO - Started process 1403 to run task
[2026-04-20T06:51:59.821+0000] {standard_task_runner.py:91} INFO - Job 164: Subtask aggregate
[2026-04-20T06:51:59.909+0000] {task_command.py:426} INFO - Running <TaskInstance: weather_etl_pipeline_v2.aggregate manual__2026-04-20T06:51:48.405706+00:00 [running]> on host 0986b561c3e9
[2026-04-20T06:52:00.084+0000] {taskinstance.py:2648} INFO - Exporting env vars: AIRFLOW_CTX_DAG_OWNER='weather_etl' AIRFLOW_CTX_DAG_ID='weather_etl_pipeline_v2' AIRFLOW_CTX_TASK_ID='aggregate' AIRFLOW_CTX_EXECUTION_DATE='2026-04-20T06:51:48.405706+00:00' AIRFLOW_CTX_TRY_NUMBER='1' AIRFLOW_CTX_DAG_RUN_ID='manual__2026-04-20T06:51:48.405706+00:00'
[2026-04-20T06:52:00.088+0000] {taskinstance.py:430} INFO - ::endgroup::
[2026-04-20T06:52:00.121+0000] {weather_etl_dag_v2.py:289} INFO - ============================================================
[2026-04-20T06:52:00.125+0000] {weather_etl_dag_v2.py:290} INFO - TASK: AGGREGATE — Computing city-wise daily metrics
[2026-04-20T06:52:00.127+0000] {weather_etl_dag_v2.py:291} INFO - ============================================================
[2026-04-20T06:52:00.149+0000] {logging_mixin.py:188} WARNING - 2026-04-20 06:52:00 - scripts.aggregator - INFO - WeatherAggregator: connected to PostgreSQL
[2026-04-20T06:52:00.148+0000] {aggregator.py:48} INFO - WeatherAggregator: connected to PostgreSQL
[2026-04-20T06:52:00.152+0000] {logging_mixin.py:188} WARNING - 2026-04-20 06:52:00 - scripts.aggregator - INFO - Starting aggregation for date: 2026-04-19
[2026-04-20T06:52:00.151+0000] {aggregator.py:77} INFO - Starting aggregation for date: 2026-04-19
[2026-04-20T06:52:00.165+0000] {logging_mixin.py:188} WARNING - 2026-04-20 06:52:00 - scripts.aggregator - INFO - ✓ Aggregation complete for 2026-04-19: 0 city-day rows upserted
[2026-04-20T06:52:00.164+0000] {aggregator.py:194} INFO - ✓ Aggregation complete for 2026-04-19: 0 city-day rows upserted
[2026-04-20T06:52:00.168+0000] {logging_mixin.py:188} WARNING - 2026-04-20 06:52:00 - scripts.aggregator - INFO - Daily aggregation run complete: 1 day(s), 0 city-day rows upserted
[2026-04-20T06:52:00.167+0000] {aggregator.py:240} INFO - Daily aggregation run complete: 1 day(s), 0 city-day rows upserted
[2026-04-20T06:52:00.172+0000] {logging_mixin.py:188} WARNING - 2026-04-20 06:52:00 - scripts.aggregator - INFO - WeatherAggregator: DB connection closed
[2026-04-20T06:52:00.170+0000] {aggregator.py:60} INFO - WeatherAggregator: DB connection closed
[2026-04-20T06:52:00.200+0000] {weather_etl_dag_v2.py:298} INFO - ✓ Aggregation complete: 0 city-day rows upserted for 1 day(s)
[2026-04-20T06:52:00.202+0000] {python.py:237} INFO - Done. Returned value was: 0
[2026-04-20T06:52:00.204+0000] {taskinstance.py:441} INFO - ::group::Post task execution logs
[2026-04-20T06:52:00.246+0000] {taskinstance.py:1206} INFO - Marking task as SUCCESS. dag_id=weather_etl_pipeline_v2, task_id=aggregate, run_id=manual__2026-04-20T06:51:48.405706+00:00, execution_date=20260420T065148, start_date=20260420T065159, end_date=20260420T065200
[2026-04-20T06:52:00.279+0000] {local_task_job_runner.py:243} INFO - Task exited with return code 0
[2026-04-20T06:52:00.314+0000] {taskinstance.py:3503} INFO - 0 downstream tasks scheduled from follow-on schedule check
[2026-04-20T06:52:00.318+0000] {local_task_job_runner.py:222} INFO - ::endgroup::
