[2026-04-16T12:04:06.738+0000] {local_task_job_runner.py:120} INFO - ::group::Pre task execution logs
[2026-04-16T12:04:06.794+0000] {taskinstance.py:2076} INFO - Dependencies all met for dep_context=non-requeueable deps ti=<TaskInstance: weather_etl_pipeline_v2.quality_check manual__2026-04-16T05:57:00+00:00 [queued]>
[2026-04-16T12:04:06.809+0000] {taskinstance.py:2076} INFO - Dependencies all met for dep_context=requeueable deps ti=<TaskInstance: weather_etl_pipeline_v2.quality_check manual__2026-04-16T05:57:00+00:00 [queued]>
[2026-04-16T12:04:06.812+0000] {taskinstance.py:2306} INFO - Starting attempt 4 of 6
[2026-04-16T12:04:06.834+0000] {taskinstance.py:2330} INFO - Executing <Task(PythonOperator): quality_check> on 2026-04-16 05:57:00+00:00
[2026-04-16T12:04:06.844+0000] {logging_mixin.py:188} WARNING - /home/airflow/.local/lib/python3.12/site-packages/airflow/task/task_runner/standard_task_runner.py:62 DeprecationWarning: This process (pid=397) is multi-threaded, use of fork() may lead to deadlocks in the child.
[2026-04-16T12:04:06.847+0000] {standard_task_runner.py:64} INFO - Started process 398 to run task
[2026-04-16T12:04:06.844+0000] {standard_task_runner.py:90} INFO - Running: ['airflow', 'tasks', 'run', 'weather_etl_pipeline_v2', 'quality_check', 'manual__2026-04-16T05:57:00+00:00', '--job-id', '104', '--raw', '--subdir', 'DAGS_FOLDER/weather_etl_dag_v2.py', '--cfg-path', '/tmp/tmpe3q4_266']
[2026-04-16T12:04:06.849+0000] {standard_task_runner.py:91} INFO - Job 104: Subtask quality_check
[2026-04-16T12:04:06.935+0000] {task_command.py:426} INFO - Running <TaskInstance: weather_etl_pipeline_v2.quality_check manual__2026-04-16T05:57:00+00:00 [running]> on host 88d0b309bcf7
[2026-04-16T12:04:07.085+0000] {taskinstance.py:2648} INFO - Exporting env vars: AIRFLOW_CTX_DAG_OWNER='weather_etl' AIRFLOW_CTX_DAG_ID='weather_etl_pipeline_v2' AIRFLOW_CTX_TASK_ID='quality_check' AIRFLOW_CTX_EXECUTION_DATE='2026-04-16T05:57:00+00:00' AIRFLOW_CTX_TRY_NUMBER='4' AIRFLOW_CTX_DAG_RUN_ID='manual__2026-04-16T05:57:00+00:00'
[2026-04-16T12:04:07.087+0000] {taskinstance.py:430} INFO - ::endgroup::
[2026-04-16T12:04:07.102+0000] {weather_etl_dag_v2.py:214} INFO - ============================================================
[2026-04-16T12:04:07.104+0000] {weather_etl_dag_v2.py:215} INFO - TASK: QUALITY_CHECK — Validating clean data quality
[2026-04-16T12:04:07.105+0000] {weather_etl_dag_v2.py:216} INFO - ============================================================
[2026-04-16T12:04:07.122+0000] {logging_mixin.py:188} WARNING - 2026-04-16 12:04:07 - scripts.validate - INFO - Starting data quality validation for 47 records
[2026-04-16T12:04:07.121+0000] {validate.py:201} INFO - Starting data quality validation for 47 records
[2026-04-16T12:04:07.125+0000] {logging_mixin.py:188} WARNING - 2026-04-16 12:04:07 - scripts.validate - INFO - Validation complete: 47 valid, 0 invalid (100.0% pass rate)
[2026-04-16T12:04:07.124+0000] {validate.py:228} INFO - Validation complete: 47 valid, 0 invalid (100.0% pass rate)
[2026-04-16T12:04:07.126+0000] {weather_etl_dag_v2.py:261} INFO - ✓ Quality check: 100.0% pass rate (47/47)
[2026-04-16T12:04:07.153+0000] {python.py:237} INFO - Done. Returned value was: 100.0
[2026-04-16T12:04:07.155+0000] {taskinstance.py:441} INFO - ::group::Post task execution logs
[2026-04-16T12:04:07.189+0000] {taskinstance.py:1206} INFO - Marking task as SUCCESS. dag_id=weather_etl_pipeline_v2, task_id=quality_check, run_id=manual__2026-04-16T05:57:00+00:00, execution_date=20260416T055700, start_date=20260416T120406, end_date=20260416T120407
[2026-04-16T12:04:07.224+0000] {local_task_job_runner.py:243} INFO - Task exited with return code 0
[2026-04-16T12:04:07.273+0000] {taskinstance.py:3503} INFO - 1 downstream tasks scheduled from follow-on schedule check
[2026-04-16T12:04:07.276+0000] {local_task_job_runner.py:222} INFO - ::endgroup::
