[2026-04-16T06:00:03.532+0000] {local_task_job_runner.py:120} INFO - ::group::Pre task execution logs
[2026-04-16T06:00:03.594+0000] {taskinstance.py:2076} INFO - Dependencies all met for dep_context=non-requeueable deps ti=<TaskInstance: weather_etl_pipeline_v2.quality_check manual__2026-04-16T05:57:00+00:00 [queued]>
[2026-04-16T06:00:03.613+0000] {taskinstance.py:2076} INFO - Dependencies all met for dep_context=requeueable deps ti=<TaskInstance: weather_etl_pipeline_v2.quality_check manual__2026-04-16T05:57:00+00:00 [queued]>
[2026-04-16T06:00:03.615+0000] {taskinstance.py:2306} INFO - Starting attempt 3 of 3
[2026-04-16T06:00:03.639+0000] {taskinstance.py:2330} INFO - Executing <Task(PythonOperator): quality_check> on 2026-04-16 05:57:00+00:00
[2026-04-16T06:00:03.653+0000] {logging_mixin.py:188} WARNING - /home/airflow/.local/lib/python3.12/site-packages/airflow/task/task_runner/standard_task_runner.py:62 DeprecationWarning: This process (pid=426) is multi-threaded, use of fork() may lead to deadlocks in the child.
[2026-04-16T06:00:03.656+0000] {standard_task_runner.py:64} INFO - Started process 427 to run task
[2026-04-16T06:00:03.652+0000] {standard_task_runner.py:90} INFO - Running: ['airflow', 'tasks', 'run', 'weather_etl_pipeline_v2', 'quality_check', 'manual__2026-04-16T05:57:00+00:00', '--job-id', '8', '--raw', '--subdir', 'DAGS_FOLDER/weather_etl_dag_v2.py', '--cfg-path', '/tmp/tmpq3g9pd2o']
[2026-04-16T06:00:03.658+0000] {standard_task_runner.py:91} INFO - Job 8: Subtask quality_check
[2026-04-16T06:00:03.757+0000] {task_command.py:426} INFO - Running <TaskInstance: weather_etl_pipeline_v2.quality_check manual__2026-04-16T05:57:00+00:00 [running]> on host cf9362e38fb8
[2026-04-16T06:00:03.852+0000] {taskinstance.py:2648} INFO - Exporting env vars: AIRFLOW_CTX_DAG_OWNER='weather_etl' AIRFLOW_CTX_DAG_ID='weather_etl_pipeline_v2' AIRFLOW_CTX_TASK_ID='quality_check' AIRFLOW_CTX_EXECUTION_DATE='2026-04-16T05:57:00+00:00' AIRFLOW_CTX_TRY_NUMBER='3' AIRFLOW_CTX_DAG_RUN_ID='manual__2026-04-16T05:57:00+00:00'
[2026-04-16T06:00:03.854+0000] {taskinstance.py:430} INFO - ::endgroup::
[2026-04-16T06:00:03.868+0000] {weather_etl_dag_v2.py:217} INFO - ============================================================
[2026-04-16T06:00:03.870+0000] {weather_etl_dag_v2.py:218} INFO - TASK: QUALITY_CHECK — Validating clean data quality
[2026-04-16T06:00:03.872+0000] {weather_etl_dag_v2.py:219} INFO - ============================================================
[2026-04-16T06:00:03.889+0000] {logging_mixin.py:188} WARNING - 2026-04-16 06:00:03 - scripts.validate - INFO - Starting data quality validation for 0 records
[2026-04-16T06:00:03.888+0000] {validate.py:201} INFO - Starting data quality validation for 0 records
[2026-04-16T06:00:03.892+0000] {logging_mixin.py:188} WARNING - 2026-04-16 06:00:03 - scripts.validate - INFO - Validation complete: 0 valid, 0 invalid (0% pass rate)
[2026-04-16T06:00:03.891+0000] {validate.py:228} INFO - Validation complete: 0 valid, 0 invalid (0% pass rate)
[2026-04-16T06:00:03.893+0000] {weather_etl_dag_v2.py:264} INFO - ✓ Quality check: 0% pass rate (0/0)
[2026-04-16T06:00:03.895+0000] {weather_etl_dag_v2.py:272} ERROR - Data quality check FAILED: 0% pass rate (threshold: 90%). Record inconsistencies exceeded acceptable threshold.
[2026-04-16T06:00:03.897+0000] {weather_etl_dag_v2.py:279} ERROR - ✗ Quality check failed: Data quality check FAILED: 0% pass rate (threshold: 90%). Record inconsistencies exceeded acceptable threshold.
Traceback (most recent call last):
  File "/opt/airflow/dags/weather_etl_dag_v2.py", line 273, in quality_check_task
    raise ValueError(msg)
ValueError: Data quality check FAILED: 0% pass rate (threshold: 90%). Record inconsistencies exceeded acceptable threshold.
[2026-04-16T06:00:03.911+0000] {taskinstance.py:441} INFO - ::group::Post task execution logs
[2026-04-16T06:00:03.913+0000] {taskinstance.py:2905} ERROR - Task failed with exception
Traceback (most recent call last):
  File "/home/airflow/.local/lib/python3.12/site-packages/airflow/models/taskinstance.py", line 465, in _execute_task
    result = _execute_callable(context=context, **execute_callable_kwargs)
             ^^^^^^^^^^^^^^^^^^^^^^^^^^^^^^^^^^^^^^^^^^^^^^^^^^^^^^^^^^^^^
  File "/home/airflow/.local/lib/python3.12/site-packages/airflow/models/taskinstance.py", line 432, in _execute_callable
    return execute_callable(context=context, **execute_callable_kwargs)
           ^^^^^^^^^^^^^^^^^^^^^^^^^^^^^^^^^^^^^^^^^^^^^^^^^^^^^^^^^^^^
  File "/home/airflow/.local/lib/python3.12/site-packages/airflow/models/baseoperator.py", line 401, in wrapper
    return func(self, *args, **kwargs)
           ^^^^^^^^^^^^^^^^^^^^^^^^^^^
  File "/home/airflow/.local/lib/python3.12/site-packages/airflow/operators/python.py", line 235, in execute
    return_value = self.execute_callable()
                   ^^^^^^^^^^^^^^^^^^^^^^^
  File "/home/airflow/.local/lib/python3.12/site-packages/airflow/operators/python.py", line 252, in execute_callable
    return self.python_callable(*self.op_args, **self.op_kwargs)
           ^^^^^^^^^^^^^^^^^^^^^^^^^^^^^^^^^^^^^^^^^^^^^^^^^^^^^
  File "/opt/airflow/dags/weather_etl_dag_v2.py", line 273, in quality_check_task
    raise ValueError(msg)
ValueError: Data quality check FAILED: 0% pass rate (threshold: 90%). Record inconsistencies exceeded acceptable threshold.
[2026-04-16T06:00:03.935+0000] {taskinstance.py:1206} INFO - Marking task as FAILED. dag_id=weather_etl_pipeline_v2, task_id=quality_check, run_id=manual__2026-04-16T05:57:00+00:00, execution_date=20260416T055700, start_date=20260416T060003, end_date=20260416T060003
[2026-04-16T06:00:03.950+0000] {standard_task_runner.py:110} ERROR - Failed to execute job 8 for task quality_check (Data quality check FAILED: 0% pass rate (threshold: 90%). Record inconsistencies exceeded acceptable threshold.; 427)
[2026-04-16T06:00:03.994+0000] {local_task_job_runner.py:243} INFO - Task exited with return code 1
[2026-04-16T06:00:04.033+0000] {taskinstance.py:3503} INFO - 1 downstream tasks scheduled from follow-on schedule check
[2026-04-16T06:00:04.041+0000] {local_task_job_runner.py:222} INFO - ::endgroup::
