[2026-04-16T06:45:13.116+0000] {local_task_job_runner.py:120} INFO - ::group::Pre task execution logs
[2026-04-16T06:45:13.167+0000] {taskinstance.py:2076} INFO - Dependencies all met for dep_context=non-requeueable deps ti=<TaskInstance: weather_etl_pipeline_v2.update_metadata_success manual__2026-04-16T06:45:01.303182+00:00 [queued]>
[2026-04-16T06:45:13.183+0000] {taskinstance.py:2076} INFO - Dependencies all met for dep_context=requeueable deps ti=<TaskInstance: weather_etl_pipeline_v2.update_metadata_success manual__2026-04-16T06:45:01.303182+00:00 [queued]>
[2026-04-16T06:45:13.185+0000] {taskinstance.py:2306} INFO - Starting attempt 1 of 4
[2026-04-16T06:45:13.211+0000] {taskinstance.py:2330} INFO - Executing <Task(PythonOperator): update_metadata_success> on 2026-04-16 06:45:01.303182+00:00
[2026-04-16T06:45:13.228+0000] {logging_mixin.py:188} WARNING - /home/airflow/.local/lib/python3.12/site-packages/airflow/task/task_runner/standard_task_runner.py:62 DeprecationWarning: This process (pid=2122) is multi-threaded, use of fork() may lead to deadlocks in the child.
[2026-04-16T06:45:13.225+0000] {standard_task_runner.py:90} INFO - Running: ['airflow', 'tasks', 'run', 'weather_etl_pipeline_v2', 'update_metadata_success', 'manual__2026-04-16T06:45:01.303182+00:00', '--job-id', '66', '--raw', '--subdir', 'DAGS_FOLDER/weather_etl_dag_v2.py', '--cfg-path', '/tmp/tmpwns9x3ng']
[2026-04-16T06:45:13.230+0000] {standard_task_runner.py:64} INFO - Started process 2123 to run task
[2026-04-16T06:45:13.230+0000] {standard_task_runner.py:91} INFO - Job 66: Subtask update_metadata_success
[2026-04-16T06:45:13.337+0000] {task_command.py:426} INFO - Running <TaskInstance: weather_etl_pipeline_v2.update_metadata_success manual__2026-04-16T06:45:01.303182+00:00 [running]> on host cf9362e38fb8
[2026-04-16T06:45:13.465+0000] {taskinstance.py:2648} INFO - Exporting env vars: AIRFLOW_CTX_DAG_OWNER='weather_etl' AIRFLOW_CTX_DAG_ID='weather_etl_pipeline_v2' AIRFLOW_CTX_TASK_ID='update_metadata_success' AIRFLOW_CTX_EXECUTION_DATE='2026-04-16T06:45:01.303182+00:00' AIRFLOW_CTX_TRY_NUMBER='1' AIRFLOW_CTX_DAG_RUN_ID='manual__2026-04-16T06:45:01.303182+00:00'
[2026-04-16T06:45:13.467+0000] {taskinstance.py:430} INFO - ::endgroup::
[2026-04-16T06:45:13.493+0000] {weather_etl_dag_v2.py:326} INFO - ============================================================
[2026-04-16T06:45:13.495+0000] {weather_etl_dag_v2.py:327} INFO - TASK: UPDATE_METADATA_SUCCESS — Recording successful pipeline run
[2026-04-16T06:45:13.498+0000] {weather_etl_dag_v2.py:328} INFO - ============================================================
[2026-04-16T06:45:13.590+0000] {logging_mixin.py:188} WARNING - 2026-04-16 06:45:13 - scripts.metadata_manager - INFO - Successfully connected to PostgreSQL database
[2026-04-16T06:45:13.589+0000] {metadata_manager.py:38} INFO - Successfully connected to PostgreSQL database
[2026-04-16T06:45:13.600+0000] {logging_mixin.py:188} WARNING - 2026-04-16 06:45:13 - scripts.metadata_manager - INFO - Table 'pipeline_metadata' created or already exists
[2026-04-16T06:45:13.599+0000] {metadata_manager.py:92} INFO - Table 'pipeline_metadata' created or already exists
[2026-04-16T06:45:13.606+0000] {logging_mixin.py:188} WARNING - 2026-04-16 06:45:13 - scripts.metadata_manager - INFO - Pipeline weather_etl_pipeline_v2 marked as SUCCESS: 8 processed, 55 inserted, 0 failed
[2026-04-16T06:45:13.606+0000] {metadata_manager.py:241} INFO - Pipeline weather_etl_pipeline_v2 marked as SUCCESS: 8 processed, 55 inserted, 0 failed
[2026-04-16T06:45:13.609+0000] {logging_mixin.py:188} WARNING - 2026-04-16 06:45:13 - scripts.metadata_manager - INFO - Database connection closed
[2026-04-16T06:45:13.609+0000] {metadata_manager.py:53} INFO - Database connection closed
[2026-04-16T06:45:13.611+0000] {weather_etl_dag_v2.py:348} INFO - ✓ Pipeline marked as SUCCESS
[2026-04-16T06:45:13.613+0000] {weather_etl_dag_v2.py:349} INFO -   Records extracted  : 8
[2026-04-16T06:45:13.616+0000] {weather_etl_dag_v2.py:350} INFO -   Records inserted   : 55
[2026-04-16T06:45:13.618+0000] {weather_etl_dag_v2.py:351} INFO -   Records failed     : 0
[2026-04-16T06:45:13.620+0000] {weather_etl_dag_v2.py:352} INFO -   Validation rate    : 100.0%
[2026-04-16T06:45:13.623+0000] {weather_etl_dag_v2.py:353} INFO -   Agg rows upserted  : 0
[2026-04-16T06:45:13.626+0000] {python.py:237} INFO - Done. Returned value was: True
[2026-04-16T06:45:13.628+0000] {taskinstance.py:441} INFO - ::group::Post task execution logs
[2026-04-16T06:45:13.664+0000] {taskinstance.py:1206} INFO - Marking task as SUCCESS. dag_id=weather_etl_pipeline_v2, task_id=update_metadata_success, run_id=manual__2026-04-16T06:45:01.303182+00:00, execution_date=20260416T064501, start_date=20260416T064513, end_date=20260416T064513
[2026-04-16T06:45:13.690+0000] {local_task_job_runner.py:243} INFO - Task exited with return code 0
[2026-04-16T06:45:13.712+0000] {taskinstance.py:3503} INFO - 0 downstream tasks scheduled from follow-on schedule check
[2026-04-16T06:45:13.715+0000] {local_task_job_runner.py:222} INFO - ::endgroup::
