[2026-04-13T08:18:52.428+0000] {local_task_job_runner.py:120} INFO - ::group::Pre task execution logs
[2026-04-13T08:18:52.481+0000] {taskinstance.py:2076} INFO - Dependencies all met for dep_context=non-requeueable deps ti=<TaskInstance: weather_etl_pipeline_v2.extract manual__2026-04-13T08:18:50+00:00 [queued]>
[2026-04-13T08:18:52.508+0000] {taskinstance.py:2076} INFO - Dependencies all met for dep_context=requeueable deps ti=<TaskInstance: weather_etl_pipeline_v2.extract manual__2026-04-13T08:18:50+00:00 [queued]>
[2026-04-13T08:18:52.510+0000] {taskinstance.py:2306} INFO - Starting attempt 1 of 4
[2026-04-13T08:18:52.543+0000] {taskinstance.py:2330} INFO - Executing <Task(PythonOperator): extract> on 2026-04-13 08:18:50+00:00
[2026-04-13T08:18:52.557+0000] {standard_task_runner.py:90} INFO - Running: ['airflow', 'tasks', 'run', 'weather_etl_pipeline_v2', 'extract', 'manual__2026-04-13T08:18:50+00:00', '--job-id', '196', '--raw', '--subdir', 'DAGS_FOLDER/weather_etl_dag_v2.py', '--cfg-path', '/tmp/tmp1o5zn75w']
[2026-04-13T08:18:52.564+0000] {standard_task_runner.py:91} INFO - Job 196: Subtask extract
[2026-04-13T08:18:52.564+0000] {logging_mixin.py:188} WARNING - /home/airflow/.local/lib/python3.12/site-packages/airflow/task/task_runner/standard_task_runner.py:62 DeprecationWarning: This process (pid=752) is multi-threaded, use of fork() may lead to deadlocks in the child.
[2026-04-13T08:18:52.566+0000] {standard_task_runner.py:64} INFO - Started process 753 to run task
[2026-04-13T08:18:52.655+0000] {task_command.py:426} INFO - Running <TaskInstance: weather_etl_pipeline_v2.extract manual__2026-04-13T08:18:50+00:00 [running]> on host 0e50340581e5
[2026-04-13T08:18:52.789+0000] {taskinstance.py:2648} INFO - Exporting env vars: AIRFLOW_CTX_DAG_OWNER='weather_etl' AIRFLOW_CTX_DAG_ID='weather_etl_pipeline_v2' AIRFLOW_CTX_TASK_ID='extract' AIRFLOW_CTX_EXECUTION_DATE='2026-04-13T08:18:50+00:00' AIRFLOW_CTX_TRY_NUMBER='1' AIRFLOW_CTX_DAG_RUN_ID='manual__2026-04-13T08:18:50+00:00'
[2026-04-13T08:18:52.791+0000] {taskinstance.py:430} INFO - ::endgroup::
[2026-04-13T08:18:52.807+0000] {weather_etl_dag_v2.py:66} INFO - ============================================================
[2026-04-13T08:18:52.809+0000] {weather_etl_dag_v2.py:67} INFO - TASK: EXTRACT - Fetching weather data from API
[2026-04-13T08:18:52.811+0000] {weather_etl_dag_v2.py:68} INFO - ============================================================
[2026-04-13T08:18:52.819+0000] {weather_etl_dag_v2.py:91} INFO - Fetched 7 cities from database: ['ahmedabad', 'bengaluru', 'chennai', 'Delhi', 'islamabad', 'Mumbai', 'pune']
[2026-04-13T08:18:52.826+0000] {logging_mixin.py:188} WARNING - 2026-04-13 08:18:52 - scripts.extract - INFO - Starting extraction for cities: ahmedabad, bengaluru, chennai, Delhi, islamabad, Mumbai, pune
[2026-04-13T08:18:52.825+0000] {extract.py:126} INFO - Starting extraction for cities: ahmedabad, bengaluru, chennai, Delhi, islamabad, Mumbai, pune
[2026-04-13T08:18:52.828+0000] {logging_mixin.py:188} WARNING - 2026-04-13 08:18:52 - scripts.extract - INFO - Starting extraction for 7 cities
[2026-04-13T08:18:52.828+0000] {extract.py:96} INFO - Starting extraction for 7 cities
[2026-04-13T08:18:52.830+0000] {logging_mixin.py:188} WARNING - 2026-04-13 08:18:52 - scripts.extract - INFO - Fetching weather data for ahmedabad (attempt 1/3)
[2026-04-13T08:18:52.830+0000] {extract.py:47} INFO - Fetching weather data for ahmedabad (attempt 1/3)
[2026-04-13T08:18:53.163+0000] {logging_mixin.py:188} WARNING - 2026-04-13 08:18:53 - scripts.extract - INFO - Successfully fetched data for ahmedabad
[2026-04-13T08:18:53.162+0000] {extract.py:53} INFO - Successfully fetched data for ahmedabad
[2026-04-13T08:18:53.168+0000] {logging_mixin.py:188} WARNING - 2026-04-13 08:18:53 - scripts.extract - INFO - Fetching weather data for bengaluru (attempt 1/3)
[2026-04-13T08:18:53.167+0000] {extract.py:47} INFO - Fetching weather data for bengaluru (attempt 1/3)
[2026-04-13T08:18:53.532+0000] {logging_mixin.py:188} WARNING - 2026-04-13 08:18:53 - scripts.extract - INFO - Successfully fetched data for bengaluru
[2026-04-13T08:18:53.531+0000] {extract.py:53} INFO - Successfully fetched data for bengaluru
[2026-04-13T08:18:53.535+0000] {logging_mixin.py:188} WARNING - 2026-04-13 08:18:53 - scripts.extract - INFO - Fetching weather data for chennai (attempt 1/3)
[2026-04-13T08:18:53.535+0000] {extract.py:47} INFO - Fetching weather data for chennai (attempt 1/3)
[2026-04-13T08:18:53.853+0000] {logging_mixin.py:188} WARNING - 2026-04-13 08:18:53 - scripts.extract - INFO - Successfully fetched data for chennai
[2026-04-13T08:18:53.852+0000] {extract.py:53} INFO - Successfully fetched data for chennai
[2026-04-13T08:18:53.858+0000] {logging_mixin.py:188} WARNING - 2026-04-13 08:18:53 - scripts.extract - INFO - Fetching weather data for Delhi (attempt 1/3)
[2026-04-13T08:18:53.856+0000] {extract.py:47} INFO - Fetching weather data for Delhi (attempt 1/3)
[2026-04-13T08:18:54.165+0000] {logging_mixin.py:188} WARNING - 2026-04-13 08:18:54 - scripts.extract - INFO - Successfully fetched data for Delhi
[2026-04-13T08:18:54.163+0000] {extract.py:53} INFO - Successfully fetched data for Delhi
[2026-04-13T08:18:54.169+0000] {logging_mixin.py:188} WARNING - 2026-04-13 08:18:54 - scripts.extract - INFO - Fetching weather data for islamabad (attempt 1/3)
[2026-04-13T08:18:54.168+0000] {extract.py:47} INFO - Fetching weather data for islamabad (attempt 1/3)
[2026-04-13T08:18:54.576+0000] {logging_mixin.py:188} WARNING - 2026-04-13 08:18:54 - scripts.extract - INFO - Successfully fetched data for islamabad
[2026-04-13T08:18:54.575+0000] {extract.py:53} INFO - Successfully fetched data for islamabad
[2026-04-13T08:18:54.581+0000] {logging_mixin.py:188} WARNING - 2026-04-13 08:18:54 - scripts.extract - INFO - Fetching weather data for Mumbai (attempt 1/3)
[2026-04-13T08:18:54.580+0000] {extract.py:47} INFO - Fetching weather data for Mumbai (attempt 1/3)
[2026-04-13T08:18:54.917+0000] {logging_mixin.py:188} WARNING - 2026-04-13 08:18:54 - scripts.extract - INFO - Successfully fetched data for Mumbai
[2026-04-13T08:18:54.916+0000] {extract.py:53} INFO - Successfully fetched data for Mumbai
[2026-04-13T08:18:54.920+0000] {logging_mixin.py:188} WARNING - 2026-04-13 08:18:54 - scripts.extract - INFO - Fetching weather data for pune (attempt 1/3)
[2026-04-13T08:18:54.919+0000] {extract.py:47} INFO - Fetching weather data for pune (attempt 1/3)
[2026-04-13T08:18:55.240+0000] {logging_mixin.py:188} WARNING - 2026-04-13 08:18:55 - scripts.extract - INFO - Successfully fetched data for pune
[2026-04-13T08:18:55.240+0000] {extract.py:53} INFO - Successfully fetched data for pune
[2026-04-13T08:18:55.243+0000] {logging_mixin.py:188} WARNING - 2026-04-13 08:18:55 - scripts.extract - INFO - Extraction complete: 7 successful, 0 failed
[2026-04-13T08:18:55.242+0000] {extract.py:113} INFO - Extraction complete: 7 successful, 0 failed
[2026-04-13T08:18:55.246+0000] {logging_mixin.py:188} WARNING - 2026-04-13 08:18:55 - scripts.extract - INFO - Extracted 7 weather records
[2026-04-13T08:18:55.245+0000] {extract.py:130} INFO - Extracted 7 weather records
[2026-04-13T08:18:55.273+0000] {weather_etl_dag_v2.py:102} INFO - ✓ Extraction complete: 7 records fetched
[2026-04-13T08:18:55.274+0000] {python.py:237} INFO - Done. Returned value was: 7
[2026-04-13T08:18:55.275+0000] {taskinstance.py:441} INFO - ::group::Post task execution logs
[2026-04-13T08:18:55.310+0000] {taskinstance.py:1206} INFO - Marking task as SUCCESS. dag_id=weather_etl_pipeline_v2, task_id=extract, run_id=manual__2026-04-13T08:18:50+00:00, execution_date=20260413T081850, start_date=20260413T081852, end_date=20260413T081855
[2026-04-13T08:18:55.360+0000] {local_task_job_runner.py:243} INFO - Task exited with return code 0
[2026-04-13T08:18:55.404+0000] {taskinstance.py:3503} INFO - 1 downstream tasks scheduled from follow-on schedule check
[2026-04-13T08:18:55.409+0000] {local_task_job_runner.py:222} INFO - ::endgroup::
