[2026-04-09T11:11:10.274+0000] {local_task_job_runner.py:120} INFO - ::group::Pre task execution logs
[2026-04-09T11:11:10.343+0000] {taskinstance.py:2076} INFO - Dependencies all met for dep_context=non-requeueable deps ti=<TaskInstance: weather_etl_pipeline_mock.pipeline_complete scheduled__2026-04-08T02:00:00+00:00 [queued]>
[2026-04-09T11:11:10.360+0000] {taskinstance.py:2076} INFO - Dependencies all met for dep_context=requeueable deps ti=<TaskInstance: weather_etl_pipeline_mock.pipeline_complete scheduled__2026-04-08T02:00:00+00:00 [queued]>
[2026-04-09T11:11:10.362+0000] {taskinstance.py:2306} INFO - Starting attempt 1 of 3
[2026-04-09T11:11:10.388+0000] {taskinstance.py:2330} INFO - Executing <Task(PythonOperator): pipeline_complete> on 2026-04-08 02:00:00+00:00
[2026-04-09T11:11:10.409+0000] {logging_mixin.py:188} WARNING - /home/airflow/.local/lib/python3.12/site-packages/airflow/task/task_runner/standard_task_runner.py:62 DeprecationWarning: This process (pid=347) is multi-threaded, use of fork() may lead to deadlocks in the child.
[2026-04-09T11:11:10.406+0000] {standard_task_runner.py:90} INFO - Running: ['airflow', 'tasks', 'run', 'weather_etl_pipeline_mock', 'pipeline_complete', 'scheduled__2026-04-08T02:00:00+00:00', '--job-id', '24', '--raw', '--subdir', 'DAGS_FOLDER/weather_etl_dag_mock.py', '--cfg-path', '/tmp/tmp72pg0oz9']
[2026-04-09T11:11:10.413+0000] {standard_task_runner.py:64} INFO - Started process 349 to run task
[2026-04-09T11:11:10.413+0000] {standard_task_runner.py:91} INFO - Job 24: Subtask pipeline_complete
[2026-04-09T11:11:10.547+0000] {task_command.py:426} INFO - Running <TaskInstance: weather_etl_pipeline_mock.pipeline_complete scheduled__2026-04-08T02:00:00+00:00 [running]> on host bbdcd07d63cf
[2026-04-09T11:11:10.701+0000] {taskinstance.py:2648} INFO - Exporting env vars: AIRFLOW_CTX_DAG_OWNER='weather_etl' AIRFLOW_CTX_DAG_ID='weather_etl_pipeline_mock' AIRFLOW_CTX_TASK_ID='pipeline_complete' AIRFLOW_CTX_EXECUTION_DATE='2026-04-08T02:00:00+00:00' AIRFLOW_CTX_TRY_NUMBER='1' AIRFLOW_CTX_DAG_RUN_ID='scheduled__2026-04-08T02:00:00+00:00'
[2026-04-09T11:11:10.706+0000] {taskinstance.py:430} INFO - ::endgroup::
[2026-04-09T11:11:10.727+0000] {weather_etl_dag_mock.py:167} INFO - ============================================================
[2026-04-09T11:11:10.729+0000] {weather_etl_dag_mock.py:168} INFO - WEATHER ETL PIPELINE COMPLETED SUCCESSFULLY (MOCK DATA)
[2026-04-09T11:11:10.731+0000] {weather_etl_dag_mock.py:169} INFO - ============================================================
[2026-04-09T11:11:10.805+0000] {weather_etl_dag_mock.py:185} INFO - 
    Pipeline Summary:
    - Records Extracted: 5
    - Records Transformed: 5
    - Validation Rate: 100.0%
    - Records Loaded: 5
    
[2026-04-09T11:11:10.808+0000] {weather_etl_dag_mock.py:186} INFO - ============================================================
[2026-04-09T11:11:10.810+0000] {python.py:237} INFO - Done. Returned value was: None
[2026-04-09T11:11:10.811+0000] {taskinstance.py:441} INFO - ::group::Post task execution logs
[2026-04-09T11:11:10.830+0000] {taskinstance.py:1206} INFO - Marking task as SUCCESS. dag_id=weather_etl_pipeline_mock, task_id=pipeline_complete, run_id=scheduled__2026-04-08T02:00:00+00:00, execution_date=20260408T020000, start_date=20260409T111110, end_date=20260409T111110
[2026-04-09T11:11:10.872+0000] {local_task_job_runner.py:243} INFO - Task exited with return code 0
[2026-04-09T11:11:10.914+0000] {taskinstance.py:3503} INFO - 0 downstream tasks scheduled from follow-on schedule check
[2026-04-09T11:11:10.919+0000] {local_task_job_runner.py:222} INFO - ::endgroup::
