[2026-04-13T06:31:25.895+0000] {local_task_job_runner.py:120} INFO - ::group::Pre task execution logs
[2026-04-13T06:31:25.962+0000] {taskinstance.py:2076} INFO - Dependencies all met for dep_context=non-requeueable deps ti=<TaskInstance: weather_etl_pipeline_v2.extract scheduled__2026-04-12T02:00:00+00:00 [queued]>
[2026-04-13T06:31:25.982+0000] {taskinstance.py:2076} INFO - Dependencies all met for dep_context=requeueable deps ti=<TaskInstance: weather_etl_pipeline_v2.extract scheduled__2026-04-12T02:00:00+00:00 [queued]>
[2026-04-13T06:31:25.986+0000] {taskinstance.py:2306} INFO - Starting attempt 1 of 4
[2026-04-13T06:31:26.018+0000] {taskinstance.py:2330} INFO - Executing <Task(PythonOperator): extract> on 2026-04-12 02:00:00+00:00
[2026-04-13T06:31:26.034+0000] {logging_mixin.py:188} WARNING - /home/airflow/.local/lib/python3.12/site-packages/airflow/task/task_runner/standard_task_runner.py:62 DeprecationWarning: This process (pid=182) is multi-threaded, use of fork() may lead to deadlocks in the child.
[2026-04-13T06:31:26.031+0000] {standard_task_runner.py:90} INFO - Running: ['airflow', 'tasks', 'run', 'weather_etl_pipeline_v2', 'extract', 'scheduled__2026-04-12T02:00:00+00:00', '--job-id', '145', '--raw', '--subdir', 'DAGS_FOLDER/weather_etl_dag_v2.py', '--cfg-path', '/tmp/tmpjdw3e7og']
[2026-04-13T06:31:26.036+0000] {standard_task_runner.py:64} INFO - Started process 184 to run task
[2026-04-13T06:31:26.037+0000] {standard_task_runner.py:91} INFO - Job 145: Subtask extract
[2026-04-13T06:31:26.127+0000] {task_command.py:426} INFO - Running <TaskInstance: weather_etl_pipeline_v2.extract scheduled__2026-04-12T02:00:00+00:00 [running]> on host 9514c60f7b76
[2026-04-13T06:31:26.268+0000] {taskinstance.py:2648} INFO - Exporting env vars: AIRFLOW_CTX_DAG_OWNER='weather_etl' AIRFLOW_CTX_DAG_ID='weather_etl_pipeline_v2' AIRFLOW_CTX_TASK_ID='extract' AIRFLOW_CTX_EXECUTION_DATE='2026-04-12T02:00:00+00:00' AIRFLOW_CTX_TRY_NUMBER='1' AIRFLOW_CTX_DAG_RUN_ID='scheduled__2026-04-12T02:00:00+00:00'
[2026-04-13T06:31:26.271+0000] {taskinstance.py:430} INFO - ::endgroup::
[2026-04-13T06:31:26.290+0000] {weather_etl_dag_v2.py:66} INFO - ============================================================
[2026-04-13T06:31:26.293+0000] {weather_etl_dag_v2.py:67} INFO - TASK: EXTRACT - Fetching weather data from API
[2026-04-13T06:31:26.297+0000] {weather_etl_dag_v2.py:68} INFO - ============================================================
[2026-04-13T06:31:26.307+0000] {logging_mixin.py:188} WARNING - 2026-04-13 06:31:26 - scripts.extract - INFO - Starting extraction for cities: Ahmedabad, Mumbai, Delhi, Bangalore, Chennai
[2026-04-13T06:31:26.306+0000] {extract.py:126} INFO - Starting extraction for cities: Ahmedabad, Mumbai, Delhi, Bangalore, Chennai
[2026-04-13T06:31:26.309+0000] {logging_mixin.py:188} WARNING - 2026-04-13 06:31:26 - scripts.extract - INFO - Starting extraction for 5 cities
[2026-04-13T06:31:26.308+0000] {extract.py:96} INFO - Starting extraction for 5 cities
[2026-04-13T06:31:26.313+0000] {logging_mixin.py:188} WARNING - 2026-04-13 06:31:26 - scripts.extract - INFO - Fetching weather data for Ahmedabad (attempt 1/3)
[2026-04-13T06:31:26.312+0000] {extract.py:47} INFO - Fetching weather data for Ahmedabad (attempt 1/3)
[2026-04-13T06:31:26.676+0000] {logging_mixin.py:188} WARNING - 2026-04-13 06:31:26 - scripts.extract - INFO - Successfully fetched data for Ahmedabad
[2026-04-13T06:31:26.675+0000] {extract.py:53} INFO - Successfully fetched data for Ahmedabad
[2026-04-13T06:31:26.683+0000] {logging_mixin.py:188} WARNING - 2026-04-13 06:31:26 - scripts.extract - INFO - Fetching weather data for Mumbai (attempt 1/3)
[2026-04-13T06:31:26.682+0000] {extract.py:47} INFO - Fetching weather data for Mumbai (attempt 1/3)
[2026-04-13T06:31:26.984+0000] {logging_mixin.py:188} WARNING - 2026-04-13 06:31:26 - scripts.extract - INFO - Successfully fetched data for Mumbai
[2026-04-13T06:31:26.983+0000] {extract.py:53} INFO - Successfully fetched data for Mumbai
[2026-04-13T06:31:26.987+0000] {logging_mixin.py:188} WARNING - 2026-04-13 06:31:26 - scripts.extract - INFO - Fetching weather data for Delhi (attempt 1/3)
[2026-04-13T06:31:26.986+0000] {extract.py:47} INFO - Fetching weather data for Delhi (attempt 1/3)
[2026-04-13T06:31:27.289+0000] {logging_mixin.py:188} WARNING - 2026-04-13 06:31:27 - scripts.extract - INFO - Successfully fetched data for Delhi
[2026-04-13T06:31:27.288+0000] {extract.py:53} INFO - Successfully fetched data for Delhi
[2026-04-13T06:31:27.293+0000] {logging_mixin.py:188} WARNING - 2026-04-13 06:31:27 - scripts.extract - INFO - Fetching weather data for Bangalore (attempt 1/3)
[2026-04-13T06:31:27.291+0000] {extract.py:47} INFO - Fetching weather data for Bangalore (attempt 1/3)
[2026-04-13T06:31:27.599+0000] {logging_mixin.py:188} WARNING - 2026-04-13 06:31:27 - scripts.extract - INFO - Successfully fetched data for Bangalore
[2026-04-13T06:31:27.599+0000] {extract.py:53} INFO - Successfully fetched data for Bangalore
[2026-04-13T06:31:27.603+0000] {logging_mixin.py:188} WARNING - 2026-04-13 06:31:27 - scripts.extract - INFO - Fetching weather data for Chennai (attempt 1/3)
[2026-04-13T06:31:27.601+0000] {extract.py:47} INFO - Fetching weather data for Chennai (attempt 1/3)
[2026-04-13T06:31:27.899+0000] {logging_mixin.py:188} WARNING - 2026-04-13 06:31:27 - scripts.extract - INFO - Successfully fetched data for Chennai
[2026-04-13T06:31:27.899+0000] {extract.py:53} INFO - Successfully fetched data for Chennai
[2026-04-13T06:31:27.903+0000] {logging_mixin.py:188} WARNING - 2026-04-13 06:31:27 - scripts.extract - INFO - Extraction complete: 5 successful, 0 failed
[2026-04-13T06:31:27.901+0000] {extract.py:113} INFO - Extraction complete: 5 successful, 0 failed
[2026-04-13T06:31:27.904+0000] {logging_mixin.py:188} WARNING - 2026-04-13 06:31:27 - scripts.extract - INFO - Extracted 5 weather records
[2026-04-13T06:31:27.904+0000] {extract.py:130} INFO - Extracted 5 weather records
[2026-04-13T06:31:27.931+0000] {weather_etl_dag_v2.py:77} INFO - ✓ Extraction complete: 5 records fetched
[2026-04-13T06:31:27.932+0000] {python.py:237} INFO - Done. Returned value was: 5
[2026-04-13T06:31:27.934+0000] {taskinstance.py:441} INFO - ::group::Post task execution logs
[2026-04-13T06:31:27.966+0000] {taskinstance.py:1206} INFO - Marking task as SUCCESS. dag_id=weather_etl_pipeline_v2, task_id=extract, run_id=scheduled__2026-04-12T02:00:00+00:00, execution_date=20260412T020000, start_date=20260413T063125, end_date=20260413T063127
[2026-04-13T06:31:28.026+0000] {local_task_job_runner.py:243} INFO - Task exited with return code 0
[2026-04-13T06:31:28.074+0000] {taskinstance.py:3503} INFO - 1 downstream tasks scheduled from follow-on schedule check
[2026-04-13T06:31:28.077+0000] {local_task_job_runner.py:222} INFO - ::endgroup::
