[2026-04-09T11:11:06.052+0000] {local_task_job_runner.py:120} INFO - ::group::Pre task execution logs
[2026-04-09T11:11:06.111+0000] {taskinstance.py:2076} INFO - Dependencies all met for dep_context=non-requeueable deps ti=<TaskInstance: weather_etl_pipeline_mock.quality_check manual__2026-04-09T11:10:58.868818+00:00 [queued]>
[2026-04-09T11:11:06.128+0000] {taskinstance.py:2076} INFO - Dependencies all met for dep_context=requeueable deps ti=<TaskInstance: weather_etl_pipeline_mock.quality_check manual__2026-04-09T11:10:58.868818+00:00 [queued]>
[2026-04-09T11:11:06.131+0000] {taskinstance.py:2306} INFO - Starting attempt 1 of 3
[2026-04-09T11:11:06.161+0000] {taskinstance.py:2330} INFO - Executing <Task(PythonOperator): quality_check> on 2026-04-09 11:10:58.868818+00:00
[2026-04-09T11:11:06.178+0000] {standard_task_runner.py:90} INFO - Running: ['airflow', 'tasks', 'run', 'weather_etl_pipeline_mock', 'quality_check', 'manual__2026-04-09T11:10:58.868818+00:00', '--job-id', '20', '--raw', '--subdir', 'DAGS_FOLDER/weather_etl_dag_mock.py', '--cfg-path', '/tmp/tmpm9wh9uqi']
[2026-04-09T11:11:06.185+0000] {standard_task_runner.py:91} INFO - Job 20: Subtask quality_check
[2026-04-09T11:11:06.188+0000] {logging_mixin.py:188} WARNING - /home/airflow/.local/lib/python3.12/site-packages/airflow/task/task_runner/standard_task_runner.py:62 DeprecationWarning: This process (pid=335) is multi-threaded, use of fork() may lead to deadlocks in the child.
[2026-04-09T11:11:06.191+0000] {standard_task_runner.py:64} INFO - Started process 336 to run task
[2026-04-09T11:11:06.316+0000] {task_command.py:426} INFO - Running <TaskInstance: weather_etl_pipeline_mock.quality_check manual__2026-04-09T11:10:58.868818+00:00 [running]> on host bbdcd07d63cf
[2026-04-09T11:11:06.519+0000] {taskinstance.py:2648} INFO - Exporting env vars: AIRFLOW_CTX_DAG_OWNER='weather_etl' AIRFLOW_CTX_DAG_ID='weather_etl_pipeline_mock' AIRFLOW_CTX_TASK_ID='quality_check' AIRFLOW_CTX_EXECUTION_DATE='2026-04-09T11:10:58.868818+00:00' AIRFLOW_CTX_TRY_NUMBER='1' AIRFLOW_CTX_DAG_RUN_ID='manual__2026-04-09T11:10:58.868818+00:00'
[2026-04-09T11:11:06.524+0000] {taskinstance.py:430} INFO - ::endgroup::
[2026-04-09T11:11:06.560+0000] {logger.py:59} INFO - ============================================================
[2026-04-09T11:11:06.564+0000] {logger.py:60} INFO - Starting Data Quality Check
[2026-04-09T11:11:06.565+0000] {logger.py:61} INFO - Execution time: 2026-04-09 11:11:06
[2026-04-09T11:11:06.566+0000] {logger.py:62} INFO - ============================================================
[2026-04-09T11:11:06.602+0000] {logging_mixin.py:188} WARNING - 2026-04-09 11:11:06 - scripts.validate - INFO - Starting data quality validation for 5 records
[2026-04-09T11:11:06.601+0000] {validate.py:201} INFO - Starting data quality validation for 5 records
[2026-04-09T11:11:06.605+0000] {logging_mixin.py:188} WARNING - 2026-04-09 11:11:06 - scripts.validate - INFO - Validation complete: 5 valid, 0 invalid (100.0% pass rate)
[2026-04-09T11:11:06.604+0000] {validate.py:228} INFO - Validation complete: 5 valid, 0 invalid (100.0% pass rate)
[2026-04-09T11:11:06.606+0000] {weather_etl_dag_mock.py:122} INFO - 
============================================================
DATA QUALITY VALIDATION REPORT
============================================================
Total Records: 5
Valid Records: 5
Invalid Records: 0
Validation Rate: 100.0%

============================================================
[2026-04-09T11:11:06.647+0000] {logger.py:67} INFO - ============================================================
[2026-04-09T11:11:06.649+0000] {logger.py:68} INFO - Finished Data Quality Check
[2026-04-09T11:11:06.650+0000] {logger.py:69} INFO - Status: SUCCESS
[2026-04-09T11:11:06.653+0000] {logger.py:70} INFO - Execution time: 2026-04-09 11:11:06
[2026-04-09T11:11:06.654+0000] {logger.py:71} INFO - ============================================================
[2026-04-09T11:11:06.655+0000] {python.py:237} INFO - Done. Returned value was: 100.0
[2026-04-09T11:11:06.656+0000] {taskinstance.py:441} INFO - ::group::Post task execution logs
[2026-04-09T11:11:06.697+0000] {taskinstance.py:1206} INFO - Marking task as SUCCESS. dag_id=weather_etl_pipeline_mock, task_id=quality_check, run_id=manual__2026-04-09T11:10:58.868818+00:00, execution_date=20260409T111058, start_date=20260409T111106, end_date=20260409T111106
[2026-04-09T11:11:06.733+0000] {local_task_job_runner.py:243} INFO - Task exited with return code 0
[2026-04-09T11:11:06.786+0000] {taskinstance.py:3503} INFO - 1 downstream tasks scheduled from follow-on schedule check
[2026-04-09T11:11:06.789+0000] {local_task_job_runner.py:222} INFO - ::endgroup::
