[2026-04-16T12:03:09.922+0000] {local_task_job_runner.py:120} INFO - ::group::Pre task execution logs
[2026-04-16T12:03:09.965+0000] {taskinstance.py:2076} INFO - Dependencies all met for dep_context=non-requeueable deps ti=<TaskInstance: weather_etl_pipeline_v2.load_raw manual__2026-04-16T12:03:03.198337+00:00 [queued]>
[2026-04-16T12:03:09.978+0000] {taskinstance.py:2076} INFO - Dependencies all met for dep_context=requeueable deps ti=<TaskInstance: weather_etl_pipeline_v2.load_raw manual__2026-04-16T12:03:03.198337+00:00 [queued]>
[2026-04-16T12:03:09.979+0000] {taskinstance.py:2306} INFO - Starting attempt 1 of 4
[2026-04-16T12:03:09.999+0000] {taskinstance.py:2330} INFO - Executing <Task(PythonOperator): load_raw> on 2026-04-16 12:03:03.198337+00:00
[2026-04-16T12:03:10.007+0000] {logging_mixin.py:188} WARNING - /home/airflow/.local/lib/python3.12/site-packages/airflow/task/task_runner/standard_task_runner.py:62 DeprecationWarning: This process (pid=360) is multi-threaded, use of fork() may lead to deadlocks in the child.
[2026-04-16T12:03:10.007+0000] {standard_task_runner.py:90} INFO - Running: ['airflow', 'tasks', 'run', 'weather_etl_pipeline_v2', 'load_raw', 'manual__2026-04-16T12:03:03.198337+00:00', '--job-id', '99', '--raw', '--subdir', 'DAGS_FOLDER/weather_etl_dag_v2.py', '--cfg-path', '/tmp/tmps2gee3td']
[2026-04-16T12:03:10.009+0000] {standard_task_runner.py:64} INFO - Started process 361 to run task
[2026-04-16T12:03:10.010+0000] {standard_task_runner.py:91} INFO - Job 99: Subtask load_raw
[2026-04-16T12:03:10.081+0000] {task_command.py:426} INFO - Running <TaskInstance: weather_etl_pipeline_v2.load_raw manual__2026-04-16T12:03:03.198337+00:00 [running]> on host 88d0b309bcf7
[2026-04-16T12:03:10.195+0000] {taskinstance.py:2648} INFO - Exporting env vars: AIRFLOW_CTX_DAG_OWNER='weather_etl' AIRFLOW_CTX_DAG_ID='weather_etl_pipeline_v2' AIRFLOW_CTX_TASK_ID='load_raw' AIRFLOW_CTX_EXECUTION_DATE='2026-04-16T12:03:03.198337+00:00' AIRFLOW_CTX_TRY_NUMBER='1' AIRFLOW_CTX_DAG_RUN_ID='manual__2026-04-16T12:03:03.198337+00:00'
[2026-04-16T12:03:10.196+0000] {taskinstance.py:430} INFO - ::endgroup::
[2026-04-16T12:03:10.212+0000] {weather_etl_dag_v2.py:141} INFO - ============================================================
[2026-04-16T12:03:10.215+0000] {weather_etl_dag_v2.py:142} INFO - TASK: LOAD_RAW — Persisting raw API responses to weather_raw
[2026-04-16T12:03:10.216+0000] {weather_etl_dag_v2.py:143} INFO - ============================================================
[2026-04-16T12:03:10.238+0000] {logging_mixin.py:188} WARNING - 2026-04-16 12:03:10 - scripts.load_raw - INFO - Starting raw data load for 9 records
[2026-04-16T12:03:10.237+0000] {load_raw.py:154} INFO - Starting raw data load for 9 records
[2026-04-16T12:03:10.246+0000] {logging_mixin.py:188} WARNING - 2026-04-16 12:03:10 - scripts.load_raw - INFO - Successfully connected to PostgreSQL database
[2026-04-16T12:03:10.245+0000] {load_raw.py:38} INFO - Successfully connected to PostgreSQL database
[2026-04-16T12:03:10.249+0000] {logging_mixin.py:188} WARNING - 2026-04-16 12:03:10 - scripts.load_raw - INFO - Table 'weather_raw' created or already exists
[2026-04-16T12:03:10.248+0000] {load_raw.py:88} INFO - Table 'weather_raw' created or already exists
[2026-04-16T12:03:10.262+0000] {logging_mixin.py:188} WARNING - 2026-04-16 12:03:10 - scripts.load_raw - INFO - Raw data load complete: 9 inserted, 0 skipped (duplicates)
[2026-04-16T12:03:10.261+0000] {load_raw.py:183} INFO - Raw data load complete: 9 inserted, 0 skipped (duplicates)
[2026-04-16T12:03:10.265+0000] {logging_mixin.py:188} WARNING - 2026-04-16 12:03:10 - scripts.load_raw - INFO - Database connection closed
[2026-04-16T12:03:10.264+0000] {load_raw.py:53} INFO - Database connection closed
[2026-04-16T12:03:10.267+0000] {weather_etl_dag_v2.py:155} INFO - ✓ Raw load complete: 9 upserted, 0 skipped (duplicates)
[2026-04-16T12:03:10.268+0000] {python.py:237} INFO - Done. Returned value was: 9
[2026-04-16T12:03:10.269+0000] {taskinstance.py:441} INFO - ::group::Post task execution logs
[2026-04-16T12:03:10.298+0000] {taskinstance.py:1206} INFO - Marking task as SUCCESS. dag_id=weather_etl_pipeline_v2, task_id=load_raw, run_id=manual__2026-04-16T12:03:03.198337+00:00, execution_date=20260416T120303, start_date=20260416T120309, end_date=20260416T120310
[2026-04-16T12:03:10.346+0000] {local_task_job_runner.py:243} INFO - Task exited with return code 0
[2026-04-16T12:03:10.381+0000] {taskinstance.py:3503} INFO - 1 downstream tasks scheduled from follow-on schedule check
[2026-04-16T12:03:10.384+0000] {local_task_job_runner.py:222} INFO - ::endgroup::
