[2026-04-11T11:45:10.763+0000] {local_task_job_runner.py:120} INFO - ::group::Pre task execution logs
[2026-04-11T11:45:10.875+0000] {taskinstance.py:2076} INFO - Dependencies all met for dep_context=non-requeueable deps ti=<TaskInstance: weather_etl_pipeline_v2.transform_clean manual__2026-04-11T11:45:03.699328+00:00 [queued]>
[2026-04-11T11:45:10.894+0000] {taskinstance.py:2076} INFO - Dependencies all met for dep_context=requeueable deps ti=<TaskInstance: weather_etl_pipeline_v2.transform_clean manual__2026-04-11T11:45:03.699328+00:00 [queued]>
[2026-04-11T11:45:10.896+0000] {taskinstance.py:2306} INFO - Starting attempt 1 of 4
[2026-04-11T11:45:10.920+0000] {taskinstance.py:2330} INFO - Executing <Task(PythonOperator): transform_clean> on 2026-04-11 11:45:03.699328+00:00
[2026-04-11T11:45:10.929+0000] {standard_task_runner.py:90} INFO - Running: ['airflow', 'tasks', 'run', 'weather_etl_pipeline_v2', 'transform_clean', 'manual__2026-04-11T11:45:03.699328+00:00', '--job-id', '138', '--raw', '--subdir', 'DAGS_FOLDER/weather_etl_dag_v2.py', '--cfg-path', '/tmp/tmpm578v7q4']
[2026-04-11T11:45:10.933+0000] {logging_mixin.py:188} WARNING - /home/airflow/.local/lib/python3.12/site-packages/airflow/task/task_runner/standard_task_runner.py:62 DeprecationWarning: This process (pid=236) is multi-threaded, use of fork() may lead to deadlocks in the child.
[2026-04-11T11:45:10.934+0000] {standard_task_runner.py:91} INFO - Job 138: Subtask transform_clean
[2026-04-11T11:45:10.934+0000] {standard_task_runner.py:64} INFO - Started process 237 to run task
[2026-04-11T11:45:11.020+0000] {task_command.py:426} INFO - Running <TaskInstance: weather_etl_pipeline_v2.transform_clean manual__2026-04-11T11:45:03.699328+00:00 [running]> on host 9514c60f7b76
[2026-04-11T11:45:11.203+0000] {taskinstance.py:2648} INFO - Exporting env vars: AIRFLOW_CTX_DAG_OWNER='weather_etl' AIRFLOW_CTX_DAG_ID='weather_etl_pipeline_v2' AIRFLOW_CTX_TASK_ID='transform_clean' AIRFLOW_CTX_EXECUTION_DATE='2026-04-11T11:45:03.699328+00:00' AIRFLOW_CTX_TRY_NUMBER='1' AIRFLOW_CTX_DAG_RUN_ID='manual__2026-04-11T11:45:03.699328+00:00'
[2026-04-11T11:45:11.205+0000] {taskinstance.py:430} INFO - ::endgroup::
[2026-04-11T11:45:11.228+0000] {weather_etl_dag_v2.py:123} INFO - ============================================================
[2026-04-11T11:45:11.231+0000] {weather_etl_dag_v2.py:124} INFO - TASK: TRANSFORM_CLEAN - Transform and load clean data
[2026-04-11T11:45:11.233+0000] {weather_etl_dag_v2.py:125} INFO - ============================================================
[2026-04-11T11:45:11.268+0000] {logging_mixin.py:188} WARNING - 2026-04-11 11:45:11 - scripts.load_raw - INFO - Successfully connected to PostgreSQL database
[2026-04-11T11:45:11.267+0000] {load_raw.py:38} INFO - Successfully connected to PostgreSQL database
[2026-04-11T11:45:11.280+0000] {logging_mixin.py:188} WARNING - 2026-04-11 11:45:11 - scripts.load_raw - INFO - Retrieved 40 unprocessed raw records
[2026-04-11T11:45:11.278+0000] {load_raw.py:206} INFO - Retrieved 40 unprocessed raw records
[2026-04-11T11:45:11.284+0000] {logging_mixin.py:188} WARNING - 2026-04-11 11:45:11 - scripts.load_raw - INFO - Database connection closed
[2026-04-11T11:45:11.283+0000] {load_raw.py:53} INFO - Database connection closed
[2026-04-11T11:45:11.287+0000] {logging_mixin.py:188} WARNING - 2026-04-11 11:45:11 - scripts.load_clean - INFO - Starting transformation and load for 40 raw records
[2026-04-11T11:45:11.286+0000] {load_clean.py:214} INFO - Starting transformation and load for 40 raw records
[2026-04-11T11:45:11.305+0000] {logging_mixin.py:188} WARNING - 2026-04-11 11:45:11 - scripts.load_clean - INFO - Successfully connected to PostgreSQL database
[2026-04-11T11:45:11.303+0000] {load_clean.py:41} INFO - Successfully connected to PostgreSQL database
[2026-04-11T11:45:11.313+0000] {logging_mixin.py:188} WARNING - 2026-04-11 11:45:11 - scripts.load_clean - INFO - Table 'weather_clean' created or already exists
[2026-04-11T11:45:11.312+0000] {load_clean.py:91} INFO - Table 'weather_clean' created or already exists
[2026-04-11T11:45:11.322+0000] {logging_mixin.py:188} WARNING - 2026-04-11 11:45:11 - scripts.load_clean - ERROR - Error inserting clean record for Ahmedabad: duplicate key value violates unique constraint "weather_clean_pkey"
DETAIL:  Key (city_name, recorded_at)=(Ahmedabad, 2026-04-11 11:00:02) already exists.
[2026-04-11T11:45:11.321+0000] {load_clean.py:197} ERROR - Error inserting clean record for Ahmedabad: duplicate key value violates unique constraint "weather_clean_pkey"
DETAIL:  Key (city_name, recorded_at)=(Ahmedabad, 2026-04-11 11:00:02) already exists.

[2026-04-11T11:45:11.332+0000] {logging_mixin.py:188} WARNING - 2026-04-11 11:45:11 - scripts.load_clean - ERROR - Error inserting clean record for Mumbai: current transaction is aborted, commands ignored until end of transaction block
[2026-04-11T11:45:11.330+0000] {load_clean.py:197} ERROR - Error inserting clean record for Mumbai: current transaction is aborted, commands ignored until end of transaction block

[2026-04-11T11:45:11.338+0000] {logging_mixin.py:188} WARNING - 2026-04-11 11:45:11 - scripts.load_clean - ERROR - Error inserting clean record for Delhi: current transaction is aborted, commands ignored until end of transaction block
[2026-04-11T11:45:11.337+0000] {load_clean.py:197} ERROR - Error inserting clean record for Delhi: current transaction is aborted, commands ignored until end of transaction block

[2026-04-11T11:45:11.344+0000] {logging_mixin.py:188} WARNING - 2026-04-11 11:45:11 - scripts.load_clean - ERROR - Error inserting clean record for Bengaluru: current transaction is aborted, commands ignored until end of transaction block
[2026-04-11T11:45:11.343+0000] {load_clean.py:197} ERROR - Error inserting clean record for Bengaluru: current transaction is aborted, commands ignored until end of transaction block

[2026-04-11T11:45:11.350+0000] {logging_mixin.py:188} WARNING - 2026-04-11 11:45:11 - scripts.load_clean - ERROR - Error inserting clean record for Chennai: current transaction is aborted, commands ignored until end of transaction block
[2026-04-11T11:45:11.349+0000] {load_clean.py:197} ERROR - Error inserting clean record for Chennai: current transaction is aborted, commands ignored until end of transaction block

[2026-04-11T11:45:11.357+0000] {logging_mixin.py:188} WARNING - 2026-04-11 11:45:11 - scripts.load_clean - ERROR - Error inserting clean record for Ahmedabad: current transaction is aborted, commands ignored until end of transaction block
[2026-04-11T11:45:11.355+0000] {load_clean.py:197} ERROR - Error inserting clean record for Ahmedabad: current transaction is aborted, commands ignored until end of transaction block

[2026-04-11T11:45:11.364+0000] {logging_mixin.py:188} WARNING - 2026-04-11 11:45:11 - scripts.load_clean - ERROR - Error inserting clean record for Mumbai: current transaction is aborted, commands ignored until end of transaction block
[2026-04-11T11:45:11.362+0000] {load_clean.py:197} ERROR - Error inserting clean record for Mumbai: current transaction is aborted, commands ignored until end of transaction block

[2026-04-11T11:45:11.369+0000] {logging_mixin.py:188} WARNING - 2026-04-11 11:45:11 - scripts.load_clean - ERROR - Error inserting clean record for Delhi: current transaction is aborted, commands ignored until end of transaction block
[2026-04-11T11:45:11.368+0000] {load_clean.py:197} ERROR - Error inserting clean record for Delhi: current transaction is aborted, commands ignored until end of transaction block

[2026-04-11T11:45:11.378+0000] {logging_mixin.py:188} WARNING - 2026-04-11 11:45:11 - scripts.load_clean - ERROR - Error inserting clean record for Bengaluru: current transaction is aborted, commands ignored until end of transaction block
[2026-04-11T11:45:11.376+0000] {load_clean.py:197} ERROR - Error inserting clean record for Bengaluru: current transaction is aborted, commands ignored until end of transaction block

[2026-04-11T11:45:11.384+0000] {logging_mixin.py:188} WARNING - 2026-04-11 11:45:11 - scripts.load_clean - ERROR - Error inserting clean record for Chennai: current transaction is aborted, commands ignored until end of transaction block
[2026-04-11T11:45:11.383+0000] {load_clean.py:197} ERROR - Error inserting clean record for Chennai: current transaction is aborted, commands ignored until end of transaction block

[2026-04-11T11:45:11.392+0000] {logging_mixin.py:188} WARNING - 2026-04-11 11:45:11 - scripts.load_clean - ERROR - Error inserting clean record for Ahmedabad: current transaction is aborted, commands ignored until end of transaction block
[2026-04-11T11:45:11.391+0000] {load_clean.py:197} ERROR - Error inserting clean record for Ahmedabad: current transaction is aborted, commands ignored until end of transaction block

[2026-04-11T11:45:11.399+0000] {logging_mixin.py:188} WARNING - 2026-04-11 11:45:11 - scripts.load_clean - ERROR - Error inserting clean record for Mumbai: current transaction is aborted, commands ignored until end of transaction block
[2026-04-11T11:45:11.398+0000] {load_clean.py:197} ERROR - Error inserting clean record for Mumbai: current transaction is aborted, commands ignored until end of transaction block

[2026-04-11T11:45:11.404+0000] {logging_mixin.py:188} WARNING - 2026-04-11 11:45:11 - scripts.load_clean - ERROR - Error inserting clean record for Delhi: current transaction is aborted, commands ignored until end of transaction block
[2026-04-11T11:45:11.403+0000] {load_clean.py:197} ERROR - Error inserting clean record for Delhi: current transaction is aborted, commands ignored until end of transaction block

[2026-04-11T11:45:11.408+0000] {logging_mixin.py:188} WARNING - 2026-04-11 11:45:11 - scripts.load_clean - ERROR - Error inserting clean record for Bengaluru: current transaction is aborted, commands ignored until end of transaction block
[2026-04-11T11:45:11.407+0000] {load_clean.py:197} ERROR - Error inserting clean record for Bengaluru: current transaction is aborted, commands ignored until end of transaction block

[2026-04-11T11:45:11.412+0000] {logging_mixin.py:188} WARNING - 2026-04-11 11:45:11 - scripts.load_clean - ERROR - Error inserting clean record for Chennai: current transaction is aborted, commands ignored until end of transaction block
[2026-04-11T11:45:11.411+0000] {load_clean.py:197} ERROR - Error inserting clean record for Chennai: current transaction is aborted, commands ignored until end of transaction block

[2026-04-11T11:45:11.416+0000] {logging_mixin.py:188} WARNING - 2026-04-11 11:45:11 - scripts.load_clean - ERROR - Error inserting clean record for Ahmedabad: current transaction is aborted, commands ignored until end of transaction block
[2026-04-11T11:45:11.415+0000] {load_clean.py:197} ERROR - Error inserting clean record for Ahmedabad: current transaction is aborted, commands ignored until end of transaction block

[2026-04-11T11:45:11.421+0000] {logging_mixin.py:188} WARNING - 2026-04-11 11:45:11 - scripts.load_clean - ERROR - Error inserting clean record for Mumbai: current transaction is aborted, commands ignored until end of transaction block
[2026-04-11T11:45:11.420+0000] {load_clean.py:197} ERROR - Error inserting clean record for Mumbai: current transaction is aborted, commands ignored until end of transaction block

[2026-04-11T11:45:11.425+0000] {logging_mixin.py:188} WARNING - 2026-04-11 11:45:11 - scripts.load_clean - ERROR - Error inserting clean record for Delhi: current transaction is aborted, commands ignored until end of transaction block
[2026-04-11T11:45:11.425+0000] {load_clean.py:197} ERROR - Error inserting clean record for Delhi: current transaction is aborted, commands ignored until end of transaction block

[2026-04-11T11:45:11.429+0000] {logging_mixin.py:188} WARNING - 2026-04-11 11:45:11 - scripts.load_clean - ERROR - Error inserting clean record for Bengaluru: current transaction is aborted, commands ignored until end of transaction block
[2026-04-11T11:45:11.428+0000] {load_clean.py:197} ERROR - Error inserting clean record for Bengaluru: current transaction is aborted, commands ignored until end of transaction block

[2026-04-11T11:45:11.432+0000] {logging_mixin.py:188} WARNING - 2026-04-11 11:45:11 - scripts.load_clean - ERROR - Error inserting clean record for Chennai: current transaction is aborted, commands ignored until end of transaction block
[2026-04-11T11:45:11.431+0000] {load_clean.py:197} ERROR - Error inserting clean record for Chennai: current transaction is aborted, commands ignored until end of transaction block

[2026-04-11T11:45:11.437+0000] {logging_mixin.py:188} WARNING - 2026-04-11 11:45:11 - scripts.load_clean - ERROR - Error inserting clean record for Ahmedabad: current transaction is aborted, commands ignored until end of transaction block
[2026-04-11T11:45:11.436+0000] {load_clean.py:197} ERROR - Error inserting clean record for Ahmedabad: current transaction is aborted, commands ignored until end of transaction block

[2026-04-11T11:45:11.441+0000] {logging_mixin.py:188} WARNING - 2026-04-11 11:45:11 - scripts.load_clean - ERROR - Error inserting clean record for Mumbai: current transaction is aborted, commands ignored until end of transaction block
[2026-04-11T11:45:11.440+0000] {load_clean.py:197} ERROR - Error inserting clean record for Mumbai: current transaction is aborted, commands ignored until end of transaction block

[2026-04-11T11:45:11.444+0000] {logging_mixin.py:188} WARNING - 2026-04-11 11:45:11 - scripts.load_clean - ERROR - Error inserting clean record for Delhi: current transaction is aborted, commands ignored until end of transaction block
[2026-04-11T11:45:11.444+0000] {load_clean.py:197} ERROR - Error inserting clean record for Delhi: current transaction is aborted, commands ignored until end of transaction block

[2026-04-11T11:45:11.447+0000] {logging_mixin.py:188} WARNING - 2026-04-11 11:45:11 - scripts.load_clean - ERROR - Error inserting clean record for Bengaluru: current transaction is aborted, commands ignored until end of transaction block
[2026-04-11T11:45:11.446+0000] {load_clean.py:197} ERROR - Error inserting clean record for Bengaluru: current transaction is aborted, commands ignored until end of transaction block

[2026-04-11T11:45:11.451+0000] {logging_mixin.py:188} WARNING - 2026-04-11 11:45:11 - scripts.load_clean - ERROR - Error inserting clean record for Chennai: current transaction is aborted, commands ignored until end of transaction block
[2026-04-11T11:45:11.451+0000] {load_clean.py:197} ERROR - Error inserting clean record for Chennai: current transaction is aborted, commands ignored until end of transaction block

[2026-04-11T11:45:11.454+0000] {logging_mixin.py:188} WARNING - 2026-04-11 11:45:11 - scripts.load_clean - ERROR - Error inserting clean record for Ahmedabad: current transaction is aborted, commands ignored until end of transaction block
[2026-04-11T11:45:11.453+0000] {load_clean.py:197} ERROR - Error inserting clean record for Ahmedabad: current transaction is aborted, commands ignored until end of transaction block

[2026-04-11T11:45:11.457+0000] {logging_mixin.py:188} WARNING - 2026-04-11 11:45:11 - scripts.load_clean - ERROR - Error inserting clean record for Mumbai: current transaction is aborted, commands ignored until end of transaction block
[2026-04-11T11:45:11.457+0000] {load_clean.py:197} ERROR - Error inserting clean record for Mumbai: current transaction is aborted, commands ignored until end of transaction block

[2026-04-11T11:45:11.460+0000] {logging_mixin.py:188} WARNING - 2026-04-11 11:45:11 - scripts.load_clean - ERROR - Error inserting clean record for Delhi: current transaction is aborted, commands ignored until end of transaction block
[2026-04-11T11:45:11.460+0000] {load_clean.py:197} ERROR - Error inserting clean record for Delhi: current transaction is aborted, commands ignored until end of transaction block

[2026-04-11T11:45:11.464+0000] {logging_mixin.py:188} WARNING - 2026-04-11 11:45:11 - scripts.load_clean - ERROR - Error inserting clean record for Bengaluru: current transaction is aborted, commands ignored until end of transaction block
[2026-04-11T11:45:11.463+0000] {load_clean.py:197} ERROR - Error inserting clean record for Bengaluru: current transaction is aborted, commands ignored until end of transaction block

[2026-04-11T11:45:11.467+0000] {logging_mixin.py:188} WARNING - 2026-04-11 11:45:11 - scripts.load_clean - ERROR - Error inserting clean record for Chennai: current transaction is aborted, commands ignored until end of transaction block
[2026-04-11T11:45:11.466+0000] {load_clean.py:197} ERROR - Error inserting clean record for Chennai: current transaction is aborted, commands ignored until end of transaction block

[2026-04-11T11:45:11.471+0000] {logging_mixin.py:188} WARNING - 2026-04-11 11:45:11 - scripts.load_clean - ERROR - Error inserting clean record for Ahmedabad: current transaction is aborted, commands ignored until end of transaction block
[2026-04-11T11:45:11.470+0000] {load_clean.py:197} ERROR - Error inserting clean record for Ahmedabad: current transaction is aborted, commands ignored until end of transaction block

[2026-04-11T11:45:11.474+0000] {logging_mixin.py:188} WARNING - 2026-04-11 11:45:11 - scripts.load_clean - ERROR - Error inserting clean record for Mumbai: current transaction is aborted, commands ignored until end of transaction block
[2026-04-11T11:45:11.473+0000] {load_clean.py:197} ERROR - Error inserting clean record for Mumbai: current transaction is aborted, commands ignored until end of transaction block

[2026-04-11T11:45:11.478+0000] {logging_mixin.py:188} WARNING - 2026-04-11 11:45:11 - scripts.load_clean - ERROR - Error inserting clean record for Delhi: current transaction is aborted, commands ignored until end of transaction block
[2026-04-11T11:45:11.477+0000] {load_clean.py:197} ERROR - Error inserting clean record for Delhi: current transaction is aborted, commands ignored until end of transaction block

[2026-04-11T11:45:11.481+0000] {logging_mixin.py:188} WARNING - 2026-04-11 11:45:11 - scripts.load_clean - ERROR - Error inserting clean record for Bengaluru: current transaction is aborted, commands ignored until end of transaction block
[2026-04-11T11:45:11.480+0000] {load_clean.py:197} ERROR - Error inserting clean record for Bengaluru: current transaction is aborted, commands ignored until end of transaction block

[2026-04-11T11:45:11.485+0000] {logging_mixin.py:188} WARNING - 2026-04-11 11:45:11 - scripts.load_clean - ERROR - Error inserting clean record for Chennai: current transaction is aborted, commands ignored until end of transaction block
[2026-04-11T11:45:11.484+0000] {load_clean.py:197} ERROR - Error inserting clean record for Chennai: current transaction is aborted, commands ignored until end of transaction block

[2026-04-11T11:45:11.488+0000] {logging_mixin.py:188} WARNING - 2026-04-11 11:45:11 - scripts.load_clean - ERROR - Error inserting clean record for Ahmedabad: current transaction is aborted, commands ignored until end of transaction block
[2026-04-11T11:45:11.487+0000] {load_clean.py:197} ERROR - Error inserting clean record for Ahmedabad: current transaction is aborted, commands ignored until end of transaction block

[2026-04-11T11:45:11.492+0000] {logging_mixin.py:188} WARNING - 2026-04-11 11:45:11 - scripts.load_clean - ERROR - Error inserting clean record for Mumbai: current transaction is aborted, commands ignored until end of transaction block
[2026-04-11T11:45:11.490+0000] {load_clean.py:197} ERROR - Error inserting clean record for Mumbai: current transaction is aborted, commands ignored until end of transaction block

[2026-04-11T11:45:11.495+0000] {logging_mixin.py:188} WARNING - 2026-04-11 11:45:11 - scripts.load_clean - ERROR - Error inserting clean record for Delhi: current transaction is aborted, commands ignored until end of transaction block
[2026-04-11T11:45:11.494+0000] {load_clean.py:197} ERROR - Error inserting clean record for Delhi: current transaction is aborted, commands ignored until end of transaction block

[2026-04-11T11:45:11.499+0000] {logging_mixin.py:188} WARNING - 2026-04-11 11:45:11 - scripts.load_clean - ERROR - Error inserting clean record for Bengaluru: current transaction is aborted, commands ignored until end of transaction block
[2026-04-11T11:45:11.498+0000] {load_clean.py:197} ERROR - Error inserting clean record for Bengaluru: current transaction is aborted, commands ignored until end of transaction block

[2026-04-11T11:45:11.502+0000] {logging_mixin.py:188} WARNING - 2026-04-11 11:45:11 - scripts.load_clean - ERROR - Error inserting clean record for Chennai: current transaction is aborted, commands ignored until end of transaction block
[2026-04-11T11:45:11.501+0000] {load_clean.py:197} ERROR - Error inserting clean record for Chennai: current transaction is aborted, commands ignored until end of transaction block

[2026-04-11T11:45:11.504+0000] {logging_mixin.py:188} WARNING - 2026-04-11 11:45:11 - scripts.load_clean - INFO - Clean data load complete: 40 transformed, 40 validated, 0 loaded, 40 failed
[2026-04-11T11:45:11.504+0000] {load_clean.py:269} INFO - Clean data load complete: 40 transformed, 40 validated, 0 loaded, 40 failed
[2026-04-11T11:45:11.507+0000] {logging_mixin.py:188} WARNING - 2026-04-11 11:45:11 - scripts.load_clean - INFO - Database connection closed
[2026-04-11T11:45:11.506+0000] {load_clean.py:56} INFO - Database connection closed
[2026-04-11T11:45:11.508+0000] {weather_etl_dag_v2.py:141} INFO - ✓ Transform and load complete: 0 loaded, 40 failed
[2026-04-11T11:45:11.530+0000] {python.py:237} INFO - Done. Returned value was: 0
[2026-04-11T11:45:11.531+0000] {taskinstance.py:441} INFO - ::group::Post task execution logs
[2026-04-11T11:45:11.572+0000] {taskinstance.py:1206} INFO - Marking task as SUCCESS. dag_id=weather_etl_pipeline_v2, task_id=transform_clean, run_id=manual__2026-04-11T11:45:03.699328+00:00, execution_date=20260411T114503, start_date=20260411T114510, end_date=20260411T114511
[2026-04-11T11:45:11.633+0000] {local_task_job_runner.py:243} INFO - Task exited with return code 0
[2026-04-11T11:45:11.692+0000] {taskinstance.py:3503} INFO - 1 downstream tasks scheduled from follow-on schedule check
[2026-04-11T11:45:11.697+0000] {local_task_job_runner.py:222} INFO - ::endgroup::
